[2024-04-12T01:41:20.263+0000] {processor.py:161} INFO - Started process (PID=79) to work on /home/airflow/.local/lib/python3.12/site-packages/airflow/example_dags/example_nested_branch_dag.py
[2024-04-12T01:41:20.266+0000] {processor.py:830} INFO - Processing file /home/airflow/.local/lib/python3.12/site-packages/airflow/example_dags/example_nested_branch_dag.py for tasks to queue
[2024-04-12T01:41:20.271+0000] {logging_mixin.py:188} INFO - [2024-04-12T01:41:20.270+0000] {dagbag.py:540} INFO - Filling up the DagBag from /home/airflow/.local/lib/python3.12/site-packages/airflow/example_dags/example_nested_branch_dag.py
[2024-04-12T01:41:20.284+0000] {processor.py:840} INFO - DAG(s) 'example_nested_branch_dag' retrieved from /home/airflow/.local/lib/python3.12/site-packages/airflow/example_dags/example_nested_branch_dag.py
[2024-04-12T01:41:20.578+0000] {logging_mixin.py:188} INFO - [2024-04-12T01:41:20.578+0000] {dag.py:3096} INFO - Sync 1 DAGs
[2024-04-12T01:41:20.693+0000] {logging_mixin.py:188} INFO - [2024-04-12T01:41:20.693+0000] {dag.py:3954} INFO - Setting next_dagrun for example_nested_branch_dag to 2024-04-11 00:00:00+00:00, run_after=2024-04-12 00:00:00+00:00
[2024-04-12T01:41:20.728+0000] {processor.py:183} INFO - Processing /home/airflow/.local/lib/python3.12/site-packages/airflow/example_dags/example_nested_branch_dag.py took 0.484 seconds
[2024-04-12T01:41:51.313+0000] {processor.py:161} INFO - Started process (PID=143) to work on /home/airflow/.local/lib/python3.12/site-packages/airflow/example_dags/example_nested_branch_dag.py
[2024-04-12T01:41:51.325+0000] {processor.py:830} INFO - Processing file /home/airflow/.local/lib/python3.12/site-packages/airflow/example_dags/example_nested_branch_dag.py for tasks to queue
[2024-04-12T01:41:51.336+0000] {logging_mixin.py:188} INFO - [2024-04-12T01:41:51.334+0000] {dagbag.py:540} INFO - Filling up the DagBag from /home/airflow/.local/lib/python3.12/site-packages/airflow/example_dags/example_nested_branch_dag.py
[2024-04-12T01:41:51.390+0000] {processor.py:840} INFO - DAG(s) 'example_nested_branch_dag' retrieved from /home/airflow/.local/lib/python3.12/site-packages/airflow/example_dags/example_nested_branch_dag.py
[2024-04-12T01:41:51.475+0000] {logging_mixin.py:188} INFO - [2024-04-12T01:41:51.475+0000] {dag.py:3096} INFO - Sync 1 DAGs
[2024-04-12T01:41:51.542+0000] {logging_mixin.py:188} INFO - [2024-04-12T01:41:51.542+0000] {dag.py:3954} INFO - Setting next_dagrun for example_nested_branch_dag to 2024-04-11 00:00:00+00:00, run_after=2024-04-12 00:00:00+00:00
[2024-04-12T01:41:51.590+0000] {processor.py:183} INFO - Processing /home/airflow/.local/lib/python3.12/site-packages/airflow/example_dags/example_nested_branch_dag.py took 0.297 seconds
[2024-04-12T01:42:21.923+0000] {processor.py:161} INFO - Started process (PID=194) to work on /home/airflow/.local/lib/python3.12/site-packages/airflow/example_dags/example_nested_branch_dag.py
[2024-04-12T01:42:21.928+0000] {processor.py:830} INFO - Processing file /home/airflow/.local/lib/python3.12/site-packages/airflow/example_dags/example_nested_branch_dag.py for tasks to queue
[2024-04-12T01:42:21.936+0000] {logging_mixin.py:188} INFO - [2024-04-12T01:42:21.935+0000] {dagbag.py:540} INFO - Filling up the DagBag from /home/airflow/.local/lib/python3.12/site-packages/airflow/example_dags/example_nested_branch_dag.py
[2024-04-12T01:42:21.958+0000] {processor.py:840} INFO - DAG(s) 'example_nested_branch_dag' retrieved from /home/airflow/.local/lib/python3.12/site-packages/airflow/example_dags/example_nested_branch_dag.py
[2024-04-12T01:42:21.991+0000] {logging_mixin.py:188} INFO - [2024-04-12T01:42:21.991+0000] {dag.py:3096} INFO - Sync 1 DAGs
[2024-04-12T01:42:22.139+0000] {logging_mixin.py:188} INFO - [2024-04-12T01:42:22.139+0000] {dag.py:3954} INFO - Setting next_dagrun for example_nested_branch_dag to 2024-04-11 00:00:00+00:00, run_after=2024-04-12 00:00:00+00:00
[2024-04-12T01:42:22.317+0000] {processor.py:183} INFO - Processing /home/airflow/.local/lib/python3.12/site-packages/airflow/example_dags/example_nested_branch_dag.py took 0.424 seconds
[2024-04-12T01:42:53.134+0000] {processor.py:161} INFO - Started process (PID=258) to work on /home/airflow/.local/lib/python3.12/site-packages/airflow/example_dags/example_nested_branch_dag.py
[2024-04-12T01:42:53.138+0000] {processor.py:830} INFO - Processing file /home/airflow/.local/lib/python3.12/site-packages/airflow/example_dags/example_nested_branch_dag.py for tasks to queue
[2024-04-12T01:42:53.145+0000] {logging_mixin.py:188} INFO - [2024-04-12T01:42:53.144+0000] {dagbag.py:540} INFO - Filling up the DagBag from /home/airflow/.local/lib/python3.12/site-packages/airflow/example_dags/example_nested_branch_dag.py
[2024-04-12T01:42:53.280+0000] {processor.py:840} INFO - DAG(s) 'example_nested_branch_dag' retrieved from /home/airflow/.local/lib/python3.12/site-packages/airflow/example_dags/example_nested_branch_dag.py
[2024-04-12T01:42:53.335+0000] {logging_mixin.py:188} INFO - [2024-04-12T01:42:53.335+0000] {dag.py:3096} INFO - Sync 1 DAGs
[2024-04-12T01:42:53.351+0000] {logging_mixin.py:188} INFO - [2024-04-12T01:42:53.351+0000] {dag.py:3954} INFO - Setting next_dagrun for example_nested_branch_dag to 2024-04-11 00:00:00+00:00, run_after=2024-04-12 00:00:00+00:00
[2024-04-12T01:42:53.363+0000] {processor.py:183} INFO - Processing /home/airflow/.local/lib/python3.12/site-packages/airflow/example_dags/example_nested_branch_dag.py took 0.251 seconds
[2024-04-12T01:43:23.674+0000] {processor.py:161} INFO - Started process (PID=316) to work on /home/airflow/.local/lib/python3.12/site-packages/airflow/example_dags/example_nested_branch_dag.py
[2024-04-12T01:43:23.677+0000] {processor.py:830} INFO - Processing file /home/airflow/.local/lib/python3.12/site-packages/airflow/example_dags/example_nested_branch_dag.py for tasks to queue
[2024-04-12T01:43:23.681+0000] {logging_mixin.py:188} INFO - [2024-04-12T01:43:23.680+0000] {dagbag.py:540} INFO - Filling up the DagBag from /home/airflow/.local/lib/python3.12/site-packages/airflow/example_dags/example_nested_branch_dag.py
[2024-04-12T01:43:23.705+0000] {processor.py:840} INFO - DAG(s) 'example_nested_branch_dag' retrieved from /home/airflow/.local/lib/python3.12/site-packages/airflow/example_dags/example_nested_branch_dag.py
[2024-04-12T01:43:23.726+0000] {logging_mixin.py:188} INFO - [2024-04-12T01:43:23.726+0000] {dag.py:3096} INFO - Sync 1 DAGs
[2024-04-12T01:43:23.744+0000] {logging_mixin.py:188} INFO - [2024-04-12T01:43:23.744+0000] {dag.py:3954} INFO - Setting next_dagrun for example_nested_branch_dag to 2024-04-11 00:00:00+00:00, run_after=2024-04-12 00:00:00+00:00
[2024-04-12T01:43:23.757+0000] {processor.py:183} INFO - Processing /home/airflow/.local/lib/python3.12/site-packages/airflow/example_dags/example_nested_branch_dag.py took 0.094 seconds
[2024-04-12T01:43:54.699+0000] {processor.py:161} INFO - Started process (PID=374) to work on /home/airflow/.local/lib/python3.12/site-packages/airflow/example_dags/example_nested_branch_dag.py
[2024-04-12T01:43:54.700+0000] {processor.py:830} INFO - Processing file /home/airflow/.local/lib/python3.12/site-packages/airflow/example_dags/example_nested_branch_dag.py for tasks to queue
[2024-04-12T01:43:54.701+0000] {logging_mixin.py:188} INFO - [2024-04-12T01:43:54.701+0000] {dagbag.py:540} INFO - Filling up the DagBag from /home/airflow/.local/lib/python3.12/site-packages/airflow/example_dags/example_nested_branch_dag.py
[2024-04-12T01:43:54.707+0000] {processor.py:840} INFO - DAG(s) 'example_nested_branch_dag' retrieved from /home/airflow/.local/lib/python3.12/site-packages/airflow/example_dags/example_nested_branch_dag.py
[2024-04-12T01:43:54.719+0000] {logging_mixin.py:188} INFO - [2024-04-12T01:43:54.719+0000] {dag.py:3096} INFO - Sync 1 DAGs
[2024-04-12T01:43:54.732+0000] {logging_mixin.py:188} INFO - [2024-04-12T01:43:54.732+0000] {dag.py:3954} INFO - Setting next_dagrun for example_nested_branch_dag to 2024-04-11 00:00:00+00:00, run_after=2024-04-12 00:00:00+00:00
[2024-04-12T01:43:54.742+0000] {processor.py:183} INFO - Processing /home/airflow/.local/lib/python3.12/site-packages/airflow/example_dags/example_nested_branch_dag.py took 0.046 seconds
[2024-04-12T01:44:25.533+0000] {processor.py:161} INFO - Started process (PID=432) to work on /home/airflow/.local/lib/python3.12/site-packages/airflow/example_dags/example_nested_branch_dag.py
[2024-04-12T01:44:25.534+0000] {processor.py:830} INFO - Processing file /home/airflow/.local/lib/python3.12/site-packages/airflow/example_dags/example_nested_branch_dag.py for tasks to queue
[2024-04-12T01:44:25.535+0000] {logging_mixin.py:188} INFO - [2024-04-12T01:44:25.535+0000] {dagbag.py:540} INFO - Filling up the DagBag from /home/airflow/.local/lib/python3.12/site-packages/airflow/example_dags/example_nested_branch_dag.py
[2024-04-12T01:44:25.541+0000] {processor.py:840} INFO - DAG(s) 'example_nested_branch_dag' retrieved from /home/airflow/.local/lib/python3.12/site-packages/airflow/example_dags/example_nested_branch_dag.py
[2024-04-12T01:44:25.553+0000] {logging_mixin.py:188} INFO - [2024-04-12T01:44:25.553+0000] {dag.py:3096} INFO - Sync 1 DAGs
[2024-04-12T01:44:25.567+0000] {logging_mixin.py:188} INFO - [2024-04-12T01:44:25.567+0000] {dag.py:3954} INFO - Setting next_dagrun for example_nested_branch_dag to 2024-04-11 00:00:00+00:00, run_after=2024-04-12 00:00:00+00:00
[2024-04-12T01:44:25.577+0000] {processor.py:183} INFO - Processing /home/airflow/.local/lib/python3.12/site-packages/airflow/example_dags/example_nested_branch_dag.py took 0.048 seconds
[2024-04-12T01:44:56.287+0000] {processor.py:161} INFO - Started process (PID=490) to work on /home/airflow/.local/lib/python3.12/site-packages/airflow/example_dags/example_nested_branch_dag.py
[2024-04-12T01:44:56.291+0000] {processor.py:830} INFO - Processing file /home/airflow/.local/lib/python3.12/site-packages/airflow/example_dags/example_nested_branch_dag.py for tasks to queue
[2024-04-12T01:44:56.305+0000] {logging_mixin.py:188} INFO - [2024-04-12T01:44:56.302+0000] {dagbag.py:540} INFO - Filling up the DagBag from /home/airflow/.local/lib/python3.12/site-packages/airflow/example_dags/example_nested_branch_dag.py
[2024-04-12T01:44:56.334+0000] {processor.py:840} INFO - DAG(s) 'example_nested_branch_dag' retrieved from /home/airflow/.local/lib/python3.12/site-packages/airflow/example_dags/example_nested_branch_dag.py
[2024-04-12T01:44:56.374+0000] {logging_mixin.py:188} INFO - [2024-04-12T01:44:56.374+0000] {dag.py:3096} INFO - Sync 1 DAGs
[2024-04-12T01:44:56.430+0000] {logging_mixin.py:188} INFO - [2024-04-12T01:44:56.429+0000] {dag.py:3954} INFO - Setting next_dagrun for example_nested_branch_dag to 2024-04-11 00:00:00+00:00, run_after=2024-04-12 00:00:00+00:00
[2024-04-12T01:44:56.462+0000] {processor.py:183} INFO - Processing /home/airflow/.local/lib/python3.12/site-packages/airflow/example_dags/example_nested_branch_dag.py took 0.185 seconds
[2024-04-12T01:45:27.383+0000] {processor.py:161} INFO - Started process (PID=548) to work on /home/airflow/.local/lib/python3.12/site-packages/airflow/example_dags/example_nested_branch_dag.py
[2024-04-12T01:45:27.384+0000] {processor.py:830} INFO - Processing file /home/airflow/.local/lib/python3.12/site-packages/airflow/example_dags/example_nested_branch_dag.py for tasks to queue
[2024-04-12T01:45:27.385+0000] {logging_mixin.py:188} INFO - [2024-04-12T01:45:27.385+0000] {dagbag.py:540} INFO - Filling up the DagBag from /home/airflow/.local/lib/python3.12/site-packages/airflow/example_dags/example_nested_branch_dag.py
[2024-04-12T01:45:27.392+0000] {processor.py:840} INFO - DAG(s) 'example_nested_branch_dag' retrieved from /home/airflow/.local/lib/python3.12/site-packages/airflow/example_dags/example_nested_branch_dag.py
[2024-04-12T01:45:27.409+0000] {logging_mixin.py:188} INFO - [2024-04-12T01:45:27.409+0000] {dag.py:3096} INFO - Sync 1 DAGs
[2024-04-12T01:45:27.429+0000] {logging_mixin.py:188} INFO - [2024-04-12T01:45:27.429+0000] {dag.py:3954} INFO - Setting next_dagrun for example_nested_branch_dag to 2024-04-11 00:00:00+00:00, run_after=2024-04-12 00:00:00+00:00
[2024-04-12T01:45:27.442+0000] {processor.py:183} INFO - Processing /home/airflow/.local/lib/python3.12/site-packages/airflow/example_dags/example_nested_branch_dag.py took 0.063 seconds
[2024-04-12T01:45:57.969+0000] {processor.py:161} INFO - Started process (PID=606) to work on /home/airflow/.local/lib/python3.12/site-packages/airflow/example_dags/example_nested_branch_dag.py
[2024-04-12T01:45:57.973+0000] {processor.py:830} INFO - Processing file /home/airflow/.local/lib/python3.12/site-packages/airflow/example_dags/example_nested_branch_dag.py for tasks to queue
[2024-04-12T01:45:57.980+0000] {logging_mixin.py:188} INFO - [2024-04-12T01:45:57.977+0000] {dagbag.py:540} INFO - Filling up the DagBag from /home/airflow/.local/lib/python3.12/site-packages/airflow/example_dags/example_nested_branch_dag.py
[2024-04-12T01:45:58.004+0000] {processor.py:840} INFO - DAG(s) 'example_nested_branch_dag' retrieved from /home/airflow/.local/lib/python3.12/site-packages/airflow/example_dags/example_nested_branch_dag.py
[2024-04-12T01:45:58.024+0000] {logging_mixin.py:188} INFO - [2024-04-12T01:45:58.023+0000] {dag.py:3096} INFO - Sync 1 DAGs
[2024-04-12T01:45:58.039+0000] {logging_mixin.py:188} INFO - [2024-04-12T01:45:58.039+0000] {dag.py:3954} INFO - Setting next_dagrun for example_nested_branch_dag to 2024-04-11 00:00:00+00:00, run_after=2024-04-12 00:00:00+00:00
[2024-04-12T01:45:58.060+0000] {processor.py:183} INFO - Processing /home/airflow/.local/lib/python3.12/site-packages/airflow/example_dags/example_nested_branch_dag.py took 0.103 seconds
[2024-04-12T01:46:28.113+0000] {processor.py:161} INFO - Started process (PID=664) to work on /home/airflow/.local/lib/python3.12/site-packages/airflow/example_dags/example_nested_branch_dag.py
[2024-04-12T01:46:28.114+0000] {processor.py:830} INFO - Processing file /home/airflow/.local/lib/python3.12/site-packages/airflow/example_dags/example_nested_branch_dag.py for tasks to queue
[2024-04-12T01:46:28.116+0000] {logging_mixin.py:188} INFO - [2024-04-12T01:46:28.116+0000] {dagbag.py:540} INFO - Filling up the DagBag from /home/airflow/.local/lib/python3.12/site-packages/airflow/example_dags/example_nested_branch_dag.py
[2024-04-12T01:46:28.123+0000] {processor.py:840} INFO - DAG(s) 'example_nested_branch_dag' retrieved from /home/airflow/.local/lib/python3.12/site-packages/airflow/example_dags/example_nested_branch_dag.py
[2024-04-12T01:46:28.137+0000] {logging_mixin.py:188} INFO - [2024-04-12T01:46:28.137+0000] {dag.py:3096} INFO - Sync 1 DAGs
[2024-04-12T01:46:28.148+0000] {logging_mixin.py:188} INFO - [2024-04-12T01:46:28.148+0000] {dag.py:3954} INFO - Setting next_dagrun for example_nested_branch_dag to 2024-04-11 00:00:00+00:00, run_after=2024-04-12 00:00:00+00:00
[2024-04-12T01:46:28.157+0000] {processor.py:183} INFO - Processing /home/airflow/.local/lib/python3.12/site-packages/airflow/example_dags/example_nested_branch_dag.py took 0.048 seconds
[2024-04-12T01:46:58.819+0000] {processor.py:161} INFO - Started process (PID=722) to work on /home/airflow/.local/lib/python3.12/site-packages/airflow/example_dags/example_nested_branch_dag.py
[2024-04-12T01:46:58.820+0000] {processor.py:830} INFO - Processing file /home/airflow/.local/lib/python3.12/site-packages/airflow/example_dags/example_nested_branch_dag.py for tasks to queue
[2024-04-12T01:46:58.821+0000] {logging_mixin.py:188} INFO - [2024-04-12T01:46:58.821+0000] {dagbag.py:540} INFO - Filling up the DagBag from /home/airflow/.local/lib/python3.12/site-packages/airflow/example_dags/example_nested_branch_dag.py
[2024-04-12T01:46:58.826+0000] {processor.py:840} INFO - DAG(s) 'example_nested_branch_dag' retrieved from /home/airflow/.local/lib/python3.12/site-packages/airflow/example_dags/example_nested_branch_dag.py
[2024-04-12T01:46:58.838+0000] {logging_mixin.py:188} INFO - [2024-04-12T01:46:58.837+0000] {dag.py:3096} INFO - Sync 1 DAGs
[2024-04-12T01:46:58.848+0000] {logging_mixin.py:188} INFO - [2024-04-12T01:46:58.848+0000] {dag.py:3954} INFO - Setting next_dagrun for example_nested_branch_dag to 2024-04-11 00:00:00+00:00, run_after=2024-04-12 00:00:00+00:00
[2024-04-12T01:46:58.856+0000] {processor.py:183} INFO - Processing /home/airflow/.local/lib/python3.12/site-packages/airflow/example_dags/example_nested_branch_dag.py took 0.040 seconds
[2024-04-12T01:47:29.405+0000] {processor.py:161} INFO - Started process (PID=779) to work on /home/airflow/.local/lib/python3.12/site-packages/airflow/example_dags/example_nested_branch_dag.py
[2024-04-12T01:47:29.407+0000] {processor.py:830} INFO - Processing file /home/airflow/.local/lib/python3.12/site-packages/airflow/example_dags/example_nested_branch_dag.py for tasks to queue
[2024-04-12T01:47:29.410+0000] {logging_mixin.py:188} INFO - [2024-04-12T01:47:29.410+0000] {dagbag.py:540} INFO - Filling up the DagBag from /home/airflow/.local/lib/python3.12/site-packages/airflow/example_dags/example_nested_branch_dag.py
[2024-04-12T01:47:29.421+0000] {processor.py:840} INFO - DAG(s) 'example_nested_branch_dag' retrieved from /home/airflow/.local/lib/python3.12/site-packages/airflow/example_dags/example_nested_branch_dag.py
[2024-04-12T01:47:29.441+0000] {logging_mixin.py:188} INFO - [2024-04-12T01:47:29.440+0000] {dag.py:3096} INFO - Sync 1 DAGs
[2024-04-12T01:47:29.458+0000] {logging_mixin.py:188} INFO - [2024-04-12T01:47:29.458+0000] {dag.py:3954} INFO - Setting next_dagrun for example_nested_branch_dag to 2024-04-11 00:00:00+00:00, run_after=2024-04-12 00:00:00+00:00
[2024-04-12T01:47:29.472+0000] {processor.py:183} INFO - Processing /home/airflow/.local/lib/python3.12/site-packages/airflow/example_dags/example_nested_branch_dag.py took 0.072 seconds
[2024-04-12T01:48:00.460+0000] {processor.py:161} INFO - Started process (PID=837) to work on /home/airflow/.local/lib/python3.12/site-packages/airflow/example_dags/example_nested_branch_dag.py
[2024-04-12T01:48:00.460+0000] {processor.py:830} INFO - Processing file /home/airflow/.local/lib/python3.12/site-packages/airflow/example_dags/example_nested_branch_dag.py for tasks to queue
[2024-04-12T01:48:00.461+0000] {logging_mixin.py:188} INFO - [2024-04-12T01:48:00.461+0000] {dagbag.py:540} INFO - Filling up the DagBag from /home/airflow/.local/lib/python3.12/site-packages/airflow/example_dags/example_nested_branch_dag.py
[2024-04-12T01:48:00.467+0000] {processor.py:840} INFO - DAG(s) 'example_nested_branch_dag' retrieved from /home/airflow/.local/lib/python3.12/site-packages/airflow/example_dags/example_nested_branch_dag.py
[2024-04-12T01:48:00.479+0000] {logging_mixin.py:188} INFO - [2024-04-12T01:48:00.479+0000] {dag.py:3096} INFO - Sync 1 DAGs
[2024-04-12T01:48:00.491+0000] {logging_mixin.py:188} INFO - [2024-04-12T01:48:00.491+0000] {dag.py:3954} INFO - Setting next_dagrun for example_nested_branch_dag to 2024-04-11 00:00:00+00:00, run_after=2024-04-12 00:00:00+00:00
[2024-04-12T01:48:00.502+0000] {processor.py:183} INFO - Processing /home/airflow/.local/lib/python3.12/site-packages/airflow/example_dags/example_nested_branch_dag.py took 0.046 seconds
[2024-04-12T01:48:30.709+0000] {processor.py:161} INFO - Started process (PID=895) to work on /home/airflow/.local/lib/python3.12/site-packages/airflow/example_dags/example_nested_branch_dag.py
[2024-04-12T01:48:30.711+0000] {processor.py:830} INFO - Processing file /home/airflow/.local/lib/python3.12/site-packages/airflow/example_dags/example_nested_branch_dag.py for tasks to queue
[2024-04-12T01:48:30.718+0000] {logging_mixin.py:188} INFO - [2024-04-12T01:48:30.718+0000] {dagbag.py:540} INFO - Filling up the DagBag from /home/airflow/.local/lib/python3.12/site-packages/airflow/example_dags/example_nested_branch_dag.py
[2024-04-12T01:48:30.735+0000] {processor.py:840} INFO - DAG(s) 'example_nested_branch_dag' retrieved from /home/airflow/.local/lib/python3.12/site-packages/airflow/example_dags/example_nested_branch_dag.py
[2024-04-12T01:48:30.750+0000] {logging_mixin.py:188} INFO - [2024-04-12T01:48:30.750+0000] {dag.py:3096} INFO - Sync 1 DAGs
[2024-04-12T01:48:30.763+0000] {logging_mixin.py:188} INFO - [2024-04-12T01:48:30.763+0000] {dag.py:3954} INFO - Setting next_dagrun for example_nested_branch_dag to 2024-04-11 00:00:00+00:00, run_after=2024-04-12 00:00:00+00:00
[2024-04-12T01:48:30.772+0000] {processor.py:183} INFO - Processing /home/airflow/.local/lib/python3.12/site-packages/airflow/example_dags/example_nested_branch_dag.py took 0.068 seconds
[2024-04-12T01:49:01.554+0000] {processor.py:161} INFO - Started process (PID=953) to work on /home/airflow/.local/lib/python3.12/site-packages/airflow/example_dags/example_nested_branch_dag.py
[2024-04-12T01:49:01.554+0000] {processor.py:830} INFO - Processing file /home/airflow/.local/lib/python3.12/site-packages/airflow/example_dags/example_nested_branch_dag.py for tasks to queue
[2024-04-12T01:49:01.556+0000] {logging_mixin.py:188} INFO - [2024-04-12T01:49:01.556+0000] {dagbag.py:540} INFO - Filling up the DagBag from /home/airflow/.local/lib/python3.12/site-packages/airflow/example_dags/example_nested_branch_dag.py
[2024-04-12T01:49:01.562+0000] {processor.py:840} INFO - DAG(s) 'example_nested_branch_dag' retrieved from /home/airflow/.local/lib/python3.12/site-packages/airflow/example_dags/example_nested_branch_dag.py
[2024-04-12T01:49:01.576+0000] {logging_mixin.py:188} INFO - [2024-04-12T01:49:01.576+0000] {dag.py:3096} INFO - Sync 1 DAGs
[2024-04-12T01:49:01.588+0000] {logging_mixin.py:188} INFO - [2024-04-12T01:49:01.588+0000] {dag.py:3954} INFO - Setting next_dagrun for example_nested_branch_dag to 2024-04-11 00:00:00+00:00, run_after=2024-04-12 00:00:00+00:00
[2024-04-12T01:49:01.596+0000] {processor.py:183} INFO - Processing /home/airflow/.local/lib/python3.12/site-packages/airflow/example_dags/example_nested_branch_dag.py took 0.046 seconds
[2024-04-12T01:49:32.124+0000] {processor.py:161} INFO - Started process (PID=1011) to work on /home/airflow/.local/lib/python3.12/site-packages/airflow/example_dags/example_nested_branch_dag.py
[2024-04-12T01:49:32.124+0000] {processor.py:830} INFO - Processing file /home/airflow/.local/lib/python3.12/site-packages/airflow/example_dags/example_nested_branch_dag.py for tasks to queue
[2024-04-12T01:49:32.125+0000] {logging_mixin.py:188} INFO - [2024-04-12T01:49:32.125+0000] {dagbag.py:540} INFO - Filling up the DagBag from /home/airflow/.local/lib/python3.12/site-packages/airflow/example_dags/example_nested_branch_dag.py
[2024-04-12T01:49:32.132+0000] {processor.py:840} INFO - DAG(s) 'example_nested_branch_dag' retrieved from /home/airflow/.local/lib/python3.12/site-packages/airflow/example_dags/example_nested_branch_dag.py
[2024-04-12T01:49:32.145+0000] {logging_mixin.py:188} INFO - [2024-04-12T01:49:32.144+0000] {dag.py:3096} INFO - Sync 1 DAGs
[2024-04-12T01:49:32.307+0000] {logging_mixin.py:188} INFO - [2024-04-12T01:49:32.307+0000] {dag.py:3954} INFO - Setting next_dagrun for example_nested_branch_dag to 2024-04-11 00:00:00+00:00, run_after=2024-04-12 00:00:00+00:00
[2024-04-12T01:49:32.316+0000] {processor.py:183} INFO - Processing /home/airflow/.local/lib/python3.12/site-packages/airflow/example_dags/example_nested_branch_dag.py took 0.195 seconds
[2024-04-12T01:50:03.318+0000] {processor.py:161} INFO - Started process (PID=1069) to work on /home/airflow/.local/lib/python3.12/site-packages/airflow/example_dags/example_nested_branch_dag.py
[2024-04-12T01:50:03.320+0000] {processor.py:830} INFO - Processing file /home/airflow/.local/lib/python3.12/site-packages/airflow/example_dags/example_nested_branch_dag.py for tasks to queue
[2024-04-12T01:50:03.321+0000] {logging_mixin.py:188} INFO - [2024-04-12T01:50:03.321+0000] {dagbag.py:540} INFO - Filling up the DagBag from /home/airflow/.local/lib/python3.12/site-packages/airflow/example_dags/example_nested_branch_dag.py
[2024-04-12T01:50:03.327+0000] {processor.py:840} INFO - DAG(s) 'example_nested_branch_dag' retrieved from /home/airflow/.local/lib/python3.12/site-packages/airflow/example_dags/example_nested_branch_dag.py
[2024-04-12T01:50:03.350+0000] {logging_mixin.py:188} INFO - [2024-04-12T01:50:03.350+0000] {dag.py:3096} INFO - Sync 1 DAGs
[2024-04-12T01:50:03.386+0000] {logging_mixin.py:188} INFO - [2024-04-12T01:50:03.385+0000] {dag.py:3954} INFO - Setting next_dagrun for example_nested_branch_dag to 2024-04-11 00:00:00+00:00, run_after=2024-04-12 00:00:00+00:00
[2024-04-12T01:50:03.404+0000] {processor.py:183} INFO - Processing /home/airflow/.local/lib/python3.12/site-packages/airflow/example_dags/example_nested_branch_dag.py took 0.089 seconds
[2024-04-12T01:50:33.436+0000] {processor.py:161} INFO - Started process (PID=1126) to work on /home/airflow/.local/lib/python3.12/site-packages/airflow/example_dags/example_nested_branch_dag.py
[2024-04-12T01:50:33.437+0000] {processor.py:830} INFO - Processing file /home/airflow/.local/lib/python3.12/site-packages/airflow/example_dags/example_nested_branch_dag.py for tasks to queue
[2024-04-12T01:50:33.438+0000] {logging_mixin.py:188} INFO - [2024-04-12T01:50:33.438+0000] {dagbag.py:540} INFO - Filling up the DagBag from /home/airflow/.local/lib/python3.12/site-packages/airflow/example_dags/example_nested_branch_dag.py
[2024-04-12T01:50:33.444+0000] {processor.py:840} INFO - DAG(s) 'example_nested_branch_dag' retrieved from /home/airflow/.local/lib/python3.12/site-packages/airflow/example_dags/example_nested_branch_dag.py
[2024-04-12T01:50:33.456+0000] {logging_mixin.py:188} INFO - [2024-04-12T01:50:33.456+0000] {dag.py:3096} INFO - Sync 1 DAGs
[2024-04-12T01:50:33.470+0000] {logging_mixin.py:188} INFO - [2024-04-12T01:50:33.470+0000] {dag.py:3954} INFO - Setting next_dagrun for example_nested_branch_dag to 2024-04-11 00:00:00+00:00, run_after=2024-04-12 00:00:00+00:00
[2024-04-12T01:50:33.478+0000] {processor.py:183} INFO - Processing /home/airflow/.local/lib/python3.12/site-packages/airflow/example_dags/example_nested_branch_dag.py took 0.048 seconds
[2024-04-12T01:51:04.416+0000] {processor.py:161} INFO - Started process (PID=1184) to work on /home/airflow/.local/lib/python3.12/site-packages/airflow/example_dags/example_nested_branch_dag.py
[2024-04-12T01:51:04.417+0000] {processor.py:830} INFO - Processing file /home/airflow/.local/lib/python3.12/site-packages/airflow/example_dags/example_nested_branch_dag.py for tasks to queue
[2024-04-12T01:51:04.420+0000] {logging_mixin.py:188} INFO - [2024-04-12T01:51:04.419+0000] {dagbag.py:540} INFO - Filling up the DagBag from /home/airflow/.local/lib/python3.12/site-packages/airflow/example_dags/example_nested_branch_dag.py
[2024-04-12T01:51:04.434+0000] {processor.py:840} INFO - DAG(s) 'example_nested_branch_dag' retrieved from /home/airflow/.local/lib/python3.12/site-packages/airflow/example_dags/example_nested_branch_dag.py
[2024-04-12T01:51:04.556+0000] {logging_mixin.py:188} INFO - [2024-04-12T01:51:04.555+0000] {dag.py:3096} INFO - Sync 1 DAGs
[2024-04-12T01:51:04.565+0000] {logging_mixin.py:188} INFO - [2024-04-12T01:51:04.564+0000] {dag.py:3954} INFO - Setting next_dagrun for example_nested_branch_dag to 2024-04-11 00:00:00+00:00, run_after=2024-04-12 00:00:00+00:00
[2024-04-12T01:51:04.571+0000] {processor.py:183} INFO - Processing /home/airflow/.local/lib/python3.12/site-packages/airflow/example_dags/example_nested_branch_dag.py took 0.165 seconds
[2024-04-12T01:51:34.756+0000] {processor.py:161} INFO - Started process (PID=1242) to work on /home/airflow/.local/lib/python3.12/site-packages/airflow/example_dags/example_nested_branch_dag.py
[2024-04-12T01:51:34.761+0000] {processor.py:830} INFO - Processing file /home/airflow/.local/lib/python3.12/site-packages/airflow/example_dags/example_nested_branch_dag.py for tasks to queue
[2024-04-12T01:51:34.765+0000] {logging_mixin.py:188} INFO - [2024-04-12T01:51:34.764+0000] {dagbag.py:540} INFO - Filling up the DagBag from /home/airflow/.local/lib/python3.12/site-packages/airflow/example_dags/example_nested_branch_dag.py
[2024-04-12T01:51:34.776+0000] {processor.py:840} INFO - DAG(s) 'example_nested_branch_dag' retrieved from /home/airflow/.local/lib/python3.12/site-packages/airflow/example_dags/example_nested_branch_dag.py
[2024-04-12T01:51:34.797+0000] {logging_mixin.py:188} INFO - [2024-04-12T01:51:34.797+0000] {dag.py:3096} INFO - Sync 1 DAGs
[2024-04-12T01:51:34.825+0000] {logging_mixin.py:188} INFO - [2024-04-12T01:51:34.825+0000] {dag.py:3954} INFO - Setting next_dagrun for example_nested_branch_dag to 2024-04-11 00:00:00+00:00, run_after=2024-04-12 00:00:00+00:00
[2024-04-12T01:51:34.838+0000] {processor.py:183} INFO - Processing /home/airflow/.local/lib/python3.12/site-packages/airflow/example_dags/example_nested_branch_dag.py took 0.103 seconds
[2024-04-12T01:52:04.958+0000] {processor.py:161} INFO - Started process (PID=1300) to work on /home/airflow/.local/lib/python3.12/site-packages/airflow/example_dags/example_nested_branch_dag.py
[2024-04-12T01:52:04.960+0000] {processor.py:830} INFO - Processing file /home/airflow/.local/lib/python3.12/site-packages/airflow/example_dags/example_nested_branch_dag.py for tasks to queue
[2024-04-12T01:52:04.963+0000] {logging_mixin.py:188} INFO - [2024-04-12T01:52:04.963+0000] {dagbag.py:540} INFO - Filling up the DagBag from /home/airflow/.local/lib/python3.12/site-packages/airflow/example_dags/example_nested_branch_dag.py
[2024-04-12T01:52:04.978+0000] {processor.py:840} INFO - DAG(s) 'example_nested_branch_dag' retrieved from /home/airflow/.local/lib/python3.12/site-packages/airflow/example_dags/example_nested_branch_dag.py
[2024-04-12T01:52:04.999+0000] {logging_mixin.py:188} INFO - [2024-04-12T01:52:04.998+0000] {dag.py:3096} INFO - Sync 1 DAGs
[2024-04-12T01:52:05.016+0000] {logging_mixin.py:188} INFO - [2024-04-12T01:52:05.016+0000] {dag.py:3954} INFO - Setting next_dagrun for example_nested_branch_dag to 2024-04-11 00:00:00+00:00, run_after=2024-04-12 00:00:00+00:00
[2024-04-12T01:52:05.028+0000] {processor.py:183} INFO - Processing /home/airflow/.local/lib/python3.12/site-packages/airflow/example_dags/example_nested_branch_dag.py took 0.093 seconds
[2024-04-12T01:52:35.285+0000] {processor.py:161} INFO - Started process (PID=1358) to work on /home/airflow/.local/lib/python3.12/site-packages/airflow/example_dags/example_nested_branch_dag.py
[2024-04-12T01:52:35.286+0000] {processor.py:830} INFO - Processing file /home/airflow/.local/lib/python3.12/site-packages/airflow/example_dags/example_nested_branch_dag.py for tasks to queue
[2024-04-12T01:52:35.288+0000] {logging_mixin.py:188} INFO - [2024-04-12T01:52:35.288+0000] {dagbag.py:540} INFO - Filling up the DagBag from /home/airflow/.local/lib/python3.12/site-packages/airflow/example_dags/example_nested_branch_dag.py
[2024-04-12T01:52:35.294+0000] {processor.py:840} INFO - DAG(s) 'example_nested_branch_dag' retrieved from /home/airflow/.local/lib/python3.12/site-packages/airflow/example_dags/example_nested_branch_dag.py
[2024-04-12T01:52:35.307+0000] {logging_mixin.py:188} INFO - [2024-04-12T01:52:35.307+0000] {dag.py:3096} INFO - Sync 1 DAGs
[2024-04-12T01:52:35.321+0000] {logging_mixin.py:188} INFO - [2024-04-12T01:52:35.320+0000] {dag.py:3954} INFO - Setting next_dagrun for example_nested_branch_dag to 2024-04-11 00:00:00+00:00, run_after=2024-04-12 00:00:00+00:00
[2024-04-12T01:52:35.330+0000] {processor.py:183} INFO - Processing /home/airflow/.local/lib/python3.12/site-packages/airflow/example_dags/example_nested_branch_dag.py took 0.049 seconds
