[2024-04-12T01:41:19.758+0000] {processor.py:161} INFO - Started process (PID=77) to work on /home/airflow/.local/lib/python3.12/site-packages/airflow/example_dags/example_latest_only.py
[2024-04-12T01:41:19.759+0000] {processor.py:830} INFO - Processing file /home/airflow/.local/lib/python3.12/site-packages/airflow/example_dags/example_latest_only.py for tasks to queue
[2024-04-12T01:41:19.761+0000] {logging_mixin.py:188} INFO - [2024-04-12T01:41:19.761+0000] {dagbag.py:540} INFO - Filling up the DagBag from /home/airflow/.local/lib/python3.12/site-packages/airflow/example_dags/example_latest_only.py
[2024-04-12T01:41:19.766+0000] {processor.py:840} INFO - DAG(s) 'latest_only' retrieved from /home/airflow/.local/lib/python3.12/site-packages/airflow/example_dags/example_latest_only.py
[2024-04-12T01:41:19.850+0000] {logging_mixin.py:188} INFO - [2024-04-12T01:41:19.850+0000] {dag.py:3096} INFO - Sync 1 DAGs
[2024-04-12T01:41:19.868+0000] {logging_mixin.py:188} INFO - [2024-04-12T01:41:19.868+0000] {dag.py:3954} INFO - Setting next_dagrun for latest_only to 2024-04-11 20:00:00+00:00, run_after=2024-04-12 00:00:00+00:00
[2024-04-12T01:41:19.895+0000] {processor.py:183} INFO - Processing /home/airflow/.local/lib/python3.12/site-packages/airflow/example_dags/example_latest_only.py took 0.143 seconds
[2024-04-12T01:41:50.133+0000] {processor.py:161} INFO - Started process (PID=134) to work on /home/airflow/.local/lib/python3.12/site-packages/airflow/example_dags/example_latest_only.py
[2024-04-12T01:41:50.134+0000] {processor.py:830} INFO - Processing file /home/airflow/.local/lib/python3.12/site-packages/airflow/example_dags/example_latest_only.py for tasks to queue
[2024-04-12T01:41:50.136+0000] {logging_mixin.py:188} INFO - [2024-04-12T01:41:50.136+0000] {dagbag.py:540} INFO - Filling up the DagBag from /home/airflow/.local/lib/python3.12/site-packages/airflow/example_dags/example_latest_only.py
[2024-04-12T01:41:50.142+0000] {processor.py:840} INFO - DAG(s) 'latest_only' retrieved from /home/airflow/.local/lib/python3.12/site-packages/airflow/example_dags/example_latest_only.py
[2024-04-12T01:41:50.171+0000] {logging_mixin.py:188} INFO - [2024-04-12T01:41:50.170+0000] {dag.py:3096} INFO - Sync 1 DAGs
[2024-04-12T01:41:50.193+0000] {logging_mixin.py:188} INFO - [2024-04-12T01:41:50.193+0000] {dag.py:3954} INFO - Setting next_dagrun for latest_only to 2024-04-11 20:00:00+00:00, run_after=2024-04-12 00:00:00+00:00
[2024-04-12T01:41:50.214+0000] {processor.py:183} INFO - Processing /home/airflow/.local/lib/python3.12/site-packages/airflow/example_dags/example_latest_only.py took 0.086 seconds
[2024-04-12T01:42:20.537+0000] {processor.py:161} INFO - Started process (PID=192) to work on /home/airflow/.local/lib/python3.12/site-packages/airflow/example_dags/example_latest_only.py
[2024-04-12T01:42:20.538+0000] {processor.py:830} INFO - Processing file /home/airflow/.local/lib/python3.12/site-packages/airflow/example_dags/example_latest_only.py for tasks to queue
[2024-04-12T01:42:20.540+0000] {logging_mixin.py:188} INFO - [2024-04-12T01:42:20.540+0000] {dagbag.py:540} INFO - Filling up the DagBag from /home/airflow/.local/lib/python3.12/site-packages/airflow/example_dags/example_latest_only.py
[2024-04-12T01:42:20.544+0000] {processor.py:840} INFO - DAG(s) 'latest_only' retrieved from /home/airflow/.local/lib/python3.12/site-packages/airflow/example_dags/example_latest_only.py
[2024-04-12T01:42:20.603+0000] {logging_mixin.py:188} INFO - [2024-04-12T01:42:20.603+0000] {dag.py:3096} INFO - Sync 1 DAGs
[2024-04-12T01:42:20.672+0000] {logging_mixin.py:188} INFO - [2024-04-12T01:42:20.671+0000] {dag.py:3954} INFO - Setting next_dagrun for latest_only to 2024-04-11 20:00:00+00:00, run_after=2024-04-12 00:00:00+00:00
[2024-04-12T01:42:20.713+0000] {processor.py:183} INFO - Processing /home/airflow/.local/lib/python3.12/site-packages/airflow/example_dags/example_latest_only.py took 0.180 seconds
[2024-04-12T01:42:51.000+0000] {processor.py:161} INFO - Started process (PID=250) to work on /home/airflow/.local/lib/python3.12/site-packages/airflow/example_dags/example_latest_only.py
[2024-04-12T01:42:51.001+0000] {processor.py:830} INFO - Processing file /home/airflow/.local/lib/python3.12/site-packages/airflow/example_dags/example_latest_only.py for tasks to queue
[2024-04-12T01:42:51.002+0000] {logging_mixin.py:188} INFO - [2024-04-12T01:42:51.002+0000] {dagbag.py:540} INFO - Filling up the DagBag from /home/airflow/.local/lib/python3.12/site-packages/airflow/example_dags/example_latest_only.py
[2024-04-12T01:42:51.005+0000] {processor.py:840} INFO - DAG(s) 'latest_only' retrieved from /home/airflow/.local/lib/python3.12/site-packages/airflow/example_dags/example_latest_only.py
[2024-04-12T01:42:51.015+0000] {logging_mixin.py:188} INFO - [2024-04-12T01:42:51.015+0000] {dag.py:3096} INFO - Sync 1 DAGs
[2024-04-12T01:42:51.024+0000] {logging_mixin.py:188} INFO - [2024-04-12T01:42:51.024+0000] {dag.py:3954} INFO - Setting next_dagrun for latest_only to 2024-04-11 20:00:00+00:00, run_after=2024-04-12 00:00:00+00:00
[2024-04-12T01:42:51.034+0000] {processor.py:183} INFO - Processing /home/airflow/.local/lib/python3.12/site-packages/airflow/example_dags/example_latest_only.py took 0.036 seconds
[2024-04-12T01:43:21.553+0000] {processor.py:161} INFO - Started process (PID=308) to work on /home/airflow/.local/lib/python3.12/site-packages/airflow/example_dags/example_latest_only.py
[2024-04-12T01:43:21.553+0000] {processor.py:830} INFO - Processing file /home/airflow/.local/lib/python3.12/site-packages/airflow/example_dags/example_latest_only.py for tasks to queue
[2024-04-12T01:43:21.554+0000] {logging_mixin.py:188} INFO - [2024-04-12T01:43:21.554+0000] {dagbag.py:540} INFO - Filling up the DagBag from /home/airflow/.local/lib/python3.12/site-packages/airflow/example_dags/example_latest_only.py
[2024-04-12T01:43:21.557+0000] {processor.py:840} INFO - DAG(s) 'latest_only' retrieved from /home/airflow/.local/lib/python3.12/site-packages/airflow/example_dags/example_latest_only.py
[2024-04-12T01:43:21.567+0000] {logging_mixin.py:188} INFO - [2024-04-12T01:43:21.567+0000] {dag.py:3096} INFO - Sync 1 DAGs
[2024-04-12T01:43:21.576+0000] {logging_mixin.py:188} INFO - [2024-04-12T01:43:21.576+0000] {dag.py:3954} INFO - Setting next_dagrun for latest_only to 2024-04-11 20:00:00+00:00, run_after=2024-04-12 00:00:00+00:00
[2024-04-12T01:43:21.584+0000] {processor.py:183} INFO - Processing /home/airflow/.local/lib/python3.12/site-packages/airflow/example_dags/example_latest_only.py took 0.035 seconds
[2024-04-12T01:43:54.622+0000] {processor.py:161} INFO - Started process (PID=372) to work on /home/airflow/.local/lib/python3.12/site-packages/airflow/example_dags/example_latest_only.py
[2024-04-12T01:43:54.624+0000] {processor.py:830} INFO - Processing file /home/airflow/.local/lib/python3.12/site-packages/airflow/example_dags/example_latest_only.py for tasks to queue
[2024-04-12T01:43:54.633+0000] {logging_mixin.py:188} INFO - [2024-04-12T01:43:54.633+0000] {dagbag.py:540} INFO - Filling up the DagBag from /home/airflow/.local/lib/python3.12/site-packages/airflow/example_dags/example_latest_only.py
[2024-04-12T01:43:54.638+0000] {processor.py:840} INFO - DAG(s) 'latest_only' retrieved from /home/airflow/.local/lib/python3.12/site-packages/airflow/example_dags/example_latest_only.py
[2024-04-12T01:43:54.651+0000] {logging_mixin.py:188} INFO - [2024-04-12T01:43:54.651+0000] {dag.py:3096} INFO - Sync 1 DAGs
[2024-04-12T01:43:54.668+0000] {logging_mixin.py:188} INFO - [2024-04-12T01:43:54.667+0000] {dag.py:3954} INFO - Setting next_dagrun for latest_only to 2024-04-11 20:00:00+00:00, run_after=2024-04-12 00:00:00+00:00
[2024-04-12T01:43:54.683+0000] {processor.py:183} INFO - Processing /home/airflow/.local/lib/python3.12/site-packages/airflow/example_dags/example_latest_only.py took 0.067 seconds
[2024-04-12T01:44:25.477+0000] {processor.py:161} INFO - Started process (PID=430) to work on /home/airflow/.local/lib/python3.12/site-packages/airflow/example_dags/example_latest_only.py
[2024-04-12T01:44:25.478+0000] {processor.py:830} INFO - Processing file /home/airflow/.local/lib/python3.12/site-packages/airflow/example_dags/example_latest_only.py for tasks to queue
[2024-04-12T01:44:25.479+0000] {logging_mixin.py:188} INFO - [2024-04-12T01:44:25.479+0000] {dagbag.py:540} INFO - Filling up the DagBag from /home/airflow/.local/lib/python3.12/site-packages/airflow/example_dags/example_latest_only.py
[2024-04-12T01:44:25.482+0000] {processor.py:840} INFO - DAG(s) 'latest_only' retrieved from /home/airflow/.local/lib/python3.12/site-packages/airflow/example_dags/example_latest_only.py
[2024-04-12T01:44:25.492+0000] {logging_mixin.py:188} INFO - [2024-04-12T01:44:25.492+0000] {dag.py:3096} INFO - Sync 1 DAGs
[2024-04-12T01:44:25.508+0000] {logging_mixin.py:188} INFO - [2024-04-12T01:44:25.507+0000] {dag.py:3954} INFO - Setting next_dagrun for latest_only to 2024-04-11 20:00:00+00:00, run_after=2024-04-12 00:00:00+00:00
[2024-04-12T01:44:25.518+0000] {processor.py:183} INFO - Processing /home/airflow/.local/lib/python3.12/site-packages/airflow/example_dags/example_latest_only.py took 0.044 seconds
[2024-04-12T01:44:56.063+0000] {processor.py:161} INFO - Started process (PID=488) to work on /home/airflow/.local/lib/python3.12/site-packages/airflow/example_dags/example_latest_only.py
[2024-04-12T01:44:56.064+0000] {processor.py:830} INFO - Processing file /home/airflow/.local/lib/python3.12/site-packages/airflow/example_dags/example_latest_only.py for tasks to queue
[2024-04-12T01:44:56.066+0000] {logging_mixin.py:188} INFO - [2024-04-12T01:44:56.065+0000] {dagbag.py:540} INFO - Filling up the DagBag from /home/airflow/.local/lib/python3.12/site-packages/airflow/example_dags/example_latest_only.py
[2024-04-12T01:44:56.070+0000] {processor.py:840} INFO - DAG(s) 'latest_only' retrieved from /home/airflow/.local/lib/python3.12/site-packages/airflow/example_dags/example_latest_only.py
[2024-04-12T01:44:56.099+0000] {logging_mixin.py:188} INFO - [2024-04-12T01:44:56.098+0000] {dag.py:3096} INFO - Sync 1 DAGs
[2024-04-12T01:44:56.150+0000] {logging_mixin.py:188} INFO - [2024-04-12T01:44:56.150+0000] {dag.py:3954} INFO - Setting next_dagrun for latest_only to 2024-04-11 20:00:00+00:00, run_after=2024-04-12 00:00:00+00:00
[2024-04-12T01:44:56.202+0000] {processor.py:183} INFO - Processing /home/airflow/.local/lib/python3.12/site-packages/airflow/example_dags/example_latest_only.py took 0.144 seconds
[2024-04-12T01:45:27.306+0000] {processor.py:161} INFO - Started process (PID=546) to work on /home/airflow/.local/lib/python3.12/site-packages/airflow/example_dags/example_latest_only.py
[2024-04-12T01:45:27.307+0000] {processor.py:830} INFO - Processing file /home/airflow/.local/lib/python3.12/site-packages/airflow/example_dags/example_latest_only.py for tasks to queue
[2024-04-12T01:45:27.309+0000] {logging_mixin.py:188} INFO - [2024-04-12T01:45:27.308+0000] {dagbag.py:540} INFO - Filling up the DagBag from /home/airflow/.local/lib/python3.12/site-packages/airflow/example_dags/example_latest_only.py
[2024-04-12T01:45:27.313+0000] {processor.py:840} INFO - DAG(s) 'latest_only' retrieved from /home/airflow/.local/lib/python3.12/site-packages/airflow/example_dags/example_latest_only.py
[2024-04-12T01:45:27.333+0000] {logging_mixin.py:188} INFO - [2024-04-12T01:45:27.332+0000] {dag.py:3096} INFO - Sync 1 DAGs
[2024-04-12T01:45:27.346+0000] {logging_mixin.py:188} INFO - [2024-04-12T01:45:27.346+0000] {dag.py:3954} INFO - Setting next_dagrun for latest_only to 2024-04-11 20:00:00+00:00, run_after=2024-04-12 00:00:00+00:00
[2024-04-12T01:45:27.357+0000] {processor.py:183} INFO - Processing /home/airflow/.local/lib/python3.12/site-packages/airflow/example_dags/example_latest_only.py took 0.058 seconds
[2024-04-12T01:45:57.807+0000] {processor.py:161} INFO - Started process (PID=604) to work on /home/airflow/.local/lib/python3.12/site-packages/airflow/example_dags/example_latest_only.py
[2024-04-12T01:45:57.809+0000] {processor.py:830} INFO - Processing file /home/airflow/.local/lib/python3.12/site-packages/airflow/example_dags/example_latest_only.py for tasks to queue
[2024-04-12T01:45:57.811+0000] {logging_mixin.py:188} INFO - [2024-04-12T01:45:57.810+0000] {dagbag.py:540} INFO - Filling up the DagBag from /home/airflow/.local/lib/python3.12/site-packages/airflow/example_dags/example_latest_only.py
[2024-04-12T01:45:57.818+0000] {processor.py:840} INFO - DAG(s) 'latest_only' retrieved from /home/airflow/.local/lib/python3.12/site-packages/airflow/example_dags/example_latest_only.py
[2024-04-12T01:45:57.843+0000] {logging_mixin.py:188} INFO - [2024-04-12T01:45:57.843+0000] {dag.py:3096} INFO - Sync 1 DAGs
[2024-04-12T01:45:57.882+0000] {logging_mixin.py:188} INFO - [2024-04-12T01:45:57.881+0000] {dag.py:3954} INFO - Setting next_dagrun for latest_only to 2024-04-11 20:00:00+00:00, run_after=2024-04-12 00:00:00+00:00
[2024-04-12T01:45:57.934+0000] {processor.py:183} INFO - Processing /home/airflow/.local/lib/python3.12/site-packages/airflow/example_dags/example_latest_only.py took 0.135 seconds
[2024-04-12T01:46:28.020+0000] {processor.py:161} INFO - Started process (PID=662) to work on /home/airflow/.local/lib/python3.12/site-packages/airflow/example_dags/example_latest_only.py
[2024-04-12T01:46:28.021+0000] {processor.py:830} INFO - Processing file /home/airflow/.local/lib/python3.12/site-packages/airflow/example_dags/example_latest_only.py for tasks to queue
[2024-04-12T01:46:28.022+0000] {logging_mixin.py:188} INFO - [2024-04-12T01:46:28.022+0000] {dagbag.py:540} INFO - Filling up the DagBag from /home/airflow/.local/lib/python3.12/site-packages/airflow/example_dags/example_latest_only.py
[2024-04-12T01:46:28.025+0000] {processor.py:840} INFO - DAG(s) 'latest_only' retrieved from /home/airflow/.local/lib/python3.12/site-packages/airflow/example_dags/example_latest_only.py
[2024-04-12T01:46:28.036+0000] {logging_mixin.py:188} INFO - [2024-04-12T01:46:28.035+0000] {dag.py:3096} INFO - Sync 1 DAGs
[2024-04-12T01:46:28.046+0000] {logging_mixin.py:188} INFO - [2024-04-12T01:46:28.046+0000] {dag.py:3954} INFO - Setting next_dagrun for latest_only to 2024-04-11 20:00:00+00:00, run_after=2024-04-12 00:00:00+00:00
[2024-04-12T01:46:28.057+0000] {processor.py:183} INFO - Processing /home/airflow/.local/lib/python3.12/site-packages/airflow/example_dags/example_latest_only.py took 0.040 seconds
[2024-04-12T01:46:58.767+0000] {processor.py:161} INFO - Started process (PID=720) to work on /home/airflow/.local/lib/python3.12/site-packages/airflow/example_dags/example_latest_only.py
[2024-04-12T01:46:58.768+0000] {processor.py:830} INFO - Processing file /home/airflow/.local/lib/python3.12/site-packages/airflow/example_dags/example_latest_only.py for tasks to queue
[2024-04-12T01:46:58.769+0000] {logging_mixin.py:188} INFO - [2024-04-12T01:46:58.769+0000] {dagbag.py:540} INFO - Filling up the DagBag from /home/airflow/.local/lib/python3.12/site-packages/airflow/example_dags/example_latest_only.py
[2024-04-12T01:46:58.771+0000] {processor.py:840} INFO - DAG(s) 'latest_only' retrieved from /home/airflow/.local/lib/python3.12/site-packages/airflow/example_dags/example_latest_only.py
[2024-04-12T01:46:58.784+0000] {logging_mixin.py:188} INFO - [2024-04-12T01:46:58.784+0000] {dag.py:3096} INFO - Sync 1 DAGs
[2024-04-12T01:46:58.797+0000] {logging_mixin.py:188} INFO - [2024-04-12T01:46:58.797+0000] {dag.py:3954} INFO - Setting next_dagrun for latest_only to 2024-04-11 20:00:00+00:00, run_after=2024-04-12 00:00:00+00:00
[2024-04-12T01:46:58.806+0000] {processor.py:183} INFO - Processing /home/airflow/.local/lib/python3.12/site-packages/airflow/example_dags/example_latest_only.py took 0.042 seconds
[2024-04-12T01:47:29.088+0000] {processor.py:161} INFO - Started process (PID=777) to work on /home/airflow/.local/lib/python3.12/site-packages/airflow/example_dags/example_latest_only.py
[2024-04-12T01:47:29.090+0000] {processor.py:830} INFO - Processing file /home/airflow/.local/lib/python3.12/site-packages/airflow/example_dags/example_latest_only.py for tasks to queue
[2024-04-12T01:47:29.091+0000] {logging_mixin.py:188} INFO - [2024-04-12T01:47:29.091+0000] {dagbag.py:540} INFO - Filling up the DagBag from /home/airflow/.local/lib/python3.12/site-packages/airflow/example_dags/example_latest_only.py
[2024-04-12T01:47:29.095+0000] {processor.py:840} INFO - DAG(s) 'latest_only' retrieved from /home/airflow/.local/lib/python3.12/site-packages/airflow/example_dags/example_latest_only.py
[2024-04-12T01:47:29.110+0000] {logging_mixin.py:188} INFO - [2024-04-12T01:47:29.110+0000] {dag.py:3096} INFO - Sync 1 DAGs
[2024-04-12T01:47:29.133+0000] {logging_mixin.py:188} INFO - [2024-04-12T01:47:29.132+0000] {dag.py:3954} INFO - Setting next_dagrun for latest_only to 2024-04-11 20:00:00+00:00, run_after=2024-04-12 00:00:00+00:00
[2024-04-12T01:47:29.160+0000] {processor.py:183} INFO - Processing /home/airflow/.local/lib/python3.12/site-packages/airflow/example_dags/example_latest_only.py took 0.076 seconds
[2024-04-12T01:47:59.303+0000] {processor.py:161} INFO - Started process (PID=834) to work on /home/airflow/.local/lib/python3.12/site-packages/airflow/example_dags/example_latest_only.py
[2024-04-12T01:47:59.304+0000] {processor.py:830} INFO - Processing file /home/airflow/.local/lib/python3.12/site-packages/airflow/example_dags/example_latest_only.py for tasks to queue
[2024-04-12T01:47:59.306+0000] {logging_mixin.py:188} INFO - [2024-04-12T01:47:59.306+0000] {dagbag.py:540} INFO - Filling up the DagBag from /home/airflow/.local/lib/python3.12/site-packages/airflow/example_dags/example_latest_only.py
[2024-04-12T01:47:59.311+0000] {processor.py:840} INFO - DAG(s) 'latest_only' retrieved from /home/airflow/.local/lib/python3.12/site-packages/airflow/example_dags/example_latest_only.py
[2024-04-12T01:47:59.328+0000] {logging_mixin.py:188} INFO - [2024-04-12T01:47:59.328+0000] {dag.py:3096} INFO - Sync 1 DAGs
[2024-04-12T01:47:59.343+0000] {logging_mixin.py:188} INFO - [2024-04-12T01:47:59.343+0000] {dag.py:3954} INFO - Setting next_dagrun for latest_only to 2024-04-11 20:00:00+00:00, run_after=2024-04-12 00:00:00+00:00
[2024-04-12T01:47:59.356+0000] {processor.py:183} INFO - Processing /home/airflow/.local/lib/python3.12/site-packages/airflow/example_dags/example_latest_only.py took 0.060 seconds
[2024-04-12T01:48:29.532+0000] {processor.py:161} INFO - Started process (PID=892) to work on /home/airflow/.local/lib/python3.12/site-packages/airflow/example_dags/example_latest_only.py
[2024-04-12T01:48:29.533+0000] {processor.py:830} INFO - Processing file /home/airflow/.local/lib/python3.12/site-packages/airflow/example_dags/example_latest_only.py for tasks to queue
[2024-04-12T01:48:29.535+0000] {logging_mixin.py:188} INFO - [2024-04-12T01:48:29.535+0000] {dagbag.py:540} INFO - Filling up the DagBag from /home/airflow/.local/lib/python3.12/site-packages/airflow/example_dags/example_latest_only.py
[2024-04-12T01:48:29.540+0000] {processor.py:840} INFO - DAG(s) 'latest_only' retrieved from /home/airflow/.local/lib/python3.12/site-packages/airflow/example_dags/example_latest_only.py
[2024-04-12T01:48:29.559+0000] {logging_mixin.py:188} INFO - [2024-04-12T01:48:29.558+0000] {dag.py:3096} INFO - Sync 1 DAGs
[2024-04-12T01:48:29.573+0000] {logging_mixin.py:188} INFO - [2024-04-12T01:48:29.573+0000] {dag.py:3954} INFO - Setting next_dagrun for latest_only to 2024-04-11 20:00:00+00:00, run_after=2024-04-12 00:00:00+00:00
[2024-04-12T01:48:29.585+0000] {processor.py:183} INFO - Processing /home/airflow/.local/lib/python3.12/site-packages/airflow/example_dags/example_latest_only.py took 0.060 seconds
[2024-04-12T01:49:00.355+0000] {processor.py:161} INFO - Started process (PID=950) to work on /home/airflow/.local/lib/python3.12/site-packages/airflow/example_dags/example_latest_only.py
[2024-04-12T01:49:00.357+0000] {processor.py:830} INFO - Processing file /home/airflow/.local/lib/python3.12/site-packages/airflow/example_dags/example_latest_only.py for tasks to queue
[2024-04-12T01:49:00.358+0000] {logging_mixin.py:188} INFO - [2024-04-12T01:49:00.358+0000] {dagbag.py:540} INFO - Filling up the DagBag from /home/airflow/.local/lib/python3.12/site-packages/airflow/example_dags/example_latest_only.py
[2024-04-12T01:49:00.363+0000] {processor.py:840} INFO - DAG(s) 'latest_only' retrieved from /home/airflow/.local/lib/python3.12/site-packages/airflow/example_dags/example_latest_only.py
[2024-04-12T01:49:00.382+0000] {logging_mixin.py:188} INFO - [2024-04-12T01:49:00.382+0000] {dag.py:3096} INFO - Sync 1 DAGs
[2024-04-12T01:49:00.402+0000] {logging_mixin.py:188} INFO - [2024-04-12T01:49:00.402+0000] {dag.py:3954} INFO - Setting next_dagrun for latest_only to 2024-04-11 20:00:00+00:00, run_after=2024-04-12 00:00:00+00:00
[2024-04-12T01:49:00.414+0000] {processor.py:183} INFO - Processing /home/airflow/.local/lib/python3.12/site-packages/airflow/example_dags/example_latest_only.py took 0.065 seconds
[2024-04-12T01:49:30.804+0000] {processor.py:161} INFO - Started process (PID=1008) to work on /home/airflow/.local/lib/python3.12/site-packages/airflow/example_dags/example_latest_only.py
[2024-04-12T01:49:30.805+0000] {processor.py:830} INFO - Processing file /home/airflow/.local/lib/python3.12/site-packages/airflow/example_dags/example_latest_only.py for tasks to queue
[2024-04-12T01:49:30.807+0000] {logging_mixin.py:188} INFO - [2024-04-12T01:49:30.806+0000] {dagbag.py:540} INFO - Filling up the DagBag from /home/airflow/.local/lib/python3.12/site-packages/airflow/example_dags/example_latest_only.py
[2024-04-12T01:49:30.811+0000] {processor.py:840} INFO - DAG(s) 'latest_only' retrieved from /home/airflow/.local/lib/python3.12/site-packages/airflow/example_dags/example_latest_only.py
[2024-04-12T01:49:30.829+0000] {logging_mixin.py:188} INFO - [2024-04-12T01:49:30.829+0000] {dag.py:3096} INFO - Sync 1 DAGs
[2024-04-12T01:49:30.844+0000] {logging_mixin.py:188} INFO - [2024-04-12T01:49:30.844+0000] {dag.py:3954} INFO - Setting next_dagrun for latest_only to 2024-04-11 20:00:00+00:00, run_after=2024-04-12 00:00:00+00:00
[2024-04-12T01:49:30.950+0000] {processor.py:183} INFO - Processing /home/airflow/.local/lib/python3.12/site-packages/airflow/example_dags/example_latest_only.py took 0.152 seconds
[2024-04-12T01:50:01.034+0000] {processor.py:161} INFO - Started process (PID=1066) to work on /home/airflow/.local/lib/python3.12/site-packages/airflow/example_dags/example_latest_only.py
[2024-04-12T01:50:01.035+0000] {processor.py:830} INFO - Processing file /home/airflow/.local/lib/python3.12/site-packages/airflow/example_dags/example_latest_only.py for tasks to queue
[2024-04-12T01:50:01.037+0000] {logging_mixin.py:188} INFO - [2024-04-12T01:50:01.037+0000] {dagbag.py:540} INFO - Filling up the DagBag from /home/airflow/.local/lib/python3.12/site-packages/airflow/example_dags/example_latest_only.py
[2024-04-12T01:50:01.042+0000] {processor.py:840} INFO - DAG(s) 'latest_only' retrieved from /home/airflow/.local/lib/python3.12/site-packages/airflow/example_dags/example_latest_only.py
[2024-04-12T01:50:01.059+0000] {logging_mixin.py:188} INFO - [2024-04-12T01:50:01.059+0000] {dag.py:3096} INFO - Sync 1 DAGs
[2024-04-12T01:50:01.074+0000] {logging_mixin.py:188} INFO - [2024-04-12T01:50:01.074+0000] {dag.py:3954} INFO - Setting next_dagrun for latest_only to 2024-04-11 20:00:00+00:00, run_after=2024-04-12 00:00:00+00:00
[2024-04-12T01:50:01.085+0000] {processor.py:183} INFO - Processing /home/airflow/.local/lib/python3.12/site-packages/airflow/example_dags/example_latest_only.py took 0.058 seconds
[2024-04-12T01:50:31.285+0000] {processor.py:161} INFO - Started process (PID=1124) to work on /home/airflow/.local/lib/python3.12/site-packages/airflow/example_dags/example_latest_only.py
[2024-04-12T01:50:31.286+0000] {processor.py:830} INFO - Processing file /home/airflow/.local/lib/python3.12/site-packages/airflow/example_dags/example_latest_only.py for tasks to queue
[2024-04-12T01:50:31.287+0000] {logging_mixin.py:188} INFO - [2024-04-12T01:50:31.287+0000] {dagbag.py:540} INFO - Filling up the DagBag from /home/airflow/.local/lib/python3.12/site-packages/airflow/example_dags/example_latest_only.py
[2024-04-12T01:50:31.290+0000] {processor.py:840} INFO - DAG(s) 'latest_only' retrieved from /home/airflow/.local/lib/python3.12/site-packages/airflow/example_dags/example_latest_only.py
[2024-04-12T01:50:31.299+0000] {logging_mixin.py:188} INFO - [2024-04-12T01:50:31.299+0000] {dag.py:3096} INFO - Sync 1 DAGs
[2024-04-12T01:50:31.310+0000] {logging_mixin.py:188} INFO - [2024-04-12T01:50:31.310+0000] {dag.py:3954} INFO - Setting next_dagrun for latest_only to 2024-04-11 20:00:00+00:00, run_after=2024-04-12 00:00:00+00:00
[2024-04-12T01:50:31.319+0000] {processor.py:183} INFO - Processing /home/airflow/.local/lib/python3.12/site-packages/airflow/example_dags/example_latest_only.py took 0.037 seconds
[2024-04-12T01:51:02.224+0000] {processor.py:161} INFO - Started process (PID=1182) to work on /home/airflow/.local/lib/python3.12/site-packages/airflow/example_dags/example_latest_only.py
[2024-04-12T01:51:02.225+0000] {processor.py:830} INFO - Processing file /home/airflow/.local/lib/python3.12/site-packages/airflow/example_dags/example_latest_only.py for tasks to queue
[2024-04-12T01:51:02.227+0000] {logging_mixin.py:188} INFO - [2024-04-12T01:51:02.226+0000] {dagbag.py:540} INFO - Filling up the DagBag from /home/airflow/.local/lib/python3.12/site-packages/airflow/example_dags/example_latest_only.py
[2024-04-12T01:51:02.231+0000] {processor.py:840} INFO - DAG(s) 'latest_only' retrieved from /home/airflow/.local/lib/python3.12/site-packages/airflow/example_dags/example_latest_only.py
[2024-04-12T01:51:02.342+0000] {logging_mixin.py:188} INFO - [2024-04-12T01:51:02.342+0000] {dag.py:3096} INFO - Sync 1 DAGs
[2024-04-12T01:51:02.351+0000] {logging_mixin.py:188} INFO - [2024-04-12T01:51:02.351+0000] {dag.py:3954} INFO - Setting next_dagrun for latest_only to 2024-04-11 20:00:00+00:00, run_after=2024-04-12 00:00:00+00:00
[2024-04-12T01:51:02.359+0000] {processor.py:183} INFO - Processing /home/airflow/.local/lib/python3.12/site-packages/airflow/example_dags/example_latest_only.py took 0.140 seconds
[2024-04-12T01:51:32.595+0000] {processor.py:161} INFO - Started process (PID=1240) to work on /home/airflow/.local/lib/python3.12/site-packages/airflow/example_dags/example_latest_only.py
[2024-04-12T01:51:32.596+0000] {processor.py:830} INFO - Processing file /home/airflow/.local/lib/python3.12/site-packages/airflow/example_dags/example_latest_only.py for tasks to queue
[2024-04-12T01:51:32.597+0000] {logging_mixin.py:188} INFO - [2024-04-12T01:51:32.597+0000] {dagbag.py:540} INFO - Filling up the DagBag from /home/airflow/.local/lib/python3.12/site-packages/airflow/example_dags/example_latest_only.py
[2024-04-12T01:51:32.600+0000] {processor.py:840} INFO - DAG(s) 'latest_only' retrieved from /home/airflow/.local/lib/python3.12/site-packages/airflow/example_dags/example_latest_only.py
[2024-04-12T01:51:32.611+0000] {logging_mixin.py:188} INFO - [2024-04-12T01:51:32.610+0000] {dag.py:3096} INFO - Sync 1 DAGs
[2024-04-12T01:51:32.622+0000] {logging_mixin.py:188} INFO - [2024-04-12T01:51:32.622+0000] {dag.py:3954} INFO - Setting next_dagrun for latest_only to 2024-04-11 20:00:00+00:00, run_after=2024-04-12 00:00:00+00:00
[2024-04-12T01:51:32.630+0000] {processor.py:183} INFO - Processing /home/airflow/.local/lib/python3.12/site-packages/airflow/example_dags/example_latest_only.py took 0.038 seconds
[2024-04-12T01:52:02.824+0000] {processor.py:161} INFO - Started process (PID=1298) to work on /home/airflow/.local/lib/python3.12/site-packages/airflow/example_dags/example_latest_only.py
[2024-04-12T01:52:02.825+0000] {processor.py:830} INFO - Processing file /home/airflow/.local/lib/python3.12/site-packages/airflow/example_dags/example_latest_only.py for tasks to queue
[2024-04-12T01:52:02.826+0000] {logging_mixin.py:188} INFO - [2024-04-12T01:52:02.826+0000] {dagbag.py:540} INFO - Filling up the DagBag from /home/airflow/.local/lib/python3.12/site-packages/airflow/example_dags/example_latest_only.py
[2024-04-12T01:52:02.829+0000] {processor.py:840} INFO - DAG(s) 'latest_only' retrieved from /home/airflow/.local/lib/python3.12/site-packages/airflow/example_dags/example_latest_only.py
[2024-04-12T01:52:02.840+0000] {logging_mixin.py:188} INFO - [2024-04-12T01:52:02.840+0000] {dag.py:3096} INFO - Sync 1 DAGs
[2024-04-12T01:52:02.853+0000] {logging_mixin.py:188} INFO - [2024-04-12T01:52:02.853+0000] {dag.py:3954} INFO - Setting next_dagrun for latest_only to 2024-04-11 20:00:00+00:00, run_after=2024-04-12 00:00:00+00:00
[2024-04-12T01:52:02.862+0000] {processor.py:183} INFO - Processing /home/airflow/.local/lib/python3.12/site-packages/airflow/example_dags/example_latest_only.py took 0.041 seconds
[2024-04-12T01:52:33.137+0000] {processor.py:161} INFO - Started process (PID=1355) to work on /home/airflow/.local/lib/python3.12/site-packages/airflow/example_dags/example_latest_only.py
[2024-04-12T01:52:33.139+0000] {processor.py:830} INFO - Processing file /home/airflow/.local/lib/python3.12/site-packages/airflow/example_dags/example_latest_only.py for tasks to queue
[2024-04-12T01:52:33.140+0000] {logging_mixin.py:188} INFO - [2024-04-12T01:52:33.140+0000] {dagbag.py:540} INFO - Filling up the DagBag from /home/airflow/.local/lib/python3.12/site-packages/airflow/example_dags/example_latest_only.py
[2024-04-12T01:52:33.143+0000] {processor.py:840} INFO - DAG(s) 'latest_only' retrieved from /home/airflow/.local/lib/python3.12/site-packages/airflow/example_dags/example_latest_only.py
[2024-04-12T01:52:33.153+0000] {logging_mixin.py:188} INFO - [2024-04-12T01:52:33.153+0000] {dag.py:3096} INFO - Sync 1 DAGs
[2024-04-12T01:52:33.164+0000] {logging_mixin.py:188} INFO - [2024-04-12T01:52:33.164+0000] {dag.py:3954} INFO - Setting next_dagrun for latest_only to 2024-04-11 20:00:00+00:00, run_after=2024-04-12 00:00:00+00:00
[2024-04-12T01:52:33.175+0000] {processor.py:183} INFO - Processing /home/airflow/.local/lib/python3.12/site-packages/airflow/example_dags/example_latest_only.py took 0.042 seconds
