[2024-04-12T01:41:10.252+0000] {processor.py:161} INFO - Started process (PID=57) to work on /home/airflow/.local/lib/python3.12/site-packages/airflow/example_dags/example_time_delta_sensor_async.py
[2024-04-12T01:41:10.254+0000] {processor.py:830} INFO - Processing file /home/airflow/.local/lib/python3.12/site-packages/airflow/example_dags/example_time_delta_sensor_async.py for tasks to queue
[2024-04-12T01:41:10.259+0000] {logging_mixin.py:188} INFO - [2024-04-12T01:41:10.259+0000] {dagbag.py:540} INFO - Filling up the DagBag from /home/airflow/.local/lib/python3.12/site-packages/airflow/example_dags/example_time_delta_sensor_async.py
[2024-04-12T01:41:10.282+0000] {processor.py:840} INFO - DAG(s) 'example_time_delta_sensor_async' retrieved from /home/airflow/.local/lib/python3.12/site-packages/airflow/example_dags/example_time_delta_sensor_async.py
[2024-04-12T01:41:10.721+0000] {logging_mixin.py:188} INFO - [2024-04-12T01:41:10.720+0000] {dag.py:3096} INFO - Sync 1 DAGs
[2024-04-12T01:41:10.740+0000] {logging_mixin.py:188} INFO - [2024-04-12T01:41:10.740+0000] {dag.py:3954} INFO - Setting next_dagrun for example_time_delta_sensor_async to None, run_after=None
[2024-04-12T01:41:10.784+0000] {processor.py:183} INFO - Processing /home/airflow/.local/lib/python3.12/site-packages/airflow/example_dags/example_time_delta_sensor_async.py took 0.547 seconds
[2024-04-12T01:41:41.808+0000] {processor.py:161} INFO - Started process (PID=115) to work on /home/airflow/.local/lib/python3.12/site-packages/airflow/example_dags/example_time_delta_sensor_async.py
[2024-04-12T01:41:41.809+0000] {processor.py:830} INFO - Processing file /home/airflow/.local/lib/python3.12/site-packages/airflow/example_dags/example_time_delta_sensor_async.py for tasks to queue
[2024-04-12T01:41:41.811+0000] {logging_mixin.py:188} INFO - [2024-04-12T01:41:41.810+0000] {dagbag.py:540} INFO - Filling up the DagBag from /home/airflow/.local/lib/python3.12/site-packages/airflow/example_dags/example_time_delta_sensor_async.py
[2024-04-12T01:41:41.815+0000] {processor.py:840} INFO - DAG(s) 'example_time_delta_sensor_async' retrieved from /home/airflow/.local/lib/python3.12/site-packages/airflow/example_dags/example_time_delta_sensor_async.py
[2024-04-12T01:41:41.830+0000] {logging_mixin.py:188} INFO - [2024-04-12T01:41:41.830+0000] {dag.py:3096} INFO - Sync 1 DAGs
[2024-04-12T01:41:41.838+0000] {logging_mixin.py:188} INFO - [2024-04-12T01:41:41.838+0000] {dag.py:3954} INFO - Setting next_dagrun for example_time_delta_sensor_async to None, run_after=None
[2024-04-12T01:41:41.852+0000] {processor.py:183} INFO - Processing /home/airflow/.local/lib/python3.12/site-packages/airflow/example_dags/example_time_delta_sensor_async.py took 0.049 seconds
[2024-04-12T01:42:11.924+0000] {processor.py:161} INFO - Started process (PID=173) to work on /home/airflow/.local/lib/python3.12/site-packages/airflow/example_dags/example_time_delta_sensor_async.py
[2024-04-12T01:42:11.925+0000] {processor.py:830} INFO - Processing file /home/airflow/.local/lib/python3.12/site-packages/airflow/example_dags/example_time_delta_sensor_async.py for tasks to queue
[2024-04-12T01:42:11.927+0000] {logging_mixin.py:188} INFO - [2024-04-12T01:42:11.926+0000] {dagbag.py:540} INFO - Filling up the DagBag from /home/airflow/.local/lib/python3.12/site-packages/airflow/example_dags/example_time_delta_sensor_async.py
[2024-04-12T01:42:11.930+0000] {processor.py:840} INFO - DAG(s) 'example_time_delta_sensor_async' retrieved from /home/airflow/.local/lib/python3.12/site-packages/airflow/example_dags/example_time_delta_sensor_async.py
[2024-04-12T01:42:11.944+0000] {logging_mixin.py:188} INFO - [2024-04-12T01:42:11.944+0000] {dag.py:3096} INFO - Sync 1 DAGs
[2024-04-12T01:42:11.951+0000] {logging_mixin.py:188} INFO - [2024-04-12T01:42:11.951+0000] {dag.py:3954} INFO - Setting next_dagrun for example_time_delta_sensor_async to None, run_after=None
[2024-04-12T01:42:11.960+0000] {processor.py:183} INFO - Processing /home/airflow/.local/lib/python3.12/site-packages/airflow/example_dags/example_time_delta_sensor_async.py took 0.041 seconds
[2024-04-12T01:42:42.106+0000] {processor.py:161} INFO - Started process (PID=231) to work on /home/airflow/.local/lib/python3.12/site-packages/airflow/example_dags/example_time_delta_sensor_async.py
[2024-04-12T01:42:42.111+0000] {processor.py:830} INFO - Processing file /home/airflow/.local/lib/python3.12/site-packages/airflow/example_dags/example_time_delta_sensor_async.py for tasks to queue
[2024-04-12T01:42:42.113+0000] {logging_mixin.py:188} INFO - [2024-04-12T01:42:42.112+0000] {dagbag.py:540} INFO - Filling up the DagBag from /home/airflow/.local/lib/python3.12/site-packages/airflow/example_dags/example_time_delta_sensor_async.py
[2024-04-12T01:42:42.118+0000] {processor.py:840} INFO - DAG(s) 'example_time_delta_sensor_async' retrieved from /home/airflow/.local/lib/python3.12/site-packages/airflow/example_dags/example_time_delta_sensor_async.py
[2024-04-12T01:42:42.144+0000] {logging_mixin.py:188} INFO - [2024-04-12T01:42:42.144+0000] {dag.py:3096} INFO - Sync 1 DAGs
[2024-04-12T01:42:42.159+0000] {logging_mixin.py:188} INFO - [2024-04-12T01:42:42.158+0000] {dag.py:3954} INFO - Setting next_dagrun for example_time_delta_sensor_async to None, run_after=None
[2024-04-12T01:42:42.215+0000] {processor.py:183} INFO - Processing /home/airflow/.local/lib/python3.12/site-packages/airflow/example_dags/example_time_delta_sensor_async.py took 0.123 seconds
[2024-04-12T01:43:12.610+0000] {processor.py:161} INFO - Started process (PID=289) to work on /home/airflow/.local/lib/python3.12/site-packages/airflow/example_dags/example_time_delta_sensor_async.py
[2024-04-12T01:43:12.615+0000] {processor.py:830} INFO - Processing file /home/airflow/.local/lib/python3.12/site-packages/airflow/example_dags/example_time_delta_sensor_async.py for tasks to queue
[2024-04-12T01:43:12.620+0000] {logging_mixin.py:188} INFO - [2024-04-12T01:43:12.619+0000] {dagbag.py:540} INFO - Filling up the DagBag from /home/airflow/.local/lib/python3.12/site-packages/airflow/example_dags/example_time_delta_sensor_async.py
[2024-04-12T01:43:12.632+0000] {processor.py:840} INFO - DAG(s) 'example_time_delta_sensor_async' retrieved from /home/airflow/.local/lib/python3.12/site-packages/airflow/example_dags/example_time_delta_sensor_async.py
[2024-04-12T01:43:12.713+0000] {logging_mixin.py:188} INFO - [2024-04-12T01:43:12.712+0000] {dag.py:3096} INFO - Sync 1 DAGs
[2024-04-12T01:43:12.747+0000] {logging_mixin.py:188} INFO - [2024-04-12T01:43:12.747+0000] {dag.py:3954} INFO - Setting next_dagrun for example_time_delta_sensor_async to None, run_after=None
[2024-04-12T01:43:12.813+0000] {processor.py:183} INFO - Processing /home/airflow/.local/lib/python3.12/site-packages/airflow/example_dags/example_time_delta_sensor_async.py took 0.235 seconds
[2024-04-12T01:43:43.014+0000] {processor.py:161} INFO - Started process (PID=347) to work on /home/airflow/.local/lib/python3.12/site-packages/airflow/example_dags/example_time_delta_sensor_async.py
[2024-04-12T01:43:43.015+0000] {processor.py:830} INFO - Processing file /home/airflow/.local/lib/python3.12/site-packages/airflow/example_dags/example_time_delta_sensor_async.py for tasks to queue
[2024-04-12T01:43:43.018+0000] {logging_mixin.py:188} INFO - [2024-04-12T01:43:43.017+0000] {dagbag.py:540} INFO - Filling up the DagBag from /home/airflow/.local/lib/python3.12/site-packages/airflow/example_dags/example_time_delta_sensor_async.py
[2024-04-12T01:43:43.024+0000] {processor.py:840} INFO - DAG(s) 'example_time_delta_sensor_async' retrieved from /home/airflow/.local/lib/python3.12/site-packages/airflow/example_dags/example_time_delta_sensor_async.py
[2024-04-12T01:43:43.051+0000] {logging_mixin.py:188} INFO - [2024-04-12T01:43:43.051+0000] {dag.py:3096} INFO - Sync 1 DAGs
[2024-04-12T01:43:43.061+0000] {logging_mixin.py:188} INFO - [2024-04-12T01:43:43.060+0000] {dag.py:3954} INFO - Setting next_dagrun for example_time_delta_sensor_async to None, run_after=None
[2024-04-12T01:43:43.072+0000] {processor.py:183} INFO - Processing /home/airflow/.local/lib/python3.12/site-packages/airflow/example_dags/example_time_delta_sensor_async.py took 0.068 seconds
[2024-04-12T01:44:13.335+0000] {processor.py:161} INFO - Started process (PID=405) to work on /home/airflow/.local/lib/python3.12/site-packages/airflow/example_dags/example_time_delta_sensor_async.py
[2024-04-12T01:44:13.337+0000] {processor.py:830} INFO - Processing file /home/airflow/.local/lib/python3.12/site-packages/airflow/example_dags/example_time_delta_sensor_async.py for tasks to queue
[2024-04-12T01:44:13.339+0000] {logging_mixin.py:188} INFO - [2024-04-12T01:44:13.339+0000] {dagbag.py:540} INFO - Filling up the DagBag from /home/airflow/.local/lib/python3.12/site-packages/airflow/example_dags/example_time_delta_sensor_async.py
[2024-04-12T01:44:13.348+0000] {processor.py:840} INFO - DAG(s) 'example_time_delta_sensor_async' retrieved from /home/airflow/.local/lib/python3.12/site-packages/airflow/example_dags/example_time_delta_sensor_async.py
[2024-04-12T01:44:13.369+0000] {logging_mixin.py:188} INFO - [2024-04-12T01:44:13.369+0000] {dag.py:3096} INFO - Sync 1 DAGs
[2024-04-12T01:44:13.378+0000] {logging_mixin.py:188} INFO - [2024-04-12T01:44:13.378+0000] {dag.py:3954} INFO - Setting next_dagrun for example_time_delta_sensor_async to None, run_after=None
[2024-04-12T01:44:13.388+0000] {processor.py:183} INFO - Processing /home/airflow/.local/lib/python3.12/site-packages/airflow/example_dags/example_time_delta_sensor_async.py took 0.063 seconds
[2024-04-12T01:44:43.980+0000] {processor.py:161} INFO - Started process (PID=463) to work on /home/airflow/.local/lib/python3.12/site-packages/airflow/example_dags/example_time_delta_sensor_async.py
[2024-04-12T01:44:43.981+0000] {processor.py:830} INFO - Processing file /home/airflow/.local/lib/python3.12/site-packages/airflow/example_dags/example_time_delta_sensor_async.py for tasks to queue
[2024-04-12T01:44:43.982+0000] {logging_mixin.py:188} INFO - [2024-04-12T01:44:43.982+0000] {dagbag.py:540} INFO - Filling up the DagBag from /home/airflow/.local/lib/python3.12/site-packages/airflow/example_dags/example_time_delta_sensor_async.py
[2024-04-12T01:44:43.985+0000] {processor.py:840} INFO - DAG(s) 'example_time_delta_sensor_async' retrieved from /home/airflow/.local/lib/python3.12/site-packages/airflow/example_dags/example_time_delta_sensor_async.py
[2024-04-12T01:44:43.999+0000] {logging_mixin.py:188} INFO - [2024-04-12T01:44:43.999+0000] {dag.py:3096} INFO - Sync 1 DAGs
[2024-04-12T01:44:44.007+0000] {logging_mixin.py:188} INFO - [2024-04-12T01:44:44.007+0000] {dag.py:3954} INFO - Setting next_dagrun for example_time_delta_sensor_async to None, run_after=None
[2024-04-12T01:44:44.016+0000] {processor.py:183} INFO - Processing /home/airflow/.local/lib/python3.12/site-packages/airflow/example_dags/example_time_delta_sensor_async.py took 0.039 seconds
[2024-04-12T01:45:14.353+0000] {processor.py:161} INFO - Started process (PID=521) to work on /home/airflow/.local/lib/python3.12/site-packages/airflow/example_dags/example_time_delta_sensor_async.py
[2024-04-12T01:45:14.354+0000] {processor.py:830} INFO - Processing file /home/airflow/.local/lib/python3.12/site-packages/airflow/example_dags/example_time_delta_sensor_async.py for tasks to queue
[2024-04-12T01:45:14.357+0000] {logging_mixin.py:188} INFO - [2024-04-12T01:45:14.356+0000] {dagbag.py:540} INFO - Filling up the DagBag from /home/airflow/.local/lib/python3.12/site-packages/airflow/example_dags/example_time_delta_sensor_async.py
[2024-04-12T01:45:14.362+0000] {processor.py:840} INFO - DAG(s) 'example_time_delta_sensor_async' retrieved from /home/airflow/.local/lib/python3.12/site-packages/airflow/example_dags/example_time_delta_sensor_async.py
[2024-04-12T01:45:14.375+0000] {logging_mixin.py:188} INFO - [2024-04-12T01:45:14.375+0000] {dag.py:3096} INFO - Sync 1 DAGs
[2024-04-12T01:45:14.382+0000] {logging_mixin.py:188} INFO - [2024-04-12T01:45:14.382+0000] {dag.py:3954} INFO - Setting next_dagrun for example_time_delta_sensor_async to None, run_after=None
[2024-04-12T01:45:14.390+0000] {processor.py:183} INFO - Processing /home/airflow/.local/lib/python3.12/site-packages/airflow/example_dags/example_time_delta_sensor_async.py took 0.044 seconds
[2024-04-12T01:45:44.709+0000] {processor.py:161} INFO - Started process (PID=579) to work on /home/airflow/.local/lib/python3.12/site-packages/airflow/example_dags/example_time_delta_sensor_async.py
[2024-04-12T01:45:44.711+0000] {processor.py:830} INFO - Processing file /home/airflow/.local/lib/python3.12/site-packages/airflow/example_dags/example_time_delta_sensor_async.py for tasks to queue
[2024-04-12T01:45:44.712+0000] {logging_mixin.py:188} INFO - [2024-04-12T01:45:44.712+0000] {dagbag.py:540} INFO - Filling up the DagBag from /home/airflow/.local/lib/python3.12/site-packages/airflow/example_dags/example_time_delta_sensor_async.py
[2024-04-12T01:45:44.715+0000] {processor.py:840} INFO - DAG(s) 'example_time_delta_sensor_async' retrieved from /home/airflow/.local/lib/python3.12/site-packages/airflow/example_dags/example_time_delta_sensor_async.py
[2024-04-12T01:45:44.729+0000] {logging_mixin.py:188} INFO - [2024-04-12T01:45:44.729+0000] {dag.py:3096} INFO - Sync 1 DAGs
[2024-04-12T01:45:44.739+0000] {logging_mixin.py:188} INFO - [2024-04-12T01:45:44.739+0000] {dag.py:3954} INFO - Setting next_dagrun for example_time_delta_sensor_async to None, run_after=None
[2024-04-12T01:45:44.755+0000] {processor.py:183} INFO - Processing /home/airflow/.local/lib/python3.12/site-packages/airflow/example_dags/example_time_delta_sensor_async.py took 0.050 seconds
[2024-04-12T01:46:15.041+0000] {processor.py:161} INFO - Started process (PID=637) to work on /home/airflow/.local/lib/python3.12/site-packages/airflow/example_dags/example_time_delta_sensor_async.py
[2024-04-12T01:46:15.042+0000] {processor.py:830} INFO - Processing file /home/airflow/.local/lib/python3.12/site-packages/airflow/example_dags/example_time_delta_sensor_async.py for tasks to queue
[2024-04-12T01:46:15.044+0000] {logging_mixin.py:188} INFO - [2024-04-12T01:46:15.044+0000] {dagbag.py:540} INFO - Filling up the DagBag from /home/airflow/.local/lib/python3.12/site-packages/airflow/example_dags/example_time_delta_sensor_async.py
[2024-04-12T01:46:15.051+0000] {processor.py:840} INFO - DAG(s) 'example_time_delta_sensor_async' retrieved from /home/airflow/.local/lib/python3.12/site-packages/airflow/example_dags/example_time_delta_sensor_async.py
[2024-04-12T01:46:15.073+0000] {logging_mixin.py:188} INFO - [2024-04-12T01:46:15.073+0000] {dag.py:3096} INFO - Sync 1 DAGs
[2024-04-12T01:46:15.087+0000] {logging_mixin.py:188} INFO - [2024-04-12T01:46:15.087+0000] {dag.py:3954} INFO - Setting next_dagrun for example_time_delta_sensor_async to None, run_after=None
[2024-04-12T01:46:15.101+0000] {processor.py:183} INFO - Processing /home/airflow/.local/lib/python3.12/site-packages/airflow/example_dags/example_time_delta_sensor_async.py took 0.066 seconds
[2024-04-12T01:46:45.214+0000] {processor.py:161} INFO - Started process (PID=695) to work on /home/airflow/.local/lib/python3.12/site-packages/airflow/example_dags/example_time_delta_sensor_async.py
[2024-04-12T01:46:45.215+0000] {processor.py:830} INFO - Processing file /home/airflow/.local/lib/python3.12/site-packages/airflow/example_dags/example_time_delta_sensor_async.py for tasks to queue
[2024-04-12T01:46:45.218+0000] {logging_mixin.py:188} INFO - [2024-04-12T01:46:45.218+0000] {dagbag.py:540} INFO - Filling up the DagBag from /home/airflow/.local/lib/python3.12/site-packages/airflow/example_dags/example_time_delta_sensor_async.py
[2024-04-12T01:46:45.228+0000] {processor.py:840} INFO - DAG(s) 'example_time_delta_sensor_async' retrieved from /home/airflow/.local/lib/python3.12/site-packages/airflow/example_dags/example_time_delta_sensor_async.py
[2024-04-12T01:46:45.267+0000] {logging_mixin.py:188} INFO - [2024-04-12T01:46:45.267+0000] {dag.py:3096} INFO - Sync 1 DAGs
[2024-04-12T01:46:45.289+0000] {logging_mixin.py:188} INFO - [2024-04-12T01:46:45.288+0000] {dag.py:3954} INFO - Setting next_dagrun for example_time_delta_sensor_async to None, run_after=None
[2024-04-12T01:46:45.313+0000] {processor.py:183} INFO - Processing /home/airflow/.local/lib/python3.12/site-packages/airflow/example_dags/example_time_delta_sensor_async.py took 0.105 seconds
[2024-04-12T01:47:16.324+0000] {processor.py:161} INFO - Started process (PID=753) to work on /home/airflow/.local/lib/python3.12/site-packages/airflow/example_dags/example_time_delta_sensor_async.py
[2024-04-12T01:47:16.327+0000] {processor.py:830} INFO - Processing file /home/airflow/.local/lib/python3.12/site-packages/airflow/example_dags/example_time_delta_sensor_async.py for tasks to queue
[2024-04-12T01:47:16.329+0000] {logging_mixin.py:188} INFO - [2024-04-12T01:47:16.329+0000] {dagbag.py:540} INFO - Filling up the DagBag from /home/airflow/.local/lib/python3.12/site-packages/airflow/example_dags/example_time_delta_sensor_async.py
[2024-04-12T01:47:16.338+0000] {processor.py:840} INFO - DAG(s) 'example_time_delta_sensor_async' retrieved from /home/airflow/.local/lib/python3.12/site-packages/airflow/example_dags/example_time_delta_sensor_async.py
[2024-04-12T01:47:16.393+0000] {logging_mixin.py:188} INFO - [2024-04-12T01:47:16.391+0000] {dag.py:3096} INFO - Sync 1 DAGs
[2024-04-12T01:47:16.408+0000] {logging_mixin.py:188} INFO - [2024-04-12T01:47:16.407+0000] {dag.py:3954} INFO - Setting next_dagrun for example_time_delta_sensor_async to None, run_after=None
[2024-04-12T01:47:16.438+0000] {processor.py:183} INFO - Processing /home/airflow/.local/lib/python3.12/site-packages/airflow/example_dags/example_time_delta_sensor_async.py took 0.145 seconds
[2024-04-12T01:47:47.405+0000] {processor.py:161} INFO - Started process (PID=810) to work on /home/airflow/.local/lib/python3.12/site-packages/airflow/example_dags/example_time_delta_sensor_async.py
[2024-04-12T01:47:47.408+0000] {processor.py:830} INFO - Processing file /home/airflow/.local/lib/python3.12/site-packages/airflow/example_dags/example_time_delta_sensor_async.py for tasks to queue
[2024-04-12T01:47:47.413+0000] {logging_mixin.py:188} INFO - [2024-04-12T01:47:47.413+0000] {dagbag.py:540} INFO - Filling up the DagBag from /home/airflow/.local/lib/python3.12/site-packages/airflow/example_dags/example_time_delta_sensor_async.py
[2024-04-12T01:47:47.422+0000] {processor.py:840} INFO - DAG(s) 'example_time_delta_sensor_async' retrieved from /home/airflow/.local/lib/python3.12/site-packages/airflow/example_dags/example_time_delta_sensor_async.py
[2024-04-12T01:47:47.454+0000] {logging_mixin.py:188} INFO - [2024-04-12T01:47:47.454+0000] {dag.py:3096} INFO - Sync 1 DAGs
[2024-04-12T01:47:47.475+0000] {logging_mixin.py:188} INFO - [2024-04-12T01:47:47.475+0000] {dag.py:3954} INFO - Setting next_dagrun for example_time_delta_sensor_async to None, run_after=None
[2024-04-12T01:47:47.495+0000] {processor.py:183} INFO - Processing /home/airflow/.local/lib/python3.12/site-packages/airflow/example_dags/example_time_delta_sensor_async.py took 0.121 seconds
[2024-04-12T01:48:17.565+0000] {processor.py:161} INFO - Started process (PID=868) to work on /home/airflow/.local/lib/python3.12/site-packages/airflow/example_dags/example_time_delta_sensor_async.py
[2024-04-12T01:48:17.566+0000] {processor.py:830} INFO - Processing file /home/airflow/.local/lib/python3.12/site-packages/airflow/example_dags/example_time_delta_sensor_async.py for tasks to queue
[2024-04-12T01:48:17.569+0000] {logging_mixin.py:188} INFO - [2024-04-12T01:48:17.568+0000] {dagbag.py:540} INFO - Filling up the DagBag from /home/airflow/.local/lib/python3.12/site-packages/airflow/example_dags/example_time_delta_sensor_async.py
[2024-04-12T01:48:17.573+0000] {processor.py:840} INFO - DAG(s) 'example_time_delta_sensor_async' retrieved from /home/airflow/.local/lib/python3.12/site-packages/airflow/example_dags/example_time_delta_sensor_async.py
[2024-04-12T01:48:17.598+0000] {logging_mixin.py:188} INFO - [2024-04-12T01:48:17.597+0000] {dag.py:3096} INFO - Sync 1 DAGs
[2024-04-12T01:48:17.609+0000] {logging_mixin.py:188} INFO - [2024-04-12T01:48:17.609+0000] {dag.py:3954} INFO - Setting next_dagrun for example_time_delta_sensor_async to None, run_after=None
[2024-04-12T01:48:17.623+0000] {processor.py:183} INFO - Processing /home/airflow/.local/lib/python3.12/site-packages/airflow/example_dags/example_time_delta_sensor_async.py took 0.064 seconds
[2024-04-12T01:48:48.195+0000] {processor.py:161} INFO - Started process (PID=926) to work on /home/airflow/.local/lib/python3.12/site-packages/airflow/example_dags/example_time_delta_sensor_async.py
[2024-04-12T01:48:48.197+0000] {processor.py:830} INFO - Processing file /home/airflow/.local/lib/python3.12/site-packages/airflow/example_dags/example_time_delta_sensor_async.py for tasks to queue
[2024-04-12T01:48:48.200+0000] {logging_mixin.py:188} INFO - [2024-04-12T01:48:48.199+0000] {dagbag.py:540} INFO - Filling up the DagBag from /home/airflow/.local/lib/python3.12/site-packages/airflow/example_dags/example_time_delta_sensor_async.py
[2024-04-12T01:48:48.204+0000] {processor.py:840} INFO - DAG(s) 'example_time_delta_sensor_async' retrieved from /home/airflow/.local/lib/python3.12/site-packages/airflow/example_dags/example_time_delta_sensor_async.py
[2024-04-12T01:48:48.227+0000] {logging_mixin.py:188} INFO - [2024-04-12T01:48:48.227+0000] {dag.py:3096} INFO - Sync 1 DAGs
[2024-04-12T01:48:48.248+0000] {logging_mixin.py:188} INFO - [2024-04-12T01:48:48.248+0000] {dag.py:3954} INFO - Setting next_dagrun for example_time_delta_sensor_async to None, run_after=None
[2024-04-12T01:48:48.264+0000] {processor.py:183} INFO - Processing /home/airflow/.local/lib/python3.12/site-packages/airflow/example_dags/example_time_delta_sensor_async.py took 0.076 seconds
[2024-04-12T01:49:18.527+0000] {processor.py:161} INFO - Started process (PID=983) to work on /home/airflow/.local/lib/python3.12/site-packages/airflow/example_dags/example_time_delta_sensor_async.py
[2024-04-12T01:49:18.529+0000] {processor.py:830} INFO - Processing file /home/airflow/.local/lib/python3.12/site-packages/airflow/example_dags/example_time_delta_sensor_async.py for tasks to queue
[2024-04-12T01:49:18.533+0000] {logging_mixin.py:188} INFO - [2024-04-12T01:49:18.533+0000] {dagbag.py:540} INFO - Filling up the DagBag from /home/airflow/.local/lib/python3.12/site-packages/airflow/example_dags/example_time_delta_sensor_async.py
[2024-04-12T01:49:18.542+0000] {processor.py:840} INFO - DAG(s) 'example_time_delta_sensor_async' retrieved from /home/airflow/.local/lib/python3.12/site-packages/airflow/example_dags/example_time_delta_sensor_async.py
[2024-04-12T01:49:18.566+0000] {logging_mixin.py:188} INFO - [2024-04-12T01:49:18.566+0000] {dag.py:3096} INFO - Sync 1 DAGs
[2024-04-12T01:49:18.577+0000] {logging_mixin.py:188} INFO - [2024-04-12T01:49:18.577+0000] {dag.py:3954} INFO - Setting next_dagrun for example_time_delta_sensor_async to None, run_after=None
[2024-04-12T01:49:18.601+0000] {processor.py:183} INFO - Processing /home/airflow/.local/lib/python3.12/site-packages/airflow/example_dags/example_time_delta_sensor_async.py took 0.090 seconds
[2024-04-12T01:49:48.712+0000] {processor.py:161} INFO - Started process (PID=1039) to work on /home/airflow/.local/lib/python3.12/site-packages/airflow/example_dags/example_time_delta_sensor_async.py
[2024-04-12T01:49:48.713+0000] {processor.py:830} INFO - Processing file /home/airflow/.local/lib/python3.12/site-packages/airflow/example_dags/example_time_delta_sensor_async.py for tasks to queue
[2024-04-12T01:49:48.717+0000] {logging_mixin.py:188} INFO - [2024-04-12T01:49:48.716+0000] {dagbag.py:540} INFO - Filling up the DagBag from /home/airflow/.local/lib/python3.12/site-packages/airflow/example_dags/example_time_delta_sensor_async.py
[2024-04-12T01:49:48.724+0000] {processor.py:840} INFO - DAG(s) 'example_time_delta_sensor_async' retrieved from /home/airflow/.local/lib/python3.12/site-packages/airflow/example_dags/example_time_delta_sensor_async.py
[2024-04-12T01:49:48.759+0000] {logging_mixin.py:188} INFO - [2024-04-12T01:49:48.759+0000] {dag.py:3096} INFO - Sync 1 DAGs
[2024-04-12T01:49:48.790+0000] {logging_mixin.py:188} INFO - [2024-04-12T01:49:48.789+0000] {dag.py:3954} INFO - Setting next_dagrun for example_time_delta_sensor_async to None, run_after=None
[2024-04-12T01:49:48.811+0000] {processor.py:183} INFO - Processing /home/airflow/.local/lib/python3.12/site-packages/airflow/example_dags/example_time_delta_sensor_async.py took 0.108 seconds
[2024-04-12T01:50:18.835+0000] {processor.py:161} INFO - Started process (PID=1097) to work on /home/airflow/.local/lib/python3.12/site-packages/airflow/example_dags/example_time_delta_sensor_async.py
[2024-04-12T01:50:18.838+0000] {processor.py:830} INFO - Processing file /home/airflow/.local/lib/python3.12/site-packages/airflow/example_dags/example_time_delta_sensor_async.py for tasks to queue
[2024-04-12T01:50:18.841+0000] {logging_mixin.py:188} INFO - [2024-04-12T01:50:18.840+0000] {dagbag.py:540} INFO - Filling up the DagBag from /home/airflow/.local/lib/python3.12/site-packages/airflow/example_dags/example_time_delta_sensor_async.py
[2024-04-12T01:50:18.847+0000] {processor.py:840} INFO - DAG(s) 'example_time_delta_sensor_async' retrieved from /home/airflow/.local/lib/python3.12/site-packages/airflow/example_dags/example_time_delta_sensor_async.py
[2024-04-12T01:50:18.862+0000] {logging_mixin.py:188} INFO - [2024-04-12T01:50:18.862+0000] {dag.py:3096} INFO - Sync 1 DAGs
[2024-04-12T01:50:18.869+0000] {logging_mixin.py:188} INFO - [2024-04-12T01:50:18.869+0000] {dag.py:3954} INFO - Setting next_dagrun for example_time_delta_sensor_async to None, run_after=None
[2024-04-12T01:50:19.006+0000] {processor.py:183} INFO - Processing /home/airflow/.local/lib/python3.12/site-packages/airflow/example_dags/example_time_delta_sensor_async.py took 0.176 seconds
[2024-04-12T01:50:49.317+0000] {processor.py:161} INFO - Started process (PID=1155) to work on /home/airflow/.local/lib/python3.12/site-packages/airflow/example_dags/example_time_delta_sensor_async.py
[2024-04-12T01:50:49.318+0000] {processor.py:830} INFO - Processing file /home/airflow/.local/lib/python3.12/site-packages/airflow/example_dags/example_time_delta_sensor_async.py for tasks to queue
[2024-04-12T01:50:49.319+0000] {logging_mixin.py:188} INFO - [2024-04-12T01:50:49.319+0000] {dagbag.py:540} INFO - Filling up the DagBag from /home/airflow/.local/lib/python3.12/site-packages/airflow/example_dags/example_time_delta_sensor_async.py
[2024-04-12T01:50:49.323+0000] {processor.py:840} INFO - DAG(s) 'example_time_delta_sensor_async' retrieved from /home/airflow/.local/lib/python3.12/site-packages/airflow/example_dags/example_time_delta_sensor_async.py
[2024-04-12T01:50:49.333+0000] {logging_mixin.py:188} INFO - [2024-04-12T01:50:49.333+0000] {dag.py:3096} INFO - Sync 1 DAGs
[2024-04-12T01:50:49.339+0000] {logging_mixin.py:188} INFO - [2024-04-12T01:50:49.339+0000] {dag.py:3954} INFO - Setting next_dagrun for example_time_delta_sensor_async to None, run_after=None
[2024-04-12T01:50:49.349+0000] {processor.py:183} INFO - Processing /home/airflow/.local/lib/python3.12/site-packages/airflow/example_dags/example_time_delta_sensor_async.py took 0.036 seconds
[2024-04-12T01:51:20.243+0000] {processor.py:161} INFO - Started process (PID=1213) to work on /home/airflow/.local/lib/python3.12/site-packages/airflow/example_dags/example_time_delta_sensor_async.py
[2024-04-12T01:51:20.245+0000] {processor.py:830} INFO - Processing file /home/airflow/.local/lib/python3.12/site-packages/airflow/example_dags/example_time_delta_sensor_async.py for tasks to queue
[2024-04-12T01:51:20.248+0000] {logging_mixin.py:188} INFO - [2024-04-12T01:51:20.247+0000] {dagbag.py:540} INFO - Filling up the DagBag from /home/airflow/.local/lib/python3.12/site-packages/airflow/example_dags/example_time_delta_sensor_async.py
[2024-04-12T01:51:20.258+0000] {processor.py:840} INFO - DAG(s) 'example_time_delta_sensor_async' retrieved from /home/airflow/.local/lib/python3.12/site-packages/airflow/example_dags/example_time_delta_sensor_async.py
[2024-04-12T01:51:20.304+0000] {logging_mixin.py:188} INFO - [2024-04-12T01:51:20.303+0000] {dag.py:3096} INFO - Sync 1 DAGs
[2024-04-12T01:51:20.313+0000] {logging_mixin.py:188} INFO - [2024-04-12T01:51:20.313+0000] {dag.py:3954} INFO - Setting next_dagrun for example_time_delta_sensor_async to None, run_after=None
[2024-04-12T01:51:20.328+0000] {processor.py:183} INFO - Processing /home/airflow/.local/lib/python3.12/site-packages/airflow/example_dags/example_time_delta_sensor_async.py took 0.091 seconds
[2024-04-12T01:51:51.404+0000] {processor.py:161} INFO - Started process (PID=1271) to work on /home/airflow/.local/lib/python3.12/site-packages/airflow/example_dags/example_time_delta_sensor_async.py
[2024-04-12T01:51:51.408+0000] {processor.py:830} INFO - Processing file /home/airflow/.local/lib/python3.12/site-packages/airflow/example_dags/example_time_delta_sensor_async.py for tasks to queue
[2024-04-12T01:51:51.409+0000] {logging_mixin.py:188} INFO - [2024-04-12T01:51:51.409+0000] {dagbag.py:540} INFO - Filling up the DagBag from /home/airflow/.local/lib/python3.12/site-packages/airflow/example_dags/example_time_delta_sensor_async.py
[2024-04-12T01:51:51.413+0000] {processor.py:840} INFO - DAG(s) 'example_time_delta_sensor_async' retrieved from /home/airflow/.local/lib/python3.12/site-packages/airflow/example_dags/example_time_delta_sensor_async.py
[2024-04-12T01:51:51.425+0000] {logging_mixin.py:188} INFO - [2024-04-12T01:51:51.425+0000] {dag.py:3096} INFO - Sync 1 DAGs
[2024-04-12T01:51:51.431+0000] {logging_mixin.py:188} INFO - [2024-04-12T01:51:51.431+0000] {dag.py:3954} INFO - Setting next_dagrun for example_time_delta_sensor_async to None, run_after=None
[2024-04-12T01:51:51.441+0000] {processor.py:183} INFO - Processing /home/airflow/.local/lib/python3.12/site-packages/airflow/example_dags/example_time_delta_sensor_async.py took 0.043 seconds
[2024-04-12T01:52:22.594+0000] {processor.py:161} INFO - Started process (PID=1329) to work on /home/airflow/.local/lib/python3.12/site-packages/airflow/example_dags/example_time_delta_sensor_async.py
[2024-04-12T01:52:22.595+0000] {processor.py:830} INFO - Processing file /home/airflow/.local/lib/python3.12/site-packages/airflow/example_dags/example_time_delta_sensor_async.py for tasks to queue
[2024-04-12T01:52:22.597+0000] {logging_mixin.py:188} INFO - [2024-04-12T01:52:22.597+0000] {dagbag.py:540} INFO - Filling up the DagBag from /home/airflow/.local/lib/python3.12/site-packages/airflow/example_dags/example_time_delta_sensor_async.py
[2024-04-12T01:52:22.600+0000] {processor.py:840} INFO - DAG(s) 'example_time_delta_sensor_async' retrieved from /home/airflow/.local/lib/python3.12/site-packages/airflow/example_dags/example_time_delta_sensor_async.py
[2024-04-12T01:52:22.612+0000] {logging_mixin.py:188} INFO - [2024-04-12T01:52:22.612+0000] {dag.py:3096} INFO - Sync 1 DAGs
[2024-04-12T01:52:22.621+0000] {logging_mixin.py:188} INFO - [2024-04-12T01:52:22.621+0000] {dag.py:3954} INFO - Setting next_dagrun for example_time_delta_sensor_async to None, run_after=None
[2024-04-12T01:52:22.631+0000] {processor.py:183} INFO - Processing /home/airflow/.local/lib/python3.12/site-packages/airflow/example_dags/example_time_delta_sensor_async.py took 0.040 seconds
[2024-04-12T01:52:54.377+0000] {processor.py:161} INFO - Started process (PID=1387) to work on /home/airflow/.local/lib/python3.12/site-packages/airflow/example_dags/example_time_delta_sensor_async.py
[2024-04-12T01:52:54.382+0000] {processor.py:830} INFO - Processing file /home/airflow/.local/lib/python3.12/site-packages/airflow/example_dags/example_time_delta_sensor_async.py for tasks to queue
[2024-04-12T01:52:54.391+0000] {logging_mixin.py:188} INFO - [2024-04-12T01:52:54.391+0000] {dagbag.py:540} INFO - Filling up the DagBag from /home/airflow/.local/lib/python3.12/site-packages/airflow/example_dags/example_time_delta_sensor_async.py
[2024-04-12T01:52:54.398+0000] {processor.py:840} INFO - DAG(s) 'example_time_delta_sensor_async' retrieved from /home/airflow/.local/lib/python3.12/site-packages/airflow/example_dags/example_time_delta_sensor_async.py
[2024-04-12T01:52:54.424+0000] {logging_mixin.py:188} INFO - [2024-04-12T01:52:54.424+0000] {dag.py:3096} INFO - Sync 1 DAGs
[2024-04-12T01:52:54.436+0000] {logging_mixin.py:188} INFO - [2024-04-12T01:52:54.436+0000] {dag.py:3954} INFO - Setting next_dagrun for example_time_delta_sensor_async to None, run_after=None
[2024-04-12T01:52:56.058+0000] {logging_mixin.py:188} INFO - [2024-04-12T01:52:56.058+0000] {process_utils.py:263} INFO - Waiting up to 5 seconds for processes to exit...
