[2024-04-12T01:41:16.275+0000] {processor.py:161} INFO - Started process (PID=64) to work on /home/airflow/.local/lib/python3.12/site-packages/airflow/example_dags/example_setup_teardown.py
[2024-04-12T01:41:16.340+0000] {processor.py:830} INFO - Processing file /home/airflow/.local/lib/python3.12/site-packages/airflow/example_dags/example_setup_teardown.py for tasks to queue
[2024-04-12T01:41:16.374+0000] {logging_mixin.py:188} INFO - [2024-04-12T01:41:16.369+0000] {dagbag.py:540} INFO - Filling up the DagBag from /home/airflow/.local/lib/python3.12/site-packages/airflow/example_dags/example_setup_teardown.py
[2024-04-12T01:41:16.407+0000] {processor.py:840} INFO - DAG(s) 'example_setup_teardown' retrieved from /home/airflow/.local/lib/python3.12/site-packages/airflow/example_dags/example_setup_teardown.py
[2024-04-12T01:41:16.812+0000] {logging_mixin.py:188} INFO - [2024-04-12T01:41:16.811+0000] {dag.py:3096} INFO - Sync 1 DAGs
[2024-04-12T01:41:16.881+0000] {logging_mixin.py:188} INFO - [2024-04-12T01:41:16.880+0000] {dag.py:3954} INFO - Setting next_dagrun for example_setup_teardown to 2024-04-11 00:00:00+00:00, run_after=2024-04-12 00:00:00+00:00
[2024-04-12T01:41:16.929+0000] {processor.py:183} INFO - Processing /home/airflow/.local/lib/python3.12/site-packages/airflow/example_dags/example_setup_teardown.py took 0.677 seconds
[2024-04-12T01:41:47.491+0000] {processor.py:161} INFO - Started process (PID=122) to work on /home/airflow/.local/lib/python3.12/site-packages/airflow/example_dags/example_setup_teardown.py
[2024-04-12T01:41:47.494+0000] {processor.py:830} INFO - Processing file /home/airflow/.local/lib/python3.12/site-packages/airflow/example_dags/example_setup_teardown.py for tasks to queue
[2024-04-12T01:41:47.496+0000] {logging_mixin.py:188} INFO - [2024-04-12T01:41:47.496+0000] {dagbag.py:540} INFO - Filling up the DagBag from /home/airflow/.local/lib/python3.12/site-packages/airflow/example_dags/example_setup_teardown.py
[2024-04-12T01:41:47.510+0000] {processor.py:840} INFO - DAG(s) 'example_setup_teardown' retrieved from /home/airflow/.local/lib/python3.12/site-packages/airflow/example_dags/example_setup_teardown.py
[2024-04-12T01:41:47.524+0000] {logging_mixin.py:188} INFO - [2024-04-12T01:41:47.524+0000] {dag.py:3096} INFO - Sync 1 DAGs
[2024-04-12T01:41:47.537+0000] {logging_mixin.py:188} INFO - [2024-04-12T01:41:47.537+0000] {dag.py:3954} INFO - Setting next_dagrun for example_setup_teardown to 2024-04-11 00:00:00+00:00, run_after=2024-04-12 00:00:00+00:00
[2024-04-12T01:41:47.555+0000] {processor.py:183} INFO - Processing /home/airflow/.local/lib/python3.12/site-packages/airflow/example_dags/example_setup_teardown.py took 0.068 seconds
[2024-04-12T01:42:18.463+0000] {processor.py:161} INFO - Started process (PID=180) to work on /home/airflow/.local/lib/python3.12/site-packages/airflow/example_dags/example_setup_teardown.py
[2024-04-12T01:42:18.466+0000] {processor.py:830} INFO - Processing file /home/airflow/.local/lib/python3.12/site-packages/airflow/example_dags/example_setup_teardown.py for tasks to queue
[2024-04-12T01:42:18.470+0000] {logging_mixin.py:188} INFO - [2024-04-12T01:42:18.469+0000] {dagbag.py:540} INFO - Filling up the DagBag from /home/airflow/.local/lib/python3.12/site-packages/airflow/example_dags/example_setup_teardown.py
[2024-04-12T01:42:18.476+0000] {processor.py:840} INFO - DAG(s) 'example_setup_teardown' retrieved from /home/airflow/.local/lib/python3.12/site-packages/airflow/example_dags/example_setup_teardown.py
[2024-04-12T01:42:18.490+0000] {logging_mixin.py:188} INFO - [2024-04-12T01:42:18.490+0000] {dag.py:3096} INFO - Sync 1 DAGs
[2024-04-12T01:42:18.502+0000] {logging_mixin.py:188} INFO - [2024-04-12T01:42:18.502+0000] {dag.py:3954} INFO - Setting next_dagrun for example_setup_teardown to 2024-04-11 00:00:00+00:00, run_after=2024-04-12 00:00:00+00:00
[2024-04-12T01:42:18.521+0000] {processor.py:183} INFO - Processing /home/airflow/.local/lib/python3.12/site-packages/airflow/example_dags/example_setup_teardown.py took 0.072 seconds
[2024-04-12T01:42:48.665+0000] {processor.py:161} INFO - Started process (PID=238) to work on /home/airflow/.local/lib/python3.12/site-packages/airflow/example_dags/example_setup_teardown.py
[2024-04-12T01:42:48.665+0000] {processor.py:830} INFO - Processing file /home/airflow/.local/lib/python3.12/site-packages/airflow/example_dags/example_setup_teardown.py for tasks to queue
[2024-04-12T01:42:48.666+0000] {logging_mixin.py:188} INFO - [2024-04-12T01:42:48.666+0000] {dagbag.py:540} INFO - Filling up the DagBag from /home/airflow/.local/lib/python3.12/site-packages/airflow/example_dags/example_setup_teardown.py
[2024-04-12T01:42:48.670+0000] {processor.py:840} INFO - DAG(s) 'example_setup_teardown' retrieved from /home/airflow/.local/lib/python3.12/site-packages/airflow/example_dags/example_setup_teardown.py
[2024-04-12T01:42:48.682+0000] {logging_mixin.py:188} INFO - [2024-04-12T01:42:48.682+0000] {dag.py:3096} INFO - Sync 1 DAGs
[2024-04-12T01:42:48.694+0000] {logging_mixin.py:188} INFO - [2024-04-12T01:42:48.693+0000] {dag.py:3954} INFO - Setting next_dagrun for example_setup_teardown to 2024-04-11 00:00:00+00:00, run_after=2024-04-12 00:00:00+00:00
[2024-04-12T01:42:48.703+0000] {processor.py:183} INFO - Processing /home/airflow/.local/lib/python3.12/site-packages/airflow/example_dags/example_setup_teardown.py took 0.041 seconds
[2024-04-12T01:43:19.173+0000] {processor.py:161} INFO - Started process (PID=296) to work on /home/airflow/.local/lib/python3.12/site-packages/airflow/example_dags/example_setup_teardown.py
[2024-04-12T01:43:19.174+0000] {processor.py:830} INFO - Processing file /home/airflow/.local/lib/python3.12/site-packages/airflow/example_dags/example_setup_teardown.py for tasks to queue
[2024-04-12T01:43:19.175+0000] {logging_mixin.py:188} INFO - [2024-04-12T01:43:19.174+0000] {dagbag.py:540} INFO - Filling up the DagBag from /home/airflow/.local/lib/python3.12/site-packages/airflow/example_dags/example_setup_teardown.py
[2024-04-12T01:43:19.179+0000] {processor.py:840} INFO - DAG(s) 'example_setup_teardown' retrieved from /home/airflow/.local/lib/python3.12/site-packages/airflow/example_dags/example_setup_teardown.py
[2024-04-12T01:43:19.196+0000] {logging_mixin.py:188} INFO - [2024-04-12T01:43:19.195+0000] {dag.py:3096} INFO - Sync 1 DAGs
[2024-04-12T01:43:19.206+0000] {logging_mixin.py:188} INFO - [2024-04-12T01:43:19.206+0000] {dag.py:3954} INFO - Setting next_dagrun for example_setup_teardown to 2024-04-11 00:00:00+00:00, run_after=2024-04-12 00:00:00+00:00
[2024-04-12T01:43:19.217+0000] {processor.py:183} INFO - Processing /home/airflow/.local/lib/python3.12/site-packages/airflow/example_dags/example_setup_teardown.py took 0.047 seconds
[2024-04-12T01:43:49.657+0000] {processor.py:161} INFO - Started process (PID=354) to work on /home/airflow/.local/lib/python3.12/site-packages/airflow/example_dags/example_setup_teardown.py
[2024-04-12T01:43:49.657+0000] {processor.py:830} INFO - Processing file /home/airflow/.local/lib/python3.12/site-packages/airflow/example_dags/example_setup_teardown.py for tasks to queue
[2024-04-12T01:43:49.658+0000] {logging_mixin.py:188} INFO - [2024-04-12T01:43:49.658+0000] {dagbag.py:540} INFO - Filling up the DagBag from /home/airflow/.local/lib/python3.12/site-packages/airflow/example_dags/example_setup_teardown.py
[2024-04-12T01:43:49.662+0000] {processor.py:840} INFO - DAG(s) 'example_setup_teardown' retrieved from /home/airflow/.local/lib/python3.12/site-packages/airflow/example_dags/example_setup_teardown.py
[2024-04-12T01:43:49.674+0000] {logging_mixin.py:188} INFO - [2024-04-12T01:43:49.674+0000] {dag.py:3096} INFO - Sync 1 DAGs
[2024-04-12T01:43:49.684+0000] {logging_mixin.py:188} INFO - [2024-04-12T01:43:49.684+0000] {dag.py:3954} INFO - Setting next_dagrun for example_setup_teardown to 2024-04-11 00:00:00+00:00, run_after=2024-04-12 00:00:00+00:00
[2024-04-12T01:43:49.697+0000] {processor.py:183} INFO - Processing /home/airflow/.local/lib/python3.12/site-packages/airflow/example_dags/example_setup_teardown.py took 0.043 seconds
[2024-04-12T01:44:19.836+0000] {processor.py:161} INFO - Started process (PID=412) to work on /home/airflow/.local/lib/python3.12/site-packages/airflow/example_dags/example_setup_teardown.py
[2024-04-12T01:44:19.840+0000] {processor.py:830} INFO - Processing file /home/airflow/.local/lib/python3.12/site-packages/airflow/example_dags/example_setup_teardown.py for tasks to queue
[2024-04-12T01:44:19.844+0000] {logging_mixin.py:188} INFO - [2024-04-12T01:44:19.843+0000] {dagbag.py:540} INFO - Filling up the DagBag from /home/airflow/.local/lib/python3.12/site-packages/airflow/example_dags/example_setup_teardown.py
[2024-04-12T01:44:19.864+0000] {processor.py:840} INFO - DAG(s) 'example_setup_teardown' retrieved from /home/airflow/.local/lib/python3.12/site-packages/airflow/example_dags/example_setup_teardown.py
[2024-04-12T01:44:19.880+0000] {logging_mixin.py:188} INFO - [2024-04-12T01:44:19.880+0000] {dag.py:3096} INFO - Sync 1 DAGs
[2024-04-12T01:44:19.893+0000] {logging_mixin.py:188} INFO - [2024-04-12T01:44:19.893+0000] {dag.py:3954} INFO - Setting next_dagrun for example_setup_teardown to 2024-04-11 00:00:00+00:00, run_after=2024-04-12 00:00:00+00:00
[2024-04-12T01:44:19.902+0000] {processor.py:183} INFO - Processing /home/airflow/.local/lib/python3.12/site-packages/airflow/example_dags/example_setup_teardown.py took 0.073 seconds
[2024-04-12T01:44:50.430+0000] {processor.py:161} INFO - Started process (PID=470) to work on /home/airflow/.local/lib/python3.12/site-packages/airflow/example_dags/example_setup_teardown.py
[2024-04-12T01:44:50.431+0000] {processor.py:830} INFO - Processing file /home/airflow/.local/lib/python3.12/site-packages/airflow/example_dags/example_setup_teardown.py for tasks to queue
[2024-04-12T01:44:50.432+0000] {logging_mixin.py:188} INFO - [2024-04-12T01:44:50.432+0000] {dagbag.py:540} INFO - Filling up the DagBag from /home/airflow/.local/lib/python3.12/site-packages/airflow/example_dags/example_setup_teardown.py
[2024-04-12T01:44:50.437+0000] {processor.py:840} INFO - DAG(s) 'example_setup_teardown' retrieved from /home/airflow/.local/lib/python3.12/site-packages/airflow/example_dags/example_setup_teardown.py
[2024-04-12T01:44:50.448+0000] {logging_mixin.py:188} INFO - [2024-04-12T01:44:50.448+0000] {dag.py:3096} INFO - Sync 1 DAGs
[2024-04-12T01:44:50.458+0000] {logging_mixin.py:188} INFO - [2024-04-12T01:44:50.458+0000] {dag.py:3954} INFO - Setting next_dagrun for example_setup_teardown to 2024-04-11 00:00:00+00:00, run_after=2024-04-12 00:00:00+00:00
[2024-04-12T01:44:50.466+0000] {processor.py:183} INFO - Processing /home/airflow/.local/lib/python3.12/site-packages/airflow/example_dags/example_setup_teardown.py took 0.039 seconds
[2024-04-12T01:45:20.722+0000] {processor.py:161} INFO - Started process (PID=528) to work on /home/airflow/.local/lib/python3.12/site-packages/airflow/example_dags/example_setup_teardown.py
[2024-04-12T01:45:20.724+0000] {processor.py:830} INFO - Processing file /home/airflow/.local/lib/python3.12/site-packages/airflow/example_dags/example_setup_teardown.py for tasks to queue
[2024-04-12T01:45:20.725+0000] {logging_mixin.py:188} INFO - [2024-04-12T01:45:20.725+0000] {dagbag.py:540} INFO - Filling up the DagBag from /home/airflow/.local/lib/python3.12/site-packages/airflow/example_dags/example_setup_teardown.py
[2024-04-12T01:45:20.729+0000] {processor.py:840} INFO - DAG(s) 'example_setup_teardown' retrieved from /home/airflow/.local/lib/python3.12/site-packages/airflow/example_dags/example_setup_teardown.py
[2024-04-12T01:45:20.742+0000] {logging_mixin.py:188} INFO - [2024-04-12T01:45:20.741+0000] {dag.py:3096} INFO - Sync 1 DAGs
[2024-04-12T01:45:20.753+0000] {logging_mixin.py:188} INFO - [2024-04-12T01:45:20.753+0000] {dag.py:3954} INFO - Setting next_dagrun for example_setup_teardown to 2024-04-11 00:00:00+00:00, run_after=2024-04-12 00:00:00+00:00
[2024-04-12T01:45:20.761+0000] {processor.py:183} INFO - Processing /home/airflow/.local/lib/python3.12/site-packages/airflow/example_dags/example_setup_teardown.py took 0.042 seconds
[2024-04-12T01:45:51.198+0000] {processor.py:161} INFO - Started process (PID=586) to work on /home/airflow/.local/lib/python3.12/site-packages/airflow/example_dags/example_setup_teardown.py
[2024-04-12T01:45:51.199+0000] {processor.py:830} INFO - Processing file /home/airflow/.local/lib/python3.12/site-packages/airflow/example_dags/example_setup_teardown.py for tasks to queue
[2024-04-12T01:45:51.200+0000] {logging_mixin.py:188} INFO - [2024-04-12T01:45:51.200+0000] {dagbag.py:540} INFO - Filling up the DagBag from /home/airflow/.local/lib/python3.12/site-packages/airflow/example_dags/example_setup_teardown.py
[2024-04-12T01:45:51.204+0000] {processor.py:840} INFO - DAG(s) 'example_setup_teardown' retrieved from /home/airflow/.local/lib/python3.12/site-packages/airflow/example_dags/example_setup_teardown.py
[2024-04-12T01:45:51.217+0000] {logging_mixin.py:188} INFO - [2024-04-12T01:45:51.216+0000] {dag.py:3096} INFO - Sync 1 DAGs
[2024-04-12T01:45:51.227+0000] {logging_mixin.py:188} INFO - [2024-04-12T01:45:51.227+0000] {dag.py:3954} INFO - Setting next_dagrun for example_setup_teardown to 2024-04-11 00:00:00+00:00, run_after=2024-04-12 00:00:00+00:00
[2024-04-12T01:45:51.237+0000] {processor.py:183} INFO - Processing /home/airflow/.local/lib/python3.12/site-packages/airflow/example_dags/example_setup_teardown.py took 0.042 seconds
[2024-04-12T01:46:21.488+0000] {processor.py:161} INFO - Started process (PID=644) to work on /home/airflow/.local/lib/python3.12/site-packages/airflow/example_dags/example_setup_teardown.py
[2024-04-12T01:46:21.489+0000] {processor.py:830} INFO - Processing file /home/airflow/.local/lib/python3.12/site-packages/airflow/example_dags/example_setup_teardown.py for tasks to queue
[2024-04-12T01:46:21.490+0000] {logging_mixin.py:188} INFO - [2024-04-12T01:46:21.490+0000] {dagbag.py:540} INFO - Filling up the DagBag from /home/airflow/.local/lib/python3.12/site-packages/airflow/example_dags/example_setup_teardown.py
[2024-04-12T01:46:21.494+0000] {processor.py:840} INFO - DAG(s) 'example_setup_teardown' retrieved from /home/airflow/.local/lib/python3.12/site-packages/airflow/example_dags/example_setup_teardown.py
[2024-04-12T01:46:21.506+0000] {logging_mixin.py:188} INFO - [2024-04-12T01:46:21.505+0000] {dag.py:3096} INFO - Sync 1 DAGs
[2024-04-12T01:46:21.519+0000] {logging_mixin.py:188} INFO - [2024-04-12T01:46:21.519+0000] {dag.py:3954} INFO - Setting next_dagrun for example_setup_teardown to 2024-04-11 00:00:00+00:00, run_after=2024-04-12 00:00:00+00:00
[2024-04-12T01:46:21.530+0000] {processor.py:183} INFO - Processing /home/airflow/.local/lib/python3.12/site-packages/airflow/example_dags/example_setup_teardown.py took 0.044 seconds
[2024-04-12T01:46:51.771+0000] {processor.py:161} INFO - Started process (PID=702) to work on /home/airflow/.local/lib/python3.12/site-packages/airflow/example_dags/example_setup_teardown.py
[2024-04-12T01:46:51.772+0000] {processor.py:830} INFO - Processing file /home/airflow/.local/lib/python3.12/site-packages/airflow/example_dags/example_setup_teardown.py for tasks to queue
[2024-04-12T01:46:51.773+0000] {logging_mixin.py:188} INFO - [2024-04-12T01:46:51.773+0000] {dagbag.py:540} INFO - Filling up the DagBag from /home/airflow/.local/lib/python3.12/site-packages/airflow/example_dags/example_setup_teardown.py
[2024-04-12T01:46:51.777+0000] {processor.py:840} INFO - DAG(s) 'example_setup_teardown' retrieved from /home/airflow/.local/lib/python3.12/site-packages/airflow/example_dags/example_setup_teardown.py
[2024-04-12T01:46:51.789+0000] {logging_mixin.py:188} INFO - [2024-04-12T01:46:51.789+0000] {dag.py:3096} INFO - Sync 1 DAGs
[2024-04-12T01:46:51.804+0000] {logging_mixin.py:188} INFO - [2024-04-12T01:46:51.803+0000] {dag.py:3954} INFO - Setting next_dagrun for example_setup_teardown to 2024-04-11 00:00:00+00:00, run_after=2024-04-12 00:00:00+00:00
[2024-04-12T01:46:51.817+0000] {processor.py:183} INFO - Processing /home/airflow/.local/lib/python3.12/site-packages/airflow/example_dags/example_setup_teardown.py took 0.049 seconds
[2024-04-12T01:47:22.398+0000] {processor.py:161} INFO - Started process (PID=760) to work on /home/airflow/.local/lib/python3.12/site-packages/airflow/example_dags/example_setup_teardown.py
[2024-04-12T01:47:22.399+0000] {processor.py:830} INFO - Processing file /home/airflow/.local/lib/python3.12/site-packages/airflow/example_dags/example_setup_teardown.py for tasks to queue
[2024-04-12T01:47:22.401+0000] {logging_mixin.py:188} INFO - [2024-04-12T01:47:22.400+0000] {dagbag.py:540} INFO - Filling up the DagBag from /home/airflow/.local/lib/python3.12/site-packages/airflow/example_dags/example_setup_teardown.py
[2024-04-12T01:47:22.406+0000] {processor.py:840} INFO - DAG(s) 'example_setup_teardown' retrieved from /home/airflow/.local/lib/python3.12/site-packages/airflow/example_dags/example_setup_teardown.py
[2024-04-12T01:47:22.421+0000] {logging_mixin.py:188} INFO - [2024-04-12T01:47:22.421+0000] {dag.py:3096} INFO - Sync 1 DAGs
[2024-04-12T01:47:22.435+0000] {logging_mixin.py:188} INFO - [2024-04-12T01:47:22.435+0000] {dag.py:3954} INFO - Setting next_dagrun for example_setup_teardown to 2024-04-11 00:00:00+00:00, run_after=2024-04-12 00:00:00+00:00
[2024-04-12T01:47:22.453+0000] {processor.py:183} INFO - Processing /home/airflow/.local/lib/python3.12/site-packages/airflow/example_dags/example_setup_teardown.py took 0.059 seconds
[2024-04-12T01:47:52.833+0000] {processor.py:161} INFO - Started process (PID=817) to work on /home/airflow/.local/lib/python3.12/site-packages/airflow/example_dags/example_setup_teardown.py
[2024-04-12T01:47:52.833+0000] {processor.py:830} INFO - Processing file /home/airflow/.local/lib/python3.12/site-packages/airflow/example_dags/example_setup_teardown.py for tasks to queue
[2024-04-12T01:47:52.835+0000] {logging_mixin.py:188} INFO - [2024-04-12T01:47:52.834+0000] {dagbag.py:540} INFO - Filling up the DagBag from /home/airflow/.local/lib/python3.12/site-packages/airflow/example_dags/example_setup_teardown.py
[2024-04-12T01:47:52.839+0000] {processor.py:840} INFO - DAG(s) 'example_setup_teardown' retrieved from /home/airflow/.local/lib/python3.12/site-packages/airflow/example_dags/example_setup_teardown.py
[2024-04-12T01:47:52.849+0000] {logging_mixin.py:188} INFO - [2024-04-12T01:47:52.849+0000] {dag.py:3096} INFO - Sync 1 DAGs
[2024-04-12T01:47:52.859+0000] {logging_mixin.py:188} INFO - [2024-04-12T01:47:52.859+0000] {dag.py:3954} INFO - Setting next_dagrun for example_setup_teardown to 2024-04-11 00:00:00+00:00, run_after=2024-04-12 00:00:00+00:00
[2024-04-12T01:47:52.868+0000] {processor.py:183} INFO - Processing /home/airflow/.local/lib/python3.12/site-packages/airflow/example_dags/example_setup_teardown.py took 0.039 seconds
[2024-04-12T01:48:22.969+0000] {processor.py:161} INFO - Started process (PID=875) to work on /home/airflow/.local/lib/python3.12/site-packages/airflow/example_dags/example_setup_teardown.py
[2024-04-12T01:48:22.970+0000] {processor.py:830} INFO - Processing file /home/airflow/.local/lib/python3.12/site-packages/airflow/example_dags/example_setup_teardown.py for tasks to queue
[2024-04-12T01:48:22.973+0000] {logging_mixin.py:188} INFO - [2024-04-12T01:48:22.973+0000] {dagbag.py:540} INFO - Filling up the DagBag from /home/airflow/.local/lib/python3.12/site-packages/airflow/example_dags/example_setup_teardown.py
[2024-04-12T01:48:22.980+0000] {processor.py:840} INFO - DAG(s) 'example_setup_teardown' retrieved from /home/airflow/.local/lib/python3.12/site-packages/airflow/example_dags/example_setup_teardown.py
[2024-04-12T01:48:22.992+0000] {logging_mixin.py:188} INFO - [2024-04-12T01:48:22.992+0000] {dag.py:3096} INFO - Sync 1 DAGs
[2024-04-12T01:48:23.004+0000] {logging_mixin.py:188} INFO - [2024-04-12T01:48:23.004+0000] {dag.py:3954} INFO - Setting next_dagrun for example_setup_teardown to 2024-04-11 00:00:00+00:00, run_after=2024-04-12 00:00:00+00:00
[2024-04-12T01:48:23.011+0000] {processor.py:183} INFO - Processing /home/airflow/.local/lib/python3.12/site-packages/airflow/example_dags/example_setup_teardown.py took 0.047 seconds
[2024-04-12T01:48:53.489+0000] {processor.py:161} INFO - Started process (PID=933) to work on /home/airflow/.local/lib/python3.12/site-packages/airflow/example_dags/example_setup_teardown.py
[2024-04-12T01:48:53.490+0000] {processor.py:830} INFO - Processing file /home/airflow/.local/lib/python3.12/site-packages/airflow/example_dags/example_setup_teardown.py for tasks to queue
[2024-04-12T01:48:53.491+0000] {logging_mixin.py:188} INFO - [2024-04-12T01:48:53.491+0000] {dagbag.py:540} INFO - Filling up the DagBag from /home/airflow/.local/lib/python3.12/site-packages/airflow/example_dags/example_setup_teardown.py
[2024-04-12T01:48:53.495+0000] {processor.py:840} INFO - DAG(s) 'example_setup_teardown' retrieved from /home/airflow/.local/lib/python3.12/site-packages/airflow/example_dags/example_setup_teardown.py
[2024-04-12T01:48:53.507+0000] {logging_mixin.py:188} INFO - [2024-04-12T01:48:53.506+0000] {dag.py:3096} INFO - Sync 1 DAGs
[2024-04-12T01:48:53.518+0000] {logging_mixin.py:188} INFO - [2024-04-12T01:48:53.518+0000] {dag.py:3954} INFO - Setting next_dagrun for example_setup_teardown to 2024-04-11 00:00:00+00:00, run_after=2024-04-12 00:00:00+00:00
[2024-04-12T01:48:53.616+0000] {processor.py:183} INFO - Processing /home/airflow/.local/lib/python3.12/site-packages/airflow/example_dags/example_setup_teardown.py took 0.130 seconds
[2024-04-12T01:49:23.920+0000] {processor.py:161} INFO - Started process (PID=991) to work on /home/airflow/.local/lib/python3.12/site-packages/airflow/example_dags/example_setup_teardown.py
[2024-04-12T01:49:23.921+0000] {processor.py:830} INFO - Processing file /home/airflow/.local/lib/python3.12/site-packages/airflow/example_dags/example_setup_teardown.py for tasks to queue
[2024-04-12T01:49:23.922+0000] {logging_mixin.py:188} INFO - [2024-04-12T01:49:23.922+0000] {dagbag.py:540} INFO - Filling up the DagBag from /home/airflow/.local/lib/python3.12/site-packages/airflow/example_dags/example_setup_teardown.py
[2024-04-12T01:49:23.926+0000] {processor.py:840} INFO - DAG(s) 'example_setup_teardown' retrieved from /home/airflow/.local/lib/python3.12/site-packages/airflow/example_dags/example_setup_teardown.py
[2024-04-12T01:49:23.938+0000] {logging_mixin.py:188} INFO - [2024-04-12T01:49:23.938+0000] {dag.py:3096} INFO - Sync 1 DAGs
[2024-04-12T01:49:23.949+0000] {logging_mixin.py:188} INFO - [2024-04-12T01:49:23.949+0000] {dag.py:3954} INFO - Setting next_dagrun for example_setup_teardown to 2024-04-11 00:00:00+00:00, run_after=2024-04-12 00:00:00+00:00
[2024-04-12T01:49:23.959+0000] {processor.py:183} INFO - Processing /home/airflow/.local/lib/python3.12/site-packages/airflow/example_dags/example_setup_teardown.py took 0.043 seconds
[2024-04-12T01:49:54.430+0000] {processor.py:161} INFO - Started process (PID=1049) to work on /home/airflow/.local/lib/python3.12/site-packages/airflow/example_dags/example_setup_teardown.py
[2024-04-12T01:49:54.431+0000] {processor.py:830} INFO - Processing file /home/airflow/.local/lib/python3.12/site-packages/airflow/example_dags/example_setup_teardown.py for tasks to queue
[2024-04-12T01:49:54.432+0000] {logging_mixin.py:188} INFO - [2024-04-12T01:49:54.432+0000] {dagbag.py:540} INFO - Filling up the DagBag from /home/airflow/.local/lib/python3.12/site-packages/airflow/example_dags/example_setup_teardown.py
[2024-04-12T01:49:54.436+0000] {processor.py:840} INFO - DAG(s) 'example_setup_teardown' retrieved from /home/airflow/.local/lib/python3.12/site-packages/airflow/example_dags/example_setup_teardown.py
[2024-04-12T01:49:54.447+0000] {logging_mixin.py:188} INFO - [2024-04-12T01:49:54.447+0000] {dag.py:3096} INFO - Sync 1 DAGs
[2024-04-12T01:49:54.458+0000] {logging_mixin.py:188} INFO - [2024-04-12T01:49:54.458+0000] {dag.py:3954} INFO - Setting next_dagrun for example_setup_teardown to 2024-04-11 00:00:00+00:00, run_after=2024-04-12 00:00:00+00:00
[2024-04-12T01:49:54.467+0000] {processor.py:183} INFO - Processing /home/airflow/.local/lib/python3.12/site-packages/airflow/example_dags/example_setup_teardown.py took 0.040 seconds
[2024-04-12T01:50:25.212+0000] {processor.py:161} INFO - Started process (PID=1107) to work on /home/airflow/.local/lib/python3.12/site-packages/airflow/example_dags/example_setup_teardown.py
[2024-04-12T01:50:25.213+0000] {processor.py:830} INFO - Processing file /home/airflow/.local/lib/python3.12/site-packages/airflow/example_dags/example_setup_teardown.py for tasks to queue
[2024-04-12T01:50:25.215+0000] {logging_mixin.py:188} INFO - [2024-04-12T01:50:25.215+0000] {dagbag.py:540} INFO - Filling up the DagBag from /home/airflow/.local/lib/python3.12/site-packages/airflow/example_dags/example_setup_teardown.py
[2024-04-12T01:50:25.219+0000] {processor.py:840} INFO - DAG(s) 'example_setup_teardown' retrieved from /home/airflow/.local/lib/python3.12/site-packages/airflow/example_dags/example_setup_teardown.py
[2024-04-12T01:50:25.230+0000] {logging_mixin.py:188} INFO - [2024-04-12T01:50:25.230+0000] {dag.py:3096} INFO - Sync 1 DAGs
[2024-04-12T01:50:25.324+0000] {logging_mixin.py:188} INFO - [2024-04-12T01:50:25.323+0000] {dag.py:3954} INFO - Setting next_dagrun for example_setup_teardown to 2024-04-11 00:00:00+00:00, run_after=2024-04-12 00:00:00+00:00
[2024-04-12T01:50:25.331+0000] {processor.py:183} INFO - Processing /home/airflow/.local/lib/python3.12/site-packages/airflow/example_dags/example_setup_teardown.py took 0.122 seconds
[2024-04-12T01:50:56.105+0000] {processor.py:161} INFO - Started process (PID=1171) to work on /home/airflow/.local/lib/python3.12/site-packages/airflow/example_dags/example_setup_teardown.py
[2024-04-12T01:50:56.106+0000] {processor.py:830} INFO - Processing file /home/airflow/.local/lib/python3.12/site-packages/airflow/example_dags/example_setup_teardown.py for tasks to queue
[2024-04-12T01:50:56.108+0000] {logging_mixin.py:188} INFO - [2024-04-12T01:50:56.108+0000] {dagbag.py:540} INFO - Filling up the DagBag from /home/airflow/.local/lib/python3.12/site-packages/airflow/example_dags/example_setup_teardown.py
[2024-04-12T01:50:56.114+0000] {processor.py:840} INFO - DAG(s) 'example_setup_teardown' retrieved from /home/airflow/.local/lib/python3.12/site-packages/airflow/example_dags/example_setup_teardown.py
[2024-04-12T01:50:56.137+0000] {logging_mixin.py:188} INFO - [2024-04-12T01:50:56.137+0000] {dag.py:3096} INFO - Sync 1 DAGs
[2024-04-12T01:50:56.156+0000] {logging_mixin.py:188} INFO - [2024-04-12T01:50:56.155+0000] {dag.py:3954} INFO - Setting next_dagrun for example_setup_teardown to 2024-04-11 00:00:00+00:00, run_after=2024-04-12 00:00:00+00:00
[2024-04-12T01:50:56.258+0000] {processor.py:183} INFO - Processing /home/airflow/.local/lib/python3.12/site-packages/airflow/example_dags/example_setup_teardown.py took 0.157 seconds
[2024-04-12T01:51:27.058+0000] {processor.py:161} INFO - Started process (PID=1229) to work on /home/airflow/.local/lib/python3.12/site-packages/airflow/example_dags/example_setup_teardown.py
[2024-04-12T01:51:27.059+0000] {processor.py:830} INFO - Processing file /home/airflow/.local/lib/python3.12/site-packages/airflow/example_dags/example_setup_teardown.py for tasks to queue
[2024-04-12T01:51:27.060+0000] {logging_mixin.py:188} INFO - [2024-04-12T01:51:27.060+0000] {dagbag.py:540} INFO - Filling up the DagBag from /home/airflow/.local/lib/python3.12/site-packages/airflow/example_dags/example_setup_teardown.py
[2024-04-12T01:51:27.064+0000] {processor.py:840} INFO - DAG(s) 'example_setup_teardown' retrieved from /home/airflow/.local/lib/python3.12/site-packages/airflow/example_dags/example_setup_teardown.py
[2024-04-12T01:51:27.075+0000] {logging_mixin.py:188} INFO - [2024-04-12T01:51:27.075+0000] {dag.py:3096} INFO - Sync 1 DAGs
[2024-04-12T01:51:27.086+0000] {logging_mixin.py:188} INFO - [2024-04-12T01:51:27.086+0000] {dag.py:3954} INFO - Setting next_dagrun for example_setup_teardown to 2024-04-11 00:00:00+00:00, run_after=2024-04-12 00:00:00+00:00
[2024-04-12T01:51:27.094+0000] {processor.py:183} INFO - Processing /home/airflow/.local/lib/python3.12/site-packages/airflow/example_dags/example_setup_teardown.py took 0.039 seconds
[2024-04-12T01:51:57.276+0000] {processor.py:161} INFO - Started process (PID=1287) to work on /home/airflow/.local/lib/python3.12/site-packages/airflow/example_dags/example_setup_teardown.py
[2024-04-12T01:51:57.277+0000] {processor.py:830} INFO - Processing file /home/airflow/.local/lib/python3.12/site-packages/airflow/example_dags/example_setup_teardown.py for tasks to queue
[2024-04-12T01:51:57.278+0000] {logging_mixin.py:188} INFO - [2024-04-12T01:51:57.278+0000] {dagbag.py:540} INFO - Filling up the DagBag from /home/airflow/.local/lib/python3.12/site-packages/airflow/example_dags/example_setup_teardown.py
[2024-04-12T01:51:57.284+0000] {processor.py:840} INFO - DAG(s) 'example_setup_teardown' retrieved from /home/airflow/.local/lib/python3.12/site-packages/airflow/example_dags/example_setup_teardown.py
[2024-04-12T01:51:57.296+0000] {logging_mixin.py:188} INFO - [2024-04-12T01:51:57.295+0000] {dag.py:3096} INFO - Sync 1 DAGs
[2024-04-12T01:51:57.308+0000] {logging_mixin.py:188} INFO - [2024-04-12T01:51:57.307+0000] {dag.py:3954} INFO - Setting next_dagrun for example_setup_teardown to 2024-04-11 00:00:00+00:00, run_after=2024-04-12 00:00:00+00:00
[2024-04-12T01:51:57.321+0000] {processor.py:183} INFO - Processing /home/airflow/.local/lib/python3.12/site-packages/airflow/example_dags/example_setup_teardown.py took 0.049 seconds
[2024-04-12T01:52:27.569+0000] {processor.py:161} INFO - Started process (PID=1344) to work on /home/airflow/.local/lib/python3.12/site-packages/airflow/example_dags/example_setup_teardown.py
[2024-04-12T01:52:27.570+0000] {processor.py:830} INFO - Processing file /home/airflow/.local/lib/python3.12/site-packages/airflow/example_dags/example_setup_teardown.py for tasks to queue
[2024-04-12T01:52:27.572+0000] {logging_mixin.py:188} INFO - [2024-04-12T01:52:27.572+0000] {dagbag.py:540} INFO - Filling up the DagBag from /home/airflow/.local/lib/python3.12/site-packages/airflow/example_dags/example_setup_teardown.py
[2024-04-12T01:52:27.580+0000] {processor.py:840} INFO - DAG(s) 'example_setup_teardown' retrieved from /home/airflow/.local/lib/python3.12/site-packages/airflow/example_dags/example_setup_teardown.py
[2024-04-12T01:52:27.598+0000] {logging_mixin.py:188} INFO - [2024-04-12T01:52:27.597+0000] {dag.py:3096} INFO - Sync 1 DAGs
[2024-04-12T01:52:27.609+0000] {logging_mixin.py:188} INFO - [2024-04-12T01:52:27.609+0000] {dag.py:3954} INFO - Setting next_dagrun for example_setup_teardown to 2024-04-11 00:00:00+00:00, run_after=2024-04-12 00:00:00+00:00
[2024-04-12T01:52:27.618+0000] {processor.py:183} INFO - Processing /home/airflow/.local/lib/python3.12/site-packages/airflow/example_dags/example_setup_teardown.py took 0.052 seconds
