[2024-04-12T01:41:16.700+0000] {processor.py:161} INFO - Started process (PID=65) to work on /home/airflow/.local/lib/python3.12/site-packages/airflow/example_dags/example_short_circuit_operator.py
[2024-04-12T01:41:16.706+0000] {processor.py:830} INFO - Processing file /home/airflow/.local/lib/python3.12/site-packages/airflow/example_dags/example_short_circuit_operator.py for tasks to queue
[2024-04-12T01:41:16.728+0000] {logging_mixin.py:188} INFO - [2024-04-12T01:41:16.726+0000] {dagbag.py:540} INFO - Filling up the DagBag from /home/airflow/.local/lib/python3.12/site-packages/airflow/example_dags/example_short_circuit_operator.py
[2024-04-12T01:41:16.805+0000] {processor.py:840} INFO - DAG(s) 'example_short_circuit_operator' retrieved from /home/airflow/.local/lib/python3.12/site-packages/airflow/example_dags/example_short_circuit_operator.py
[2024-04-12T01:41:17.159+0000] {logging_mixin.py:188} INFO - [2024-04-12T01:41:17.159+0000] {dag.py:3096} INFO - Sync 1 DAGs
[2024-04-12T01:41:17.181+0000] {logging_mixin.py:188} INFO - [2024-04-12T01:41:17.181+0000] {dag.py:3954} INFO - Setting next_dagrun for example_short_circuit_operator to 2024-04-11 00:00:00+00:00, run_after=2024-04-12 00:00:00+00:00
[2024-04-12T01:41:17.253+0000] {processor.py:183} INFO - Processing /home/airflow/.local/lib/python3.12/site-packages/airflow/example_dags/example_short_circuit_operator.py took 0.620 seconds
[2024-04-12T01:41:47.578+0000] {processor.py:161} INFO - Started process (PID=123) to work on /home/airflow/.local/lib/python3.12/site-packages/airflow/example_dags/example_short_circuit_operator.py
[2024-04-12T01:41:47.581+0000] {processor.py:830} INFO - Processing file /home/airflow/.local/lib/python3.12/site-packages/airflow/example_dags/example_short_circuit_operator.py for tasks to queue
[2024-04-12T01:41:47.582+0000] {logging_mixin.py:188} INFO - [2024-04-12T01:41:47.581+0000] {dagbag.py:540} INFO - Filling up the DagBag from /home/airflow/.local/lib/python3.12/site-packages/airflow/example_dags/example_short_circuit_operator.py
[2024-04-12T01:41:47.588+0000] {processor.py:840} INFO - DAG(s) 'example_short_circuit_operator' retrieved from /home/airflow/.local/lib/python3.12/site-packages/airflow/example_dags/example_short_circuit_operator.py
[2024-04-12T01:41:47.605+0000] {logging_mixin.py:188} INFO - [2024-04-12T01:41:47.605+0000] {dag.py:3096} INFO - Sync 1 DAGs
[2024-04-12T01:41:47.616+0000] {logging_mixin.py:188} INFO - [2024-04-12T01:41:47.616+0000] {dag.py:3954} INFO - Setting next_dagrun for example_short_circuit_operator to 2024-04-11 00:00:00+00:00, run_after=2024-04-12 00:00:00+00:00
[2024-04-12T01:41:47.625+0000] {processor.py:183} INFO - Processing /home/airflow/.local/lib/python3.12/site-packages/airflow/example_dags/example_short_circuit_operator.py took 0.051 seconds
[2024-04-12T01:42:18.542+0000] {processor.py:161} INFO - Started process (PID=181) to work on /home/airflow/.local/lib/python3.12/site-packages/airflow/example_dags/example_short_circuit_operator.py
[2024-04-12T01:42:18.543+0000] {processor.py:830} INFO - Processing file /home/airflow/.local/lib/python3.12/site-packages/airflow/example_dags/example_short_circuit_operator.py for tasks to queue
[2024-04-12T01:42:18.545+0000] {logging_mixin.py:188} INFO - [2024-04-12T01:42:18.544+0000] {dagbag.py:540} INFO - Filling up the DagBag from /home/airflow/.local/lib/python3.12/site-packages/airflow/example_dags/example_short_circuit_operator.py
[2024-04-12T01:42:18.552+0000] {processor.py:840} INFO - DAG(s) 'example_short_circuit_operator' retrieved from /home/airflow/.local/lib/python3.12/site-packages/airflow/example_dags/example_short_circuit_operator.py
[2024-04-12T01:42:18.569+0000] {logging_mixin.py:188} INFO - [2024-04-12T01:42:18.569+0000] {dag.py:3096} INFO - Sync 1 DAGs
[2024-04-12T01:42:18.587+0000] {logging_mixin.py:188} INFO - [2024-04-12T01:42:18.587+0000] {dag.py:3954} INFO - Setting next_dagrun for example_short_circuit_operator to 2024-04-11 00:00:00+00:00, run_after=2024-04-12 00:00:00+00:00
[2024-04-12T01:42:18.601+0000] {processor.py:183} INFO - Processing /home/airflow/.local/lib/python3.12/site-packages/airflow/example_dags/example_short_circuit_operator.py took 0.066 seconds
[2024-04-12T01:42:48.716+0000] {processor.py:161} INFO - Started process (PID=239) to work on /home/airflow/.local/lib/python3.12/site-packages/airflow/example_dags/example_short_circuit_operator.py
[2024-04-12T01:42:48.717+0000] {processor.py:830} INFO - Processing file /home/airflow/.local/lib/python3.12/site-packages/airflow/example_dags/example_short_circuit_operator.py for tasks to queue
[2024-04-12T01:42:48.718+0000] {logging_mixin.py:188} INFO - [2024-04-12T01:42:48.717+0000] {dagbag.py:540} INFO - Filling up the DagBag from /home/airflow/.local/lib/python3.12/site-packages/airflow/example_dags/example_short_circuit_operator.py
[2024-04-12T01:42:48.721+0000] {processor.py:840} INFO - DAG(s) 'example_short_circuit_operator' retrieved from /home/airflow/.local/lib/python3.12/site-packages/airflow/example_dags/example_short_circuit_operator.py
[2024-04-12T01:42:48.732+0000] {logging_mixin.py:188} INFO - [2024-04-12T01:42:48.732+0000] {dag.py:3096} INFO - Sync 1 DAGs
[2024-04-12T01:42:48.741+0000] {logging_mixin.py:188} INFO - [2024-04-12T01:42:48.741+0000] {dag.py:3954} INFO - Setting next_dagrun for example_short_circuit_operator to 2024-04-11 00:00:00+00:00, run_after=2024-04-12 00:00:00+00:00
[2024-04-12T01:42:48.749+0000] {processor.py:183} INFO - Processing /home/airflow/.local/lib/python3.12/site-packages/airflow/example_dags/example_short_circuit_operator.py took 0.036 seconds
[2024-04-12T01:43:19.176+0000] {processor.py:161} INFO - Started process (PID=297) to work on /home/airflow/.local/lib/python3.12/site-packages/airflow/example_dags/example_short_circuit_operator.py
[2024-04-12T01:43:19.177+0000] {processor.py:830} INFO - Processing file /home/airflow/.local/lib/python3.12/site-packages/airflow/example_dags/example_short_circuit_operator.py for tasks to queue
[2024-04-12T01:43:19.178+0000] {logging_mixin.py:188} INFO - [2024-04-12T01:43:19.178+0000] {dagbag.py:540} INFO - Filling up the DagBag from /home/airflow/.local/lib/python3.12/site-packages/airflow/example_dags/example_short_circuit_operator.py
[2024-04-12T01:43:19.184+0000] {processor.py:840} INFO - DAG(s) 'example_short_circuit_operator' retrieved from /home/airflow/.local/lib/python3.12/site-packages/airflow/example_dags/example_short_circuit_operator.py
[2024-04-12T01:43:19.198+0000] {logging_mixin.py:188} INFO - [2024-04-12T01:43:19.198+0000] {dag.py:3096} INFO - Sync 1 DAGs
[2024-04-12T01:43:19.208+0000] {logging_mixin.py:188} INFO - [2024-04-12T01:43:19.208+0000] {dag.py:3954} INFO - Setting next_dagrun for example_short_circuit_operator to 2024-04-11 00:00:00+00:00, run_after=2024-04-12 00:00:00+00:00
[2024-04-12T01:43:19.219+0000] {processor.py:183} INFO - Processing /home/airflow/.local/lib/python3.12/site-packages/airflow/example_dags/example_short_circuit_operator.py took 0.047 seconds
[2024-04-12T01:43:49.715+0000] {processor.py:161} INFO - Started process (PID=355) to work on /home/airflow/.local/lib/python3.12/site-packages/airflow/example_dags/example_short_circuit_operator.py
[2024-04-12T01:43:49.715+0000] {processor.py:830} INFO - Processing file /home/airflow/.local/lib/python3.12/site-packages/airflow/example_dags/example_short_circuit_operator.py for tasks to queue
[2024-04-12T01:43:49.716+0000] {logging_mixin.py:188} INFO - [2024-04-12T01:43:49.716+0000] {dagbag.py:540} INFO - Filling up the DagBag from /home/airflow/.local/lib/python3.12/site-packages/airflow/example_dags/example_short_circuit_operator.py
[2024-04-12T01:43:49.720+0000] {processor.py:840} INFO - DAG(s) 'example_short_circuit_operator' retrieved from /home/airflow/.local/lib/python3.12/site-packages/airflow/example_dags/example_short_circuit_operator.py
[2024-04-12T01:43:49.733+0000] {logging_mixin.py:188} INFO - [2024-04-12T01:43:49.733+0000] {dag.py:3096} INFO - Sync 1 DAGs
[2024-04-12T01:43:49.743+0000] {logging_mixin.py:188} INFO - [2024-04-12T01:43:49.743+0000] {dag.py:3954} INFO - Setting next_dagrun for example_short_circuit_operator to 2024-04-11 00:00:00+00:00, run_after=2024-04-12 00:00:00+00:00
[2024-04-12T01:43:49.751+0000] {processor.py:183} INFO - Processing /home/airflow/.local/lib/python3.12/site-packages/airflow/example_dags/example_short_circuit_operator.py took 0.040 seconds
[2024-04-12T01:44:19.915+0000] {processor.py:161} INFO - Started process (PID=413) to work on /home/airflow/.local/lib/python3.12/site-packages/airflow/example_dags/example_short_circuit_operator.py
[2024-04-12T01:44:19.916+0000] {processor.py:830} INFO - Processing file /home/airflow/.local/lib/python3.12/site-packages/airflow/example_dags/example_short_circuit_operator.py for tasks to queue
[2024-04-12T01:44:19.917+0000] {logging_mixin.py:188} INFO - [2024-04-12T01:44:19.917+0000] {dagbag.py:540} INFO - Filling up the DagBag from /home/airflow/.local/lib/python3.12/site-packages/airflow/example_dags/example_short_circuit_operator.py
[2024-04-12T01:44:19.922+0000] {processor.py:840} INFO - DAG(s) 'example_short_circuit_operator' retrieved from /home/airflow/.local/lib/python3.12/site-packages/airflow/example_dags/example_short_circuit_operator.py
[2024-04-12T01:44:19.934+0000] {logging_mixin.py:188} INFO - [2024-04-12T01:44:19.934+0000] {dag.py:3096} INFO - Sync 1 DAGs
[2024-04-12T01:44:19.947+0000] {logging_mixin.py:188} INFO - [2024-04-12T01:44:19.947+0000] {dag.py:3954} INFO - Setting next_dagrun for example_short_circuit_operator to 2024-04-11 00:00:00+00:00, run_after=2024-04-12 00:00:00+00:00
[2024-04-12T01:44:19.957+0000] {processor.py:183} INFO - Processing /home/airflow/.local/lib/python3.12/site-packages/airflow/example_dags/example_short_circuit_operator.py took 0.045 seconds
[2024-04-12T01:44:50.484+0000] {processor.py:161} INFO - Started process (PID=471) to work on /home/airflow/.local/lib/python3.12/site-packages/airflow/example_dags/example_short_circuit_operator.py
[2024-04-12T01:44:50.485+0000] {processor.py:830} INFO - Processing file /home/airflow/.local/lib/python3.12/site-packages/airflow/example_dags/example_short_circuit_operator.py for tasks to queue
[2024-04-12T01:44:50.486+0000] {logging_mixin.py:188} INFO - [2024-04-12T01:44:50.486+0000] {dagbag.py:540} INFO - Filling up the DagBag from /home/airflow/.local/lib/python3.12/site-packages/airflow/example_dags/example_short_circuit_operator.py
[2024-04-12T01:44:50.491+0000] {processor.py:840} INFO - DAG(s) 'example_short_circuit_operator' retrieved from /home/airflow/.local/lib/python3.12/site-packages/airflow/example_dags/example_short_circuit_operator.py
[2024-04-12T01:44:50.503+0000] {logging_mixin.py:188} INFO - [2024-04-12T01:44:50.503+0000] {dag.py:3096} INFO - Sync 1 DAGs
[2024-04-12T01:44:50.513+0000] {logging_mixin.py:188} INFO - [2024-04-12T01:44:50.513+0000] {dag.py:3954} INFO - Setting next_dagrun for example_short_circuit_operator to 2024-04-11 00:00:00+00:00, run_after=2024-04-12 00:00:00+00:00
[2024-04-12T01:44:50.521+0000] {processor.py:183} INFO - Processing /home/airflow/.local/lib/python3.12/site-packages/airflow/example_dags/example_short_circuit_operator.py took 0.043 seconds
[2024-04-12T01:45:20.722+0000] {processor.py:161} INFO - Started process (PID=529) to work on /home/airflow/.local/lib/python3.12/site-packages/airflow/example_dags/example_short_circuit_operator.py
[2024-04-12T01:45:20.724+0000] {processor.py:830} INFO - Processing file /home/airflow/.local/lib/python3.12/site-packages/airflow/example_dags/example_short_circuit_operator.py for tasks to queue
[2024-04-12T01:45:20.725+0000] {logging_mixin.py:188} INFO - [2024-04-12T01:45:20.725+0000] {dagbag.py:540} INFO - Filling up the DagBag from /home/airflow/.local/lib/python3.12/site-packages/airflow/example_dags/example_short_circuit_operator.py
[2024-04-12T01:45:20.729+0000] {processor.py:840} INFO - DAG(s) 'example_short_circuit_operator' retrieved from /home/airflow/.local/lib/python3.12/site-packages/airflow/example_dags/example_short_circuit_operator.py
[2024-04-12T01:45:20.742+0000] {logging_mixin.py:188} INFO - [2024-04-12T01:45:20.742+0000] {dag.py:3096} INFO - Sync 1 DAGs
[2024-04-12T01:45:20.753+0000] {logging_mixin.py:188} INFO - [2024-04-12T01:45:20.753+0000] {dag.py:3954} INFO - Setting next_dagrun for example_short_circuit_operator to 2024-04-11 00:00:00+00:00, run_after=2024-04-12 00:00:00+00:00
[2024-04-12T01:45:20.761+0000] {processor.py:183} INFO - Processing /home/airflow/.local/lib/python3.12/site-packages/airflow/example_dags/example_short_circuit_operator.py took 0.041 seconds
[2024-04-12T01:45:51.204+0000] {processor.py:161} INFO - Started process (PID=587) to work on /home/airflow/.local/lib/python3.12/site-packages/airflow/example_dags/example_short_circuit_operator.py
[2024-04-12T01:45:51.205+0000] {processor.py:830} INFO - Processing file /home/airflow/.local/lib/python3.12/site-packages/airflow/example_dags/example_short_circuit_operator.py for tasks to queue
[2024-04-12T01:45:51.206+0000] {logging_mixin.py:188} INFO - [2024-04-12T01:45:51.205+0000] {dagbag.py:540} INFO - Filling up the DagBag from /home/airflow/.local/lib/python3.12/site-packages/airflow/example_dags/example_short_circuit_operator.py
[2024-04-12T01:45:51.210+0000] {processor.py:840} INFO - DAG(s) 'example_short_circuit_operator' retrieved from /home/airflow/.local/lib/python3.12/site-packages/airflow/example_dags/example_short_circuit_operator.py
[2024-04-12T01:45:51.223+0000] {logging_mixin.py:188} INFO - [2024-04-12T01:45:51.223+0000] {dag.py:3096} INFO - Sync 1 DAGs
[2024-04-12T01:45:51.234+0000] {logging_mixin.py:188} INFO - [2024-04-12T01:45:51.234+0000] {dag.py:3954} INFO - Setting next_dagrun for example_short_circuit_operator to 2024-04-11 00:00:00+00:00, run_after=2024-04-12 00:00:00+00:00
[2024-04-12T01:45:51.243+0000] {processor.py:183} INFO - Processing /home/airflow/.local/lib/python3.12/site-packages/airflow/example_dags/example_short_circuit_operator.py took 0.042 seconds
[2024-04-12T01:46:21.491+0000] {processor.py:161} INFO - Started process (PID=645) to work on /home/airflow/.local/lib/python3.12/site-packages/airflow/example_dags/example_short_circuit_operator.py
[2024-04-12T01:46:21.492+0000] {processor.py:830} INFO - Processing file /home/airflow/.local/lib/python3.12/site-packages/airflow/example_dags/example_short_circuit_operator.py for tasks to queue
[2024-04-12T01:46:21.493+0000] {logging_mixin.py:188} INFO - [2024-04-12T01:46:21.493+0000] {dagbag.py:540} INFO - Filling up the DagBag from /home/airflow/.local/lib/python3.12/site-packages/airflow/example_dags/example_short_circuit_operator.py
[2024-04-12T01:46:21.497+0000] {processor.py:840} INFO - DAG(s) 'example_short_circuit_operator' retrieved from /home/airflow/.local/lib/python3.12/site-packages/airflow/example_dags/example_short_circuit_operator.py
[2024-04-12T01:46:21.509+0000] {logging_mixin.py:188} INFO - [2024-04-12T01:46:21.509+0000] {dag.py:3096} INFO - Sync 1 DAGs
[2024-04-12T01:46:21.522+0000] {logging_mixin.py:188} INFO - [2024-04-12T01:46:21.522+0000] {dag.py:3954} INFO - Setting next_dagrun for example_short_circuit_operator to 2024-04-11 00:00:00+00:00, run_after=2024-04-12 00:00:00+00:00
[2024-04-12T01:46:21.535+0000] {processor.py:183} INFO - Processing /home/airflow/.local/lib/python3.12/site-packages/airflow/example_dags/example_short_circuit_operator.py took 0.046 seconds
[2024-04-12T01:46:51.834+0000] {processor.py:161} INFO - Started process (PID=703) to work on /home/airflow/.local/lib/python3.12/site-packages/airflow/example_dags/example_short_circuit_operator.py
[2024-04-12T01:46:51.835+0000] {processor.py:830} INFO - Processing file /home/airflow/.local/lib/python3.12/site-packages/airflow/example_dags/example_short_circuit_operator.py for tasks to queue
[2024-04-12T01:46:51.837+0000] {logging_mixin.py:188} INFO - [2024-04-12T01:46:51.837+0000] {dagbag.py:540} INFO - Filling up the DagBag from /home/airflow/.local/lib/python3.12/site-packages/airflow/example_dags/example_short_circuit_operator.py
[2024-04-12T01:46:51.842+0000] {processor.py:840} INFO - DAG(s) 'example_short_circuit_operator' retrieved from /home/airflow/.local/lib/python3.12/site-packages/airflow/example_dags/example_short_circuit_operator.py
[2024-04-12T01:46:51.858+0000] {logging_mixin.py:188} INFO - [2024-04-12T01:46:51.858+0000] {dag.py:3096} INFO - Sync 1 DAGs
[2024-04-12T01:46:51.877+0000] {logging_mixin.py:188} INFO - [2024-04-12T01:46:51.877+0000] {dag.py:3954} INFO - Setting next_dagrun for example_short_circuit_operator to 2024-04-11 00:00:00+00:00, run_after=2024-04-12 00:00:00+00:00
[2024-04-12T01:46:51.887+0000] {processor.py:183} INFO - Processing /home/airflow/.local/lib/python3.12/site-packages/airflow/example_dags/example_short_circuit_operator.py took 0.057 seconds
[2024-04-12T01:47:22.403+0000] {processor.py:161} INFO - Started process (PID=761) to work on /home/airflow/.local/lib/python3.12/site-packages/airflow/example_dags/example_short_circuit_operator.py
[2024-04-12T01:47:22.404+0000] {processor.py:830} INFO - Processing file /home/airflow/.local/lib/python3.12/site-packages/airflow/example_dags/example_short_circuit_operator.py for tasks to queue
[2024-04-12T01:47:22.405+0000] {logging_mixin.py:188} INFO - [2024-04-12T01:47:22.405+0000] {dagbag.py:540} INFO - Filling up the DagBag from /home/airflow/.local/lib/python3.12/site-packages/airflow/example_dags/example_short_circuit_operator.py
[2024-04-12T01:47:22.411+0000] {processor.py:840} INFO - DAG(s) 'example_short_circuit_operator' retrieved from /home/airflow/.local/lib/python3.12/site-packages/airflow/example_dags/example_short_circuit_operator.py
[2024-04-12T01:47:22.428+0000] {logging_mixin.py:188} INFO - [2024-04-12T01:47:22.428+0000] {dag.py:3096} INFO - Sync 1 DAGs
[2024-04-12T01:47:22.445+0000] {logging_mixin.py:188} INFO - [2024-04-12T01:47:22.445+0000] {dag.py:3954} INFO - Setting next_dagrun for example_short_circuit_operator to 2024-04-11 00:00:00+00:00, run_after=2024-04-12 00:00:00+00:00
[2024-04-12T01:47:22.461+0000] {processor.py:183} INFO - Processing /home/airflow/.local/lib/python3.12/site-packages/airflow/example_dags/example_short_circuit_operator.py took 0.063 seconds
[2024-04-12T01:47:52.880+0000] {processor.py:161} INFO - Started process (PID=818) to work on /home/airflow/.local/lib/python3.12/site-packages/airflow/example_dags/example_short_circuit_operator.py
[2024-04-12T01:47:52.881+0000] {processor.py:830} INFO - Processing file /home/airflow/.local/lib/python3.12/site-packages/airflow/example_dags/example_short_circuit_operator.py for tasks to queue
[2024-04-12T01:47:52.882+0000] {logging_mixin.py:188} INFO - [2024-04-12T01:47:52.882+0000] {dagbag.py:540} INFO - Filling up the DagBag from /home/airflow/.local/lib/python3.12/site-packages/airflow/example_dags/example_short_circuit_operator.py
[2024-04-12T01:47:52.888+0000] {processor.py:840} INFO - DAG(s) 'example_short_circuit_operator' retrieved from /home/airflow/.local/lib/python3.12/site-packages/airflow/example_dags/example_short_circuit_operator.py
[2024-04-12T01:47:52.901+0000] {logging_mixin.py:188} INFO - [2024-04-12T01:47:52.901+0000] {dag.py:3096} INFO - Sync 1 DAGs
[2024-04-12T01:47:52.915+0000] {logging_mixin.py:188} INFO - [2024-04-12T01:47:52.915+0000] {dag.py:3954} INFO - Setting next_dagrun for example_short_circuit_operator to 2024-04-11 00:00:00+00:00, run_after=2024-04-12 00:00:00+00:00
[2024-04-12T01:47:52.926+0000] {processor.py:183} INFO - Processing /home/airflow/.local/lib/python3.12/site-packages/airflow/example_dags/example_short_circuit_operator.py took 0.048 seconds
[2024-04-12T01:48:23.024+0000] {processor.py:161} INFO - Started process (PID=876) to work on /home/airflow/.local/lib/python3.12/site-packages/airflow/example_dags/example_short_circuit_operator.py
[2024-04-12T01:48:23.025+0000] {processor.py:830} INFO - Processing file /home/airflow/.local/lib/python3.12/site-packages/airflow/example_dags/example_short_circuit_operator.py for tasks to queue
[2024-04-12T01:48:23.026+0000] {logging_mixin.py:188} INFO - [2024-04-12T01:48:23.026+0000] {dagbag.py:540} INFO - Filling up the DagBag from /home/airflow/.local/lib/python3.12/site-packages/airflow/example_dags/example_short_circuit_operator.py
[2024-04-12T01:48:23.030+0000] {processor.py:840} INFO - DAG(s) 'example_short_circuit_operator' retrieved from /home/airflow/.local/lib/python3.12/site-packages/airflow/example_dags/example_short_circuit_operator.py
[2024-04-12T01:48:23.041+0000] {logging_mixin.py:188} INFO - [2024-04-12T01:48:23.041+0000] {dag.py:3096} INFO - Sync 1 DAGs
[2024-04-12T01:48:23.052+0000] {logging_mixin.py:188} INFO - [2024-04-12T01:48:23.052+0000] {dag.py:3954} INFO - Setting next_dagrun for example_short_circuit_operator to 2024-04-11 00:00:00+00:00, run_after=2024-04-12 00:00:00+00:00
[2024-04-12T01:48:23.060+0000] {processor.py:183} INFO - Processing /home/airflow/.local/lib/python3.12/site-packages/airflow/example_dags/example_short_circuit_operator.py took 0.039 seconds
[2024-04-12T01:48:53.631+0000] {processor.py:161} INFO - Started process (PID=934) to work on /home/airflow/.local/lib/python3.12/site-packages/airflow/example_dags/example_short_circuit_operator.py
[2024-04-12T01:48:53.631+0000] {processor.py:830} INFO - Processing file /home/airflow/.local/lib/python3.12/site-packages/airflow/example_dags/example_short_circuit_operator.py for tasks to queue
[2024-04-12T01:48:53.633+0000] {logging_mixin.py:188} INFO - [2024-04-12T01:48:53.633+0000] {dagbag.py:540} INFO - Filling up the DagBag from /home/airflow/.local/lib/python3.12/site-packages/airflow/example_dags/example_short_circuit_operator.py
[2024-04-12T01:48:53.637+0000] {processor.py:840} INFO - DAG(s) 'example_short_circuit_operator' retrieved from /home/airflow/.local/lib/python3.12/site-packages/airflow/example_dags/example_short_circuit_operator.py
[2024-04-12T01:48:53.649+0000] {logging_mixin.py:188} INFO - [2024-04-12T01:48:53.649+0000] {dag.py:3096} INFO - Sync 1 DAGs
[2024-04-12T01:48:53.663+0000] {logging_mixin.py:188} INFO - [2024-04-12T01:48:53.663+0000] {dag.py:3954} INFO - Setting next_dagrun for example_short_circuit_operator to 2024-04-11 00:00:00+00:00, run_after=2024-04-12 00:00:00+00:00
[2024-04-12T01:48:53.758+0000] {processor.py:183} INFO - Processing /home/airflow/.local/lib/python3.12/site-packages/airflow/example_dags/example_short_circuit_operator.py took 0.131 seconds
[2024-04-12T01:49:23.924+0000] {processor.py:161} INFO - Started process (PID=992) to work on /home/airflow/.local/lib/python3.12/site-packages/airflow/example_dags/example_short_circuit_operator.py
[2024-04-12T01:49:23.925+0000] {processor.py:830} INFO - Processing file /home/airflow/.local/lib/python3.12/site-packages/airflow/example_dags/example_short_circuit_operator.py for tasks to queue
[2024-04-12T01:49:23.926+0000] {logging_mixin.py:188} INFO - [2024-04-12T01:49:23.926+0000] {dagbag.py:540} INFO - Filling up the DagBag from /home/airflow/.local/lib/python3.12/site-packages/airflow/example_dags/example_short_circuit_operator.py
[2024-04-12T01:49:23.930+0000] {processor.py:840} INFO - DAG(s) 'example_short_circuit_operator' retrieved from /home/airflow/.local/lib/python3.12/site-packages/airflow/example_dags/example_short_circuit_operator.py
[2024-04-12T01:49:23.942+0000] {logging_mixin.py:188} INFO - [2024-04-12T01:49:23.942+0000] {dag.py:3096} INFO - Sync 1 DAGs
[2024-04-12T01:49:23.953+0000] {logging_mixin.py:188} INFO - [2024-04-12T01:49:23.953+0000] {dag.py:3954} INFO - Setting next_dagrun for example_short_circuit_operator to 2024-04-11 00:00:00+00:00, run_after=2024-04-12 00:00:00+00:00
[2024-04-12T01:49:23.964+0000] {processor.py:183} INFO - Processing /home/airflow/.local/lib/python3.12/site-packages/airflow/example_dags/example_short_circuit_operator.py took 0.043 seconds
[2024-04-12T01:49:54.436+0000] {processor.py:161} INFO - Started process (PID=1050) to work on /home/airflow/.local/lib/python3.12/site-packages/airflow/example_dags/example_short_circuit_operator.py
[2024-04-12T01:49:54.437+0000] {processor.py:830} INFO - Processing file /home/airflow/.local/lib/python3.12/site-packages/airflow/example_dags/example_short_circuit_operator.py for tasks to queue
[2024-04-12T01:49:54.438+0000] {logging_mixin.py:188} INFO - [2024-04-12T01:49:54.437+0000] {dagbag.py:540} INFO - Filling up the DagBag from /home/airflow/.local/lib/python3.12/site-packages/airflow/example_dags/example_short_circuit_operator.py
[2024-04-12T01:49:54.442+0000] {processor.py:840} INFO - DAG(s) 'example_short_circuit_operator' retrieved from /home/airflow/.local/lib/python3.12/site-packages/airflow/example_dags/example_short_circuit_operator.py
[2024-04-12T01:49:54.454+0000] {logging_mixin.py:188} INFO - [2024-04-12T01:49:54.453+0000] {dag.py:3096} INFO - Sync 1 DAGs
[2024-04-12T01:49:54.466+0000] {logging_mixin.py:188} INFO - [2024-04-12T01:49:54.466+0000] {dag.py:3954} INFO - Setting next_dagrun for example_short_circuit_operator to 2024-04-11 00:00:00+00:00, run_after=2024-04-12 00:00:00+00:00
[2024-04-12T01:49:54.475+0000] {processor.py:183} INFO - Processing /home/airflow/.local/lib/python3.12/site-packages/airflow/example_dags/example_short_circuit_operator.py took 0.042 seconds
[2024-04-12T01:50:25.349+0000] {processor.py:161} INFO - Started process (PID=1108) to work on /home/airflow/.local/lib/python3.12/site-packages/airflow/example_dags/example_short_circuit_operator.py
[2024-04-12T01:50:25.350+0000] {processor.py:830} INFO - Processing file /home/airflow/.local/lib/python3.12/site-packages/airflow/example_dags/example_short_circuit_operator.py for tasks to queue
[2024-04-12T01:50:25.351+0000] {logging_mixin.py:188} INFO - [2024-04-12T01:50:25.351+0000] {dagbag.py:540} INFO - Filling up the DagBag from /home/airflow/.local/lib/python3.12/site-packages/airflow/example_dags/example_short_circuit_operator.py
[2024-04-12T01:50:25.356+0000] {processor.py:840} INFO - DAG(s) 'example_short_circuit_operator' retrieved from /home/airflow/.local/lib/python3.12/site-packages/airflow/example_dags/example_short_circuit_operator.py
[2024-04-12T01:50:25.868+0000] {logging_mixin.py:188} INFO - [2024-04-12T01:50:25.864+0000] {dag.py:3096} INFO - Sync 1 DAGs
[2024-04-12T01:50:26.240+0000] {logging_mixin.py:188} INFO - [2024-04-12T01:50:26.239+0000] {dag.py:3954} INFO - Setting next_dagrun for example_short_circuit_operator to 2024-04-11 00:00:00+00:00, run_after=2024-04-12 00:00:00+00:00
[2024-04-12T01:50:26.253+0000] {processor.py:183} INFO - Processing /home/airflow/.local/lib/python3.12/site-packages/airflow/example_dags/example_short_circuit_operator.py took 0.910 seconds
[2024-04-12T01:50:56.274+0000] {processor.py:161} INFO - Started process (PID=1172) to work on /home/airflow/.local/lib/python3.12/site-packages/airflow/example_dags/example_short_circuit_operator.py
[2024-04-12T01:50:56.274+0000] {processor.py:830} INFO - Processing file /home/airflow/.local/lib/python3.12/site-packages/airflow/example_dags/example_short_circuit_operator.py for tasks to queue
[2024-04-12T01:50:56.276+0000] {logging_mixin.py:188} INFO - [2024-04-12T01:50:56.275+0000] {dagbag.py:540} INFO - Filling up the DagBag from /home/airflow/.local/lib/python3.12/site-packages/airflow/example_dags/example_short_circuit_operator.py
[2024-04-12T01:50:56.279+0000] {processor.py:840} INFO - DAG(s) 'example_short_circuit_operator' retrieved from /home/airflow/.local/lib/python3.12/site-packages/airflow/example_dags/example_short_circuit_operator.py
[2024-04-12T01:50:56.290+0000] {logging_mixin.py:188} INFO - [2024-04-12T01:50:56.290+0000] {dag.py:3096} INFO - Sync 1 DAGs
[2024-04-12T01:50:56.300+0000] {logging_mixin.py:188} INFO - [2024-04-12T01:50:56.300+0000] {dag.py:3954} INFO - Setting next_dagrun for example_short_circuit_operator to 2024-04-11 00:00:00+00:00, run_after=2024-04-12 00:00:00+00:00
[2024-04-12T01:50:56.412+0000] {processor.py:183} INFO - Processing /home/airflow/.local/lib/python3.12/site-packages/airflow/example_dags/example_short_circuit_operator.py took 0.142 seconds
[2024-04-12T01:51:27.106+0000] {processor.py:161} INFO - Started process (PID=1230) to work on /home/airflow/.local/lib/python3.12/site-packages/airflow/example_dags/example_short_circuit_operator.py
[2024-04-12T01:51:27.107+0000] {processor.py:830} INFO - Processing file /home/airflow/.local/lib/python3.12/site-packages/airflow/example_dags/example_short_circuit_operator.py for tasks to queue
[2024-04-12T01:51:27.108+0000] {logging_mixin.py:188} INFO - [2024-04-12T01:51:27.108+0000] {dagbag.py:540} INFO - Filling up the DagBag from /home/airflow/.local/lib/python3.12/site-packages/airflow/example_dags/example_short_circuit_operator.py
[2024-04-12T01:51:27.112+0000] {processor.py:840} INFO - DAG(s) 'example_short_circuit_operator' retrieved from /home/airflow/.local/lib/python3.12/site-packages/airflow/example_dags/example_short_circuit_operator.py
[2024-04-12T01:51:27.124+0000] {logging_mixin.py:188} INFO - [2024-04-12T01:51:27.124+0000] {dag.py:3096} INFO - Sync 1 DAGs
[2024-04-12T01:51:27.134+0000] {logging_mixin.py:188} INFO - [2024-04-12T01:51:27.134+0000] {dag.py:3954} INFO - Setting next_dagrun for example_short_circuit_operator to 2024-04-11 00:00:00+00:00, run_after=2024-04-12 00:00:00+00:00
[2024-04-12T01:51:27.142+0000] {processor.py:183} INFO - Processing /home/airflow/.local/lib/python3.12/site-packages/airflow/example_dags/example_short_circuit_operator.py took 0.039 seconds
[2024-04-12T01:51:57.336+0000] {processor.py:161} INFO - Started process (PID=1288) to work on /home/airflow/.local/lib/python3.12/site-packages/airflow/example_dags/example_short_circuit_operator.py
[2024-04-12T01:51:57.337+0000] {processor.py:830} INFO - Processing file /home/airflow/.local/lib/python3.12/site-packages/airflow/example_dags/example_short_circuit_operator.py for tasks to queue
[2024-04-12T01:51:57.338+0000] {logging_mixin.py:188} INFO - [2024-04-12T01:51:57.338+0000] {dagbag.py:540} INFO - Filling up the DagBag from /home/airflow/.local/lib/python3.12/site-packages/airflow/example_dags/example_short_circuit_operator.py
[2024-04-12T01:51:57.342+0000] {processor.py:840} INFO - DAG(s) 'example_short_circuit_operator' retrieved from /home/airflow/.local/lib/python3.12/site-packages/airflow/example_dags/example_short_circuit_operator.py
[2024-04-12T01:51:57.356+0000] {logging_mixin.py:188} INFO - [2024-04-12T01:51:57.356+0000] {dag.py:3096} INFO - Sync 1 DAGs
[2024-04-12T01:51:57.370+0000] {logging_mixin.py:188} INFO - [2024-04-12T01:51:57.370+0000] {dag.py:3954} INFO - Setting next_dagrun for example_short_circuit_operator to 2024-04-11 00:00:00+00:00, run_after=2024-04-12 00:00:00+00:00
[2024-04-12T01:51:57.381+0000] {processor.py:183} INFO - Processing /home/airflow/.local/lib/python3.12/site-packages/airflow/example_dags/example_short_circuit_operator.py took 0.049 seconds
[2024-04-12T01:52:27.631+0000] {processor.py:161} INFO - Started process (PID=1345) to work on /home/airflow/.local/lib/python3.12/site-packages/airflow/example_dags/example_short_circuit_operator.py
[2024-04-12T01:52:27.632+0000] {processor.py:830} INFO - Processing file /home/airflow/.local/lib/python3.12/site-packages/airflow/example_dags/example_short_circuit_operator.py for tasks to queue
[2024-04-12T01:52:27.633+0000] {logging_mixin.py:188} INFO - [2024-04-12T01:52:27.633+0000] {dagbag.py:540} INFO - Filling up the DagBag from /home/airflow/.local/lib/python3.12/site-packages/airflow/example_dags/example_short_circuit_operator.py
[2024-04-12T01:52:27.638+0000] {processor.py:840} INFO - DAG(s) 'example_short_circuit_operator' retrieved from /home/airflow/.local/lib/python3.12/site-packages/airflow/example_dags/example_short_circuit_operator.py
[2024-04-12T01:52:27.650+0000] {logging_mixin.py:188} INFO - [2024-04-12T01:52:27.649+0000] {dag.py:3096} INFO - Sync 1 DAGs
[2024-04-12T01:52:27.660+0000] {logging_mixin.py:188} INFO - [2024-04-12T01:52:27.660+0000] {dag.py:3954} INFO - Setting next_dagrun for example_short_circuit_operator to 2024-04-11 00:00:00+00:00, run_after=2024-04-12 00:00:00+00:00
[2024-04-12T01:52:27.668+0000] {processor.py:183} INFO - Processing /home/airflow/.local/lib/python3.12/site-packages/airflow/example_dags/example_short_circuit_operator.py took 0.040 seconds
