[2024-04-12T01:41:20.848+0000] {processor.py:161} INFO - Started process (PID=86) to work on /home/airflow/.local/lib/python3.12/site-packages/airflow/example_dags/example_branch_python_dop_operator_3.py
[2024-04-12T01:41:20.852+0000] {processor.py:830} INFO - Processing file /home/airflow/.local/lib/python3.12/site-packages/airflow/example_dags/example_branch_python_dop_operator_3.py for tasks to queue
[2024-04-12T01:41:20.855+0000] {logging_mixin.py:188} INFO - [2024-04-12T01:41:20.855+0000] {dagbag.py:540} INFO - Filling up the DagBag from /home/airflow/.local/lib/python3.12/site-packages/airflow/example_dags/example_branch_python_dop_operator_3.py
[2024-04-12T01:41:20.868+0000] {processor.py:840} INFO - DAG(s) 'example_branch_dop_operator_v3' retrieved from /home/airflow/.local/lib/python3.12/site-packages/airflow/example_dags/example_branch_python_dop_operator_3.py
[2024-04-12T01:41:21.232+0000] {logging_mixin.py:188} INFO - [2024-04-12T01:41:21.231+0000] {dag.py:3096} INFO - Sync 1 DAGs
[2024-04-12T01:41:21.273+0000] {logging_mixin.py:188} INFO - [2024-04-12T01:41:21.272+0000] {dag.py:3954} INFO - Setting next_dagrun for example_branch_dop_operator_v3 to 2024-04-12 01:40:00+00:00, run_after=2024-04-12 01:41:00+00:00
[2024-04-12T01:41:21.297+0000] {processor.py:183} INFO - Processing /home/airflow/.local/lib/python3.12/site-packages/airflow/example_dags/example_branch_python_dop_operator_3.py took 0.467 seconds
[2024-04-12T01:41:51.630+0000] {processor.py:161} INFO - Started process (PID=144) to work on /home/airflow/.local/lib/python3.12/site-packages/airflow/example_dags/example_branch_python_dop_operator_3.py
[2024-04-12T01:41:51.639+0000] {processor.py:830} INFO - Processing file /home/airflow/.local/lib/python3.12/site-packages/airflow/example_dags/example_branch_python_dop_operator_3.py for tasks to queue
[2024-04-12T01:41:51.643+0000] {logging_mixin.py:188} INFO - [2024-04-12T01:41:51.643+0000] {dagbag.py:540} INFO - Filling up the DagBag from /home/airflow/.local/lib/python3.12/site-packages/airflow/example_dags/example_branch_python_dop_operator_3.py
[2024-04-12T01:41:51.656+0000] {processor.py:840} INFO - DAG(s) 'example_branch_dop_operator_v3' retrieved from /home/airflow/.local/lib/python3.12/site-packages/airflow/example_dags/example_branch_python_dop_operator_3.py
[2024-04-12T01:41:51.679+0000] {logging_mixin.py:188} INFO - [2024-04-12T01:41:51.679+0000] {dag.py:3096} INFO - Sync 1 DAGs
[2024-04-12T01:41:51.722+0000] {logging_mixin.py:188} INFO - [2024-04-12T01:41:51.720+0000] {dag.py:3954} INFO - Setting next_dagrun for example_branch_dop_operator_v3 to 2024-04-12 01:40:00+00:00, run_after=2024-04-12 01:41:00+00:00
[2024-04-12T01:41:51.789+0000] {processor.py:183} INFO - Processing /home/airflow/.local/lib/python3.12/site-packages/airflow/example_dags/example_branch_python_dop_operator_3.py took 0.167 seconds
[2024-04-12T01:42:21.933+0000] {processor.py:161} INFO - Started process (PID=201) to work on /home/airflow/.local/lib/python3.12/site-packages/airflow/example_dags/example_branch_python_dop_operator_3.py
[2024-04-12T01:42:21.937+0000] {processor.py:830} INFO - Processing file /home/airflow/.local/lib/python3.12/site-packages/airflow/example_dags/example_branch_python_dop_operator_3.py for tasks to queue
[2024-04-12T01:42:21.941+0000] {logging_mixin.py:188} INFO - [2024-04-12T01:42:21.940+0000] {dagbag.py:540} INFO - Filling up the DagBag from /home/airflow/.local/lib/python3.12/site-packages/airflow/example_dags/example_branch_python_dop_operator_3.py
[2024-04-12T01:42:21.958+0000] {processor.py:840} INFO - DAG(s) 'example_branch_dop_operator_v3' retrieved from /home/airflow/.local/lib/python3.12/site-packages/airflow/example_dags/example_branch_python_dop_operator_3.py
[2024-04-12T01:42:21.991+0000] {logging_mixin.py:188} INFO - [2024-04-12T01:42:21.991+0000] {dag.py:3096} INFO - Sync 1 DAGs
[2024-04-12T01:42:22.143+0000] {logging_mixin.py:188} INFO - [2024-04-12T01:42:22.142+0000] {dag.py:3954} INFO - Setting next_dagrun for example_branch_dop_operator_v3 to 2024-04-12 01:41:00+00:00, run_after=2024-04-12 01:42:00+00:00
[2024-04-12T01:42:22.342+0000] {processor.py:183} INFO - Processing /home/airflow/.local/lib/python3.12/site-packages/airflow/example_dags/example_branch_python_dop_operator_3.py took 0.422 seconds
[2024-04-12T01:42:53.143+0000] {processor.py:161} INFO - Started process (PID=259) to work on /home/airflow/.local/lib/python3.12/site-packages/airflow/example_dags/example_branch_python_dop_operator_3.py
[2024-04-12T01:42:53.146+0000] {processor.py:830} INFO - Processing file /home/airflow/.local/lib/python3.12/site-packages/airflow/example_dags/example_branch_python_dop_operator_3.py for tasks to queue
[2024-04-12T01:42:53.148+0000] {logging_mixin.py:188} INFO - [2024-04-12T01:42:53.148+0000] {dagbag.py:540} INFO - Filling up the DagBag from /home/airflow/.local/lib/python3.12/site-packages/airflow/example_dags/example_branch_python_dop_operator_3.py
[2024-04-12T01:42:53.279+0000] {processor.py:840} INFO - DAG(s) 'example_branch_dop_operator_v3' retrieved from /home/airflow/.local/lib/python3.12/site-packages/airflow/example_dags/example_branch_python_dop_operator_3.py
[2024-04-12T01:42:53.335+0000] {logging_mixin.py:188} INFO - [2024-04-12T01:42:53.335+0000] {dag.py:3096} INFO - Sync 1 DAGs
[2024-04-12T01:42:53.352+0000] {logging_mixin.py:188} INFO - [2024-04-12T01:42:53.352+0000] {dag.py:3954} INFO - Setting next_dagrun for example_branch_dop_operator_v3 to 2024-04-12 01:41:00+00:00, run_after=2024-04-12 01:42:00+00:00
[2024-04-12T01:42:53.363+0000] {processor.py:183} INFO - Processing /home/airflow/.local/lib/python3.12/site-packages/airflow/example_dags/example_branch_python_dop_operator_3.py took 0.234 seconds
[2024-04-12T01:43:23.679+0000] {processor.py:161} INFO - Started process (PID=317) to work on /home/airflow/.local/lib/python3.12/site-packages/airflow/example_dags/example_branch_python_dop_operator_3.py
[2024-04-12T01:43:23.681+0000] {processor.py:830} INFO - Processing file /home/airflow/.local/lib/python3.12/site-packages/airflow/example_dags/example_branch_python_dop_operator_3.py for tasks to queue
[2024-04-12T01:43:23.694+0000] {logging_mixin.py:188} INFO - [2024-04-12T01:43:23.691+0000] {dagbag.py:540} INFO - Filling up the DagBag from /home/airflow/.local/lib/python3.12/site-packages/airflow/example_dags/example_branch_python_dop_operator_3.py
[2024-04-12T01:43:23.706+0000] {processor.py:840} INFO - DAG(s) 'example_branch_dop_operator_v3' retrieved from /home/airflow/.local/lib/python3.12/site-packages/airflow/example_dags/example_branch_python_dop_operator_3.py
[2024-04-12T01:43:23.726+0000] {logging_mixin.py:188} INFO - [2024-04-12T01:43:23.726+0000] {dag.py:3096} INFO - Sync 1 DAGs
[2024-04-12T01:43:23.746+0000] {logging_mixin.py:188} INFO - [2024-04-12T01:43:23.746+0000] {dag.py:3954} INFO - Setting next_dagrun for example_branch_dop_operator_v3 to 2024-04-12 01:42:00+00:00, run_after=2024-04-12 01:43:00+00:00
[2024-04-12T01:43:23.756+0000] {processor.py:183} INFO - Processing /home/airflow/.local/lib/python3.12/site-packages/airflow/example_dags/example_branch_python_dop_operator_3.py took 0.086 seconds
[2024-04-12T01:43:54.730+0000] {processor.py:161} INFO - Started process (PID=375) to work on /home/airflow/.local/lib/python3.12/site-packages/airflow/example_dags/example_branch_python_dop_operator_3.py
[2024-04-12T01:43:54.731+0000] {processor.py:830} INFO - Processing file /home/airflow/.local/lib/python3.12/site-packages/airflow/example_dags/example_branch_python_dop_operator_3.py for tasks to queue
[2024-04-12T01:43:54.732+0000] {logging_mixin.py:188} INFO - [2024-04-12T01:43:54.732+0000] {dagbag.py:540} INFO - Filling up the DagBag from /home/airflow/.local/lib/python3.12/site-packages/airflow/example_dags/example_branch_python_dop_operator_3.py
[2024-04-12T01:43:54.737+0000] {processor.py:840} INFO - DAG(s) 'example_branch_dop_operator_v3' retrieved from /home/airflow/.local/lib/python3.12/site-packages/airflow/example_dags/example_branch_python_dop_operator_3.py
[2024-04-12T01:43:54.752+0000] {logging_mixin.py:188} INFO - [2024-04-12T01:43:54.752+0000] {dag.py:3096} INFO - Sync 1 DAGs
[2024-04-12T01:43:54.766+0000] {logging_mixin.py:188} INFO - [2024-04-12T01:43:54.766+0000] {dag.py:3954} INFO - Setting next_dagrun for example_branch_dop_operator_v3 to 2024-04-12 01:42:00+00:00, run_after=2024-04-12 01:43:00+00:00
[2024-04-12T01:43:54.776+0000] {processor.py:183} INFO - Processing /home/airflow/.local/lib/python3.12/site-packages/airflow/example_dags/example_branch_python_dop_operator_3.py took 0.050 seconds
[2024-04-12T01:44:25.569+0000] {processor.py:161} INFO - Started process (PID=433) to work on /home/airflow/.local/lib/python3.12/site-packages/airflow/example_dags/example_branch_python_dop_operator_3.py
[2024-04-12T01:44:25.570+0000] {processor.py:830} INFO - Processing file /home/airflow/.local/lib/python3.12/site-packages/airflow/example_dags/example_branch_python_dop_operator_3.py for tasks to queue
[2024-04-12T01:44:25.571+0000] {logging_mixin.py:188} INFO - [2024-04-12T01:44:25.570+0000] {dagbag.py:540} INFO - Filling up the DagBag from /home/airflow/.local/lib/python3.12/site-packages/airflow/example_dags/example_branch_python_dop_operator_3.py
[2024-04-12T01:44:25.576+0000] {processor.py:840} INFO - DAG(s) 'example_branch_dop_operator_v3' retrieved from /home/airflow/.local/lib/python3.12/site-packages/airflow/example_dags/example_branch_python_dop_operator_3.py
[2024-04-12T01:44:25.587+0000] {logging_mixin.py:188} INFO - [2024-04-12T01:44:25.587+0000] {dag.py:3096} INFO - Sync 1 DAGs
[2024-04-12T01:44:25.604+0000] {logging_mixin.py:188} INFO - [2024-04-12T01:44:25.603+0000] {dag.py:3954} INFO - Setting next_dagrun for example_branch_dop_operator_v3 to 2024-04-12 01:43:00+00:00, run_after=2024-04-12 01:44:00+00:00
[2024-04-12T01:44:25.614+0000] {processor.py:183} INFO - Processing /home/airflow/.local/lib/python3.12/site-packages/airflow/example_dags/example_branch_python_dop_operator_3.py took 0.048 seconds
[2024-04-12T01:44:56.456+0000] {processor.py:161} INFO - Started process (PID=491) to work on /home/airflow/.local/lib/python3.12/site-packages/airflow/example_dags/example_branch_python_dop_operator_3.py
[2024-04-12T01:44:56.458+0000] {processor.py:830} INFO - Processing file /home/airflow/.local/lib/python3.12/site-packages/airflow/example_dags/example_branch_python_dop_operator_3.py for tasks to queue
[2024-04-12T01:44:56.460+0000] {logging_mixin.py:188} INFO - [2024-04-12T01:44:56.460+0000] {dagbag.py:540} INFO - Filling up the DagBag from /home/airflow/.local/lib/python3.12/site-packages/airflow/example_dags/example_branch_python_dop_operator_3.py
[2024-04-12T01:44:56.470+0000] {processor.py:840} INFO - DAG(s) 'example_branch_dop_operator_v3' retrieved from /home/airflow/.local/lib/python3.12/site-packages/airflow/example_dags/example_branch_python_dop_operator_3.py
[2024-04-12T01:44:56.504+0000] {logging_mixin.py:188} INFO - [2024-04-12T01:44:56.504+0000] {dag.py:3096} INFO - Sync 1 DAGs
[2024-04-12T01:44:56.524+0000] {logging_mixin.py:188} INFO - [2024-04-12T01:44:56.524+0000] {dag.py:3954} INFO - Setting next_dagrun for example_branch_dop_operator_v3 to 2024-04-12 01:43:00+00:00, run_after=2024-04-12 01:44:00+00:00
[2024-04-12T01:44:56.538+0000] {processor.py:183} INFO - Processing /home/airflow/.local/lib/python3.12/site-packages/airflow/example_dags/example_branch_python_dop_operator_3.py took 0.095 seconds
[2024-04-12T01:45:27.406+0000] {processor.py:161} INFO - Started process (PID=549) to work on /home/airflow/.local/lib/python3.12/site-packages/airflow/example_dags/example_branch_python_dop_operator_3.py
[2024-04-12T01:45:27.408+0000] {processor.py:830} INFO - Processing file /home/airflow/.local/lib/python3.12/site-packages/airflow/example_dags/example_branch_python_dop_operator_3.py for tasks to queue
[2024-04-12T01:45:27.410+0000] {logging_mixin.py:188} INFO - [2024-04-12T01:45:27.410+0000] {dagbag.py:540} INFO - Filling up the DagBag from /home/airflow/.local/lib/python3.12/site-packages/airflow/example_dags/example_branch_python_dop_operator_3.py
[2024-04-12T01:45:27.418+0000] {processor.py:840} INFO - DAG(s) 'example_branch_dop_operator_v3' retrieved from /home/airflow/.local/lib/python3.12/site-packages/airflow/example_dags/example_branch_python_dop_operator_3.py
[2024-04-12T01:45:27.436+0000] {logging_mixin.py:188} INFO - [2024-04-12T01:45:27.436+0000] {dag.py:3096} INFO - Sync 1 DAGs
[2024-04-12T01:45:27.451+0000] {logging_mixin.py:188} INFO - [2024-04-12T01:45:27.451+0000] {dag.py:3954} INFO - Setting next_dagrun for example_branch_dop_operator_v3 to 2024-04-12 01:44:00+00:00, run_after=2024-04-12 01:45:00+00:00
[2024-04-12T01:45:27.464+0000] {processor.py:183} INFO - Processing /home/airflow/.local/lib/python3.12/site-packages/airflow/example_dags/example_branch_python_dop_operator_3.py took 0.063 seconds
[2024-04-12T01:45:58.064+0000] {processor.py:161} INFO - Started process (PID=607) to work on /home/airflow/.local/lib/python3.12/site-packages/airflow/example_dags/example_branch_python_dop_operator_3.py
[2024-04-12T01:45:58.069+0000] {processor.py:830} INFO - Processing file /home/airflow/.local/lib/python3.12/site-packages/airflow/example_dags/example_branch_python_dop_operator_3.py for tasks to queue
[2024-04-12T01:45:58.075+0000] {logging_mixin.py:188} INFO - [2024-04-12T01:45:58.075+0000] {dagbag.py:540} INFO - Filling up the DagBag from /home/airflow/.local/lib/python3.12/site-packages/airflow/example_dags/example_branch_python_dop_operator_3.py
[2024-04-12T01:45:58.096+0000] {processor.py:840} INFO - DAG(s) 'example_branch_dop_operator_v3' retrieved from /home/airflow/.local/lib/python3.12/site-packages/airflow/example_dags/example_branch_python_dop_operator_3.py
[2024-04-12T01:45:58.120+0000] {logging_mixin.py:188} INFO - [2024-04-12T01:45:58.119+0000] {dag.py:3096} INFO - Sync 1 DAGs
[2024-04-12T01:45:58.137+0000] {logging_mixin.py:188} INFO - [2024-04-12T01:45:58.137+0000] {dag.py:3954} INFO - Setting next_dagrun for example_branch_dop_operator_v3 to 2024-04-12 01:44:00+00:00, run_after=2024-04-12 01:45:00+00:00
[2024-04-12T01:45:58.159+0000] {processor.py:183} INFO - Processing /home/airflow/.local/lib/python3.12/site-packages/airflow/example_dags/example_branch_python_dop_operator_3.py took 0.100 seconds
[2024-04-12T01:46:29.128+0000] {processor.py:161} INFO - Started process (PID=665) to work on /home/airflow/.local/lib/python3.12/site-packages/airflow/example_dags/example_branch_python_dop_operator_3.py
[2024-04-12T01:46:29.129+0000] {processor.py:830} INFO - Processing file /home/airflow/.local/lib/python3.12/site-packages/airflow/example_dags/example_branch_python_dop_operator_3.py for tasks to queue
[2024-04-12T01:46:29.131+0000] {logging_mixin.py:188} INFO - [2024-04-12T01:46:29.131+0000] {dagbag.py:540} INFO - Filling up the DagBag from /home/airflow/.local/lib/python3.12/site-packages/airflow/example_dags/example_branch_python_dop_operator_3.py
[2024-04-12T01:46:29.137+0000] {processor.py:840} INFO - DAG(s) 'example_branch_dop_operator_v3' retrieved from /home/airflow/.local/lib/python3.12/site-packages/airflow/example_dags/example_branch_python_dop_operator_3.py
[2024-04-12T01:46:29.154+0000] {logging_mixin.py:188} INFO - [2024-04-12T01:46:29.154+0000] {dag.py:3096} INFO - Sync 1 DAGs
[2024-04-12T01:46:29.173+0000] {logging_mixin.py:188} INFO - [2024-04-12T01:46:29.173+0000] {dag.py:3954} INFO - Setting next_dagrun for example_branch_dop_operator_v3 to 2024-04-12 01:45:00+00:00, run_after=2024-04-12 01:46:00+00:00
[2024-04-12T01:46:29.185+0000] {processor.py:183} INFO - Processing /home/airflow/.local/lib/python3.12/site-packages/airflow/example_dags/example_branch_python_dop_operator_3.py took 0.061 seconds
[2024-04-12T01:46:59.904+0000] {processor.py:161} INFO - Started process (PID=723) to work on /home/airflow/.local/lib/python3.12/site-packages/airflow/example_dags/example_branch_python_dop_operator_3.py
[2024-04-12T01:46:59.906+0000] {processor.py:830} INFO - Processing file /home/airflow/.local/lib/python3.12/site-packages/airflow/example_dags/example_branch_python_dop_operator_3.py for tasks to queue
[2024-04-12T01:46:59.909+0000] {logging_mixin.py:188} INFO - [2024-04-12T01:46:59.909+0000] {dagbag.py:540} INFO - Filling up the DagBag from /home/airflow/.local/lib/python3.12/site-packages/airflow/example_dags/example_branch_python_dop_operator_3.py
[2024-04-12T01:46:59.920+0000] {processor.py:840} INFO - DAG(s) 'example_branch_dop_operator_v3' retrieved from /home/airflow/.local/lib/python3.12/site-packages/airflow/example_dags/example_branch_python_dop_operator_3.py
[2024-04-12T01:46:59.966+0000] {logging_mixin.py:188} INFO - [2024-04-12T01:46:59.966+0000] {dag.py:3096} INFO - Sync 1 DAGs
[2024-04-12T01:46:59.998+0000] {logging_mixin.py:188} INFO - [2024-04-12T01:46:59.997+0000] {dag.py:3954} INFO - Setting next_dagrun for example_branch_dop_operator_v3 to 2024-04-12 01:45:00+00:00, run_after=2024-04-12 01:46:00+00:00
[2024-04-12T01:47:00.114+0000] {processor.py:183} INFO - Processing /home/airflow/.local/lib/python3.12/site-packages/airflow/example_dags/example_branch_python_dop_operator_3.py took 0.236 seconds
[2024-04-12T01:47:30.534+0000] {processor.py:161} INFO - Started process (PID=780) to work on /home/airflow/.local/lib/python3.12/site-packages/airflow/example_dags/example_branch_python_dop_operator_3.py
[2024-04-12T01:47:30.535+0000] {processor.py:830} INFO - Processing file /home/airflow/.local/lib/python3.12/site-packages/airflow/example_dags/example_branch_python_dop_operator_3.py for tasks to queue
[2024-04-12T01:47:30.538+0000] {logging_mixin.py:188} INFO - [2024-04-12T01:47:30.538+0000] {dagbag.py:540} INFO - Filling up the DagBag from /home/airflow/.local/lib/python3.12/site-packages/airflow/example_dags/example_branch_python_dop_operator_3.py
[2024-04-12T01:47:30.551+0000] {processor.py:840} INFO - DAG(s) 'example_branch_dop_operator_v3' retrieved from /home/airflow/.local/lib/python3.12/site-packages/airflow/example_dags/example_branch_python_dop_operator_3.py
[2024-04-12T01:47:30.576+0000] {logging_mixin.py:188} INFO - [2024-04-12T01:47:30.576+0000] {dag.py:3096} INFO - Sync 1 DAGs
[2024-04-12T01:47:30.600+0000] {logging_mixin.py:188} INFO - [2024-04-12T01:47:30.599+0000] {dag.py:3954} INFO - Setting next_dagrun for example_branch_dop_operator_v3 to 2024-04-12 01:46:00+00:00, run_after=2024-04-12 01:47:00+00:00
[2024-04-12T01:47:30.617+0000] {processor.py:183} INFO - Processing /home/airflow/.local/lib/python3.12/site-packages/airflow/example_dags/example_branch_python_dop_operator_3.py took 0.093 seconds
[2024-04-12T01:48:01.540+0000] {processor.py:161} INFO - Started process (PID=838) to work on /home/airflow/.local/lib/python3.12/site-packages/airflow/example_dags/example_branch_python_dop_operator_3.py
[2024-04-12T01:48:01.542+0000] {processor.py:830} INFO - Processing file /home/airflow/.local/lib/python3.12/site-packages/airflow/example_dags/example_branch_python_dop_operator_3.py for tasks to queue
[2024-04-12T01:48:01.545+0000] {logging_mixin.py:188} INFO - [2024-04-12T01:48:01.544+0000] {dagbag.py:540} INFO - Filling up the DagBag from /home/airflow/.local/lib/python3.12/site-packages/airflow/example_dags/example_branch_python_dop_operator_3.py
[2024-04-12T01:48:01.556+0000] {processor.py:840} INFO - DAG(s) 'example_branch_dop_operator_v3' retrieved from /home/airflow/.local/lib/python3.12/site-packages/airflow/example_dags/example_branch_python_dop_operator_3.py
[2024-04-12T01:48:01.590+0000] {logging_mixin.py:188} INFO - [2024-04-12T01:48:01.590+0000] {dag.py:3096} INFO - Sync 1 DAGs
[2024-04-12T01:48:01.612+0000] {logging_mixin.py:188} INFO - [2024-04-12T01:48:01.612+0000] {dag.py:3954} INFO - Setting next_dagrun for example_branch_dop_operator_v3 to 2024-04-12 01:47:00+00:00, run_after=2024-04-12 01:48:00+00:00
[2024-04-12T01:48:01.625+0000] {processor.py:183} INFO - Processing /home/airflow/.local/lib/python3.12/site-packages/airflow/example_dags/example_branch_python_dop_operator_3.py took 0.099 seconds
[2024-04-12T01:48:31.785+0000] {processor.py:161} INFO - Started process (PID=896) to work on /home/airflow/.local/lib/python3.12/site-packages/airflow/example_dags/example_branch_python_dop_operator_3.py
[2024-04-12T01:48:31.786+0000] {processor.py:830} INFO - Processing file /home/airflow/.local/lib/python3.12/site-packages/airflow/example_dags/example_branch_python_dop_operator_3.py for tasks to queue
[2024-04-12T01:48:31.788+0000] {logging_mixin.py:188} INFO - [2024-04-12T01:48:31.787+0000] {dagbag.py:540} INFO - Filling up the DagBag from /home/airflow/.local/lib/python3.12/site-packages/airflow/example_dags/example_branch_python_dop_operator_3.py
[2024-04-12T01:48:31.794+0000] {processor.py:840} INFO - DAG(s) 'example_branch_dop_operator_v3' retrieved from /home/airflow/.local/lib/python3.12/site-packages/airflow/example_dags/example_branch_python_dop_operator_3.py
[2024-04-12T01:48:31.811+0000] {logging_mixin.py:188} INFO - [2024-04-12T01:48:31.810+0000] {dag.py:3096} INFO - Sync 1 DAGs
[2024-04-12T01:48:31.832+0000] {logging_mixin.py:188} INFO - [2024-04-12T01:48:31.832+0000] {dag.py:3954} INFO - Setting next_dagrun for example_branch_dop_operator_v3 to 2024-04-12 01:47:00+00:00, run_after=2024-04-12 01:48:00+00:00
[2024-04-12T01:48:31.844+0000] {processor.py:183} INFO - Processing /home/airflow/.local/lib/python3.12/site-packages/airflow/example_dags/example_branch_python_dop_operator_3.py took 0.068 seconds
[2024-04-12T01:49:02.633+0000] {processor.py:161} INFO - Started process (PID=954) to work on /home/airflow/.local/lib/python3.12/site-packages/airflow/example_dags/example_branch_python_dop_operator_3.py
[2024-04-12T01:49:02.636+0000] {processor.py:830} INFO - Processing file /home/airflow/.local/lib/python3.12/site-packages/airflow/example_dags/example_branch_python_dop_operator_3.py for tasks to queue
[2024-04-12T01:49:02.640+0000] {logging_mixin.py:188} INFO - [2024-04-12T01:49:02.639+0000] {dagbag.py:540} INFO - Filling up the DagBag from /home/airflow/.local/lib/python3.12/site-packages/airflow/example_dags/example_branch_python_dop_operator_3.py
[2024-04-12T01:49:02.653+0000] {processor.py:840} INFO - DAG(s) 'example_branch_dop_operator_v3' retrieved from /home/airflow/.local/lib/python3.12/site-packages/airflow/example_dags/example_branch_python_dop_operator_3.py
[2024-04-12T01:49:02.679+0000] {logging_mixin.py:188} INFO - [2024-04-12T01:49:02.678+0000] {dag.py:3096} INFO - Sync 1 DAGs
[2024-04-12T01:49:02.704+0000] {logging_mixin.py:188} INFO - [2024-04-12T01:49:02.704+0000] {dag.py:3954} INFO - Setting next_dagrun for example_branch_dop_operator_v3 to 2024-04-12 01:48:00+00:00, run_after=2024-04-12 01:49:00+00:00
[2024-04-12T01:49:02.718+0000] {processor.py:183} INFO - Processing /home/airflow/.local/lib/python3.12/site-packages/airflow/example_dags/example_branch_python_dop_operator_3.py took 0.098 seconds
[2024-04-12T01:49:33.180+0000] {processor.py:161} INFO - Started process (PID=1012) to work on /home/airflow/.local/lib/python3.12/site-packages/airflow/example_dags/example_branch_python_dop_operator_3.py
[2024-04-12T01:49:33.182+0000] {processor.py:830} INFO - Processing file /home/airflow/.local/lib/python3.12/site-packages/airflow/example_dags/example_branch_python_dop_operator_3.py for tasks to queue
[2024-04-12T01:49:33.185+0000] {logging_mixin.py:188} INFO - [2024-04-12T01:49:33.184+0000] {dagbag.py:540} INFO - Filling up the DagBag from /home/airflow/.local/lib/python3.12/site-packages/airflow/example_dags/example_branch_python_dop_operator_3.py
[2024-04-12T01:49:33.194+0000] {processor.py:840} INFO - DAG(s) 'example_branch_dop_operator_v3' retrieved from /home/airflow/.local/lib/python3.12/site-packages/airflow/example_dags/example_branch_python_dop_operator_3.py
[2024-04-12T01:49:33.216+0000] {logging_mixin.py:188} INFO - [2024-04-12T01:49:33.215+0000] {dag.py:3096} INFO - Sync 1 DAGs
[2024-04-12T01:49:33.381+0000] {logging_mixin.py:188} INFO - [2024-04-12T01:49:33.381+0000] {dag.py:3954} INFO - Setting next_dagrun for example_branch_dop_operator_v3 to 2024-04-12 01:48:00+00:00, run_after=2024-04-12 01:49:00+00:00
[2024-04-12T01:49:33.391+0000] {processor.py:183} INFO - Processing /home/airflow/.local/lib/python3.12/site-packages/airflow/example_dags/example_branch_python_dop_operator_3.py took 0.221 seconds
[2024-04-12T01:50:03.428+0000] {processor.py:161} INFO - Started process (PID=1070) to work on /home/airflow/.local/lib/python3.12/site-packages/airflow/example_dags/example_branch_python_dop_operator_3.py
[2024-04-12T01:50:03.429+0000] {processor.py:830} INFO - Processing file /home/airflow/.local/lib/python3.12/site-packages/airflow/example_dags/example_branch_python_dop_operator_3.py for tasks to queue
[2024-04-12T01:50:03.432+0000] {logging_mixin.py:188} INFO - [2024-04-12T01:50:03.432+0000] {dagbag.py:540} INFO - Filling up the DagBag from /home/airflow/.local/lib/python3.12/site-packages/airflow/example_dags/example_branch_python_dop_operator_3.py
[2024-04-12T01:50:03.439+0000] {processor.py:840} INFO - DAG(s) 'example_branch_dop_operator_v3' retrieved from /home/airflow/.local/lib/python3.12/site-packages/airflow/example_dags/example_branch_python_dop_operator_3.py
[2024-04-12T01:50:03.457+0000] {logging_mixin.py:188} INFO - [2024-04-12T01:50:03.457+0000] {dag.py:3096} INFO - Sync 1 DAGs
[2024-04-12T01:50:03.486+0000] {logging_mixin.py:188} INFO - [2024-04-12T01:50:03.485+0000] {dag.py:3954} INFO - Setting next_dagrun for example_branch_dop_operator_v3 to 2024-04-12 01:49:00+00:00, run_after=2024-04-12 01:50:00+00:00
[2024-04-12T01:50:03.501+0000] {processor.py:183} INFO - Processing /home/airflow/.local/lib/python3.12/site-packages/airflow/example_dags/example_branch_python_dop_operator_3.py took 0.079 seconds
[2024-04-12T01:50:34.464+0000] {processor.py:161} INFO - Started process (PID=1128) to work on /home/airflow/.local/lib/python3.12/site-packages/airflow/example_dags/example_branch_python_dop_operator_3.py
[2024-04-12T01:50:34.468+0000] {processor.py:830} INFO - Processing file /home/airflow/.local/lib/python3.12/site-packages/airflow/example_dags/example_branch_python_dop_operator_3.py for tasks to queue
[2024-04-12T01:50:34.470+0000] {logging_mixin.py:188} INFO - [2024-04-12T01:50:34.469+0000] {dagbag.py:540} INFO - Filling up the DagBag from /home/airflow/.local/lib/python3.12/site-packages/airflow/example_dags/example_branch_python_dop_operator_3.py
[2024-04-12T01:50:34.475+0000] {processor.py:840} INFO - DAG(s) 'example_branch_dop_operator_v3' retrieved from /home/airflow/.local/lib/python3.12/site-packages/airflow/example_dags/example_branch_python_dop_operator_3.py
[2024-04-12T01:50:34.489+0000] {logging_mixin.py:188} INFO - [2024-04-12T01:50:34.488+0000] {dag.py:3096} INFO - Sync 1 DAGs
[2024-04-12T01:50:34.506+0000] {logging_mixin.py:188} INFO - [2024-04-12T01:50:34.506+0000] {dag.py:3954} INFO - Setting next_dagrun for example_branch_dop_operator_v3 to 2024-04-12 01:49:00+00:00, run_after=2024-04-12 01:50:00+00:00
[2024-04-12T01:50:34.518+0000] {processor.py:183} INFO - Processing /home/airflow/.local/lib/python3.12/site-packages/airflow/example_dags/example_branch_python_dop_operator_3.py took 0.058 seconds
[2024-04-12T01:51:04.727+0000] {processor.py:161} INFO - Started process (PID=1186) to work on /home/airflow/.local/lib/python3.12/site-packages/airflow/example_dags/example_branch_python_dop_operator_3.py
[2024-04-12T01:51:04.728+0000] {processor.py:830} INFO - Processing file /home/airflow/.local/lib/python3.12/site-packages/airflow/example_dags/example_branch_python_dop_operator_3.py for tasks to queue
[2024-04-12T01:51:04.729+0000] {logging_mixin.py:188} INFO - [2024-04-12T01:51:04.729+0000] {dagbag.py:540} INFO - Filling up the DagBag from /home/airflow/.local/lib/python3.12/site-packages/airflow/example_dags/example_branch_python_dop_operator_3.py
[2024-04-12T01:51:04.733+0000] {processor.py:840} INFO - DAG(s) 'example_branch_dop_operator_v3' retrieved from /home/airflow/.local/lib/python3.12/site-packages/airflow/example_dags/example_branch_python_dop_operator_3.py
[2024-04-12T01:51:04.822+0000] {logging_mixin.py:188} INFO - [2024-04-12T01:51:04.822+0000] {dag.py:3096} INFO - Sync 1 DAGs
[2024-04-12T01:51:04.833+0000] {logging_mixin.py:188} INFO - [2024-04-12T01:51:04.833+0000] {dag.py:3954} INFO - Setting next_dagrun for example_branch_dop_operator_v3 to 2024-04-12 01:50:00+00:00, run_after=2024-04-12 01:51:00+00:00
[2024-04-12T01:51:04.843+0000] {processor.py:183} INFO - Processing /home/airflow/.local/lib/python3.12/site-packages/airflow/example_dags/example_branch_python_dop_operator_3.py took 0.119 seconds
[2024-04-12T01:51:34.978+0000] {processor.py:161} INFO - Started process (PID=1244) to work on /home/airflow/.local/lib/python3.12/site-packages/airflow/example_dags/example_branch_python_dop_operator_3.py
[2024-04-12T01:51:34.982+0000] {processor.py:830} INFO - Processing file /home/airflow/.local/lib/python3.12/site-packages/airflow/example_dags/example_branch_python_dop_operator_3.py for tasks to queue
[2024-04-12T01:51:34.984+0000] {logging_mixin.py:188} INFO - [2024-04-12T01:51:34.983+0000] {dagbag.py:540} INFO - Filling up the DagBag from /home/airflow/.local/lib/python3.12/site-packages/airflow/example_dags/example_branch_python_dop_operator_3.py
[2024-04-12T01:51:34.991+0000] {processor.py:840} INFO - DAG(s) 'example_branch_dop_operator_v3' retrieved from /home/airflow/.local/lib/python3.12/site-packages/airflow/example_dags/example_branch_python_dop_operator_3.py
[2024-04-12T01:51:35.025+0000] {logging_mixin.py:188} INFO - [2024-04-12T01:51:35.025+0000] {dag.py:3096} INFO - Sync 1 DAGs
[2024-04-12T01:51:35.041+0000] {logging_mixin.py:188} INFO - [2024-04-12T01:51:35.041+0000] {dag.py:3954} INFO - Setting next_dagrun for example_branch_dop_operator_v3 to 2024-04-12 01:50:00+00:00, run_after=2024-04-12 01:51:00+00:00
[2024-04-12T01:51:35.051+0000] {processor.py:183} INFO - Processing /home/airflow/.local/lib/python3.12/site-packages/airflow/example_dags/example_branch_python_dop_operator_3.py took 0.077 seconds
[2024-04-12T01:52:05.131+0000] {processor.py:161} INFO - Started process (PID=1302) to work on /home/airflow/.local/lib/python3.12/site-packages/airflow/example_dags/example_branch_python_dop_operator_3.py
[2024-04-12T01:52:05.133+0000] {processor.py:830} INFO - Processing file /home/airflow/.local/lib/python3.12/site-packages/airflow/example_dags/example_branch_python_dop_operator_3.py for tasks to queue
[2024-04-12T01:52:05.135+0000] {logging_mixin.py:188} INFO - [2024-04-12T01:52:05.135+0000] {dagbag.py:540} INFO - Filling up the DagBag from /home/airflow/.local/lib/python3.12/site-packages/airflow/example_dags/example_branch_python_dop_operator_3.py
[2024-04-12T01:52:05.140+0000] {processor.py:840} INFO - DAG(s) 'example_branch_dop_operator_v3' retrieved from /home/airflow/.local/lib/python3.12/site-packages/airflow/example_dags/example_branch_python_dop_operator_3.py
[2024-04-12T01:52:05.150+0000] {logging_mixin.py:188} INFO - [2024-04-12T01:52:05.150+0000] {dag.py:3096} INFO - Sync 1 DAGs
[2024-04-12T01:52:05.162+0000] {logging_mixin.py:188} INFO - [2024-04-12T01:52:05.161+0000] {dag.py:3954} INFO - Setting next_dagrun for example_branch_dop_operator_v3 to 2024-04-12 01:51:00+00:00, run_after=2024-04-12 01:52:00+00:00
[2024-04-12T01:52:05.170+0000] {processor.py:183} INFO - Processing /home/airflow/.local/lib/python3.12/site-packages/airflow/example_dags/example_branch_python_dop_operator_3.py took 0.043 seconds
[2024-04-12T01:52:35.318+0000] {processor.py:161} INFO - Started process (PID=1359) to work on /home/airflow/.local/lib/python3.12/site-packages/airflow/example_dags/example_branch_python_dop_operator_3.py
[2024-04-12T01:52:35.319+0000] {processor.py:830} INFO - Processing file /home/airflow/.local/lib/python3.12/site-packages/airflow/example_dags/example_branch_python_dop_operator_3.py for tasks to queue
[2024-04-12T01:52:35.321+0000] {logging_mixin.py:188} INFO - [2024-04-12T01:52:35.320+0000] {dagbag.py:540} INFO - Filling up the DagBag from /home/airflow/.local/lib/python3.12/site-packages/airflow/example_dags/example_branch_python_dop_operator_3.py
[2024-04-12T01:52:35.325+0000] {processor.py:840} INFO - DAG(s) 'example_branch_dop_operator_v3' retrieved from /home/airflow/.local/lib/python3.12/site-packages/airflow/example_dags/example_branch_python_dop_operator_3.py
[2024-04-12T01:52:35.336+0000] {logging_mixin.py:188} INFO - [2024-04-12T01:52:35.336+0000] {dag.py:3096} INFO - Sync 1 DAGs
[2024-04-12T01:52:35.352+0000] {logging_mixin.py:188} INFO - [2024-04-12T01:52:35.352+0000] {dag.py:3954} INFO - Setting next_dagrun for example_branch_dop_operator_v3 to 2024-04-12 01:51:00+00:00, run_after=2024-04-12 01:52:00+00:00
[2024-04-12T01:52:35.362+0000] {processor.py:183} INFO - Processing /home/airflow/.local/lib/python3.12/site-packages/airflow/example_dags/example_branch_python_dop_operator_3.py took 0.048 seconds
