[2024-04-12T01:41:09.245+0000] {processor.py:161} INFO - Started process (PID=55) to work on /home/airflow/.local/lib/python3.12/site-packages/airflow/example_dags/example_latest_only_with_trigger.py
[2024-04-12T01:41:09.249+0000] {processor.py:830} INFO - Processing file /home/airflow/.local/lib/python3.12/site-packages/airflow/example_dags/example_latest_only_with_trigger.py for tasks to queue
[2024-04-12T01:41:09.284+0000] {logging_mixin.py:188} INFO - [2024-04-12T01:41:09.282+0000] {dagbag.py:540} INFO - Filling up the DagBag from /home/airflow/.local/lib/python3.12/site-packages/airflow/example_dags/example_latest_only_with_trigger.py
[2024-04-12T01:41:09.422+0000] {processor.py:840} INFO - DAG(s) 'latest_only_with_trigger' retrieved from /home/airflow/.local/lib/python3.12/site-packages/airflow/example_dags/example_latest_only_with_trigger.py
[2024-04-12T01:41:10.069+0000] {logging_mixin.py:188} INFO - [2024-04-12T01:41:10.068+0000] {dag.py:3096} INFO - Sync 1 DAGs
[2024-04-12T01:41:10.129+0000] {logging_mixin.py:188} INFO - [2024-04-12T01:41:10.129+0000] {dag.py:3954} INFO - Setting next_dagrun for latest_only_with_trigger to 2024-04-11 20:00:00+00:00, run_after=2024-04-12 00:00:00+00:00
[2024-04-12T01:41:10.188+0000] {processor.py:183} INFO - Processing /home/airflow/.local/lib/python3.12/site-packages/airflow/example_dags/example_latest_only_with_trigger.py took 0.988 seconds
[2024-04-12T01:41:40.695+0000] {processor.py:161} INFO - Started process (PID=113) to work on /home/airflow/.local/lib/python3.12/site-packages/airflow/example_dags/example_latest_only_with_trigger.py
[2024-04-12T01:41:40.696+0000] {processor.py:830} INFO - Processing file /home/airflow/.local/lib/python3.12/site-packages/airflow/example_dags/example_latest_only_with_trigger.py for tasks to queue
[2024-04-12T01:41:40.699+0000] {logging_mixin.py:188} INFO - [2024-04-12T01:41:40.699+0000] {dagbag.py:540} INFO - Filling up the DagBag from /home/airflow/.local/lib/python3.12/site-packages/airflow/example_dags/example_latest_only_with_trigger.py
[2024-04-12T01:41:40.707+0000] {processor.py:840} INFO - DAG(s) 'latest_only_with_trigger' retrieved from /home/airflow/.local/lib/python3.12/site-packages/airflow/example_dags/example_latest_only_with_trigger.py
[2024-04-12T01:41:40.741+0000] {logging_mixin.py:188} INFO - [2024-04-12T01:41:40.741+0000] {dag.py:3096} INFO - Sync 1 DAGs
[2024-04-12T01:41:40.766+0000] {logging_mixin.py:188} INFO - [2024-04-12T01:41:40.766+0000] {dag.py:3954} INFO - Setting next_dagrun for latest_only_with_trigger to 2024-04-11 20:00:00+00:00, run_after=2024-04-12 00:00:00+00:00
[2024-04-12T01:41:40.782+0000] {processor.py:183} INFO - Processing /home/airflow/.local/lib/python3.12/site-packages/airflow/example_dags/example_latest_only_with_trigger.py took 0.096 seconds
[2024-04-12T01:42:10.848+0000] {processor.py:161} INFO - Started process (PID=171) to work on /home/airflow/.local/lib/python3.12/site-packages/airflow/example_dags/example_latest_only_with_trigger.py
[2024-04-12T01:42:10.849+0000] {processor.py:830} INFO - Processing file /home/airflow/.local/lib/python3.12/site-packages/airflow/example_dags/example_latest_only_with_trigger.py for tasks to queue
[2024-04-12T01:42:10.850+0000] {logging_mixin.py:188} INFO - [2024-04-12T01:42:10.850+0000] {dagbag.py:540} INFO - Filling up the DagBag from /home/airflow/.local/lib/python3.12/site-packages/airflow/example_dags/example_latest_only_with_trigger.py
[2024-04-12T01:42:10.854+0000] {processor.py:840} INFO - DAG(s) 'latest_only_with_trigger' retrieved from /home/airflow/.local/lib/python3.12/site-packages/airflow/example_dags/example_latest_only_with_trigger.py
[2024-04-12T01:42:10.866+0000] {logging_mixin.py:188} INFO - [2024-04-12T01:42:10.866+0000] {dag.py:3096} INFO - Sync 1 DAGs
[2024-04-12T01:42:10.878+0000] {logging_mixin.py:188} INFO - [2024-04-12T01:42:10.878+0000] {dag.py:3954} INFO - Setting next_dagrun for latest_only_with_trigger to 2024-04-11 20:00:00+00:00, run_after=2024-04-12 00:00:00+00:00
[2024-04-12T01:42:10.892+0000] {processor.py:183} INFO - Processing /home/airflow/.local/lib/python3.12/site-packages/airflow/example_dags/example_latest_only_with_trigger.py took 0.047 seconds
[2024-04-12T01:42:40.976+0000] {processor.py:161} INFO - Started process (PID=229) to work on /home/airflow/.local/lib/python3.12/site-packages/airflow/example_dags/example_latest_only_with_trigger.py
[2024-04-12T01:42:40.978+0000] {processor.py:830} INFO - Processing file /home/airflow/.local/lib/python3.12/site-packages/airflow/example_dags/example_latest_only_with_trigger.py for tasks to queue
[2024-04-12T01:42:40.982+0000] {logging_mixin.py:188} INFO - [2024-04-12T01:42:40.981+0000] {dagbag.py:540} INFO - Filling up the DagBag from /home/airflow/.local/lib/python3.12/site-packages/airflow/example_dags/example_latest_only_with_trigger.py
[2024-04-12T01:42:40.986+0000] {processor.py:840} INFO - DAG(s) 'latest_only_with_trigger' retrieved from /home/airflow/.local/lib/python3.12/site-packages/airflow/example_dags/example_latest_only_with_trigger.py
[2024-04-12T01:42:41.013+0000] {logging_mixin.py:188} INFO - [2024-04-12T01:42:41.013+0000] {dag.py:3096} INFO - Sync 1 DAGs
[2024-04-12T01:42:41.030+0000] {logging_mixin.py:188} INFO - [2024-04-12T01:42:41.030+0000] {dag.py:3954} INFO - Setting next_dagrun for latest_only_with_trigger to 2024-04-11 20:00:00+00:00, run_after=2024-04-12 00:00:00+00:00
[2024-04-12T01:42:41.055+0000] {processor.py:183} INFO - Processing /home/airflow/.local/lib/python3.12/site-packages/airflow/example_dags/example_latest_only_with_trigger.py took 0.086 seconds
[2024-04-12T01:43:11.371+0000] {processor.py:161} INFO - Started process (PID=287) to work on /home/airflow/.local/lib/python3.12/site-packages/airflow/example_dags/example_latest_only_with_trigger.py
[2024-04-12T01:43:11.373+0000] {processor.py:830} INFO - Processing file /home/airflow/.local/lib/python3.12/site-packages/airflow/example_dags/example_latest_only_with_trigger.py for tasks to queue
[2024-04-12T01:43:11.374+0000] {logging_mixin.py:188} INFO - [2024-04-12T01:43:11.374+0000] {dagbag.py:540} INFO - Filling up the DagBag from /home/airflow/.local/lib/python3.12/site-packages/airflow/example_dags/example_latest_only_with_trigger.py
[2024-04-12T01:43:11.381+0000] {processor.py:840} INFO - DAG(s) 'latest_only_with_trigger' retrieved from /home/airflow/.local/lib/python3.12/site-packages/airflow/example_dags/example_latest_only_with_trigger.py
[2024-04-12T01:43:11.410+0000] {logging_mixin.py:188} INFO - [2024-04-12T01:43:11.410+0000] {dag.py:3096} INFO - Sync 1 DAGs
[2024-04-12T01:43:11.428+0000] {logging_mixin.py:188} INFO - [2024-04-12T01:43:11.428+0000] {dag.py:3954} INFO - Setting next_dagrun for latest_only_with_trigger to 2024-04-11 20:00:00+00:00, run_after=2024-04-12 00:00:00+00:00
[2024-04-12T01:43:11.442+0000] {processor.py:183} INFO - Processing /home/airflow/.local/lib/python3.12/site-packages/airflow/example_dags/example_latest_only_with_trigger.py took 0.079 seconds
[2024-04-12T01:43:41.930+0000] {processor.py:161} INFO - Started process (PID=345) to work on /home/airflow/.local/lib/python3.12/site-packages/airflow/example_dags/example_latest_only_with_trigger.py
[2024-04-12T01:43:41.931+0000] {processor.py:830} INFO - Processing file /home/airflow/.local/lib/python3.12/site-packages/airflow/example_dags/example_latest_only_with_trigger.py for tasks to queue
[2024-04-12T01:43:41.932+0000] {logging_mixin.py:188} INFO - [2024-04-12T01:43:41.932+0000] {dagbag.py:540} INFO - Filling up the DagBag from /home/airflow/.local/lib/python3.12/site-packages/airflow/example_dags/example_latest_only_with_trigger.py
[2024-04-12T01:43:41.937+0000] {processor.py:840} INFO - DAG(s) 'latest_only_with_trigger' retrieved from /home/airflow/.local/lib/python3.12/site-packages/airflow/example_dags/example_latest_only_with_trigger.py
[2024-04-12T01:43:41.948+0000] {logging_mixin.py:188} INFO - [2024-04-12T01:43:41.948+0000] {dag.py:3096} INFO - Sync 1 DAGs
[2024-04-12T01:43:41.960+0000] {logging_mixin.py:188} INFO - [2024-04-12T01:43:41.960+0000] {dag.py:3954} INFO - Setting next_dagrun for latest_only_with_trigger to 2024-04-11 20:00:00+00:00, run_after=2024-04-12 00:00:00+00:00
[2024-04-12T01:43:41.970+0000] {processor.py:183} INFO - Processing /home/airflow/.local/lib/python3.12/site-packages/airflow/example_dags/example_latest_only_with_trigger.py took 0.043 seconds
[2024-04-12T01:44:12.253+0000] {processor.py:161} INFO - Started process (PID=403) to work on /home/airflow/.local/lib/python3.12/site-packages/airflow/example_dags/example_latest_only_with_trigger.py
[2024-04-12T01:44:12.254+0000] {processor.py:830} INFO - Processing file /home/airflow/.local/lib/python3.12/site-packages/airflow/example_dags/example_latest_only_with_trigger.py for tasks to queue
[2024-04-12T01:44:12.255+0000] {logging_mixin.py:188} INFO - [2024-04-12T01:44:12.255+0000] {dagbag.py:540} INFO - Filling up the DagBag from /home/airflow/.local/lib/python3.12/site-packages/airflow/example_dags/example_latest_only_with_trigger.py
[2024-04-12T01:44:12.258+0000] {processor.py:840} INFO - DAG(s) 'latest_only_with_trigger' retrieved from /home/airflow/.local/lib/python3.12/site-packages/airflow/example_dags/example_latest_only_with_trigger.py
[2024-04-12T01:44:12.268+0000] {logging_mixin.py:188} INFO - [2024-04-12T01:44:12.268+0000] {dag.py:3096} INFO - Sync 1 DAGs
[2024-04-12T01:44:12.278+0000] {logging_mixin.py:188} INFO - [2024-04-12T01:44:12.278+0000] {dag.py:3954} INFO - Setting next_dagrun for latest_only_with_trigger to 2024-04-11 20:00:00+00:00, run_after=2024-04-12 00:00:00+00:00
[2024-04-12T01:44:12.288+0000] {processor.py:183} INFO - Processing /home/airflow/.local/lib/python3.12/site-packages/airflow/example_dags/example_latest_only_with_trigger.py took 0.038 seconds
[2024-04-12T01:44:42.924+0000] {processor.py:161} INFO - Started process (PID=461) to work on /home/airflow/.local/lib/python3.12/site-packages/airflow/example_dags/example_latest_only_with_trigger.py
[2024-04-12T01:44:42.925+0000] {processor.py:830} INFO - Processing file /home/airflow/.local/lib/python3.12/site-packages/airflow/example_dags/example_latest_only_with_trigger.py for tasks to queue
[2024-04-12T01:44:42.926+0000] {logging_mixin.py:188} INFO - [2024-04-12T01:44:42.926+0000] {dagbag.py:540} INFO - Filling up the DagBag from /home/airflow/.local/lib/python3.12/site-packages/airflow/example_dags/example_latest_only_with_trigger.py
[2024-04-12T01:44:42.929+0000] {processor.py:840} INFO - DAG(s) 'latest_only_with_trigger' retrieved from /home/airflow/.local/lib/python3.12/site-packages/airflow/example_dags/example_latest_only_with_trigger.py
[2024-04-12T01:44:42.940+0000] {logging_mixin.py:188} INFO - [2024-04-12T01:44:42.940+0000] {dag.py:3096} INFO - Sync 1 DAGs
[2024-04-12T01:44:42.950+0000] {logging_mixin.py:188} INFO - [2024-04-12T01:44:42.950+0000] {dag.py:3954} INFO - Setting next_dagrun for latest_only_with_trigger to 2024-04-11 20:00:00+00:00, run_after=2024-04-12 00:00:00+00:00
[2024-04-12T01:44:42.958+0000] {processor.py:183} INFO - Processing /home/airflow/.local/lib/python3.12/site-packages/airflow/example_dags/example_latest_only_with_trigger.py took 0.037 seconds
[2024-04-12T01:45:13.268+0000] {processor.py:161} INFO - Started process (PID=519) to work on /home/airflow/.local/lib/python3.12/site-packages/airflow/example_dags/example_latest_only_with_trigger.py
[2024-04-12T01:45:13.270+0000] {processor.py:830} INFO - Processing file /home/airflow/.local/lib/python3.12/site-packages/airflow/example_dags/example_latest_only_with_trigger.py for tasks to queue
[2024-04-12T01:45:13.271+0000] {logging_mixin.py:188} INFO - [2024-04-12T01:45:13.271+0000] {dagbag.py:540} INFO - Filling up the DagBag from /home/airflow/.local/lib/python3.12/site-packages/airflow/example_dags/example_latest_only_with_trigger.py
[2024-04-12T01:45:13.274+0000] {processor.py:840} INFO - DAG(s) 'latest_only_with_trigger' retrieved from /home/airflow/.local/lib/python3.12/site-packages/airflow/example_dags/example_latest_only_with_trigger.py
[2024-04-12T01:45:13.287+0000] {logging_mixin.py:188} INFO - [2024-04-12T01:45:13.287+0000] {dag.py:3096} INFO - Sync 1 DAGs
[2024-04-12T01:45:13.299+0000] {logging_mixin.py:188} INFO - [2024-04-12T01:45:13.299+0000] {dag.py:3954} INFO - Setting next_dagrun for latest_only_with_trigger to 2024-04-11 20:00:00+00:00, run_after=2024-04-12 00:00:00+00:00
[2024-04-12T01:45:13.308+0000] {processor.py:183} INFO - Processing /home/airflow/.local/lib/python3.12/site-packages/airflow/example_dags/example_latest_only_with_trigger.py took 0.045 seconds
[2024-04-12T01:45:43.639+0000] {processor.py:161} INFO - Started process (PID=577) to work on /home/airflow/.local/lib/python3.12/site-packages/airflow/example_dags/example_latest_only_with_trigger.py
[2024-04-12T01:45:43.640+0000] {processor.py:830} INFO - Processing file /home/airflow/.local/lib/python3.12/site-packages/airflow/example_dags/example_latest_only_with_trigger.py for tasks to queue
[2024-04-12T01:45:43.641+0000] {logging_mixin.py:188} INFO - [2024-04-12T01:45:43.640+0000] {dagbag.py:540} INFO - Filling up the DagBag from /home/airflow/.local/lib/python3.12/site-packages/airflow/example_dags/example_latest_only_with_trigger.py
[2024-04-12T01:45:43.644+0000] {processor.py:840} INFO - DAG(s) 'latest_only_with_trigger' retrieved from /home/airflow/.local/lib/python3.12/site-packages/airflow/example_dags/example_latest_only_with_trigger.py
[2024-04-12T01:45:43.655+0000] {logging_mixin.py:188} INFO - [2024-04-12T01:45:43.655+0000] {dag.py:3096} INFO - Sync 1 DAGs
[2024-04-12T01:45:43.665+0000] {logging_mixin.py:188} INFO - [2024-04-12T01:45:43.665+0000] {dag.py:3954} INFO - Setting next_dagrun for latest_only_with_trigger to 2024-04-11 20:00:00+00:00, run_after=2024-04-12 00:00:00+00:00
[2024-04-12T01:45:43.676+0000] {processor.py:183} INFO - Processing /home/airflow/.local/lib/python3.12/site-packages/airflow/example_dags/example_latest_only_with_trigger.py took 0.040 seconds
[2024-04-12T01:46:13.958+0000] {processor.py:161} INFO - Started process (PID=635) to work on /home/airflow/.local/lib/python3.12/site-packages/airflow/example_dags/example_latest_only_with_trigger.py
[2024-04-12T01:46:13.959+0000] {processor.py:830} INFO - Processing file /home/airflow/.local/lib/python3.12/site-packages/airflow/example_dags/example_latest_only_with_trigger.py for tasks to queue
[2024-04-12T01:46:13.960+0000] {logging_mixin.py:188} INFO - [2024-04-12T01:46:13.960+0000] {dagbag.py:540} INFO - Filling up the DagBag from /home/airflow/.local/lib/python3.12/site-packages/airflow/example_dags/example_latest_only_with_trigger.py
[2024-04-12T01:46:13.964+0000] {processor.py:840} INFO - DAG(s) 'latest_only_with_trigger' retrieved from /home/airflow/.local/lib/python3.12/site-packages/airflow/example_dags/example_latest_only_with_trigger.py
[2024-04-12T01:46:13.974+0000] {logging_mixin.py:188} INFO - [2024-04-12T01:46:13.974+0000] {dag.py:3096} INFO - Sync 1 DAGs
[2024-04-12T01:46:13.987+0000] {logging_mixin.py:188} INFO - [2024-04-12T01:46:13.987+0000] {dag.py:3954} INFO - Setting next_dagrun for latest_only_with_trigger to 2024-04-11 20:00:00+00:00, run_after=2024-04-12 00:00:00+00:00
[2024-04-12T01:46:14.001+0000] {processor.py:183} INFO - Processing /home/airflow/.local/lib/python3.12/site-packages/airflow/example_dags/example_latest_only_with_trigger.py took 0.046 seconds
[2024-04-12T01:46:44.135+0000] {processor.py:161} INFO - Started process (PID=693) to work on /home/airflow/.local/lib/python3.12/site-packages/airflow/example_dags/example_latest_only_with_trigger.py
[2024-04-12T01:46:44.136+0000] {processor.py:830} INFO - Processing file /home/airflow/.local/lib/python3.12/site-packages/airflow/example_dags/example_latest_only_with_trigger.py for tasks to queue
[2024-04-12T01:46:44.137+0000] {logging_mixin.py:188} INFO - [2024-04-12T01:46:44.137+0000] {dagbag.py:540} INFO - Filling up the DagBag from /home/airflow/.local/lib/python3.12/site-packages/airflow/example_dags/example_latest_only_with_trigger.py
[2024-04-12T01:46:44.140+0000] {processor.py:840} INFO - DAG(s) 'latest_only_with_trigger' retrieved from /home/airflow/.local/lib/python3.12/site-packages/airflow/example_dags/example_latest_only_with_trigger.py
[2024-04-12T01:46:44.153+0000] {logging_mixin.py:188} INFO - [2024-04-12T01:46:44.153+0000] {dag.py:3096} INFO - Sync 1 DAGs
[2024-04-12T01:46:44.164+0000] {logging_mixin.py:188} INFO - [2024-04-12T01:46:44.164+0000] {dag.py:3954} INFO - Setting next_dagrun for latest_only_with_trigger to 2024-04-11 20:00:00+00:00, run_after=2024-04-12 00:00:00+00:00
[2024-04-12T01:46:44.174+0000] {processor.py:183} INFO - Processing /home/airflow/.local/lib/python3.12/site-packages/airflow/example_dags/example_latest_only_with_trigger.py took 0.042 seconds
[2024-04-12T01:47:15.771+0000] {processor.py:161} INFO - Started process (PID=751) to work on /home/airflow/.local/lib/python3.12/site-packages/airflow/example_dags/example_latest_only_with_trigger.py
[2024-04-12T01:47:15.862+0000] {processor.py:830} INFO - Processing file /home/airflow/.local/lib/python3.12/site-packages/airflow/example_dags/example_latest_only_with_trigger.py for tasks to queue
[2024-04-12T01:47:15.888+0000] {logging_mixin.py:188} INFO - [2024-04-12T01:47:15.886+0000] {dagbag.py:540} INFO - Filling up the DagBag from /home/airflow/.local/lib/python3.12/site-packages/airflow/example_dags/example_latest_only_with_trigger.py
[2024-04-12T01:47:15.938+0000] {processor.py:840} INFO - DAG(s) 'latest_only_with_trigger' retrieved from /home/airflow/.local/lib/python3.12/site-packages/airflow/example_dags/example_latest_only_with_trigger.py
[2024-04-12T01:47:16.129+0000] {logging_mixin.py:188} INFO - [2024-04-12T01:47:16.121+0000] {dag.py:3096} INFO - Sync 1 DAGs
[2024-04-12T01:47:16.186+0000] {logging_mixin.py:188} INFO - [2024-04-12T01:47:16.186+0000] {dag.py:3954} INFO - Setting next_dagrun for latest_only_with_trigger to 2024-04-11 20:00:00+00:00, run_after=2024-04-12 00:00:00+00:00
[2024-04-12T01:47:16.245+0000] {processor.py:183} INFO - Processing /home/airflow/.local/lib/python3.12/site-packages/airflow/example_dags/example_latest_only_with_trigger.py took 0.652 seconds
[2024-04-12T01:47:46.290+0000] {processor.py:161} INFO - Started process (PID=808) to work on /home/airflow/.local/lib/python3.12/site-packages/airflow/example_dags/example_latest_only_with_trigger.py
[2024-04-12T01:47:46.292+0000] {processor.py:830} INFO - Processing file /home/airflow/.local/lib/python3.12/site-packages/airflow/example_dags/example_latest_only_with_trigger.py for tasks to queue
[2024-04-12T01:47:46.294+0000] {logging_mixin.py:188} INFO - [2024-04-12T01:47:46.293+0000] {dagbag.py:540} INFO - Filling up the DagBag from /home/airflow/.local/lib/python3.12/site-packages/airflow/example_dags/example_latest_only_with_trigger.py
[2024-04-12T01:47:46.300+0000] {processor.py:840} INFO - DAG(s) 'latest_only_with_trigger' retrieved from /home/airflow/.local/lib/python3.12/site-packages/airflow/example_dags/example_latest_only_with_trigger.py
[2024-04-12T01:47:46.314+0000] {logging_mixin.py:188} INFO - [2024-04-12T01:47:46.314+0000] {dag.py:3096} INFO - Sync 1 DAGs
[2024-04-12T01:47:46.326+0000] {logging_mixin.py:188} INFO - [2024-04-12T01:47:46.326+0000] {dag.py:3954} INFO - Setting next_dagrun for latest_only_with_trigger to 2024-04-11 20:00:00+00:00, run_after=2024-04-12 00:00:00+00:00
[2024-04-12T01:47:46.336+0000] {processor.py:183} INFO - Processing /home/airflow/.local/lib/python3.12/site-packages/airflow/example_dags/example_latest_only_with_trigger.py took 0.052 seconds
[2024-04-12T01:48:16.489+0000] {processor.py:161} INFO - Started process (PID=866) to work on /home/airflow/.local/lib/python3.12/site-packages/airflow/example_dags/example_latest_only_with_trigger.py
[2024-04-12T01:48:16.489+0000] {processor.py:830} INFO - Processing file /home/airflow/.local/lib/python3.12/site-packages/airflow/example_dags/example_latest_only_with_trigger.py for tasks to queue
[2024-04-12T01:48:16.490+0000] {logging_mixin.py:188} INFO - [2024-04-12T01:48:16.490+0000] {dagbag.py:540} INFO - Filling up the DagBag from /home/airflow/.local/lib/python3.12/site-packages/airflow/example_dags/example_latest_only_with_trigger.py
[2024-04-12T01:48:16.494+0000] {processor.py:840} INFO - DAG(s) 'latest_only_with_trigger' retrieved from /home/airflow/.local/lib/python3.12/site-packages/airflow/example_dags/example_latest_only_with_trigger.py
[2024-04-12T01:48:16.504+0000] {logging_mixin.py:188} INFO - [2024-04-12T01:48:16.504+0000] {dag.py:3096} INFO - Sync 1 DAGs
[2024-04-12T01:48:16.517+0000] {logging_mixin.py:188} INFO - [2024-04-12T01:48:16.517+0000] {dag.py:3954} INFO - Setting next_dagrun for latest_only_with_trigger to 2024-04-11 20:00:00+00:00, run_after=2024-04-12 00:00:00+00:00
[2024-04-12T01:48:16.525+0000] {processor.py:183} INFO - Processing /home/airflow/.local/lib/python3.12/site-packages/airflow/example_dags/example_latest_only_with_trigger.py took 0.040 seconds
[2024-04-12T01:48:47.131+0000] {processor.py:161} INFO - Started process (PID=924) to work on /home/airflow/.local/lib/python3.12/site-packages/airflow/example_dags/example_latest_only_with_trigger.py
[2024-04-12T01:48:47.132+0000] {processor.py:830} INFO - Processing file /home/airflow/.local/lib/python3.12/site-packages/airflow/example_dags/example_latest_only_with_trigger.py for tasks to queue
[2024-04-12T01:48:47.133+0000] {logging_mixin.py:188} INFO - [2024-04-12T01:48:47.133+0000] {dagbag.py:540} INFO - Filling up the DagBag from /home/airflow/.local/lib/python3.12/site-packages/airflow/example_dags/example_latest_only_with_trigger.py
[2024-04-12T01:48:47.137+0000] {processor.py:840} INFO - DAG(s) 'latest_only_with_trigger' retrieved from /home/airflow/.local/lib/python3.12/site-packages/airflow/example_dags/example_latest_only_with_trigger.py
[2024-04-12T01:48:47.153+0000] {logging_mixin.py:188} INFO - [2024-04-12T01:48:47.153+0000] {dag.py:3096} INFO - Sync 1 DAGs
[2024-04-12T01:48:47.165+0000] {logging_mixin.py:188} INFO - [2024-04-12T01:48:47.165+0000] {dag.py:3954} INFO - Setting next_dagrun for latest_only_with_trigger to 2024-04-11 20:00:00+00:00, run_after=2024-04-12 00:00:00+00:00
[2024-04-12T01:48:47.288+0000] {processor.py:183} INFO - Processing /home/airflow/.local/lib/python3.12/site-packages/airflow/example_dags/example_latest_only_with_trigger.py took 0.160 seconds
[2024-04-12T01:49:17.419+0000] {processor.py:161} INFO - Started process (PID=982) to work on /home/airflow/.local/lib/python3.12/site-packages/airflow/example_dags/example_latest_only_with_trigger.py
[2024-04-12T01:49:17.421+0000] {processor.py:830} INFO - Processing file /home/airflow/.local/lib/python3.12/site-packages/airflow/example_dags/example_latest_only_with_trigger.py for tasks to queue
[2024-04-12T01:49:17.423+0000] {logging_mixin.py:188} INFO - [2024-04-12T01:49:17.422+0000] {dagbag.py:540} INFO - Filling up the DagBag from /home/airflow/.local/lib/python3.12/site-packages/airflow/example_dags/example_latest_only_with_trigger.py
[2024-04-12T01:49:17.427+0000] {processor.py:840} INFO - DAG(s) 'latest_only_with_trigger' retrieved from /home/airflow/.local/lib/python3.12/site-packages/airflow/example_dags/example_latest_only_with_trigger.py
[2024-04-12T01:49:17.454+0000] {logging_mixin.py:188} INFO - [2024-04-12T01:49:17.454+0000] {dag.py:3096} INFO - Sync 1 DAGs
[2024-04-12T01:49:17.470+0000] {logging_mixin.py:188} INFO - [2024-04-12T01:49:17.470+0000] {dag.py:3954} INFO - Setting next_dagrun for latest_only_with_trigger to 2024-04-11 20:00:00+00:00, run_after=2024-04-12 00:00:00+00:00
[2024-04-12T01:49:17.483+0000] {processor.py:183} INFO - Processing /home/airflow/.local/lib/python3.12/site-packages/airflow/example_dags/example_latest_only_with_trigger.py took 0.069 seconds
[2024-04-12T01:49:47.677+0000] {processor.py:161} INFO - Started process (PID=1038) to work on /home/airflow/.local/lib/python3.12/site-packages/airflow/example_dags/example_latest_only_with_trigger.py
[2024-04-12T01:49:47.678+0000] {processor.py:830} INFO - Processing file /home/airflow/.local/lib/python3.12/site-packages/airflow/example_dags/example_latest_only_with_trigger.py for tasks to queue
[2024-04-12T01:49:47.679+0000] {logging_mixin.py:188} INFO - [2024-04-12T01:49:47.679+0000] {dagbag.py:540} INFO - Filling up the DagBag from /home/airflow/.local/lib/python3.12/site-packages/airflow/example_dags/example_latest_only_with_trigger.py
[2024-04-12T01:49:47.685+0000] {processor.py:840} INFO - DAG(s) 'latest_only_with_trigger' retrieved from /home/airflow/.local/lib/python3.12/site-packages/airflow/example_dags/example_latest_only_with_trigger.py
[2024-04-12T01:49:47.700+0000] {logging_mixin.py:188} INFO - [2024-04-12T01:49:47.700+0000] {dag.py:3096} INFO - Sync 1 DAGs
[2024-04-12T01:49:47.717+0000] {logging_mixin.py:188} INFO - [2024-04-12T01:49:47.717+0000] {dag.py:3954} INFO - Setting next_dagrun for latest_only_with_trigger to 2024-04-11 20:00:00+00:00, run_after=2024-04-12 00:00:00+00:00
[2024-04-12T01:49:47.730+0000] {processor.py:183} INFO - Processing /home/airflow/.local/lib/python3.12/site-packages/airflow/example_dags/example_latest_only_with_trigger.py took 0.059 seconds
[2024-04-12T01:50:18.396+0000] {processor.py:161} INFO - Started process (PID=1096) to work on /home/airflow/.local/lib/python3.12/site-packages/airflow/example_dags/example_latest_only_with_trigger.py
[2024-04-12T01:50:18.399+0000] {processor.py:830} INFO - Processing file /home/airflow/.local/lib/python3.12/site-packages/airflow/example_dags/example_latest_only_with_trigger.py for tasks to queue
[2024-04-12T01:50:18.402+0000] {logging_mixin.py:188} INFO - [2024-04-12T01:50:18.401+0000] {dagbag.py:540} INFO - Filling up the DagBag from /home/airflow/.local/lib/python3.12/site-packages/airflow/example_dags/example_latest_only_with_trigger.py
[2024-04-12T01:50:18.412+0000] {processor.py:840} INFO - DAG(s) 'latest_only_with_trigger' retrieved from /home/airflow/.local/lib/python3.12/site-packages/airflow/example_dags/example_latest_only_with_trigger.py
[2024-04-12T01:50:18.494+0000] {logging_mixin.py:188} INFO - [2024-04-12T01:50:18.494+0000] {dag.py:3096} INFO - Sync 1 DAGs
[2024-04-12T01:50:18.801+0000] {logging_mixin.py:188} INFO - [2024-04-12T01:50:18.801+0000] {dag.py:3954} INFO - Setting next_dagrun for latest_only_with_trigger to 2024-04-11 20:00:00+00:00, run_after=2024-04-12 00:00:00+00:00
[2024-04-12T01:50:18.814+0000] {processor.py:183} INFO - Processing /home/airflow/.local/lib/python3.12/site-packages/airflow/example_dags/example_latest_only_with_trigger.py took 0.429 seconds
[2024-04-12T01:50:49.306+0000] {processor.py:161} INFO - Started process (PID=1154) to work on /home/airflow/.local/lib/python3.12/site-packages/airflow/example_dags/example_latest_only_with_trigger.py
[2024-04-12T01:50:49.308+0000] {processor.py:830} INFO - Processing file /home/airflow/.local/lib/python3.12/site-packages/airflow/example_dags/example_latest_only_with_trigger.py for tasks to queue
[2024-04-12T01:50:49.311+0000] {logging_mixin.py:188} INFO - [2024-04-12T01:50:49.311+0000] {dagbag.py:540} INFO - Filling up the DagBag from /home/airflow/.local/lib/python3.12/site-packages/airflow/example_dags/example_latest_only_with_trigger.py
[2024-04-12T01:50:49.316+0000] {processor.py:840} INFO - DAG(s) 'latest_only_with_trigger' retrieved from /home/airflow/.local/lib/python3.12/site-packages/airflow/example_dags/example_latest_only_with_trigger.py
[2024-04-12T01:50:49.330+0000] {logging_mixin.py:188} INFO - [2024-04-12T01:50:49.330+0000] {dag.py:3096} INFO - Sync 1 DAGs
[2024-04-12T01:50:49.341+0000] {logging_mixin.py:188} INFO - [2024-04-12T01:50:49.341+0000] {dag.py:3954} INFO - Setting next_dagrun for latest_only_with_trigger to 2024-04-11 20:00:00+00:00, run_after=2024-04-12 00:00:00+00:00
[2024-04-12T01:50:49.350+0000] {processor.py:183} INFO - Processing /home/airflow/.local/lib/python3.12/site-packages/airflow/example_dags/example_latest_only_with_trigger.py took 0.049 seconds
[2024-04-12T01:51:20.230+0000] {processor.py:161} INFO - Started process (PID=1212) to work on /home/airflow/.local/lib/python3.12/site-packages/airflow/example_dags/example_latest_only_with_trigger.py
[2024-04-12T01:51:20.234+0000] {processor.py:830} INFO - Processing file /home/airflow/.local/lib/python3.12/site-packages/airflow/example_dags/example_latest_only_with_trigger.py for tasks to queue
[2024-04-12T01:51:20.237+0000] {logging_mixin.py:188} INFO - [2024-04-12T01:51:20.236+0000] {dagbag.py:540} INFO - Filling up the DagBag from /home/airflow/.local/lib/python3.12/site-packages/airflow/example_dags/example_latest_only_with_trigger.py
[2024-04-12T01:51:20.243+0000] {processor.py:840} INFO - DAG(s) 'latest_only_with_trigger' retrieved from /home/airflow/.local/lib/python3.12/site-packages/airflow/example_dags/example_latest_only_with_trigger.py
[2024-04-12T01:51:20.291+0000] {logging_mixin.py:188} INFO - [2024-04-12T01:51:20.290+0000] {dag.py:3096} INFO - Sync 1 DAGs
[2024-04-12T01:51:20.317+0000] {logging_mixin.py:188} INFO - [2024-04-12T01:51:20.316+0000] {dag.py:3954} INFO - Setting next_dagrun for latest_only_with_trigger to 2024-04-11 20:00:00+00:00, run_after=2024-04-12 00:00:00+00:00
[2024-04-12T01:51:20.329+0000] {processor.py:183} INFO - Processing /home/airflow/.local/lib/python3.12/site-packages/airflow/example_dags/example_latest_only_with_trigger.py took 0.103 seconds
[2024-04-12T01:51:51.388+0000] {processor.py:161} INFO - Started process (PID=1270) to work on /home/airflow/.local/lib/python3.12/site-packages/airflow/example_dags/example_latest_only_with_trigger.py
[2024-04-12T01:51:51.389+0000] {processor.py:830} INFO - Processing file /home/airflow/.local/lib/python3.12/site-packages/airflow/example_dags/example_latest_only_with_trigger.py for tasks to queue
[2024-04-12T01:51:51.391+0000] {logging_mixin.py:188} INFO - [2024-04-12T01:51:51.391+0000] {dagbag.py:540} INFO - Filling up the DagBag from /home/airflow/.local/lib/python3.12/site-packages/airflow/example_dags/example_latest_only_with_trigger.py
[2024-04-12T01:51:51.405+0000] {processor.py:840} INFO - DAG(s) 'latest_only_with_trigger' retrieved from /home/airflow/.local/lib/python3.12/site-packages/airflow/example_dags/example_latest_only_with_trigger.py
[2024-04-12T01:51:51.421+0000] {logging_mixin.py:188} INFO - [2024-04-12T01:51:51.421+0000] {dag.py:3096} INFO - Sync 1 DAGs
[2024-04-12T01:51:51.433+0000] {logging_mixin.py:188} INFO - [2024-04-12T01:51:51.433+0000] {dag.py:3954} INFO - Setting next_dagrun for latest_only_with_trigger to 2024-04-11 20:00:00+00:00, run_after=2024-04-12 00:00:00+00:00
[2024-04-12T01:51:51.441+0000] {processor.py:183} INFO - Processing /home/airflow/.local/lib/python3.12/site-packages/airflow/example_dags/example_latest_only_with_trigger.py took 0.058 seconds
[2024-04-12T01:52:22.586+0000] {processor.py:161} INFO - Started process (PID=1328) to work on /home/airflow/.local/lib/python3.12/site-packages/airflow/example_dags/example_latest_only_with_trigger.py
[2024-04-12T01:52:22.587+0000] {processor.py:830} INFO - Processing file /home/airflow/.local/lib/python3.12/site-packages/airflow/example_dags/example_latest_only_with_trigger.py for tasks to queue
[2024-04-12T01:52:22.589+0000] {logging_mixin.py:188} INFO - [2024-04-12T01:52:22.589+0000] {dagbag.py:540} INFO - Filling up the DagBag from /home/airflow/.local/lib/python3.12/site-packages/airflow/example_dags/example_latest_only_with_trigger.py
[2024-04-12T01:52:22.593+0000] {processor.py:840} INFO - DAG(s) 'latest_only_with_trigger' retrieved from /home/airflow/.local/lib/python3.12/site-packages/airflow/example_dags/example_latest_only_with_trigger.py
[2024-04-12T01:52:22.605+0000] {logging_mixin.py:188} INFO - [2024-04-12T01:52:22.605+0000] {dag.py:3096} INFO - Sync 1 DAGs
[2024-04-12T01:52:22.618+0000] {logging_mixin.py:188} INFO - [2024-04-12T01:52:22.618+0000] {dag.py:3954} INFO - Setting next_dagrun for latest_only_with_trigger to 2024-04-11 20:00:00+00:00, run_after=2024-04-12 00:00:00+00:00
[2024-04-12T01:52:22.629+0000] {processor.py:183} INFO - Processing /home/airflow/.local/lib/python3.12/site-packages/airflow/example_dags/example_latest_only_with_trigger.py took 0.047 seconds
[2024-04-12T01:52:54.129+0000] {processor.py:161} INFO - Started process (PID=1385) to work on /home/airflow/.local/lib/python3.12/site-packages/airflow/example_dags/example_latest_only_with_trigger.py
[2024-04-12T01:52:54.138+0000] {processor.py:830} INFO - Processing file /home/airflow/.local/lib/python3.12/site-packages/airflow/example_dags/example_latest_only_with_trigger.py for tasks to queue
[2024-04-12T01:52:54.147+0000] {logging_mixin.py:188} INFO - [2024-04-12T01:52:54.147+0000] {dagbag.py:540} INFO - Filling up the DagBag from /home/airflow/.local/lib/python3.12/site-packages/airflow/example_dags/example_latest_only_with_trigger.py
[2024-04-12T01:52:54.157+0000] {processor.py:840} INFO - DAG(s) 'latest_only_with_trigger' retrieved from /home/airflow/.local/lib/python3.12/site-packages/airflow/example_dags/example_latest_only_with_trigger.py
[2024-04-12T01:52:54.240+0000] {logging_mixin.py:188} INFO - [2024-04-12T01:52:54.240+0000] {dag.py:3096} INFO - Sync 1 DAGs
[2024-04-12T01:52:54.263+0000] {logging_mixin.py:188} INFO - [2024-04-12T01:52:54.262+0000] {dag.py:3954} INFO - Setting next_dagrun for latest_only_with_trigger to 2024-04-11 20:00:00+00:00, run_after=2024-04-12 00:00:00+00:00
[2024-04-12T01:52:54.282+0000] {processor.py:183} INFO - Processing /home/airflow/.local/lib/python3.12/site-packages/airflow/example_dags/example_latest_only_with_trigger.py took 0.159 seconds
