[2024-04-12T01:41:03.632+0000] {processor.py:161} INFO - Started process (PID=44) to work on /home/airflow/.local/lib/python3.12/site-packages/airflow/example_dags/example_branch_labels.py
[2024-04-12T01:41:03.635+0000] {processor.py:830} INFO - Processing file /home/airflow/.local/lib/python3.12/site-packages/airflow/example_dags/example_branch_labels.py for tasks to queue
[2024-04-12T01:41:03.646+0000] {logging_mixin.py:188} INFO - [2024-04-12T01:41:03.645+0000] {dagbag.py:540} INFO - Filling up the DagBag from /home/airflow/.local/lib/python3.12/site-packages/airflow/example_dags/example_branch_labels.py
[2024-04-12T01:41:03.670+0000] {processor.py:840} INFO - DAG(s) 'example_branch_labels' retrieved from /home/airflow/.local/lib/python3.12/site-packages/airflow/example_dags/example_branch_labels.py
[2024-04-12T01:41:04.011+0000] {logging_mixin.py:188} INFO - [2024-04-12T01:41:04.011+0000] {dag.py:3096} INFO - Sync 1 DAGs
[2024-04-12T01:41:04.088+0000] {logging_mixin.py:188} INFO - [2024-04-12T01:41:04.088+0000] {dag.py:3954} INFO - Setting next_dagrun for example_branch_labels to 2024-04-11 00:00:00+00:00, run_after=2024-04-12 00:00:00+00:00
[2024-04-12T01:41:04.136+0000] {processor.py:183} INFO - Processing /home/airflow/.local/lib/python3.12/site-packages/airflow/example_dags/example_branch_labels.py took 0.523 seconds
[2024-04-12T01:41:34.950+0000] {processor.py:161} INFO - Started process (PID=102) to work on /home/airflow/.local/lib/python3.12/site-packages/airflow/example_dags/example_branch_labels.py
[2024-04-12T01:41:34.954+0000] {processor.py:830} INFO - Processing file /home/airflow/.local/lib/python3.12/site-packages/airflow/example_dags/example_branch_labels.py for tasks to queue
[2024-04-12T01:41:34.971+0000] {logging_mixin.py:188} INFO - [2024-04-12T01:41:34.969+0000] {dagbag.py:540} INFO - Filling up the DagBag from /home/airflow/.local/lib/python3.12/site-packages/airflow/example_dags/example_branch_labels.py
[2024-04-12T01:41:35.019+0000] {processor.py:840} INFO - DAG(s) 'example_branch_labels' retrieved from /home/airflow/.local/lib/python3.12/site-packages/airflow/example_dags/example_branch_labels.py
[2024-04-12T01:41:35.073+0000] {logging_mixin.py:188} INFO - [2024-04-12T01:41:35.072+0000] {dag.py:3096} INFO - Sync 1 DAGs
[2024-04-12T01:41:35.125+0000] {logging_mixin.py:188} INFO - [2024-04-12T01:41:35.125+0000] {dag.py:3954} INFO - Setting next_dagrun for example_branch_labels to 2024-04-11 00:00:00+00:00, run_after=2024-04-12 00:00:00+00:00
[2024-04-12T01:41:35.198+0000] {processor.py:183} INFO - Processing /home/airflow/.local/lib/python3.12/site-packages/airflow/example_dags/example_branch_labels.py took 0.265 seconds
[2024-04-12T01:42:05.845+0000] {processor.py:161} INFO - Started process (PID=160) to work on /home/airflow/.local/lib/python3.12/site-packages/airflow/example_dags/example_branch_labels.py
[2024-04-12T01:42:05.846+0000] {processor.py:830} INFO - Processing file /home/airflow/.local/lib/python3.12/site-packages/airflow/example_dags/example_branch_labels.py for tasks to queue
[2024-04-12T01:42:05.849+0000] {logging_mixin.py:188} INFO - [2024-04-12T01:42:05.848+0000] {dagbag.py:540} INFO - Filling up the DagBag from /home/airflow/.local/lib/python3.12/site-packages/airflow/example_dags/example_branch_labels.py
[2024-04-12T01:42:05.855+0000] {processor.py:840} INFO - DAG(s) 'example_branch_labels' retrieved from /home/airflow/.local/lib/python3.12/site-packages/airflow/example_dags/example_branch_labels.py
[2024-04-12T01:42:05.868+0000] {logging_mixin.py:188} INFO - [2024-04-12T01:42:05.868+0000] {dag.py:3096} INFO - Sync 1 DAGs
[2024-04-12T01:42:05.880+0000] {logging_mixin.py:188} INFO - [2024-04-12T01:42:05.880+0000] {dag.py:3954} INFO - Setting next_dagrun for example_branch_labels to 2024-04-11 00:00:00+00:00, run_after=2024-04-12 00:00:00+00:00
[2024-04-12T01:42:05.905+0000] {processor.py:183} INFO - Processing /home/airflow/.local/lib/python3.12/site-packages/airflow/example_dags/example_branch_labels.py took 0.066 seconds
[2024-04-12T01:42:36.218+0000] {processor.py:161} INFO - Started process (PID=218) to work on /home/airflow/.local/lib/python3.12/site-packages/airflow/example_dags/example_branch_labels.py
[2024-04-12T01:42:36.219+0000] {processor.py:830} INFO - Processing file /home/airflow/.local/lib/python3.12/site-packages/airflow/example_dags/example_branch_labels.py for tasks to queue
[2024-04-12T01:42:36.221+0000] {logging_mixin.py:188} INFO - [2024-04-12T01:42:36.221+0000] {dagbag.py:540} INFO - Filling up the DagBag from /home/airflow/.local/lib/python3.12/site-packages/airflow/example_dags/example_branch_labels.py
[2024-04-12T01:42:36.229+0000] {processor.py:840} INFO - DAG(s) 'example_branch_labels' retrieved from /home/airflow/.local/lib/python3.12/site-packages/airflow/example_dags/example_branch_labels.py
[2024-04-12T01:42:36.247+0000] {logging_mixin.py:188} INFO - [2024-04-12T01:42:36.247+0000] {dag.py:3096} INFO - Sync 1 DAGs
[2024-04-12T01:42:36.261+0000] {logging_mixin.py:188} INFO - [2024-04-12T01:42:36.261+0000] {dag.py:3954} INFO - Setting next_dagrun for example_branch_labels to 2024-04-11 00:00:00+00:00, run_after=2024-04-12 00:00:00+00:00
[2024-04-12T01:42:36.278+0000] {processor.py:183} INFO - Processing /home/airflow/.local/lib/python3.12/site-packages/airflow/example_dags/example_branch_labels.py took 0.068 seconds
[2024-04-12T01:43:06.740+0000] {processor.py:161} INFO - Started process (PID=276) to work on /home/airflow/.local/lib/python3.12/site-packages/airflow/example_dags/example_branch_labels.py
[2024-04-12T01:43:06.741+0000] {processor.py:830} INFO - Processing file /home/airflow/.local/lib/python3.12/site-packages/airflow/example_dags/example_branch_labels.py for tasks to queue
[2024-04-12T01:43:06.742+0000] {logging_mixin.py:188} INFO - [2024-04-12T01:43:06.742+0000] {dagbag.py:540} INFO - Filling up the DagBag from /home/airflow/.local/lib/python3.12/site-packages/airflow/example_dags/example_branch_labels.py
[2024-04-12T01:43:06.747+0000] {processor.py:840} INFO - DAG(s) 'example_branch_labels' retrieved from /home/airflow/.local/lib/python3.12/site-packages/airflow/example_dags/example_branch_labels.py
[2024-04-12T01:43:06.758+0000] {logging_mixin.py:188} INFO - [2024-04-12T01:43:06.758+0000] {dag.py:3096} INFO - Sync 1 DAGs
[2024-04-12T01:43:06.768+0000] {logging_mixin.py:188} INFO - [2024-04-12T01:43:06.768+0000] {dag.py:3954} INFO - Setting next_dagrun for example_branch_labels to 2024-04-11 00:00:00+00:00, run_after=2024-04-12 00:00:00+00:00
[2024-04-12T01:43:06.777+0000] {processor.py:183} INFO - Processing /home/airflow/.local/lib/python3.12/site-packages/airflow/example_dags/example_branch_labels.py took 0.042 seconds
[2024-04-12T01:43:37.391+0000] {processor.py:161} INFO - Started process (PID=334) to work on /home/airflow/.local/lib/python3.12/site-packages/airflow/example_dags/example_branch_labels.py
[2024-04-12T01:43:37.392+0000] {processor.py:830} INFO - Processing file /home/airflow/.local/lib/python3.12/site-packages/airflow/example_dags/example_branch_labels.py for tasks to queue
[2024-04-12T01:43:37.394+0000] {logging_mixin.py:188} INFO - [2024-04-12T01:43:37.394+0000] {dagbag.py:540} INFO - Filling up the DagBag from /home/airflow/.local/lib/python3.12/site-packages/airflow/example_dags/example_branch_labels.py
[2024-04-12T01:43:37.400+0000] {processor.py:840} INFO - DAG(s) 'example_branch_labels' retrieved from /home/airflow/.local/lib/python3.12/site-packages/airflow/example_dags/example_branch_labels.py
[2024-04-12T01:43:37.414+0000] {logging_mixin.py:188} INFO - [2024-04-12T01:43:37.413+0000] {dag.py:3096} INFO - Sync 1 DAGs
[2024-04-12T01:43:37.425+0000] {logging_mixin.py:188} INFO - [2024-04-12T01:43:37.424+0000] {dag.py:3954} INFO - Setting next_dagrun for example_branch_labels to 2024-04-11 00:00:00+00:00, run_after=2024-04-12 00:00:00+00:00
[2024-04-12T01:43:37.433+0000] {processor.py:183} INFO - Processing /home/airflow/.local/lib/python3.12/site-packages/airflow/example_dags/example_branch_labels.py took 0.047 seconds
[2024-04-12T01:44:07.864+0000] {processor.py:161} INFO - Started process (PID=392) to work on /home/airflow/.local/lib/python3.12/site-packages/airflow/example_dags/example_branch_labels.py
[2024-04-12T01:44:07.865+0000] {processor.py:830} INFO - Processing file /home/airflow/.local/lib/python3.12/site-packages/airflow/example_dags/example_branch_labels.py for tasks to queue
[2024-04-12T01:44:07.868+0000] {logging_mixin.py:188} INFO - [2024-04-12T01:44:07.867+0000] {dagbag.py:540} INFO - Filling up the DagBag from /home/airflow/.local/lib/python3.12/site-packages/airflow/example_dags/example_branch_labels.py
[2024-04-12T01:44:07.876+0000] {processor.py:840} INFO - DAG(s) 'example_branch_labels' retrieved from /home/airflow/.local/lib/python3.12/site-packages/airflow/example_dags/example_branch_labels.py
[2024-04-12T01:44:07.896+0000] {logging_mixin.py:188} INFO - [2024-04-12T01:44:07.896+0000] {dag.py:3096} INFO - Sync 1 DAGs
[2024-04-12T01:44:07.916+0000] {logging_mixin.py:188} INFO - [2024-04-12T01:44:07.916+0000] {dag.py:3954} INFO - Setting next_dagrun for example_branch_labels to 2024-04-11 00:00:00+00:00, run_after=2024-04-12 00:00:00+00:00
[2024-04-12T01:44:07.927+0000] {processor.py:183} INFO - Processing /home/airflow/.local/lib/python3.12/site-packages/airflow/example_dags/example_branch_labels.py took 0.070 seconds
[2024-04-12T01:44:38.096+0000] {processor.py:161} INFO - Started process (PID=450) to work on /home/airflow/.local/lib/python3.12/site-packages/airflow/example_dags/example_branch_labels.py
[2024-04-12T01:44:38.098+0000] {processor.py:830} INFO - Processing file /home/airflow/.local/lib/python3.12/site-packages/airflow/example_dags/example_branch_labels.py for tasks to queue
[2024-04-12T01:44:38.101+0000] {logging_mixin.py:188} INFO - [2024-04-12T01:44:38.101+0000] {dagbag.py:540} INFO - Filling up the DagBag from /home/airflow/.local/lib/python3.12/site-packages/airflow/example_dags/example_branch_labels.py
[2024-04-12T01:44:38.114+0000] {processor.py:840} INFO - DAG(s) 'example_branch_labels' retrieved from /home/airflow/.local/lib/python3.12/site-packages/airflow/example_dags/example_branch_labels.py
[2024-04-12T01:44:38.139+0000] {logging_mixin.py:188} INFO - [2024-04-12T01:44:38.139+0000] {dag.py:3096} INFO - Sync 1 DAGs
[2024-04-12T01:44:38.364+0000] {logging_mixin.py:188} INFO - [2024-04-12T01:44:38.360+0000] {dag.py:3954} INFO - Setting next_dagrun for example_branch_labels to 2024-04-11 00:00:00+00:00, run_after=2024-04-12 00:00:00+00:00
[2024-04-12T01:44:38.410+0000] {processor.py:183} INFO - Processing /home/airflow/.local/lib/python3.12/site-packages/airflow/example_dags/example_branch_labels.py took 0.326 seconds
[2024-04-12T01:45:08.726+0000] {processor.py:161} INFO - Started process (PID=508) to work on /home/airflow/.local/lib/python3.12/site-packages/airflow/example_dags/example_branch_labels.py
[2024-04-12T01:45:08.728+0000] {processor.py:830} INFO - Processing file /home/airflow/.local/lib/python3.12/site-packages/airflow/example_dags/example_branch_labels.py for tasks to queue
[2024-04-12T01:45:08.731+0000] {logging_mixin.py:188} INFO - [2024-04-12T01:45:08.731+0000] {dagbag.py:540} INFO - Filling up the DagBag from /home/airflow/.local/lib/python3.12/site-packages/airflow/example_dags/example_branch_labels.py
[2024-04-12T01:45:08.741+0000] {processor.py:840} INFO - DAG(s) 'example_branch_labels' retrieved from /home/airflow/.local/lib/python3.12/site-packages/airflow/example_dags/example_branch_labels.py
[2024-04-12T01:45:08.758+0000] {logging_mixin.py:188} INFO - [2024-04-12T01:45:08.758+0000] {dag.py:3096} INFO - Sync 1 DAGs
[2024-04-12T01:45:08.770+0000] {logging_mixin.py:188} INFO - [2024-04-12T01:45:08.770+0000] {dag.py:3954} INFO - Setting next_dagrun for example_branch_labels to 2024-04-11 00:00:00+00:00, run_after=2024-04-12 00:00:00+00:00
[2024-04-12T01:45:08.778+0000] {processor.py:183} INFO - Processing /home/airflow/.local/lib/python3.12/site-packages/airflow/example_dags/example_branch_labels.py took 0.059 seconds
[2024-04-12T01:45:39.116+0000] {processor.py:161} INFO - Started process (PID=566) to work on /home/airflow/.local/lib/python3.12/site-packages/airflow/example_dags/example_branch_labels.py
[2024-04-12T01:45:39.117+0000] {processor.py:830} INFO - Processing file /home/airflow/.local/lib/python3.12/site-packages/airflow/example_dags/example_branch_labels.py for tasks to queue
[2024-04-12T01:45:39.120+0000] {logging_mixin.py:188} INFO - [2024-04-12T01:45:39.120+0000] {dagbag.py:540} INFO - Filling up the DagBag from /home/airflow/.local/lib/python3.12/site-packages/airflow/example_dags/example_branch_labels.py
[2024-04-12T01:45:39.134+0000] {processor.py:840} INFO - DAG(s) 'example_branch_labels' retrieved from /home/airflow/.local/lib/python3.12/site-packages/airflow/example_dags/example_branch_labels.py
[2024-04-12T01:45:39.160+0000] {logging_mixin.py:188} INFO - [2024-04-12T01:45:39.160+0000] {dag.py:3096} INFO - Sync 1 DAGs
[2024-04-12T01:45:39.176+0000] {logging_mixin.py:188} INFO - [2024-04-12T01:45:39.176+0000] {dag.py:3954} INFO - Setting next_dagrun for example_branch_labels to 2024-04-11 00:00:00+00:00, run_after=2024-04-12 00:00:00+00:00
[2024-04-12T01:45:39.186+0000] {processor.py:183} INFO - Processing /home/airflow/.local/lib/python3.12/site-packages/airflow/example_dags/example_branch_labels.py took 0.077 seconds
[2024-04-12T01:46:09.414+0000] {processor.py:161} INFO - Started process (PID=624) to work on /home/airflow/.local/lib/python3.12/site-packages/airflow/example_dags/example_branch_labels.py
[2024-04-12T01:46:09.417+0000] {processor.py:830} INFO - Processing file /home/airflow/.local/lib/python3.12/site-packages/airflow/example_dags/example_branch_labels.py for tasks to queue
[2024-04-12T01:46:09.420+0000] {logging_mixin.py:188} INFO - [2024-04-12T01:46:09.419+0000] {dagbag.py:540} INFO - Filling up the DagBag from /home/airflow/.local/lib/python3.12/site-packages/airflow/example_dags/example_branch_labels.py
[2024-04-12T01:46:09.428+0000] {processor.py:840} INFO - DAG(s) 'example_branch_labels' retrieved from /home/airflow/.local/lib/python3.12/site-packages/airflow/example_dags/example_branch_labels.py
[2024-04-12T01:46:09.446+0000] {logging_mixin.py:188} INFO - [2024-04-12T01:46:09.446+0000] {dag.py:3096} INFO - Sync 1 DAGs
[2024-04-12T01:46:09.461+0000] {logging_mixin.py:188} INFO - [2024-04-12T01:46:09.461+0000] {dag.py:3954} INFO - Setting next_dagrun for example_branch_labels to 2024-04-11 00:00:00+00:00, run_after=2024-04-12 00:00:00+00:00
[2024-04-12T01:46:09.471+0000] {processor.py:183} INFO - Processing /home/airflow/.local/lib/python3.12/site-packages/airflow/example_dags/example_branch_labels.py took 0.065 seconds
[2024-04-12T01:46:40.168+0000] {processor.py:161} INFO - Started process (PID=680) to work on /home/airflow/.local/lib/python3.12/site-packages/airflow/example_dags/example_branch_labels.py
[2024-04-12T01:46:40.169+0000] {processor.py:830} INFO - Processing file /home/airflow/.local/lib/python3.12/site-packages/airflow/example_dags/example_branch_labels.py for tasks to queue
[2024-04-12T01:46:40.171+0000] {logging_mixin.py:188} INFO - [2024-04-12T01:46:40.171+0000] {dagbag.py:540} INFO - Filling up the DagBag from /home/airflow/.local/lib/python3.12/site-packages/airflow/example_dags/example_branch_labels.py
[2024-04-12T01:46:40.179+0000] {processor.py:840} INFO - DAG(s) 'example_branch_labels' retrieved from /home/airflow/.local/lib/python3.12/site-packages/airflow/example_dags/example_branch_labels.py
[2024-04-12T01:46:40.197+0000] {logging_mixin.py:188} INFO - [2024-04-12T01:46:40.196+0000] {dag.py:3096} INFO - Sync 1 DAGs
[2024-04-12T01:46:40.209+0000] {logging_mixin.py:188} INFO - [2024-04-12T01:46:40.209+0000] {dag.py:3954} INFO - Setting next_dagrun for example_branch_labels to 2024-04-11 00:00:00+00:00, run_after=2024-04-12 00:00:00+00:00
[2024-04-12T01:46:40.219+0000] {processor.py:183} INFO - Processing /home/airflow/.local/lib/python3.12/site-packages/airflow/example_dags/example_branch_labels.py took 0.057 seconds
[2024-04-12T01:47:12.276+0000] {processor.py:161} INFO - Started process (PID=738) to work on /home/airflow/.local/lib/python3.12/site-packages/airflow/example_dags/example_branch_labels.py
[2024-04-12T01:47:12.297+0000] {processor.py:830} INFO - Processing file /home/airflow/.local/lib/python3.12/site-packages/airflow/example_dags/example_branch_labels.py for tasks to queue
[2024-04-12T01:47:12.304+0000] {logging_mixin.py:188} INFO - [2024-04-12T01:47:12.303+0000] {dagbag.py:540} INFO - Filling up the DagBag from /home/airflow/.local/lib/python3.12/site-packages/airflow/example_dags/example_branch_labels.py
[2024-04-12T01:47:12.342+0000] {processor.py:840} INFO - DAG(s) 'example_branch_labels' retrieved from /home/airflow/.local/lib/python3.12/site-packages/airflow/example_dags/example_branch_labels.py
[2024-04-12T01:47:12.417+0000] {logging_mixin.py:188} INFO - [2024-04-12T01:47:12.417+0000] {dag.py:3096} INFO - Sync 1 DAGs
[2024-04-12T01:47:12.445+0000] {logging_mixin.py:188} INFO - [2024-04-12T01:47:12.445+0000] {dag.py:3954} INFO - Setting next_dagrun for example_branch_labels to 2024-04-11 00:00:00+00:00, run_after=2024-04-12 00:00:00+00:00
[2024-04-12T01:47:12.463+0000] {processor.py:183} INFO - Processing /home/airflow/.local/lib/python3.12/site-packages/airflow/example_dags/example_branch_labels.py took 0.220 seconds
[2024-04-12T01:47:42.820+0000] {processor.py:161} INFO - Started process (PID=795) to work on /home/airflow/.local/lib/python3.12/site-packages/airflow/example_dags/example_branch_labels.py
[2024-04-12T01:47:42.821+0000] {processor.py:830} INFO - Processing file /home/airflow/.local/lib/python3.12/site-packages/airflow/example_dags/example_branch_labels.py for tasks to queue
[2024-04-12T01:47:42.822+0000] {logging_mixin.py:188} INFO - [2024-04-12T01:47:42.822+0000] {dagbag.py:540} INFO - Filling up the DagBag from /home/airflow/.local/lib/python3.12/site-packages/airflow/example_dags/example_branch_labels.py
[2024-04-12T01:47:42.827+0000] {processor.py:840} INFO - DAG(s) 'example_branch_labels' retrieved from /home/airflow/.local/lib/python3.12/site-packages/airflow/example_dags/example_branch_labels.py
[2024-04-12T01:47:42.859+0000] {logging_mixin.py:188} INFO - [2024-04-12T01:47:42.858+0000] {dag.py:3096} INFO - Sync 1 DAGs
[2024-04-12T01:47:42.871+0000] {logging_mixin.py:188} INFO - [2024-04-12T01:47:42.871+0000] {dag.py:3954} INFO - Setting next_dagrun for example_branch_labels to 2024-04-11 00:00:00+00:00, run_after=2024-04-12 00:00:00+00:00
[2024-04-12T01:47:42.883+0000] {processor.py:183} INFO - Processing /home/airflow/.local/lib/python3.12/site-packages/airflow/example_dags/example_branch_labels.py took 0.068 seconds
[2024-04-12T01:48:13.383+0000] {processor.py:161} INFO - Started process (PID=853) to work on /home/airflow/.local/lib/python3.12/site-packages/airflow/example_dags/example_branch_labels.py
[2024-04-12T01:48:13.384+0000] {processor.py:830} INFO - Processing file /home/airflow/.local/lib/python3.12/site-packages/airflow/example_dags/example_branch_labels.py for tasks to queue
[2024-04-12T01:48:13.385+0000] {logging_mixin.py:188} INFO - [2024-04-12T01:48:13.385+0000] {dagbag.py:540} INFO - Filling up the DagBag from /home/airflow/.local/lib/python3.12/site-packages/airflow/example_dags/example_branch_labels.py
[2024-04-12T01:48:13.390+0000] {processor.py:840} INFO - DAG(s) 'example_branch_labels' retrieved from /home/airflow/.local/lib/python3.12/site-packages/airflow/example_dags/example_branch_labels.py
[2024-04-12T01:48:13.402+0000] {logging_mixin.py:188} INFO - [2024-04-12T01:48:13.402+0000] {dag.py:3096} INFO - Sync 1 DAGs
[2024-04-12T01:48:13.413+0000] {logging_mixin.py:188} INFO - [2024-04-12T01:48:13.413+0000] {dag.py:3954} INFO - Setting next_dagrun for example_branch_labels to 2024-04-11 00:00:00+00:00, run_after=2024-04-12 00:00:00+00:00
[2024-04-12T01:48:13.424+0000] {processor.py:183} INFO - Processing /home/airflow/.local/lib/python3.12/site-packages/airflow/example_dags/example_branch_labels.py took 0.046 seconds
[2024-04-12T01:48:44.138+0000] {processor.py:161} INFO - Started process (PID=911) to work on /home/airflow/.local/lib/python3.12/site-packages/airflow/example_dags/example_branch_labels.py
[2024-04-12T01:48:44.140+0000] {processor.py:830} INFO - Processing file /home/airflow/.local/lib/python3.12/site-packages/airflow/example_dags/example_branch_labels.py for tasks to queue
[2024-04-12T01:48:44.144+0000] {logging_mixin.py:188} INFO - [2024-04-12T01:48:44.144+0000] {dagbag.py:540} INFO - Filling up the DagBag from /home/airflow/.local/lib/python3.12/site-packages/airflow/example_dags/example_branch_labels.py
[2024-04-12T01:48:44.151+0000] {processor.py:840} INFO - DAG(s) 'example_branch_labels' retrieved from /home/airflow/.local/lib/python3.12/site-packages/airflow/example_dags/example_branch_labels.py
[2024-04-12T01:48:44.177+0000] {logging_mixin.py:188} INFO - [2024-04-12T01:48:44.177+0000] {dag.py:3096} INFO - Sync 1 DAGs
[2024-04-12T01:48:44.196+0000] {logging_mixin.py:188} INFO - [2024-04-12T01:48:44.196+0000] {dag.py:3954} INFO - Setting next_dagrun for example_branch_labels to 2024-04-11 00:00:00+00:00, run_after=2024-04-12 00:00:00+00:00
[2024-04-12T01:48:44.224+0000] {processor.py:183} INFO - Processing /home/airflow/.local/lib/python3.12/site-packages/airflow/example_dags/example_branch_labels.py took 0.091 seconds
[2024-04-12T01:49:14.598+0000] {processor.py:161} INFO - Started process (PID=969) to work on /home/airflow/.local/lib/python3.12/site-packages/airflow/example_dags/example_branch_labels.py
[2024-04-12T01:49:14.600+0000] {processor.py:830} INFO - Processing file /home/airflow/.local/lib/python3.12/site-packages/airflow/example_dags/example_branch_labels.py for tasks to queue
[2024-04-12T01:49:14.609+0000] {logging_mixin.py:188} INFO - [2024-04-12T01:49:14.609+0000] {dagbag.py:540} INFO - Filling up the DagBag from /home/airflow/.local/lib/python3.12/site-packages/airflow/example_dags/example_branch_labels.py
[2024-04-12T01:49:14.615+0000] {processor.py:840} INFO - DAG(s) 'example_branch_labels' retrieved from /home/airflow/.local/lib/python3.12/site-packages/airflow/example_dags/example_branch_labels.py
[2024-04-12T01:49:14.653+0000] {logging_mixin.py:188} INFO - [2024-04-12T01:49:14.653+0000] {dag.py:3096} INFO - Sync 1 DAGs
[2024-04-12T01:49:14.669+0000] {logging_mixin.py:188} INFO - [2024-04-12T01:49:14.669+0000] {dag.py:3954} INFO - Setting next_dagrun for example_branch_labels to 2024-04-11 00:00:00+00:00, run_after=2024-04-12 00:00:00+00:00
[2024-04-12T01:49:14.690+0000] {processor.py:183} INFO - Processing /home/airflow/.local/lib/python3.12/site-packages/airflow/example_dags/example_branch_labels.py took 0.097 seconds
[2024-04-12T01:49:44.915+0000] {processor.py:161} INFO - Started process (PID=1027) to work on /home/airflow/.local/lib/python3.12/site-packages/airflow/example_dags/example_branch_labels.py
[2024-04-12T01:49:44.919+0000] {processor.py:830} INFO - Processing file /home/airflow/.local/lib/python3.12/site-packages/airflow/example_dags/example_branch_labels.py for tasks to queue
[2024-04-12T01:49:44.925+0000] {logging_mixin.py:188} INFO - [2024-04-12T01:49:44.924+0000] {dagbag.py:540} INFO - Filling up the DagBag from /home/airflow/.local/lib/python3.12/site-packages/airflow/example_dags/example_branch_labels.py
[2024-04-12T01:49:44.947+0000] {processor.py:840} INFO - DAG(s) 'example_branch_labels' retrieved from /home/airflow/.local/lib/python3.12/site-packages/airflow/example_dags/example_branch_labels.py
[2024-04-12T01:49:44.989+0000] {logging_mixin.py:188} INFO - [2024-04-12T01:49:44.989+0000] {dag.py:3096} INFO - Sync 1 DAGs
[2024-04-12T01:49:45.012+0000] {logging_mixin.py:188} INFO - [2024-04-12T01:49:45.012+0000] {dag.py:3954} INFO - Setting next_dagrun for example_branch_labels to 2024-04-11 00:00:00+00:00, run_after=2024-04-12 00:00:00+00:00
[2024-04-12T01:49:45.028+0000] {processor.py:183} INFO - Processing /home/airflow/.local/lib/python3.12/site-packages/airflow/example_dags/example_branch_labels.py took 0.153 seconds
[2024-04-12T01:50:15.682+0000] {processor.py:161} INFO - Started process (PID=1085) to work on /home/airflow/.local/lib/python3.12/site-packages/airflow/example_dags/example_branch_labels.py
[2024-04-12T01:50:15.683+0000] {processor.py:830} INFO - Processing file /home/airflow/.local/lib/python3.12/site-packages/airflow/example_dags/example_branch_labels.py for tasks to queue
[2024-04-12T01:50:15.685+0000] {logging_mixin.py:188} INFO - [2024-04-12T01:50:15.684+0000] {dagbag.py:540} INFO - Filling up the DagBag from /home/airflow/.local/lib/python3.12/site-packages/airflow/example_dags/example_branch_labels.py
[2024-04-12T01:50:15.689+0000] {processor.py:840} INFO - DAG(s) 'example_branch_labels' retrieved from /home/airflow/.local/lib/python3.12/site-packages/airflow/example_dags/example_branch_labels.py
[2024-04-12T01:50:15.700+0000] {logging_mixin.py:188} INFO - [2024-04-12T01:50:15.700+0000] {dag.py:3096} INFO - Sync 1 DAGs
[2024-04-12T01:50:15.712+0000] {logging_mixin.py:188} INFO - [2024-04-12T01:50:15.712+0000] {dag.py:3954} INFO - Setting next_dagrun for example_branch_labels to 2024-04-11 00:00:00+00:00, run_after=2024-04-12 00:00:00+00:00
[2024-04-12T01:50:15.837+0000] {processor.py:183} INFO - Processing /home/airflow/.local/lib/python3.12/site-packages/airflow/example_dags/example_branch_labels.py took 0.158 seconds
[2024-04-12T01:50:46.757+0000] {processor.py:161} INFO - Started process (PID=1143) to work on /home/airflow/.local/lib/python3.12/site-packages/airflow/example_dags/example_branch_labels.py
[2024-04-12T01:50:46.759+0000] {processor.py:830} INFO - Processing file /home/airflow/.local/lib/python3.12/site-packages/airflow/example_dags/example_branch_labels.py for tasks to queue
[2024-04-12T01:50:46.762+0000] {logging_mixin.py:188} INFO - [2024-04-12T01:50:46.762+0000] {dagbag.py:540} INFO - Filling up the DagBag from /home/airflow/.local/lib/python3.12/site-packages/airflow/example_dags/example_branch_labels.py
[2024-04-12T01:50:46.773+0000] {processor.py:840} INFO - DAG(s) 'example_branch_labels' retrieved from /home/airflow/.local/lib/python3.12/site-packages/airflow/example_dags/example_branch_labels.py
[2024-04-12T01:50:46.816+0000] {logging_mixin.py:188} INFO - [2024-04-12T01:50:46.816+0000] {dag.py:3096} INFO - Sync 1 DAGs
[2024-04-12T01:50:46.837+0000] {logging_mixin.py:188} INFO - [2024-04-12T01:50:46.837+0000] {dag.py:3954} INFO - Setting next_dagrun for example_branch_labels to 2024-04-11 00:00:00+00:00, run_after=2024-04-12 00:00:00+00:00
[2024-04-12T01:50:46.857+0000] {processor.py:183} INFO - Processing /home/airflow/.local/lib/python3.12/site-packages/airflow/example_dags/example_branch_labels.py took 0.120 seconds
[2024-04-12T01:51:17.660+0000] {processor.py:161} INFO - Started process (PID=1201) to work on /home/airflow/.local/lib/python3.12/site-packages/airflow/example_dags/example_branch_labels.py
[2024-04-12T01:51:17.664+0000] {processor.py:830} INFO - Processing file /home/airflow/.local/lib/python3.12/site-packages/airflow/example_dags/example_branch_labels.py for tasks to queue
[2024-04-12T01:51:17.668+0000] {logging_mixin.py:188} INFO - [2024-04-12T01:51:17.667+0000] {dagbag.py:540} INFO - Filling up the DagBag from /home/airflow/.local/lib/python3.12/site-packages/airflow/example_dags/example_branch_labels.py
[2024-04-12T01:51:17.680+0000] {processor.py:840} INFO - DAG(s) 'example_branch_labels' retrieved from /home/airflow/.local/lib/python3.12/site-packages/airflow/example_dags/example_branch_labels.py
[2024-04-12T01:51:17.696+0000] {logging_mixin.py:188} INFO - [2024-04-12T01:51:17.696+0000] {dag.py:3096} INFO - Sync 1 DAGs
[2024-04-12T01:51:17.709+0000] {logging_mixin.py:188} INFO - [2024-04-12T01:51:17.709+0000] {dag.py:3954} INFO - Setting next_dagrun for example_branch_labels to 2024-04-11 00:00:00+00:00, run_after=2024-04-12 00:00:00+00:00
[2024-04-12T01:51:17.722+0000] {processor.py:183} INFO - Processing /home/airflow/.local/lib/python3.12/site-packages/airflow/example_dags/example_branch_labels.py took 0.066 seconds
[2024-04-12T01:51:47.833+0000] {processor.py:161} INFO - Started process (PID=1259) to work on /home/airflow/.local/lib/python3.12/site-packages/airflow/example_dags/example_branch_labels.py
[2024-04-12T01:51:47.834+0000] {processor.py:830} INFO - Processing file /home/airflow/.local/lib/python3.12/site-packages/airflow/example_dags/example_branch_labels.py for tasks to queue
[2024-04-12T01:51:47.836+0000] {logging_mixin.py:188} INFO - [2024-04-12T01:51:47.836+0000] {dagbag.py:540} INFO - Filling up the DagBag from /home/airflow/.local/lib/python3.12/site-packages/airflow/example_dags/example_branch_labels.py
[2024-04-12T01:51:47.845+0000] {processor.py:840} INFO - DAG(s) 'example_branch_labels' retrieved from /home/airflow/.local/lib/python3.12/site-packages/airflow/example_dags/example_branch_labels.py
[2024-04-12T01:51:47.868+0000] {logging_mixin.py:188} INFO - [2024-04-12T01:51:47.868+0000] {dag.py:3096} INFO - Sync 1 DAGs
[2024-04-12T01:51:47.883+0000] {logging_mixin.py:188} INFO - [2024-04-12T01:51:47.883+0000] {dag.py:3954} INFO - Setting next_dagrun for example_branch_labels to 2024-04-11 00:00:00+00:00, run_after=2024-04-12 00:00:00+00:00
[2024-04-12T01:51:47.893+0000] {processor.py:183} INFO - Processing /home/airflow/.local/lib/python3.12/site-packages/airflow/example_dags/example_branch_labels.py took 0.067 seconds
[2024-04-12T01:52:17.959+0000] {processor.py:161} INFO - Started process (PID=1317) to work on /home/airflow/.local/lib/python3.12/site-packages/airflow/example_dags/example_branch_labels.py
[2024-04-12T01:52:17.962+0000] {processor.py:830} INFO - Processing file /home/airflow/.local/lib/python3.12/site-packages/airflow/example_dags/example_branch_labels.py for tasks to queue
[2024-04-12T01:52:17.966+0000] {logging_mixin.py:188} INFO - [2024-04-12T01:52:17.965+0000] {dagbag.py:540} INFO - Filling up the DagBag from /home/airflow/.local/lib/python3.12/site-packages/airflow/example_dags/example_branch_labels.py
[2024-04-12T01:52:17.974+0000] {processor.py:840} INFO - DAG(s) 'example_branch_labels' retrieved from /home/airflow/.local/lib/python3.12/site-packages/airflow/example_dags/example_branch_labels.py
[2024-04-12T01:52:17.989+0000] {logging_mixin.py:188} INFO - [2024-04-12T01:52:17.989+0000] {dag.py:3096} INFO - Sync 1 DAGs
[2024-04-12T01:52:18.000+0000] {logging_mixin.py:188} INFO - [2024-04-12T01:52:18.000+0000] {dag.py:3954} INFO - Setting next_dagrun for example_branch_labels to 2024-04-11 00:00:00+00:00, run_after=2024-04-12 00:00:00+00:00
[2024-04-12T01:52:18.008+0000] {processor.py:183} INFO - Processing /home/airflow/.local/lib/python3.12/site-packages/airflow/example_dags/example_branch_labels.py took 0.059 seconds
[2024-04-12T01:52:48.125+0000] {processor.py:161} INFO - Started process (PID=1374) to work on /home/airflow/.local/lib/python3.12/site-packages/airflow/example_dags/example_branch_labels.py
[2024-04-12T01:52:48.127+0000] {processor.py:830} INFO - Processing file /home/airflow/.local/lib/python3.12/site-packages/airflow/example_dags/example_branch_labels.py for tasks to queue
[2024-04-12T01:52:48.129+0000] {logging_mixin.py:188} INFO - [2024-04-12T01:52:48.129+0000] {dagbag.py:540} INFO - Filling up the DagBag from /home/airflow/.local/lib/python3.12/site-packages/airflow/example_dags/example_branch_labels.py
[2024-04-12T01:52:48.150+0000] {processor.py:840} INFO - DAG(s) 'example_branch_labels' retrieved from /home/airflow/.local/lib/python3.12/site-packages/airflow/example_dags/example_branch_labels.py
[2024-04-12T01:52:48.172+0000] {logging_mixin.py:188} INFO - [2024-04-12T01:52:48.172+0000] {dag.py:3096} INFO - Sync 1 DAGs
[2024-04-12T01:52:48.188+0000] {logging_mixin.py:188} INFO - [2024-04-12T01:52:48.188+0000] {dag.py:3954} INFO - Setting next_dagrun for example_branch_labels to 2024-04-11 00:00:00+00:00, run_after=2024-04-12 00:00:00+00:00
[2024-04-12T01:52:48.198+0000] {processor.py:183} INFO - Processing /home/airflow/.local/lib/python3.12/site-packages/airflow/example_dags/example_branch_labels.py took 0.080 seconds
