[2024-04-12T01:41:10.313+0000] {processor.py:161} INFO - Started process (PID=58) to work on /home/airflow/.local/lib/python3.12/site-packages/airflow/example_dags/example_subdag_operator.py
[2024-04-12T01:41:10.322+0000] {processor.py:830} INFO - Processing file /home/airflow/.local/lib/python3.12/site-packages/airflow/example_dags/example_subdag_operator.py for tasks to queue
[2024-04-12T01:41:10.347+0000] {logging_mixin.py:188} INFO - [2024-04-12T01:41:10.345+0000] {dagbag.py:540} INFO - Filling up the DagBag from /home/airflow/.local/lib/python3.12/site-packages/airflow/example_dags/example_subdag_operator.py
[2024-04-12T01:41:10.561+0000] {processor.py:840} INFO - DAG(s) 'example_subdag_operator.section-1', 'example_subdag_operator.section-2', 'example_subdag_operator' retrieved from /home/airflow/.local/lib/python3.12/site-packages/airflow/example_dags/example_subdag_operator.py
[2024-04-12T01:41:10.821+0000] {logging_mixin.py:188} INFO - [2024-04-12T01:41:10.821+0000] {dag.py:3096} INFO - Sync 3 DAGs
[2024-04-12T01:41:10.879+0000] {logging_mixin.py:188} INFO - [2024-04-12T01:41:10.879+0000] {dag.py:3954} INFO - Setting next_dagrun for example_subdag_operator to 2022-01-01 00:00:00+00:00, run_after=2022-01-01 00:00:00+00:00
[2024-04-12T01:41:10.882+0000] {logging_mixin.py:188} INFO - [2024-04-12T01:41:10.882+0000] {dag.py:3954} INFO - Setting next_dagrun for example_subdag_operator.section-1 to None, run_after=None
[2024-04-12T01:41:10.884+0000] {logging_mixin.py:188} INFO - [2024-04-12T01:41:10.884+0000] {dag.py:3954} INFO - Setting next_dagrun for example_subdag_operator.section-2 to None, run_after=None
[2024-04-12T01:41:10.908+0000] {logging_mixin.py:188} INFO - [2024-04-12T01:41:10.907+0000] {dag.py:3096} INFO - Sync 2 DAGs
[2024-04-12T01:41:10.927+0000] {logging_mixin.py:188} INFO - [2024-04-12T01:41:10.927+0000] {dag.py:3954} INFO - Setting next_dagrun for example_subdag_operator.section-1 to None, run_after=None
[2024-04-12T01:41:10.930+0000] {logging_mixin.py:188} INFO - [2024-04-12T01:41:10.930+0000] {dag.py:3954} INFO - Setting next_dagrun for example_subdag_operator.section-2 to None, run_after=None
[2024-04-12T01:41:10.950+0000] {processor.py:183} INFO - Processing /home/airflow/.local/lib/python3.12/site-packages/airflow/example_dags/example_subdag_operator.py took 0.677 seconds
[2024-04-12T01:41:41.813+0000] {processor.py:161} INFO - Started process (PID=116) to work on /home/airflow/.local/lib/python3.12/site-packages/airflow/example_dags/example_subdag_operator.py
[2024-04-12T01:41:41.814+0000] {processor.py:830} INFO - Processing file /home/airflow/.local/lib/python3.12/site-packages/airflow/example_dags/example_subdag_operator.py for tasks to queue
[2024-04-12T01:41:41.815+0000] {logging_mixin.py:188} INFO - [2024-04-12T01:41:41.815+0000] {dagbag.py:540} INFO - Filling up the DagBag from /home/airflow/.local/lib/python3.12/site-packages/airflow/example_dags/example_subdag_operator.py
[2024-04-12T01:41:41.832+0000] {processor.py:840} INFO - DAG(s) 'example_subdag_operator.section-1', 'example_subdag_operator.section-2', 'example_subdag_operator' retrieved from /home/airflow/.local/lib/python3.12/site-packages/airflow/example_dags/example_subdag_operator.py
[2024-04-12T01:41:41.841+0000] {logging_mixin.py:188} INFO - [2024-04-12T01:41:41.841+0000] {dag.py:3096} INFO - Sync 3 DAGs
[2024-04-12T01:41:41.859+0000] {logging_mixin.py:188} INFO - [2024-04-12T01:41:41.859+0000] {dag.py:3954} INFO - Setting next_dagrun for example_subdag_operator to 2022-01-01 00:00:00+00:00, run_after=2022-01-01 00:00:00+00:00
[2024-04-12T01:41:41.860+0000] {logging_mixin.py:188} INFO - [2024-04-12T01:41:41.860+0000] {dag.py:3954} INFO - Setting next_dagrun for example_subdag_operator.section-1 to None, run_after=None
[2024-04-12T01:41:41.861+0000] {logging_mixin.py:188} INFO - [2024-04-12T01:41:41.861+0000] {dag.py:3954} INFO - Setting next_dagrun for example_subdag_operator.section-2 to None, run_after=None
[2024-04-12T01:41:41.864+0000] {logging_mixin.py:188} INFO - [2024-04-12T01:41:41.864+0000] {dag.py:3096} INFO - Sync 2 DAGs
[2024-04-12T01:41:41.867+0000] {logging_mixin.py:188} INFO - [2024-04-12T01:41:41.867+0000] {dag.py:3954} INFO - Setting next_dagrun for example_subdag_operator.section-1 to None, run_after=None
[2024-04-12T01:41:41.868+0000] {logging_mixin.py:188} INFO - [2024-04-12T01:41:41.867+0000] {dag.py:3954} INFO - Setting next_dagrun for example_subdag_operator.section-2 to None, run_after=None
[2024-04-12T01:41:41.874+0000] {processor.py:183} INFO - Processing /home/airflow/.local/lib/python3.12/site-packages/airflow/example_dags/example_subdag_operator.py took 0.065 seconds
[2024-04-12T01:42:11.927+0000] {processor.py:161} INFO - Started process (PID=174) to work on /home/airflow/.local/lib/python3.12/site-packages/airflow/example_dags/example_subdag_operator.py
[2024-04-12T01:42:11.928+0000] {processor.py:830} INFO - Processing file /home/airflow/.local/lib/python3.12/site-packages/airflow/example_dags/example_subdag_operator.py for tasks to queue
[2024-04-12T01:42:11.929+0000] {logging_mixin.py:188} INFO - [2024-04-12T01:42:11.929+0000] {dagbag.py:540} INFO - Filling up the DagBag from /home/airflow/.local/lib/python3.12/site-packages/airflow/example_dags/example_subdag_operator.py
[2024-04-12T01:42:11.942+0000] {processor.py:840} INFO - DAG(s) 'example_subdag_operator.section-1', 'example_subdag_operator.section-2', 'example_subdag_operator' retrieved from /home/airflow/.local/lib/python3.12/site-packages/airflow/example_dags/example_subdag_operator.py
[2024-04-12T01:42:11.950+0000] {logging_mixin.py:188} INFO - [2024-04-12T01:42:11.950+0000] {dag.py:3096} INFO - Sync 3 DAGs
[2024-04-12T01:42:11.962+0000] {logging_mixin.py:188} INFO - [2024-04-12T01:42:11.962+0000] {dag.py:3954} INFO - Setting next_dagrun for example_subdag_operator to 2022-01-01 00:00:00+00:00, run_after=2022-01-01 00:00:00+00:00
[2024-04-12T01:42:11.965+0000] {logging_mixin.py:188} INFO - [2024-04-12T01:42:11.965+0000] {dag.py:3954} INFO - Setting next_dagrun for example_subdag_operator.section-1 to None, run_after=None
[2024-04-12T01:42:11.966+0000] {logging_mixin.py:188} INFO - [2024-04-12T01:42:11.966+0000] {dag.py:3954} INFO - Setting next_dagrun for example_subdag_operator.section-2 to None, run_after=None
[2024-04-12T01:42:11.971+0000] {logging_mixin.py:188} INFO - [2024-04-12T01:42:11.970+0000] {dag.py:3096} INFO - Sync 2 DAGs
[2024-04-12T01:42:11.973+0000] {logging_mixin.py:188} INFO - [2024-04-12T01:42:11.973+0000] {dag.py:3954} INFO - Setting next_dagrun for example_subdag_operator.section-1 to None, run_after=None
[2024-04-12T01:42:11.974+0000] {logging_mixin.py:188} INFO - [2024-04-12T01:42:11.974+0000] {dag.py:3954} INFO - Setting next_dagrun for example_subdag_operator.section-2 to None, run_after=None
[2024-04-12T01:42:11.982+0000] {processor.py:183} INFO - Processing /home/airflow/.local/lib/python3.12/site-packages/airflow/example_dags/example_subdag_operator.py took 0.059 seconds
[2024-04-12T01:42:42.108+0000] {processor.py:161} INFO - Started process (PID=232) to work on /home/airflow/.local/lib/python3.12/site-packages/airflow/example_dags/example_subdag_operator.py
[2024-04-12T01:42:42.111+0000] {processor.py:830} INFO - Processing file /home/airflow/.local/lib/python3.12/site-packages/airflow/example_dags/example_subdag_operator.py for tasks to queue
[2024-04-12T01:42:42.113+0000] {logging_mixin.py:188} INFO - [2024-04-12T01:42:42.113+0000] {dagbag.py:540} INFO - Filling up the DagBag from /home/airflow/.local/lib/python3.12/site-packages/airflow/example_dags/example_subdag_operator.py
[2024-04-12T01:42:42.145+0000] {processor.py:840} INFO - DAG(s) 'example_subdag_operator.section-1', 'example_subdag_operator.section-2', 'example_subdag_operator' retrieved from /home/airflow/.local/lib/python3.12/site-packages/airflow/example_dags/example_subdag_operator.py
[2024-04-12T01:42:42.164+0000] {logging_mixin.py:188} INFO - [2024-04-12T01:42:42.164+0000] {dag.py:3096} INFO - Sync 3 DAGs
[2024-04-12T01:42:42.210+0000] {logging_mixin.py:188} INFO - [2024-04-12T01:42:42.210+0000] {dag.py:3954} INFO - Setting next_dagrun for example_subdag_operator to 2022-01-01 00:00:00+00:00, run_after=2022-01-01 00:00:00+00:00
[2024-04-12T01:42:42.213+0000] {logging_mixin.py:188} INFO - [2024-04-12T01:42:42.213+0000] {dag.py:3954} INFO - Setting next_dagrun for example_subdag_operator.section-1 to None, run_after=None
[2024-04-12T01:42:42.214+0000] {logging_mixin.py:188} INFO - [2024-04-12T01:42:42.214+0000] {dag.py:3954} INFO - Setting next_dagrun for example_subdag_operator.section-2 to None, run_after=None
[2024-04-12T01:42:42.223+0000] {logging_mixin.py:188} INFO - [2024-04-12T01:42:42.223+0000] {dag.py:3096} INFO - Sync 2 DAGs
[2024-04-12T01:42:42.228+0000] {logging_mixin.py:188} INFO - [2024-04-12T01:42:42.228+0000] {dag.py:3954} INFO - Setting next_dagrun for example_subdag_operator.section-1 to None, run_after=None
[2024-04-12T01:42:42.228+0000] {logging_mixin.py:188} INFO - [2024-04-12T01:42:42.228+0000] {dag.py:3954} INFO - Setting next_dagrun for example_subdag_operator.section-2 to None, run_after=None
[2024-04-12T01:42:42.235+0000] {processor.py:183} INFO - Processing /home/airflow/.local/lib/python3.12/site-packages/airflow/example_dags/example_subdag_operator.py took 0.139 seconds
[2024-04-12T01:43:12.610+0000] {processor.py:161} INFO - Started process (PID=290) to work on /home/airflow/.local/lib/python3.12/site-packages/airflow/example_dags/example_subdag_operator.py
[2024-04-12T01:43:12.615+0000] {processor.py:830} INFO - Processing file /home/airflow/.local/lib/python3.12/site-packages/airflow/example_dags/example_subdag_operator.py for tasks to queue
[2024-04-12T01:43:12.620+0000] {logging_mixin.py:188} INFO - [2024-04-12T01:43:12.619+0000] {dagbag.py:540} INFO - Filling up the DagBag from /home/airflow/.local/lib/python3.12/site-packages/airflow/example_dags/example_subdag_operator.py
[2024-04-12T01:43:12.689+0000] {processor.py:840} INFO - DAG(s) 'example_subdag_operator.section-1', 'example_subdag_operator.section-2', 'example_subdag_operator' retrieved from /home/airflow/.local/lib/python3.12/site-packages/airflow/example_dags/example_subdag_operator.py
[2024-04-12T01:43:12.724+0000] {logging_mixin.py:188} INFO - [2024-04-12T01:43:12.723+0000] {dag.py:3096} INFO - Sync 3 DAGs
[2024-04-12T01:43:12.791+0000] {logging_mixin.py:188} INFO - [2024-04-12T01:43:12.790+0000] {dag.py:3954} INFO - Setting next_dagrun for example_subdag_operator to 2022-01-01 00:00:00+00:00, run_after=2022-01-01 00:00:00+00:00
[2024-04-12T01:43:12.804+0000] {logging_mixin.py:188} INFO - [2024-04-12T01:43:12.804+0000] {dag.py:3954} INFO - Setting next_dagrun for example_subdag_operator.section-1 to None, run_after=None
[2024-04-12T01:43:12.807+0000] {logging_mixin.py:188} INFO - [2024-04-12T01:43:12.806+0000] {dag.py:3954} INFO - Setting next_dagrun for example_subdag_operator.section-2 to None, run_after=None
[2024-04-12T01:43:12.819+0000] {logging_mixin.py:188} INFO - [2024-04-12T01:43:12.819+0000] {dag.py:3096} INFO - Sync 2 DAGs
[2024-04-12T01:43:12.828+0000] {logging_mixin.py:188} INFO - [2024-04-12T01:43:12.827+0000] {dag.py:3954} INFO - Setting next_dagrun for example_subdag_operator.section-1 to None, run_after=None
[2024-04-12T01:43:12.829+0000] {logging_mixin.py:188} INFO - [2024-04-12T01:43:12.828+0000] {dag.py:3954} INFO - Setting next_dagrun for example_subdag_operator.section-2 to None, run_after=None
[2024-04-12T01:43:12.841+0000] {processor.py:183} INFO - Processing /home/airflow/.local/lib/python3.12/site-packages/airflow/example_dags/example_subdag_operator.py took 0.263 seconds
[2024-04-12T01:43:43.019+0000] {processor.py:161} INFO - Started process (PID=348) to work on /home/airflow/.local/lib/python3.12/site-packages/airflow/example_dags/example_subdag_operator.py
[2024-04-12T01:43:43.020+0000] {processor.py:830} INFO - Processing file /home/airflow/.local/lib/python3.12/site-packages/airflow/example_dags/example_subdag_operator.py for tasks to queue
[2024-04-12T01:43:43.022+0000] {logging_mixin.py:188} INFO - [2024-04-12T01:43:43.022+0000] {dagbag.py:540} INFO - Filling up the DagBag from /home/airflow/.local/lib/python3.12/site-packages/airflow/example_dags/example_subdag_operator.py
[2024-04-12T01:43:43.051+0000] {processor.py:840} INFO - DAG(s) 'example_subdag_operator.section-1', 'example_subdag_operator.section-2', 'example_subdag_operator' retrieved from /home/airflow/.local/lib/python3.12/site-packages/airflow/example_dags/example_subdag_operator.py
[2024-04-12T01:43:43.062+0000] {logging_mixin.py:188} INFO - [2024-04-12T01:43:43.062+0000] {dag.py:3096} INFO - Sync 3 DAGs
[2024-04-12T01:43:43.075+0000] {logging_mixin.py:188} INFO - [2024-04-12T01:43:43.075+0000] {dag.py:3954} INFO - Setting next_dagrun for example_subdag_operator to 2022-01-01 00:00:00+00:00, run_after=2022-01-01 00:00:00+00:00
[2024-04-12T01:43:43.078+0000] {logging_mixin.py:188} INFO - [2024-04-12T01:43:43.078+0000] {dag.py:3954} INFO - Setting next_dagrun for example_subdag_operator.section-1 to None, run_after=None
[2024-04-12T01:43:43.079+0000] {logging_mixin.py:188} INFO - [2024-04-12T01:43:43.079+0000] {dag.py:3954} INFO - Setting next_dagrun for example_subdag_operator.section-2 to None, run_after=None
[2024-04-12T01:43:43.084+0000] {logging_mixin.py:188} INFO - [2024-04-12T01:43:43.084+0000] {dag.py:3096} INFO - Sync 2 DAGs
[2024-04-12T01:43:43.087+0000] {logging_mixin.py:188} INFO - [2024-04-12T01:43:43.087+0000] {dag.py:3954} INFO - Setting next_dagrun for example_subdag_operator.section-1 to None, run_after=None
[2024-04-12T01:43:43.088+0000] {logging_mixin.py:188} INFO - [2024-04-12T01:43:43.088+0000] {dag.py:3954} INFO - Setting next_dagrun for example_subdag_operator.section-2 to None, run_after=None
[2024-04-12T01:43:43.096+0000] {processor.py:183} INFO - Processing /home/airflow/.local/lib/python3.12/site-packages/airflow/example_dags/example_subdag_operator.py took 0.084 seconds
[2024-04-12T01:44:13.338+0000] {processor.py:161} INFO - Started process (PID=406) to work on /home/airflow/.local/lib/python3.12/site-packages/airflow/example_dags/example_subdag_operator.py
[2024-04-12T01:44:13.342+0000] {processor.py:830} INFO - Processing file /home/airflow/.local/lib/python3.12/site-packages/airflow/example_dags/example_subdag_operator.py for tasks to queue
[2024-04-12T01:44:13.344+0000] {logging_mixin.py:188} INFO - [2024-04-12T01:44:13.344+0000] {dagbag.py:540} INFO - Filling up the DagBag from /home/airflow/.local/lib/python3.12/site-packages/airflow/example_dags/example_subdag_operator.py
[2024-04-12T01:44:13.367+0000] {processor.py:840} INFO - DAG(s) 'example_subdag_operator.section-1', 'example_subdag_operator.section-2', 'example_subdag_operator' retrieved from /home/airflow/.local/lib/python3.12/site-packages/airflow/example_dags/example_subdag_operator.py
[2024-04-12T01:44:13.378+0000] {logging_mixin.py:188} INFO - [2024-04-12T01:44:13.378+0000] {dag.py:3096} INFO - Sync 3 DAGs
[2024-04-12T01:44:13.393+0000] {logging_mixin.py:188} INFO - [2024-04-12T01:44:13.393+0000] {dag.py:3954} INFO - Setting next_dagrun for example_subdag_operator to 2022-01-01 00:00:00+00:00, run_after=2022-01-01 00:00:00+00:00
[2024-04-12T01:44:13.395+0000] {logging_mixin.py:188} INFO - [2024-04-12T01:44:13.395+0000] {dag.py:3954} INFO - Setting next_dagrun for example_subdag_operator.section-1 to None, run_after=None
[2024-04-12T01:44:13.395+0000] {logging_mixin.py:188} INFO - [2024-04-12T01:44:13.395+0000] {dag.py:3954} INFO - Setting next_dagrun for example_subdag_operator.section-2 to None, run_after=None
[2024-04-12T01:44:13.399+0000] {logging_mixin.py:188} INFO - [2024-04-12T01:44:13.399+0000] {dag.py:3096} INFO - Sync 2 DAGs
[2024-04-12T01:44:13.401+0000] {logging_mixin.py:188} INFO - [2024-04-12T01:44:13.401+0000] {dag.py:3954} INFO - Setting next_dagrun for example_subdag_operator.section-1 to None, run_after=None
[2024-04-12T01:44:13.401+0000] {logging_mixin.py:188} INFO - [2024-04-12T01:44:13.401+0000] {dag.py:3954} INFO - Setting next_dagrun for example_subdag_operator.section-2 to None, run_after=None
[2024-04-12T01:44:13.406+0000] {processor.py:183} INFO - Processing /home/airflow/.local/lib/python3.12/site-packages/airflow/example_dags/example_subdag_operator.py took 0.075 seconds
[2024-04-12T01:44:43.983+0000] {processor.py:161} INFO - Started process (PID=464) to work on /home/airflow/.local/lib/python3.12/site-packages/airflow/example_dags/example_subdag_operator.py
[2024-04-12T01:44:43.984+0000] {processor.py:830} INFO - Processing file /home/airflow/.local/lib/python3.12/site-packages/airflow/example_dags/example_subdag_operator.py for tasks to queue
[2024-04-12T01:44:43.985+0000] {logging_mixin.py:188} INFO - [2024-04-12T01:44:43.985+0000] {dagbag.py:540} INFO - Filling up the DagBag from /home/airflow/.local/lib/python3.12/site-packages/airflow/example_dags/example_subdag_operator.py
[2024-04-12T01:44:44.000+0000] {processor.py:840} INFO - DAG(s) 'example_subdag_operator.section-1', 'example_subdag_operator.section-2', 'example_subdag_operator' retrieved from /home/airflow/.local/lib/python3.12/site-packages/airflow/example_dags/example_subdag_operator.py
[2024-04-12T01:44:44.008+0000] {logging_mixin.py:188} INFO - [2024-04-12T01:44:44.008+0000] {dag.py:3096} INFO - Sync 3 DAGs
[2024-04-12T01:44:44.020+0000] {logging_mixin.py:188} INFO - [2024-04-12T01:44:44.020+0000] {dag.py:3954} INFO - Setting next_dagrun for example_subdag_operator to 2022-01-01 00:00:00+00:00, run_after=2022-01-01 00:00:00+00:00
[2024-04-12T01:44:44.022+0000] {logging_mixin.py:188} INFO - [2024-04-12T01:44:44.022+0000] {dag.py:3954} INFO - Setting next_dagrun for example_subdag_operator.section-1 to None, run_after=None
[2024-04-12T01:44:44.022+0000] {logging_mixin.py:188} INFO - [2024-04-12T01:44:44.022+0000] {dag.py:3954} INFO - Setting next_dagrun for example_subdag_operator.section-2 to None, run_after=None
[2024-04-12T01:44:44.026+0000] {logging_mixin.py:188} INFO - [2024-04-12T01:44:44.025+0000] {dag.py:3096} INFO - Sync 2 DAGs
[2024-04-12T01:44:44.028+0000] {logging_mixin.py:188} INFO - [2024-04-12T01:44:44.028+0000] {dag.py:3954} INFO - Setting next_dagrun for example_subdag_operator.section-1 to None, run_after=None
[2024-04-12T01:44:44.028+0000] {logging_mixin.py:188} INFO - [2024-04-12T01:44:44.028+0000] {dag.py:3954} INFO - Setting next_dagrun for example_subdag_operator.section-2 to None, run_after=None
[2024-04-12T01:44:44.033+0000] {processor.py:183} INFO - Processing /home/airflow/.local/lib/python3.12/site-packages/airflow/example_dags/example_subdag_operator.py took 0.054 seconds
[2024-04-12T01:45:14.355+0000] {processor.py:161} INFO - Started process (PID=522) to work on /home/airflow/.local/lib/python3.12/site-packages/airflow/example_dags/example_subdag_operator.py
[2024-04-12T01:45:14.356+0000] {processor.py:830} INFO - Processing file /home/airflow/.local/lib/python3.12/site-packages/airflow/example_dags/example_subdag_operator.py for tasks to queue
[2024-04-12T01:45:14.357+0000] {logging_mixin.py:188} INFO - [2024-04-12T01:45:14.357+0000] {dagbag.py:540} INFO - Filling up the DagBag from /home/airflow/.local/lib/python3.12/site-packages/airflow/example_dags/example_subdag_operator.py
[2024-04-12T01:45:14.373+0000] {processor.py:840} INFO - DAG(s) 'example_subdag_operator.section-1', 'example_subdag_operator.section-2', 'example_subdag_operator' retrieved from /home/airflow/.local/lib/python3.12/site-packages/airflow/example_dags/example_subdag_operator.py
[2024-04-12T01:45:14.381+0000] {logging_mixin.py:188} INFO - [2024-04-12T01:45:14.381+0000] {dag.py:3096} INFO - Sync 3 DAGs
[2024-04-12T01:45:14.391+0000] {logging_mixin.py:188} INFO - [2024-04-12T01:45:14.391+0000] {dag.py:3954} INFO - Setting next_dagrun for example_subdag_operator to 2022-01-01 00:00:00+00:00, run_after=2022-01-01 00:00:00+00:00
[2024-04-12T01:45:14.394+0000] {logging_mixin.py:188} INFO - [2024-04-12T01:45:14.394+0000] {dag.py:3954} INFO - Setting next_dagrun for example_subdag_operator.section-1 to None, run_after=None
[2024-04-12T01:45:14.395+0000] {logging_mixin.py:188} INFO - [2024-04-12T01:45:14.394+0000] {dag.py:3954} INFO - Setting next_dagrun for example_subdag_operator.section-2 to None, run_after=None
[2024-04-12T01:45:14.398+0000] {logging_mixin.py:188} INFO - [2024-04-12T01:45:14.398+0000] {dag.py:3096} INFO - Sync 2 DAGs
[2024-04-12T01:45:14.400+0000] {logging_mixin.py:188} INFO - [2024-04-12T01:45:14.400+0000] {dag.py:3954} INFO - Setting next_dagrun for example_subdag_operator.section-1 to None, run_after=None
[2024-04-12T01:45:14.400+0000] {logging_mixin.py:188} INFO - [2024-04-12T01:45:14.400+0000] {dag.py:3954} INFO - Setting next_dagrun for example_subdag_operator.section-2 to None, run_after=None
[2024-04-12T01:45:14.404+0000] {processor.py:183} INFO - Processing /home/airflow/.local/lib/python3.12/site-packages/airflow/example_dags/example_subdag_operator.py took 0.054 seconds
[2024-04-12T01:45:44.713+0000] {processor.py:161} INFO - Started process (PID=580) to work on /home/airflow/.local/lib/python3.12/site-packages/airflow/example_dags/example_subdag_operator.py
[2024-04-12T01:45:44.715+0000] {processor.py:830} INFO - Processing file /home/airflow/.local/lib/python3.12/site-packages/airflow/example_dags/example_subdag_operator.py for tasks to queue
[2024-04-12T01:45:44.717+0000] {logging_mixin.py:188} INFO - [2024-04-12T01:45:44.717+0000] {dagbag.py:540} INFO - Filling up the DagBag from /home/airflow/.local/lib/python3.12/site-packages/airflow/example_dags/example_subdag_operator.py
[2024-04-12T01:45:44.735+0000] {processor.py:840} INFO - DAG(s) 'example_subdag_operator.section-1', 'example_subdag_operator.section-2', 'example_subdag_operator' retrieved from /home/airflow/.local/lib/python3.12/site-packages/airflow/example_dags/example_subdag_operator.py
[2024-04-12T01:45:44.747+0000] {logging_mixin.py:188} INFO - [2024-04-12T01:45:44.747+0000] {dag.py:3096} INFO - Sync 3 DAGs
[2024-04-12T01:45:44.762+0000] {logging_mixin.py:188} INFO - [2024-04-12T01:45:44.762+0000] {dag.py:3954} INFO - Setting next_dagrun for example_subdag_operator to 2022-01-01 00:00:00+00:00, run_after=2022-01-01 00:00:00+00:00
[2024-04-12T01:45:44.764+0000] {logging_mixin.py:188} INFO - [2024-04-12T01:45:44.764+0000] {dag.py:3954} INFO - Setting next_dagrun for example_subdag_operator.section-1 to None, run_after=None
[2024-04-12T01:45:44.765+0000] {logging_mixin.py:188} INFO - [2024-04-12T01:45:44.765+0000] {dag.py:3954} INFO - Setting next_dagrun for example_subdag_operator.section-2 to None, run_after=None
[2024-04-12T01:45:44.768+0000] {logging_mixin.py:188} INFO - [2024-04-12T01:45:44.768+0000] {dag.py:3096} INFO - Sync 2 DAGs
[2024-04-12T01:45:44.771+0000] {logging_mixin.py:188} INFO - [2024-04-12T01:45:44.771+0000] {dag.py:3954} INFO - Setting next_dagrun for example_subdag_operator.section-1 to None, run_after=None
[2024-04-12T01:45:44.772+0000] {logging_mixin.py:188} INFO - [2024-04-12T01:45:44.772+0000] {dag.py:3954} INFO - Setting next_dagrun for example_subdag_operator.section-2 to None, run_after=None
[2024-04-12T01:45:44.780+0000] {processor.py:183} INFO - Processing /home/airflow/.local/lib/python3.12/site-packages/airflow/example_dags/example_subdag_operator.py took 0.070 seconds
[2024-04-12T01:46:15.044+0000] {processor.py:161} INFO - Started process (PID=638) to work on /home/airflow/.local/lib/python3.12/site-packages/airflow/example_dags/example_subdag_operator.py
[2024-04-12T01:46:15.045+0000] {processor.py:830} INFO - Processing file /home/airflow/.local/lib/python3.12/site-packages/airflow/example_dags/example_subdag_operator.py for tasks to queue
[2024-04-12T01:46:15.049+0000] {logging_mixin.py:188} INFO - [2024-04-12T01:46:15.048+0000] {dagbag.py:540} INFO - Filling up the DagBag from /home/airflow/.local/lib/python3.12/site-packages/airflow/example_dags/example_subdag_operator.py
[2024-04-12T01:46:15.073+0000] {processor.py:840} INFO - DAG(s) 'example_subdag_operator.section-1', 'example_subdag_operator.section-2', 'example_subdag_operator' retrieved from /home/airflow/.local/lib/python3.12/site-packages/airflow/example_dags/example_subdag_operator.py
[2024-04-12T01:46:15.087+0000] {logging_mixin.py:188} INFO - [2024-04-12T01:46:15.087+0000] {dag.py:3096} INFO - Sync 3 DAGs
[2024-04-12T01:46:15.104+0000] {logging_mixin.py:188} INFO - [2024-04-12T01:46:15.104+0000] {dag.py:3954} INFO - Setting next_dagrun for example_subdag_operator to 2022-01-01 00:00:00+00:00, run_after=2022-01-01 00:00:00+00:00
[2024-04-12T01:46:15.106+0000] {logging_mixin.py:188} INFO - [2024-04-12T01:46:15.106+0000] {dag.py:3954} INFO - Setting next_dagrun for example_subdag_operator.section-1 to None, run_after=None
[2024-04-12T01:46:15.107+0000] {logging_mixin.py:188} INFO - [2024-04-12T01:46:15.107+0000] {dag.py:3954} INFO - Setting next_dagrun for example_subdag_operator.section-2 to None, run_after=None
[2024-04-12T01:46:15.110+0000] {logging_mixin.py:188} INFO - [2024-04-12T01:46:15.110+0000] {dag.py:3096} INFO - Sync 2 DAGs
[2024-04-12T01:46:15.112+0000] {logging_mixin.py:188} INFO - [2024-04-12T01:46:15.112+0000] {dag.py:3954} INFO - Setting next_dagrun for example_subdag_operator.section-1 to None, run_after=None
[2024-04-12T01:46:15.113+0000] {logging_mixin.py:188} INFO - [2024-04-12T01:46:15.113+0000] {dag.py:3954} INFO - Setting next_dagrun for example_subdag_operator.section-2 to None, run_after=None
[2024-04-12T01:46:15.119+0000] {processor.py:183} INFO - Processing /home/airflow/.local/lib/python3.12/site-packages/airflow/example_dags/example_subdag_operator.py took 0.080 seconds
[2024-04-12T01:46:45.217+0000] {processor.py:161} INFO - Started process (PID=696) to work on /home/airflow/.local/lib/python3.12/site-packages/airflow/example_dags/example_subdag_operator.py
[2024-04-12T01:46:45.218+0000] {processor.py:830} INFO - Processing file /home/airflow/.local/lib/python3.12/site-packages/airflow/example_dags/example_subdag_operator.py for tasks to queue
[2024-04-12T01:46:45.219+0000] {logging_mixin.py:188} INFO - [2024-04-12T01:46:45.219+0000] {dagbag.py:540} INFO - Filling up the DagBag from /home/airflow/.local/lib/python3.12/site-packages/airflow/example_dags/example_subdag_operator.py
[2024-04-12T01:46:45.261+0000] {processor.py:840} INFO - DAG(s) 'example_subdag_operator.section-1', 'example_subdag_operator.section-2', 'example_subdag_operator' retrieved from /home/airflow/.local/lib/python3.12/site-packages/airflow/example_dags/example_subdag_operator.py
[2024-04-12T01:46:45.275+0000] {logging_mixin.py:188} INFO - [2024-04-12T01:46:45.274+0000] {dag.py:3096} INFO - Sync 3 DAGs
[2024-04-12T01:46:45.309+0000] {logging_mixin.py:188} INFO - [2024-04-12T01:46:45.309+0000] {dag.py:3954} INFO - Setting next_dagrun for example_subdag_operator to 2022-01-01 00:00:00+00:00, run_after=2022-01-01 00:00:00+00:00
[2024-04-12T01:46:45.312+0000] {logging_mixin.py:188} INFO - [2024-04-12T01:46:45.312+0000] {dag.py:3954} INFO - Setting next_dagrun for example_subdag_operator.section-1 to None, run_after=None
[2024-04-12T01:46:45.313+0000] {logging_mixin.py:188} INFO - [2024-04-12T01:46:45.313+0000] {dag.py:3954} INFO - Setting next_dagrun for example_subdag_operator.section-2 to None, run_after=None
[2024-04-12T01:46:45.321+0000] {logging_mixin.py:188} INFO - [2024-04-12T01:46:45.321+0000] {dag.py:3096} INFO - Sync 2 DAGs
[2024-04-12T01:46:45.324+0000] {logging_mixin.py:188} INFO - [2024-04-12T01:46:45.324+0000] {dag.py:3954} INFO - Setting next_dagrun for example_subdag_operator.section-1 to None, run_after=None
[2024-04-12T01:46:45.324+0000] {logging_mixin.py:188} INFO - [2024-04-12T01:46:45.324+0000] {dag.py:3954} INFO - Setting next_dagrun for example_subdag_operator.section-2 to None, run_after=None
[2024-04-12T01:46:45.329+0000] {processor.py:183} INFO - Processing /home/airflow/.local/lib/python3.12/site-packages/airflow/example_dags/example_subdag_operator.py took 0.116 seconds
[2024-04-12T01:47:16.479+0000] {processor.py:161} INFO - Started process (PID=754) to work on /home/airflow/.local/lib/python3.12/site-packages/airflow/example_dags/example_subdag_operator.py
[2024-04-12T01:47:16.482+0000] {processor.py:830} INFO - Processing file /home/airflow/.local/lib/python3.12/site-packages/airflow/example_dags/example_subdag_operator.py for tasks to queue
[2024-04-12T01:47:16.487+0000] {logging_mixin.py:188} INFO - [2024-04-12T01:47:16.487+0000] {dagbag.py:540} INFO - Filling up the DagBag from /home/airflow/.local/lib/python3.12/site-packages/airflow/example_dags/example_subdag_operator.py
[2024-04-12T01:47:16.510+0000] {processor.py:840} INFO - DAG(s) 'example_subdag_operator.section-1', 'example_subdag_operator.section-2', 'example_subdag_operator' retrieved from /home/airflow/.local/lib/python3.12/site-packages/airflow/example_dags/example_subdag_operator.py
[2024-04-12T01:47:16.521+0000] {logging_mixin.py:188} INFO - [2024-04-12T01:47:16.521+0000] {dag.py:3096} INFO - Sync 3 DAGs
[2024-04-12T01:47:16.561+0000] {logging_mixin.py:188} INFO - [2024-04-12T01:47:16.560+0000] {dag.py:3954} INFO - Setting next_dagrun for example_subdag_operator to 2022-01-01 00:00:00+00:00, run_after=2022-01-01 00:00:00+00:00
[2024-04-12T01:47:16.568+0000] {logging_mixin.py:188} INFO - [2024-04-12T01:47:16.568+0000] {dag.py:3954} INFO - Setting next_dagrun for example_subdag_operator.section-1 to None, run_after=None
[2024-04-12T01:47:16.569+0000] {logging_mixin.py:188} INFO - [2024-04-12T01:47:16.569+0000] {dag.py:3954} INFO - Setting next_dagrun for example_subdag_operator.section-2 to None, run_after=None
[2024-04-12T01:47:16.576+0000] {logging_mixin.py:188} INFO - [2024-04-12T01:47:16.576+0000] {dag.py:3096} INFO - Sync 2 DAGs
[2024-04-12T01:47:16.579+0000] {logging_mixin.py:188} INFO - [2024-04-12T01:47:16.579+0000] {dag.py:3954} INFO - Setting next_dagrun for example_subdag_operator.section-1 to None, run_after=None
[2024-04-12T01:47:16.579+0000] {logging_mixin.py:188} INFO - [2024-04-12T01:47:16.579+0000] {dag.py:3954} INFO - Setting next_dagrun for example_subdag_operator.section-2 to None, run_after=None
[2024-04-12T01:47:16.590+0000] {processor.py:183} INFO - Processing /home/airflow/.local/lib/python3.12/site-packages/airflow/example_dags/example_subdag_operator.py took 0.123 seconds
[2024-04-12T01:47:47.513+0000] {processor.py:161} INFO - Started process (PID=811) to work on /home/airflow/.local/lib/python3.12/site-packages/airflow/example_dags/example_subdag_operator.py
[2024-04-12T01:47:47.514+0000] {processor.py:830} INFO - Processing file /home/airflow/.local/lib/python3.12/site-packages/airflow/example_dags/example_subdag_operator.py for tasks to queue
[2024-04-12T01:47:47.516+0000] {logging_mixin.py:188} INFO - [2024-04-12T01:47:47.516+0000] {dagbag.py:540} INFO - Filling up the DagBag from /home/airflow/.local/lib/python3.12/site-packages/airflow/example_dags/example_subdag_operator.py
[2024-04-12T01:47:47.529+0000] {processor.py:840} INFO - DAG(s) 'example_subdag_operator.section-1', 'example_subdag_operator.section-2', 'example_subdag_operator' retrieved from /home/airflow/.local/lib/python3.12/site-packages/airflow/example_dags/example_subdag_operator.py
[2024-04-12T01:47:47.537+0000] {logging_mixin.py:188} INFO - [2024-04-12T01:47:47.537+0000] {dag.py:3096} INFO - Sync 3 DAGs
[2024-04-12T01:47:47.549+0000] {logging_mixin.py:188} INFO - [2024-04-12T01:47:47.549+0000] {dag.py:3954} INFO - Setting next_dagrun for example_subdag_operator to 2022-01-01 00:00:00+00:00, run_after=2022-01-01 00:00:00+00:00
[2024-04-12T01:47:47.551+0000] {logging_mixin.py:188} INFO - [2024-04-12T01:47:47.551+0000] {dag.py:3954} INFO - Setting next_dagrun for example_subdag_operator.section-1 to None, run_after=None
[2024-04-12T01:47:47.552+0000] {logging_mixin.py:188} INFO - [2024-04-12T01:47:47.552+0000] {dag.py:3954} INFO - Setting next_dagrun for example_subdag_operator.section-2 to None, run_after=None
[2024-04-12T01:47:47.556+0000] {logging_mixin.py:188} INFO - [2024-04-12T01:47:47.555+0000] {dag.py:3096} INFO - Sync 2 DAGs
[2024-04-12T01:47:47.558+0000] {logging_mixin.py:188} INFO - [2024-04-12T01:47:47.558+0000] {dag.py:3954} INFO - Setting next_dagrun for example_subdag_operator.section-1 to None, run_after=None
[2024-04-12T01:47:47.558+0000] {logging_mixin.py:188} INFO - [2024-04-12T01:47:47.558+0000] {dag.py:3954} INFO - Setting next_dagrun for example_subdag_operator.section-2 to None, run_after=None
[2024-04-12T01:47:47.563+0000] {processor.py:183} INFO - Processing /home/airflow/.local/lib/python3.12/site-packages/airflow/example_dags/example_subdag_operator.py took 0.055 seconds
[2024-04-12T01:48:17.637+0000] {processor.py:161} INFO - Started process (PID=869) to work on /home/airflow/.local/lib/python3.12/site-packages/airflow/example_dags/example_subdag_operator.py
[2024-04-12T01:48:17.638+0000] {processor.py:830} INFO - Processing file /home/airflow/.local/lib/python3.12/site-packages/airflow/example_dags/example_subdag_operator.py for tasks to queue
[2024-04-12T01:48:17.640+0000] {logging_mixin.py:188} INFO - [2024-04-12T01:48:17.640+0000] {dagbag.py:540} INFO - Filling up the DagBag from /home/airflow/.local/lib/python3.12/site-packages/airflow/example_dags/example_subdag_operator.py
[2024-04-12T01:48:17.659+0000] {processor.py:840} INFO - DAG(s) 'example_subdag_operator.section-1', 'example_subdag_operator.section-2', 'example_subdag_operator' retrieved from /home/airflow/.local/lib/python3.12/site-packages/airflow/example_dags/example_subdag_operator.py
[2024-04-12T01:48:17.668+0000] {logging_mixin.py:188} INFO - [2024-04-12T01:48:17.668+0000] {dag.py:3096} INFO - Sync 3 DAGs
[2024-04-12T01:48:17.680+0000] {logging_mixin.py:188} INFO - [2024-04-12T01:48:17.680+0000] {dag.py:3954} INFO - Setting next_dagrun for example_subdag_operator to 2022-01-01 00:00:00+00:00, run_after=2022-01-01 00:00:00+00:00
[2024-04-12T01:48:17.682+0000] {logging_mixin.py:188} INFO - [2024-04-12T01:48:17.682+0000] {dag.py:3954} INFO - Setting next_dagrun for example_subdag_operator.section-1 to None, run_after=None
[2024-04-12T01:48:17.683+0000] {logging_mixin.py:188} INFO - [2024-04-12T01:48:17.683+0000] {dag.py:3954} INFO - Setting next_dagrun for example_subdag_operator.section-2 to None, run_after=None
[2024-04-12T01:48:17.687+0000] {logging_mixin.py:188} INFO - [2024-04-12T01:48:17.687+0000] {dag.py:3096} INFO - Sync 2 DAGs
[2024-04-12T01:48:17.689+0000] {logging_mixin.py:188} INFO - [2024-04-12T01:48:17.689+0000] {dag.py:3954} INFO - Setting next_dagrun for example_subdag_operator.section-1 to None, run_after=None
[2024-04-12T01:48:17.689+0000] {logging_mixin.py:188} INFO - [2024-04-12T01:48:17.689+0000] {dag.py:3954} INFO - Setting next_dagrun for example_subdag_operator.section-2 to None, run_after=None
[2024-04-12T01:48:17.694+0000] {processor.py:183} INFO - Processing /home/airflow/.local/lib/python3.12/site-packages/airflow/example_dags/example_subdag_operator.py took 0.060 seconds
[2024-04-12T01:48:48.282+0000] {processor.py:161} INFO - Started process (PID=927) to work on /home/airflow/.local/lib/python3.12/site-packages/airflow/example_dags/example_subdag_operator.py
[2024-04-12T01:48:48.283+0000] {processor.py:830} INFO - Processing file /home/airflow/.local/lib/python3.12/site-packages/airflow/example_dags/example_subdag_operator.py for tasks to queue
[2024-04-12T01:48:48.286+0000] {logging_mixin.py:188} INFO - [2024-04-12T01:48:48.286+0000] {dagbag.py:540} INFO - Filling up the DagBag from /home/airflow/.local/lib/python3.12/site-packages/airflow/example_dags/example_subdag_operator.py
[2024-04-12T01:48:48.328+0000] {processor.py:840} INFO - DAG(s) 'example_subdag_operator.section-1', 'example_subdag_operator.section-2', 'example_subdag_operator' retrieved from /home/airflow/.local/lib/python3.12/site-packages/airflow/example_dags/example_subdag_operator.py
[2024-04-12T01:48:48.358+0000] {logging_mixin.py:188} INFO - [2024-04-12T01:48:48.357+0000] {dag.py:3096} INFO - Sync 3 DAGs
[2024-04-12T01:48:48.403+0000] {logging_mixin.py:188} INFO - [2024-04-12T01:48:48.402+0000] {dag.py:3954} INFO - Setting next_dagrun for example_subdag_operator to 2022-01-01 00:00:00+00:00, run_after=2022-01-01 00:00:00+00:00
[2024-04-12T01:48:48.408+0000] {logging_mixin.py:188} INFO - [2024-04-12T01:48:48.408+0000] {dag.py:3954} INFO - Setting next_dagrun for example_subdag_operator.section-1 to None, run_after=None
[2024-04-12T01:48:48.410+0000] {logging_mixin.py:188} INFO - [2024-04-12T01:48:48.410+0000] {dag.py:3954} INFO - Setting next_dagrun for example_subdag_operator.section-2 to None, run_after=None
[2024-04-12T01:48:48.418+0000] {logging_mixin.py:188} INFO - [2024-04-12T01:48:48.418+0000] {dag.py:3096} INFO - Sync 2 DAGs
[2024-04-12T01:48:48.710+0000] {logging_mixin.py:188} INFO - [2024-04-12T01:48:48.709+0000] {dag.py:3954} INFO - Setting next_dagrun for example_subdag_operator.section-1 to None, run_after=None
[2024-04-12T01:48:48.710+0000] {logging_mixin.py:188} INFO - [2024-04-12T01:48:48.710+0000] {dag.py:3954} INFO - Setting next_dagrun for example_subdag_operator.section-2 to None, run_after=None
[2024-04-12T01:48:48.721+0000] {processor.py:183} INFO - Processing /home/airflow/.local/lib/python3.12/site-packages/airflow/example_dags/example_subdag_operator.py took 0.444 seconds
[2024-04-12T01:49:19.534+0000] {processor.py:161} INFO - Started process (PID=985) to work on /home/airflow/.local/lib/python3.12/site-packages/airflow/example_dags/example_subdag_operator.py
[2024-04-12T01:49:19.535+0000] {processor.py:830} INFO - Processing file /home/airflow/.local/lib/python3.12/site-packages/airflow/example_dags/example_subdag_operator.py for tasks to queue
[2024-04-12T01:49:19.537+0000] {logging_mixin.py:188} INFO - [2024-04-12T01:49:19.536+0000] {dagbag.py:540} INFO - Filling up the DagBag from /home/airflow/.local/lib/python3.12/site-packages/airflow/example_dags/example_subdag_operator.py
[2024-04-12T01:49:19.555+0000] {processor.py:840} INFO - DAG(s) 'example_subdag_operator.section-1', 'example_subdag_operator.section-2', 'example_subdag_operator' retrieved from /home/airflow/.local/lib/python3.12/site-packages/airflow/example_dags/example_subdag_operator.py
[2024-04-12T01:49:19.565+0000] {logging_mixin.py:188} INFO - [2024-04-12T01:49:19.565+0000] {dag.py:3096} INFO - Sync 3 DAGs
[2024-04-12T01:49:19.589+0000] {logging_mixin.py:188} INFO - [2024-04-12T01:49:19.589+0000] {dag.py:3954} INFO - Setting next_dagrun for example_subdag_operator to 2022-01-01 00:00:00+00:00, run_after=2022-01-01 00:00:00+00:00
[2024-04-12T01:49:19.595+0000] {logging_mixin.py:188} INFO - [2024-04-12T01:49:19.595+0000] {dag.py:3954} INFO - Setting next_dagrun for example_subdag_operator.section-1 to None, run_after=None
[2024-04-12T01:49:19.596+0000] {logging_mixin.py:188} INFO - [2024-04-12T01:49:19.596+0000] {dag.py:3954} INFO - Setting next_dagrun for example_subdag_operator.section-2 to None, run_after=None
[2024-04-12T01:49:19.603+0000] {logging_mixin.py:188} INFO - [2024-04-12T01:49:19.603+0000] {dag.py:3096} INFO - Sync 2 DAGs
[2024-04-12T01:49:19.606+0000] {logging_mixin.py:188} INFO - [2024-04-12T01:49:19.606+0000] {dag.py:3954} INFO - Setting next_dagrun for example_subdag_operator.section-1 to None, run_after=None
[2024-04-12T01:49:19.607+0000] {logging_mixin.py:188} INFO - [2024-04-12T01:49:19.607+0000] {dag.py:3954} INFO - Setting next_dagrun for example_subdag_operator.section-2 to None, run_after=None
[2024-04-12T01:49:19.615+0000] {processor.py:183} INFO - Processing /home/airflow/.local/lib/python3.12/site-packages/airflow/example_dags/example_subdag_operator.py took 0.086 seconds
[2024-04-12T01:49:49.887+0000] {processor.py:161} INFO - Started process (PID=1043) to work on /home/airflow/.local/lib/python3.12/site-packages/airflow/example_dags/example_subdag_operator.py
[2024-04-12T01:49:49.896+0000] {processor.py:830} INFO - Processing file /home/airflow/.local/lib/python3.12/site-packages/airflow/example_dags/example_subdag_operator.py for tasks to queue
[2024-04-12T01:49:49.908+0000] {logging_mixin.py:188} INFO - [2024-04-12T01:49:49.908+0000] {dagbag.py:540} INFO - Filling up the DagBag from /home/airflow/.local/lib/python3.12/site-packages/airflow/example_dags/example_subdag_operator.py
[2024-04-12T01:49:49.937+0000] {processor.py:840} INFO - DAG(s) 'example_subdag_operator.section-1', 'example_subdag_operator.section-2', 'example_subdag_operator' retrieved from /home/airflow/.local/lib/python3.12/site-packages/airflow/example_dags/example_subdag_operator.py
[2024-04-12T01:49:49.945+0000] {logging_mixin.py:188} INFO - [2024-04-12T01:49:49.945+0000] {dag.py:3096} INFO - Sync 3 DAGs
[2024-04-12T01:49:49.972+0000] {logging_mixin.py:188} INFO - [2024-04-12T01:49:49.972+0000] {dag.py:3954} INFO - Setting next_dagrun for example_subdag_operator to 2022-01-01 00:00:00+00:00, run_after=2022-01-01 00:00:00+00:00
[2024-04-12T01:49:49.975+0000] {logging_mixin.py:188} INFO - [2024-04-12T01:49:49.975+0000] {dag.py:3954} INFO - Setting next_dagrun for example_subdag_operator.section-1 to None, run_after=None
[2024-04-12T01:49:49.976+0000] {logging_mixin.py:188} INFO - [2024-04-12T01:49:49.976+0000] {dag.py:3954} INFO - Setting next_dagrun for example_subdag_operator.section-2 to None, run_after=None
[2024-04-12T01:49:49.982+0000] {logging_mixin.py:188} INFO - [2024-04-12T01:49:49.982+0000] {dag.py:3096} INFO - Sync 2 DAGs
[2024-04-12T01:49:49.986+0000] {logging_mixin.py:188} INFO - [2024-04-12T01:49:49.986+0000] {dag.py:3954} INFO - Setting next_dagrun for example_subdag_operator.section-1 to None, run_after=None
[2024-04-12T01:49:49.986+0000] {logging_mixin.py:188} INFO - [2024-04-12T01:49:49.986+0000] {dag.py:3954} INFO - Setting next_dagrun for example_subdag_operator.section-2 to None, run_after=None
[2024-04-12T01:49:49.993+0000] {processor.py:183} INFO - Processing /home/airflow/.local/lib/python3.12/site-packages/airflow/example_dags/example_subdag_operator.py took 0.131 seconds
[2024-04-12T01:50:20.411+0000] {processor.py:161} INFO - Started process (PID=1101) to work on /home/airflow/.local/lib/python3.12/site-packages/airflow/example_dags/example_subdag_operator.py
[2024-04-12T01:50:20.412+0000] {processor.py:830} INFO - Processing file /home/airflow/.local/lib/python3.12/site-packages/airflow/example_dags/example_subdag_operator.py for tasks to queue
[2024-04-12T01:50:20.415+0000] {logging_mixin.py:188} INFO - [2024-04-12T01:50:20.414+0000] {dagbag.py:540} INFO - Filling up the DagBag from /home/airflow/.local/lib/python3.12/site-packages/airflow/example_dags/example_subdag_operator.py
[2024-04-12T01:50:20.460+0000] {processor.py:840} INFO - DAG(s) 'example_subdag_operator.section-1', 'example_subdag_operator.section-2', 'example_subdag_operator' retrieved from /home/airflow/.local/lib/python3.12/site-packages/airflow/example_dags/example_subdag_operator.py
[2024-04-12T01:50:20.471+0000] {logging_mixin.py:188} INFO - [2024-04-12T01:50:20.470+0000] {dag.py:3096} INFO - Sync 3 DAGs
[2024-04-12T01:50:20.698+0000] {logging_mixin.py:188} INFO - [2024-04-12T01:50:20.697+0000] {dag.py:3954} INFO - Setting next_dagrun for example_subdag_operator to 2022-01-01 00:00:00+00:00, run_after=2022-01-01 00:00:00+00:00
[2024-04-12T01:50:20.702+0000] {logging_mixin.py:188} INFO - [2024-04-12T01:50:20.702+0000] {dag.py:3954} INFO - Setting next_dagrun for example_subdag_operator.section-1 to None, run_after=None
[2024-04-12T01:50:20.703+0000] {logging_mixin.py:188} INFO - [2024-04-12T01:50:20.703+0000] {dag.py:3954} INFO - Setting next_dagrun for example_subdag_operator.section-2 to None, run_after=None
[2024-04-12T01:50:20.707+0000] {logging_mixin.py:188} INFO - [2024-04-12T01:50:20.707+0000] {dag.py:3096} INFO - Sync 2 DAGs
[2024-04-12T01:50:20.710+0000] {logging_mixin.py:188} INFO - [2024-04-12T01:50:20.709+0000] {dag.py:3954} INFO - Setting next_dagrun for example_subdag_operator.section-1 to None, run_after=None
[2024-04-12T01:50:20.710+0000] {logging_mixin.py:188} INFO - [2024-04-12T01:50:20.710+0000] {dag.py:3954} INFO - Setting next_dagrun for example_subdag_operator.section-2 to None, run_after=None
[2024-04-12T01:50:20.716+0000] {processor.py:183} INFO - Processing /home/airflow/.local/lib/python3.12/site-packages/airflow/example_dags/example_subdag_operator.py took 0.310 seconds
[2024-04-12T01:50:51.335+0000] {processor.py:161} INFO - Started process (PID=1157) to work on /home/airflow/.local/lib/python3.12/site-packages/airflow/example_dags/example_subdag_operator.py
[2024-04-12T01:50:51.337+0000] {processor.py:830} INFO - Processing file /home/airflow/.local/lib/python3.12/site-packages/airflow/example_dags/example_subdag_operator.py for tasks to queue
[2024-04-12T01:50:51.338+0000] {logging_mixin.py:188} INFO - [2024-04-12T01:50:51.338+0000] {dagbag.py:540} INFO - Filling up the DagBag from /home/airflow/.local/lib/python3.12/site-packages/airflow/example_dags/example_subdag_operator.py
[2024-04-12T01:50:51.359+0000] {processor.py:840} INFO - DAG(s) 'example_subdag_operator.section-1', 'example_subdag_operator.section-2', 'example_subdag_operator' retrieved from /home/airflow/.local/lib/python3.12/site-packages/airflow/example_dags/example_subdag_operator.py
[2024-04-12T01:50:51.370+0000] {logging_mixin.py:188} INFO - [2024-04-12T01:50:51.369+0000] {dag.py:3096} INFO - Sync 3 DAGs
[2024-04-12T01:50:51.382+0000] {logging_mixin.py:188} INFO - [2024-04-12T01:50:51.381+0000] {dag.py:3954} INFO - Setting next_dagrun for example_subdag_operator to 2022-01-01 00:00:00+00:00, run_after=2022-01-01 00:00:00+00:00
[2024-04-12T01:50:51.384+0000] {logging_mixin.py:188} INFO - [2024-04-12T01:50:51.384+0000] {dag.py:3954} INFO - Setting next_dagrun for example_subdag_operator.section-1 to None, run_after=None
[2024-04-12T01:50:51.385+0000] {logging_mixin.py:188} INFO - [2024-04-12T01:50:51.385+0000] {dag.py:3954} INFO - Setting next_dagrun for example_subdag_operator.section-2 to None, run_after=None
[2024-04-12T01:50:51.389+0000] {logging_mixin.py:188} INFO - [2024-04-12T01:50:51.389+0000] {dag.py:3096} INFO - Sync 2 DAGs
[2024-04-12T01:50:51.392+0000] {logging_mixin.py:188} INFO - [2024-04-12T01:50:51.392+0000] {dag.py:3954} INFO - Setting next_dagrun for example_subdag_operator.section-1 to None, run_after=None
[2024-04-12T01:50:51.392+0000] {logging_mixin.py:188} INFO - [2024-04-12T01:50:51.392+0000] {dag.py:3954} INFO - Setting next_dagrun for example_subdag_operator.section-2 to None, run_after=None
[2024-04-12T01:50:51.398+0000] {processor.py:183} INFO - Processing /home/airflow/.local/lib/python3.12/site-packages/airflow/example_dags/example_subdag_operator.py took 0.067 seconds
[2024-04-12T01:51:22.305+0000] {processor.py:161} INFO - Started process (PID=1215) to work on /home/airflow/.local/lib/python3.12/site-packages/airflow/example_dags/example_subdag_operator.py
[2024-04-12T01:51:22.307+0000] {processor.py:830} INFO - Processing file /home/airflow/.local/lib/python3.12/site-packages/airflow/example_dags/example_subdag_operator.py for tasks to queue
[2024-04-12T01:51:22.311+0000] {logging_mixin.py:188} INFO - [2024-04-12T01:51:22.310+0000] {dagbag.py:540} INFO - Filling up the DagBag from /home/airflow/.local/lib/python3.12/site-packages/airflow/example_dags/example_subdag_operator.py
[2024-04-12T01:51:22.345+0000] {processor.py:840} INFO - DAG(s) 'example_subdag_operator.section-1', 'example_subdag_operator.section-2', 'example_subdag_operator' retrieved from /home/airflow/.local/lib/python3.12/site-packages/airflow/example_dags/example_subdag_operator.py
[2024-04-12T01:51:22.354+0000] {logging_mixin.py:188} INFO - [2024-04-12T01:51:22.354+0000] {dag.py:3096} INFO - Sync 3 DAGs
[2024-04-12T01:51:22.366+0000] {logging_mixin.py:188} INFO - [2024-04-12T01:51:22.366+0000] {dag.py:3954} INFO - Setting next_dagrun for example_subdag_operator to 2022-01-01 00:00:00+00:00, run_after=2022-01-01 00:00:00+00:00
[2024-04-12T01:51:22.368+0000] {logging_mixin.py:188} INFO - [2024-04-12T01:51:22.368+0000] {dag.py:3954} INFO - Setting next_dagrun for example_subdag_operator.section-1 to None, run_after=None
[2024-04-12T01:51:22.369+0000] {logging_mixin.py:188} INFO - [2024-04-12T01:51:22.369+0000] {dag.py:3954} INFO - Setting next_dagrun for example_subdag_operator.section-2 to None, run_after=None
[2024-04-12T01:51:22.373+0000] {logging_mixin.py:188} INFO - [2024-04-12T01:51:22.373+0000] {dag.py:3096} INFO - Sync 2 DAGs
[2024-04-12T01:51:22.377+0000] {logging_mixin.py:188} INFO - [2024-04-12T01:51:22.377+0000] {dag.py:3954} INFO - Setting next_dagrun for example_subdag_operator.section-1 to None, run_after=None
[2024-04-12T01:51:22.377+0000] {logging_mixin.py:188} INFO - [2024-04-12T01:51:22.377+0000] {dag.py:3954} INFO - Setting next_dagrun for example_subdag_operator.section-2 to None, run_after=None
[2024-04-12T01:51:22.383+0000] {processor.py:183} INFO - Processing /home/airflow/.local/lib/python3.12/site-packages/airflow/example_dags/example_subdag_operator.py took 0.085 seconds
[2024-04-12T01:51:52.421+0000] {processor.py:161} INFO - Started process (PID=1273) to work on /home/airflow/.local/lib/python3.12/site-packages/airflow/example_dags/example_subdag_operator.py
[2024-04-12T01:51:52.422+0000] {processor.py:830} INFO - Processing file /home/airflow/.local/lib/python3.12/site-packages/airflow/example_dags/example_subdag_operator.py for tasks to queue
[2024-04-12T01:51:52.424+0000] {logging_mixin.py:188} INFO - [2024-04-12T01:51:52.424+0000] {dagbag.py:540} INFO - Filling up the DagBag from /home/airflow/.local/lib/python3.12/site-packages/airflow/example_dags/example_subdag_operator.py
[2024-04-12T01:51:52.443+0000] {processor.py:840} INFO - DAG(s) 'example_subdag_operator.section-1', 'example_subdag_operator.section-2', 'example_subdag_operator' retrieved from /home/airflow/.local/lib/python3.12/site-packages/airflow/example_dags/example_subdag_operator.py
[2024-04-12T01:51:52.453+0000] {logging_mixin.py:188} INFO - [2024-04-12T01:51:52.453+0000] {dag.py:3096} INFO - Sync 3 DAGs
[2024-04-12T01:51:52.472+0000] {logging_mixin.py:188} INFO - [2024-04-12T01:51:52.472+0000] {dag.py:3954} INFO - Setting next_dagrun for example_subdag_operator to 2022-01-01 00:00:00+00:00, run_after=2022-01-01 00:00:00+00:00
[2024-04-12T01:51:52.476+0000] {logging_mixin.py:188} INFO - [2024-04-12T01:51:52.475+0000] {dag.py:3954} INFO - Setting next_dagrun for example_subdag_operator.section-1 to None, run_after=None
[2024-04-12T01:51:52.476+0000] {logging_mixin.py:188} INFO - [2024-04-12T01:51:52.476+0000] {dag.py:3954} INFO - Setting next_dagrun for example_subdag_operator.section-2 to None, run_after=None
[2024-04-12T01:51:52.482+0000] {logging_mixin.py:188} INFO - [2024-04-12T01:51:52.482+0000] {dag.py:3096} INFO - Sync 2 DAGs
[2024-04-12T01:51:52.486+0000] {logging_mixin.py:188} INFO - [2024-04-12T01:51:52.486+0000] {dag.py:3954} INFO - Setting next_dagrun for example_subdag_operator.section-1 to None, run_after=None
[2024-04-12T01:51:52.487+0000] {logging_mixin.py:188} INFO - [2024-04-12T01:51:52.487+0000] {dag.py:3954} INFO - Setting next_dagrun for example_subdag_operator.section-2 to None, run_after=None
[2024-04-12T01:51:52.504+0000] {processor.py:183} INFO - Processing /home/airflow/.local/lib/python3.12/site-packages/airflow/example_dags/example_subdag_operator.py took 0.089 seconds
[2024-04-12T01:52:22.855+0000] {processor.py:161} INFO - Started process (PID=1331) to work on /home/airflow/.local/lib/python3.12/site-packages/airflow/example_dags/example_subdag_operator.py
[2024-04-12T01:52:22.856+0000] {processor.py:830} INFO - Processing file /home/airflow/.local/lib/python3.12/site-packages/airflow/example_dags/example_subdag_operator.py for tasks to queue
[2024-04-12T01:52:22.858+0000] {logging_mixin.py:188} INFO - [2024-04-12T01:52:22.857+0000] {dagbag.py:540} INFO - Filling up the DagBag from /home/airflow/.local/lib/python3.12/site-packages/airflow/example_dags/example_subdag_operator.py
[2024-04-12T01:52:22.876+0000] {processor.py:840} INFO - DAG(s) 'example_subdag_operator.section-1', 'example_subdag_operator.section-2', 'example_subdag_operator' retrieved from /home/airflow/.local/lib/python3.12/site-packages/airflow/example_dags/example_subdag_operator.py
[2024-04-12T01:52:22.887+0000] {logging_mixin.py:188} INFO - [2024-04-12T01:52:22.887+0000] {dag.py:3096} INFO - Sync 3 DAGs
[2024-04-12T01:52:22.915+0000] {logging_mixin.py:188} INFO - [2024-04-12T01:52:22.915+0000] {dag.py:3954} INFO - Setting next_dagrun for example_subdag_operator to 2022-01-01 00:00:00+00:00, run_after=2022-01-01 00:00:00+00:00
[2024-04-12T01:52:22.921+0000] {logging_mixin.py:188} INFO - [2024-04-12T01:52:22.920+0000] {dag.py:3954} INFO - Setting next_dagrun for example_subdag_operator.section-1 to None, run_after=None
[2024-04-12T01:52:22.923+0000] {logging_mixin.py:188} INFO - [2024-04-12T01:52:22.923+0000] {dag.py:3954} INFO - Setting next_dagrun for example_subdag_operator.section-2 to None, run_after=None
[2024-04-12T01:52:22.929+0000] {logging_mixin.py:188} INFO - [2024-04-12T01:52:22.929+0000] {dag.py:3096} INFO - Sync 2 DAGs
[2024-04-12T01:52:22.934+0000] {logging_mixin.py:188} INFO - [2024-04-12T01:52:22.933+0000] {dag.py:3954} INFO - Setting next_dagrun for example_subdag_operator.section-1 to None, run_after=None
[2024-04-12T01:52:22.935+0000] {logging_mixin.py:188} INFO - [2024-04-12T01:52:22.935+0000] {dag.py:3954} INFO - Setting next_dagrun for example_subdag_operator.section-2 to None, run_after=None
[2024-04-12T01:52:22.943+0000] {processor.py:183} INFO - Processing /home/airflow/.local/lib/python3.12/site-packages/airflow/example_dags/example_subdag_operator.py took 0.094 seconds
[2024-04-12T01:52:54.409+0000] {processor.py:161} INFO - Started process (PID=1388) to work on /home/airflow/.local/lib/python3.12/site-packages/airflow/example_dags/example_subdag_operator.py
[2024-04-12T01:52:54.414+0000] {processor.py:830} INFO - Processing file /home/airflow/.local/lib/python3.12/site-packages/airflow/example_dags/example_subdag_operator.py for tasks to queue
[2024-04-12T01:52:54.419+0000] {logging_mixin.py:188} INFO - [2024-04-12T01:52:54.419+0000] {dagbag.py:540} INFO - Filling up the DagBag from /home/airflow/.local/lib/python3.12/site-packages/airflow/example_dags/example_subdag_operator.py
[2024-04-12T01:52:56.201+0000] {logging_mixin.py:188} INFO - [2024-04-12T01:52:56.201+0000] {process_utils.py:263} INFO - Waiting up to 5 seconds for processes to exit...
