[2024-04-12T01:41:17.724+0000] {processor.py:161} INFO - Started process (PID=68) to work on /home/airflow/.local/lib/python3.12/site-packages/airflow/example_dags/example_task_group.py
[2024-04-12T01:41:17.738+0000] {processor.py:830} INFO - Processing file /home/airflow/.local/lib/python3.12/site-packages/airflow/example_dags/example_task_group.py for tasks to queue
[2024-04-12T01:41:17.771+0000] {logging_mixin.py:188} INFO - [2024-04-12T01:41:17.767+0000] {dagbag.py:540} INFO - Filling up the DagBag from /home/airflow/.local/lib/python3.12/site-packages/airflow/example_dags/example_task_group.py
[2024-04-12T01:41:17.849+0000] {processor.py:840} INFO - DAG(s) 'example_task_group' retrieved from /home/airflow/.local/lib/python3.12/site-packages/airflow/example_dags/example_task_group.py
[2024-04-12T01:41:18.191+0000] {logging_mixin.py:188} INFO - [2024-04-12T01:41:18.190+0000] {dag.py:3096} INFO - Sync 1 DAGs
[2024-04-12T01:41:18.279+0000] {logging_mixin.py:188} INFO - [2024-04-12T01:41:18.279+0000] {dag.py:3954} INFO - Setting next_dagrun for example_task_group to 2024-04-11 00:00:00+00:00, run_after=2024-04-12 00:00:00+00:00
[2024-04-12T01:41:18.383+0000] {processor.py:183} INFO - Processing /home/airflow/.local/lib/python3.12/site-packages/airflow/example_dags/example_task_group.py took 0.690 seconds
[2024-04-12T01:41:48.731+0000] {processor.py:161} INFO - Started process (PID=126) to work on /home/airflow/.local/lib/python3.12/site-packages/airflow/example_dags/example_task_group.py
[2024-04-12T01:41:48.732+0000] {processor.py:830} INFO - Processing file /home/airflow/.local/lib/python3.12/site-packages/airflow/example_dags/example_task_group.py for tasks to queue
[2024-04-12T01:41:48.733+0000] {logging_mixin.py:188} INFO - [2024-04-12T01:41:48.733+0000] {dagbag.py:540} INFO - Filling up the DagBag from /home/airflow/.local/lib/python3.12/site-packages/airflow/example_dags/example_task_group.py
[2024-04-12T01:41:48.738+0000] {processor.py:840} INFO - DAG(s) 'example_task_group' retrieved from /home/airflow/.local/lib/python3.12/site-packages/airflow/example_dags/example_task_group.py
[2024-04-12T01:41:48.751+0000] {logging_mixin.py:188} INFO - [2024-04-12T01:41:48.751+0000] {dag.py:3096} INFO - Sync 1 DAGs
[2024-04-12T01:41:48.769+0000] {logging_mixin.py:188} INFO - [2024-04-12T01:41:48.769+0000] {dag.py:3954} INFO - Setting next_dagrun for example_task_group to 2024-04-11 00:00:00+00:00, run_after=2024-04-12 00:00:00+00:00
[2024-04-12T01:41:48.778+0000] {processor.py:183} INFO - Processing /home/airflow/.local/lib/python3.12/site-packages/airflow/example_dags/example_task_group.py took 0.051 seconds
[2024-04-12T01:42:19.921+0000] {processor.py:161} INFO - Started process (PID=184) to work on /home/airflow/.local/lib/python3.12/site-packages/airflow/example_dags/example_task_group.py
[2024-04-12T01:42:19.926+0000] {processor.py:830} INFO - Processing file /home/airflow/.local/lib/python3.12/site-packages/airflow/example_dags/example_task_group.py for tasks to queue
[2024-04-12T01:42:19.939+0000] {logging_mixin.py:188} INFO - [2024-04-12T01:42:19.936+0000] {dagbag.py:540} INFO - Filling up the DagBag from /home/airflow/.local/lib/python3.12/site-packages/airflow/example_dags/example_task_group.py
[2024-04-12T01:42:19.954+0000] {processor.py:840} INFO - DAG(s) 'example_task_group' retrieved from /home/airflow/.local/lib/python3.12/site-packages/airflow/example_dags/example_task_group.py
[2024-04-12T01:42:20.005+0000] {logging_mixin.py:188} INFO - [2024-04-12T01:42:20.005+0000] {dag.py:3096} INFO - Sync 1 DAGs
[2024-04-12T01:42:20.023+0000] {logging_mixin.py:188} INFO - [2024-04-12T01:42:20.023+0000] {dag.py:3954} INFO - Setting next_dagrun for example_task_group to 2024-04-11 00:00:00+00:00, run_after=2024-04-12 00:00:00+00:00
[2024-04-12T01:42:20.036+0000] {processor.py:183} INFO - Processing /home/airflow/.local/lib/python3.12/site-packages/airflow/example_dags/example_task_group.py took 0.137 seconds
[2024-04-12T01:42:50.816+0000] {processor.py:161} INFO - Started process (PID=242) to work on /home/airflow/.local/lib/python3.12/site-packages/airflow/example_dags/example_task_group.py
[2024-04-12T01:42:50.817+0000] {processor.py:830} INFO - Processing file /home/airflow/.local/lib/python3.12/site-packages/airflow/example_dags/example_task_group.py for tasks to queue
[2024-04-12T01:42:50.818+0000] {logging_mixin.py:188} INFO - [2024-04-12T01:42:50.817+0000] {dagbag.py:540} INFO - Filling up the DagBag from /home/airflow/.local/lib/python3.12/site-packages/airflow/example_dags/example_task_group.py
[2024-04-12T01:42:50.823+0000] {processor.py:840} INFO - DAG(s) 'example_task_group' retrieved from /home/airflow/.local/lib/python3.12/site-packages/airflow/example_dags/example_task_group.py
[2024-04-12T01:42:50.834+0000] {logging_mixin.py:188} INFO - [2024-04-12T01:42:50.834+0000] {dag.py:3096} INFO - Sync 1 DAGs
[2024-04-12T01:42:50.845+0000] {logging_mixin.py:188} INFO - [2024-04-12T01:42:50.845+0000] {dag.py:3954} INFO - Setting next_dagrun for example_task_group to 2024-04-11 00:00:00+00:00, run_after=2024-04-12 00:00:00+00:00
[2024-04-12T01:42:50.854+0000] {processor.py:183} INFO - Processing /home/airflow/.local/lib/python3.12/site-packages/airflow/example_dags/example_task_group.py took 0.041 seconds
[2024-04-12T01:43:21.371+0000] {processor.py:161} INFO - Started process (PID=300) to work on /home/airflow/.local/lib/python3.12/site-packages/airflow/example_dags/example_task_group.py
[2024-04-12T01:43:21.372+0000] {processor.py:830} INFO - Processing file /home/airflow/.local/lib/python3.12/site-packages/airflow/example_dags/example_task_group.py for tasks to queue
[2024-04-12T01:43:21.374+0000] {logging_mixin.py:188} INFO - [2024-04-12T01:43:21.374+0000] {dagbag.py:540} INFO - Filling up the DagBag from /home/airflow/.local/lib/python3.12/site-packages/airflow/example_dags/example_task_group.py
[2024-04-12T01:43:21.378+0000] {processor.py:840} INFO - DAG(s) 'example_task_group' retrieved from /home/airflow/.local/lib/python3.12/site-packages/airflow/example_dags/example_task_group.py
[2024-04-12T01:43:21.388+0000] {logging_mixin.py:188} INFO - [2024-04-12T01:43:21.388+0000] {dag.py:3096} INFO - Sync 1 DAGs
[2024-04-12T01:43:21.399+0000] {logging_mixin.py:188} INFO - [2024-04-12T01:43:21.399+0000] {dag.py:3954} INFO - Setting next_dagrun for example_task_group to 2024-04-11 00:00:00+00:00, run_after=2024-04-12 00:00:00+00:00
[2024-04-12T01:43:21.407+0000] {processor.py:183} INFO - Processing /home/airflow/.local/lib/python3.12/site-packages/airflow/example_dags/example_task_group.py took 0.039 seconds
[2024-04-12T01:43:52.017+0000] {processor.py:161} INFO - Started process (PID=358) to work on /home/airflow/.local/lib/python3.12/site-packages/airflow/example_dags/example_task_group.py
[2024-04-12T01:43:52.021+0000] {processor.py:830} INFO - Processing file /home/airflow/.local/lib/python3.12/site-packages/airflow/example_dags/example_task_group.py for tasks to queue
[2024-04-12T01:43:52.025+0000] {logging_mixin.py:188} INFO - [2024-04-12T01:43:52.025+0000] {dagbag.py:540} INFO - Filling up the DagBag from /home/airflow/.local/lib/python3.12/site-packages/airflow/example_dags/example_task_group.py
[2024-04-12T01:43:52.062+0000] {processor.py:840} INFO - DAG(s) 'example_task_group' retrieved from /home/airflow/.local/lib/python3.12/site-packages/airflow/example_dags/example_task_group.py
[2024-04-12T01:43:52.145+0000] {logging_mixin.py:188} INFO - [2024-04-12T01:43:52.143+0000] {dag.py:3096} INFO - Sync 1 DAGs
[2024-04-12T01:43:52.793+0000] {logging_mixin.py:188} INFO - [2024-04-12T01:43:52.789+0000] {dag.py:3954} INFO - Setting next_dagrun for example_task_group to 2024-04-11 00:00:00+00:00, run_after=2024-04-12 00:00:00+00:00
[2024-04-12T01:43:53.104+0000] {processor.py:183} INFO - Processing /home/airflow/.local/lib/python3.12/site-packages/airflow/example_dags/example_task_group.py took 1.093 seconds
[2024-04-12T01:44:24.206+0000] {processor.py:161} INFO - Started process (PID=422) to work on /home/airflow/.local/lib/python3.12/site-packages/airflow/example_dags/example_task_group.py
[2024-04-12T01:44:24.209+0000] {processor.py:830} INFO - Processing file /home/airflow/.local/lib/python3.12/site-packages/airflow/example_dags/example_task_group.py for tasks to queue
[2024-04-12T01:44:24.214+0000] {logging_mixin.py:188} INFO - [2024-04-12T01:44:24.213+0000] {dagbag.py:540} INFO - Filling up the DagBag from /home/airflow/.local/lib/python3.12/site-packages/airflow/example_dags/example_task_group.py
[2024-04-12T01:44:24.224+0000] {processor.py:840} INFO - DAG(s) 'example_task_group' retrieved from /home/airflow/.local/lib/python3.12/site-packages/airflow/example_dags/example_task_group.py
[2024-04-12T01:44:24.241+0000] {logging_mixin.py:188} INFO - [2024-04-12T01:44:24.241+0000] {dag.py:3096} INFO - Sync 1 DAGs
[2024-04-12T01:44:24.253+0000] {logging_mixin.py:188} INFO - [2024-04-12T01:44:24.253+0000] {dag.py:3954} INFO - Setting next_dagrun for example_task_group to 2024-04-11 00:00:00+00:00, run_after=2024-04-12 00:00:00+00:00
[2024-04-12T01:44:24.264+0000] {processor.py:183} INFO - Processing /home/airflow/.local/lib/python3.12/site-packages/airflow/example_dags/example_task_group.py took 0.078 seconds
[2024-04-12T01:44:54.666+0000] {processor.py:161} INFO - Started process (PID=480) to work on /home/airflow/.local/lib/python3.12/site-packages/airflow/example_dags/example_task_group.py
[2024-04-12T01:44:54.668+0000] {processor.py:830} INFO - Processing file /home/airflow/.local/lib/python3.12/site-packages/airflow/example_dags/example_task_group.py for tasks to queue
[2024-04-12T01:44:54.670+0000] {logging_mixin.py:188} INFO - [2024-04-12T01:44:54.670+0000] {dagbag.py:540} INFO - Filling up the DagBag from /home/airflow/.local/lib/python3.12/site-packages/airflow/example_dags/example_task_group.py
[2024-04-12T01:44:54.680+0000] {processor.py:840} INFO - DAG(s) 'example_task_group' retrieved from /home/airflow/.local/lib/python3.12/site-packages/airflow/example_dags/example_task_group.py
[2024-04-12T01:44:54.705+0000] {logging_mixin.py:188} INFO - [2024-04-12T01:44:54.705+0000] {dag.py:3096} INFO - Sync 1 DAGs
[2024-04-12T01:44:54.720+0000] {logging_mixin.py:188} INFO - [2024-04-12T01:44:54.720+0000] {dag.py:3954} INFO - Setting next_dagrun for example_task_group to 2024-04-11 00:00:00+00:00, run_after=2024-04-12 00:00:00+00:00
[2024-04-12T01:44:54.734+0000] {processor.py:183} INFO - Processing /home/airflow/.local/lib/python3.12/site-packages/airflow/example_dags/example_task_group.py took 0.077 seconds
[2024-04-12T01:45:25.254+0000] {processor.py:161} INFO - Started process (PID=538) to work on /home/airflow/.local/lib/python3.12/site-packages/airflow/example_dags/example_task_group.py
[2024-04-12T01:45:25.258+0000] {processor.py:830} INFO - Processing file /home/airflow/.local/lib/python3.12/site-packages/airflow/example_dags/example_task_group.py for tasks to queue
[2024-04-12T01:45:25.260+0000] {logging_mixin.py:188} INFO - [2024-04-12T01:45:25.260+0000] {dagbag.py:540} INFO - Filling up the DagBag from /home/airflow/.local/lib/python3.12/site-packages/airflow/example_dags/example_task_group.py
[2024-04-12T01:45:25.301+0000] {processor.py:840} INFO - DAG(s) 'example_task_group' retrieved from /home/airflow/.local/lib/python3.12/site-packages/airflow/example_dags/example_task_group.py
[2024-04-12T01:45:25.358+0000] {logging_mixin.py:188} INFO - [2024-04-12T01:45:25.357+0000] {dag.py:3096} INFO - Sync 1 DAGs
[2024-04-12T01:45:25.385+0000] {logging_mixin.py:188} INFO - [2024-04-12T01:45:25.384+0000] {dag.py:3954} INFO - Setting next_dagrun for example_task_group to 2024-04-11 00:00:00+00:00, run_after=2024-04-12 00:00:00+00:00
[2024-04-12T01:45:25.402+0000] {processor.py:183} INFO - Processing /home/airflow/.local/lib/python3.12/site-packages/airflow/example_dags/example_task_group.py took 0.155 seconds
[2024-04-12T01:45:55.452+0000] {processor.py:161} INFO - Started process (PID=596) to work on /home/airflow/.local/lib/python3.12/site-packages/airflow/example_dags/example_task_group.py
[2024-04-12T01:45:55.453+0000] {processor.py:830} INFO - Processing file /home/airflow/.local/lib/python3.12/site-packages/airflow/example_dags/example_task_group.py for tasks to queue
[2024-04-12T01:45:55.454+0000] {logging_mixin.py:188} INFO - [2024-04-12T01:45:55.454+0000] {dagbag.py:540} INFO - Filling up the DagBag from /home/airflow/.local/lib/python3.12/site-packages/airflow/example_dags/example_task_group.py
[2024-04-12T01:45:55.459+0000] {processor.py:840} INFO - DAG(s) 'example_task_group' retrieved from /home/airflow/.local/lib/python3.12/site-packages/airflow/example_dags/example_task_group.py
[2024-04-12T01:45:55.472+0000] {logging_mixin.py:188} INFO - [2024-04-12T01:45:55.471+0000] {dag.py:3096} INFO - Sync 1 DAGs
[2024-04-12T01:45:55.481+0000] {logging_mixin.py:188} INFO - [2024-04-12T01:45:55.481+0000] {dag.py:3954} INFO - Setting next_dagrun for example_task_group to 2024-04-11 00:00:00+00:00, run_after=2024-04-12 00:00:00+00:00
[2024-04-12T01:45:55.489+0000] {processor.py:183} INFO - Processing /home/airflow/.local/lib/python3.12/site-packages/airflow/example_dags/example_task_group.py took 0.040 seconds
[2024-04-12T01:46:25.766+0000] {processor.py:161} INFO - Started process (PID=654) to work on /home/airflow/.local/lib/python3.12/site-packages/airflow/example_dags/example_task_group.py
[2024-04-12T01:46:25.766+0000] {processor.py:830} INFO - Processing file /home/airflow/.local/lib/python3.12/site-packages/airflow/example_dags/example_task_group.py for tasks to queue
[2024-04-12T01:46:25.768+0000] {logging_mixin.py:188} INFO - [2024-04-12T01:46:25.767+0000] {dagbag.py:540} INFO - Filling up the DagBag from /home/airflow/.local/lib/python3.12/site-packages/airflow/example_dags/example_task_group.py
[2024-04-12T01:46:25.772+0000] {processor.py:840} INFO - DAG(s) 'example_task_group' retrieved from /home/airflow/.local/lib/python3.12/site-packages/airflow/example_dags/example_task_group.py
[2024-04-12T01:46:25.784+0000] {logging_mixin.py:188} INFO - [2024-04-12T01:46:25.783+0000] {dag.py:3096} INFO - Sync 1 DAGs
[2024-04-12T01:46:25.793+0000] {logging_mixin.py:188} INFO - [2024-04-12T01:46:25.793+0000] {dag.py:3954} INFO - Setting next_dagrun for example_task_group to 2024-04-11 00:00:00+00:00, run_after=2024-04-12 00:00:00+00:00
[2024-04-12T01:46:25.802+0000] {processor.py:183} INFO - Processing /home/airflow/.local/lib/python3.12/site-packages/airflow/example_dags/example_task_group.py took 0.039 seconds
[2024-04-12T01:46:56.518+0000] {processor.py:161} INFO - Started process (PID=712) to work on /home/airflow/.local/lib/python3.12/site-packages/airflow/example_dags/example_task_group.py
[2024-04-12T01:46:56.519+0000] {processor.py:830} INFO - Processing file /home/airflow/.local/lib/python3.12/site-packages/airflow/example_dags/example_task_group.py for tasks to queue
[2024-04-12T01:46:56.521+0000] {logging_mixin.py:188} INFO - [2024-04-12T01:46:56.521+0000] {dagbag.py:540} INFO - Filling up the DagBag from /home/airflow/.local/lib/python3.12/site-packages/airflow/example_dags/example_task_group.py
[2024-04-12T01:46:56.525+0000] {processor.py:840} INFO - DAG(s) 'example_task_group' retrieved from /home/airflow/.local/lib/python3.12/site-packages/airflow/example_dags/example_task_group.py
[2024-04-12T01:46:56.536+0000] {logging_mixin.py:188} INFO - [2024-04-12T01:46:56.536+0000] {dag.py:3096} INFO - Sync 1 DAGs
[2024-04-12T01:46:56.547+0000] {logging_mixin.py:188} INFO - [2024-04-12T01:46:56.546+0000] {dag.py:3954} INFO - Setting next_dagrun for example_task_group to 2024-04-11 00:00:00+00:00, run_after=2024-04-12 00:00:00+00:00
[2024-04-12T01:46:56.555+0000] {processor.py:183} INFO - Processing /home/airflow/.local/lib/python3.12/site-packages/airflow/example_dags/example_task_group.py took 0.041 seconds
[2024-04-12T01:47:26.717+0000] {processor.py:161} INFO - Started process (PID=769) to work on /home/airflow/.local/lib/python3.12/site-packages/airflow/example_dags/example_task_group.py
[2024-04-12T01:47:26.718+0000] {processor.py:830} INFO - Processing file /home/airflow/.local/lib/python3.12/site-packages/airflow/example_dags/example_task_group.py for tasks to queue
[2024-04-12T01:47:26.721+0000] {logging_mixin.py:188} INFO - [2024-04-12T01:47:26.720+0000] {dagbag.py:540} INFO - Filling up the DagBag from /home/airflow/.local/lib/python3.12/site-packages/airflow/example_dags/example_task_group.py
[2024-04-12T01:47:26.726+0000] {processor.py:840} INFO - DAG(s) 'example_task_group' retrieved from /home/airflow/.local/lib/python3.12/site-packages/airflow/example_dags/example_task_group.py
[2024-04-12T01:47:26.744+0000] {logging_mixin.py:188} INFO - [2024-04-12T01:47:26.744+0000] {dag.py:3096} INFO - Sync 1 DAGs
[2024-04-12T01:47:26.768+0000] {logging_mixin.py:188} INFO - [2024-04-12T01:47:26.767+0000] {dag.py:3954} INFO - Setting next_dagrun for example_task_group to 2024-04-11 00:00:00+00:00, run_after=2024-04-12 00:00:00+00:00
[2024-04-12T01:47:26.780+0000] {processor.py:183} INFO - Processing /home/airflow/.local/lib/python3.12/site-packages/airflow/example_dags/example_task_group.py took 0.066 seconds
[2024-04-12T01:47:57.104+0000] {processor.py:161} INFO - Started process (PID=827) to work on /home/airflow/.local/lib/python3.12/site-packages/airflow/example_dags/example_task_group.py
[2024-04-12T01:47:57.105+0000] {processor.py:830} INFO - Processing file /home/airflow/.local/lib/python3.12/site-packages/airflow/example_dags/example_task_group.py for tasks to queue
[2024-04-12T01:47:57.106+0000] {logging_mixin.py:188} INFO - [2024-04-12T01:47:57.105+0000] {dagbag.py:540} INFO - Filling up the DagBag from /home/airflow/.local/lib/python3.12/site-packages/airflow/example_dags/example_task_group.py
[2024-04-12T01:47:57.110+0000] {processor.py:840} INFO - DAG(s) 'example_task_group' retrieved from /home/airflow/.local/lib/python3.12/site-packages/airflow/example_dags/example_task_group.py
[2024-04-12T01:47:57.122+0000] {logging_mixin.py:188} INFO - [2024-04-12T01:47:57.122+0000] {dag.py:3096} INFO - Sync 1 DAGs
[2024-04-12T01:47:57.135+0000] {logging_mixin.py:188} INFO - [2024-04-12T01:47:57.135+0000] {dag.py:3954} INFO - Setting next_dagrun for example_task_group to 2024-04-11 00:00:00+00:00, run_after=2024-04-12 00:00:00+00:00
[2024-04-12T01:47:57.144+0000] {processor.py:183} INFO - Processing /home/airflow/.local/lib/python3.12/site-packages/airflow/example_dags/example_task_group.py took 0.044 seconds
[2024-04-12T01:48:28.295+0000] {processor.py:161} INFO - Started process (PID=885) to work on /home/airflow/.local/lib/python3.12/site-packages/airflow/example_dags/example_task_group.py
[2024-04-12T01:48:28.296+0000] {processor.py:830} INFO - Processing file /home/airflow/.local/lib/python3.12/site-packages/airflow/example_dags/example_task_group.py for tasks to queue
[2024-04-12T01:48:28.297+0000] {logging_mixin.py:188} INFO - [2024-04-12T01:48:28.297+0000] {dagbag.py:540} INFO - Filling up the DagBag from /home/airflow/.local/lib/python3.12/site-packages/airflow/example_dags/example_task_group.py
[2024-04-12T01:48:28.305+0000] {processor.py:840} INFO - DAG(s) 'example_task_group' retrieved from /home/airflow/.local/lib/python3.12/site-packages/airflow/example_dags/example_task_group.py
[2024-04-12T01:48:28.325+0000] {logging_mixin.py:188} INFO - [2024-04-12T01:48:28.325+0000] {dag.py:3096} INFO - Sync 1 DAGs
[2024-04-12T01:48:28.337+0000] {logging_mixin.py:188} INFO - [2024-04-12T01:48:28.337+0000] {dag.py:3954} INFO - Setting next_dagrun for example_task_group to 2024-04-11 00:00:00+00:00, run_after=2024-04-12 00:00:00+00:00
[2024-04-12T01:48:28.345+0000] {processor.py:183} INFO - Processing /home/airflow/.local/lib/python3.12/site-packages/airflow/example_dags/example_task_group.py took 0.053 seconds
[2024-04-12T01:48:58.942+0000] {processor.py:161} INFO - Started process (PID=943) to work on /home/airflow/.local/lib/python3.12/site-packages/airflow/example_dags/example_task_group.py
[2024-04-12T01:48:58.943+0000] {processor.py:830} INFO - Processing file /home/airflow/.local/lib/python3.12/site-packages/airflow/example_dags/example_task_group.py for tasks to queue
[2024-04-12T01:48:58.945+0000] {logging_mixin.py:188} INFO - [2024-04-12T01:48:58.944+0000] {dagbag.py:540} INFO - Filling up the DagBag from /home/airflow/.local/lib/python3.12/site-packages/airflow/example_dags/example_task_group.py
[2024-04-12T01:48:58.952+0000] {processor.py:840} INFO - DAG(s) 'example_task_group' retrieved from /home/airflow/.local/lib/python3.12/site-packages/airflow/example_dags/example_task_group.py
[2024-04-12T01:48:58.974+0000] {logging_mixin.py:188} INFO - [2024-04-12T01:48:58.974+0000] {dag.py:3096} INFO - Sync 1 DAGs
[2024-04-12T01:48:59.159+0000] {logging_mixin.py:188} INFO - [2024-04-12T01:48:59.159+0000] {dag.py:3954} INFO - Setting next_dagrun for example_task_group to 2024-04-11 00:00:00+00:00, run_after=2024-04-12 00:00:00+00:00
[2024-04-12T01:48:59.172+0000] {processor.py:183} INFO - Processing /home/airflow/.local/lib/python3.12/site-packages/airflow/example_dags/example_task_group.py took 0.235 seconds
[2024-04-12T01:49:29.441+0000] {processor.py:161} INFO - Started process (PID=1001) to work on /home/airflow/.local/lib/python3.12/site-packages/airflow/example_dags/example_task_group.py
[2024-04-12T01:49:29.442+0000] {processor.py:830} INFO - Processing file /home/airflow/.local/lib/python3.12/site-packages/airflow/example_dags/example_task_group.py for tasks to queue
[2024-04-12T01:49:29.443+0000] {logging_mixin.py:188} INFO - [2024-04-12T01:49:29.442+0000] {dagbag.py:540} INFO - Filling up the DagBag from /home/airflow/.local/lib/python3.12/site-packages/airflow/example_dags/example_task_group.py
[2024-04-12T01:49:29.447+0000] {processor.py:840} INFO - DAG(s) 'example_task_group' retrieved from /home/airflow/.local/lib/python3.12/site-packages/airflow/example_dags/example_task_group.py
[2024-04-12T01:49:29.470+0000] {logging_mixin.py:188} INFO - [2024-04-12T01:49:29.470+0000] {dag.py:3096} INFO - Sync 1 DAGs
[2024-04-12T01:49:29.481+0000] {logging_mixin.py:188} INFO - [2024-04-12T01:49:29.480+0000] {dag.py:3954} INFO - Setting next_dagrun for example_task_group to 2024-04-11 00:00:00+00:00, run_after=2024-04-12 00:00:00+00:00
[2024-04-12T01:49:29.642+0000] {processor.py:183} INFO - Processing /home/airflow/.local/lib/python3.12/site-packages/airflow/example_dags/example_task_group.py took 0.205 seconds
[2024-04-12T01:49:59.734+0000] {processor.py:161} INFO - Started process (PID=1059) to work on /home/airflow/.local/lib/python3.12/site-packages/airflow/example_dags/example_task_group.py
[2024-04-12T01:49:59.735+0000] {processor.py:830} INFO - Processing file /home/airflow/.local/lib/python3.12/site-packages/airflow/example_dags/example_task_group.py for tasks to queue
[2024-04-12T01:49:59.736+0000] {logging_mixin.py:188} INFO - [2024-04-12T01:49:59.736+0000] {dagbag.py:540} INFO - Filling up the DagBag from /home/airflow/.local/lib/python3.12/site-packages/airflow/example_dags/example_task_group.py
[2024-04-12T01:49:59.740+0000] {processor.py:840} INFO - DAG(s) 'example_task_group' retrieved from /home/airflow/.local/lib/python3.12/site-packages/airflow/example_dags/example_task_group.py
[2024-04-12T01:49:59.753+0000] {logging_mixin.py:188} INFO - [2024-04-12T01:49:59.753+0000] {dag.py:3096} INFO - Sync 1 DAGs
[2024-04-12T01:49:59.769+0000] {logging_mixin.py:188} INFO - [2024-04-12T01:49:59.768+0000] {dag.py:3954} INFO - Setting next_dagrun for example_task_group to 2024-04-11 00:00:00+00:00, run_after=2024-04-12 00:00:00+00:00
[2024-04-12T01:49:59.796+0000] {processor.py:183} INFO - Processing /home/airflow/.local/lib/python3.12/site-packages/airflow/example_dags/example_task_group.py took 0.065 seconds
[2024-04-12T01:50:30.716+0000] {processor.py:161} INFO - Started process (PID=1117) to work on /home/airflow/.local/lib/python3.12/site-packages/airflow/example_dags/example_task_group.py
[2024-04-12T01:50:30.717+0000] {processor.py:830} INFO - Processing file /home/airflow/.local/lib/python3.12/site-packages/airflow/example_dags/example_task_group.py for tasks to queue
[2024-04-12T01:50:30.718+0000] {logging_mixin.py:188} INFO - [2024-04-12T01:50:30.718+0000] {dagbag.py:540} INFO - Filling up the DagBag from /home/airflow/.local/lib/python3.12/site-packages/airflow/example_dags/example_task_group.py
[2024-04-12T01:50:30.722+0000] {processor.py:840} INFO - DAG(s) 'example_task_group' retrieved from /home/airflow/.local/lib/python3.12/site-packages/airflow/example_dags/example_task_group.py
[2024-04-12T01:50:30.825+0000] {logging_mixin.py:188} INFO - [2024-04-12T01:50:30.825+0000] {dag.py:3096} INFO - Sync 1 DAGs
[2024-04-12T01:50:30.835+0000] {logging_mixin.py:188} INFO - [2024-04-12T01:50:30.835+0000] {dag.py:3954} INFO - Setting next_dagrun for example_task_group to 2024-04-11 00:00:00+00:00, run_after=2024-04-12 00:00:00+00:00
[2024-04-12T01:50:30.842+0000] {processor.py:183} INFO - Processing /home/airflow/.local/lib/python3.12/site-packages/airflow/example_dags/example_task_group.py took 0.130 seconds
[2024-04-12T01:51:01.673+0000] {processor.py:161} INFO - Started process (PID=1175) to work on /home/airflow/.local/lib/python3.12/site-packages/airflow/example_dags/example_task_group.py
[2024-04-12T01:51:01.674+0000] {processor.py:830} INFO - Processing file /home/airflow/.local/lib/python3.12/site-packages/airflow/example_dags/example_task_group.py for tasks to queue
[2024-04-12T01:51:01.675+0000] {logging_mixin.py:188} INFO - [2024-04-12T01:51:01.674+0000] {dagbag.py:540} INFO - Filling up the DagBag from /home/airflow/.local/lib/python3.12/site-packages/airflow/example_dags/example_task_group.py
[2024-04-12T01:51:01.679+0000] {processor.py:840} INFO - DAG(s) 'example_task_group' retrieved from /home/airflow/.local/lib/python3.12/site-packages/airflow/example_dags/example_task_group.py
[2024-04-12T01:51:01.689+0000] {logging_mixin.py:188} INFO - [2024-04-12T01:51:01.689+0000] {dag.py:3096} INFO - Sync 1 DAGs
[2024-04-12T01:51:01.775+0000] {logging_mixin.py:188} INFO - [2024-04-12T01:51:01.775+0000] {dag.py:3954} INFO - Setting next_dagrun for example_task_group to 2024-04-11 00:00:00+00:00, run_after=2024-04-12 00:00:00+00:00
[2024-04-12T01:51:01.782+0000] {processor.py:183} INFO - Processing /home/airflow/.local/lib/python3.12/site-packages/airflow/example_dags/example_task_group.py took 0.112 seconds
[2024-04-12T01:51:32.394+0000] {processor.py:161} INFO - Started process (PID=1233) to work on /home/airflow/.local/lib/python3.12/site-packages/airflow/example_dags/example_task_group.py
[2024-04-12T01:51:32.395+0000] {processor.py:830} INFO - Processing file /home/airflow/.local/lib/python3.12/site-packages/airflow/example_dags/example_task_group.py for tasks to queue
[2024-04-12T01:51:32.396+0000] {logging_mixin.py:188} INFO - [2024-04-12T01:51:32.396+0000] {dagbag.py:540} INFO - Filling up the DagBag from /home/airflow/.local/lib/python3.12/site-packages/airflow/example_dags/example_task_group.py
[2024-04-12T01:51:32.402+0000] {processor.py:840} INFO - DAG(s) 'example_task_group' retrieved from /home/airflow/.local/lib/python3.12/site-packages/airflow/example_dags/example_task_group.py
[2024-04-12T01:51:32.414+0000] {logging_mixin.py:188} INFO - [2024-04-12T01:51:32.414+0000] {dag.py:3096} INFO - Sync 1 DAGs
[2024-04-12T01:51:32.425+0000] {logging_mixin.py:188} INFO - [2024-04-12T01:51:32.425+0000] {dag.py:3954} INFO - Setting next_dagrun for example_task_group to 2024-04-11 00:00:00+00:00, run_after=2024-04-12 00:00:00+00:00
[2024-04-12T01:51:32.433+0000] {processor.py:183} INFO - Processing /home/airflow/.local/lib/python3.12/site-packages/airflow/example_dags/example_task_group.py took 0.042 seconds
[2024-04-12T01:52:02.603+0000] {processor.py:161} INFO - Started process (PID=1291) to work on /home/airflow/.local/lib/python3.12/site-packages/airflow/example_dags/example_task_group.py
[2024-04-12T01:52:02.604+0000] {processor.py:830} INFO - Processing file /home/airflow/.local/lib/python3.12/site-packages/airflow/example_dags/example_task_group.py for tasks to queue
[2024-04-12T01:52:02.606+0000] {logging_mixin.py:188} INFO - [2024-04-12T01:52:02.606+0000] {dagbag.py:540} INFO - Filling up the DagBag from /home/airflow/.local/lib/python3.12/site-packages/airflow/example_dags/example_task_group.py
[2024-04-12T01:52:02.613+0000] {processor.py:840} INFO - DAG(s) 'example_task_group' retrieved from /home/airflow/.local/lib/python3.12/site-packages/airflow/example_dags/example_task_group.py
[2024-04-12T01:52:02.631+0000] {logging_mixin.py:188} INFO - [2024-04-12T01:52:02.630+0000] {dag.py:3096} INFO - Sync 1 DAGs
[2024-04-12T01:52:02.642+0000] {logging_mixin.py:188} INFO - [2024-04-12T01:52:02.642+0000] {dag.py:3954} INFO - Setting next_dagrun for example_task_group to 2024-04-11 00:00:00+00:00, run_after=2024-04-12 00:00:00+00:00
[2024-04-12T01:52:02.652+0000] {processor.py:183} INFO - Processing /home/airflow/.local/lib/python3.12/site-packages/airflow/example_dags/example_task_group.py took 0.055 seconds
[2024-04-12T01:52:32.922+0000] {processor.py:161} INFO - Started process (PID=1348) to work on /home/airflow/.local/lib/python3.12/site-packages/airflow/example_dags/example_task_group.py
[2024-04-12T01:52:32.923+0000] {processor.py:830} INFO - Processing file /home/airflow/.local/lib/python3.12/site-packages/airflow/example_dags/example_task_group.py for tasks to queue
[2024-04-12T01:52:32.924+0000] {logging_mixin.py:188} INFO - [2024-04-12T01:52:32.924+0000] {dagbag.py:540} INFO - Filling up the DagBag from /home/airflow/.local/lib/python3.12/site-packages/airflow/example_dags/example_task_group.py
[2024-04-12T01:52:32.928+0000] {processor.py:840} INFO - DAG(s) 'example_task_group' retrieved from /home/airflow/.local/lib/python3.12/site-packages/airflow/example_dags/example_task_group.py
[2024-04-12T01:52:32.940+0000] {logging_mixin.py:188} INFO - [2024-04-12T01:52:32.940+0000] {dag.py:3096} INFO - Sync 1 DAGs
[2024-04-12T01:52:32.952+0000] {logging_mixin.py:188} INFO - [2024-04-12T01:52:32.952+0000] {dag.py:3954} INFO - Setting next_dagrun for example_task_group to 2024-04-11 00:00:00+00:00, run_after=2024-04-12 00:00:00+00:00
[2024-04-12T01:52:32.962+0000] {processor.py:183} INFO - Processing /home/airflow/.local/lib/python3.12/site-packages/airflow/example_dags/example_task_group.py took 0.045 seconds
