[2024-04-12T01:41:02.640+0000] {processor.py:161} INFO - Started process (PID=41) to work on /home/airflow/.local/lib/python3.12/site-packages/airflow/example_dags/example_kubernetes_executor.py
[2024-04-12T01:41:02.645+0000] {processor.py:830} INFO - Processing file /home/airflow/.local/lib/python3.12/site-packages/airflow/example_dags/example_kubernetes_executor.py for tasks to queue
[2024-04-12T01:41:02.665+0000] {logging_mixin.py:188} INFO - [2024-04-12T01:41:02.664+0000] {dagbag.py:540} INFO - Filling up the DagBag from /home/airflow/.local/lib/python3.12/site-packages/airflow/example_dags/example_kubernetes_executor.py
[2024-04-12T01:41:02.768+0000] {processor.py:840} INFO - DAG(s) 'example_kubernetes_executor' retrieved from /home/airflow/.local/lib/python3.12/site-packages/airflow/example_dags/example_kubernetes_executor.py
[2024-04-12T01:41:03.208+0000] {logging_mixin.py:188} INFO - [2024-04-12T01:41:03.208+0000] {dag.py:3096} INFO - Sync 1 DAGs
[2024-04-12T01:41:03.255+0000] {logging_mixin.py:188} INFO - [2024-04-12T01:41:03.254+0000] {dag.py:3954} INFO - Setting next_dagrun for example_kubernetes_executor to None, run_after=None
[2024-04-12T01:41:03.351+0000] {processor.py:183} INFO - Processing /home/airflow/.local/lib/python3.12/site-packages/airflow/example_dags/example_kubernetes_executor.py took 0.751 seconds
[2024-04-12T01:41:33.568+0000] {processor.py:161} INFO - Started process (PID=99) to work on /home/airflow/.local/lib/python3.12/site-packages/airflow/example_dags/example_kubernetes_executor.py
[2024-04-12T01:41:33.569+0000] {processor.py:830} INFO - Processing file /home/airflow/.local/lib/python3.12/site-packages/airflow/example_dags/example_kubernetes_executor.py for tasks to queue
[2024-04-12T01:41:33.573+0000] {logging_mixin.py:188} INFO - [2024-04-12T01:41:33.572+0000] {dagbag.py:540} INFO - Filling up the DagBag from /home/airflow/.local/lib/python3.12/site-packages/airflow/example_dags/example_kubernetes_executor.py
[2024-04-12T01:41:33.610+0000] {processor.py:840} INFO - DAG(s) 'example_kubernetes_executor' retrieved from /home/airflow/.local/lib/python3.12/site-packages/airflow/example_dags/example_kubernetes_executor.py
[2024-04-12T01:41:33.765+0000] {logging_mixin.py:188} INFO - [2024-04-12T01:41:33.765+0000] {dag.py:3096} INFO - Sync 1 DAGs
[2024-04-12T01:41:33.776+0000] {logging_mixin.py:188} INFO - [2024-04-12T01:41:33.776+0000] {dag.py:3954} INFO - Setting next_dagrun for example_kubernetes_executor to None, run_after=None
[2024-04-12T01:41:33.884+0000] {processor.py:183} INFO - Processing /home/airflow/.local/lib/python3.12/site-packages/airflow/example_dags/example_kubernetes_executor.py took 0.331 seconds
[2024-04-12T01:42:04.697+0000] {processor.py:161} INFO - Started process (PID=157) to work on /home/airflow/.local/lib/python3.12/site-packages/airflow/example_dags/example_kubernetes_executor.py
[2024-04-12T01:42:04.700+0000] {processor.py:830} INFO - Processing file /home/airflow/.local/lib/python3.12/site-packages/airflow/example_dags/example_kubernetes_executor.py for tasks to queue
[2024-04-12T01:42:04.704+0000] {logging_mixin.py:188} INFO - [2024-04-12T01:42:04.704+0000] {dagbag.py:540} INFO - Filling up the DagBag from /home/airflow/.local/lib/python3.12/site-packages/airflow/example_dags/example_kubernetes_executor.py
[2024-04-12T01:42:04.726+0000] {processor.py:840} INFO - DAG(s) 'example_kubernetes_executor' retrieved from /home/airflow/.local/lib/python3.12/site-packages/airflow/example_dags/example_kubernetes_executor.py
[2024-04-12T01:42:04.811+0000] {logging_mixin.py:188} INFO - [2024-04-12T01:42:04.811+0000] {dag.py:3096} INFO - Sync 1 DAGs
[2024-04-12T01:42:04.820+0000] {logging_mixin.py:188} INFO - [2024-04-12T01:42:04.820+0000] {dag.py:3954} INFO - Setting next_dagrun for example_kubernetes_executor to None, run_after=None
[2024-04-12T01:42:04.831+0000] {processor.py:183} INFO - Processing /home/airflow/.local/lib/python3.12/site-packages/airflow/example_dags/example_kubernetes_executor.py took 0.143 seconds
[2024-04-12T01:42:35.118+0000] {processor.py:161} INFO - Started process (PID=215) to work on /home/airflow/.local/lib/python3.12/site-packages/airflow/example_dags/example_kubernetes_executor.py
[2024-04-12T01:42:35.121+0000] {processor.py:830} INFO - Processing file /home/airflow/.local/lib/python3.12/site-packages/airflow/example_dags/example_kubernetes_executor.py for tasks to queue
[2024-04-12T01:42:35.123+0000] {logging_mixin.py:188} INFO - [2024-04-12T01:42:35.123+0000] {dagbag.py:540} INFO - Filling up the DagBag from /home/airflow/.local/lib/python3.12/site-packages/airflow/example_dags/example_kubernetes_executor.py
[2024-04-12T01:42:35.135+0000] {processor.py:840} INFO - DAG(s) 'example_kubernetes_executor' retrieved from /home/airflow/.local/lib/python3.12/site-packages/airflow/example_dags/example_kubernetes_executor.py
[2024-04-12T01:42:35.163+0000] {logging_mixin.py:188} INFO - [2024-04-12T01:42:35.163+0000] {dag.py:3096} INFO - Sync 1 DAGs
[2024-04-12T01:42:35.170+0000] {logging_mixin.py:188} INFO - [2024-04-12T01:42:35.170+0000] {dag.py:3954} INFO - Setting next_dagrun for example_kubernetes_executor to None, run_after=None
[2024-04-12T01:42:35.179+0000] {processor.py:183} INFO - Processing /home/airflow/.local/lib/python3.12/site-packages/airflow/example_dags/example_kubernetes_executor.py took 0.071 seconds
[2024-04-12T01:43:05.594+0000] {processor.py:161} INFO - Started process (PID=273) to work on /home/airflow/.local/lib/python3.12/site-packages/airflow/example_dags/example_kubernetes_executor.py
[2024-04-12T01:43:05.600+0000] {processor.py:830} INFO - Processing file /home/airflow/.local/lib/python3.12/site-packages/airflow/example_dags/example_kubernetes_executor.py for tasks to queue
[2024-04-12T01:43:05.603+0000] {logging_mixin.py:188} INFO - [2024-04-12T01:43:05.602+0000] {dagbag.py:540} INFO - Filling up the DagBag from /home/airflow/.local/lib/python3.12/site-packages/airflow/example_dags/example_kubernetes_executor.py
[2024-04-12T01:43:05.636+0000] {processor.py:840} INFO - DAG(s) 'example_kubernetes_executor' retrieved from /home/airflow/.local/lib/python3.12/site-packages/airflow/example_dags/example_kubernetes_executor.py
[2024-04-12T01:43:05.697+0000] {logging_mixin.py:188} INFO - [2024-04-12T01:43:05.696+0000] {dag.py:3096} INFO - Sync 1 DAGs
[2024-04-12T01:43:05.705+0000] {logging_mixin.py:188} INFO - [2024-04-12T01:43:05.704+0000] {dag.py:3954} INFO - Setting next_dagrun for example_kubernetes_executor to None, run_after=None
[2024-04-12T01:43:05.715+0000] {processor.py:183} INFO - Processing /home/airflow/.local/lib/python3.12/site-packages/airflow/example_dags/example_kubernetes_executor.py took 0.140 seconds
[2024-04-12T01:43:36.137+0000] {processor.py:161} INFO - Started process (PID=331) to work on /home/airflow/.local/lib/python3.12/site-packages/airflow/example_dags/example_kubernetes_executor.py
[2024-04-12T01:43:36.139+0000] {processor.py:830} INFO - Processing file /home/airflow/.local/lib/python3.12/site-packages/airflow/example_dags/example_kubernetes_executor.py for tasks to queue
[2024-04-12T01:43:36.144+0000] {logging_mixin.py:188} INFO - [2024-04-12T01:43:36.143+0000] {dagbag.py:540} INFO - Filling up the DagBag from /home/airflow/.local/lib/python3.12/site-packages/airflow/example_dags/example_kubernetes_executor.py
[2024-04-12T01:43:36.188+0000] {processor.py:840} INFO - DAG(s) 'example_kubernetes_executor' retrieved from /home/airflow/.local/lib/python3.12/site-packages/airflow/example_dags/example_kubernetes_executor.py
[2024-04-12T01:43:36.285+0000] {logging_mixin.py:188} INFO - [2024-04-12T01:43:36.285+0000] {dag.py:3096} INFO - Sync 1 DAGs
[2024-04-12T01:43:36.325+0000] {logging_mixin.py:188} INFO - [2024-04-12T01:43:36.324+0000] {dag.py:3954} INFO - Setting next_dagrun for example_kubernetes_executor to None, run_after=None
[2024-04-12T01:43:36.354+0000] {processor.py:183} INFO - Processing /home/airflow/.local/lib/python3.12/site-packages/airflow/example_dags/example_kubernetes_executor.py took 0.237 seconds
[2024-04-12T01:44:06.760+0000] {processor.py:161} INFO - Started process (PID=389) to work on /home/airflow/.local/lib/python3.12/site-packages/airflow/example_dags/example_kubernetes_executor.py
[2024-04-12T01:44:06.762+0000] {processor.py:830} INFO - Processing file /home/airflow/.local/lib/python3.12/site-packages/airflow/example_dags/example_kubernetes_executor.py for tasks to queue
[2024-04-12T01:44:06.766+0000] {logging_mixin.py:188} INFO - [2024-04-12T01:44:06.765+0000] {dagbag.py:540} INFO - Filling up the DagBag from /home/airflow/.local/lib/python3.12/site-packages/airflow/example_dags/example_kubernetes_executor.py
[2024-04-12T01:44:06.781+0000] {processor.py:840} INFO - DAG(s) 'example_kubernetes_executor' retrieved from /home/airflow/.local/lib/python3.12/site-packages/airflow/example_dags/example_kubernetes_executor.py
[2024-04-12T01:44:06.809+0000] {logging_mixin.py:188} INFO - [2024-04-12T01:44:06.809+0000] {dag.py:3096} INFO - Sync 1 DAGs
[2024-04-12T01:44:06.818+0000] {logging_mixin.py:188} INFO - [2024-04-12T01:44:06.818+0000] {dag.py:3954} INFO - Setting next_dagrun for example_kubernetes_executor to None, run_after=None
[2024-04-12T01:44:06.828+0000] {processor.py:183} INFO - Processing /home/airflow/.local/lib/python3.12/site-packages/airflow/example_dags/example_kubernetes_executor.py took 0.080 seconds
[2024-04-12T01:44:36.986+0000] {processor.py:161} INFO - Started process (PID=447) to work on /home/airflow/.local/lib/python3.12/site-packages/airflow/example_dags/example_kubernetes_executor.py
[2024-04-12T01:44:36.988+0000] {processor.py:830} INFO - Processing file /home/airflow/.local/lib/python3.12/site-packages/airflow/example_dags/example_kubernetes_executor.py for tasks to queue
[2024-04-12T01:44:36.990+0000] {logging_mixin.py:188} INFO - [2024-04-12T01:44:36.989+0000] {dagbag.py:540} INFO - Filling up the DagBag from /home/airflow/.local/lib/python3.12/site-packages/airflow/example_dags/example_kubernetes_executor.py
[2024-04-12T01:44:36.997+0000] {processor.py:840} INFO - DAG(s) 'example_kubernetes_executor' retrieved from /home/airflow/.local/lib/python3.12/site-packages/airflow/example_dags/example_kubernetes_executor.py
[2024-04-12T01:44:37.019+0000] {logging_mixin.py:188} INFO - [2024-04-12T01:44:37.019+0000] {dag.py:3096} INFO - Sync 1 DAGs
[2024-04-12T01:44:37.027+0000] {logging_mixin.py:188} INFO - [2024-04-12T01:44:37.027+0000] {dag.py:3954} INFO - Setting next_dagrun for example_kubernetes_executor to None, run_after=None
[2024-04-12T01:44:37.053+0000] {processor.py:183} INFO - Processing /home/airflow/.local/lib/python3.12/site-packages/airflow/example_dags/example_kubernetes_executor.py took 0.072 seconds
[2024-04-12T01:45:07.593+0000] {processor.py:161} INFO - Started process (PID=503) to work on /home/airflow/.local/lib/python3.12/site-packages/airflow/example_dags/example_kubernetes_executor.py
[2024-04-12T01:45:07.595+0000] {processor.py:830} INFO - Processing file /home/airflow/.local/lib/python3.12/site-packages/airflow/example_dags/example_kubernetes_executor.py for tasks to queue
[2024-04-12T01:45:07.598+0000] {logging_mixin.py:188} INFO - [2024-04-12T01:45:07.597+0000] {dagbag.py:540} INFO - Filling up the DagBag from /home/airflow/.local/lib/python3.12/site-packages/airflow/example_dags/example_kubernetes_executor.py
[2024-04-12T01:45:07.611+0000] {processor.py:840} INFO - DAG(s) 'example_kubernetes_executor' retrieved from /home/airflow/.local/lib/python3.12/site-packages/airflow/example_dags/example_kubernetes_executor.py
[2024-04-12T01:45:07.647+0000] {logging_mixin.py:188} INFO - [2024-04-12T01:45:07.647+0000] {dag.py:3096} INFO - Sync 1 DAGs
[2024-04-12T01:45:07.654+0000] {logging_mixin.py:188} INFO - [2024-04-12T01:45:07.654+0000] {dag.py:3954} INFO - Setting next_dagrun for example_kubernetes_executor to None, run_after=None
[2024-04-12T01:45:07.664+0000] {processor.py:183} INFO - Processing /home/airflow/.local/lib/python3.12/site-packages/airflow/example_dags/example_kubernetes_executor.py took 0.079 seconds
[2024-04-12T01:45:38.015+0000] {processor.py:161} INFO - Started process (PID=561) to work on /home/airflow/.local/lib/python3.12/site-packages/airflow/example_dags/example_kubernetes_executor.py
[2024-04-12T01:45:38.017+0000] {processor.py:830} INFO - Processing file /home/airflow/.local/lib/python3.12/site-packages/airflow/example_dags/example_kubernetes_executor.py for tasks to queue
[2024-04-12T01:45:38.018+0000] {logging_mixin.py:188} INFO - [2024-04-12T01:45:38.018+0000] {dagbag.py:540} INFO - Filling up the DagBag from /home/airflow/.local/lib/python3.12/site-packages/airflow/example_dags/example_kubernetes_executor.py
[2024-04-12T01:45:38.027+0000] {processor.py:840} INFO - DAG(s) 'example_kubernetes_executor' retrieved from /home/airflow/.local/lib/python3.12/site-packages/airflow/example_dags/example_kubernetes_executor.py
[2024-04-12T01:45:38.053+0000] {logging_mixin.py:188} INFO - [2024-04-12T01:45:38.053+0000] {dag.py:3096} INFO - Sync 1 DAGs
[2024-04-12T01:45:38.062+0000] {logging_mixin.py:188} INFO - [2024-04-12T01:45:38.062+0000] {dag.py:3954} INFO - Setting next_dagrun for example_kubernetes_executor to None, run_after=None
[2024-04-12T01:45:38.073+0000] {processor.py:183} INFO - Processing /home/airflow/.local/lib/python3.12/site-packages/airflow/example_dags/example_kubernetes_executor.py took 0.063 seconds
[2024-04-12T01:46:08.704+0000] {processor.py:161} INFO - Started process (PID=619) to work on /home/airflow/.local/lib/python3.12/site-packages/airflow/example_dags/example_kubernetes_executor.py
[2024-04-12T01:46:08.705+0000] {processor.py:830} INFO - Processing file /home/airflow/.local/lib/python3.12/site-packages/airflow/example_dags/example_kubernetes_executor.py for tasks to queue
[2024-04-12T01:46:08.707+0000] {logging_mixin.py:188} INFO - [2024-04-12T01:46:08.707+0000] {dagbag.py:540} INFO - Filling up the DagBag from /home/airflow/.local/lib/python3.12/site-packages/airflow/example_dags/example_kubernetes_executor.py
[2024-04-12T01:46:08.722+0000] {processor.py:840} INFO - DAG(s) 'example_kubernetes_executor' retrieved from /home/airflow/.local/lib/python3.12/site-packages/airflow/example_dags/example_kubernetes_executor.py
[2024-04-12T01:46:08.795+0000] {logging_mixin.py:188} INFO - [2024-04-12T01:46:08.794+0000] {dag.py:3096} INFO - Sync 1 DAGs
[2024-04-12T01:46:08.809+0000] {logging_mixin.py:188} INFO - [2024-04-12T01:46:08.809+0000] {dag.py:3954} INFO - Setting next_dagrun for example_kubernetes_executor to None, run_after=None
[2024-04-12T01:46:08.842+0000] {processor.py:183} INFO - Processing /home/airflow/.local/lib/python3.12/site-packages/airflow/example_dags/example_kubernetes_executor.py took 0.144 seconds
[2024-04-12T01:46:39.039+0000] {processor.py:161} INFO - Started process (PID=677) to work on /home/airflow/.local/lib/python3.12/site-packages/airflow/example_dags/example_kubernetes_executor.py
[2024-04-12T01:46:39.041+0000] {processor.py:830} INFO - Processing file /home/airflow/.local/lib/python3.12/site-packages/airflow/example_dags/example_kubernetes_executor.py for tasks to queue
[2024-04-12T01:46:39.043+0000] {logging_mixin.py:188} INFO - [2024-04-12T01:46:39.043+0000] {dagbag.py:540} INFO - Filling up the DagBag from /home/airflow/.local/lib/python3.12/site-packages/airflow/example_dags/example_kubernetes_executor.py
[2024-04-12T01:46:39.059+0000] {processor.py:840} INFO - DAG(s) 'example_kubernetes_executor' retrieved from /home/airflow/.local/lib/python3.12/site-packages/airflow/example_dags/example_kubernetes_executor.py
[2024-04-12T01:46:39.105+0000] {logging_mixin.py:188} INFO - [2024-04-12T01:46:39.105+0000] {dag.py:3096} INFO - Sync 1 DAGs
[2024-04-12T01:46:39.114+0000] {logging_mixin.py:188} INFO - [2024-04-12T01:46:39.114+0000] {dag.py:3954} INFO - Setting next_dagrun for example_kubernetes_executor to None, run_after=None
[2024-04-12T01:46:39.123+0000] {processor.py:183} INFO - Processing /home/airflow/.local/lib/python3.12/site-packages/airflow/example_dags/example_kubernetes_executor.py took 0.093 seconds
[2024-04-12T01:47:11.053+0000] {processor.py:161} INFO - Started process (PID=735) to work on /home/airflow/.local/lib/python3.12/site-packages/airflow/example_dags/example_kubernetes_executor.py
[2024-04-12T01:47:11.056+0000] {processor.py:830} INFO - Processing file /home/airflow/.local/lib/python3.12/site-packages/airflow/example_dags/example_kubernetes_executor.py for tasks to queue
[2024-04-12T01:47:11.064+0000] {logging_mixin.py:188} INFO - [2024-04-12T01:47:11.063+0000] {dagbag.py:540} INFO - Filling up the DagBag from /home/airflow/.local/lib/python3.12/site-packages/airflow/example_dags/example_kubernetes_executor.py
[2024-04-12T01:47:11.125+0000] {processor.py:840} INFO - DAG(s) 'example_kubernetes_executor' retrieved from /home/airflow/.local/lib/python3.12/site-packages/airflow/example_dags/example_kubernetes_executor.py
[2024-04-12T01:47:11.282+0000] {logging_mixin.py:188} INFO - [2024-04-12T01:47:11.280+0000] {dag.py:3096} INFO - Sync 1 DAGs
[2024-04-12T01:47:11.567+0000] {logging_mixin.py:188} INFO - [2024-04-12T01:47:11.560+0000] {dag.py:3954} INFO - Setting next_dagrun for example_kubernetes_executor to None, run_after=None
[2024-04-12T01:47:11.707+0000] {processor.py:183} INFO - Processing /home/airflow/.local/lib/python3.12/site-packages/airflow/example_dags/example_kubernetes_executor.py took 0.719 seconds
[2024-04-12T01:47:42.669+0000] {processor.py:161} INFO - Started process (PID=792) to work on /home/airflow/.local/lib/python3.12/site-packages/airflow/example_dags/example_kubernetes_executor.py
[2024-04-12T01:47:42.674+0000] {processor.py:830} INFO - Processing file /home/airflow/.local/lib/python3.12/site-packages/airflow/example_dags/example_kubernetes_executor.py for tasks to queue
[2024-04-12T01:47:42.679+0000] {logging_mixin.py:188} INFO - [2024-04-12T01:47:42.678+0000] {dagbag.py:540} INFO - Filling up the DagBag from /home/airflow/.local/lib/python3.12/site-packages/airflow/example_dags/example_kubernetes_executor.py
[2024-04-12T01:47:42.714+0000] {processor.py:840} INFO - DAG(s) 'example_kubernetes_executor' retrieved from /home/airflow/.local/lib/python3.12/site-packages/airflow/example_dags/example_kubernetes_executor.py
[2024-04-12T01:47:42.771+0000] {logging_mixin.py:188} INFO - [2024-04-12T01:47:42.771+0000] {dag.py:3096} INFO - Sync 1 DAGs
[2024-04-12T01:47:42.790+0000] {logging_mixin.py:188} INFO - [2024-04-12T01:47:42.790+0000] {dag.py:3954} INFO - Setting next_dagrun for example_kubernetes_executor to None, run_after=None
[2024-04-12T01:47:42.803+0000] {processor.py:183} INFO - Processing /home/airflow/.local/lib/python3.12/site-packages/airflow/example_dags/example_kubernetes_executor.py took 0.161 seconds
[2024-04-12T01:48:13.238+0000] {processor.py:161} INFO - Started process (PID=850) to work on /home/airflow/.local/lib/python3.12/site-packages/airflow/example_dags/example_kubernetes_executor.py
[2024-04-12T01:48:13.240+0000] {processor.py:830} INFO - Processing file /home/airflow/.local/lib/python3.12/site-packages/airflow/example_dags/example_kubernetes_executor.py for tasks to queue
[2024-04-12T01:48:13.244+0000] {logging_mixin.py:188} INFO - [2024-04-12T01:48:13.243+0000] {dagbag.py:540} INFO - Filling up the DagBag from /home/airflow/.local/lib/python3.12/site-packages/airflow/example_dags/example_kubernetes_executor.py
[2024-04-12T01:48:13.264+0000] {processor.py:840} INFO - DAG(s) 'example_kubernetes_executor' retrieved from /home/airflow/.local/lib/python3.12/site-packages/airflow/example_dags/example_kubernetes_executor.py
[2024-04-12T01:48:13.327+0000] {logging_mixin.py:188} INFO - [2024-04-12T01:48:13.327+0000] {dag.py:3096} INFO - Sync 1 DAGs
[2024-04-12T01:48:13.341+0000] {logging_mixin.py:188} INFO - [2024-04-12T01:48:13.340+0000] {dag.py:3954} INFO - Setting next_dagrun for example_kubernetes_executor to None, run_after=None
[2024-04-12T01:48:13.365+0000] {processor.py:183} INFO - Processing /home/airflow/.local/lib/python3.12/site-packages/airflow/example_dags/example_kubernetes_executor.py took 0.147 seconds
[2024-04-12T01:48:43.921+0000] {processor.py:161} INFO - Started process (PID=908) to work on /home/airflow/.local/lib/python3.12/site-packages/airflow/example_dags/example_kubernetes_executor.py
[2024-04-12T01:48:43.925+0000] {processor.py:830} INFO - Processing file /home/airflow/.local/lib/python3.12/site-packages/airflow/example_dags/example_kubernetes_executor.py for tasks to queue
[2024-04-12T01:48:43.940+0000] {logging_mixin.py:188} INFO - [2024-04-12T01:48:43.938+0000] {dagbag.py:540} INFO - Filling up the DagBag from /home/airflow/.local/lib/python3.12/site-packages/airflow/example_dags/example_kubernetes_executor.py
[2024-04-12T01:48:43.966+0000] {processor.py:840} INFO - DAG(s) 'example_kubernetes_executor' retrieved from /home/airflow/.local/lib/python3.12/site-packages/airflow/example_dags/example_kubernetes_executor.py
[2024-04-12T01:48:44.060+0000] {logging_mixin.py:188} INFO - [2024-04-12T01:48:44.060+0000] {dag.py:3096} INFO - Sync 1 DAGs
[2024-04-12T01:48:44.077+0000] {logging_mixin.py:188} INFO - [2024-04-12T01:48:44.077+0000] {dag.py:3954} INFO - Setting next_dagrun for example_kubernetes_executor to None, run_after=None
[2024-04-12T01:48:44.108+0000] {processor.py:183} INFO - Processing /home/airflow/.local/lib/python3.12/site-packages/airflow/example_dags/example_kubernetes_executor.py took 0.201 seconds
[2024-04-12T01:49:14.373+0000] {processor.py:161} INFO - Started process (PID=966) to work on /home/airflow/.local/lib/python3.12/site-packages/airflow/example_dags/example_kubernetes_executor.py
[2024-04-12T01:49:14.384+0000] {processor.py:830} INFO - Processing file /home/airflow/.local/lib/python3.12/site-packages/airflow/example_dags/example_kubernetes_executor.py for tasks to queue
[2024-04-12T01:49:14.392+0000] {logging_mixin.py:188} INFO - [2024-04-12T01:49:14.392+0000] {dagbag.py:540} INFO - Filling up the DagBag from /home/airflow/.local/lib/python3.12/site-packages/airflow/example_dags/example_kubernetes_executor.py
[2024-04-12T01:49:14.430+0000] {processor.py:840} INFO - DAG(s) 'example_kubernetes_executor' retrieved from /home/airflow/.local/lib/python3.12/site-packages/airflow/example_dags/example_kubernetes_executor.py
[2024-04-12T01:49:14.540+0000] {logging_mixin.py:188} INFO - [2024-04-12T01:49:14.540+0000] {dag.py:3096} INFO - Sync 1 DAGs
[2024-04-12T01:49:14.554+0000] {logging_mixin.py:188} INFO - [2024-04-12T01:49:14.554+0000] {dag.py:3954} INFO - Setting next_dagrun for example_kubernetes_executor to None, run_after=None
[2024-04-12T01:49:14.571+0000] {processor.py:183} INFO - Processing /home/airflow/.local/lib/python3.12/site-packages/airflow/example_dags/example_kubernetes_executor.py took 0.264 seconds
[2024-04-12T01:49:44.693+0000] {processor.py:161} INFO - Started process (PID=1025) to work on /home/airflow/.local/lib/python3.12/site-packages/airflow/example_dags/example_kubernetes_executor.py
[2024-04-12T01:49:44.694+0000] {processor.py:830} INFO - Processing file /home/airflow/.local/lib/python3.12/site-packages/airflow/example_dags/example_kubernetes_executor.py for tasks to queue
[2024-04-12T01:49:44.695+0000] {logging_mixin.py:188} INFO - [2024-04-12T01:49:44.695+0000] {dagbag.py:540} INFO - Filling up the DagBag from /home/airflow/.local/lib/python3.12/site-packages/airflow/example_dags/example_kubernetes_executor.py
[2024-04-12T01:49:44.706+0000] {processor.py:840} INFO - DAG(s) 'example_kubernetes_executor' retrieved from /home/airflow/.local/lib/python3.12/site-packages/airflow/example_dags/example_kubernetes_executor.py
[2024-04-12T01:49:44.775+0000] {logging_mixin.py:188} INFO - [2024-04-12T01:49:44.775+0000] {dag.py:3096} INFO - Sync 1 DAGs
[2024-04-12T01:49:44.814+0000] {logging_mixin.py:188} INFO - [2024-04-12T01:49:44.812+0000] {dag.py:3954} INFO - Setting next_dagrun for example_kubernetes_executor to None, run_after=None
[2024-04-12T01:49:44.861+0000] {processor.py:183} INFO - Processing /home/airflow/.local/lib/python3.12/site-packages/airflow/example_dags/example_kubernetes_executor.py took 0.174 seconds
[2024-04-12T01:50:15.239+0000] {processor.py:161} INFO - Started process (PID=1082) to work on /home/airflow/.local/lib/python3.12/site-packages/airflow/example_dags/example_kubernetes_executor.py
[2024-04-12T01:50:15.243+0000] {processor.py:830} INFO - Processing file /home/airflow/.local/lib/python3.12/site-packages/airflow/example_dags/example_kubernetes_executor.py for tasks to queue
[2024-04-12T01:50:15.246+0000] {logging_mixin.py:188} INFO - [2024-04-12T01:50:15.245+0000] {dagbag.py:540} INFO - Filling up the DagBag from /home/airflow/.local/lib/python3.12/site-packages/airflow/example_dags/example_kubernetes_executor.py
[2024-04-12T01:50:15.261+0000] {processor.py:840} INFO - DAG(s) 'example_kubernetes_executor' retrieved from /home/airflow/.local/lib/python3.12/site-packages/airflow/example_dags/example_kubernetes_executor.py
[2024-04-12T01:50:15.300+0000] {logging_mixin.py:188} INFO - [2024-04-12T01:50:15.300+0000] {dag.py:3096} INFO - Sync 1 DAGs
[2024-04-12T01:50:15.507+0000] {logging_mixin.py:188} INFO - [2024-04-12T01:50:15.507+0000] {dag.py:3954} INFO - Setting next_dagrun for example_kubernetes_executor to None, run_after=None
[2024-04-12T01:50:15.518+0000] {processor.py:183} INFO - Processing /home/airflow/.local/lib/python3.12/site-packages/airflow/example_dags/example_kubernetes_executor.py took 0.289 seconds
[2024-04-12T01:50:45.584+0000] {processor.py:161} INFO - Started process (PID=1140) to work on /home/airflow/.local/lib/python3.12/site-packages/airflow/example_dags/example_kubernetes_executor.py
[2024-04-12T01:50:45.588+0000] {processor.py:830} INFO - Processing file /home/airflow/.local/lib/python3.12/site-packages/airflow/example_dags/example_kubernetes_executor.py for tasks to queue
[2024-04-12T01:50:45.590+0000] {logging_mixin.py:188} INFO - [2024-04-12T01:50:45.590+0000] {dagbag.py:540} INFO - Filling up the DagBag from /home/airflow/.local/lib/python3.12/site-packages/airflow/example_dags/example_kubernetes_executor.py
[2024-04-12T01:50:45.605+0000] {processor.py:840} INFO - DAG(s) 'example_kubernetes_executor' retrieved from /home/airflow/.local/lib/python3.12/site-packages/airflow/example_dags/example_kubernetes_executor.py
[2024-04-12T01:50:45.637+0000] {logging_mixin.py:188} INFO - [2024-04-12T01:50:45.637+0000] {dag.py:3096} INFO - Sync 1 DAGs
[2024-04-12T01:50:45.644+0000] {logging_mixin.py:188} INFO - [2024-04-12T01:50:45.644+0000] {dag.py:3954} INFO - Setting next_dagrun for example_kubernetes_executor to None, run_after=None
[2024-04-12T01:50:45.655+0000] {processor.py:183} INFO - Processing /home/airflow/.local/lib/python3.12/site-packages/airflow/example_dags/example_kubernetes_executor.py took 0.080 seconds
[2024-04-12T01:51:16.503+0000] {processor.py:161} INFO - Started process (PID=1198) to work on /home/airflow/.local/lib/python3.12/site-packages/airflow/example_dags/example_kubernetes_executor.py
[2024-04-12T01:51:16.508+0000] {processor.py:830} INFO - Processing file /home/airflow/.local/lib/python3.12/site-packages/airflow/example_dags/example_kubernetes_executor.py for tasks to queue
[2024-04-12T01:51:16.512+0000] {logging_mixin.py:188} INFO - [2024-04-12T01:51:16.512+0000] {dagbag.py:540} INFO - Filling up the DagBag from /home/airflow/.local/lib/python3.12/site-packages/airflow/example_dags/example_kubernetes_executor.py
[2024-04-12T01:51:16.530+0000] {processor.py:840} INFO - DAG(s) 'example_kubernetes_executor' retrieved from /home/airflow/.local/lib/python3.12/site-packages/airflow/example_dags/example_kubernetes_executor.py
[2024-04-12T01:51:16.576+0000] {logging_mixin.py:188} INFO - [2024-04-12T01:51:16.576+0000] {dag.py:3096} INFO - Sync 1 DAGs
[2024-04-12T01:51:16.586+0000] {logging_mixin.py:188} INFO - [2024-04-12T01:51:16.586+0000] {dag.py:3954} INFO - Setting next_dagrun for example_kubernetes_executor to None, run_after=None
[2024-04-12T01:51:16.600+0000] {processor.py:183} INFO - Processing /home/airflow/.local/lib/python3.12/site-packages/airflow/example_dags/example_kubernetes_executor.py took 0.128 seconds
[2024-04-12T01:51:46.692+0000] {processor.py:161} INFO - Started process (PID=1256) to work on /home/airflow/.local/lib/python3.12/site-packages/airflow/example_dags/example_kubernetes_executor.py
[2024-04-12T01:51:46.696+0000] {processor.py:830} INFO - Processing file /home/airflow/.local/lib/python3.12/site-packages/airflow/example_dags/example_kubernetes_executor.py for tasks to queue
[2024-04-12T01:51:46.698+0000] {logging_mixin.py:188} INFO - [2024-04-12T01:51:46.698+0000] {dagbag.py:540} INFO - Filling up the DagBag from /home/airflow/.local/lib/python3.12/site-packages/airflow/example_dags/example_kubernetes_executor.py
[2024-04-12T01:51:46.710+0000] {processor.py:840} INFO - DAG(s) 'example_kubernetes_executor' retrieved from /home/airflow/.local/lib/python3.12/site-packages/airflow/example_dags/example_kubernetes_executor.py
[2024-04-12T01:51:46.769+0000] {logging_mixin.py:188} INFO - [2024-04-12T01:51:46.769+0000] {dag.py:3096} INFO - Sync 1 DAGs
[2024-04-12T01:51:46.781+0000] {logging_mixin.py:188} INFO - [2024-04-12T01:51:46.781+0000] {dag.py:3954} INFO - Setting next_dagrun for example_kubernetes_executor to None, run_after=None
[2024-04-12T01:51:46.793+0000] {processor.py:183} INFO - Processing /home/airflow/.local/lib/python3.12/site-packages/airflow/example_dags/example_kubernetes_executor.py took 0.116 seconds
[2024-04-12T01:52:16.834+0000] {processor.py:161} INFO - Started process (PID=1314) to work on /home/airflow/.local/lib/python3.12/site-packages/airflow/example_dags/example_kubernetes_executor.py
[2024-04-12T01:52:16.843+0000] {processor.py:830} INFO - Processing file /home/airflow/.local/lib/python3.12/site-packages/airflow/example_dags/example_kubernetes_executor.py for tasks to queue
[2024-04-12T01:52:16.846+0000] {logging_mixin.py:188} INFO - [2024-04-12T01:52:16.845+0000] {dagbag.py:540} INFO - Filling up the DagBag from /home/airflow/.local/lib/python3.12/site-packages/airflow/example_dags/example_kubernetes_executor.py
[2024-04-12T01:52:16.863+0000] {processor.py:840} INFO - DAG(s) 'example_kubernetes_executor' retrieved from /home/airflow/.local/lib/python3.12/site-packages/airflow/example_dags/example_kubernetes_executor.py
[2024-04-12T01:52:16.889+0000] {logging_mixin.py:188} INFO - [2024-04-12T01:52:16.889+0000] {dag.py:3096} INFO - Sync 1 DAGs
[2024-04-12T01:52:16.896+0000] {logging_mixin.py:188} INFO - [2024-04-12T01:52:16.896+0000] {dag.py:3954} INFO - Setting next_dagrun for example_kubernetes_executor to None, run_after=None
[2024-04-12T01:52:16.907+0000] {processor.py:183} INFO - Processing /home/airflow/.local/lib/python3.12/site-packages/airflow/example_dags/example_kubernetes_executor.py took 0.085 seconds
[2024-04-12T01:52:47.000+0000] {processor.py:161} INFO - Started process (PID=1371) to work on /home/airflow/.local/lib/python3.12/site-packages/airflow/example_dags/example_kubernetes_executor.py
[2024-04-12T01:52:47.003+0000] {processor.py:830} INFO - Processing file /home/airflow/.local/lib/python3.12/site-packages/airflow/example_dags/example_kubernetes_executor.py for tasks to queue
[2024-04-12T01:52:47.005+0000] {logging_mixin.py:188} INFO - [2024-04-12T01:52:47.004+0000] {dagbag.py:540} INFO - Filling up the DagBag from /home/airflow/.local/lib/python3.12/site-packages/airflow/example_dags/example_kubernetes_executor.py
[2024-04-12T01:52:47.019+0000] {processor.py:840} INFO - DAG(s) 'example_kubernetes_executor' retrieved from /home/airflow/.local/lib/python3.12/site-packages/airflow/example_dags/example_kubernetes_executor.py
[2024-04-12T01:52:47.061+0000] {logging_mixin.py:188} INFO - [2024-04-12T01:52:47.061+0000] {dag.py:3096} INFO - Sync 1 DAGs
[2024-04-12T01:52:47.070+0000] {logging_mixin.py:188} INFO - [2024-04-12T01:52:47.070+0000] {dag.py:3954} INFO - Setting next_dagrun for example_kubernetes_executor to None, run_after=None
[2024-04-12T01:52:47.080+0000] {processor.py:183} INFO - Processing /home/airflow/.local/lib/python3.12/site-packages/airflow/example_dags/example_kubernetes_executor.py took 0.090 seconds
