[2024-04-12T01:41:07.106+0000] {processor.py:161} INFO - Started process (PID=51) to work on /home/airflow/.local/lib/python3.12/site-packages/airflow/example_dags/tutorial_dag.py
[2024-04-12T01:41:07.108+0000] {processor.py:830} INFO - Processing file /home/airflow/.local/lib/python3.12/site-packages/airflow/example_dags/tutorial_dag.py for tasks to queue
[2024-04-12T01:41:07.110+0000] {logging_mixin.py:188} INFO - [2024-04-12T01:41:07.109+0000] {dagbag.py:540} INFO - Filling up the DagBag from /home/airflow/.local/lib/python3.12/site-packages/airflow/example_dags/tutorial_dag.py
[2024-04-12T01:41:07.195+0000] {processor.py:840} INFO - DAG(s) 'tutorial_dag' retrieved from /home/airflow/.local/lib/python3.12/site-packages/airflow/example_dags/tutorial_dag.py
[2024-04-12T01:41:07.667+0000] {logging_mixin.py:188} INFO - [2024-04-12T01:41:07.667+0000] {dag.py:3096} INFO - Sync 1 DAGs
[2024-04-12T01:41:07.753+0000] {logging_mixin.py:188} INFO - [2024-04-12T01:41:07.753+0000] {dag.py:3954} INFO - Setting next_dagrun for tutorial_dag to None, run_after=None
[2024-04-12T01:41:07.814+0000] {processor.py:183} INFO - Processing /home/airflow/.local/lib/python3.12/site-packages/airflow/example_dags/tutorial_dag.py took 0.713 seconds
[2024-04-12T01:41:38.078+0000] {processor.py:161} INFO - Started process (PID=109) to work on /home/airflow/.local/lib/python3.12/site-packages/airflow/example_dags/tutorial_dag.py
[2024-04-12T01:41:38.080+0000] {processor.py:830} INFO - Processing file /home/airflow/.local/lib/python3.12/site-packages/airflow/example_dags/tutorial_dag.py for tasks to queue
[2024-04-12T01:41:38.082+0000] {logging_mixin.py:188} INFO - [2024-04-12T01:41:38.081+0000] {dagbag.py:540} INFO - Filling up the DagBag from /home/airflow/.local/lib/python3.12/site-packages/airflow/example_dags/tutorial_dag.py
[2024-04-12T01:41:38.090+0000] {processor.py:840} INFO - DAG(s) 'tutorial_dag' retrieved from /home/airflow/.local/lib/python3.12/site-packages/airflow/example_dags/tutorial_dag.py
[2024-04-12T01:41:38.199+0000] {logging_mixin.py:188} INFO - [2024-04-12T01:41:38.199+0000] {dag.py:3096} INFO - Sync 1 DAGs
[2024-04-12T01:41:38.217+0000] {logging_mixin.py:188} INFO - [2024-04-12T01:41:38.217+0000] {dag.py:3954} INFO - Setting next_dagrun for tutorial_dag to None, run_after=None
[2024-04-12T01:41:38.232+0000] {processor.py:183} INFO - Processing /home/airflow/.local/lib/python3.12/site-packages/airflow/example_dags/tutorial_dag.py took 0.158 seconds
[2024-04-12T01:42:08.513+0000] {processor.py:161} INFO - Started process (PID=167) to work on /home/airflow/.local/lib/python3.12/site-packages/airflow/example_dags/tutorial_dag.py
[2024-04-12T01:42:08.514+0000] {processor.py:830} INFO - Processing file /home/airflow/.local/lib/python3.12/site-packages/airflow/example_dags/tutorial_dag.py for tasks to queue
[2024-04-12T01:42:08.515+0000] {logging_mixin.py:188} INFO - [2024-04-12T01:42:08.515+0000] {dagbag.py:540} INFO - Filling up the DagBag from /home/airflow/.local/lib/python3.12/site-packages/airflow/example_dags/tutorial_dag.py
[2024-04-12T01:42:08.519+0000] {processor.py:840} INFO - DAG(s) 'tutorial_dag' retrieved from /home/airflow/.local/lib/python3.12/site-packages/airflow/example_dags/tutorial_dag.py
[2024-04-12T01:42:08.534+0000] {logging_mixin.py:188} INFO - [2024-04-12T01:42:08.534+0000] {dag.py:3096} INFO - Sync 1 DAGs
[2024-04-12T01:42:08.571+0000] {logging_mixin.py:188} INFO - [2024-04-12T01:42:08.571+0000] {dag.py:3954} INFO - Setting next_dagrun for tutorial_dag to None, run_after=None
[2024-04-12T01:42:08.584+0000] {processor.py:183} INFO - Processing /home/airflow/.local/lib/python3.12/site-packages/airflow/example_dags/tutorial_dag.py took 0.075 seconds
[2024-04-12T01:42:38.755+0000] {processor.py:161} INFO - Started process (PID=225) to work on /home/airflow/.local/lib/python3.12/site-packages/airflow/example_dags/tutorial_dag.py
[2024-04-12T01:42:38.756+0000] {processor.py:830} INFO - Processing file /home/airflow/.local/lib/python3.12/site-packages/airflow/example_dags/tutorial_dag.py for tasks to queue
[2024-04-12T01:42:38.756+0000] {logging_mixin.py:188} INFO - [2024-04-12T01:42:38.756+0000] {dagbag.py:540} INFO - Filling up the DagBag from /home/airflow/.local/lib/python3.12/site-packages/airflow/example_dags/tutorial_dag.py
[2024-04-12T01:42:38.760+0000] {processor.py:840} INFO - DAG(s) 'tutorial_dag' retrieved from /home/airflow/.local/lib/python3.12/site-packages/airflow/example_dags/tutorial_dag.py
[2024-04-12T01:42:38.769+0000] {logging_mixin.py:188} INFO - [2024-04-12T01:42:38.769+0000] {dag.py:3096} INFO - Sync 1 DAGs
[2024-04-12T01:42:38.775+0000] {logging_mixin.py:188} INFO - [2024-04-12T01:42:38.775+0000] {dag.py:3954} INFO - Setting next_dagrun for tutorial_dag to None, run_after=None
[2024-04-12T01:42:38.782+0000] {processor.py:183} INFO - Processing /home/airflow/.local/lib/python3.12/site-packages/airflow/example_dags/tutorial_dag.py took 0.030 seconds
[2024-04-12T01:43:09.183+0000] {processor.py:161} INFO - Started process (PID=283) to work on /home/airflow/.local/lib/python3.12/site-packages/airflow/example_dags/tutorial_dag.py
[2024-04-12T01:43:09.184+0000] {processor.py:830} INFO - Processing file /home/airflow/.local/lib/python3.12/site-packages/airflow/example_dags/tutorial_dag.py for tasks to queue
[2024-04-12T01:43:09.186+0000] {logging_mixin.py:188} INFO - [2024-04-12T01:43:09.186+0000] {dagbag.py:540} INFO - Filling up the DagBag from /home/airflow/.local/lib/python3.12/site-packages/airflow/example_dags/tutorial_dag.py
[2024-04-12T01:43:09.192+0000] {processor.py:840} INFO - DAG(s) 'tutorial_dag' retrieved from /home/airflow/.local/lib/python3.12/site-packages/airflow/example_dags/tutorial_dag.py
[2024-04-12T01:43:09.204+0000] {logging_mixin.py:188} INFO - [2024-04-12T01:43:09.203+0000] {dag.py:3096} INFO - Sync 1 DAGs
[2024-04-12T01:43:09.211+0000] {logging_mixin.py:188} INFO - [2024-04-12T01:43:09.211+0000] {dag.py:3954} INFO - Setting next_dagrun for tutorial_dag to None, run_after=None
[2024-04-12T01:43:09.219+0000] {processor.py:183} INFO - Processing /home/airflow/.local/lib/python3.12/site-packages/airflow/example_dags/tutorial_dag.py took 0.050 seconds
[2024-04-12T01:43:39.676+0000] {processor.py:161} INFO - Started process (PID=341) to work on /home/airflow/.local/lib/python3.12/site-packages/airflow/example_dags/tutorial_dag.py
[2024-04-12T01:43:39.677+0000] {processor.py:830} INFO - Processing file /home/airflow/.local/lib/python3.12/site-packages/airflow/example_dags/tutorial_dag.py for tasks to queue
[2024-04-12T01:43:39.678+0000] {logging_mixin.py:188} INFO - [2024-04-12T01:43:39.678+0000] {dagbag.py:540} INFO - Filling up the DagBag from /home/airflow/.local/lib/python3.12/site-packages/airflow/example_dags/tutorial_dag.py
[2024-04-12T01:43:39.681+0000] {processor.py:840} INFO - DAG(s) 'tutorial_dag' retrieved from /home/airflow/.local/lib/python3.12/site-packages/airflow/example_dags/tutorial_dag.py
[2024-04-12T01:43:39.692+0000] {logging_mixin.py:188} INFO - [2024-04-12T01:43:39.692+0000] {dag.py:3096} INFO - Sync 1 DAGs
[2024-04-12T01:43:39.698+0000] {logging_mixin.py:188} INFO - [2024-04-12T01:43:39.698+0000] {dag.py:3954} INFO - Setting next_dagrun for tutorial_dag to None, run_after=None
[2024-04-12T01:43:39.707+0000] {processor.py:183} INFO - Processing /home/airflow/.local/lib/python3.12/site-packages/airflow/example_dags/tutorial_dag.py took 0.035 seconds
[2024-04-12T01:44:10.104+0000] {processor.py:161} INFO - Started process (PID=399) to work on /home/airflow/.local/lib/python3.12/site-packages/airflow/example_dags/tutorial_dag.py
[2024-04-12T01:44:10.105+0000] {processor.py:830} INFO - Processing file /home/airflow/.local/lib/python3.12/site-packages/airflow/example_dags/tutorial_dag.py for tasks to queue
[2024-04-12T01:44:10.106+0000] {logging_mixin.py:188} INFO - [2024-04-12T01:44:10.106+0000] {dagbag.py:540} INFO - Filling up the DagBag from /home/airflow/.local/lib/python3.12/site-packages/airflow/example_dags/tutorial_dag.py
[2024-04-12T01:44:10.109+0000] {processor.py:840} INFO - DAG(s) 'tutorial_dag' retrieved from /home/airflow/.local/lib/python3.12/site-packages/airflow/example_dags/tutorial_dag.py
[2024-04-12T01:44:10.119+0000] {logging_mixin.py:188} INFO - [2024-04-12T01:44:10.119+0000] {dag.py:3096} INFO - Sync 1 DAGs
[2024-04-12T01:44:10.125+0000] {logging_mixin.py:188} INFO - [2024-04-12T01:44:10.124+0000] {dag.py:3954} INFO - Setting next_dagrun for tutorial_dag to None, run_after=None
[2024-04-12T01:44:10.133+0000] {processor.py:183} INFO - Processing /home/airflow/.local/lib/python3.12/site-packages/airflow/example_dags/tutorial_dag.py took 0.032 seconds
[2024-04-12T01:44:40.758+0000] {processor.py:161} INFO - Started process (PID=457) to work on /home/airflow/.local/lib/python3.12/site-packages/airflow/example_dags/tutorial_dag.py
[2024-04-12T01:44:40.759+0000] {processor.py:830} INFO - Processing file /home/airflow/.local/lib/python3.12/site-packages/airflow/example_dags/tutorial_dag.py for tasks to queue
[2024-04-12T01:44:40.760+0000] {logging_mixin.py:188} INFO - [2024-04-12T01:44:40.760+0000] {dagbag.py:540} INFO - Filling up the DagBag from /home/airflow/.local/lib/python3.12/site-packages/airflow/example_dags/tutorial_dag.py
[2024-04-12T01:44:40.764+0000] {processor.py:840} INFO - DAG(s) 'tutorial_dag' retrieved from /home/airflow/.local/lib/python3.12/site-packages/airflow/example_dags/tutorial_dag.py
[2024-04-12T01:44:40.774+0000] {logging_mixin.py:188} INFO - [2024-04-12T01:44:40.774+0000] {dag.py:3096} INFO - Sync 1 DAGs
[2024-04-12T01:44:40.780+0000] {logging_mixin.py:188} INFO - [2024-04-12T01:44:40.780+0000] {dag.py:3954} INFO - Setting next_dagrun for tutorial_dag to None, run_after=None
[2024-04-12T01:44:40.789+0000] {processor.py:183} INFO - Processing /home/airflow/.local/lib/python3.12/site-packages/airflow/example_dags/tutorial_dag.py took 0.033 seconds
[2024-04-12T01:45:11.013+0000] {processor.py:161} INFO - Started process (PID=515) to work on /home/airflow/.local/lib/python3.12/site-packages/airflow/example_dags/tutorial_dag.py
[2024-04-12T01:45:11.014+0000] {processor.py:830} INFO - Processing file /home/airflow/.local/lib/python3.12/site-packages/airflow/example_dags/tutorial_dag.py for tasks to queue
[2024-04-12T01:45:11.015+0000] {logging_mixin.py:188} INFO - [2024-04-12T01:45:11.015+0000] {dagbag.py:540} INFO - Filling up the DagBag from /home/airflow/.local/lib/python3.12/site-packages/airflow/example_dags/tutorial_dag.py
[2024-04-12T01:45:11.018+0000] {processor.py:840} INFO - DAG(s) 'tutorial_dag' retrieved from /home/airflow/.local/lib/python3.12/site-packages/airflow/example_dags/tutorial_dag.py
[2024-04-12T01:45:11.029+0000] {logging_mixin.py:188} INFO - [2024-04-12T01:45:11.029+0000] {dag.py:3096} INFO - Sync 1 DAGs
[2024-04-12T01:45:11.036+0000] {logging_mixin.py:188} INFO - [2024-04-12T01:45:11.036+0000] {dag.py:3954} INFO - Setting next_dagrun for tutorial_dag to None, run_after=None
[2024-04-12T01:45:11.050+0000] {processor.py:183} INFO - Processing /home/airflow/.local/lib/python3.12/site-packages/airflow/example_dags/tutorial_dag.py took 0.040 seconds
[2024-04-12T01:45:41.425+0000] {processor.py:161} INFO - Started process (PID=573) to work on /home/airflow/.local/lib/python3.12/site-packages/airflow/example_dags/tutorial_dag.py
[2024-04-12T01:45:41.426+0000] {processor.py:830} INFO - Processing file /home/airflow/.local/lib/python3.12/site-packages/airflow/example_dags/tutorial_dag.py for tasks to queue
[2024-04-12T01:45:41.427+0000] {logging_mixin.py:188} INFO - [2024-04-12T01:45:41.427+0000] {dagbag.py:540} INFO - Filling up the DagBag from /home/airflow/.local/lib/python3.12/site-packages/airflow/example_dags/tutorial_dag.py
[2024-04-12T01:45:41.430+0000] {processor.py:840} INFO - DAG(s) 'tutorial_dag' retrieved from /home/airflow/.local/lib/python3.12/site-packages/airflow/example_dags/tutorial_dag.py
[2024-04-12T01:45:41.440+0000] {logging_mixin.py:188} INFO - [2024-04-12T01:45:41.440+0000] {dag.py:3096} INFO - Sync 1 DAGs
[2024-04-12T01:45:41.446+0000] {logging_mixin.py:188} INFO - [2024-04-12T01:45:41.446+0000] {dag.py:3954} INFO - Setting next_dagrun for tutorial_dag to None, run_after=None
[2024-04-12T01:45:41.455+0000] {processor.py:183} INFO - Processing /home/airflow/.local/lib/python3.12/site-packages/airflow/example_dags/tutorial_dag.py took 0.033 seconds
[2024-04-12T01:46:11.842+0000] {processor.py:161} INFO - Started process (PID=631) to work on /home/airflow/.local/lib/python3.12/site-packages/airflow/example_dags/tutorial_dag.py
[2024-04-12T01:46:11.842+0000] {processor.py:830} INFO - Processing file /home/airflow/.local/lib/python3.12/site-packages/airflow/example_dags/tutorial_dag.py for tasks to queue
[2024-04-12T01:46:11.843+0000] {logging_mixin.py:188} INFO - [2024-04-12T01:46:11.843+0000] {dagbag.py:540} INFO - Filling up the DagBag from /home/airflow/.local/lib/python3.12/site-packages/airflow/example_dags/tutorial_dag.py
[2024-04-12T01:46:11.847+0000] {processor.py:840} INFO - DAG(s) 'tutorial_dag' retrieved from /home/airflow/.local/lib/python3.12/site-packages/airflow/example_dags/tutorial_dag.py
[2024-04-12T01:46:11.858+0000] {logging_mixin.py:188} INFO - [2024-04-12T01:46:11.858+0000] {dag.py:3096} INFO - Sync 1 DAGs
[2024-04-12T01:46:11.864+0000] {logging_mixin.py:188} INFO - [2024-04-12T01:46:11.864+0000] {dag.py:3954} INFO - Setting next_dagrun for tutorial_dag to None, run_after=None
[2024-04-12T01:46:11.873+0000] {processor.py:183} INFO - Processing /home/airflow/.local/lib/python3.12/site-packages/airflow/example_dags/tutorial_dag.py took 0.034 seconds
[2024-04-12T01:46:41.958+0000] {processor.py:161} INFO - Started process (PID=689) to work on /home/airflow/.local/lib/python3.12/site-packages/airflow/example_dags/tutorial_dag.py
[2024-04-12T01:46:41.959+0000] {processor.py:830} INFO - Processing file /home/airflow/.local/lib/python3.12/site-packages/airflow/example_dags/tutorial_dag.py for tasks to queue
[2024-04-12T01:46:41.960+0000] {logging_mixin.py:188} INFO - [2024-04-12T01:46:41.960+0000] {dagbag.py:540} INFO - Filling up the DagBag from /home/airflow/.local/lib/python3.12/site-packages/airflow/example_dags/tutorial_dag.py
[2024-04-12T01:46:41.965+0000] {processor.py:840} INFO - DAG(s) 'tutorial_dag' retrieved from /home/airflow/.local/lib/python3.12/site-packages/airflow/example_dags/tutorial_dag.py
[2024-04-12T01:46:41.992+0000] {logging_mixin.py:188} INFO - [2024-04-12T01:46:41.992+0000] {dag.py:3096} INFO - Sync 1 DAGs
[2024-04-12T01:46:42.002+0000] {logging_mixin.py:188} INFO - [2024-04-12T01:46:42.002+0000] {dag.py:3954} INFO - Setting next_dagrun for tutorial_dag to None, run_after=None
[2024-04-12T01:46:42.015+0000] {processor.py:183} INFO - Processing /home/airflow/.local/lib/python3.12/site-packages/airflow/example_dags/tutorial_dag.py took 0.061 seconds
[2024-04-12T01:47:13.187+0000] {processor.py:161} INFO - Started process (PID=747) to work on /home/airflow/.local/lib/python3.12/site-packages/airflow/example_dags/tutorial_dag.py
[2024-04-12T01:47:13.188+0000] {processor.py:830} INFO - Processing file /home/airflow/.local/lib/python3.12/site-packages/airflow/example_dags/tutorial_dag.py for tasks to queue
[2024-04-12T01:47:13.194+0000] {logging_mixin.py:188} INFO - [2024-04-12T01:47:13.192+0000] {dagbag.py:540} INFO - Filling up the DagBag from /home/airflow/.local/lib/python3.12/site-packages/airflow/example_dags/tutorial_dag.py
[2024-04-12T01:47:13.206+0000] {processor.py:840} INFO - DAG(s) 'tutorial_dag' retrieved from /home/airflow/.local/lib/python3.12/site-packages/airflow/example_dags/tutorial_dag.py
[2024-04-12T01:47:13.231+0000] {logging_mixin.py:188} INFO - [2024-04-12T01:47:13.231+0000] {dag.py:3096} INFO - Sync 1 DAGs
[2024-04-12T01:47:13.242+0000] {logging_mixin.py:188} INFO - [2024-04-12T01:47:13.242+0000] {dag.py:3954} INFO - Setting next_dagrun for tutorial_dag to None, run_after=None
[2024-04-12T01:47:13.261+0000] {processor.py:183} INFO - Processing /home/airflow/.local/lib/python3.12/site-packages/airflow/example_dags/tutorial_dag.py took 0.078 seconds
[2024-04-12T01:47:44.060+0000] {processor.py:161} INFO - Started process (PID=802) to work on /home/airflow/.local/lib/python3.12/site-packages/airflow/example_dags/tutorial_dag.py
[2024-04-12T01:47:44.061+0000] {processor.py:830} INFO - Processing file /home/airflow/.local/lib/python3.12/site-packages/airflow/example_dags/tutorial_dag.py for tasks to queue
[2024-04-12T01:47:44.064+0000] {logging_mixin.py:188} INFO - [2024-04-12T01:47:44.063+0000] {dagbag.py:540} INFO - Filling up the DagBag from /home/airflow/.local/lib/python3.12/site-packages/airflow/example_dags/tutorial_dag.py
[2024-04-12T01:47:44.071+0000] {processor.py:840} INFO - DAG(s) 'tutorial_dag' retrieved from /home/airflow/.local/lib/python3.12/site-packages/airflow/example_dags/tutorial_dag.py
[2024-04-12T01:47:44.093+0000] {logging_mixin.py:188} INFO - [2024-04-12T01:47:44.093+0000] {dag.py:3096} INFO - Sync 1 DAGs
[2024-04-12T01:47:44.102+0000] {logging_mixin.py:188} INFO - [2024-04-12T01:47:44.102+0000] {dag.py:3954} INFO - Setting next_dagrun for tutorial_dag to None, run_after=None
[2024-04-12T01:47:44.112+0000] {processor.py:183} INFO - Processing /home/airflow/.local/lib/python3.12/site-packages/airflow/example_dags/tutorial_dag.py took 0.063 seconds
[2024-04-12T01:48:14.731+0000] {processor.py:161} INFO - Started process (PID=860) to work on /home/airflow/.local/lib/python3.12/site-packages/airflow/example_dags/tutorial_dag.py
[2024-04-12T01:48:14.733+0000] {processor.py:830} INFO - Processing file /home/airflow/.local/lib/python3.12/site-packages/airflow/example_dags/tutorial_dag.py for tasks to queue
[2024-04-12T01:48:14.736+0000] {logging_mixin.py:188} INFO - [2024-04-12T01:48:14.736+0000] {dagbag.py:540} INFO - Filling up the DagBag from /home/airflow/.local/lib/python3.12/site-packages/airflow/example_dags/tutorial_dag.py
[2024-04-12T01:48:14.747+0000] {processor.py:840} INFO - DAG(s) 'tutorial_dag' retrieved from /home/airflow/.local/lib/python3.12/site-packages/airflow/example_dags/tutorial_dag.py
[2024-04-12T01:48:14.799+0000] {logging_mixin.py:188} INFO - [2024-04-12T01:48:14.799+0000] {dag.py:3096} INFO - Sync 1 DAGs
[2024-04-12T01:48:14.810+0000] {logging_mixin.py:188} INFO - [2024-04-12T01:48:14.810+0000] {dag.py:3954} INFO - Setting next_dagrun for tutorial_dag to None, run_after=None
[2024-04-12T01:48:14.838+0000] {processor.py:183} INFO - Processing /home/airflow/.local/lib/python3.12/site-packages/airflow/example_dags/tutorial_dag.py took 0.114 seconds
[2024-04-12T01:48:45.553+0000] {processor.py:161} INFO - Started process (PID=918) to work on /home/airflow/.local/lib/python3.12/site-packages/airflow/example_dags/tutorial_dag.py
[2024-04-12T01:48:45.555+0000] {processor.py:830} INFO - Processing file /home/airflow/.local/lib/python3.12/site-packages/airflow/example_dags/tutorial_dag.py for tasks to queue
[2024-04-12T01:48:45.560+0000] {logging_mixin.py:188} INFO - [2024-04-12T01:48:45.560+0000] {dagbag.py:540} INFO - Filling up the DagBag from /home/airflow/.local/lib/python3.12/site-packages/airflow/example_dags/tutorial_dag.py
[2024-04-12T01:48:45.592+0000] {processor.py:840} INFO - DAG(s) 'tutorial_dag' retrieved from /home/airflow/.local/lib/python3.12/site-packages/airflow/example_dags/tutorial_dag.py
[2024-04-12T01:48:45.644+0000] {logging_mixin.py:188} INFO - [2024-04-12T01:48:45.643+0000] {dag.py:3096} INFO - Sync 1 DAGs
[2024-04-12T01:48:45.663+0000] {logging_mixin.py:188} INFO - [2024-04-12T01:48:45.663+0000] {dag.py:3954} INFO - Setting next_dagrun for tutorial_dag to None, run_after=None
[2024-04-12T01:48:45.684+0000] {processor.py:183} INFO - Processing /home/airflow/.local/lib/python3.12/site-packages/airflow/example_dags/tutorial_dag.py took 0.152 seconds
[2024-04-12T01:49:15.899+0000] {processor.py:161} INFO - Started process (PID=976) to work on /home/airflow/.local/lib/python3.12/site-packages/airflow/example_dags/tutorial_dag.py
[2024-04-12T01:49:15.901+0000] {processor.py:830} INFO - Processing file /home/airflow/.local/lib/python3.12/site-packages/airflow/example_dags/tutorial_dag.py for tasks to queue
[2024-04-12T01:49:15.904+0000] {logging_mixin.py:188} INFO - [2024-04-12T01:49:15.904+0000] {dagbag.py:540} INFO - Filling up the DagBag from /home/airflow/.local/lib/python3.12/site-packages/airflow/example_dags/tutorial_dag.py
[2024-04-12T01:49:15.926+0000] {processor.py:840} INFO - DAG(s) 'tutorial_dag' retrieved from /home/airflow/.local/lib/python3.12/site-packages/airflow/example_dags/tutorial_dag.py
[2024-04-12T01:49:15.982+0000] {logging_mixin.py:188} INFO - [2024-04-12T01:49:15.982+0000] {dag.py:3096} INFO - Sync 1 DAGs
[2024-04-12T01:49:15.998+0000] {logging_mixin.py:188} INFO - [2024-04-12T01:49:15.998+0000] {dag.py:3954} INFO - Setting next_dagrun for tutorial_dag to None, run_after=None
[2024-04-12T01:49:16.030+0000] {processor.py:183} INFO - Processing /home/airflow/.local/lib/python3.12/site-packages/airflow/example_dags/tutorial_dag.py took 0.139 seconds
[2024-04-12T01:49:46.275+0000] {processor.py:161} INFO - Started process (PID=1034) to work on /home/airflow/.local/lib/python3.12/site-packages/airflow/example_dags/tutorial_dag.py
[2024-04-12T01:49:46.285+0000] {processor.py:830} INFO - Processing file /home/airflow/.local/lib/python3.12/site-packages/airflow/example_dags/tutorial_dag.py for tasks to queue
[2024-04-12T01:49:46.311+0000] {logging_mixin.py:188} INFO - [2024-04-12T01:49:46.309+0000] {dagbag.py:540} INFO - Filling up the DagBag from /home/airflow/.local/lib/python3.12/site-packages/airflow/example_dags/tutorial_dag.py
[2024-04-12T01:49:46.325+0000] {processor.py:840} INFO - DAG(s) 'tutorial_dag' retrieved from /home/airflow/.local/lib/python3.12/site-packages/airflow/example_dags/tutorial_dag.py
[2024-04-12T01:49:46.351+0000] {logging_mixin.py:188} INFO - [2024-04-12T01:49:46.351+0000] {dag.py:3096} INFO - Sync 1 DAGs
[2024-04-12T01:49:46.380+0000] {logging_mixin.py:188} INFO - [2024-04-12T01:49:46.380+0000] {dag.py:3954} INFO - Setting next_dagrun for tutorial_dag to None, run_after=None
[2024-04-12T01:49:46.399+0000] {processor.py:183} INFO - Processing /home/airflow/.local/lib/python3.12/site-packages/airflow/example_dags/tutorial_dag.py took 0.137 seconds
[2024-04-12T01:50:16.670+0000] {processor.py:161} INFO - Started process (PID=1092) to work on /home/airflow/.local/lib/python3.12/site-packages/airflow/example_dags/tutorial_dag.py
[2024-04-12T01:50:16.671+0000] {processor.py:830} INFO - Processing file /home/airflow/.local/lib/python3.12/site-packages/airflow/example_dags/tutorial_dag.py for tasks to queue
[2024-04-12T01:50:16.672+0000] {logging_mixin.py:188} INFO - [2024-04-12T01:50:16.672+0000] {dagbag.py:540} INFO - Filling up the DagBag from /home/airflow/.local/lib/python3.12/site-packages/airflow/example_dags/tutorial_dag.py
[2024-04-12T01:50:16.675+0000] {processor.py:840} INFO - DAG(s) 'tutorial_dag' retrieved from /home/airflow/.local/lib/python3.12/site-packages/airflow/example_dags/tutorial_dag.py
[2024-04-12T01:50:16.688+0000] {logging_mixin.py:188} INFO - [2024-04-12T01:50:16.688+0000] {dag.py:3096} INFO - Sync 1 DAGs
[2024-04-12T01:50:16.699+0000] {logging_mixin.py:188} INFO - [2024-04-12T01:50:16.699+0000] {dag.py:3954} INFO - Setting next_dagrun for tutorial_dag to None, run_after=None
[2024-04-12T01:50:16.713+0000] {processor.py:183} INFO - Processing /home/airflow/.local/lib/python3.12/site-packages/airflow/example_dags/tutorial_dag.py took 0.047 seconds
[2024-04-12T01:50:47.108+0000] {processor.py:161} INFO - Started process (PID=1150) to work on /home/airflow/.local/lib/python3.12/site-packages/airflow/example_dags/tutorial_dag.py
[2024-04-12T01:50:47.109+0000] {processor.py:830} INFO - Processing file /home/airflow/.local/lib/python3.12/site-packages/airflow/example_dags/tutorial_dag.py for tasks to queue
[2024-04-12T01:50:47.111+0000] {logging_mixin.py:188} INFO - [2024-04-12T01:50:47.110+0000] {dagbag.py:540} INFO - Filling up the DagBag from /home/airflow/.local/lib/python3.12/site-packages/airflow/example_dags/tutorial_dag.py
[2024-04-12T01:50:47.115+0000] {processor.py:840} INFO - DAG(s) 'tutorial_dag' retrieved from /home/airflow/.local/lib/python3.12/site-packages/airflow/example_dags/tutorial_dag.py
[2024-04-12T01:50:47.142+0000] {logging_mixin.py:188} INFO - [2024-04-12T01:50:47.142+0000] {dag.py:3096} INFO - Sync 1 DAGs
[2024-04-12T01:50:47.166+0000] {logging_mixin.py:188} INFO - [2024-04-12T01:50:47.165+0000] {dag.py:3954} INFO - Setting next_dagrun for tutorial_dag to None, run_after=None
[2024-04-12T01:50:47.183+0000] {processor.py:183} INFO - Processing /home/airflow/.local/lib/python3.12/site-packages/airflow/example_dags/tutorial_dag.py took 0.079 seconds
[2024-04-12T01:51:17.914+0000] {processor.py:161} INFO - Started process (PID=1208) to work on /home/airflow/.local/lib/python3.12/site-packages/airflow/example_dags/tutorial_dag.py
[2024-04-12T01:51:17.917+0000] {processor.py:830} INFO - Processing file /home/airflow/.local/lib/python3.12/site-packages/airflow/example_dags/tutorial_dag.py for tasks to queue
[2024-04-12T01:51:17.922+0000] {logging_mixin.py:188} INFO - [2024-04-12T01:51:17.921+0000] {dagbag.py:540} INFO - Filling up the DagBag from /home/airflow/.local/lib/python3.12/site-packages/airflow/example_dags/tutorial_dag.py
[2024-04-12T01:51:17.926+0000] {processor.py:840} INFO - DAG(s) 'tutorial_dag' retrieved from /home/airflow/.local/lib/python3.12/site-packages/airflow/example_dags/tutorial_dag.py
[2024-04-12T01:51:17.938+0000] {logging_mixin.py:188} INFO - [2024-04-12T01:51:17.938+0000] {dag.py:3096} INFO - Sync 1 DAGs
[2024-04-12T01:51:17.946+0000] {logging_mixin.py:188} INFO - [2024-04-12T01:51:17.946+0000] {dag.py:3954} INFO - Setting next_dagrun for tutorial_dag to None, run_after=None
[2024-04-12T01:51:17.958+0000] {processor.py:183} INFO - Processing /home/airflow/.local/lib/python3.12/site-packages/airflow/example_dags/tutorial_dag.py took 0.048 seconds
[2024-04-12T01:51:48.130+0000] {processor.py:161} INFO - Started process (PID=1266) to work on /home/airflow/.local/lib/python3.12/site-packages/airflow/example_dags/tutorial_dag.py
[2024-04-12T01:51:48.130+0000] {processor.py:830} INFO - Processing file /home/airflow/.local/lib/python3.12/site-packages/airflow/example_dags/tutorial_dag.py for tasks to queue
[2024-04-12T01:51:48.132+0000] {logging_mixin.py:188} INFO - [2024-04-12T01:51:48.131+0000] {dagbag.py:540} INFO - Filling up the DagBag from /home/airflow/.local/lib/python3.12/site-packages/airflow/example_dags/tutorial_dag.py
[2024-04-12T01:51:48.136+0000] {processor.py:840} INFO - DAG(s) 'tutorial_dag' retrieved from /home/airflow/.local/lib/python3.12/site-packages/airflow/example_dags/tutorial_dag.py
[2024-04-12T01:51:48.146+0000] {logging_mixin.py:188} INFO - [2024-04-12T01:51:48.146+0000] {dag.py:3096} INFO - Sync 1 DAGs
[2024-04-12T01:51:48.153+0000] {logging_mixin.py:188} INFO - [2024-04-12T01:51:48.152+0000] {dag.py:3954} INFO - Setting next_dagrun for tutorial_dag to None, run_after=None
[2024-04-12T01:51:48.162+0000] {processor.py:183} INFO - Processing /home/airflow/.local/lib/python3.12/site-packages/airflow/example_dags/tutorial_dag.py took 0.036 seconds
[2024-04-12T01:52:18.198+0000] {processor.py:161} INFO - Started process (PID=1324) to work on /home/airflow/.local/lib/python3.12/site-packages/airflow/example_dags/tutorial_dag.py
[2024-04-12T01:52:18.199+0000] {processor.py:830} INFO - Processing file /home/airflow/.local/lib/python3.12/site-packages/airflow/example_dags/tutorial_dag.py for tasks to queue
[2024-04-12T01:52:18.200+0000] {logging_mixin.py:188} INFO - [2024-04-12T01:52:18.200+0000] {dagbag.py:540} INFO - Filling up the DagBag from /home/airflow/.local/lib/python3.12/site-packages/airflow/example_dags/tutorial_dag.py
[2024-04-12T01:52:18.203+0000] {processor.py:840} INFO - DAG(s) 'tutorial_dag' retrieved from /home/airflow/.local/lib/python3.12/site-packages/airflow/example_dags/tutorial_dag.py
[2024-04-12T01:52:18.213+0000] {logging_mixin.py:188} INFO - [2024-04-12T01:52:18.213+0000] {dag.py:3096} INFO - Sync 1 DAGs
[2024-04-12T01:52:18.218+0000] {logging_mixin.py:188} INFO - [2024-04-12T01:52:18.218+0000] {dag.py:3954} INFO - Setting next_dagrun for tutorial_dag to None, run_after=None
[2024-04-12T01:52:18.226+0000] {processor.py:183} INFO - Processing /home/airflow/.local/lib/python3.12/site-packages/airflow/example_dags/tutorial_dag.py took 0.031 seconds
[2024-04-12T01:52:48.408+0000] {processor.py:161} INFO - Started process (PID=1381) to work on /home/airflow/.local/lib/python3.12/site-packages/airflow/example_dags/tutorial_dag.py
[2024-04-12T01:52:48.409+0000] {processor.py:830} INFO - Processing file /home/airflow/.local/lib/python3.12/site-packages/airflow/example_dags/tutorial_dag.py for tasks to queue
[2024-04-12T01:52:48.410+0000] {logging_mixin.py:188} INFO - [2024-04-12T01:52:48.410+0000] {dagbag.py:540} INFO - Filling up the DagBag from /home/airflow/.local/lib/python3.12/site-packages/airflow/example_dags/tutorial_dag.py
[2024-04-12T01:52:48.413+0000] {processor.py:840} INFO - DAG(s) 'tutorial_dag' retrieved from /home/airflow/.local/lib/python3.12/site-packages/airflow/example_dags/tutorial_dag.py
[2024-04-12T01:52:48.422+0000] {logging_mixin.py:188} INFO - [2024-04-12T01:52:48.422+0000] {dag.py:3096} INFO - Sync 1 DAGs
[2024-04-12T01:52:48.428+0000] {logging_mixin.py:188} INFO - [2024-04-12T01:52:48.428+0000] {dag.py:3954} INFO - Setting next_dagrun for tutorial_dag to None, run_after=None
[2024-04-12T01:52:48.435+0000] {processor.py:183} INFO - Processing /home/airflow/.local/lib/python3.12/site-packages/airflow/example_dags/tutorial_dag.py took 0.030 seconds
