[2024-04-15T17:12:34.271+0000] {processor.py:161} INFO - Started process (PID=56) to work on /home/airflow/.local/lib/python3.12/site-packages/airflow/example_dags/example_sensors.py
[2024-04-15T17:12:34.273+0000] {processor.py:830} INFO - Processing file /home/airflow/.local/lib/python3.12/site-packages/airflow/example_dags/example_sensors.py for tasks to queue
[2024-04-15T17:12:34.277+0000] {logging_mixin.py:188} INFO - [2024-04-15T17:12:34.276+0000] {dagbag.py:540} INFO - Filling up the DagBag from /home/airflow/.local/lib/python3.12/site-packages/airflow/example_dags/example_sensors.py
[2024-04-15T17:12:34.286+0000] {processor.py:840} INFO - DAG(s) 'example_sensors' retrieved from /home/airflow/.local/lib/python3.12/site-packages/airflow/example_dags/example_sensors.py
[2024-04-15T17:12:34.327+0000] {logging_mixin.py:188} INFO - [2024-04-15T17:12:34.326+0000] {dag.py:3096} INFO - Sync 1 DAGs
[2024-04-15T17:12:34.366+0000] {logging_mixin.py:188} INFO - [2024-04-15T17:12:34.365+0000] {dag.py:3954} INFO - Setting next_dagrun for example_sensors to None, run_after=None
[2024-04-15T17:12:34.418+0000] {processor.py:183} INFO - Processing /home/airflow/.local/lib/python3.12/site-packages/airflow/example_dags/example_sensors.py took 0.170 seconds
[2024-04-15T17:13:04.835+0000] {processor.py:161} INFO - Started process (PID=114) to work on /home/airflow/.local/lib/python3.12/site-packages/airflow/example_dags/example_sensors.py
[2024-04-15T17:13:04.836+0000] {processor.py:830} INFO - Processing file /home/airflow/.local/lib/python3.12/site-packages/airflow/example_dags/example_sensors.py for tasks to queue
[2024-04-15T17:13:04.837+0000] {logging_mixin.py:188} INFO - [2024-04-15T17:13:04.837+0000] {dagbag.py:540} INFO - Filling up the DagBag from /home/airflow/.local/lib/python3.12/site-packages/airflow/example_dags/example_sensors.py
[2024-04-15T17:13:04.843+0000] {processor.py:840} INFO - DAG(s) 'example_sensors' retrieved from /home/airflow/.local/lib/python3.12/site-packages/airflow/example_dags/example_sensors.py
[2024-04-15T17:13:04.890+0000] {logging_mixin.py:188} INFO - [2024-04-15T17:13:04.890+0000] {dag.py:3096} INFO - Sync 1 DAGs
[2024-04-15T17:13:04.895+0000] {logging_mixin.py:188} INFO - [2024-04-15T17:13:04.895+0000] {dag.py:3954} INFO - Setting next_dagrun for example_sensors to None, run_after=None
[2024-04-15T17:13:04.905+0000] {processor.py:183} INFO - Processing /home/airflow/.local/lib/python3.12/site-packages/airflow/example_dags/example_sensors.py took 0.072 seconds
[2024-04-15T17:13:35.879+0000] {processor.py:161} INFO - Started process (PID=173) to work on /home/airflow/.local/lib/python3.12/site-packages/airflow/example_dags/example_sensors.py
[2024-04-15T17:13:35.879+0000] {processor.py:830} INFO - Processing file /home/airflow/.local/lib/python3.12/site-packages/airflow/example_dags/example_sensors.py for tasks to queue
[2024-04-15T17:13:35.880+0000] {logging_mixin.py:188} INFO - [2024-04-15T17:13:35.880+0000] {dagbag.py:540} INFO - Filling up the DagBag from /home/airflow/.local/lib/python3.12/site-packages/airflow/example_dags/example_sensors.py
[2024-04-15T17:13:35.885+0000] {processor.py:840} INFO - DAG(s) 'example_sensors' retrieved from /home/airflow/.local/lib/python3.12/site-packages/airflow/example_dags/example_sensors.py
[2024-04-15T17:13:35.898+0000] {logging_mixin.py:188} INFO - [2024-04-15T17:13:35.898+0000] {dag.py:3096} INFO - Sync 1 DAGs
[2024-04-15T17:13:35.904+0000] {logging_mixin.py:188} INFO - [2024-04-15T17:13:35.904+0000] {dag.py:3954} INFO - Setting next_dagrun for example_sensors to None, run_after=None
[2024-04-15T17:13:35.913+0000] {processor.py:183} INFO - Processing /home/airflow/.local/lib/python3.12/site-packages/airflow/example_dags/example_sensors.py took 0.038 seconds
[2024-04-15T17:14:06.641+0000] {processor.py:161} INFO - Started process (PID=232) to work on /home/airflow/.local/lib/python3.12/site-packages/airflow/example_dags/example_sensors.py
[2024-04-15T17:14:06.642+0000] {processor.py:830} INFO - Processing file /home/airflow/.local/lib/python3.12/site-packages/airflow/example_dags/example_sensors.py for tasks to queue
[2024-04-15T17:14:06.643+0000] {logging_mixin.py:188} INFO - [2024-04-15T17:14:06.642+0000] {dagbag.py:540} INFO - Filling up the DagBag from /home/airflow/.local/lib/python3.12/site-packages/airflow/example_dags/example_sensors.py
[2024-04-15T17:14:06.649+0000] {processor.py:840} INFO - DAG(s) 'example_sensors' retrieved from /home/airflow/.local/lib/python3.12/site-packages/airflow/example_dags/example_sensors.py
[2024-04-15T17:14:06.661+0000] {logging_mixin.py:188} INFO - [2024-04-15T17:14:06.661+0000] {dag.py:3096} INFO - Sync 1 DAGs
[2024-04-15T17:14:06.667+0000] {logging_mixin.py:188} INFO - [2024-04-15T17:14:06.667+0000] {dag.py:3954} INFO - Setting next_dagrun for example_sensors to None, run_after=None
[2024-04-15T17:14:06.675+0000] {processor.py:183} INFO - Processing /home/airflow/.local/lib/python3.12/site-packages/airflow/example_dags/example_sensors.py took 0.037 seconds
[2024-04-15T17:14:37.083+0000] {processor.py:161} INFO - Started process (PID=291) to work on /home/airflow/.local/lib/python3.12/site-packages/airflow/example_dags/example_sensors.py
[2024-04-15T17:14:37.084+0000] {processor.py:830} INFO - Processing file /home/airflow/.local/lib/python3.12/site-packages/airflow/example_dags/example_sensors.py for tasks to queue
[2024-04-15T17:14:37.085+0000] {logging_mixin.py:188} INFO - [2024-04-15T17:14:37.084+0000] {dagbag.py:540} INFO - Filling up the DagBag from /home/airflow/.local/lib/python3.12/site-packages/airflow/example_dags/example_sensors.py
[2024-04-15T17:14:37.091+0000] {processor.py:840} INFO - DAG(s) 'example_sensors' retrieved from /home/airflow/.local/lib/python3.12/site-packages/airflow/example_dags/example_sensors.py
[2024-04-15T17:14:37.106+0000] {logging_mixin.py:188} INFO - [2024-04-15T17:14:37.106+0000] {dag.py:3096} INFO - Sync 1 DAGs
[2024-04-15T17:14:37.111+0000] {logging_mixin.py:188} INFO - [2024-04-15T17:14:37.111+0000] {dag.py:3954} INFO - Setting next_dagrun for example_sensors to None, run_after=None
[2024-04-15T17:14:37.119+0000] {processor.py:183} INFO - Processing /home/airflow/.local/lib/python3.12/site-packages/airflow/example_dags/example_sensors.py took 0.041 seconds
[2024-04-15T17:15:08.180+0000] {processor.py:161} INFO - Started process (PID=350) to work on /home/airflow/.local/lib/python3.12/site-packages/airflow/example_dags/example_sensors.py
[2024-04-15T17:15:08.180+0000] {processor.py:830} INFO - Processing file /home/airflow/.local/lib/python3.12/site-packages/airflow/example_dags/example_sensors.py for tasks to queue
[2024-04-15T17:15:08.181+0000] {logging_mixin.py:188} INFO - [2024-04-15T17:15:08.181+0000] {dagbag.py:540} INFO - Filling up the DagBag from /home/airflow/.local/lib/python3.12/site-packages/airflow/example_dags/example_sensors.py
[2024-04-15T17:15:08.191+0000] {processor.py:840} INFO - DAG(s) 'example_sensors' retrieved from /home/airflow/.local/lib/python3.12/site-packages/airflow/example_dags/example_sensors.py
[2024-04-15T17:15:08.208+0000] {logging_mixin.py:188} INFO - [2024-04-15T17:15:08.208+0000] {dag.py:3096} INFO - Sync 1 DAGs
[2024-04-15T17:15:08.215+0000] {logging_mixin.py:188} INFO - [2024-04-15T17:15:08.215+0000] {dag.py:3954} INFO - Setting next_dagrun for example_sensors to None, run_after=None
[2024-04-15T17:15:08.226+0000] {processor.py:183} INFO - Processing /home/airflow/.local/lib/python3.12/site-packages/airflow/example_dags/example_sensors.py took 0.052 seconds
[2024-04-15T17:15:38.337+0000] {processor.py:161} INFO - Started process (PID=409) to work on /home/airflow/.local/lib/python3.12/site-packages/airflow/example_dags/example_sensors.py
[2024-04-15T17:15:38.337+0000] {processor.py:830} INFO - Processing file /home/airflow/.local/lib/python3.12/site-packages/airflow/example_dags/example_sensors.py for tasks to queue
[2024-04-15T17:15:38.338+0000] {logging_mixin.py:188} INFO - [2024-04-15T17:15:38.338+0000] {dagbag.py:540} INFO - Filling up the DagBag from /home/airflow/.local/lib/python3.12/site-packages/airflow/example_dags/example_sensors.py
[2024-04-15T17:15:38.345+0000] {processor.py:840} INFO - DAG(s) 'example_sensors' retrieved from /home/airflow/.local/lib/python3.12/site-packages/airflow/example_dags/example_sensors.py
[2024-04-15T17:15:38.366+0000] {logging_mixin.py:188} INFO - [2024-04-15T17:15:38.366+0000] {dag.py:3096} INFO - Sync 1 DAGs
[2024-04-15T17:15:38.372+0000] {logging_mixin.py:188} INFO - [2024-04-15T17:15:38.372+0000] {dag.py:3954} INFO - Setting next_dagrun for example_sensors to None, run_after=None
[2024-04-15T17:15:38.382+0000] {processor.py:183} INFO - Processing /home/airflow/.local/lib/python3.12/site-packages/airflow/example_dags/example_sensors.py took 0.050 seconds
[2024-04-15T17:16:09.251+0000] {processor.py:161} INFO - Started process (PID=468) to work on /home/airflow/.local/lib/python3.12/site-packages/airflow/example_dags/example_sensors.py
[2024-04-15T17:16:09.251+0000] {processor.py:830} INFO - Processing file /home/airflow/.local/lib/python3.12/site-packages/airflow/example_dags/example_sensors.py for tasks to queue
[2024-04-15T17:16:09.252+0000] {logging_mixin.py:188} INFO - [2024-04-15T17:16:09.251+0000] {dagbag.py:540} INFO - Filling up the DagBag from /home/airflow/.local/lib/python3.12/site-packages/airflow/example_dags/example_sensors.py
[2024-04-15T17:16:09.257+0000] {processor.py:840} INFO - DAG(s) 'example_sensors' retrieved from /home/airflow/.local/lib/python3.12/site-packages/airflow/example_dags/example_sensors.py
[2024-04-15T17:16:09.269+0000] {logging_mixin.py:188} INFO - [2024-04-15T17:16:09.269+0000] {dag.py:3096} INFO - Sync 1 DAGs
[2024-04-15T17:16:09.275+0000] {logging_mixin.py:188} INFO - [2024-04-15T17:16:09.275+0000] {dag.py:3954} INFO - Setting next_dagrun for example_sensors to None, run_after=None
[2024-04-15T17:16:09.283+0000] {processor.py:183} INFO - Processing /home/airflow/.local/lib/python3.12/site-packages/airflow/example_dags/example_sensors.py took 0.036 seconds
[2024-04-15T17:16:40.361+0000] {processor.py:161} INFO - Started process (PID=527) to work on /home/airflow/.local/lib/python3.12/site-packages/airflow/example_dags/example_sensors.py
[2024-04-15T17:16:40.362+0000] {processor.py:830} INFO - Processing file /home/airflow/.local/lib/python3.12/site-packages/airflow/example_dags/example_sensors.py for tasks to queue
[2024-04-15T17:16:40.363+0000] {logging_mixin.py:188} INFO - [2024-04-15T17:16:40.363+0000] {dagbag.py:540} INFO - Filling up the DagBag from /home/airflow/.local/lib/python3.12/site-packages/airflow/example_dags/example_sensors.py
[2024-04-15T17:16:40.368+0000] {processor.py:840} INFO - DAG(s) 'example_sensors' retrieved from /home/airflow/.local/lib/python3.12/site-packages/airflow/example_dags/example_sensors.py
[2024-04-15T17:16:40.388+0000] {logging_mixin.py:188} INFO - [2024-04-15T17:16:40.388+0000] {dag.py:3096} INFO - Sync 1 DAGs
[2024-04-15T17:16:40.397+0000] {logging_mixin.py:188} INFO - [2024-04-15T17:16:40.397+0000] {dag.py:3954} INFO - Setting next_dagrun for example_sensors to None, run_after=None
[2024-04-15T17:16:40.407+0000] {processor.py:183} INFO - Processing /home/airflow/.local/lib/python3.12/site-packages/airflow/example_dags/example_sensors.py took 0.050 seconds
[2024-04-15T17:17:11.266+0000] {processor.py:161} INFO - Started process (PID=586) to work on /home/airflow/.local/lib/python3.12/site-packages/airflow/example_dags/example_sensors.py
[2024-04-15T17:17:11.268+0000] {processor.py:830} INFO - Processing file /home/airflow/.local/lib/python3.12/site-packages/airflow/example_dags/example_sensors.py for tasks to queue
[2024-04-15T17:17:11.269+0000] {logging_mixin.py:188} INFO - [2024-04-15T17:17:11.269+0000] {dagbag.py:540} INFO - Filling up the DagBag from /home/airflow/.local/lib/python3.12/site-packages/airflow/example_dags/example_sensors.py
[2024-04-15T17:17:11.276+0000] {processor.py:840} INFO - DAG(s) 'example_sensors' retrieved from /home/airflow/.local/lib/python3.12/site-packages/airflow/example_dags/example_sensors.py
[2024-04-15T17:17:11.291+0000] {logging_mixin.py:188} INFO - [2024-04-15T17:17:11.291+0000] {dag.py:3096} INFO - Sync 1 DAGs
[2024-04-15T17:17:11.298+0000] {logging_mixin.py:188} INFO - [2024-04-15T17:17:11.298+0000] {dag.py:3954} INFO - Setting next_dagrun for example_sensors to None, run_after=None
[2024-04-15T17:17:11.338+0000] {processor.py:183} INFO - Processing /home/airflow/.local/lib/python3.12/site-packages/airflow/example_dags/example_sensors.py took 0.081 seconds
[2024-04-15T17:17:41.487+0000] {processor.py:161} INFO - Started process (PID=644) to work on /home/airflow/.local/lib/python3.12/site-packages/airflow/example_dags/example_sensors.py
[2024-04-15T17:17:41.488+0000] {processor.py:830} INFO - Processing file /home/airflow/.local/lib/python3.12/site-packages/airflow/example_dags/example_sensors.py for tasks to queue
[2024-04-15T17:17:41.488+0000] {logging_mixin.py:188} INFO - [2024-04-15T17:17:41.488+0000] {dagbag.py:540} INFO - Filling up the DagBag from /home/airflow/.local/lib/python3.12/site-packages/airflow/example_dags/example_sensors.py
[2024-04-15T17:17:41.493+0000] {processor.py:840} INFO - DAG(s) 'example_sensors' retrieved from /home/airflow/.local/lib/python3.12/site-packages/airflow/example_dags/example_sensors.py
[2024-04-15T17:17:41.506+0000] {logging_mixin.py:188} INFO - [2024-04-15T17:17:41.506+0000] {dag.py:3096} INFO - Sync 1 DAGs
[2024-04-15T17:17:41.513+0000] {logging_mixin.py:188} INFO - [2024-04-15T17:17:41.513+0000] {dag.py:3954} INFO - Setting next_dagrun for example_sensors to None, run_after=None
[2024-04-15T17:17:41.522+0000] {processor.py:183} INFO - Processing /home/airflow/.local/lib/python3.12/site-packages/airflow/example_dags/example_sensors.py took 0.038 seconds
[2024-04-15T17:18:12.300+0000] {processor.py:161} INFO - Started process (PID=703) to work on /home/airflow/.local/lib/python3.12/site-packages/airflow/example_dags/example_sensors.py
[2024-04-15T17:18:12.309+0000] {processor.py:830} INFO - Processing file /home/airflow/.local/lib/python3.12/site-packages/airflow/example_dags/example_sensors.py for tasks to queue
[2024-04-15T17:18:12.317+0000] {logging_mixin.py:188} INFO - [2024-04-15T17:18:12.314+0000] {dagbag.py:540} INFO - Filling up the DagBag from /home/airflow/.local/lib/python3.12/site-packages/airflow/example_dags/example_sensors.py
[2024-04-15T17:18:12.359+0000] {processor.py:840} INFO - DAG(s) 'example_sensors' retrieved from /home/airflow/.local/lib/python3.12/site-packages/airflow/example_dags/example_sensors.py
[2024-04-15T17:18:12.430+0000] {logging_mixin.py:188} INFO - [2024-04-15T17:18:12.429+0000] {dag.py:3096} INFO - Sync 1 DAGs
[2024-04-15T17:18:12.455+0000] {logging_mixin.py:188} INFO - [2024-04-15T17:18:12.455+0000] {dag.py:3954} INFO - Setting next_dagrun for example_sensors to None, run_after=None
[2024-04-15T17:18:12.523+0000] {processor.py:183} INFO - Processing /home/airflow/.local/lib/python3.12/site-packages/airflow/example_dags/example_sensors.py took 0.234 seconds
[2024-04-15T17:18:43.545+0000] {processor.py:161} INFO - Started process (PID=762) to work on /home/airflow/.local/lib/python3.12/site-packages/airflow/example_dags/example_sensors.py
[2024-04-15T17:18:43.549+0000] {processor.py:830} INFO - Processing file /home/airflow/.local/lib/python3.12/site-packages/airflow/example_dags/example_sensors.py for tasks to queue
[2024-04-15T17:18:43.552+0000] {logging_mixin.py:188} INFO - [2024-04-15T17:18:43.551+0000] {dagbag.py:540} INFO - Filling up the DagBag from /home/airflow/.local/lib/python3.12/site-packages/airflow/example_dags/example_sensors.py
[2024-04-15T17:18:43.577+0000] {processor.py:840} INFO - DAG(s) 'example_sensors' retrieved from /home/airflow/.local/lib/python3.12/site-packages/airflow/example_dags/example_sensors.py
[2024-04-15T17:18:43.625+0000] {logging_mixin.py:188} INFO - [2024-04-15T17:18:43.624+0000] {dag.py:3096} INFO - Sync 1 DAGs
[2024-04-15T17:18:43.684+0000] {logging_mixin.py:188} INFO - [2024-04-15T17:18:43.683+0000] {dag.py:3954} INFO - Setting next_dagrun for example_sensors to None, run_after=None
[2024-04-15T17:18:43.741+0000] {processor.py:183} INFO - Processing /home/airflow/.local/lib/python3.12/site-packages/airflow/example_dags/example_sensors.py took 0.207 seconds
[2024-04-15T17:19:13.821+0000] {processor.py:161} INFO - Started process (PID=821) to work on /home/airflow/.local/lib/python3.12/site-packages/airflow/example_dags/example_sensors.py
[2024-04-15T17:19:13.824+0000] {processor.py:830} INFO - Processing file /home/airflow/.local/lib/python3.12/site-packages/airflow/example_dags/example_sensors.py for tasks to queue
[2024-04-15T17:19:13.825+0000] {logging_mixin.py:188} INFO - [2024-04-15T17:19:13.825+0000] {dagbag.py:540} INFO - Filling up the DagBag from /home/airflow/.local/lib/python3.12/site-packages/airflow/example_dags/example_sensors.py
[2024-04-15T17:19:13.836+0000] {processor.py:840} INFO - DAG(s) 'example_sensors' retrieved from /home/airflow/.local/lib/python3.12/site-packages/airflow/example_dags/example_sensors.py
[2024-04-15T17:19:13.856+0000] {logging_mixin.py:188} INFO - [2024-04-15T17:19:13.856+0000] {dag.py:3096} INFO - Sync 1 DAGs
[2024-04-15T17:19:13.864+0000] {logging_mixin.py:188} INFO - [2024-04-15T17:19:13.864+0000] {dag.py:3954} INFO - Setting next_dagrun for example_sensors to None, run_after=None
[2024-04-15T17:19:13.873+0000] {processor.py:183} INFO - Processing /home/airflow/.local/lib/python3.12/site-packages/airflow/example_dags/example_sensors.py took 0.059 seconds
[2024-04-15T17:19:44.176+0000] {processor.py:161} INFO - Started process (PID=880) to work on /home/airflow/.local/lib/python3.12/site-packages/airflow/example_dags/example_sensors.py
[2024-04-15T17:19:44.177+0000] {processor.py:830} INFO - Processing file /home/airflow/.local/lib/python3.12/site-packages/airflow/example_dags/example_sensors.py for tasks to queue
[2024-04-15T17:19:44.178+0000] {logging_mixin.py:188} INFO - [2024-04-15T17:19:44.178+0000] {dagbag.py:540} INFO - Filling up the DagBag from /home/airflow/.local/lib/python3.12/site-packages/airflow/example_dags/example_sensors.py
[2024-04-15T17:19:44.190+0000] {processor.py:840} INFO - DAG(s) 'example_sensors' retrieved from /home/airflow/.local/lib/python3.12/site-packages/airflow/example_dags/example_sensors.py
[2024-04-15T17:19:44.214+0000] {logging_mixin.py:188} INFO - [2024-04-15T17:19:44.214+0000] {dag.py:3096} INFO - Sync 1 DAGs
[2024-04-15T17:19:44.221+0000] {logging_mixin.py:188} INFO - [2024-04-15T17:19:44.221+0000] {dag.py:3954} INFO - Setting next_dagrun for example_sensors to None, run_after=None
[2024-04-15T17:19:44.232+0000] {processor.py:183} INFO - Processing /home/airflow/.local/lib/python3.12/site-packages/airflow/example_dags/example_sensors.py took 0.065 seconds
[2024-04-15T17:20:14.268+0000] {processor.py:161} INFO - Started process (PID=939) to work on /home/airflow/.local/lib/python3.12/site-packages/airflow/example_dags/example_sensors.py
[2024-04-15T17:20:14.270+0000] {processor.py:830} INFO - Processing file /home/airflow/.local/lib/python3.12/site-packages/airflow/example_dags/example_sensors.py for tasks to queue
[2024-04-15T17:20:14.272+0000] {logging_mixin.py:188} INFO - [2024-04-15T17:20:14.271+0000] {dagbag.py:540} INFO - Filling up the DagBag from /home/airflow/.local/lib/python3.12/site-packages/airflow/example_dags/example_sensors.py
[2024-04-15T17:20:14.285+0000] {processor.py:840} INFO - DAG(s) 'example_sensors' retrieved from /home/airflow/.local/lib/python3.12/site-packages/airflow/example_dags/example_sensors.py
[2024-04-15T17:20:14.306+0000] {logging_mixin.py:188} INFO - [2024-04-15T17:20:14.306+0000] {dag.py:3096} INFO - Sync 1 DAGs
[2024-04-15T17:20:14.314+0000] {logging_mixin.py:188} INFO - [2024-04-15T17:20:14.314+0000] {dag.py:3954} INFO - Setting next_dagrun for example_sensors to None, run_after=None
[2024-04-15T17:20:14.324+0000] {processor.py:183} INFO - Processing /home/airflow/.local/lib/python3.12/site-packages/airflow/example_dags/example_sensors.py took 0.067 seconds
[2024-04-15T17:20:44.453+0000] {processor.py:161} INFO - Started process (PID=998) to work on /home/airflow/.local/lib/python3.12/site-packages/airflow/example_dags/example_sensors.py
[2024-04-15T17:20:44.455+0000] {processor.py:830} INFO - Processing file /home/airflow/.local/lib/python3.12/site-packages/airflow/example_dags/example_sensors.py for tasks to queue
[2024-04-15T17:20:44.456+0000] {logging_mixin.py:188} INFO - [2024-04-15T17:20:44.456+0000] {dagbag.py:540} INFO - Filling up the DagBag from /home/airflow/.local/lib/python3.12/site-packages/airflow/example_dags/example_sensors.py
[2024-04-15T17:20:44.469+0000] {processor.py:840} INFO - DAG(s) 'example_sensors' retrieved from /home/airflow/.local/lib/python3.12/site-packages/airflow/example_dags/example_sensors.py
[2024-04-15T17:20:44.491+0000] {logging_mixin.py:188} INFO - [2024-04-15T17:20:44.491+0000] {dag.py:3096} INFO - Sync 1 DAGs
[2024-04-15T17:20:44.499+0000] {logging_mixin.py:188} INFO - [2024-04-15T17:20:44.499+0000] {dag.py:3954} INFO - Setting next_dagrun for example_sensors to None, run_after=None
[2024-04-15T17:20:44.509+0000] {processor.py:183} INFO - Processing /home/airflow/.local/lib/python3.12/site-packages/airflow/example_dags/example_sensors.py took 0.066 seconds
[2024-04-15T17:21:14.654+0000] {processor.py:161} INFO - Started process (PID=1057) to work on /home/airflow/.local/lib/python3.12/site-packages/airflow/example_dags/example_sensors.py
[2024-04-15T17:21:14.656+0000] {processor.py:830} INFO - Processing file /home/airflow/.local/lib/python3.12/site-packages/airflow/example_dags/example_sensors.py for tasks to queue
[2024-04-15T17:21:14.657+0000] {logging_mixin.py:188} INFO - [2024-04-15T17:21:14.657+0000] {dagbag.py:540} INFO - Filling up the DagBag from /home/airflow/.local/lib/python3.12/site-packages/airflow/example_dags/example_sensors.py
[2024-04-15T17:21:14.668+0000] {processor.py:840} INFO - DAG(s) 'example_sensors' retrieved from /home/airflow/.local/lib/python3.12/site-packages/airflow/example_dags/example_sensors.py
[2024-04-15T17:21:14.690+0000] {logging_mixin.py:188} INFO - [2024-04-15T17:21:14.689+0000] {dag.py:3096} INFO - Sync 1 DAGs
[2024-04-15T17:21:14.698+0000] {logging_mixin.py:188} INFO - [2024-04-15T17:21:14.698+0000] {dag.py:3954} INFO - Setting next_dagrun for example_sensors to None, run_after=None
[2024-04-15T17:21:14.708+0000] {processor.py:183} INFO - Processing /home/airflow/.local/lib/python3.12/site-packages/airflow/example_dags/example_sensors.py took 0.064 seconds
[2024-04-15T17:21:45.863+0000] {processor.py:161} INFO - Started process (PID=1116) to work on /home/airflow/.local/lib/python3.12/site-packages/airflow/example_dags/example_sensors.py
[2024-04-15T17:21:45.864+0000] {processor.py:830} INFO - Processing file /home/airflow/.local/lib/python3.12/site-packages/airflow/example_dags/example_sensors.py for tasks to queue
[2024-04-15T17:21:45.864+0000] {logging_mixin.py:188} INFO - [2024-04-15T17:21:45.864+0000] {dagbag.py:540} INFO - Filling up the DagBag from /home/airflow/.local/lib/python3.12/site-packages/airflow/example_dags/example_sensors.py
[2024-04-15T17:21:45.870+0000] {processor.py:840} INFO - DAG(s) 'example_sensors' retrieved from /home/airflow/.local/lib/python3.12/site-packages/airflow/example_dags/example_sensors.py
[2024-04-15T17:21:45.883+0000] {logging_mixin.py:188} INFO - [2024-04-15T17:21:45.883+0000] {dag.py:3096} INFO - Sync 1 DAGs
[2024-04-15T17:21:45.890+0000] {logging_mixin.py:188} INFO - [2024-04-15T17:21:45.890+0000] {dag.py:3954} INFO - Setting next_dagrun for example_sensors to None, run_after=None
[2024-04-15T17:21:45.901+0000] {processor.py:183} INFO - Processing /home/airflow/.local/lib/python3.12/site-packages/airflow/example_dags/example_sensors.py took 0.042 seconds
[2024-04-15T17:22:52.259+0000] {processor.py:161} INFO - Started process (PID=55) to work on /home/airflow/.local/lib/python3.12/site-packages/airflow/example_dags/example_sensors.py
[2024-04-15T17:22:52.260+0000] {processor.py:830} INFO - Processing file /home/airflow/.local/lib/python3.12/site-packages/airflow/example_dags/example_sensors.py for tasks to queue
[2024-04-15T17:22:52.265+0000] {logging_mixin.py:188} INFO - [2024-04-15T17:22:52.264+0000] {dagbag.py:540} INFO - Filling up the DagBag from /home/airflow/.local/lib/python3.12/site-packages/airflow/example_dags/example_sensors.py
[2024-04-15T17:22:52.301+0000] {processor.py:840} INFO - DAG(s) 'example_sensors' retrieved from /home/airflow/.local/lib/python3.12/site-packages/airflow/example_dags/example_sensors.py
[2024-04-15T17:22:52.329+0000] {logging_mixin.py:188} INFO - [2024-04-15T17:22:52.329+0000] {dag.py:3096} INFO - Sync 1 DAGs
[2024-04-15T17:22:52.358+0000] {logging_mixin.py:188} INFO - [2024-04-15T17:22:52.358+0000] {dag.py:3954} INFO - Setting next_dagrun for example_sensors to None, run_after=None
[2024-04-15T17:22:52.388+0000] {processor.py:183} INFO - Processing /home/airflow/.local/lib/python3.12/site-packages/airflow/example_dags/example_sensors.py took 0.141 seconds
[2024-04-15T17:23:22.749+0000] {processor.py:161} INFO - Started process (PID=114) to work on /home/airflow/.local/lib/python3.12/site-packages/airflow/example_dags/example_sensors.py
[2024-04-15T17:23:22.751+0000] {processor.py:830} INFO - Processing file /home/airflow/.local/lib/python3.12/site-packages/airflow/example_dags/example_sensors.py for tasks to queue
[2024-04-15T17:23:22.755+0000] {logging_mixin.py:188} INFO - [2024-04-15T17:23:22.754+0000] {dagbag.py:540} INFO - Filling up the DagBag from /home/airflow/.local/lib/python3.12/site-packages/airflow/example_dags/example_sensors.py
[2024-04-15T17:23:22.777+0000] {processor.py:840} INFO - DAG(s) 'example_sensors' retrieved from /home/airflow/.local/lib/python3.12/site-packages/airflow/example_dags/example_sensors.py
[2024-04-15T17:23:22.902+0000] {logging_mixin.py:188} INFO - [2024-04-15T17:23:22.901+0000] {dag.py:3096} INFO - Sync 1 DAGs
[2024-04-15T17:23:22.949+0000] {logging_mixin.py:188} INFO - [2024-04-15T17:23:22.949+0000] {dag.py:3954} INFO - Setting next_dagrun for example_sensors to None, run_after=None
[2024-04-15T17:23:23.011+0000] {processor.py:183} INFO - Processing /home/airflow/.local/lib/python3.12/site-packages/airflow/example_dags/example_sensors.py took 0.273 seconds
[2024-04-15T17:23:53.719+0000] {processor.py:161} INFO - Started process (PID=173) to work on /home/airflow/.local/lib/python3.12/site-packages/airflow/example_dags/example_sensors.py
[2024-04-15T17:23:53.719+0000] {processor.py:830} INFO - Processing file /home/airflow/.local/lib/python3.12/site-packages/airflow/example_dags/example_sensors.py for tasks to queue
[2024-04-15T17:23:53.720+0000] {logging_mixin.py:188} INFO - [2024-04-15T17:23:53.720+0000] {dagbag.py:540} INFO - Filling up the DagBag from /home/airflow/.local/lib/python3.12/site-packages/airflow/example_dags/example_sensors.py
[2024-04-15T17:23:53.729+0000] {processor.py:840} INFO - DAG(s) 'example_sensors' retrieved from /home/airflow/.local/lib/python3.12/site-packages/airflow/example_dags/example_sensors.py
[2024-04-15T17:23:53.744+0000] {logging_mixin.py:188} INFO - [2024-04-15T17:23:53.744+0000] {dag.py:3096} INFO - Sync 1 DAGs
[2024-04-15T17:23:53.750+0000] {logging_mixin.py:188} INFO - [2024-04-15T17:23:53.750+0000] {dag.py:3954} INFO - Setting next_dagrun for example_sensors to None, run_after=None
[2024-04-15T17:23:53.763+0000] {processor.py:183} INFO - Processing /home/airflow/.local/lib/python3.12/site-packages/airflow/example_dags/example_sensors.py took 0.047 seconds
[2024-04-15T17:24:24.437+0000] {processor.py:161} INFO - Started process (PID=232) to work on /home/airflow/.local/lib/python3.12/site-packages/airflow/example_dags/example_sensors.py
[2024-04-15T17:24:24.442+0000] {processor.py:830} INFO - Processing file /home/airflow/.local/lib/python3.12/site-packages/airflow/example_dags/example_sensors.py for tasks to queue
[2024-04-15T17:24:24.445+0000] {logging_mixin.py:188} INFO - [2024-04-15T17:24:24.444+0000] {dagbag.py:540} INFO - Filling up the DagBag from /home/airflow/.local/lib/python3.12/site-packages/airflow/example_dags/example_sensors.py
[2024-04-15T17:24:24.454+0000] {processor.py:840} INFO - DAG(s) 'example_sensors' retrieved from /home/airflow/.local/lib/python3.12/site-packages/airflow/example_dags/example_sensors.py
[2024-04-15T17:24:24.470+0000] {logging_mixin.py:188} INFO - [2024-04-15T17:24:24.470+0000] {dag.py:3096} INFO - Sync 1 DAGs
[2024-04-15T17:24:24.476+0000] {logging_mixin.py:188} INFO - [2024-04-15T17:24:24.476+0000] {dag.py:3954} INFO - Setting next_dagrun for example_sensors to None, run_after=None
[2024-04-15T17:24:24.488+0000] {processor.py:183} INFO - Processing /home/airflow/.local/lib/python3.12/site-packages/airflow/example_dags/example_sensors.py took 0.061 seconds
[2024-04-15T17:24:59.518+0000] {processor.py:161} INFO - Started process (PID=300) to work on /home/airflow/.local/lib/python3.12/site-packages/airflow/example_dags/example_sensors.py
[2024-04-15T17:24:59.519+0000] {processor.py:830} INFO - Processing file /home/airflow/.local/lib/python3.12/site-packages/airflow/example_dags/example_sensors.py for tasks to queue
[2024-04-15T17:24:59.520+0000] {logging_mixin.py:188} INFO - [2024-04-15T17:24:59.520+0000] {dagbag.py:540} INFO - Filling up the DagBag from /home/airflow/.local/lib/python3.12/site-packages/airflow/example_dags/example_sensors.py
[2024-04-15T17:24:59.526+0000] {processor.py:840} INFO - DAG(s) 'example_sensors' retrieved from /home/airflow/.local/lib/python3.12/site-packages/airflow/example_dags/example_sensors.py
[2024-04-15T17:24:59.542+0000] {logging_mixin.py:188} INFO - [2024-04-15T17:24:59.542+0000] {dag.py:3096} INFO - Sync 1 DAGs
[2024-04-15T17:24:59.551+0000] {logging_mixin.py:188} INFO - [2024-04-15T17:24:59.549+0000] {dag.py:3954} INFO - Setting next_dagrun for example_sensors to None, run_after=None
[2024-04-15T17:24:59.564+0000] {processor.py:183} INFO - Processing /home/airflow/.local/lib/python3.12/site-packages/airflow/example_dags/example_sensors.py took 0.054 seconds
[2024-04-15T17:26:27.215+0000] {processor.py:161} INFO - Started process (PID=61) to work on /home/airflow/.local/lib/python3.12/site-packages/airflow/example_dags/example_sensors.py
[2024-04-15T17:26:27.218+0000] {processor.py:830} INFO - Processing file /home/airflow/.local/lib/python3.12/site-packages/airflow/example_dags/example_sensors.py for tasks to queue
[2024-04-15T17:26:27.238+0000] {logging_mixin.py:188} INFO - [2024-04-15T17:26:27.234+0000] {dagbag.py:540} INFO - Filling up the DagBag from /home/airflow/.local/lib/python3.12/site-packages/airflow/example_dags/example_sensors.py
[2024-04-15T17:26:27.260+0000] {processor.py:840} INFO - DAG(s) 'example_sensors' retrieved from /home/airflow/.local/lib/python3.12/site-packages/airflow/example_dags/example_sensors.py
[2024-04-15T17:26:27.619+0000] {logging_mixin.py:188} INFO - [2024-04-15T17:26:27.618+0000] {dag.py:3096} INFO - Sync 1 DAGs
[2024-04-15T17:26:27.654+0000] {logging_mixin.py:188} INFO - [2024-04-15T17:26:27.654+0000] {dag.py:3954} INFO - Setting next_dagrun for example_sensors to None, run_after=None
[2024-04-15T17:26:28.272+0000] {processor.py:183} INFO - Processing /home/airflow/.local/lib/python3.12/site-packages/airflow/example_dags/example_sensors.py took 1.069 seconds
[2024-04-15T17:26:58.381+0000] {processor.py:161} INFO - Started process (PID=126) to work on /home/airflow/.local/lib/python3.12/site-packages/airflow/example_dags/example_sensors.py
[2024-04-15T17:26:58.382+0000] {processor.py:830} INFO - Processing file /home/airflow/.local/lib/python3.12/site-packages/airflow/example_dags/example_sensors.py for tasks to queue
[2024-04-15T17:26:58.384+0000] {logging_mixin.py:188} INFO - [2024-04-15T17:26:58.384+0000] {dagbag.py:540} INFO - Filling up the DagBag from /home/airflow/.local/lib/python3.12/site-packages/airflow/example_dags/example_sensors.py
[2024-04-15T17:26:58.391+0000] {processor.py:840} INFO - DAG(s) 'example_sensors' retrieved from /home/airflow/.local/lib/python3.12/site-packages/airflow/example_dags/example_sensors.py
[2024-04-15T17:26:58.569+0000] {logging_mixin.py:188} INFO - [2024-04-15T17:26:58.569+0000] {dag.py:3096} INFO - Sync 1 DAGs
[2024-04-15T17:26:58.581+0000] {logging_mixin.py:188} INFO - [2024-04-15T17:26:58.581+0000] {dag.py:3954} INFO - Setting next_dagrun for example_sensors to None, run_after=None
[2024-04-15T17:26:58.596+0000] {processor.py:183} INFO - Processing /home/airflow/.local/lib/python3.12/site-packages/airflow/example_dags/example_sensors.py took 0.221 seconds
[2024-04-15T17:27:28.996+0000] {processor.py:161} INFO - Started process (PID=186) to work on /home/airflow/.local/lib/python3.12/site-packages/airflow/example_dags/example_sensors.py
[2024-04-15T17:27:28.997+0000] {processor.py:830} INFO - Processing file /home/airflow/.local/lib/python3.12/site-packages/airflow/example_dags/example_sensors.py for tasks to queue
[2024-04-15T17:27:28.998+0000] {logging_mixin.py:188} INFO - [2024-04-15T17:27:28.997+0000] {dagbag.py:540} INFO - Filling up the DagBag from /home/airflow/.local/lib/python3.12/site-packages/airflow/example_dags/example_sensors.py
[2024-04-15T17:27:29.002+0000] {processor.py:840} INFO - DAG(s) 'example_sensors' retrieved from /home/airflow/.local/lib/python3.12/site-packages/airflow/example_dags/example_sensors.py
[2024-04-15T17:27:29.014+0000] {logging_mixin.py:188} INFO - [2024-04-15T17:27:29.014+0000] {dag.py:3096} INFO - Sync 1 DAGs
[2024-04-15T17:27:29.020+0000] {logging_mixin.py:188} INFO - [2024-04-15T17:27:29.020+0000] {dag.py:3954} INFO - Setting next_dagrun for example_sensors to None, run_after=None
[2024-04-15T17:27:29.029+0000] {processor.py:183} INFO - Processing /home/airflow/.local/lib/python3.12/site-packages/airflow/example_dags/example_sensors.py took 0.036 seconds
[2024-04-15T17:27:59.606+0000] {processor.py:161} INFO - Started process (PID=246) to work on /home/airflow/.local/lib/python3.12/site-packages/airflow/example_dags/example_sensors.py
[2024-04-15T17:27:59.606+0000] {processor.py:830} INFO - Processing file /home/airflow/.local/lib/python3.12/site-packages/airflow/example_dags/example_sensors.py for tasks to queue
[2024-04-15T17:27:59.607+0000] {logging_mixin.py:188} INFO - [2024-04-15T17:27:59.607+0000] {dagbag.py:540} INFO - Filling up the DagBag from /home/airflow/.local/lib/python3.12/site-packages/airflow/example_dags/example_sensors.py
[2024-04-15T17:27:59.613+0000] {processor.py:840} INFO - DAG(s) 'example_sensors' retrieved from /home/airflow/.local/lib/python3.12/site-packages/airflow/example_dags/example_sensors.py
[2024-04-15T17:27:59.625+0000] {logging_mixin.py:188} INFO - [2024-04-15T17:27:59.625+0000] {dag.py:3096} INFO - Sync 1 DAGs
[2024-04-15T17:27:59.631+0000] {logging_mixin.py:188} INFO - [2024-04-15T17:27:59.631+0000] {dag.py:3954} INFO - Setting next_dagrun for example_sensors to None, run_after=None
[2024-04-15T17:27:59.640+0000] {processor.py:183} INFO - Processing /home/airflow/.local/lib/python3.12/site-packages/airflow/example_dags/example_sensors.py took 0.038 seconds
[2024-04-15T17:28:30.004+0000] {processor.py:161} INFO - Started process (PID=306) to work on /home/airflow/.local/lib/python3.12/site-packages/airflow/example_dags/example_sensors.py
[2024-04-15T17:28:30.007+0000] {processor.py:830} INFO - Processing file /home/airflow/.local/lib/python3.12/site-packages/airflow/example_dags/example_sensors.py for tasks to queue
[2024-04-15T17:28:30.008+0000] {logging_mixin.py:188} INFO - [2024-04-15T17:28:30.008+0000] {dagbag.py:540} INFO - Filling up the DagBag from /home/airflow/.local/lib/python3.12/site-packages/airflow/example_dags/example_sensors.py
[2024-04-15T17:28:30.013+0000] {processor.py:840} INFO - DAG(s) 'example_sensors' retrieved from /home/airflow/.local/lib/python3.12/site-packages/airflow/example_dags/example_sensors.py
[2024-04-15T17:28:30.026+0000] {logging_mixin.py:188} INFO - [2024-04-15T17:28:30.026+0000] {dag.py:3096} INFO - Sync 1 DAGs
[2024-04-15T17:28:30.035+0000] {logging_mixin.py:188} INFO - [2024-04-15T17:28:30.035+0000] {dag.py:3954} INFO - Setting next_dagrun for example_sensors to None, run_after=None
[2024-04-15T17:28:30.044+0000] {processor.py:183} INFO - Processing /home/airflow/.local/lib/python3.12/site-packages/airflow/example_dags/example_sensors.py took 0.044 seconds
[2024-04-15T17:29:00.733+0000] {processor.py:161} INFO - Started process (PID=366) to work on /home/airflow/.local/lib/python3.12/site-packages/airflow/example_dags/example_sensors.py
[2024-04-15T17:29:00.734+0000] {processor.py:830} INFO - Processing file /home/airflow/.local/lib/python3.12/site-packages/airflow/example_dags/example_sensors.py for tasks to queue
[2024-04-15T17:29:00.736+0000] {logging_mixin.py:188} INFO - [2024-04-15T17:29:00.736+0000] {dagbag.py:540} INFO - Filling up the DagBag from /home/airflow/.local/lib/python3.12/site-packages/airflow/example_dags/example_sensors.py
[2024-04-15T17:29:00.743+0000] {processor.py:840} INFO - DAG(s) 'example_sensors' retrieved from /home/airflow/.local/lib/python3.12/site-packages/airflow/example_dags/example_sensors.py
[2024-04-15T17:29:00.777+0000] {logging_mixin.py:188} INFO - [2024-04-15T17:29:00.777+0000] {dag.py:3096} INFO - Sync 1 DAGs
[2024-04-15T17:29:00.793+0000] {logging_mixin.py:188} INFO - [2024-04-15T17:29:00.792+0000] {dag.py:3954} INFO - Setting next_dagrun for example_sensors to None, run_after=None
[2024-04-15T17:29:00.821+0000] {processor.py:183} INFO - Processing /home/airflow/.local/lib/python3.12/site-packages/airflow/example_dags/example_sensors.py took 0.094 seconds
[2024-04-15T17:29:31.458+0000] {processor.py:161} INFO - Started process (PID=426) to work on /home/airflow/.local/lib/python3.12/site-packages/airflow/example_dags/example_sensors.py
[2024-04-15T17:29:31.459+0000] {processor.py:830} INFO - Processing file /home/airflow/.local/lib/python3.12/site-packages/airflow/example_dags/example_sensors.py for tasks to queue
[2024-04-15T17:29:31.461+0000] {logging_mixin.py:188} INFO - [2024-04-15T17:29:31.460+0000] {dagbag.py:540} INFO - Filling up the DagBag from /home/airflow/.local/lib/python3.12/site-packages/airflow/example_dags/example_sensors.py
[2024-04-15T17:29:31.467+0000] {processor.py:840} INFO - DAG(s) 'example_sensors' retrieved from /home/airflow/.local/lib/python3.12/site-packages/airflow/example_dags/example_sensors.py
[2024-04-15T17:29:31.484+0000] {logging_mixin.py:188} INFO - [2024-04-15T17:29:31.483+0000] {dag.py:3096} INFO - Sync 1 DAGs
[2024-04-15T17:29:31.491+0000] {logging_mixin.py:188} INFO - [2024-04-15T17:29:31.491+0000] {dag.py:3954} INFO - Setting next_dagrun for example_sensors to None, run_after=None
[2024-04-15T17:29:31.506+0000] {processor.py:183} INFO - Processing /home/airflow/.local/lib/python3.12/site-packages/airflow/example_dags/example_sensors.py took 0.054 seconds
[2024-04-15T17:30:02.410+0000] {processor.py:161} INFO - Started process (PID=486) to work on /home/airflow/.local/lib/python3.12/site-packages/airflow/example_dags/example_sensors.py
[2024-04-15T17:30:02.411+0000] {processor.py:830} INFO - Processing file /home/airflow/.local/lib/python3.12/site-packages/airflow/example_dags/example_sensors.py for tasks to queue
[2024-04-15T17:30:02.412+0000] {logging_mixin.py:188} INFO - [2024-04-15T17:30:02.412+0000] {dagbag.py:540} INFO - Filling up the DagBag from /home/airflow/.local/lib/python3.12/site-packages/airflow/example_dags/example_sensors.py
[2024-04-15T17:30:02.420+0000] {processor.py:840} INFO - DAG(s) 'example_sensors' retrieved from /home/airflow/.local/lib/python3.12/site-packages/airflow/example_dags/example_sensors.py
[2024-04-15T17:30:02.437+0000] {logging_mixin.py:188} INFO - [2024-04-15T17:30:02.437+0000] {dag.py:3096} INFO - Sync 1 DAGs
[2024-04-15T17:30:02.445+0000] {logging_mixin.py:188} INFO - [2024-04-15T17:30:02.445+0000] {dag.py:3954} INFO - Setting next_dagrun for example_sensors to None, run_after=None
[2024-04-15T17:30:02.455+0000] {processor.py:183} INFO - Processing /home/airflow/.local/lib/python3.12/site-packages/airflow/example_dags/example_sensors.py took 0.053 seconds
[2024-04-15T17:30:33.027+0000] {processor.py:161} INFO - Started process (PID=545) to work on /home/airflow/.local/lib/python3.12/site-packages/airflow/example_dags/example_sensors.py
[2024-04-15T17:30:33.027+0000] {processor.py:830} INFO - Processing file /home/airflow/.local/lib/python3.12/site-packages/airflow/example_dags/example_sensors.py for tasks to queue
[2024-04-15T17:30:33.028+0000] {logging_mixin.py:188} INFO - [2024-04-15T17:30:33.028+0000] {dagbag.py:540} INFO - Filling up the DagBag from /home/airflow/.local/lib/python3.12/site-packages/airflow/example_dags/example_sensors.py
[2024-04-15T17:30:33.034+0000] {processor.py:840} INFO - DAG(s) 'example_sensors' retrieved from /home/airflow/.local/lib/python3.12/site-packages/airflow/example_dags/example_sensors.py
[2024-04-15T17:30:33.045+0000] {logging_mixin.py:188} INFO - [2024-04-15T17:30:33.045+0000] {dag.py:3096} INFO - Sync 1 DAGs
[2024-04-15T17:30:33.051+0000] {logging_mixin.py:188} INFO - [2024-04-15T17:30:33.051+0000] {dag.py:3954} INFO - Setting next_dagrun for example_sensors to None, run_after=None
[2024-04-15T17:30:33.059+0000] {processor.py:183} INFO - Processing /home/airflow/.local/lib/python3.12/site-packages/airflow/example_dags/example_sensors.py took 0.035 seconds
[2024-04-15T17:31:03.208+0000] {processor.py:161} INFO - Started process (PID=605) to work on /home/airflow/.local/lib/python3.12/site-packages/airflow/example_dags/example_sensors.py
[2024-04-15T17:31:03.209+0000] {processor.py:830} INFO - Processing file /home/airflow/.local/lib/python3.12/site-packages/airflow/example_dags/example_sensors.py for tasks to queue
[2024-04-15T17:31:03.210+0000] {logging_mixin.py:188} INFO - [2024-04-15T17:31:03.210+0000] {dagbag.py:540} INFO - Filling up the DagBag from /home/airflow/.local/lib/python3.12/site-packages/airflow/example_dags/example_sensors.py
[2024-04-15T17:31:03.214+0000] {processor.py:840} INFO - DAG(s) 'example_sensors' retrieved from /home/airflow/.local/lib/python3.12/site-packages/airflow/example_dags/example_sensors.py
[2024-04-15T17:31:03.227+0000] {logging_mixin.py:188} INFO - [2024-04-15T17:31:03.226+0000] {dag.py:3096} INFO - Sync 1 DAGs
[2024-04-15T17:31:03.233+0000] {logging_mixin.py:188} INFO - [2024-04-15T17:31:03.233+0000] {dag.py:3954} INFO - Setting next_dagrun for example_sensors to None, run_after=None
[2024-04-15T17:31:03.241+0000] {processor.py:183} INFO - Processing /home/airflow/.local/lib/python3.12/site-packages/airflow/example_dags/example_sensors.py took 0.036 seconds
[2024-04-15T17:31:34.119+0000] {processor.py:161} INFO - Started process (PID=665) to work on /home/airflow/.local/lib/python3.12/site-packages/airflow/example_dags/example_sensors.py
[2024-04-15T17:31:34.119+0000] {processor.py:830} INFO - Processing file /home/airflow/.local/lib/python3.12/site-packages/airflow/example_dags/example_sensors.py for tasks to queue
[2024-04-15T17:31:34.120+0000] {logging_mixin.py:188} INFO - [2024-04-15T17:31:34.120+0000] {dagbag.py:540} INFO - Filling up the DagBag from /home/airflow/.local/lib/python3.12/site-packages/airflow/example_dags/example_sensors.py
[2024-04-15T17:31:34.125+0000] {processor.py:840} INFO - DAG(s) 'example_sensors' retrieved from /home/airflow/.local/lib/python3.12/site-packages/airflow/example_dags/example_sensors.py
[2024-04-15T17:31:34.137+0000] {logging_mixin.py:188} INFO - [2024-04-15T17:31:34.137+0000] {dag.py:3096} INFO - Sync 1 DAGs
[2024-04-15T17:31:34.143+0000] {logging_mixin.py:188} INFO - [2024-04-15T17:31:34.143+0000] {dag.py:3954} INFO - Setting next_dagrun for example_sensors to None, run_after=None
[2024-04-15T17:31:34.151+0000] {processor.py:183} INFO - Processing /home/airflow/.local/lib/python3.12/site-packages/airflow/example_dags/example_sensors.py took 0.036 seconds
[2024-04-15T17:32:04.657+0000] {processor.py:161} INFO - Started process (PID=725) to work on /home/airflow/.local/lib/python3.12/site-packages/airflow/example_dags/example_sensors.py
[2024-04-15T17:32:04.658+0000] {processor.py:830} INFO - Processing file /home/airflow/.local/lib/python3.12/site-packages/airflow/example_dags/example_sensors.py for tasks to queue
[2024-04-15T17:32:04.659+0000] {logging_mixin.py:188} INFO - [2024-04-15T17:32:04.659+0000] {dagbag.py:540} INFO - Filling up the DagBag from /home/airflow/.local/lib/python3.12/site-packages/airflow/example_dags/example_sensors.py
[2024-04-15T17:32:04.663+0000] {processor.py:840} INFO - DAG(s) 'example_sensors' retrieved from /home/airflow/.local/lib/python3.12/site-packages/airflow/example_dags/example_sensors.py
[2024-04-15T17:32:04.675+0000] {logging_mixin.py:188} INFO - [2024-04-15T17:32:04.675+0000] {dag.py:3096} INFO - Sync 1 DAGs
[2024-04-15T17:32:04.681+0000] {logging_mixin.py:188} INFO - [2024-04-15T17:32:04.680+0000] {dag.py:3954} INFO - Setting next_dagrun for example_sensors to None, run_after=None
[2024-04-15T17:32:04.688+0000] {processor.py:183} INFO - Processing /home/airflow/.local/lib/python3.12/site-packages/airflow/example_dags/example_sensors.py took 0.034 seconds
[2024-04-15T17:32:35.116+0000] {processor.py:161} INFO - Started process (PID=785) to work on /home/airflow/.local/lib/python3.12/site-packages/airflow/example_dags/example_sensors.py
[2024-04-15T17:32:35.117+0000] {processor.py:830} INFO - Processing file /home/airflow/.local/lib/python3.12/site-packages/airflow/example_dags/example_sensors.py for tasks to queue
[2024-04-15T17:32:35.118+0000] {logging_mixin.py:188} INFO - [2024-04-15T17:32:35.118+0000] {dagbag.py:540} INFO - Filling up the DagBag from /home/airflow/.local/lib/python3.12/site-packages/airflow/example_dags/example_sensors.py
[2024-04-15T17:32:35.122+0000] {processor.py:840} INFO - DAG(s) 'example_sensors' retrieved from /home/airflow/.local/lib/python3.12/site-packages/airflow/example_dags/example_sensors.py
[2024-04-15T17:32:35.134+0000] {logging_mixin.py:188} INFO - [2024-04-15T17:32:35.134+0000] {dag.py:3096} INFO - Sync 1 DAGs
[2024-04-15T17:32:35.141+0000] {logging_mixin.py:188} INFO - [2024-04-15T17:32:35.141+0000] {dag.py:3954} INFO - Setting next_dagrun for example_sensors to None, run_after=None
[2024-04-15T17:32:35.149+0000] {processor.py:183} INFO - Processing /home/airflow/.local/lib/python3.12/site-packages/airflow/example_dags/example_sensors.py took 0.036 seconds
[2024-04-15T17:33:05.945+0000] {processor.py:161} INFO - Started process (PID=845) to work on /home/airflow/.local/lib/python3.12/site-packages/airflow/example_dags/example_sensors.py
[2024-04-15T17:33:05.945+0000] {processor.py:830} INFO - Processing file /home/airflow/.local/lib/python3.12/site-packages/airflow/example_dags/example_sensors.py for tasks to queue
[2024-04-15T17:33:05.946+0000] {logging_mixin.py:188} INFO - [2024-04-15T17:33:05.946+0000] {dagbag.py:540} INFO - Filling up the DagBag from /home/airflow/.local/lib/python3.12/site-packages/airflow/example_dags/example_sensors.py
[2024-04-15T17:33:05.952+0000] {processor.py:840} INFO - DAG(s) 'example_sensors' retrieved from /home/airflow/.local/lib/python3.12/site-packages/airflow/example_dags/example_sensors.py
[2024-04-15T17:33:05.966+0000] {logging_mixin.py:188} INFO - [2024-04-15T17:33:05.966+0000] {dag.py:3096} INFO - Sync 1 DAGs
[2024-04-15T17:33:05.973+0000] {logging_mixin.py:188} INFO - [2024-04-15T17:33:05.973+0000] {dag.py:3954} INFO - Setting next_dagrun for example_sensors to None, run_after=None
[2024-04-15T17:33:05.983+0000] {processor.py:183} INFO - Processing /home/airflow/.local/lib/python3.12/site-packages/airflow/example_dags/example_sensors.py took 0.043 seconds
[2024-04-15T17:33:36.593+0000] {processor.py:161} INFO - Started process (PID=905) to work on /home/airflow/.local/lib/python3.12/site-packages/airflow/example_dags/example_sensors.py
[2024-04-15T17:33:36.594+0000] {processor.py:830} INFO - Processing file /home/airflow/.local/lib/python3.12/site-packages/airflow/example_dags/example_sensors.py for tasks to queue
[2024-04-15T17:33:36.595+0000] {logging_mixin.py:188} INFO - [2024-04-15T17:33:36.595+0000] {dagbag.py:540} INFO - Filling up the DagBag from /home/airflow/.local/lib/python3.12/site-packages/airflow/example_dags/example_sensors.py
[2024-04-15T17:33:36.602+0000] {processor.py:840} INFO - DAG(s) 'example_sensors' retrieved from /home/airflow/.local/lib/python3.12/site-packages/airflow/example_dags/example_sensors.py
[2024-04-15T17:33:36.623+0000] {logging_mixin.py:188} INFO - [2024-04-15T17:33:36.623+0000] {dag.py:3096} INFO - Sync 1 DAGs
[2024-04-15T17:33:36.636+0000] {logging_mixin.py:188} INFO - [2024-04-15T17:33:36.636+0000] {dag.py:3954} INFO - Setting next_dagrun for example_sensors to None, run_after=None
[2024-04-15T17:33:36.655+0000] {processor.py:183} INFO - Processing /home/airflow/.local/lib/python3.12/site-packages/airflow/example_dags/example_sensors.py took 0.066 seconds
[2024-04-15T17:34:06.887+0000] {processor.py:161} INFO - Started process (PID=965) to work on /home/airflow/.local/lib/python3.12/site-packages/airflow/example_dags/example_sensors.py
[2024-04-15T17:34:06.888+0000] {processor.py:830} INFO - Processing file /home/airflow/.local/lib/python3.12/site-packages/airflow/example_dags/example_sensors.py for tasks to queue
[2024-04-15T17:34:06.889+0000] {logging_mixin.py:188} INFO - [2024-04-15T17:34:06.889+0000] {dagbag.py:540} INFO - Filling up the DagBag from /home/airflow/.local/lib/python3.12/site-packages/airflow/example_dags/example_sensors.py
[2024-04-15T17:34:06.894+0000] {processor.py:840} INFO - DAG(s) 'example_sensors' retrieved from /home/airflow/.local/lib/python3.12/site-packages/airflow/example_dags/example_sensors.py
[2024-04-15T17:34:06.907+0000] {logging_mixin.py:188} INFO - [2024-04-15T17:34:06.907+0000] {dag.py:3096} INFO - Sync 1 DAGs
[2024-04-15T17:34:06.913+0000] {logging_mixin.py:188} INFO - [2024-04-15T17:34:06.913+0000] {dag.py:3954} INFO - Setting next_dagrun for example_sensors to None, run_after=None
[2024-04-15T17:34:06.921+0000] {processor.py:183} INFO - Processing /home/airflow/.local/lib/python3.12/site-packages/airflow/example_dags/example_sensors.py took 0.037 seconds
[2024-04-15T17:34:37.211+0000] {processor.py:161} INFO - Started process (PID=1025) to work on /home/airflow/.local/lib/python3.12/site-packages/airflow/example_dags/example_sensors.py
[2024-04-15T17:34:37.212+0000] {processor.py:830} INFO - Processing file /home/airflow/.local/lib/python3.12/site-packages/airflow/example_dags/example_sensors.py for tasks to queue
[2024-04-15T17:34:37.213+0000] {logging_mixin.py:188} INFO - [2024-04-15T17:34:37.213+0000] {dagbag.py:540} INFO - Filling up the DagBag from /home/airflow/.local/lib/python3.12/site-packages/airflow/example_dags/example_sensors.py
[2024-04-15T17:34:37.220+0000] {processor.py:840} INFO - DAG(s) 'example_sensors' retrieved from /home/airflow/.local/lib/python3.12/site-packages/airflow/example_dags/example_sensors.py
[2024-04-15T17:34:37.241+0000] {logging_mixin.py:188} INFO - [2024-04-15T17:34:37.241+0000] {dag.py:3096} INFO - Sync 1 DAGs
[2024-04-15T17:34:37.250+0000] {logging_mixin.py:188} INFO - [2024-04-15T17:34:37.250+0000] {dag.py:3954} INFO - Setting next_dagrun for example_sensors to None, run_after=None
[2024-04-15T17:34:37.261+0000] {processor.py:183} INFO - Processing /home/airflow/.local/lib/python3.12/site-packages/airflow/example_dags/example_sensors.py took 0.054 seconds
[2024-04-15T17:35:07.882+0000] {processor.py:161} INFO - Started process (PID=1085) to work on /home/airflow/.local/lib/python3.12/site-packages/airflow/example_dags/example_sensors.py
[2024-04-15T17:35:07.883+0000] {processor.py:830} INFO - Processing file /home/airflow/.local/lib/python3.12/site-packages/airflow/example_dags/example_sensors.py for tasks to queue
[2024-04-15T17:35:07.884+0000] {logging_mixin.py:188} INFO - [2024-04-15T17:35:07.884+0000] {dagbag.py:540} INFO - Filling up the DagBag from /home/airflow/.local/lib/python3.12/site-packages/airflow/example_dags/example_sensors.py
[2024-04-15T17:35:07.888+0000] {processor.py:840} INFO - DAG(s) 'example_sensors' retrieved from /home/airflow/.local/lib/python3.12/site-packages/airflow/example_dags/example_sensors.py
[2024-04-15T17:35:07.900+0000] {logging_mixin.py:188} INFO - [2024-04-15T17:35:07.900+0000] {dag.py:3096} INFO - Sync 1 DAGs
[2024-04-15T17:35:07.906+0000] {logging_mixin.py:188} INFO - [2024-04-15T17:35:07.906+0000] {dag.py:3954} INFO - Setting next_dagrun for example_sensors to None, run_after=None
[2024-04-15T17:35:07.913+0000] {processor.py:183} INFO - Processing /home/airflow/.local/lib/python3.12/site-packages/airflow/example_dags/example_sensors.py took 0.034 seconds
[2024-04-15T17:35:38.311+0000] {processor.py:161} INFO - Started process (PID=1145) to work on /home/airflow/.local/lib/python3.12/site-packages/airflow/example_dags/example_sensors.py
[2024-04-15T17:35:38.312+0000] {processor.py:830} INFO - Processing file /home/airflow/.local/lib/python3.12/site-packages/airflow/example_dags/example_sensors.py for tasks to queue
[2024-04-15T17:35:38.313+0000] {logging_mixin.py:188} INFO - [2024-04-15T17:35:38.313+0000] {dagbag.py:540} INFO - Filling up the DagBag from /home/airflow/.local/lib/python3.12/site-packages/airflow/example_dags/example_sensors.py
[2024-04-15T17:35:38.318+0000] {processor.py:840} INFO - DAG(s) 'example_sensors' retrieved from /home/airflow/.local/lib/python3.12/site-packages/airflow/example_dags/example_sensors.py
[2024-04-15T17:35:38.330+0000] {logging_mixin.py:188} INFO - [2024-04-15T17:35:38.330+0000] {dag.py:3096} INFO - Sync 1 DAGs
[2024-04-15T17:35:38.336+0000] {logging_mixin.py:188} INFO - [2024-04-15T17:35:38.336+0000] {dag.py:3954} INFO - Setting next_dagrun for example_sensors to None, run_after=None
[2024-04-15T17:35:38.343+0000] {processor.py:183} INFO - Processing /home/airflow/.local/lib/python3.12/site-packages/airflow/example_dags/example_sensors.py took 0.035 seconds
[2024-04-15T17:36:09.085+0000] {processor.py:161} INFO - Started process (PID=1205) to work on /home/airflow/.local/lib/python3.12/site-packages/airflow/example_dags/example_sensors.py
[2024-04-15T17:36:09.086+0000] {processor.py:830} INFO - Processing file /home/airflow/.local/lib/python3.12/site-packages/airflow/example_dags/example_sensors.py for tasks to queue
[2024-04-15T17:36:09.087+0000] {logging_mixin.py:188} INFO - [2024-04-15T17:36:09.087+0000] {dagbag.py:540} INFO - Filling up the DagBag from /home/airflow/.local/lib/python3.12/site-packages/airflow/example_dags/example_sensors.py
[2024-04-15T17:36:09.091+0000] {processor.py:840} INFO - DAG(s) 'example_sensors' retrieved from /home/airflow/.local/lib/python3.12/site-packages/airflow/example_dags/example_sensors.py
[2024-04-15T17:36:09.108+0000] {logging_mixin.py:188} INFO - [2024-04-15T17:36:09.108+0000] {dag.py:3096} INFO - Sync 1 DAGs
[2024-04-15T17:36:09.115+0000] {logging_mixin.py:188} INFO - [2024-04-15T17:36:09.115+0000] {dag.py:3954} INFO - Setting next_dagrun for example_sensors to None, run_after=None
[2024-04-15T17:36:09.123+0000] {processor.py:183} INFO - Processing /home/airflow/.local/lib/python3.12/site-packages/airflow/example_dags/example_sensors.py took 0.041 seconds
[2024-04-15T17:36:39.677+0000] {processor.py:161} INFO - Started process (PID=1264) to work on /home/airflow/.local/lib/python3.12/site-packages/airflow/example_dags/example_sensors.py
[2024-04-15T17:36:39.678+0000] {processor.py:830} INFO - Processing file /home/airflow/.local/lib/python3.12/site-packages/airflow/example_dags/example_sensors.py for tasks to queue
[2024-04-15T17:36:39.679+0000] {logging_mixin.py:188} INFO - [2024-04-15T17:36:39.679+0000] {dagbag.py:540} INFO - Filling up the DagBag from /home/airflow/.local/lib/python3.12/site-packages/airflow/example_dags/example_sensors.py
[2024-04-15T17:36:39.683+0000] {processor.py:840} INFO - DAG(s) 'example_sensors' retrieved from /home/airflow/.local/lib/python3.12/site-packages/airflow/example_dags/example_sensors.py
[2024-04-15T17:36:39.695+0000] {logging_mixin.py:188} INFO - [2024-04-15T17:36:39.695+0000] {dag.py:3096} INFO - Sync 1 DAGs
[2024-04-15T17:36:39.700+0000] {logging_mixin.py:188} INFO - [2024-04-15T17:36:39.700+0000] {dag.py:3954} INFO - Setting next_dagrun for example_sensors to None, run_after=None
[2024-04-15T17:36:39.708+0000] {processor.py:183} INFO - Processing /home/airflow/.local/lib/python3.12/site-packages/airflow/example_dags/example_sensors.py took 0.034 seconds
[2024-04-15T17:37:10.417+0000] {processor.py:161} INFO - Started process (PID=1324) to work on /home/airflow/.local/lib/python3.12/site-packages/airflow/example_dags/example_sensors.py
[2024-04-15T17:37:10.419+0000] {processor.py:830} INFO - Processing file /home/airflow/.local/lib/python3.12/site-packages/airflow/example_dags/example_sensors.py for tasks to queue
[2024-04-15T17:37:10.420+0000] {logging_mixin.py:188} INFO - [2024-04-15T17:37:10.420+0000] {dagbag.py:540} INFO - Filling up the DagBag from /home/airflow/.local/lib/python3.12/site-packages/airflow/example_dags/example_sensors.py
[2024-04-15T17:37:10.425+0000] {processor.py:840} INFO - DAG(s) 'example_sensors' retrieved from /home/airflow/.local/lib/python3.12/site-packages/airflow/example_dags/example_sensors.py
[2024-04-15T17:37:10.437+0000] {logging_mixin.py:188} INFO - [2024-04-15T17:37:10.437+0000] {dag.py:3096} INFO - Sync 1 DAGs
[2024-04-15T17:37:10.443+0000] {logging_mixin.py:188} INFO - [2024-04-15T17:37:10.443+0000] {dag.py:3954} INFO - Setting next_dagrun for example_sensors to None, run_after=None
[2024-04-15T17:37:10.452+0000] {processor.py:183} INFO - Processing /home/airflow/.local/lib/python3.12/site-packages/airflow/example_dags/example_sensors.py took 0.038 seconds
[2024-04-15T17:37:41.249+0000] {processor.py:161} INFO - Started process (PID=1384) to work on /home/airflow/.local/lib/python3.12/site-packages/airflow/example_dags/example_sensors.py
[2024-04-15T17:37:41.250+0000] {processor.py:830} INFO - Processing file /home/airflow/.local/lib/python3.12/site-packages/airflow/example_dags/example_sensors.py for tasks to queue
[2024-04-15T17:37:41.251+0000] {logging_mixin.py:188} INFO - [2024-04-15T17:37:41.251+0000] {dagbag.py:540} INFO - Filling up the DagBag from /home/airflow/.local/lib/python3.12/site-packages/airflow/example_dags/example_sensors.py
[2024-04-15T17:37:41.256+0000] {processor.py:840} INFO - DAG(s) 'example_sensors' retrieved from /home/airflow/.local/lib/python3.12/site-packages/airflow/example_dags/example_sensors.py
[2024-04-15T17:37:41.269+0000] {logging_mixin.py:188} INFO - [2024-04-15T17:37:41.269+0000] {dag.py:3096} INFO - Sync 1 DAGs
[2024-04-15T17:37:41.275+0000] {logging_mixin.py:188} INFO - [2024-04-15T17:37:41.275+0000] {dag.py:3954} INFO - Setting next_dagrun for example_sensors to None, run_after=None
[2024-04-15T17:37:41.283+0000] {processor.py:183} INFO - Processing /home/airflow/.local/lib/python3.12/site-packages/airflow/example_dags/example_sensors.py took 0.037 seconds
[2024-04-15T17:38:11.675+0000] {processor.py:161} INFO - Started process (PID=1444) to work on /home/airflow/.local/lib/python3.12/site-packages/airflow/example_dags/example_sensors.py
[2024-04-15T17:38:11.676+0000] {processor.py:830} INFO - Processing file /home/airflow/.local/lib/python3.12/site-packages/airflow/example_dags/example_sensors.py for tasks to queue
[2024-04-15T17:38:11.677+0000] {logging_mixin.py:188} INFO - [2024-04-15T17:38:11.677+0000] {dagbag.py:540} INFO - Filling up the DagBag from /home/airflow/.local/lib/python3.12/site-packages/airflow/example_dags/example_sensors.py
[2024-04-15T17:38:11.683+0000] {processor.py:840} INFO - DAG(s) 'example_sensors' retrieved from /home/airflow/.local/lib/python3.12/site-packages/airflow/example_dags/example_sensors.py
[2024-04-15T17:38:11.696+0000] {logging_mixin.py:188} INFO - [2024-04-15T17:38:11.696+0000] {dag.py:3096} INFO - Sync 1 DAGs
[2024-04-15T17:38:11.702+0000] {logging_mixin.py:188} INFO - [2024-04-15T17:38:11.702+0000] {dag.py:3954} INFO - Setting next_dagrun for example_sensors to None, run_after=None
[2024-04-15T17:38:11.712+0000] {processor.py:183} INFO - Processing /home/airflow/.local/lib/python3.12/site-packages/airflow/example_dags/example_sensors.py took 0.041 seconds
[2024-04-15T17:38:43.827+0000] {processor.py:161} INFO - Started process (PID=1504) to work on /home/airflow/.local/lib/python3.12/site-packages/airflow/example_dags/example_sensors.py
[2024-04-15T17:38:43.828+0000] {processor.py:830} INFO - Processing file /home/airflow/.local/lib/python3.12/site-packages/airflow/example_dags/example_sensors.py for tasks to queue
[2024-04-15T17:38:43.829+0000] {logging_mixin.py:188} INFO - [2024-04-15T17:38:43.829+0000] {dagbag.py:540} INFO - Filling up the DagBag from /home/airflow/.local/lib/python3.12/site-packages/airflow/example_dags/example_sensors.py
[2024-04-15T17:38:43.837+0000] {processor.py:840} INFO - DAG(s) 'example_sensors' retrieved from /home/airflow/.local/lib/python3.12/site-packages/airflow/example_dags/example_sensors.py
[2024-04-15T17:38:43.855+0000] {logging_mixin.py:188} INFO - [2024-04-15T17:38:43.855+0000] {dag.py:3096} INFO - Sync 1 DAGs
[2024-04-15T17:38:43.863+0000] {logging_mixin.py:188} INFO - [2024-04-15T17:38:43.863+0000] {dag.py:3954} INFO - Setting next_dagrun for example_sensors to None, run_after=None
[2024-04-15T17:38:43.890+0000] {processor.py:183} INFO - Processing /home/airflow/.local/lib/python3.12/site-packages/airflow/example_dags/example_sensors.py took 0.067 seconds
[2024-04-15T17:39:14.608+0000] {processor.py:161} INFO - Started process (PID=1564) to work on /home/airflow/.local/lib/python3.12/site-packages/airflow/example_dags/example_sensors.py
[2024-04-15T17:39:14.609+0000] {processor.py:830} INFO - Processing file /home/airflow/.local/lib/python3.12/site-packages/airflow/example_dags/example_sensors.py for tasks to queue
[2024-04-15T17:39:14.610+0000] {logging_mixin.py:188} INFO - [2024-04-15T17:39:14.610+0000] {dagbag.py:540} INFO - Filling up the DagBag from /home/airflow/.local/lib/python3.12/site-packages/airflow/example_dags/example_sensors.py
[2024-04-15T17:39:14.614+0000] {processor.py:840} INFO - DAG(s) 'example_sensors' retrieved from /home/airflow/.local/lib/python3.12/site-packages/airflow/example_dags/example_sensors.py
[2024-04-15T17:39:14.626+0000] {logging_mixin.py:188} INFO - [2024-04-15T17:39:14.626+0000] {dag.py:3096} INFO - Sync 1 DAGs
[2024-04-15T17:39:14.632+0000] {logging_mixin.py:188} INFO - [2024-04-15T17:39:14.632+0000] {dag.py:3954} INFO - Setting next_dagrun for example_sensors to None, run_after=None
[2024-04-15T17:39:14.639+0000] {processor.py:183} INFO - Processing /home/airflow/.local/lib/python3.12/site-packages/airflow/example_dags/example_sensors.py took 0.034 seconds
[2024-04-15T17:39:45.109+0000] {processor.py:161} INFO - Started process (PID=1624) to work on /home/airflow/.local/lib/python3.12/site-packages/airflow/example_dags/example_sensors.py
[2024-04-15T17:39:45.110+0000] {processor.py:830} INFO - Processing file /home/airflow/.local/lib/python3.12/site-packages/airflow/example_dags/example_sensors.py for tasks to queue
[2024-04-15T17:39:45.111+0000] {logging_mixin.py:188} INFO - [2024-04-15T17:39:45.111+0000] {dagbag.py:540} INFO - Filling up the DagBag from /home/airflow/.local/lib/python3.12/site-packages/airflow/example_dags/example_sensors.py
[2024-04-15T17:39:45.117+0000] {processor.py:840} INFO - DAG(s) 'example_sensors' retrieved from /home/airflow/.local/lib/python3.12/site-packages/airflow/example_dags/example_sensors.py
[2024-04-15T17:39:45.136+0000] {logging_mixin.py:188} INFO - [2024-04-15T17:39:45.136+0000] {dag.py:3096} INFO - Sync 1 DAGs
[2024-04-15T17:39:45.144+0000] {logging_mixin.py:188} INFO - [2024-04-15T17:39:45.144+0000] {dag.py:3954} INFO - Setting next_dagrun for example_sensors to None, run_after=None
[2024-04-15T17:39:45.155+0000] {processor.py:183} INFO - Processing /home/airflow/.local/lib/python3.12/site-packages/airflow/example_dags/example_sensors.py took 0.050 seconds
[2024-04-15T17:40:15.420+0000] {processor.py:161} INFO - Started process (PID=1684) to work on /home/airflow/.local/lib/python3.12/site-packages/airflow/example_dags/example_sensors.py
[2024-04-15T17:40:15.421+0000] {processor.py:830} INFO - Processing file /home/airflow/.local/lib/python3.12/site-packages/airflow/example_dags/example_sensors.py for tasks to queue
[2024-04-15T17:40:15.423+0000] {logging_mixin.py:188} INFO - [2024-04-15T17:40:15.422+0000] {dagbag.py:540} INFO - Filling up the DagBag from /home/airflow/.local/lib/python3.12/site-packages/airflow/example_dags/example_sensors.py
[2024-04-15T17:40:15.428+0000] {processor.py:840} INFO - DAG(s) 'example_sensors' retrieved from /home/airflow/.local/lib/python3.12/site-packages/airflow/example_dags/example_sensors.py
[2024-04-15T17:40:15.444+0000] {logging_mixin.py:188} INFO - [2024-04-15T17:40:15.444+0000] {dag.py:3096} INFO - Sync 1 DAGs
[2024-04-15T17:40:15.453+0000] {logging_mixin.py:188} INFO - [2024-04-15T17:40:15.453+0000] {dag.py:3954} INFO - Setting next_dagrun for example_sensors to None, run_after=None
[2024-04-15T17:40:15.473+0000] {processor.py:183} INFO - Processing /home/airflow/.local/lib/python3.12/site-packages/airflow/example_dags/example_sensors.py took 0.058 seconds
[2024-04-15T17:40:45.747+0000] {processor.py:161} INFO - Started process (PID=1744) to work on /home/airflow/.local/lib/python3.12/site-packages/airflow/example_dags/example_sensors.py
[2024-04-15T17:40:45.748+0000] {processor.py:830} INFO - Processing file /home/airflow/.local/lib/python3.12/site-packages/airflow/example_dags/example_sensors.py for tasks to queue
[2024-04-15T17:40:45.750+0000] {logging_mixin.py:188} INFO - [2024-04-15T17:40:45.749+0000] {dagbag.py:540} INFO - Filling up the DagBag from /home/airflow/.local/lib/python3.12/site-packages/airflow/example_dags/example_sensors.py
[2024-04-15T17:40:45.754+0000] {processor.py:840} INFO - DAG(s) 'example_sensors' retrieved from /home/airflow/.local/lib/python3.12/site-packages/airflow/example_dags/example_sensors.py
[2024-04-15T17:40:45.772+0000] {logging_mixin.py:188} INFO - [2024-04-15T17:40:45.772+0000] {dag.py:3096} INFO - Sync 1 DAGs
[2024-04-15T17:40:45.788+0000] {logging_mixin.py:188} INFO - [2024-04-15T17:40:45.788+0000] {dag.py:3954} INFO - Setting next_dagrun for example_sensors to None, run_after=None
[2024-04-15T17:40:45.803+0000] {processor.py:183} INFO - Processing /home/airflow/.local/lib/python3.12/site-packages/airflow/example_dags/example_sensors.py took 0.060 seconds
[2024-04-15T17:41:15.981+0000] {processor.py:161} INFO - Started process (PID=1804) to work on /home/airflow/.local/lib/python3.12/site-packages/airflow/example_dags/example_sensors.py
[2024-04-15T17:41:15.982+0000] {processor.py:830} INFO - Processing file /home/airflow/.local/lib/python3.12/site-packages/airflow/example_dags/example_sensors.py for tasks to queue
[2024-04-15T17:41:15.983+0000] {logging_mixin.py:188} INFO - [2024-04-15T17:41:15.983+0000] {dagbag.py:540} INFO - Filling up the DagBag from /home/airflow/.local/lib/python3.12/site-packages/airflow/example_dags/example_sensors.py
[2024-04-15T17:41:15.989+0000] {processor.py:840} INFO - DAG(s) 'example_sensors' retrieved from /home/airflow/.local/lib/python3.12/site-packages/airflow/example_dags/example_sensors.py
[2024-04-15T17:41:16.005+0000] {logging_mixin.py:188} INFO - [2024-04-15T17:41:16.005+0000] {dag.py:3096} INFO - Sync 1 DAGs
[2024-04-15T17:41:16.013+0000] {logging_mixin.py:188} INFO - [2024-04-15T17:41:16.012+0000] {dag.py:3954} INFO - Setting next_dagrun for example_sensors to None, run_after=None
[2024-04-15T17:41:16.023+0000] {processor.py:183} INFO - Processing /home/airflow/.local/lib/python3.12/site-packages/airflow/example_dags/example_sensors.py took 0.048 seconds
[2024-04-15T17:41:46.455+0000] {processor.py:161} INFO - Started process (PID=1864) to work on /home/airflow/.local/lib/python3.12/site-packages/airflow/example_dags/example_sensors.py
[2024-04-15T17:41:46.456+0000] {processor.py:830} INFO - Processing file /home/airflow/.local/lib/python3.12/site-packages/airflow/example_dags/example_sensors.py for tasks to queue
[2024-04-15T17:41:46.457+0000] {logging_mixin.py:188} INFO - [2024-04-15T17:41:46.457+0000] {dagbag.py:540} INFO - Filling up the DagBag from /home/airflow/.local/lib/python3.12/site-packages/airflow/example_dags/example_sensors.py
[2024-04-15T17:41:46.462+0000] {processor.py:840} INFO - DAG(s) 'example_sensors' retrieved from /home/airflow/.local/lib/python3.12/site-packages/airflow/example_dags/example_sensors.py
[2024-04-15T17:41:46.476+0000] {logging_mixin.py:188} INFO - [2024-04-15T17:41:46.475+0000] {dag.py:3096} INFO - Sync 1 DAGs
[2024-04-15T17:41:46.482+0000] {logging_mixin.py:188} INFO - [2024-04-15T17:41:46.482+0000] {dag.py:3954} INFO - Setting next_dagrun for example_sensors to None, run_after=None
[2024-04-15T17:41:46.492+0000] {processor.py:183} INFO - Processing /home/airflow/.local/lib/python3.12/site-packages/airflow/example_dags/example_sensors.py took 0.040 seconds
[2024-04-15T17:42:17.781+0000] {processor.py:161} INFO - Started process (PID=1923) to work on /home/airflow/.local/lib/python3.12/site-packages/airflow/example_dags/example_sensors.py
[2024-04-15T17:42:17.781+0000] {processor.py:830} INFO - Processing file /home/airflow/.local/lib/python3.12/site-packages/airflow/example_dags/example_sensors.py for tasks to queue
[2024-04-15T17:42:17.782+0000] {logging_mixin.py:188} INFO - [2024-04-15T17:42:17.782+0000] {dagbag.py:540} INFO - Filling up the DagBag from /home/airflow/.local/lib/python3.12/site-packages/airflow/example_dags/example_sensors.py
[2024-04-15T17:42:17.787+0000] {processor.py:840} INFO - DAG(s) 'example_sensors' retrieved from /home/airflow/.local/lib/python3.12/site-packages/airflow/example_dags/example_sensors.py
[2024-04-15T17:42:17.800+0000] {logging_mixin.py:188} INFO - [2024-04-15T17:42:17.800+0000] {dag.py:3096} INFO - Sync 1 DAGs
[2024-04-15T17:42:17.806+0000] {logging_mixin.py:188} INFO - [2024-04-15T17:42:17.806+0000] {dag.py:3954} INFO - Setting next_dagrun for example_sensors to None, run_after=None
[2024-04-15T17:42:17.818+0000] {processor.py:183} INFO - Processing /home/airflow/.local/lib/python3.12/site-packages/airflow/example_dags/example_sensors.py took 0.041 seconds
[2024-04-15T17:42:48.654+0000] {processor.py:161} INFO - Started process (PID=1983) to work on /home/airflow/.local/lib/python3.12/site-packages/airflow/example_dags/example_sensors.py
[2024-04-15T17:42:48.655+0000] {processor.py:830} INFO - Processing file /home/airflow/.local/lib/python3.12/site-packages/airflow/example_dags/example_sensors.py for tasks to queue
[2024-04-15T17:42:48.657+0000] {logging_mixin.py:188} INFO - [2024-04-15T17:42:48.657+0000] {dagbag.py:540} INFO - Filling up the DagBag from /home/airflow/.local/lib/python3.12/site-packages/airflow/example_dags/example_sensors.py
[2024-04-15T17:42:48.666+0000] {processor.py:840} INFO - DAG(s) 'example_sensors' retrieved from /home/airflow/.local/lib/python3.12/site-packages/airflow/example_dags/example_sensors.py
[2024-04-15T17:42:48.679+0000] {logging_mixin.py:188} INFO - [2024-04-15T17:42:48.679+0000] {dag.py:3096} INFO - Sync 1 DAGs
[2024-04-15T17:42:48.686+0000] {logging_mixin.py:188} INFO - [2024-04-15T17:42:48.686+0000] {dag.py:3954} INFO - Setting next_dagrun for example_sensors to None, run_after=None
[2024-04-15T17:42:48.702+0000] {processor.py:183} INFO - Processing /home/airflow/.local/lib/python3.12/site-packages/airflow/example_dags/example_sensors.py took 0.054 seconds
[2024-04-15T17:43:19.701+0000] {processor.py:161} INFO - Started process (PID=2042) to work on /home/airflow/.local/lib/python3.12/site-packages/airflow/example_dags/example_sensors.py
[2024-04-15T17:43:19.701+0000] {processor.py:830} INFO - Processing file /home/airflow/.local/lib/python3.12/site-packages/airflow/example_dags/example_sensors.py for tasks to queue
[2024-04-15T17:43:19.702+0000] {logging_mixin.py:188} INFO - [2024-04-15T17:43:19.702+0000] {dagbag.py:540} INFO - Filling up the DagBag from /home/airflow/.local/lib/python3.12/site-packages/airflow/example_dags/example_sensors.py
[2024-04-15T17:43:19.708+0000] {processor.py:840} INFO - DAG(s) 'example_sensors' retrieved from /home/airflow/.local/lib/python3.12/site-packages/airflow/example_dags/example_sensors.py
[2024-04-15T17:43:19.723+0000] {logging_mixin.py:188} INFO - [2024-04-15T17:43:19.723+0000] {dag.py:3096} INFO - Sync 1 DAGs
[2024-04-15T17:43:19.729+0000] {logging_mixin.py:188} INFO - [2024-04-15T17:43:19.729+0000] {dag.py:3954} INFO - Setting next_dagrun for example_sensors to None, run_after=None
[2024-04-15T17:43:19.740+0000] {processor.py:183} INFO - Processing /home/airflow/.local/lib/python3.12/site-packages/airflow/example_dags/example_sensors.py took 0.042 seconds
[2024-04-15T17:43:50.129+0000] {processor.py:161} INFO - Started process (PID=2102) to work on /home/airflow/.local/lib/python3.12/site-packages/airflow/example_dags/example_sensors.py
[2024-04-15T17:43:50.130+0000] {processor.py:830} INFO - Processing file /home/airflow/.local/lib/python3.12/site-packages/airflow/example_dags/example_sensors.py for tasks to queue
[2024-04-15T17:43:50.131+0000] {logging_mixin.py:188} INFO - [2024-04-15T17:43:50.131+0000] {dagbag.py:540} INFO - Filling up the DagBag from /home/airflow/.local/lib/python3.12/site-packages/airflow/example_dags/example_sensors.py
[2024-04-15T17:43:50.137+0000] {processor.py:840} INFO - DAG(s) 'example_sensors' retrieved from /home/airflow/.local/lib/python3.12/site-packages/airflow/example_dags/example_sensors.py
[2024-04-15T17:43:50.153+0000] {logging_mixin.py:188} INFO - [2024-04-15T17:43:50.153+0000] {dag.py:3096} INFO - Sync 1 DAGs
[2024-04-15T17:43:50.162+0000] {logging_mixin.py:188} INFO - [2024-04-15T17:43:50.162+0000] {dag.py:3954} INFO - Setting next_dagrun for example_sensors to None, run_after=None
[2024-04-15T17:43:50.176+0000] {processor.py:183} INFO - Processing /home/airflow/.local/lib/python3.12/site-packages/airflow/example_dags/example_sensors.py took 0.051 seconds
[2024-04-15T17:44:20.684+0000] {processor.py:161} INFO - Started process (PID=2162) to work on /home/airflow/.local/lib/python3.12/site-packages/airflow/example_dags/example_sensors.py
[2024-04-15T17:44:20.685+0000] {processor.py:830} INFO - Processing file /home/airflow/.local/lib/python3.12/site-packages/airflow/example_dags/example_sensors.py for tasks to queue
[2024-04-15T17:44:20.686+0000] {logging_mixin.py:188} INFO - [2024-04-15T17:44:20.686+0000] {dagbag.py:540} INFO - Filling up the DagBag from /home/airflow/.local/lib/python3.12/site-packages/airflow/example_dags/example_sensors.py
[2024-04-15T17:44:20.691+0000] {processor.py:840} INFO - DAG(s) 'example_sensors' retrieved from /home/airflow/.local/lib/python3.12/site-packages/airflow/example_dags/example_sensors.py
[2024-04-15T17:44:20.703+0000] {logging_mixin.py:188} INFO - [2024-04-15T17:44:20.703+0000] {dag.py:3096} INFO - Sync 1 DAGs
[2024-04-15T17:44:20.709+0000] {logging_mixin.py:188} INFO - [2024-04-15T17:44:20.709+0000] {dag.py:3954} INFO - Setting next_dagrun for example_sensors to None, run_after=None
[2024-04-15T17:44:20.717+0000] {processor.py:183} INFO - Processing /home/airflow/.local/lib/python3.12/site-packages/airflow/example_dags/example_sensors.py took 0.037 seconds
[2024-04-15T17:44:51.158+0000] {processor.py:161} INFO - Started process (PID=2222) to work on /home/airflow/.local/lib/python3.12/site-packages/airflow/example_dags/example_sensors.py
[2024-04-15T17:44:51.158+0000] {processor.py:830} INFO - Processing file /home/airflow/.local/lib/python3.12/site-packages/airflow/example_dags/example_sensors.py for tasks to queue
[2024-04-15T17:44:51.160+0000] {logging_mixin.py:188} INFO - [2024-04-15T17:44:51.159+0000] {dagbag.py:540} INFO - Filling up the DagBag from /home/airflow/.local/lib/python3.12/site-packages/airflow/example_dags/example_sensors.py
[2024-04-15T17:44:51.164+0000] {processor.py:840} INFO - DAG(s) 'example_sensors' retrieved from /home/airflow/.local/lib/python3.12/site-packages/airflow/example_dags/example_sensors.py
[2024-04-15T17:44:51.178+0000] {logging_mixin.py:188} INFO - [2024-04-15T17:44:51.178+0000] {dag.py:3096} INFO - Sync 1 DAGs
[2024-04-15T17:44:51.184+0000] {logging_mixin.py:188} INFO - [2024-04-15T17:44:51.184+0000] {dag.py:3954} INFO - Setting next_dagrun for example_sensors to None, run_after=None
[2024-04-15T17:44:51.192+0000] {processor.py:183} INFO - Processing /home/airflow/.local/lib/python3.12/site-packages/airflow/example_dags/example_sensors.py took 0.038 seconds
[2024-04-15T17:45:21.637+0000] {processor.py:161} INFO - Started process (PID=2282) to work on /home/airflow/.local/lib/python3.12/site-packages/airflow/example_dags/example_sensors.py
[2024-04-15T17:45:21.638+0000] {processor.py:830} INFO - Processing file /home/airflow/.local/lib/python3.12/site-packages/airflow/example_dags/example_sensors.py for tasks to queue
[2024-04-15T17:45:21.640+0000] {logging_mixin.py:188} INFO - [2024-04-15T17:45:21.639+0000] {dagbag.py:540} INFO - Filling up the DagBag from /home/airflow/.local/lib/python3.12/site-packages/airflow/example_dags/example_sensors.py
[2024-04-15T17:45:21.644+0000] {processor.py:840} INFO - DAG(s) 'example_sensors' retrieved from /home/airflow/.local/lib/python3.12/site-packages/airflow/example_dags/example_sensors.py
[2024-04-15T17:45:21.668+0000] {logging_mixin.py:188} INFO - [2024-04-15T17:45:21.668+0000] {dag.py:3096} INFO - Sync 1 DAGs
[2024-04-15T17:45:21.678+0000] {logging_mixin.py:188} INFO - [2024-04-15T17:45:21.678+0000] {dag.py:3954} INFO - Setting next_dagrun for example_sensors to None, run_after=None
[2024-04-15T17:45:21.694+0000] {processor.py:183} INFO - Processing /home/airflow/.local/lib/python3.12/site-packages/airflow/example_dags/example_sensors.py took 0.061 seconds
[2024-04-15T17:45:52.575+0000] {processor.py:161} INFO - Started process (PID=2342) to work on /home/airflow/.local/lib/python3.12/site-packages/airflow/example_dags/example_sensors.py
[2024-04-15T17:45:52.575+0000] {processor.py:830} INFO - Processing file /home/airflow/.local/lib/python3.12/site-packages/airflow/example_dags/example_sensors.py for tasks to queue
[2024-04-15T17:45:52.577+0000] {logging_mixin.py:188} INFO - [2024-04-15T17:45:52.576+0000] {dagbag.py:540} INFO - Filling up the DagBag from /home/airflow/.local/lib/python3.12/site-packages/airflow/example_dags/example_sensors.py
[2024-04-15T17:45:52.582+0000] {processor.py:840} INFO - DAG(s) 'example_sensors' retrieved from /home/airflow/.local/lib/python3.12/site-packages/airflow/example_dags/example_sensors.py
[2024-04-15T17:45:52.595+0000] {logging_mixin.py:188} INFO - [2024-04-15T17:45:52.595+0000] {dag.py:3096} INFO - Sync 1 DAGs
[2024-04-15T17:45:52.603+0000] {logging_mixin.py:188} INFO - [2024-04-15T17:45:52.603+0000] {dag.py:3954} INFO - Setting next_dagrun for example_sensors to None, run_after=None
[2024-04-15T17:45:52.611+0000] {processor.py:183} INFO - Processing /home/airflow/.local/lib/python3.12/site-packages/airflow/example_dags/example_sensors.py took 0.040 seconds
[2024-04-15T17:46:23.099+0000] {processor.py:161} INFO - Started process (PID=2402) to work on /home/airflow/.local/lib/python3.12/site-packages/airflow/example_dags/example_sensors.py
[2024-04-15T17:46:23.101+0000] {processor.py:830} INFO - Processing file /home/airflow/.local/lib/python3.12/site-packages/airflow/example_dags/example_sensors.py for tasks to queue
[2024-04-15T17:46:23.103+0000] {logging_mixin.py:188} INFO - [2024-04-15T17:46:23.103+0000] {dagbag.py:540} INFO - Filling up the DagBag from /home/airflow/.local/lib/python3.12/site-packages/airflow/example_dags/example_sensors.py
[2024-04-15T17:46:23.116+0000] {processor.py:840} INFO - DAG(s) 'example_sensors' retrieved from /home/airflow/.local/lib/python3.12/site-packages/airflow/example_dags/example_sensors.py
[2024-04-15T17:46:23.159+0000] {logging_mixin.py:188} INFO - [2024-04-15T17:46:23.159+0000] {dag.py:3096} INFO - Sync 1 DAGs
[2024-04-15T17:46:23.169+0000] {logging_mixin.py:188} INFO - [2024-04-15T17:46:23.169+0000] {dag.py:3954} INFO - Setting next_dagrun for example_sensors to None, run_after=None
[2024-04-15T17:46:23.186+0000] {processor.py:183} INFO - Processing /home/airflow/.local/lib/python3.12/site-packages/airflow/example_dags/example_sensors.py took 0.094 seconds
[2024-04-15T17:46:53.882+0000] {processor.py:161} INFO - Started process (PID=2462) to work on /home/airflow/.local/lib/python3.12/site-packages/airflow/example_dags/example_sensors.py
[2024-04-15T17:46:53.883+0000] {processor.py:830} INFO - Processing file /home/airflow/.local/lib/python3.12/site-packages/airflow/example_dags/example_sensors.py for tasks to queue
[2024-04-15T17:46:53.884+0000] {logging_mixin.py:188} INFO - [2024-04-15T17:46:53.884+0000] {dagbag.py:540} INFO - Filling up the DagBag from /home/airflow/.local/lib/python3.12/site-packages/airflow/example_dags/example_sensors.py
[2024-04-15T17:46:53.890+0000] {processor.py:840} INFO - DAG(s) 'example_sensors' retrieved from /home/airflow/.local/lib/python3.12/site-packages/airflow/example_dags/example_sensors.py
[2024-04-15T17:46:53.907+0000] {logging_mixin.py:188} INFO - [2024-04-15T17:46:53.907+0000] {dag.py:3096} INFO - Sync 1 DAGs
[2024-04-15T17:46:53.917+0000] {logging_mixin.py:188} INFO - [2024-04-15T17:46:53.917+0000] {dag.py:3954} INFO - Setting next_dagrun for example_sensors to None, run_after=None
[2024-04-15T17:46:53.931+0000] {processor.py:183} INFO - Processing /home/airflow/.local/lib/python3.12/site-packages/airflow/example_dags/example_sensors.py took 0.052 seconds
[2024-04-15T17:47:24.231+0000] {processor.py:161} INFO - Started process (PID=2522) to work on /home/airflow/.local/lib/python3.12/site-packages/airflow/example_dags/example_sensors.py
[2024-04-15T17:47:24.232+0000] {processor.py:830} INFO - Processing file /home/airflow/.local/lib/python3.12/site-packages/airflow/example_dags/example_sensors.py for tasks to queue
[2024-04-15T17:47:24.233+0000] {logging_mixin.py:188} INFO - [2024-04-15T17:47:24.233+0000] {dagbag.py:540} INFO - Filling up the DagBag from /home/airflow/.local/lib/python3.12/site-packages/airflow/example_dags/example_sensors.py
[2024-04-15T17:47:24.239+0000] {processor.py:840} INFO - DAG(s) 'example_sensors' retrieved from /home/airflow/.local/lib/python3.12/site-packages/airflow/example_dags/example_sensors.py
[2024-04-15T17:47:24.258+0000] {logging_mixin.py:188} INFO - [2024-04-15T17:47:24.258+0000] {dag.py:3096} INFO - Sync 1 DAGs
[2024-04-15T17:47:24.267+0000] {logging_mixin.py:188} INFO - [2024-04-15T17:47:24.267+0000] {dag.py:3954} INFO - Setting next_dagrun for example_sensors to None, run_after=None
[2024-04-15T17:47:24.280+0000] {processor.py:183} INFO - Processing /home/airflow/.local/lib/python3.12/site-packages/airflow/example_dags/example_sensors.py took 0.059 seconds
[2024-04-15T17:47:56.208+0000] {processor.py:161} INFO - Started process (PID=2582) to work on /home/airflow/.local/lib/python3.12/site-packages/airflow/example_dags/example_sensors.py
[2024-04-15T17:47:56.209+0000] {processor.py:830} INFO - Processing file /home/airflow/.local/lib/python3.12/site-packages/airflow/example_dags/example_sensors.py for tasks to queue
[2024-04-15T17:47:56.211+0000] {logging_mixin.py:188} INFO - [2024-04-15T17:47:56.211+0000] {dagbag.py:540} INFO - Filling up the DagBag from /home/airflow/.local/lib/python3.12/site-packages/airflow/example_dags/example_sensors.py
[2024-04-15T17:47:56.218+0000] {processor.py:840} INFO - DAG(s) 'example_sensors' retrieved from /home/airflow/.local/lib/python3.12/site-packages/airflow/example_dags/example_sensors.py
[2024-04-15T17:47:56.242+0000] {logging_mixin.py:188} INFO - [2024-04-15T17:47:56.242+0000] {dag.py:3096} INFO - Sync 1 DAGs
[2024-04-15T17:47:56.250+0000] {logging_mixin.py:188} INFO - [2024-04-15T17:47:56.250+0000] {dag.py:3954} INFO - Setting next_dagrun for example_sensors to None, run_after=None
[2024-04-15T17:47:56.266+0000] {processor.py:183} INFO - Processing /home/airflow/.local/lib/python3.12/site-packages/airflow/example_dags/example_sensors.py took 0.065 seconds
[2024-04-15T17:48:26.909+0000] {processor.py:161} INFO - Started process (PID=2642) to work on /home/airflow/.local/lib/python3.12/site-packages/airflow/example_dags/example_sensors.py
[2024-04-15T17:48:26.910+0000] {processor.py:830} INFO - Processing file /home/airflow/.local/lib/python3.12/site-packages/airflow/example_dags/example_sensors.py for tasks to queue
[2024-04-15T17:48:26.911+0000] {logging_mixin.py:188} INFO - [2024-04-15T17:48:26.911+0000] {dagbag.py:540} INFO - Filling up the DagBag from /home/airflow/.local/lib/python3.12/site-packages/airflow/example_dags/example_sensors.py
[2024-04-15T17:48:26.916+0000] {processor.py:840} INFO - DAG(s) 'example_sensors' retrieved from /home/airflow/.local/lib/python3.12/site-packages/airflow/example_dags/example_sensors.py
[2024-04-15T17:48:26.929+0000] {logging_mixin.py:188} INFO - [2024-04-15T17:48:26.929+0000] {dag.py:3096} INFO - Sync 1 DAGs
[2024-04-15T17:48:26.938+0000] {logging_mixin.py:188} INFO - [2024-04-15T17:48:26.938+0000] {dag.py:3954} INFO - Setting next_dagrun for example_sensors to None, run_after=None
[2024-04-15T17:48:26.953+0000] {processor.py:183} INFO - Processing /home/airflow/.local/lib/python3.12/site-packages/airflow/example_dags/example_sensors.py took 0.047 seconds
[2024-04-15T17:48:57.970+0000] {processor.py:161} INFO - Started process (PID=2702) to work on /home/airflow/.local/lib/python3.12/site-packages/airflow/example_dags/example_sensors.py
[2024-04-15T17:48:57.970+0000] {processor.py:830} INFO - Processing file /home/airflow/.local/lib/python3.12/site-packages/airflow/example_dags/example_sensors.py for tasks to queue
[2024-04-15T17:48:57.972+0000] {logging_mixin.py:188} INFO - [2024-04-15T17:48:57.971+0000] {dagbag.py:540} INFO - Filling up the DagBag from /home/airflow/.local/lib/python3.12/site-packages/airflow/example_dags/example_sensors.py
[2024-04-15T17:48:57.977+0000] {processor.py:840} INFO - DAG(s) 'example_sensors' retrieved from /home/airflow/.local/lib/python3.12/site-packages/airflow/example_dags/example_sensors.py
[2024-04-15T17:48:57.990+0000] {logging_mixin.py:188} INFO - [2024-04-15T17:48:57.990+0000] {dag.py:3096} INFO - Sync 1 DAGs
[2024-04-15T17:48:57.997+0000] {logging_mixin.py:188} INFO - [2024-04-15T17:48:57.997+0000] {dag.py:3954} INFO - Setting next_dagrun for example_sensors to None, run_after=None
[2024-04-15T17:48:58.008+0000] {processor.py:183} INFO - Processing /home/airflow/.local/lib/python3.12/site-packages/airflow/example_dags/example_sensors.py took 0.042 seconds
[2024-04-15T17:49:28.578+0000] {processor.py:161} INFO - Started process (PID=2762) to work on /home/airflow/.local/lib/python3.12/site-packages/airflow/example_dags/example_sensors.py
[2024-04-15T17:49:28.578+0000] {processor.py:830} INFO - Processing file /home/airflow/.local/lib/python3.12/site-packages/airflow/example_dags/example_sensors.py for tasks to queue
[2024-04-15T17:49:28.579+0000] {logging_mixin.py:188} INFO - [2024-04-15T17:49:28.579+0000] {dagbag.py:540} INFO - Filling up the DagBag from /home/airflow/.local/lib/python3.12/site-packages/airflow/example_dags/example_sensors.py
[2024-04-15T17:49:28.588+0000] {processor.py:840} INFO - DAG(s) 'example_sensors' retrieved from /home/airflow/.local/lib/python3.12/site-packages/airflow/example_dags/example_sensors.py
[2024-04-15T17:49:28.603+0000] {logging_mixin.py:188} INFO - [2024-04-15T17:49:28.603+0000] {dag.py:3096} INFO - Sync 1 DAGs
[2024-04-15T17:49:28.611+0000] {logging_mixin.py:188} INFO - [2024-04-15T17:49:28.611+0000] {dag.py:3954} INFO - Setting next_dagrun for example_sensors to None, run_after=None
[2024-04-15T17:49:28.627+0000] {processor.py:183} INFO - Processing /home/airflow/.local/lib/python3.12/site-packages/airflow/example_dags/example_sensors.py took 0.054 seconds
[2024-04-15T17:49:59.257+0000] {processor.py:161} INFO - Started process (PID=2822) to work on /home/airflow/.local/lib/python3.12/site-packages/airflow/example_dags/example_sensors.py
[2024-04-15T17:49:59.258+0000] {processor.py:830} INFO - Processing file /home/airflow/.local/lib/python3.12/site-packages/airflow/example_dags/example_sensors.py for tasks to queue
[2024-04-15T17:49:59.259+0000] {logging_mixin.py:188} INFO - [2024-04-15T17:49:59.259+0000] {dagbag.py:540} INFO - Filling up the DagBag from /home/airflow/.local/lib/python3.12/site-packages/airflow/example_dags/example_sensors.py
[2024-04-15T17:49:59.264+0000] {processor.py:840} INFO - DAG(s) 'example_sensors' retrieved from /home/airflow/.local/lib/python3.12/site-packages/airflow/example_dags/example_sensors.py
[2024-04-15T17:49:59.279+0000] {logging_mixin.py:188} INFO - [2024-04-15T17:49:59.279+0000] {dag.py:3096} INFO - Sync 1 DAGs
[2024-04-15T17:49:59.286+0000] {logging_mixin.py:188} INFO - [2024-04-15T17:49:59.286+0000] {dag.py:3954} INFO - Setting next_dagrun for example_sensors to None, run_after=None
[2024-04-15T17:49:59.296+0000] {processor.py:183} INFO - Processing /home/airflow/.local/lib/python3.12/site-packages/airflow/example_dags/example_sensors.py took 0.043 seconds
[2024-04-15T17:50:30.200+0000] {processor.py:161} INFO - Started process (PID=2882) to work on /home/airflow/.local/lib/python3.12/site-packages/airflow/example_dags/example_sensors.py
[2024-04-15T17:50:30.202+0000] {processor.py:830} INFO - Processing file /home/airflow/.local/lib/python3.12/site-packages/airflow/example_dags/example_sensors.py for tasks to queue
[2024-04-15T17:50:30.207+0000] {logging_mixin.py:188} INFO - [2024-04-15T17:50:30.206+0000] {dagbag.py:540} INFO - Filling up the DagBag from /home/airflow/.local/lib/python3.12/site-packages/airflow/example_dags/example_sensors.py
[2024-04-15T17:50:30.229+0000] {processor.py:840} INFO - DAG(s) 'example_sensors' retrieved from /home/airflow/.local/lib/python3.12/site-packages/airflow/example_dags/example_sensors.py
[2024-04-15T17:50:30.277+0000] {logging_mixin.py:188} INFO - [2024-04-15T17:50:30.276+0000] {dag.py:3096} INFO - Sync 1 DAGs
[2024-04-15T17:50:30.289+0000] {logging_mixin.py:188} INFO - [2024-04-15T17:50:30.289+0000] {dag.py:3954} INFO - Setting next_dagrun for example_sensors to None, run_after=None
[2024-04-15T17:50:30.328+0000] {processor.py:183} INFO - Processing /home/airflow/.local/lib/python3.12/site-packages/airflow/example_dags/example_sensors.py took 0.160 seconds
[2024-04-15T17:51:01.239+0000] {processor.py:161} INFO - Started process (PID=2942) to work on /home/airflow/.local/lib/python3.12/site-packages/airflow/example_dags/example_sensors.py
[2024-04-15T17:51:01.249+0000] {processor.py:830} INFO - Processing file /home/airflow/.local/lib/python3.12/site-packages/airflow/example_dags/example_sensors.py for tasks to queue
[2024-04-15T17:51:01.254+0000] {logging_mixin.py:188} INFO - [2024-04-15T17:51:01.253+0000] {dagbag.py:540} INFO - Filling up the DagBag from /home/airflow/.local/lib/python3.12/site-packages/airflow/example_dags/example_sensors.py
[2024-04-15T17:51:01.264+0000] {processor.py:840} INFO - DAG(s) 'example_sensors' retrieved from /home/airflow/.local/lib/python3.12/site-packages/airflow/example_dags/example_sensors.py
[2024-04-15T17:51:01.288+0000] {logging_mixin.py:188} INFO - [2024-04-15T17:51:01.288+0000] {dag.py:3096} INFO - Sync 1 DAGs
[2024-04-15T17:51:01.303+0000] {logging_mixin.py:188} INFO - [2024-04-15T17:51:01.303+0000] {dag.py:3954} INFO - Setting next_dagrun for example_sensors to None, run_after=None
[2024-04-15T17:51:01.317+0000] {processor.py:183} INFO - Processing /home/airflow/.local/lib/python3.12/site-packages/airflow/example_dags/example_sensors.py took 0.095 seconds
