[2024-04-15T17:12:33.050+0000] {processor.py:161} INFO - Started process (PID=39) to work on /home/airflow/.local/lib/python3.12/site-packages/airflow/example_dags/example_branch_labels.py
[2024-04-15T17:12:33.052+0000] {processor.py:830} INFO - Processing file /home/airflow/.local/lib/python3.12/site-packages/airflow/example_dags/example_branch_labels.py for tasks to queue
[2024-04-15T17:12:33.058+0000] {logging_mixin.py:188} INFO - [2024-04-15T17:12:33.057+0000] {dagbag.py:540} INFO - Filling up the DagBag from /home/airflow/.local/lib/python3.12/site-packages/airflow/example_dags/example_branch_labels.py
[2024-04-15T17:12:33.067+0000] {processor.py:840} INFO - DAG(s) 'example_branch_labels' retrieved from /home/airflow/.local/lib/python3.12/site-packages/airflow/example_dags/example_branch_labels.py
[2024-04-15T17:12:33.076+0000] {logging_mixin.py:188} INFO - [2024-04-15T17:12:33.076+0000] {dag.py:3096} INFO - Sync 1 DAGs
[2024-04-15T17:12:33.093+0000] {logging_mixin.py:188} INFO - [2024-04-15T17:12:33.093+0000] {dag.py:3954} INFO - Setting next_dagrun for example_branch_labels to 2024-04-14 00:00:00+00:00, run_after=2024-04-15 00:00:00+00:00
[2024-04-15T17:12:33.104+0000] {processor.py:183} INFO - Processing /home/airflow/.local/lib/python3.12/site-packages/airflow/example_dags/example_branch_labels.py took 0.067 seconds
[2024-04-15T17:13:04.017+0000] {processor.py:161} INFO - Started process (PID=97) to work on /home/airflow/.local/lib/python3.12/site-packages/airflow/example_dags/example_branch_labels.py
[2024-04-15T17:13:04.017+0000] {processor.py:830} INFO - Processing file /home/airflow/.local/lib/python3.12/site-packages/airflow/example_dags/example_branch_labels.py for tasks to queue
[2024-04-15T17:13:04.018+0000] {logging_mixin.py:188} INFO - [2024-04-15T17:13:04.018+0000] {dagbag.py:540} INFO - Filling up the DagBag from /home/airflow/.local/lib/python3.12/site-packages/airflow/example_dags/example_branch_labels.py
[2024-04-15T17:13:04.024+0000] {processor.py:840} INFO - DAG(s) 'example_branch_labels' retrieved from /home/airflow/.local/lib/python3.12/site-packages/airflow/example_dags/example_branch_labels.py
[2024-04-15T17:13:04.074+0000] {logging_mixin.py:188} INFO - [2024-04-15T17:13:04.074+0000] {dag.py:3096} INFO - Sync 1 DAGs
[2024-04-15T17:13:04.083+0000] {logging_mixin.py:188} INFO - [2024-04-15T17:13:04.083+0000] {dag.py:3954} INFO - Setting next_dagrun for example_branch_labels to 2024-04-14 00:00:00+00:00, run_after=2024-04-15 00:00:00+00:00
[2024-04-15T17:13:04.093+0000] {processor.py:183} INFO - Processing /home/airflow/.local/lib/python3.12/site-packages/airflow/example_dags/example_branch_labels.py took 0.079 seconds
[2024-04-15T17:13:34.370+0000] {processor.py:161} INFO - Started process (PID=156) to work on /home/airflow/.local/lib/python3.12/site-packages/airflow/example_dags/example_branch_labels.py
[2024-04-15T17:13:34.371+0000] {processor.py:830} INFO - Processing file /home/airflow/.local/lib/python3.12/site-packages/airflow/example_dags/example_branch_labels.py for tasks to queue
[2024-04-15T17:13:34.372+0000] {logging_mixin.py:188} INFO - [2024-04-15T17:13:34.371+0000] {dagbag.py:540} INFO - Filling up the DagBag from /home/airflow/.local/lib/python3.12/site-packages/airflow/example_dags/example_branch_labels.py
[2024-04-15T17:13:34.376+0000] {processor.py:840} INFO - DAG(s) 'example_branch_labels' retrieved from /home/airflow/.local/lib/python3.12/site-packages/airflow/example_dags/example_branch_labels.py
[2024-04-15T17:13:34.387+0000] {logging_mixin.py:188} INFO - [2024-04-15T17:13:34.386+0000] {dag.py:3096} INFO - Sync 1 DAGs
[2024-04-15T17:13:34.398+0000] {logging_mixin.py:188} INFO - [2024-04-15T17:13:34.398+0000] {dag.py:3954} INFO - Setting next_dagrun for example_branch_labels to 2024-04-14 00:00:00+00:00, run_after=2024-04-15 00:00:00+00:00
[2024-04-15T17:13:34.406+0000] {processor.py:183} INFO - Processing /home/airflow/.local/lib/python3.12/site-packages/airflow/example_dags/example_branch_labels.py took 0.039 seconds
[2024-04-15T17:14:04.958+0000] {processor.py:161} INFO - Started process (PID=215) to work on /home/airflow/.local/lib/python3.12/site-packages/airflow/example_dags/example_branch_labels.py
[2024-04-15T17:14:04.959+0000] {processor.py:830} INFO - Processing file /home/airflow/.local/lib/python3.12/site-packages/airflow/example_dags/example_branch_labels.py for tasks to queue
[2024-04-15T17:14:04.959+0000] {logging_mixin.py:188} INFO - [2024-04-15T17:14:04.959+0000] {dagbag.py:540} INFO - Filling up the DagBag from /home/airflow/.local/lib/python3.12/site-packages/airflow/example_dags/example_branch_labels.py
[2024-04-15T17:14:04.964+0000] {processor.py:840} INFO - DAG(s) 'example_branch_labels' retrieved from /home/airflow/.local/lib/python3.12/site-packages/airflow/example_dags/example_branch_labels.py
[2024-04-15T17:14:04.976+0000] {logging_mixin.py:188} INFO - [2024-04-15T17:14:04.976+0000] {dag.py:3096} INFO - Sync 1 DAGs
[2024-04-15T17:14:04.992+0000] {logging_mixin.py:188} INFO - [2024-04-15T17:14:04.991+0000] {dag.py:3954} INFO - Setting next_dagrun for example_branch_labels to 2024-04-14 00:00:00+00:00, run_after=2024-04-15 00:00:00+00:00
[2024-04-15T17:14:05.005+0000] {processor.py:183} INFO - Processing /home/airflow/.local/lib/python3.12/site-packages/airflow/example_dags/example_branch_labels.py took 0.052 seconds
[2024-04-15T17:14:35.433+0000] {processor.py:161} INFO - Started process (PID=274) to work on /home/airflow/.local/lib/python3.12/site-packages/airflow/example_dags/example_branch_labels.py
[2024-04-15T17:14:35.434+0000] {processor.py:830} INFO - Processing file /home/airflow/.local/lib/python3.12/site-packages/airflow/example_dags/example_branch_labels.py for tasks to queue
[2024-04-15T17:14:35.434+0000] {logging_mixin.py:188} INFO - [2024-04-15T17:14:35.434+0000] {dagbag.py:540} INFO - Filling up the DagBag from /home/airflow/.local/lib/python3.12/site-packages/airflow/example_dags/example_branch_labels.py
[2024-04-15T17:14:35.439+0000] {processor.py:840} INFO - DAG(s) 'example_branch_labels' retrieved from /home/airflow/.local/lib/python3.12/site-packages/airflow/example_dags/example_branch_labels.py
[2024-04-15T17:14:35.451+0000] {logging_mixin.py:188} INFO - [2024-04-15T17:14:35.450+0000] {dag.py:3096} INFO - Sync 1 DAGs
[2024-04-15T17:14:35.462+0000] {logging_mixin.py:188} INFO - [2024-04-15T17:14:35.462+0000] {dag.py:3954} INFO - Setting next_dagrun for example_branch_labels to 2024-04-14 00:00:00+00:00, run_after=2024-04-15 00:00:00+00:00
[2024-04-15T17:14:35.469+0000] {processor.py:183} INFO - Processing /home/airflow/.local/lib/python3.12/site-packages/airflow/example_dags/example_branch_labels.py took 0.040 seconds
[2024-04-15T17:15:05.562+0000] {processor.py:161} INFO - Started process (PID=333) to work on /home/airflow/.local/lib/python3.12/site-packages/airflow/example_dags/example_branch_labels.py
[2024-04-15T17:15:05.563+0000] {processor.py:830} INFO - Processing file /home/airflow/.local/lib/python3.12/site-packages/airflow/example_dags/example_branch_labels.py for tasks to queue
[2024-04-15T17:15:05.563+0000] {logging_mixin.py:188} INFO - [2024-04-15T17:15:05.563+0000] {dagbag.py:540} INFO - Filling up the DagBag from /home/airflow/.local/lib/python3.12/site-packages/airflow/example_dags/example_branch_labels.py
[2024-04-15T17:15:05.567+0000] {processor.py:840} INFO - DAG(s) 'example_branch_labels' retrieved from /home/airflow/.local/lib/python3.12/site-packages/airflow/example_dags/example_branch_labels.py
[2024-04-15T17:15:05.580+0000] {logging_mixin.py:188} INFO - [2024-04-15T17:15:05.579+0000] {dag.py:3096} INFO - Sync 1 DAGs
[2024-04-15T17:15:05.591+0000] {logging_mixin.py:188} INFO - [2024-04-15T17:15:05.591+0000] {dag.py:3954} INFO - Setting next_dagrun for example_branch_labels to 2024-04-14 00:00:00+00:00, run_after=2024-04-15 00:00:00+00:00
[2024-04-15T17:15:05.600+0000] {processor.py:183} INFO - Processing /home/airflow/.local/lib/python3.12/site-packages/airflow/example_dags/example_branch_labels.py took 0.042 seconds
[2024-04-15T17:15:35.771+0000] {processor.py:161} INFO - Started process (PID=392) to work on /home/airflow/.local/lib/python3.12/site-packages/airflow/example_dags/example_branch_labels.py
[2024-04-15T17:15:35.771+0000] {processor.py:830} INFO - Processing file /home/airflow/.local/lib/python3.12/site-packages/airflow/example_dags/example_branch_labels.py for tasks to queue
[2024-04-15T17:15:35.772+0000] {logging_mixin.py:188} INFO - [2024-04-15T17:15:35.772+0000] {dagbag.py:540} INFO - Filling up the DagBag from /home/airflow/.local/lib/python3.12/site-packages/airflow/example_dags/example_branch_labels.py
[2024-04-15T17:15:35.776+0000] {processor.py:840} INFO - DAG(s) 'example_branch_labels' retrieved from /home/airflow/.local/lib/python3.12/site-packages/airflow/example_dags/example_branch_labels.py
[2024-04-15T17:15:35.787+0000] {logging_mixin.py:188} INFO - [2024-04-15T17:15:35.787+0000] {dag.py:3096} INFO - Sync 1 DAGs
[2024-04-15T17:15:35.798+0000] {logging_mixin.py:188} INFO - [2024-04-15T17:15:35.798+0000] {dag.py:3954} INFO - Setting next_dagrun for example_branch_labels to 2024-04-14 00:00:00+00:00, run_after=2024-04-15 00:00:00+00:00
[2024-04-15T17:15:35.807+0000] {processor.py:183} INFO - Processing /home/airflow/.local/lib/python3.12/site-packages/airflow/example_dags/example_branch_labels.py took 0.039 seconds
[2024-04-15T17:16:06.377+0000] {processor.py:161} INFO - Started process (PID=451) to work on /home/airflow/.local/lib/python3.12/site-packages/airflow/example_dags/example_branch_labels.py
[2024-04-15T17:16:06.378+0000] {processor.py:830} INFO - Processing file /home/airflow/.local/lib/python3.12/site-packages/airflow/example_dags/example_branch_labels.py for tasks to queue
[2024-04-15T17:16:06.380+0000] {logging_mixin.py:188} INFO - [2024-04-15T17:16:06.379+0000] {dagbag.py:540} INFO - Filling up the DagBag from /home/airflow/.local/lib/python3.12/site-packages/airflow/example_dags/example_branch_labels.py
[2024-04-15T17:16:06.385+0000] {processor.py:840} INFO - DAG(s) 'example_branch_labels' retrieved from /home/airflow/.local/lib/python3.12/site-packages/airflow/example_dags/example_branch_labels.py
[2024-04-15T17:16:06.399+0000] {logging_mixin.py:188} INFO - [2024-04-15T17:16:06.399+0000] {dag.py:3096} INFO - Sync 1 DAGs
[2024-04-15T17:16:06.413+0000] {logging_mixin.py:188} INFO - [2024-04-15T17:16:06.413+0000] {dag.py:3954} INFO - Setting next_dagrun for example_branch_labels to 2024-04-14 00:00:00+00:00, run_after=2024-04-15 00:00:00+00:00
[2024-04-15T17:16:06.425+0000] {processor.py:183} INFO - Processing /home/airflow/.local/lib/python3.12/site-packages/airflow/example_dags/example_branch_labels.py took 0.052 seconds
[2024-04-15T17:16:36.803+0000] {processor.py:161} INFO - Started process (PID=510) to work on /home/airflow/.local/lib/python3.12/site-packages/airflow/example_dags/example_branch_labels.py
[2024-04-15T17:16:36.804+0000] {processor.py:830} INFO - Processing file /home/airflow/.local/lib/python3.12/site-packages/airflow/example_dags/example_branch_labels.py for tasks to queue
[2024-04-15T17:16:36.804+0000] {logging_mixin.py:188} INFO - [2024-04-15T17:16:36.804+0000] {dagbag.py:540} INFO - Filling up the DagBag from /home/airflow/.local/lib/python3.12/site-packages/airflow/example_dags/example_branch_labels.py
[2024-04-15T17:16:36.810+0000] {processor.py:840} INFO - DAG(s) 'example_branch_labels' retrieved from /home/airflow/.local/lib/python3.12/site-packages/airflow/example_dags/example_branch_labels.py
[2024-04-15T17:16:36.822+0000] {logging_mixin.py:188} INFO - [2024-04-15T17:16:36.822+0000] {dag.py:3096} INFO - Sync 1 DAGs
[2024-04-15T17:16:36.834+0000] {logging_mixin.py:188} INFO - [2024-04-15T17:16:36.834+0000] {dag.py:3954} INFO - Setting next_dagrun for example_branch_labels to 2024-04-14 00:00:00+00:00, run_after=2024-04-15 00:00:00+00:00
[2024-04-15T17:16:36.848+0000] {processor.py:183} INFO - Processing /home/airflow/.local/lib/python3.12/site-packages/airflow/example_dags/example_branch_labels.py took 0.049 seconds
[2024-04-15T17:17:07.598+0000] {processor.py:161} INFO - Started process (PID=569) to work on /home/airflow/.local/lib/python3.12/site-packages/airflow/example_dags/example_branch_labels.py
[2024-04-15T17:17:07.599+0000] {processor.py:830} INFO - Processing file /home/airflow/.local/lib/python3.12/site-packages/airflow/example_dags/example_branch_labels.py for tasks to queue
[2024-04-15T17:17:07.599+0000] {logging_mixin.py:188} INFO - [2024-04-15T17:17:07.599+0000] {dagbag.py:540} INFO - Filling up the DagBag from /home/airflow/.local/lib/python3.12/site-packages/airflow/example_dags/example_branch_labels.py
[2024-04-15T17:17:07.604+0000] {processor.py:840} INFO - DAG(s) 'example_branch_labels' retrieved from /home/airflow/.local/lib/python3.12/site-packages/airflow/example_dags/example_branch_labels.py
[2024-04-15T17:17:07.618+0000] {logging_mixin.py:188} INFO - [2024-04-15T17:17:07.618+0000] {dag.py:3096} INFO - Sync 1 DAGs
[2024-04-15T17:17:07.629+0000] {logging_mixin.py:188} INFO - [2024-04-15T17:17:07.629+0000] {dag.py:3954} INFO - Setting next_dagrun for example_branch_labels to 2024-04-14 00:00:00+00:00, run_after=2024-04-15 00:00:00+00:00
[2024-04-15T17:17:07.637+0000] {processor.py:183} INFO - Processing /home/airflow/.local/lib/python3.12/site-packages/airflow/example_dags/example_branch_labels.py took 0.043 seconds
[2024-04-15T17:17:37.833+0000] {processor.py:161} INFO - Started process (PID=627) to work on /home/airflow/.local/lib/python3.12/site-packages/airflow/example_dags/example_branch_labels.py
[2024-04-15T17:17:37.834+0000] {processor.py:830} INFO - Processing file /home/airflow/.local/lib/python3.12/site-packages/airflow/example_dags/example_branch_labels.py for tasks to queue
[2024-04-15T17:17:37.835+0000] {logging_mixin.py:188} INFO - [2024-04-15T17:17:37.834+0000] {dagbag.py:540} INFO - Filling up the DagBag from /home/airflow/.local/lib/python3.12/site-packages/airflow/example_dags/example_branch_labels.py
[2024-04-15T17:17:37.840+0000] {processor.py:840} INFO - DAG(s) 'example_branch_labels' retrieved from /home/airflow/.local/lib/python3.12/site-packages/airflow/example_dags/example_branch_labels.py
[2024-04-15T17:17:37.851+0000] {logging_mixin.py:188} INFO - [2024-04-15T17:17:37.851+0000] {dag.py:3096} INFO - Sync 1 DAGs
[2024-04-15T17:17:37.863+0000] {logging_mixin.py:188} INFO - [2024-04-15T17:17:37.863+0000] {dag.py:3954} INFO - Setting next_dagrun for example_branch_labels to 2024-04-14 00:00:00+00:00, run_after=2024-04-15 00:00:00+00:00
[2024-04-15T17:17:37.873+0000] {processor.py:183} INFO - Processing /home/airflow/.local/lib/python3.12/site-packages/airflow/example_dags/example_branch_labels.py took 0.043 seconds
[2024-04-15T17:18:08.296+0000] {processor.py:161} INFO - Started process (PID=686) to work on /home/airflow/.local/lib/python3.12/site-packages/airflow/example_dags/example_branch_labels.py
[2024-04-15T17:18:08.297+0000] {processor.py:830} INFO - Processing file /home/airflow/.local/lib/python3.12/site-packages/airflow/example_dags/example_branch_labels.py for tasks to queue
[2024-04-15T17:18:08.298+0000] {logging_mixin.py:188} INFO - [2024-04-15T17:18:08.298+0000] {dagbag.py:540} INFO - Filling up the DagBag from /home/airflow/.local/lib/python3.12/site-packages/airflow/example_dags/example_branch_labels.py
[2024-04-15T17:18:08.302+0000] {processor.py:840} INFO - DAG(s) 'example_branch_labels' retrieved from /home/airflow/.local/lib/python3.12/site-packages/airflow/example_dags/example_branch_labels.py
[2024-04-15T17:18:08.312+0000] {logging_mixin.py:188} INFO - [2024-04-15T17:18:08.312+0000] {dag.py:3096} INFO - Sync 1 DAGs
[2024-04-15T17:18:08.322+0000] {logging_mixin.py:188} INFO - [2024-04-15T17:18:08.322+0000] {dag.py:3954} INFO - Setting next_dagrun for example_branch_labels to 2024-04-14 00:00:00+00:00, run_after=2024-04-15 00:00:00+00:00
[2024-04-15T17:18:08.330+0000] {processor.py:183} INFO - Processing /home/airflow/.local/lib/python3.12/site-packages/airflow/example_dags/example_branch_labels.py took 0.036 seconds
[2024-04-15T17:18:38.860+0000] {processor.py:161} INFO - Started process (PID=745) to work on /home/airflow/.local/lib/python3.12/site-packages/airflow/example_dags/example_branch_labels.py
[2024-04-15T17:18:38.860+0000] {processor.py:830} INFO - Processing file /home/airflow/.local/lib/python3.12/site-packages/airflow/example_dags/example_branch_labels.py for tasks to queue
[2024-04-15T17:18:38.861+0000] {logging_mixin.py:188} INFO - [2024-04-15T17:18:38.861+0000] {dagbag.py:540} INFO - Filling up the DagBag from /home/airflow/.local/lib/python3.12/site-packages/airflow/example_dags/example_branch_labels.py
[2024-04-15T17:18:38.867+0000] {processor.py:840} INFO - DAG(s) 'example_branch_labels' retrieved from /home/airflow/.local/lib/python3.12/site-packages/airflow/example_dags/example_branch_labels.py
[2024-04-15T17:18:38.883+0000] {logging_mixin.py:188} INFO - [2024-04-15T17:18:38.883+0000] {dag.py:3096} INFO - Sync 1 DAGs
[2024-04-15T17:18:38.895+0000] {logging_mixin.py:188} INFO - [2024-04-15T17:18:38.895+0000] {dag.py:3954} INFO - Setting next_dagrun for example_branch_labels to 2024-04-14 00:00:00+00:00, run_after=2024-04-15 00:00:00+00:00
[2024-04-15T17:18:38.903+0000] {processor.py:183} INFO - Processing /home/airflow/.local/lib/python3.12/site-packages/airflow/example_dags/example_branch_labels.py took 0.050 seconds
[2024-04-15T17:19:09.010+0000] {processor.py:161} INFO - Started process (PID=804) to work on /home/airflow/.local/lib/python3.12/site-packages/airflow/example_dags/example_branch_labels.py
[2024-04-15T17:19:09.011+0000] {processor.py:830} INFO - Processing file /home/airflow/.local/lib/python3.12/site-packages/airflow/example_dags/example_branch_labels.py for tasks to queue
[2024-04-15T17:19:09.011+0000] {logging_mixin.py:188} INFO - [2024-04-15T17:19:09.011+0000] {dagbag.py:540} INFO - Filling up the DagBag from /home/airflow/.local/lib/python3.12/site-packages/airflow/example_dags/example_branch_labels.py
[2024-04-15T17:19:09.015+0000] {processor.py:840} INFO - DAG(s) 'example_branch_labels' retrieved from /home/airflow/.local/lib/python3.12/site-packages/airflow/example_dags/example_branch_labels.py
[2024-04-15T17:19:09.031+0000] {logging_mixin.py:188} INFO - [2024-04-15T17:19:09.031+0000] {dag.py:3096} INFO - Sync 1 DAGs
[2024-04-15T17:19:09.041+0000] {logging_mixin.py:188} INFO - [2024-04-15T17:19:09.041+0000] {dag.py:3954} INFO - Setting next_dagrun for example_branch_labels to 2024-04-14 00:00:00+00:00, run_after=2024-04-15 00:00:00+00:00
[2024-04-15T17:19:09.050+0000] {processor.py:183} INFO - Processing /home/airflow/.local/lib/python3.12/site-packages/airflow/example_dags/example_branch_labels.py took 0.043 seconds
[2024-04-15T17:19:39.452+0000] {processor.py:161} INFO - Started process (PID=863) to work on /home/airflow/.local/lib/python3.12/site-packages/airflow/example_dags/example_branch_labels.py
[2024-04-15T17:19:39.453+0000] {processor.py:830} INFO - Processing file /home/airflow/.local/lib/python3.12/site-packages/airflow/example_dags/example_branch_labels.py for tasks to queue
[2024-04-15T17:19:39.453+0000] {logging_mixin.py:188} INFO - [2024-04-15T17:19:39.453+0000] {dagbag.py:540} INFO - Filling up the DagBag from /home/airflow/.local/lib/python3.12/site-packages/airflow/example_dags/example_branch_labels.py
[2024-04-15T17:19:39.458+0000] {processor.py:840} INFO - DAG(s) 'example_branch_labels' retrieved from /home/airflow/.local/lib/python3.12/site-packages/airflow/example_dags/example_branch_labels.py
[2024-04-15T17:19:39.468+0000] {logging_mixin.py:188} INFO - [2024-04-15T17:19:39.468+0000] {dag.py:3096} INFO - Sync 1 DAGs
[2024-04-15T17:19:39.478+0000] {logging_mixin.py:188} INFO - [2024-04-15T17:19:39.478+0000] {dag.py:3954} INFO - Setting next_dagrun for example_branch_labels to 2024-04-14 00:00:00+00:00, run_after=2024-04-15 00:00:00+00:00
[2024-04-15T17:19:39.485+0000] {processor.py:183} INFO - Processing /home/airflow/.local/lib/python3.12/site-packages/airflow/example_dags/example_branch_labels.py took 0.036 seconds
[2024-04-15T17:20:10.552+0000] {processor.py:161} INFO - Started process (PID=922) to work on /home/airflow/.local/lib/python3.12/site-packages/airflow/example_dags/example_branch_labels.py
[2024-04-15T17:20:10.552+0000] {processor.py:830} INFO - Processing file /home/airflow/.local/lib/python3.12/site-packages/airflow/example_dags/example_branch_labels.py for tasks to queue
[2024-04-15T17:20:10.553+0000] {logging_mixin.py:188} INFO - [2024-04-15T17:20:10.552+0000] {dagbag.py:540} INFO - Filling up the DagBag from /home/airflow/.local/lib/python3.12/site-packages/airflow/example_dags/example_branch_labels.py
[2024-04-15T17:20:10.557+0000] {processor.py:840} INFO - DAG(s) 'example_branch_labels' retrieved from /home/airflow/.local/lib/python3.12/site-packages/airflow/example_dags/example_branch_labels.py
[2024-04-15T17:20:10.566+0000] {logging_mixin.py:188} INFO - [2024-04-15T17:20:10.566+0000] {dag.py:3096} INFO - Sync 1 DAGs
[2024-04-15T17:20:10.585+0000] {logging_mixin.py:188} INFO - [2024-04-15T17:20:10.585+0000] {dag.py:3954} INFO - Setting next_dagrun for example_branch_labels to 2024-04-14 00:00:00+00:00, run_after=2024-04-15 00:00:00+00:00
[2024-04-15T17:20:10.610+0000] {processor.py:183} INFO - Processing /home/airflow/.local/lib/python3.12/site-packages/airflow/example_dags/example_branch_labels.py took 0.061 seconds
[2024-04-15T17:20:41.519+0000] {processor.py:161} INFO - Started process (PID=981) to work on /home/airflow/.local/lib/python3.12/site-packages/airflow/example_dags/example_branch_labels.py
[2024-04-15T17:20:41.520+0000] {processor.py:830} INFO - Processing file /home/airflow/.local/lib/python3.12/site-packages/airflow/example_dags/example_branch_labels.py for tasks to queue
[2024-04-15T17:20:41.522+0000] {logging_mixin.py:188} INFO - [2024-04-15T17:20:41.521+0000] {dagbag.py:540} INFO - Filling up the DagBag from /home/airflow/.local/lib/python3.12/site-packages/airflow/example_dags/example_branch_labels.py
[2024-04-15T17:20:41.528+0000] {processor.py:840} INFO - DAG(s) 'example_branch_labels' retrieved from /home/airflow/.local/lib/python3.12/site-packages/airflow/example_dags/example_branch_labels.py
[2024-04-15T17:20:41.542+0000] {logging_mixin.py:188} INFO - [2024-04-15T17:20:41.542+0000] {dag.py:3096} INFO - Sync 1 DAGs
[2024-04-15T17:20:41.554+0000] {logging_mixin.py:188} INFO - [2024-04-15T17:20:41.554+0000] {dag.py:3954} INFO - Setting next_dagrun for example_branch_labels to 2024-04-14 00:00:00+00:00, run_after=2024-04-15 00:00:00+00:00
[2024-04-15T17:20:41.562+0000] {processor.py:183} INFO - Processing /home/airflow/.local/lib/python3.12/site-packages/airflow/example_dags/example_branch_labels.py took 0.048 seconds
[2024-04-15T17:21:13.131+0000] {processor.py:161} INFO - Started process (PID=1040) to work on /home/airflow/.local/lib/python3.12/site-packages/airflow/example_dags/example_branch_labels.py
[2024-04-15T17:21:13.131+0000] {processor.py:830} INFO - Processing file /home/airflow/.local/lib/python3.12/site-packages/airflow/example_dags/example_branch_labels.py for tasks to queue
[2024-04-15T17:21:13.132+0000] {logging_mixin.py:188} INFO - [2024-04-15T17:21:13.132+0000] {dagbag.py:540} INFO - Filling up the DagBag from /home/airflow/.local/lib/python3.12/site-packages/airflow/example_dags/example_branch_labels.py
[2024-04-15T17:21:13.136+0000] {processor.py:840} INFO - DAG(s) 'example_branch_labels' retrieved from /home/airflow/.local/lib/python3.12/site-packages/airflow/example_dags/example_branch_labels.py
[2024-04-15T17:21:13.146+0000] {logging_mixin.py:188} INFO - [2024-04-15T17:21:13.146+0000] {dag.py:3096} INFO - Sync 1 DAGs
[2024-04-15T17:21:13.156+0000] {logging_mixin.py:188} INFO - [2024-04-15T17:21:13.156+0000] {dag.py:3954} INFO - Setting next_dagrun for example_branch_labels to 2024-04-14 00:00:00+00:00, run_after=2024-04-15 00:00:00+00:00
[2024-04-15T17:21:13.163+0000] {processor.py:183} INFO - Processing /home/airflow/.local/lib/python3.12/site-packages/airflow/example_dags/example_branch_labels.py took 0.036 seconds
[2024-04-15T17:21:44.320+0000] {processor.py:161} INFO - Started process (PID=1099) to work on /home/airflow/.local/lib/python3.12/site-packages/airflow/example_dags/example_branch_labels.py
[2024-04-15T17:21:44.320+0000] {processor.py:830} INFO - Processing file /home/airflow/.local/lib/python3.12/site-packages/airflow/example_dags/example_branch_labels.py for tasks to queue
[2024-04-15T17:21:44.322+0000] {logging_mixin.py:188} INFO - [2024-04-15T17:21:44.322+0000] {dagbag.py:540} INFO - Filling up the DagBag from /home/airflow/.local/lib/python3.12/site-packages/airflow/example_dags/example_branch_labels.py
[2024-04-15T17:21:44.328+0000] {processor.py:840} INFO - DAG(s) 'example_branch_labels' retrieved from /home/airflow/.local/lib/python3.12/site-packages/airflow/example_dags/example_branch_labels.py
[2024-04-15T17:21:44.343+0000] {logging_mixin.py:188} INFO - [2024-04-15T17:21:44.343+0000] {dag.py:3096} INFO - Sync 1 DAGs
[2024-04-15T17:21:44.496+0000] {logging_mixin.py:188} INFO - [2024-04-15T17:21:44.495+0000] {dag.py:3954} INFO - Setting next_dagrun for example_branch_labels to 2024-04-14 00:00:00+00:00, run_after=2024-04-15 00:00:00+00:00
[2024-04-15T17:21:44.505+0000] {processor.py:183} INFO - Processing /home/airflow/.local/lib/python3.12/site-packages/airflow/example_dags/example_branch_labels.py took 0.188 seconds
[2024-04-15T17:22:50.418+0000] {processor.py:161} INFO - Started process (PID=38) to work on /home/airflow/.local/lib/python3.12/site-packages/airflow/example_dags/example_branch_labels.py
[2024-04-15T17:22:50.423+0000] {processor.py:830} INFO - Processing file /home/airflow/.local/lib/python3.12/site-packages/airflow/example_dags/example_branch_labels.py for tasks to queue
[2024-04-15T17:22:50.428+0000] {logging_mixin.py:188} INFO - [2024-04-15T17:22:50.427+0000] {dagbag.py:540} INFO - Filling up the DagBag from /home/airflow/.local/lib/python3.12/site-packages/airflow/example_dags/example_branch_labels.py
[2024-04-15T17:22:50.454+0000] {processor.py:840} INFO - DAG(s) 'example_branch_labels' retrieved from /home/airflow/.local/lib/python3.12/site-packages/airflow/example_dags/example_branch_labels.py
[2024-04-15T17:22:50.504+0000] {logging_mixin.py:188} INFO - [2024-04-15T17:22:50.503+0000] {dag.py:3096} INFO - Sync 1 DAGs
[2024-04-15T17:22:50.536+0000] {logging_mixin.py:188} INFO - [2024-04-15T17:22:50.535+0000] {dag.py:3954} INFO - Setting next_dagrun for example_branch_labels to 2024-04-14 00:00:00+00:00, run_after=2024-04-15 00:00:00+00:00
[2024-04-15T17:22:50.619+0000] {processor.py:183} INFO - Processing /home/airflow/.local/lib/python3.12/site-packages/airflow/example_dags/example_branch_labels.py took 0.238 seconds
[2024-04-15T17:23:21.449+0000] {processor.py:161} INFO - Started process (PID=97) to work on /home/airflow/.local/lib/python3.12/site-packages/airflow/example_dags/example_branch_labels.py
[2024-04-15T17:23:21.450+0000] {processor.py:830} INFO - Processing file /home/airflow/.local/lib/python3.12/site-packages/airflow/example_dags/example_branch_labels.py for tasks to queue
[2024-04-15T17:23:21.452+0000] {logging_mixin.py:188} INFO - [2024-04-15T17:23:21.451+0000] {dagbag.py:540} INFO - Filling up the DagBag from /home/airflow/.local/lib/python3.12/site-packages/airflow/example_dags/example_branch_labels.py
[2024-04-15T17:23:21.459+0000] {processor.py:840} INFO - DAG(s) 'example_branch_labels' retrieved from /home/airflow/.local/lib/python3.12/site-packages/airflow/example_dags/example_branch_labels.py
[2024-04-15T17:23:21.525+0000] {logging_mixin.py:188} INFO - [2024-04-15T17:23:21.525+0000] {dag.py:3096} INFO - Sync 1 DAGs
[2024-04-15T17:23:21.535+0000] {logging_mixin.py:188} INFO - [2024-04-15T17:23:21.535+0000] {dag.py:3954} INFO - Setting next_dagrun for example_branch_labels to 2024-04-14 00:00:00+00:00, run_after=2024-04-15 00:00:00+00:00
[2024-04-15T17:23:21.548+0000] {processor.py:183} INFO - Processing /home/airflow/.local/lib/python3.12/site-packages/airflow/example_dags/example_branch_labels.py took 0.105 seconds
[2024-04-15T17:23:52.100+0000] {processor.py:161} INFO - Started process (PID=156) to work on /home/airflow/.local/lib/python3.12/site-packages/airflow/example_dags/example_branch_labels.py
[2024-04-15T17:23:52.101+0000] {processor.py:830} INFO - Processing file /home/airflow/.local/lib/python3.12/site-packages/airflow/example_dags/example_branch_labels.py for tasks to queue
[2024-04-15T17:23:52.103+0000] {logging_mixin.py:188} INFO - [2024-04-15T17:23:52.103+0000] {dagbag.py:540} INFO - Filling up the DagBag from /home/airflow/.local/lib/python3.12/site-packages/airflow/example_dags/example_branch_labels.py
[2024-04-15T17:23:52.112+0000] {processor.py:840} INFO - DAG(s) 'example_branch_labels' retrieved from /home/airflow/.local/lib/python3.12/site-packages/airflow/example_dags/example_branch_labels.py
[2024-04-15T17:23:52.130+0000] {logging_mixin.py:188} INFO - [2024-04-15T17:23:52.130+0000] {dag.py:3096} INFO - Sync 1 DAGs
[2024-04-15T17:23:52.144+0000] {logging_mixin.py:188} INFO - [2024-04-15T17:23:52.144+0000] {dag.py:3954} INFO - Setting next_dagrun for example_branch_labels to 2024-04-14 00:00:00+00:00, run_after=2024-04-15 00:00:00+00:00
[2024-04-15T17:23:52.152+0000] {processor.py:183} INFO - Processing /home/airflow/.local/lib/python3.12/site-packages/airflow/example_dags/example_branch_labels.py took 0.060 seconds
[2024-04-15T17:24:22.555+0000] {processor.py:161} INFO - Started process (PID=215) to work on /home/airflow/.local/lib/python3.12/site-packages/airflow/example_dags/example_branch_labels.py
[2024-04-15T17:24:22.557+0000] {processor.py:830} INFO - Processing file /home/airflow/.local/lib/python3.12/site-packages/airflow/example_dags/example_branch_labels.py for tasks to queue
[2024-04-15T17:24:22.562+0000] {logging_mixin.py:188} INFO - [2024-04-15T17:24:22.560+0000] {dagbag.py:540} INFO - Filling up the DagBag from /home/airflow/.local/lib/python3.12/site-packages/airflow/example_dags/example_branch_labels.py
[2024-04-15T17:24:22.580+0000] {processor.py:840} INFO - DAG(s) 'example_branch_labels' retrieved from /home/airflow/.local/lib/python3.12/site-packages/airflow/example_dags/example_branch_labels.py
[2024-04-15T17:24:22.609+0000] {logging_mixin.py:188} INFO - [2024-04-15T17:24:22.609+0000] {dag.py:3096} INFO - Sync 1 DAGs
[2024-04-15T17:24:22.625+0000] {logging_mixin.py:188} INFO - [2024-04-15T17:24:22.625+0000] {dag.py:3954} INFO - Setting next_dagrun for example_branch_labels to 2024-04-14 00:00:00+00:00, run_after=2024-04-15 00:00:00+00:00
[2024-04-15T17:24:22.636+0000] {processor.py:183} INFO - Processing /home/airflow/.local/lib/python3.12/site-packages/airflow/example_dags/example_branch_labels.py took 0.089 seconds
[2024-04-15T17:24:55.729+0000] {processor.py:161} INFO - Started process (PID=277) to work on /home/airflow/.local/lib/python3.12/site-packages/airflow/example_dags/example_branch_labels.py
[2024-04-15T17:24:55.732+0000] {processor.py:830} INFO - Processing file /home/airflow/.local/lib/python3.12/site-packages/airflow/example_dags/example_branch_labels.py for tasks to queue
[2024-04-15T17:24:55.738+0000] {logging_mixin.py:188} INFO - [2024-04-15T17:24:55.737+0000] {dagbag.py:540} INFO - Filling up the DagBag from /home/airflow/.local/lib/python3.12/site-packages/airflow/example_dags/example_branch_labels.py
[2024-04-15T17:24:55.749+0000] {processor.py:840} INFO - DAG(s) 'example_branch_labels' retrieved from /home/airflow/.local/lib/python3.12/site-packages/airflow/example_dags/example_branch_labels.py
[2024-04-15T17:24:56.135+0000] {logging_mixin.py:188} INFO - [2024-04-15T17:24:56.135+0000] {dag.py:3096} INFO - Sync 1 DAGs
[2024-04-15T17:24:56.160+0000] {logging_mixin.py:188} INFO - [2024-04-15T17:24:56.160+0000] {dag.py:3954} INFO - Setting next_dagrun for example_branch_labels to 2024-04-14 00:00:00+00:00, run_after=2024-04-15 00:00:00+00:00
[2024-04-15T17:24:56.172+0000] {processor.py:183} INFO - Processing /home/airflow/.local/lib/python3.12/site-packages/airflow/example_dags/example_branch_labels.py took 0.451 seconds
[2024-04-15T17:26:21.924+0000] {processor.py:161} INFO - Started process (PID=44) to work on /home/airflow/.local/lib/python3.12/site-packages/airflow/example_dags/example_branch_labels.py
[2024-04-15T17:26:21.930+0000] {processor.py:830} INFO - Processing file /home/airflow/.local/lib/python3.12/site-packages/airflow/example_dags/example_branch_labels.py for tasks to queue
[2024-04-15T17:26:21.944+0000] {logging_mixin.py:188} INFO - [2024-04-15T17:26:21.938+0000] {dagbag.py:540} INFO - Filling up the DagBag from /home/airflow/.local/lib/python3.12/site-packages/airflow/example_dags/example_branch_labels.py
[2024-04-15T17:26:22.135+0000] {processor.py:840} INFO - DAG(s) 'example_branch_labels' retrieved from /home/airflow/.local/lib/python3.12/site-packages/airflow/example_dags/example_branch_labels.py
[2024-04-15T17:26:22.248+0000] {logging_mixin.py:188} INFO - [2024-04-15T17:26:22.248+0000] {dag.py:3096} INFO - Sync 1 DAGs
[2024-04-15T17:26:22.487+0000] {logging_mixin.py:188} INFO - [2024-04-15T17:26:22.487+0000] {dag.py:3954} INFO - Setting next_dagrun for example_branch_labels to 2024-04-14 00:00:00+00:00, run_after=2024-04-15 00:00:00+00:00
[2024-04-15T17:26:22.541+0000] {processor.py:183} INFO - Processing /home/airflow/.local/lib/python3.12/site-packages/airflow/example_dags/example_branch_labels.py took 0.663 seconds
[2024-04-15T17:26:53.318+0000] {processor.py:161} INFO - Started process (PID=101) to work on /home/airflow/.local/lib/python3.12/site-packages/airflow/example_dags/example_branch_labels.py
[2024-04-15T17:26:53.319+0000] {processor.py:830} INFO - Processing file /home/airflow/.local/lib/python3.12/site-packages/airflow/example_dags/example_branch_labels.py for tasks to queue
[2024-04-15T17:26:53.324+0000] {logging_mixin.py:188} INFO - [2024-04-15T17:26:53.324+0000] {dagbag.py:540} INFO - Filling up the DagBag from /home/airflow/.local/lib/python3.12/site-packages/airflow/example_dags/example_branch_labels.py
[2024-04-15T17:26:53.334+0000] {processor.py:840} INFO - DAG(s) 'example_branch_labels' retrieved from /home/airflow/.local/lib/python3.12/site-packages/airflow/example_dags/example_branch_labels.py
[2024-04-15T17:26:53.612+0000] {logging_mixin.py:188} INFO - [2024-04-15T17:26:53.612+0000] {dag.py:3096} INFO - Sync 1 DAGs
[2024-04-15T17:26:53.623+0000] {logging_mixin.py:188} INFO - [2024-04-15T17:26:53.623+0000] {dag.py:3954} INFO - Setting next_dagrun for example_branch_labels to 2024-04-14 00:00:00+00:00, run_after=2024-04-15 00:00:00+00:00
[2024-04-15T17:26:53.632+0000] {processor.py:183} INFO - Processing /home/airflow/.local/lib/python3.12/site-packages/airflow/example_dags/example_branch_labels.py took 0.325 seconds
[2024-04-15T17:27:24.247+0000] {processor.py:161} INFO - Started process (PID=161) to work on /home/airflow/.local/lib/python3.12/site-packages/airflow/example_dags/example_branch_labels.py
[2024-04-15T17:27:24.249+0000] {processor.py:830} INFO - Processing file /home/airflow/.local/lib/python3.12/site-packages/airflow/example_dags/example_branch_labels.py for tasks to queue
[2024-04-15T17:27:24.251+0000] {logging_mixin.py:188} INFO - [2024-04-15T17:27:24.251+0000] {dagbag.py:540} INFO - Filling up the DagBag from /home/airflow/.local/lib/python3.12/site-packages/airflow/example_dags/example_branch_labels.py
[2024-04-15T17:27:24.261+0000] {processor.py:840} INFO - DAG(s) 'example_branch_labels' retrieved from /home/airflow/.local/lib/python3.12/site-packages/airflow/example_dags/example_branch_labels.py
[2024-04-15T17:27:24.283+0000] {logging_mixin.py:188} INFO - [2024-04-15T17:27:24.283+0000] {dag.py:3096} INFO - Sync 1 DAGs
[2024-04-15T17:27:24.299+0000] {logging_mixin.py:188} INFO - [2024-04-15T17:27:24.299+0000] {dag.py:3954} INFO - Setting next_dagrun for example_branch_labels to 2024-04-14 00:00:00+00:00, run_after=2024-04-15 00:00:00+00:00
[2024-04-15T17:27:24.308+0000] {processor.py:183} INFO - Processing /home/airflow/.local/lib/python3.12/site-packages/airflow/example_dags/example_branch_labels.py took 0.070 seconds
[2024-04-15T17:27:54.697+0000] {processor.py:161} INFO - Started process (PID=221) to work on /home/airflow/.local/lib/python3.12/site-packages/airflow/example_dags/example_branch_labels.py
[2024-04-15T17:27:54.698+0000] {processor.py:830} INFO - Processing file /home/airflow/.local/lib/python3.12/site-packages/airflow/example_dags/example_branch_labels.py for tasks to queue
[2024-04-15T17:27:54.700+0000] {logging_mixin.py:188} INFO - [2024-04-15T17:27:54.699+0000] {dagbag.py:540} INFO - Filling up the DagBag from /home/airflow/.local/lib/python3.12/site-packages/airflow/example_dags/example_branch_labels.py
[2024-04-15T17:27:54.707+0000] {processor.py:840} INFO - DAG(s) 'example_branch_labels' retrieved from /home/airflow/.local/lib/python3.12/site-packages/airflow/example_dags/example_branch_labels.py
[2024-04-15T17:27:54.723+0000] {logging_mixin.py:188} INFO - [2024-04-15T17:27:54.723+0000] {dag.py:3096} INFO - Sync 1 DAGs
[2024-04-15T17:27:54.737+0000] {logging_mixin.py:188} INFO - [2024-04-15T17:27:54.737+0000] {dag.py:3954} INFO - Setting next_dagrun for example_branch_labels to 2024-04-14 00:00:00+00:00, run_after=2024-04-15 00:00:00+00:00
[2024-04-15T17:27:54.746+0000] {processor.py:183} INFO - Processing /home/airflow/.local/lib/python3.12/site-packages/airflow/example_dags/example_branch_labels.py took 0.055 seconds
[2024-04-15T17:28:25.422+0000] {processor.py:161} INFO - Started process (PID=281) to work on /home/airflow/.local/lib/python3.12/site-packages/airflow/example_dags/example_branch_labels.py
[2024-04-15T17:28:25.433+0000] {processor.py:830} INFO - Processing file /home/airflow/.local/lib/python3.12/site-packages/airflow/example_dags/example_branch_labels.py for tasks to queue
[2024-04-15T17:28:25.513+0000] {logging_mixin.py:188} INFO - [2024-04-15T17:28:25.512+0000] {dagbag.py:540} INFO - Filling up the DagBag from /home/airflow/.local/lib/python3.12/site-packages/airflow/example_dags/example_branch_labels.py
[2024-04-15T17:28:25.678+0000] {processor.py:840} INFO - DAG(s) 'example_branch_labels' retrieved from /home/airflow/.local/lib/python3.12/site-packages/airflow/example_dags/example_branch_labels.py
[2024-04-15T17:28:25.849+0000] {logging_mixin.py:188} INFO - [2024-04-15T17:28:25.847+0000] {dag.py:3096} INFO - Sync 1 DAGs
[2024-04-15T17:28:25.919+0000] {logging_mixin.py:188} INFO - [2024-04-15T17:28:25.918+0000] {dag.py:3954} INFO - Setting next_dagrun for example_branch_labels to 2024-04-14 00:00:00+00:00, run_after=2024-04-15 00:00:00+00:00
[2024-04-15T17:28:25.968+0000] {processor.py:183} INFO - Processing /home/airflow/.local/lib/python3.12/site-packages/airflow/example_dags/example_branch_labels.py took 0.755 seconds
[2024-04-15T17:28:56.099+0000] {processor.py:161} INFO - Started process (PID=341) to work on /home/airflow/.local/lib/python3.12/site-packages/airflow/example_dags/example_branch_labels.py
[2024-04-15T17:28:56.100+0000] {processor.py:830} INFO - Processing file /home/airflow/.local/lib/python3.12/site-packages/airflow/example_dags/example_branch_labels.py for tasks to queue
[2024-04-15T17:28:56.102+0000] {logging_mixin.py:188} INFO - [2024-04-15T17:28:56.102+0000] {dagbag.py:540} INFO - Filling up the DagBag from /home/airflow/.local/lib/python3.12/site-packages/airflow/example_dags/example_branch_labels.py
[2024-04-15T17:28:56.114+0000] {processor.py:840} INFO - DAG(s) 'example_branch_labels' retrieved from /home/airflow/.local/lib/python3.12/site-packages/airflow/example_dags/example_branch_labels.py
[2024-04-15T17:28:56.137+0000] {logging_mixin.py:188} INFO - [2024-04-15T17:28:56.137+0000] {dag.py:3096} INFO - Sync 1 DAGs
[2024-04-15T17:28:56.155+0000] {logging_mixin.py:188} INFO - [2024-04-15T17:28:56.154+0000] {dag.py:3954} INFO - Setting next_dagrun for example_branch_labels to 2024-04-14 00:00:00+00:00, run_after=2024-04-15 00:00:00+00:00
[2024-04-15T17:28:56.167+0000] {processor.py:183} INFO - Processing /home/airflow/.local/lib/python3.12/site-packages/airflow/example_dags/example_branch_labels.py took 0.074 seconds
[2024-04-15T17:29:26.660+0000] {processor.py:161} INFO - Started process (PID=401) to work on /home/airflow/.local/lib/python3.12/site-packages/airflow/example_dags/example_branch_labels.py
[2024-04-15T17:29:26.662+0000] {processor.py:830} INFO - Processing file /home/airflow/.local/lib/python3.12/site-packages/airflow/example_dags/example_branch_labels.py for tasks to queue
[2024-04-15T17:29:26.665+0000] {logging_mixin.py:188} INFO - [2024-04-15T17:29:26.664+0000] {dagbag.py:540} INFO - Filling up the DagBag from /home/airflow/.local/lib/python3.12/site-packages/airflow/example_dags/example_branch_labels.py
[2024-04-15T17:29:26.675+0000] {processor.py:840} INFO - DAG(s) 'example_branch_labels' retrieved from /home/airflow/.local/lib/python3.12/site-packages/airflow/example_dags/example_branch_labels.py
[2024-04-15T17:29:26.699+0000] {logging_mixin.py:188} INFO - [2024-04-15T17:29:26.699+0000] {dag.py:3096} INFO - Sync 1 DAGs
[2024-04-15T17:29:26.772+0000] {logging_mixin.py:188} INFO - [2024-04-15T17:29:26.772+0000] {dag.py:3954} INFO - Setting next_dagrun for example_branch_labels to 2024-04-14 00:00:00+00:00, run_after=2024-04-15 00:00:00+00:00
[2024-04-15T17:29:26.792+0000] {processor.py:183} INFO - Processing /home/airflow/.local/lib/python3.12/site-packages/airflow/example_dags/example_branch_labels.py took 0.140 seconds
[2024-04-15T17:29:57.005+0000] {processor.py:161} INFO - Started process (PID=461) to work on /home/airflow/.local/lib/python3.12/site-packages/airflow/example_dags/example_branch_labels.py
[2024-04-15T17:29:57.007+0000] {processor.py:830} INFO - Processing file /home/airflow/.local/lib/python3.12/site-packages/airflow/example_dags/example_branch_labels.py for tasks to queue
[2024-04-15T17:29:57.010+0000] {logging_mixin.py:188} INFO - [2024-04-15T17:29:57.009+0000] {dagbag.py:540} INFO - Filling up the DagBag from /home/airflow/.local/lib/python3.12/site-packages/airflow/example_dags/example_branch_labels.py
[2024-04-15T17:29:57.020+0000] {processor.py:840} INFO - DAG(s) 'example_branch_labels' retrieved from /home/airflow/.local/lib/python3.12/site-packages/airflow/example_dags/example_branch_labels.py
[2024-04-15T17:29:57.038+0000] {logging_mixin.py:188} INFO - [2024-04-15T17:29:57.038+0000] {dag.py:3096} INFO - Sync 1 DAGs
[2024-04-15T17:29:57.052+0000] {logging_mixin.py:188} INFO - [2024-04-15T17:29:57.052+0000] {dag.py:3954} INFO - Setting next_dagrun for example_branch_labels to 2024-04-14 00:00:00+00:00, run_after=2024-04-15 00:00:00+00:00
[2024-04-15T17:29:57.060+0000] {processor.py:183} INFO - Processing /home/airflow/.local/lib/python3.12/site-packages/airflow/example_dags/example_branch_labels.py took 0.065 seconds
[2024-04-15T17:30:27.306+0000] {processor.py:161} INFO - Started process (PID=523) to work on /home/airflow/.local/lib/python3.12/site-packages/airflow/example_dags/example_branch_labels.py
[2024-04-15T17:30:27.307+0000] {processor.py:830} INFO - Processing file /home/airflow/.local/lib/python3.12/site-packages/airflow/example_dags/example_branch_labels.py for tasks to queue
[2024-04-15T17:30:27.308+0000] {logging_mixin.py:188} INFO - [2024-04-15T17:30:27.308+0000] {dagbag.py:540} INFO - Filling up the DagBag from /home/airflow/.local/lib/python3.12/site-packages/airflow/example_dags/example_branch_labels.py
[2024-04-15T17:30:27.314+0000] {processor.py:840} INFO - DAG(s) 'example_branch_labels' retrieved from /home/airflow/.local/lib/python3.12/site-packages/airflow/example_dags/example_branch_labels.py
[2024-04-15T17:30:27.326+0000] {logging_mixin.py:188} INFO - [2024-04-15T17:30:27.326+0000] {dag.py:3096} INFO - Sync 1 DAGs
[2024-04-15T17:30:27.336+0000] {logging_mixin.py:188} INFO - [2024-04-15T17:30:27.336+0000] {dag.py:3954} INFO - Setting next_dagrun for example_branch_labels to 2024-04-14 00:00:00+00:00, run_after=2024-04-15 00:00:00+00:00
[2024-04-15T17:30:27.344+0000] {processor.py:183} INFO - Processing /home/airflow/.local/lib/python3.12/site-packages/airflow/example_dags/example_branch_labels.py took 0.043 seconds
[2024-04-15T17:30:57.548+0000] {processor.py:161} INFO - Started process (PID=582) to work on /home/airflow/.local/lib/python3.12/site-packages/airflow/example_dags/example_branch_labels.py
[2024-04-15T17:30:57.549+0000] {processor.py:830} INFO - Processing file /home/airflow/.local/lib/python3.12/site-packages/airflow/example_dags/example_branch_labels.py for tasks to queue
[2024-04-15T17:30:57.552+0000] {logging_mixin.py:188} INFO - [2024-04-15T17:30:57.552+0000] {dagbag.py:540} INFO - Filling up the DagBag from /home/airflow/.local/lib/python3.12/site-packages/airflow/example_dags/example_branch_labels.py
[2024-04-15T17:30:57.563+0000] {processor.py:840} INFO - DAG(s) 'example_branch_labels' retrieved from /home/airflow/.local/lib/python3.12/site-packages/airflow/example_dags/example_branch_labels.py
[2024-04-15T17:30:57.582+0000] {logging_mixin.py:188} INFO - [2024-04-15T17:30:57.582+0000] {dag.py:3096} INFO - Sync 1 DAGs
[2024-04-15T17:30:57.595+0000] {logging_mixin.py:188} INFO - [2024-04-15T17:30:57.595+0000] {dag.py:3954} INFO - Setting next_dagrun for example_branch_labels to 2024-04-14 00:00:00+00:00, run_after=2024-04-15 00:00:00+00:00
[2024-04-15T17:30:57.605+0000] {processor.py:183} INFO - Processing /home/airflow/.local/lib/python3.12/site-packages/airflow/example_dags/example_branch_labels.py took 0.069 seconds
[2024-04-15T17:31:28.411+0000] {processor.py:161} INFO - Started process (PID=642) to work on /home/airflow/.local/lib/python3.12/site-packages/airflow/example_dags/example_branch_labels.py
[2024-04-15T17:31:28.413+0000] {processor.py:830} INFO - Processing file /home/airflow/.local/lib/python3.12/site-packages/airflow/example_dags/example_branch_labels.py for tasks to queue
[2024-04-15T17:31:28.417+0000] {logging_mixin.py:188} INFO - [2024-04-15T17:31:28.416+0000] {dagbag.py:540} INFO - Filling up the DagBag from /home/airflow/.local/lib/python3.12/site-packages/airflow/example_dags/example_branch_labels.py
[2024-04-15T17:31:28.427+0000] {processor.py:840} INFO - DAG(s) 'example_branch_labels' retrieved from /home/airflow/.local/lib/python3.12/site-packages/airflow/example_dags/example_branch_labels.py
[2024-04-15T17:31:28.442+0000] {logging_mixin.py:188} INFO - [2024-04-15T17:31:28.442+0000] {dag.py:3096} INFO - Sync 1 DAGs
[2024-04-15T17:31:28.454+0000] {logging_mixin.py:188} INFO - [2024-04-15T17:31:28.454+0000] {dag.py:3954} INFO - Setting next_dagrun for example_branch_labels to 2024-04-14 00:00:00+00:00, run_after=2024-04-15 00:00:00+00:00
[2024-04-15T17:31:28.461+0000] {processor.py:183} INFO - Processing /home/airflow/.local/lib/python3.12/site-packages/airflow/example_dags/example_branch_labels.py took 0.062 seconds
[2024-04-15T17:31:58.994+0000] {processor.py:161} INFO - Started process (PID=708) to work on /home/airflow/.local/lib/python3.12/site-packages/airflow/example_dags/example_branch_labels.py
[2024-04-15T17:31:58.995+0000] {processor.py:830} INFO - Processing file /home/airflow/.local/lib/python3.12/site-packages/airflow/example_dags/example_branch_labels.py for tasks to queue
[2024-04-15T17:31:58.999+0000] {logging_mixin.py:188} INFO - [2024-04-15T17:31:58.998+0000] {dagbag.py:540} INFO - Filling up the DagBag from /home/airflow/.local/lib/python3.12/site-packages/airflow/example_dags/example_branch_labels.py
[2024-04-15T17:31:59.009+0000] {processor.py:840} INFO - DAG(s) 'example_branch_labels' retrieved from /home/airflow/.local/lib/python3.12/site-packages/airflow/example_dags/example_branch_labels.py
[2024-04-15T17:31:59.025+0000] {logging_mixin.py:188} INFO - [2024-04-15T17:31:59.025+0000] {dag.py:3096} INFO - Sync 1 DAGs
[2024-04-15T17:31:59.041+0000] {logging_mixin.py:188} INFO - [2024-04-15T17:31:59.041+0000] {dag.py:3954} INFO - Setting next_dagrun for example_branch_labels to 2024-04-14 00:00:00+00:00, run_after=2024-04-15 00:00:00+00:00
[2024-04-15T17:31:59.050+0000] {processor.py:183} INFO - Processing /home/airflow/.local/lib/python3.12/site-packages/airflow/example_dags/example_branch_labels.py took 0.067 seconds
[2024-04-15T17:32:29.309+0000] {processor.py:161} INFO - Started process (PID=768) to work on /home/airflow/.local/lib/python3.12/site-packages/airflow/example_dags/example_branch_labels.py
[2024-04-15T17:32:29.310+0000] {processor.py:830} INFO - Processing file /home/airflow/.local/lib/python3.12/site-packages/airflow/example_dags/example_branch_labels.py for tasks to queue
[2024-04-15T17:32:29.313+0000] {logging_mixin.py:188} INFO - [2024-04-15T17:32:29.312+0000] {dagbag.py:540} INFO - Filling up the DagBag from /home/airflow/.local/lib/python3.12/site-packages/airflow/example_dags/example_branch_labels.py
[2024-04-15T17:32:29.322+0000] {processor.py:840} INFO - DAG(s) 'example_branch_labels' retrieved from /home/airflow/.local/lib/python3.12/site-packages/airflow/example_dags/example_branch_labels.py
[2024-04-15T17:32:29.339+0000] {logging_mixin.py:188} INFO - [2024-04-15T17:32:29.339+0000] {dag.py:3096} INFO - Sync 1 DAGs
[2024-04-15T17:32:29.353+0000] {logging_mixin.py:188} INFO - [2024-04-15T17:32:29.353+0000] {dag.py:3954} INFO - Setting next_dagrun for example_branch_labels to 2024-04-14 00:00:00+00:00, run_after=2024-04-15 00:00:00+00:00
[2024-04-15T17:32:29.362+0000] {processor.py:183} INFO - Processing /home/airflow/.local/lib/python3.12/site-packages/airflow/example_dags/example_branch_labels.py took 0.061 seconds
[2024-04-15T17:32:59.584+0000] {processor.py:161} INFO - Started process (PID=828) to work on /home/airflow/.local/lib/python3.12/site-packages/airflow/example_dags/example_branch_labels.py
[2024-04-15T17:32:59.585+0000] {processor.py:830} INFO - Processing file /home/airflow/.local/lib/python3.12/site-packages/airflow/example_dags/example_branch_labels.py for tasks to queue
[2024-04-15T17:32:59.588+0000] {logging_mixin.py:188} INFO - [2024-04-15T17:32:59.588+0000] {dagbag.py:540} INFO - Filling up the DagBag from /home/airflow/.local/lib/python3.12/site-packages/airflow/example_dags/example_branch_labels.py
[2024-04-15T17:32:59.603+0000] {processor.py:840} INFO - DAG(s) 'example_branch_labels' retrieved from /home/airflow/.local/lib/python3.12/site-packages/airflow/example_dags/example_branch_labels.py
[2024-04-15T17:32:59.635+0000] {logging_mixin.py:188} INFO - [2024-04-15T17:32:59.635+0000] {dag.py:3096} INFO - Sync 1 DAGs
[2024-04-15T17:32:59.664+0000] {logging_mixin.py:188} INFO - [2024-04-15T17:32:59.664+0000] {dag.py:3954} INFO - Setting next_dagrun for example_branch_labels to 2024-04-14 00:00:00+00:00, run_after=2024-04-15 00:00:00+00:00
[2024-04-15T17:32:59.679+0000] {processor.py:183} INFO - Processing /home/airflow/.local/lib/python3.12/site-packages/airflow/example_dags/example_branch_labels.py took 0.118 seconds
[2024-04-15T17:33:29.746+0000] {processor.py:161} INFO - Started process (PID=888) to work on /home/airflow/.local/lib/python3.12/site-packages/airflow/example_dags/example_branch_labels.py
[2024-04-15T17:33:29.748+0000] {processor.py:830} INFO - Processing file /home/airflow/.local/lib/python3.12/site-packages/airflow/example_dags/example_branch_labels.py for tasks to queue
[2024-04-15T17:33:29.751+0000] {logging_mixin.py:188} INFO - [2024-04-15T17:33:29.751+0000] {dagbag.py:540} INFO - Filling up the DagBag from /home/airflow/.local/lib/python3.12/site-packages/airflow/example_dags/example_branch_labels.py
[2024-04-15T17:33:29.760+0000] {processor.py:840} INFO - DAG(s) 'example_branch_labels' retrieved from /home/airflow/.local/lib/python3.12/site-packages/airflow/example_dags/example_branch_labels.py
[2024-04-15T17:33:29.777+0000] {logging_mixin.py:188} INFO - [2024-04-15T17:33:29.777+0000] {dag.py:3096} INFO - Sync 1 DAGs
[2024-04-15T17:33:29.790+0000] {logging_mixin.py:188} INFO - [2024-04-15T17:33:29.790+0000] {dag.py:3954} INFO - Setting next_dagrun for example_branch_labels to 2024-04-14 00:00:00+00:00, run_after=2024-04-15 00:00:00+00:00
[2024-04-15T17:33:29.803+0000] {processor.py:183} INFO - Processing /home/airflow/.local/lib/python3.12/site-packages/airflow/example_dags/example_branch_labels.py took 0.078 seconds
[2024-04-15T17:34:00.135+0000] {processor.py:161} INFO - Started process (PID=948) to work on /home/airflow/.local/lib/python3.12/site-packages/airflow/example_dags/example_branch_labels.py
[2024-04-15T17:34:00.136+0000] {processor.py:830} INFO - Processing file /home/airflow/.local/lib/python3.12/site-packages/airflow/example_dags/example_branch_labels.py for tasks to queue
[2024-04-15T17:34:00.137+0000] {logging_mixin.py:188} INFO - [2024-04-15T17:34:00.137+0000] {dagbag.py:540} INFO - Filling up the DagBag from /home/airflow/.local/lib/python3.12/site-packages/airflow/example_dags/example_branch_labels.py
[2024-04-15T17:34:00.143+0000] {processor.py:840} INFO - DAG(s) 'example_branch_labels' retrieved from /home/airflow/.local/lib/python3.12/site-packages/airflow/example_dags/example_branch_labels.py
[2024-04-15T17:34:00.155+0000] {logging_mixin.py:188} INFO - [2024-04-15T17:34:00.155+0000] {dag.py:3096} INFO - Sync 1 DAGs
[2024-04-15T17:34:00.168+0000] {logging_mixin.py:188} INFO - [2024-04-15T17:34:00.167+0000] {dag.py:3954} INFO - Setting next_dagrun for example_branch_labels to 2024-04-14 00:00:00+00:00, run_after=2024-04-15 00:00:00+00:00
[2024-04-15T17:34:00.176+0000] {processor.py:183} INFO - Processing /home/airflow/.local/lib/python3.12/site-packages/airflow/example_dags/example_branch_labels.py took 0.045 seconds
[2024-04-15T17:34:30.566+0000] {processor.py:161} INFO - Started process (PID=1008) to work on /home/airflow/.local/lib/python3.12/site-packages/airflow/example_dags/example_branch_labels.py
[2024-04-15T17:34:30.567+0000] {processor.py:830} INFO - Processing file /home/airflow/.local/lib/python3.12/site-packages/airflow/example_dags/example_branch_labels.py for tasks to queue
[2024-04-15T17:34:30.569+0000] {logging_mixin.py:188} INFO - [2024-04-15T17:34:30.569+0000] {dagbag.py:540} INFO - Filling up the DagBag from /home/airflow/.local/lib/python3.12/site-packages/airflow/example_dags/example_branch_labels.py
[2024-04-15T17:34:30.575+0000] {processor.py:840} INFO - DAG(s) 'example_branch_labels' retrieved from /home/airflow/.local/lib/python3.12/site-packages/airflow/example_dags/example_branch_labels.py
[2024-04-15T17:34:30.589+0000] {logging_mixin.py:188} INFO - [2024-04-15T17:34:30.589+0000] {dag.py:3096} INFO - Sync 1 DAGs
[2024-04-15T17:34:30.600+0000] {logging_mixin.py:188} INFO - [2024-04-15T17:34:30.600+0000] {dag.py:3954} INFO - Setting next_dagrun for example_branch_labels to 2024-04-14 00:00:00+00:00, run_after=2024-04-15 00:00:00+00:00
[2024-04-15T17:34:30.608+0000] {processor.py:183} INFO - Processing /home/airflow/.local/lib/python3.12/site-packages/airflow/example_dags/example_branch_labels.py took 0.048 seconds
[2024-04-15T17:35:01.198+0000] {processor.py:161} INFO - Started process (PID=1068) to work on /home/airflow/.local/lib/python3.12/site-packages/airflow/example_dags/example_branch_labels.py
[2024-04-15T17:35:01.200+0000] {processor.py:830} INFO - Processing file /home/airflow/.local/lib/python3.12/site-packages/airflow/example_dags/example_branch_labels.py for tasks to queue
[2024-04-15T17:35:01.201+0000] {logging_mixin.py:188} INFO - [2024-04-15T17:35:01.201+0000] {dagbag.py:540} INFO - Filling up the DagBag from /home/airflow/.local/lib/python3.12/site-packages/airflow/example_dags/example_branch_labels.py
[2024-04-15T17:35:01.208+0000] {processor.py:840} INFO - DAG(s) 'example_branch_labels' retrieved from /home/airflow/.local/lib/python3.12/site-packages/airflow/example_dags/example_branch_labels.py
[2024-04-15T17:35:01.228+0000] {logging_mixin.py:188} INFO - [2024-04-15T17:35:01.227+0000] {dag.py:3096} INFO - Sync 1 DAGs
[2024-04-15T17:35:01.247+0000] {logging_mixin.py:188} INFO - [2024-04-15T17:35:01.247+0000] {dag.py:3954} INFO - Setting next_dagrun for example_branch_labels to 2024-04-14 00:00:00+00:00, run_after=2024-04-15 00:00:00+00:00
[2024-04-15T17:35:01.262+0000] {processor.py:183} INFO - Processing /home/airflow/.local/lib/python3.12/site-packages/airflow/example_dags/example_branch_labels.py took 0.070 seconds
[2024-04-15T17:35:31.557+0000] {processor.py:161} INFO - Started process (PID=1128) to work on /home/airflow/.local/lib/python3.12/site-packages/airflow/example_dags/example_branch_labels.py
[2024-04-15T17:35:31.558+0000] {processor.py:830} INFO - Processing file /home/airflow/.local/lib/python3.12/site-packages/airflow/example_dags/example_branch_labels.py for tasks to queue
[2024-04-15T17:35:31.560+0000] {logging_mixin.py:188} INFO - [2024-04-15T17:35:31.560+0000] {dagbag.py:540} INFO - Filling up the DagBag from /home/airflow/.local/lib/python3.12/site-packages/airflow/example_dags/example_branch_labels.py
[2024-04-15T17:35:31.572+0000] {processor.py:840} INFO - DAG(s) 'example_branch_labels' retrieved from /home/airflow/.local/lib/python3.12/site-packages/airflow/example_dags/example_branch_labels.py
[2024-04-15T17:35:31.614+0000] {logging_mixin.py:188} INFO - [2024-04-15T17:35:31.614+0000] {dag.py:3096} INFO - Sync 1 DAGs
[2024-04-15T17:35:31.626+0000] {logging_mixin.py:188} INFO - [2024-04-15T17:35:31.626+0000] {dag.py:3954} INFO - Setting next_dagrun for example_branch_labels to 2024-04-14 00:00:00+00:00, run_after=2024-04-15 00:00:00+00:00
[2024-04-15T17:35:31.634+0000] {processor.py:183} INFO - Processing /home/airflow/.local/lib/python3.12/site-packages/airflow/example_dags/example_branch_labels.py took 0.087 seconds
[2024-04-15T17:36:02.254+0000] {processor.py:161} INFO - Started process (PID=1188) to work on /home/airflow/.local/lib/python3.12/site-packages/airflow/example_dags/example_branch_labels.py
[2024-04-15T17:36:02.255+0000] {processor.py:830} INFO - Processing file /home/airflow/.local/lib/python3.12/site-packages/airflow/example_dags/example_branch_labels.py for tasks to queue
[2024-04-15T17:36:02.258+0000] {logging_mixin.py:188} INFO - [2024-04-15T17:36:02.258+0000] {dagbag.py:540} INFO - Filling up the DagBag from /home/airflow/.local/lib/python3.12/site-packages/airflow/example_dags/example_branch_labels.py
[2024-04-15T17:36:02.272+0000] {processor.py:840} INFO - DAG(s) 'example_branch_labels' retrieved from /home/airflow/.local/lib/python3.12/site-packages/airflow/example_dags/example_branch_labels.py
[2024-04-15T17:36:02.301+0000] {logging_mixin.py:188} INFO - [2024-04-15T17:36:02.301+0000] {dag.py:3096} INFO - Sync 1 DAGs
[2024-04-15T17:36:02.323+0000] {logging_mixin.py:188} INFO - [2024-04-15T17:36:02.322+0000] {dag.py:3954} INFO - Setting next_dagrun for example_branch_labels to 2024-04-14 00:00:00+00:00, run_after=2024-04-15 00:00:00+00:00
[2024-04-15T17:36:02.334+0000] {processor.py:183} INFO - Processing /home/airflow/.local/lib/python3.12/site-packages/airflow/example_dags/example_branch_labels.py took 0.108 seconds
[2024-04-15T17:36:32.806+0000] {processor.py:161} INFO - Started process (PID=1247) to work on /home/airflow/.local/lib/python3.12/site-packages/airflow/example_dags/example_branch_labels.py
[2024-04-15T17:36:32.808+0000] {processor.py:830} INFO - Processing file /home/airflow/.local/lib/python3.12/site-packages/airflow/example_dags/example_branch_labels.py for tasks to queue
[2024-04-15T17:36:32.810+0000] {logging_mixin.py:188} INFO - [2024-04-15T17:36:32.810+0000] {dagbag.py:540} INFO - Filling up the DagBag from /home/airflow/.local/lib/python3.12/site-packages/airflow/example_dags/example_branch_labels.py
[2024-04-15T17:36:32.820+0000] {processor.py:840} INFO - DAG(s) 'example_branch_labels' retrieved from /home/airflow/.local/lib/python3.12/site-packages/airflow/example_dags/example_branch_labels.py
[2024-04-15T17:36:32.846+0000] {logging_mixin.py:188} INFO - [2024-04-15T17:36:32.846+0000] {dag.py:3096} INFO - Sync 1 DAGs
[2024-04-15T17:36:32.874+0000] {logging_mixin.py:188} INFO - [2024-04-15T17:36:32.874+0000] {dag.py:3954} INFO - Setting next_dagrun for example_branch_labels to 2024-04-14 00:00:00+00:00, run_after=2024-04-15 00:00:00+00:00
[2024-04-15T17:36:32.883+0000] {processor.py:183} INFO - Processing /home/airflow/.local/lib/python3.12/site-packages/airflow/example_dags/example_branch_labels.py took 0.086 seconds
[2024-04-15T17:37:03.120+0000] {processor.py:161} INFO - Started process (PID=1307) to work on /home/airflow/.local/lib/python3.12/site-packages/airflow/example_dags/example_branch_labels.py
[2024-04-15T17:37:03.122+0000] {processor.py:830} INFO - Processing file /home/airflow/.local/lib/python3.12/site-packages/airflow/example_dags/example_branch_labels.py for tasks to queue
[2024-04-15T17:37:03.125+0000] {logging_mixin.py:188} INFO - [2024-04-15T17:37:03.125+0000] {dagbag.py:540} INFO - Filling up the DagBag from /home/airflow/.local/lib/python3.12/site-packages/airflow/example_dags/example_branch_labels.py
[2024-04-15T17:37:03.155+0000] {processor.py:840} INFO - DAG(s) 'example_branch_labels' retrieved from /home/airflow/.local/lib/python3.12/site-packages/airflow/example_dags/example_branch_labels.py
[2024-04-15T17:37:03.222+0000] {logging_mixin.py:188} INFO - [2024-04-15T17:37:03.222+0000] {dag.py:3096} INFO - Sync 1 DAGs
[2024-04-15T17:37:03.259+0000] {logging_mixin.py:188} INFO - [2024-04-15T17:37:03.259+0000] {dag.py:3954} INFO - Setting next_dagrun for example_branch_labels to 2024-04-14 00:00:00+00:00, run_after=2024-04-15 00:00:00+00:00
[2024-04-15T17:37:03.289+0000] {processor.py:183} INFO - Processing /home/airflow/.local/lib/python3.12/site-packages/airflow/example_dags/example_branch_labels.py took 0.182 seconds
[2024-04-15T17:37:33.631+0000] {processor.py:161} INFO - Started process (PID=1367) to work on /home/airflow/.local/lib/python3.12/site-packages/airflow/example_dags/example_branch_labels.py
[2024-04-15T17:37:33.633+0000] {processor.py:830} INFO - Processing file /home/airflow/.local/lib/python3.12/site-packages/airflow/example_dags/example_branch_labels.py for tasks to queue
[2024-04-15T17:37:33.636+0000] {logging_mixin.py:188} INFO - [2024-04-15T17:37:33.635+0000] {dagbag.py:540} INFO - Filling up the DagBag from /home/airflow/.local/lib/python3.12/site-packages/airflow/example_dags/example_branch_labels.py
[2024-04-15T17:37:33.645+0000] {processor.py:840} INFO - DAG(s) 'example_branch_labels' retrieved from /home/airflow/.local/lib/python3.12/site-packages/airflow/example_dags/example_branch_labels.py
[2024-04-15T17:37:33.664+0000] {logging_mixin.py:188} INFO - [2024-04-15T17:37:33.664+0000] {dag.py:3096} INFO - Sync 1 DAGs
[2024-04-15T17:37:33.677+0000] {logging_mixin.py:188} INFO - [2024-04-15T17:37:33.677+0000] {dag.py:3954} INFO - Setting next_dagrun for example_branch_labels to 2024-04-14 00:00:00+00:00, run_after=2024-04-15 00:00:00+00:00
[2024-04-15T17:37:33.686+0000] {processor.py:183} INFO - Processing /home/airflow/.local/lib/python3.12/site-packages/airflow/example_dags/example_branch_labels.py took 0.067 seconds
[2024-04-15T17:38:03.972+0000] {processor.py:161} INFO - Started process (PID=1427) to work on /home/airflow/.local/lib/python3.12/site-packages/airflow/example_dags/example_branch_labels.py
[2024-04-15T17:38:03.974+0000] {processor.py:830} INFO - Processing file /home/airflow/.local/lib/python3.12/site-packages/airflow/example_dags/example_branch_labels.py for tasks to queue
[2024-04-15T17:38:03.976+0000] {logging_mixin.py:188} INFO - [2024-04-15T17:38:03.976+0000] {dagbag.py:540} INFO - Filling up the DagBag from /home/airflow/.local/lib/python3.12/site-packages/airflow/example_dags/example_branch_labels.py
[2024-04-15T17:38:03.985+0000] {processor.py:840} INFO - DAG(s) 'example_branch_labels' retrieved from /home/airflow/.local/lib/python3.12/site-packages/airflow/example_dags/example_branch_labels.py
[2024-04-15T17:38:04.007+0000] {logging_mixin.py:188} INFO - [2024-04-15T17:38:04.006+0000] {dag.py:3096} INFO - Sync 1 DAGs
[2024-04-15T17:38:04.022+0000] {logging_mixin.py:188} INFO - [2024-04-15T17:38:04.022+0000] {dag.py:3954} INFO - Setting next_dagrun for example_branch_labels to 2024-04-14 00:00:00+00:00, run_after=2024-04-15 00:00:00+00:00
[2024-04-15T17:38:04.032+0000] {processor.py:183} INFO - Processing /home/airflow/.local/lib/python3.12/site-packages/airflow/example_dags/example_branch_labels.py took 0.067 seconds
[2024-04-15T17:38:34.154+0000] {processor.py:161} INFO - Started process (PID=1485) to work on /home/airflow/.local/lib/python3.12/site-packages/airflow/example_dags/example_branch_labels.py
[2024-04-15T17:38:34.156+0000] {processor.py:830} INFO - Processing file /home/airflow/.local/lib/python3.12/site-packages/airflow/example_dags/example_branch_labels.py for tasks to queue
[2024-04-15T17:38:34.158+0000] {logging_mixin.py:188} INFO - [2024-04-15T17:38:34.158+0000] {dagbag.py:540} INFO - Filling up the DagBag from /home/airflow/.local/lib/python3.12/site-packages/airflow/example_dags/example_branch_labels.py
[2024-04-15T17:38:34.166+0000] {processor.py:840} INFO - DAG(s) 'example_branch_labels' retrieved from /home/airflow/.local/lib/python3.12/site-packages/airflow/example_dags/example_branch_labels.py
[2024-04-15T17:38:34.186+0000] {logging_mixin.py:188} INFO - [2024-04-15T17:38:34.186+0000] {dag.py:3096} INFO - Sync 1 DAGs
[2024-04-15T17:38:34.201+0000] {logging_mixin.py:188} INFO - [2024-04-15T17:38:34.201+0000] {dag.py:3954} INFO - Setting next_dagrun for example_branch_labels to 2024-04-14 00:00:00+00:00, run_after=2024-04-15 00:00:00+00:00
[2024-04-15T17:38:34.211+0000] {processor.py:183} INFO - Processing /home/airflow/.local/lib/python3.12/site-packages/airflow/example_dags/example_branch_labels.py took 0.064 seconds
[2024-04-15T17:39:04.772+0000] {processor.py:161} INFO - Started process (PID=1545) to work on /home/airflow/.local/lib/python3.12/site-packages/airflow/example_dags/example_branch_labels.py
[2024-04-15T17:39:04.774+0000] {processor.py:830} INFO - Processing file /home/airflow/.local/lib/python3.12/site-packages/airflow/example_dags/example_branch_labels.py for tasks to queue
[2024-04-15T17:39:04.777+0000] {logging_mixin.py:188} INFO - [2024-04-15T17:39:04.776+0000] {dagbag.py:540} INFO - Filling up the DagBag from /home/airflow/.local/lib/python3.12/site-packages/airflow/example_dags/example_branch_labels.py
[2024-04-15T17:39:04.786+0000] {processor.py:840} INFO - DAG(s) 'example_branch_labels' retrieved from /home/airflow/.local/lib/python3.12/site-packages/airflow/example_dags/example_branch_labels.py
[2024-04-15T17:39:04.805+0000] {logging_mixin.py:188} INFO - [2024-04-15T17:39:04.805+0000] {dag.py:3096} INFO - Sync 1 DAGs
[2024-04-15T17:39:04.819+0000] {logging_mixin.py:188} INFO - [2024-04-15T17:39:04.819+0000] {dag.py:3954} INFO - Setting next_dagrun for example_branch_labels to 2024-04-14 00:00:00+00:00, run_after=2024-04-15 00:00:00+00:00
[2024-04-15T17:39:04.828+0000] {processor.py:183} INFO - Processing /home/airflow/.local/lib/python3.12/site-packages/airflow/example_dags/example_branch_labels.py took 0.065 seconds
[2024-04-15T17:39:35.211+0000] {processor.py:161} INFO - Started process (PID=1605) to work on /home/airflow/.local/lib/python3.12/site-packages/airflow/example_dags/example_branch_labels.py
[2024-04-15T17:39:35.214+0000] {processor.py:830} INFO - Processing file /home/airflow/.local/lib/python3.12/site-packages/airflow/example_dags/example_branch_labels.py for tasks to queue
[2024-04-15T17:39:35.216+0000] {logging_mixin.py:188} INFO - [2024-04-15T17:39:35.216+0000] {dagbag.py:540} INFO - Filling up the DagBag from /home/airflow/.local/lib/python3.12/site-packages/airflow/example_dags/example_branch_labels.py
[2024-04-15T17:39:35.225+0000] {processor.py:840} INFO - DAG(s) 'example_branch_labels' retrieved from /home/airflow/.local/lib/python3.12/site-packages/airflow/example_dags/example_branch_labels.py
[2024-04-15T17:39:35.247+0000] {logging_mixin.py:188} INFO - [2024-04-15T17:39:35.246+0000] {dag.py:3096} INFO - Sync 1 DAGs
[2024-04-15T17:39:35.263+0000] {logging_mixin.py:188} INFO - [2024-04-15T17:39:35.262+0000] {dag.py:3954} INFO - Setting next_dagrun for example_branch_labels to 2024-04-14 00:00:00+00:00, run_after=2024-04-15 00:00:00+00:00
[2024-04-15T17:39:35.272+0000] {processor.py:183} INFO - Processing /home/airflow/.local/lib/python3.12/site-packages/airflow/example_dags/example_branch_labels.py took 0.070 seconds
[2024-04-15T17:40:05.712+0000] {processor.py:161} INFO - Started process (PID=1665) to work on /home/airflow/.local/lib/python3.12/site-packages/airflow/example_dags/example_branch_labels.py
[2024-04-15T17:40:05.713+0000] {processor.py:830} INFO - Processing file /home/airflow/.local/lib/python3.12/site-packages/airflow/example_dags/example_branch_labels.py for tasks to queue
[2024-04-15T17:40:05.715+0000] {logging_mixin.py:188} INFO - [2024-04-15T17:40:05.715+0000] {dagbag.py:540} INFO - Filling up the DagBag from /home/airflow/.local/lib/python3.12/site-packages/airflow/example_dags/example_branch_labels.py
[2024-04-15T17:40:05.721+0000] {processor.py:840} INFO - DAG(s) 'example_branch_labels' retrieved from /home/airflow/.local/lib/python3.12/site-packages/airflow/example_dags/example_branch_labels.py
[2024-04-15T17:40:05.735+0000] {logging_mixin.py:188} INFO - [2024-04-15T17:40:05.735+0000] {dag.py:3096} INFO - Sync 1 DAGs
[2024-04-15T17:40:05.746+0000] {logging_mixin.py:188} INFO - [2024-04-15T17:40:05.746+0000] {dag.py:3954} INFO - Setting next_dagrun for example_branch_labels to 2024-04-14 00:00:00+00:00, run_after=2024-04-15 00:00:00+00:00
[2024-04-15T17:40:05.755+0000] {processor.py:183} INFO - Processing /home/airflow/.local/lib/python3.12/site-packages/airflow/example_dags/example_branch_labels.py took 0.049 seconds
[2024-04-15T17:40:36.210+0000] {processor.py:161} INFO - Started process (PID=1725) to work on /home/airflow/.local/lib/python3.12/site-packages/airflow/example_dags/example_branch_labels.py
[2024-04-15T17:40:36.212+0000] {processor.py:830} INFO - Processing file /home/airflow/.local/lib/python3.12/site-packages/airflow/example_dags/example_branch_labels.py for tasks to queue
[2024-04-15T17:40:36.213+0000] {logging_mixin.py:188} INFO - [2024-04-15T17:40:36.213+0000] {dagbag.py:540} INFO - Filling up the DagBag from /home/airflow/.local/lib/python3.12/site-packages/airflow/example_dags/example_branch_labels.py
[2024-04-15T17:40:36.218+0000] {processor.py:840} INFO - DAG(s) 'example_branch_labels' retrieved from /home/airflow/.local/lib/python3.12/site-packages/airflow/example_dags/example_branch_labels.py
[2024-04-15T17:40:36.230+0000] {logging_mixin.py:188} INFO - [2024-04-15T17:40:36.230+0000] {dag.py:3096} INFO - Sync 1 DAGs
[2024-04-15T17:40:36.242+0000] {logging_mixin.py:188} INFO - [2024-04-15T17:40:36.242+0000] {dag.py:3954} INFO - Setting next_dagrun for example_branch_labels to 2024-04-14 00:00:00+00:00, run_after=2024-04-15 00:00:00+00:00
[2024-04-15T17:40:36.251+0000] {processor.py:183} INFO - Processing /home/airflow/.local/lib/python3.12/site-packages/airflow/example_dags/example_branch_labels.py took 0.045 seconds
[2024-04-15T17:41:07.163+0000] {processor.py:161} INFO - Started process (PID=1785) to work on /home/airflow/.local/lib/python3.12/site-packages/airflow/example_dags/example_branch_labels.py
[2024-04-15T17:41:07.165+0000] {processor.py:830} INFO - Processing file /home/airflow/.local/lib/python3.12/site-packages/airflow/example_dags/example_branch_labels.py for tasks to queue
[2024-04-15T17:41:07.167+0000] {logging_mixin.py:188} INFO - [2024-04-15T17:41:07.167+0000] {dagbag.py:540} INFO - Filling up the DagBag from /home/airflow/.local/lib/python3.12/site-packages/airflow/example_dags/example_branch_labels.py
[2024-04-15T17:41:07.177+0000] {processor.py:840} INFO - DAG(s) 'example_branch_labels' retrieved from /home/airflow/.local/lib/python3.12/site-packages/airflow/example_dags/example_branch_labels.py
[2024-04-15T17:41:07.198+0000] {logging_mixin.py:188} INFO - [2024-04-15T17:41:07.198+0000] {dag.py:3096} INFO - Sync 1 DAGs
[2024-04-15T17:41:07.212+0000] {logging_mixin.py:188} INFO - [2024-04-15T17:41:07.212+0000] {dag.py:3954} INFO - Setting next_dagrun for example_branch_labels to 2024-04-14 00:00:00+00:00, run_after=2024-04-15 00:00:00+00:00
[2024-04-15T17:41:07.221+0000] {processor.py:183} INFO - Processing /home/airflow/.local/lib/python3.12/site-packages/airflow/example_dags/example_branch_labels.py took 0.070 seconds
[2024-04-15T17:41:37.338+0000] {processor.py:161} INFO - Started process (PID=1845) to work on /home/airflow/.local/lib/python3.12/site-packages/airflow/example_dags/example_branch_labels.py
[2024-04-15T17:41:37.338+0000] {processor.py:830} INFO - Processing file /home/airflow/.local/lib/python3.12/site-packages/airflow/example_dags/example_branch_labels.py for tasks to queue
[2024-04-15T17:41:37.340+0000] {logging_mixin.py:188} INFO - [2024-04-15T17:41:37.339+0000] {dagbag.py:540} INFO - Filling up the DagBag from /home/airflow/.local/lib/python3.12/site-packages/airflow/example_dags/example_branch_labels.py
[2024-04-15T17:41:37.344+0000] {processor.py:840} INFO - DAG(s) 'example_branch_labels' retrieved from /home/airflow/.local/lib/python3.12/site-packages/airflow/example_dags/example_branch_labels.py
[2024-04-15T17:41:37.359+0000] {logging_mixin.py:188} INFO - [2024-04-15T17:41:37.359+0000] {dag.py:3096} INFO - Sync 1 DAGs
[2024-04-15T17:41:37.371+0000] {logging_mixin.py:188} INFO - [2024-04-15T17:41:37.370+0000] {dag.py:3954} INFO - Setting next_dagrun for example_branch_labels to 2024-04-14 00:00:00+00:00, run_after=2024-04-15 00:00:00+00:00
[2024-04-15T17:41:37.383+0000] {processor.py:183} INFO - Processing /home/airflow/.local/lib/python3.12/site-packages/airflow/example_dags/example_branch_labels.py took 0.048 seconds
[2024-04-15T17:42:08.490+0000] {processor.py:161} INFO - Started process (PID=1904) to work on /home/airflow/.local/lib/python3.12/site-packages/airflow/example_dags/example_branch_labels.py
[2024-04-15T17:42:08.491+0000] {processor.py:830} INFO - Processing file /home/airflow/.local/lib/python3.12/site-packages/airflow/example_dags/example_branch_labels.py for tasks to queue
[2024-04-15T17:42:08.492+0000] {logging_mixin.py:188} INFO - [2024-04-15T17:42:08.491+0000] {dagbag.py:540} INFO - Filling up the DagBag from /home/airflow/.local/lib/python3.12/site-packages/airflow/example_dags/example_branch_labels.py
[2024-04-15T17:42:08.500+0000] {processor.py:840} INFO - DAG(s) 'example_branch_labels' retrieved from /home/airflow/.local/lib/python3.12/site-packages/airflow/example_dags/example_branch_labels.py
[2024-04-15T17:42:08.516+0000] {logging_mixin.py:188} INFO - [2024-04-15T17:42:08.516+0000] {dag.py:3096} INFO - Sync 1 DAGs
[2024-04-15T17:42:08.529+0000] {logging_mixin.py:188} INFO - [2024-04-15T17:42:08.529+0000] {dag.py:3954} INFO - Setting next_dagrun for example_branch_labels to 2024-04-14 00:00:00+00:00, run_after=2024-04-15 00:00:00+00:00
[2024-04-15T17:42:08.540+0000] {processor.py:183} INFO - Processing /home/airflow/.local/lib/python3.12/site-packages/airflow/example_dags/example_branch_labels.py took 0.055 seconds
[2024-04-15T17:42:39.242+0000] {processor.py:161} INFO - Started process (PID=1964) to work on /home/airflow/.local/lib/python3.12/site-packages/airflow/example_dags/example_branch_labels.py
[2024-04-15T17:42:39.244+0000] {processor.py:830} INFO - Processing file /home/airflow/.local/lib/python3.12/site-packages/airflow/example_dags/example_branch_labels.py for tasks to queue
[2024-04-15T17:42:39.245+0000] {logging_mixin.py:188} INFO - [2024-04-15T17:42:39.245+0000] {dagbag.py:540} INFO - Filling up the DagBag from /home/airflow/.local/lib/python3.12/site-packages/airflow/example_dags/example_branch_labels.py
[2024-04-15T17:42:39.249+0000] {processor.py:840} INFO - DAG(s) 'example_branch_labels' retrieved from /home/airflow/.local/lib/python3.12/site-packages/airflow/example_dags/example_branch_labels.py
[2024-04-15T17:42:39.262+0000] {logging_mixin.py:188} INFO - [2024-04-15T17:42:39.262+0000] {dag.py:3096} INFO - Sync 1 DAGs
[2024-04-15T17:42:39.277+0000] {logging_mixin.py:188} INFO - [2024-04-15T17:42:39.276+0000] {dag.py:3954} INFO - Setting next_dagrun for example_branch_labels to 2024-04-14 00:00:00+00:00, run_after=2024-04-15 00:00:00+00:00
[2024-04-15T17:42:39.295+0000] {processor.py:183} INFO - Processing /home/airflow/.local/lib/python3.12/site-packages/airflow/example_dags/example_branch_labels.py took 0.062 seconds
[2024-04-15T17:43:09.891+0000] {processor.py:161} INFO - Started process (PID=2023) to work on /home/airflow/.local/lib/python3.12/site-packages/airflow/example_dags/example_branch_labels.py
[2024-04-15T17:43:09.892+0000] {processor.py:830} INFO - Processing file /home/airflow/.local/lib/python3.12/site-packages/airflow/example_dags/example_branch_labels.py for tasks to queue
[2024-04-15T17:43:09.893+0000] {logging_mixin.py:188} INFO - [2024-04-15T17:43:09.892+0000] {dagbag.py:540} INFO - Filling up the DagBag from /home/airflow/.local/lib/python3.12/site-packages/airflow/example_dags/example_branch_labels.py
[2024-04-15T17:43:09.897+0000] {processor.py:840} INFO - DAG(s) 'example_branch_labels' retrieved from /home/airflow/.local/lib/python3.12/site-packages/airflow/example_dags/example_branch_labels.py
[2024-04-15T17:43:09.908+0000] {logging_mixin.py:188} INFO - [2024-04-15T17:43:09.908+0000] {dag.py:3096} INFO - Sync 1 DAGs
[2024-04-15T17:43:09.919+0000] {logging_mixin.py:188} INFO - [2024-04-15T17:43:09.919+0000] {dag.py:3954} INFO - Setting next_dagrun for example_branch_labels to 2024-04-14 00:00:00+00:00, run_after=2024-04-15 00:00:00+00:00
[2024-04-15T17:43:09.929+0000] {processor.py:183} INFO - Processing /home/airflow/.local/lib/python3.12/site-packages/airflow/example_dags/example_branch_labels.py took 0.042 seconds
[2024-04-15T17:43:40.559+0000] {processor.py:161} INFO - Started process (PID=2083) to work on /home/airflow/.local/lib/python3.12/site-packages/airflow/example_dags/example_branch_labels.py
[2024-04-15T17:43:40.560+0000] {processor.py:830} INFO - Processing file /home/airflow/.local/lib/python3.12/site-packages/airflow/example_dags/example_branch_labels.py for tasks to queue
[2024-04-15T17:43:40.561+0000] {logging_mixin.py:188} INFO - [2024-04-15T17:43:40.561+0000] {dagbag.py:540} INFO - Filling up the DagBag from /home/airflow/.local/lib/python3.12/site-packages/airflow/example_dags/example_branch_labels.py
[2024-04-15T17:43:40.565+0000] {processor.py:840} INFO - DAG(s) 'example_branch_labels' retrieved from /home/airflow/.local/lib/python3.12/site-packages/airflow/example_dags/example_branch_labels.py
[2024-04-15T17:43:40.577+0000] {logging_mixin.py:188} INFO - [2024-04-15T17:43:40.576+0000] {dag.py:3096} INFO - Sync 1 DAGs
[2024-04-15T17:43:40.589+0000] {logging_mixin.py:188} INFO - [2024-04-15T17:43:40.589+0000] {dag.py:3954} INFO - Setting next_dagrun for example_branch_labels to 2024-04-14 00:00:00+00:00, run_after=2024-04-15 00:00:00+00:00
[2024-04-15T17:43:40.598+0000] {processor.py:183} INFO - Processing /home/airflow/.local/lib/python3.12/site-packages/airflow/example_dags/example_branch_labels.py took 0.042 seconds
[2024-04-15T17:44:11.807+0000] {processor.py:161} INFO - Started process (PID=2143) to work on /home/airflow/.local/lib/python3.12/site-packages/airflow/example_dags/example_branch_labels.py
[2024-04-15T17:44:11.808+0000] {processor.py:830} INFO - Processing file /home/airflow/.local/lib/python3.12/site-packages/airflow/example_dags/example_branch_labels.py for tasks to queue
[2024-04-15T17:44:11.809+0000] {logging_mixin.py:188} INFO - [2024-04-15T17:44:11.809+0000] {dagbag.py:540} INFO - Filling up the DagBag from /home/airflow/.local/lib/python3.12/site-packages/airflow/example_dags/example_branch_labels.py
[2024-04-15T17:44:11.815+0000] {processor.py:840} INFO - DAG(s) 'example_branch_labels' retrieved from /home/airflow/.local/lib/python3.12/site-packages/airflow/example_dags/example_branch_labels.py
[2024-04-15T17:44:11.832+0000] {logging_mixin.py:188} INFO - [2024-04-15T17:44:11.832+0000] {dag.py:3096} INFO - Sync 1 DAGs
[2024-04-15T17:44:11.847+0000] {logging_mixin.py:188} INFO - [2024-04-15T17:44:11.847+0000] {dag.py:3954} INFO - Setting next_dagrun for example_branch_labels to 2024-04-14 00:00:00+00:00, run_after=2024-04-15 00:00:00+00:00
[2024-04-15T17:44:11.858+0000] {processor.py:183} INFO - Processing /home/airflow/.local/lib/python3.12/site-packages/airflow/example_dags/example_branch_labels.py took 0.056 seconds
[2024-04-15T17:44:42.327+0000] {processor.py:161} INFO - Started process (PID=2203) to work on /home/airflow/.local/lib/python3.12/site-packages/airflow/example_dags/example_branch_labels.py
[2024-04-15T17:44:42.329+0000] {processor.py:830} INFO - Processing file /home/airflow/.local/lib/python3.12/site-packages/airflow/example_dags/example_branch_labels.py for tasks to queue
[2024-04-15T17:44:42.330+0000] {logging_mixin.py:188} INFO - [2024-04-15T17:44:42.330+0000] {dagbag.py:540} INFO - Filling up the DagBag from /home/airflow/.local/lib/python3.12/site-packages/airflow/example_dags/example_branch_labels.py
[2024-04-15T17:44:42.335+0000] {processor.py:840} INFO - DAG(s) 'example_branch_labels' retrieved from /home/airflow/.local/lib/python3.12/site-packages/airflow/example_dags/example_branch_labels.py
[2024-04-15T17:44:42.350+0000] {logging_mixin.py:188} INFO - [2024-04-15T17:44:42.350+0000] {dag.py:3096} INFO - Sync 1 DAGs
[2024-04-15T17:44:42.365+0000] {logging_mixin.py:188} INFO - [2024-04-15T17:44:42.364+0000] {dag.py:3954} INFO - Setting next_dagrun for example_branch_labels to 2024-04-14 00:00:00+00:00, run_after=2024-04-15 00:00:00+00:00
[2024-04-15T17:44:42.377+0000] {processor.py:183} INFO - Processing /home/airflow/.local/lib/python3.12/site-packages/airflow/example_dags/example_branch_labels.py took 0.054 seconds
[2024-04-15T17:45:12.760+0000] {processor.py:161} INFO - Started process (PID=2263) to work on /home/airflow/.local/lib/python3.12/site-packages/airflow/example_dags/example_branch_labels.py
[2024-04-15T17:45:12.761+0000] {processor.py:830} INFO - Processing file /home/airflow/.local/lib/python3.12/site-packages/airflow/example_dags/example_branch_labels.py for tasks to queue
[2024-04-15T17:45:12.762+0000] {logging_mixin.py:188} INFO - [2024-04-15T17:45:12.762+0000] {dagbag.py:540} INFO - Filling up the DagBag from /home/airflow/.local/lib/python3.12/site-packages/airflow/example_dags/example_branch_labels.py
[2024-04-15T17:45:12.766+0000] {processor.py:840} INFO - DAG(s) 'example_branch_labels' retrieved from /home/airflow/.local/lib/python3.12/site-packages/airflow/example_dags/example_branch_labels.py
[2024-04-15T17:45:12.778+0000] {logging_mixin.py:188} INFO - [2024-04-15T17:45:12.778+0000] {dag.py:3096} INFO - Sync 1 DAGs
[2024-04-15T17:45:12.788+0000] {logging_mixin.py:188} INFO - [2024-04-15T17:45:12.788+0000] {dag.py:3954} INFO - Setting next_dagrun for example_branch_labels to 2024-04-14 00:00:00+00:00, run_after=2024-04-15 00:00:00+00:00
[2024-04-15T17:45:12.796+0000] {processor.py:183} INFO - Processing /home/airflow/.local/lib/python3.12/site-packages/airflow/example_dags/example_branch_labels.py took 0.039 seconds
[2024-04-15T17:45:43.991+0000] {processor.py:161} INFO - Started process (PID=2323) to work on /home/airflow/.local/lib/python3.12/site-packages/airflow/example_dags/example_branch_labels.py
[2024-04-15T17:45:43.992+0000] {processor.py:830} INFO - Processing file /home/airflow/.local/lib/python3.12/site-packages/airflow/example_dags/example_branch_labels.py for tasks to queue
[2024-04-15T17:45:43.994+0000] {logging_mixin.py:188} INFO - [2024-04-15T17:45:43.993+0000] {dagbag.py:540} INFO - Filling up the DagBag from /home/airflow/.local/lib/python3.12/site-packages/airflow/example_dags/example_branch_labels.py
[2024-04-15T17:45:44.011+0000] {processor.py:840} INFO - DAG(s) 'example_branch_labels' retrieved from /home/airflow/.local/lib/python3.12/site-packages/airflow/example_dags/example_branch_labels.py
[2024-04-15T17:45:44.039+0000] {logging_mixin.py:188} INFO - [2024-04-15T17:45:44.038+0000] {dag.py:3096} INFO - Sync 1 DAGs
[2024-04-15T17:45:44.059+0000] {logging_mixin.py:188} INFO - [2024-04-15T17:45:44.059+0000] {dag.py:3954} INFO - Setting next_dagrun for example_branch_labels to 2024-04-14 00:00:00+00:00, run_after=2024-04-15 00:00:00+00:00
[2024-04-15T17:45:44.071+0000] {processor.py:183} INFO - Processing /home/airflow/.local/lib/python3.12/site-packages/airflow/example_dags/example_branch_labels.py took 0.084 seconds
[2024-04-15T17:46:14.803+0000] {processor.py:161} INFO - Started process (PID=2383) to work on /home/airflow/.local/lib/python3.12/site-packages/airflow/example_dags/example_branch_labels.py
[2024-04-15T17:46:14.804+0000] {processor.py:830} INFO - Processing file /home/airflow/.local/lib/python3.12/site-packages/airflow/example_dags/example_branch_labels.py for tasks to queue
[2024-04-15T17:46:14.805+0000] {logging_mixin.py:188} INFO - [2024-04-15T17:46:14.805+0000] {dagbag.py:540} INFO - Filling up the DagBag from /home/airflow/.local/lib/python3.12/site-packages/airflow/example_dags/example_branch_labels.py
[2024-04-15T17:46:14.809+0000] {processor.py:840} INFO - DAG(s) 'example_branch_labels' retrieved from /home/airflow/.local/lib/python3.12/site-packages/airflow/example_dags/example_branch_labels.py
[2024-04-15T17:46:14.824+0000] {logging_mixin.py:188} INFO - [2024-04-15T17:46:14.824+0000] {dag.py:3096} INFO - Sync 1 DAGs
[2024-04-15T17:46:14.836+0000] {logging_mixin.py:188} INFO - [2024-04-15T17:46:14.836+0000] {dag.py:3954} INFO - Setting next_dagrun for example_branch_labels to 2024-04-14 00:00:00+00:00, run_after=2024-04-15 00:00:00+00:00
[2024-04-15T17:46:14.844+0000] {processor.py:183} INFO - Processing /home/airflow/.local/lib/python3.12/site-packages/airflow/example_dags/example_branch_labels.py took 0.046 seconds
[2024-04-15T17:46:45.682+0000] {processor.py:161} INFO - Started process (PID=2443) to work on /home/airflow/.local/lib/python3.12/site-packages/airflow/example_dags/example_branch_labels.py
[2024-04-15T17:46:45.683+0000] {processor.py:830} INFO - Processing file /home/airflow/.local/lib/python3.12/site-packages/airflow/example_dags/example_branch_labels.py for tasks to queue
[2024-04-15T17:46:45.685+0000] {logging_mixin.py:188} INFO - [2024-04-15T17:46:45.684+0000] {dagbag.py:540} INFO - Filling up the DagBag from /home/airflow/.local/lib/python3.12/site-packages/airflow/example_dags/example_branch_labels.py
[2024-04-15T17:46:45.690+0000] {processor.py:840} INFO - DAG(s) 'example_branch_labels' retrieved from /home/airflow/.local/lib/python3.12/site-packages/airflow/example_dags/example_branch_labels.py
[2024-04-15T17:46:45.714+0000] {logging_mixin.py:188} INFO - [2024-04-15T17:46:45.714+0000] {dag.py:3096} INFO - Sync 1 DAGs
[2024-04-15T17:46:45.732+0000] {logging_mixin.py:188} INFO - [2024-04-15T17:46:45.732+0000] {dag.py:3954} INFO - Setting next_dagrun for example_branch_labels to 2024-04-14 00:00:00+00:00, run_after=2024-04-15 00:00:00+00:00
[2024-04-15T17:46:45.747+0000] {processor.py:183} INFO - Processing /home/airflow/.local/lib/python3.12/site-packages/airflow/example_dags/example_branch_labels.py took 0.070 seconds
[2024-04-15T17:47:15.933+0000] {processor.py:161} INFO - Started process (PID=2503) to work on /home/airflow/.local/lib/python3.12/site-packages/airflow/example_dags/example_branch_labels.py
[2024-04-15T17:47:15.934+0000] {processor.py:830} INFO - Processing file /home/airflow/.local/lib/python3.12/site-packages/airflow/example_dags/example_branch_labels.py for tasks to queue
[2024-04-15T17:47:15.935+0000] {logging_mixin.py:188} INFO - [2024-04-15T17:47:15.935+0000] {dagbag.py:540} INFO - Filling up the DagBag from /home/airflow/.local/lib/python3.12/site-packages/airflow/example_dags/example_branch_labels.py
[2024-04-15T17:47:15.939+0000] {processor.py:840} INFO - DAG(s) 'example_branch_labels' retrieved from /home/airflow/.local/lib/python3.12/site-packages/airflow/example_dags/example_branch_labels.py
[2024-04-15T17:47:15.953+0000] {logging_mixin.py:188} INFO - [2024-04-15T17:47:15.952+0000] {dag.py:3096} INFO - Sync 1 DAGs
[2024-04-15T17:47:15.966+0000] {logging_mixin.py:188} INFO - [2024-04-15T17:47:15.965+0000] {dag.py:3954} INFO - Setting next_dagrun for example_branch_labels to 2024-04-14 00:00:00+00:00, run_after=2024-04-15 00:00:00+00:00
[2024-04-15T17:47:15.976+0000] {processor.py:183} INFO - Processing /home/airflow/.local/lib/python3.12/site-packages/airflow/example_dags/example_branch_labels.py took 0.046 seconds
[2024-04-15T17:47:46.299+0000] {processor.py:161} INFO - Started process (PID=2563) to work on /home/airflow/.local/lib/python3.12/site-packages/airflow/example_dags/example_branch_labels.py
[2024-04-15T17:47:46.300+0000] {processor.py:830} INFO - Processing file /home/airflow/.local/lib/python3.12/site-packages/airflow/example_dags/example_branch_labels.py for tasks to queue
[2024-04-15T17:47:46.301+0000] {logging_mixin.py:188} INFO - [2024-04-15T17:47:46.301+0000] {dagbag.py:540} INFO - Filling up the DagBag from /home/airflow/.local/lib/python3.12/site-packages/airflow/example_dags/example_branch_labels.py
[2024-04-15T17:47:46.305+0000] {processor.py:840} INFO - DAG(s) 'example_branch_labels' retrieved from /home/airflow/.local/lib/python3.12/site-packages/airflow/example_dags/example_branch_labels.py
[2024-04-15T17:47:46.318+0000] {logging_mixin.py:188} INFO - [2024-04-15T17:47:46.317+0000] {dag.py:3096} INFO - Sync 1 DAGs
[2024-04-15T17:47:46.330+0000] {logging_mixin.py:188} INFO - [2024-04-15T17:47:46.329+0000] {dag.py:3954} INFO - Setting next_dagrun for example_branch_labels to 2024-04-14 00:00:00+00:00, run_after=2024-04-15 00:00:00+00:00
[2024-04-15T17:47:46.338+0000] {processor.py:183} INFO - Processing /home/airflow/.local/lib/python3.12/site-packages/airflow/example_dags/example_branch_labels.py took 0.042 seconds
[2024-04-15T17:48:16.625+0000] {processor.py:161} INFO - Started process (PID=2623) to work on /home/airflow/.local/lib/python3.12/site-packages/airflow/example_dags/example_branch_labels.py
[2024-04-15T17:48:16.626+0000] {processor.py:830} INFO - Processing file /home/airflow/.local/lib/python3.12/site-packages/airflow/example_dags/example_branch_labels.py for tasks to queue
[2024-04-15T17:48:16.627+0000] {logging_mixin.py:188} INFO - [2024-04-15T17:48:16.627+0000] {dagbag.py:540} INFO - Filling up the DagBag from /home/airflow/.local/lib/python3.12/site-packages/airflow/example_dags/example_branch_labels.py
[2024-04-15T17:48:16.632+0000] {processor.py:840} INFO - DAG(s) 'example_branch_labels' retrieved from /home/airflow/.local/lib/python3.12/site-packages/airflow/example_dags/example_branch_labels.py
[2024-04-15T17:48:16.643+0000] {logging_mixin.py:188} INFO - [2024-04-15T17:48:16.643+0000] {dag.py:3096} INFO - Sync 1 DAGs
[2024-04-15T17:48:16.658+0000] {logging_mixin.py:188} INFO - [2024-04-15T17:48:16.658+0000] {dag.py:3954} INFO - Setting next_dagrun for example_branch_labels to 2024-04-14 00:00:00+00:00, run_after=2024-04-15 00:00:00+00:00
[2024-04-15T17:48:16.666+0000] {processor.py:183} INFO - Processing /home/airflow/.local/lib/python3.12/site-packages/airflow/example_dags/example_branch_labels.py took 0.044 seconds
[2024-04-15T17:48:46.814+0000] {processor.py:161} INFO - Started process (PID=2683) to work on /home/airflow/.local/lib/python3.12/site-packages/airflow/example_dags/example_branch_labels.py
[2024-04-15T17:48:46.815+0000] {processor.py:830} INFO - Processing file /home/airflow/.local/lib/python3.12/site-packages/airflow/example_dags/example_branch_labels.py for tasks to queue
[2024-04-15T17:48:46.816+0000] {logging_mixin.py:188} INFO - [2024-04-15T17:48:46.816+0000] {dagbag.py:540} INFO - Filling up the DagBag from /home/airflow/.local/lib/python3.12/site-packages/airflow/example_dags/example_branch_labels.py
[2024-04-15T17:48:46.824+0000] {processor.py:840} INFO - DAG(s) 'example_branch_labels' retrieved from /home/airflow/.local/lib/python3.12/site-packages/airflow/example_dags/example_branch_labels.py
[2024-04-15T17:48:46.835+0000] {logging_mixin.py:188} INFO - [2024-04-15T17:48:46.835+0000] {dag.py:3096} INFO - Sync 1 DAGs
[2024-04-15T17:48:46.846+0000] {logging_mixin.py:188} INFO - [2024-04-15T17:48:46.846+0000] {dag.py:3954} INFO - Setting next_dagrun for example_branch_labels to 2024-04-14 00:00:00+00:00, run_after=2024-04-15 00:00:00+00:00
[2024-04-15T17:48:46.854+0000] {processor.py:183} INFO - Processing /home/airflow/.local/lib/python3.12/site-packages/airflow/example_dags/example_branch_labels.py took 0.044 seconds
[2024-04-15T17:49:17.290+0000] {processor.py:161} INFO - Started process (PID=2743) to work on /home/airflow/.local/lib/python3.12/site-packages/airflow/example_dags/example_branch_labels.py
[2024-04-15T17:49:17.291+0000] {processor.py:830} INFO - Processing file /home/airflow/.local/lib/python3.12/site-packages/airflow/example_dags/example_branch_labels.py for tasks to queue
[2024-04-15T17:49:17.292+0000] {logging_mixin.py:188} INFO - [2024-04-15T17:49:17.292+0000] {dagbag.py:540} INFO - Filling up the DagBag from /home/airflow/.local/lib/python3.12/site-packages/airflow/example_dags/example_branch_labels.py
[2024-04-15T17:49:17.297+0000] {processor.py:840} INFO - DAG(s) 'example_branch_labels' retrieved from /home/airflow/.local/lib/python3.12/site-packages/airflow/example_dags/example_branch_labels.py
[2024-04-15T17:49:17.310+0000] {logging_mixin.py:188} INFO - [2024-04-15T17:49:17.309+0000] {dag.py:3096} INFO - Sync 1 DAGs
[2024-04-15T17:49:17.321+0000] {logging_mixin.py:188} INFO - [2024-04-15T17:49:17.321+0000] {dag.py:3954} INFO - Setting next_dagrun for example_branch_labels to 2024-04-14 00:00:00+00:00, run_after=2024-04-15 00:00:00+00:00
[2024-04-15T17:49:17.330+0000] {processor.py:183} INFO - Processing /home/airflow/.local/lib/python3.12/site-packages/airflow/example_dags/example_branch_labels.py took 0.044 seconds
[2024-04-15T17:49:47.386+0000] {processor.py:161} INFO - Started process (PID=2803) to work on /home/airflow/.local/lib/python3.12/site-packages/airflow/example_dags/example_branch_labels.py
[2024-04-15T17:49:47.387+0000] {processor.py:830} INFO - Processing file /home/airflow/.local/lib/python3.12/site-packages/airflow/example_dags/example_branch_labels.py for tasks to queue
[2024-04-15T17:49:47.388+0000] {logging_mixin.py:188} INFO - [2024-04-15T17:49:47.388+0000] {dagbag.py:540} INFO - Filling up the DagBag from /home/airflow/.local/lib/python3.12/site-packages/airflow/example_dags/example_branch_labels.py
[2024-04-15T17:49:47.392+0000] {processor.py:840} INFO - DAG(s) 'example_branch_labels' retrieved from /home/airflow/.local/lib/python3.12/site-packages/airflow/example_dags/example_branch_labels.py
[2024-04-15T17:49:47.404+0000] {logging_mixin.py:188} INFO - [2024-04-15T17:49:47.404+0000] {dag.py:3096} INFO - Sync 1 DAGs
[2024-04-15T17:49:47.414+0000] {logging_mixin.py:188} INFO - [2024-04-15T17:49:47.414+0000] {dag.py:3954} INFO - Setting next_dagrun for example_branch_labels to 2024-04-14 00:00:00+00:00, run_after=2024-04-15 00:00:00+00:00
[2024-04-15T17:49:47.423+0000] {processor.py:183} INFO - Processing /home/airflow/.local/lib/python3.12/site-packages/airflow/example_dags/example_branch_labels.py took 0.042 seconds
[2024-04-15T17:50:18.037+0000] {processor.py:161} INFO - Started process (PID=2863) to work on /home/airflow/.local/lib/python3.12/site-packages/airflow/example_dags/example_branch_labels.py
[2024-04-15T17:50:18.038+0000] {processor.py:830} INFO - Processing file /home/airflow/.local/lib/python3.12/site-packages/airflow/example_dags/example_branch_labels.py for tasks to queue
[2024-04-15T17:50:18.040+0000] {logging_mixin.py:188} INFO - [2024-04-15T17:50:18.040+0000] {dagbag.py:540} INFO - Filling up the DagBag from /home/airflow/.local/lib/python3.12/site-packages/airflow/example_dags/example_branch_labels.py
[2024-04-15T17:50:18.047+0000] {processor.py:840} INFO - DAG(s) 'example_branch_labels' retrieved from /home/airflow/.local/lib/python3.12/site-packages/airflow/example_dags/example_branch_labels.py
[2024-04-15T17:50:18.066+0000] {logging_mixin.py:188} INFO - [2024-04-15T17:50:18.066+0000] {dag.py:3096} INFO - Sync 1 DAGs
[2024-04-15T17:50:18.088+0000] {logging_mixin.py:188} INFO - [2024-04-15T17:50:18.088+0000] {dag.py:3954} INFO - Setting next_dagrun for example_branch_labels to 2024-04-14 00:00:00+00:00, run_after=2024-04-15 00:00:00+00:00
[2024-04-15T17:50:18.102+0000] {processor.py:183} INFO - Processing /home/airflow/.local/lib/python3.12/site-packages/airflow/example_dags/example_branch_labels.py took 0.069 seconds
[2024-04-15T17:50:49.288+0000] {processor.py:161} INFO - Started process (PID=2923) to work on /home/airflow/.local/lib/python3.12/site-packages/airflow/example_dags/example_branch_labels.py
[2024-04-15T17:50:49.291+0000] {processor.py:830} INFO - Processing file /home/airflow/.local/lib/python3.12/site-packages/airflow/example_dags/example_branch_labels.py for tasks to queue
[2024-04-15T17:50:49.293+0000] {logging_mixin.py:188} INFO - [2024-04-15T17:50:49.293+0000] {dagbag.py:540} INFO - Filling up the DagBag from /home/airflow/.local/lib/python3.12/site-packages/airflow/example_dags/example_branch_labels.py
[2024-04-15T17:50:49.303+0000] {processor.py:840} INFO - DAG(s) 'example_branch_labels' retrieved from /home/airflow/.local/lib/python3.12/site-packages/airflow/example_dags/example_branch_labels.py
[2024-04-15T17:50:49.320+0000] {logging_mixin.py:188} INFO - [2024-04-15T17:50:49.319+0000] {dag.py:3096} INFO - Sync 1 DAGs
[2024-04-15T17:50:49.338+0000] {logging_mixin.py:188} INFO - [2024-04-15T17:50:49.338+0000] {dag.py:3954} INFO - Setting next_dagrun for example_branch_labels to 2024-04-14 00:00:00+00:00, run_after=2024-04-15 00:00:00+00:00
[2024-04-15T17:50:49.351+0000] {processor.py:183} INFO - Processing /home/airflow/.local/lib/python3.12/site-packages/airflow/example_dags/example_branch_labels.py took 0.078 seconds
[2024-04-15T17:51:20.809+0000] {processor.py:161} INFO - Started process (PID=2983) to work on /home/airflow/.local/lib/python3.12/site-packages/airflow/example_dags/example_branch_labels.py
[2024-04-15T17:51:20.810+0000] {processor.py:830} INFO - Processing file /home/airflow/.local/lib/python3.12/site-packages/airflow/example_dags/example_branch_labels.py for tasks to queue
[2024-04-15T17:51:20.813+0000] {logging_mixin.py:188} INFO - [2024-04-15T17:51:20.813+0000] {dagbag.py:540} INFO - Filling up the DagBag from /home/airflow/.local/lib/python3.12/site-packages/airflow/example_dags/example_branch_labels.py
[2024-04-15T17:51:20.822+0000] {processor.py:840} INFO - DAG(s) 'example_branch_labels' retrieved from /home/airflow/.local/lib/python3.12/site-packages/airflow/example_dags/example_branch_labels.py
[2024-04-15T17:51:20.844+0000] {logging_mixin.py:188} INFO - [2024-04-15T17:51:20.844+0000] {dag.py:3096} INFO - Sync 1 DAGs
[2024-04-15T17:51:20.860+0000] {logging_mixin.py:188} INFO - [2024-04-15T17:51:20.860+0000] {dag.py:3954} INFO - Setting next_dagrun for example_branch_labels to 2024-04-14 00:00:00+00:00, run_after=2024-04-15 00:00:00+00:00
[2024-04-15T17:51:20.872+0000] {processor.py:183} INFO - Processing /home/airflow/.local/lib/python3.12/site-packages/airflow/example_dags/example_branch_labels.py took 0.072 seconds
