[2024-04-15T17:12:33.118+0000] {processor.py:161} INFO - Started process (PID=41) to work on /home/airflow/.local/lib/python3.12/site-packages/airflow/example_dags/example_python_operator.py
[2024-04-15T17:12:33.119+0000] {processor.py:830} INFO - Processing file /home/airflow/.local/lib/python3.12/site-packages/airflow/example_dags/example_python_operator.py for tasks to queue
[2024-04-15T17:12:33.120+0000] {logging_mixin.py:188} INFO - [2024-04-15T17:12:33.120+0000] {dagbag.py:540} INFO - Filling up the DagBag from /home/airflow/.local/lib/python3.12/site-packages/airflow/example_dags/example_python_operator.py
[2024-04-15T17:12:33.129+0000] {processor.py:840} INFO - DAG(s) 'example_python_operator' retrieved from /home/airflow/.local/lib/python3.12/site-packages/airflow/example_dags/example_python_operator.py
[2024-04-15T17:12:33.140+0000] {logging_mixin.py:188} INFO - [2024-04-15T17:12:33.140+0000] {dag.py:3096} INFO - Sync 1 DAGs
[2024-04-15T17:12:33.150+0000] {logging_mixin.py:188} INFO - [2024-04-15T17:12:33.150+0000] {dag.py:3954} INFO - Setting next_dagrun for example_python_operator to None, run_after=None
[2024-04-15T17:12:33.173+0000] {processor.py:183} INFO - Processing /home/airflow/.local/lib/python3.12/site-packages/airflow/example_dags/example_python_operator.py took 0.058 seconds
[2024-04-15T17:13:04.105+0000] {processor.py:161} INFO - Started process (PID=99) to work on /home/airflow/.local/lib/python3.12/site-packages/airflow/example_dags/example_python_operator.py
[2024-04-15T17:13:04.106+0000] {processor.py:830} INFO - Processing file /home/airflow/.local/lib/python3.12/site-packages/airflow/example_dags/example_python_operator.py for tasks to queue
[2024-04-15T17:13:04.107+0000] {logging_mixin.py:188} INFO - [2024-04-15T17:13:04.106+0000] {dagbag.py:540} INFO - Filling up the DagBag from /home/airflow/.local/lib/python3.12/site-packages/airflow/example_dags/example_python_operator.py
[2024-04-15T17:13:04.112+0000] {processor.py:840} INFO - DAG(s) 'example_python_operator' retrieved from /home/airflow/.local/lib/python3.12/site-packages/airflow/example_dags/example_python_operator.py
[2024-04-15T17:13:04.159+0000] {logging_mixin.py:188} INFO - [2024-04-15T17:13:04.159+0000] {dag.py:3096} INFO - Sync 1 DAGs
[2024-04-15T17:13:04.164+0000] {logging_mixin.py:188} INFO - [2024-04-15T17:13:04.163+0000] {dag.py:3954} INFO - Setting next_dagrun for example_python_operator to None, run_after=None
[2024-04-15T17:13:04.172+0000] {processor.py:183} INFO - Processing /home/airflow/.local/lib/python3.12/site-packages/airflow/example_dags/example_python_operator.py took 0.070 seconds
[2024-04-15T17:13:34.418+0000] {processor.py:161} INFO - Started process (PID=158) to work on /home/airflow/.local/lib/python3.12/site-packages/airflow/example_dags/example_python_operator.py
[2024-04-15T17:13:34.419+0000] {processor.py:830} INFO - Processing file /home/airflow/.local/lib/python3.12/site-packages/airflow/example_dags/example_python_operator.py for tasks to queue
[2024-04-15T17:13:34.419+0000] {logging_mixin.py:188} INFO - [2024-04-15T17:13:34.419+0000] {dagbag.py:540} INFO - Filling up the DagBag from /home/airflow/.local/lib/python3.12/site-packages/airflow/example_dags/example_python_operator.py
[2024-04-15T17:13:34.425+0000] {processor.py:840} INFO - DAG(s) 'example_python_operator' retrieved from /home/airflow/.local/lib/python3.12/site-packages/airflow/example_dags/example_python_operator.py
[2024-04-15T17:13:34.436+0000] {logging_mixin.py:188} INFO - [2024-04-15T17:13:34.436+0000] {dag.py:3096} INFO - Sync 1 DAGs
[2024-04-15T17:13:34.442+0000] {logging_mixin.py:188} INFO - [2024-04-15T17:13:34.442+0000] {dag.py:3954} INFO - Setting next_dagrun for example_python_operator to None, run_after=None
[2024-04-15T17:13:34.450+0000] {processor.py:183} INFO - Processing /home/airflow/.local/lib/python3.12/site-packages/airflow/example_dags/example_python_operator.py took 0.035 seconds
[2024-04-15T17:14:05.020+0000] {processor.py:161} INFO - Started process (PID=217) to work on /home/airflow/.local/lib/python3.12/site-packages/airflow/example_dags/example_python_operator.py
[2024-04-15T17:14:05.022+0000] {processor.py:830} INFO - Processing file /home/airflow/.local/lib/python3.12/site-packages/airflow/example_dags/example_python_operator.py for tasks to queue
[2024-04-15T17:14:05.023+0000] {logging_mixin.py:188} INFO - [2024-04-15T17:14:05.023+0000] {dagbag.py:540} INFO - Filling up the DagBag from /home/airflow/.local/lib/python3.12/site-packages/airflow/example_dags/example_python_operator.py
[2024-04-15T17:14:05.029+0000] {processor.py:840} INFO - DAG(s) 'example_python_operator' retrieved from /home/airflow/.local/lib/python3.12/site-packages/airflow/example_dags/example_python_operator.py
[2024-04-15T17:14:05.066+0000] {logging_mixin.py:188} INFO - [2024-04-15T17:14:05.065+0000] {dag.py:3096} INFO - Sync 1 DAGs
[2024-04-15T17:14:05.083+0000] {logging_mixin.py:188} INFO - [2024-04-15T17:14:05.083+0000] {dag.py:3954} INFO - Setting next_dagrun for example_python_operator to None, run_after=None
[2024-04-15T17:14:05.110+0000] {processor.py:183} INFO - Processing /home/airflow/.local/lib/python3.12/site-packages/airflow/example_dags/example_python_operator.py took 0.093 seconds
[2024-04-15T17:14:35.482+0000] {processor.py:161} INFO - Started process (PID=276) to work on /home/airflow/.local/lib/python3.12/site-packages/airflow/example_dags/example_python_operator.py
[2024-04-15T17:14:35.482+0000] {processor.py:830} INFO - Processing file /home/airflow/.local/lib/python3.12/site-packages/airflow/example_dags/example_python_operator.py for tasks to queue
[2024-04-15T17:14:35.483+0000] {logging_mixin.py:188} INFO - [2024-04-15T17:14:35.482+0000] {dagbag.py:540} INFO - Filling up the DagBag from /home/airflow/.local/lib/python3.12/site-packages/airflow/example_dags/example_python_operator.py
[2024-04-15T17:14:35.488+0000] {processor.py:840} INFO - DAG(s) 'example_python_operator' retrieved from /home/airflow/.local/lib/python3.12/site-packages/airflow/example_dags/example_python_operator.py
[2024-04-15T17:14:35.500+0000] {logging_mixin.py:188} INFO - [2024-04-15T17:14:35.500+0000] {dag.py:3096} INFO - Sync 1 DAGs
[2024-04-15T17:14:35.507+0000] {logging_mixin.py:188} INFO - [2024-04-15T17:14:35.506+0000] {dag.py:3954} INFO - Setting next_dagrun for example_python_operator to None, run_after=None
[2024-04-15T17:14:35.515+0000] {processor.py:183} INFO - Processing /home/airflow/.local/lib/python3.12/site-packages/airflow/example_dags/example_python_operator.py took 0.036 seconds
[2024-04-15T17:15:05.613+0000] {processor.py:161} INFO - Started process (PID=335) to work on /home/airflow/.local/lib/python3.12/site-packages/airflow/example_dags/example_python_operator.py
[2024-04-15T17:15:05.613+0000] {processor.py:830} INFO - Processing file /home/airflow/.local/lib/python3.12/site-packages/airflow/example_dags/example_python_operator.py for tasks to queue
[2024-04-15T17:15:05.614+0000] {logging_mixin.py:188} INFO - [2024-04-15T17:15:05.614+0000] {dagbag.py:540} INFO - Filling up the DagBag from /home/airflow/.local/lib/python3.12/site-packages/airflow/example_dags/example_python_operator.py
[2024-04-15T17:15:05.619+0000] {processor.py:840} INFO - DAG(s) 'example_python_operator' retrieved from /home/airflow/.local/lib/python3.12/site-packages/airflow/example_dags/example_python_operator.py
[2024-04-15T17:15:05.630+0000] {logging_mixin.py:188} INFO - [2024-04-15T17:15:05.630+0000] {dag.py:3096} INFO - Sync 1 DAGs
[2024-04-15T17:15:05.637+0000] {logging_mixin.py:188} INFO - [2024-04-15T17:15:05.637+0000] {dag.py:3954} INFO - Setting next_dagrun for example_python_operator to None, run_after=None
[2024-04-15T17:15:05.645+0000] {processor.py:183} INFO - Processing /home/airflow/.local/lib/python3.12/site-packages/airflow/example_dags/example_python_operator.py took 0.035 seconds
[2024-04-15T17:15:35.819+0000] {processor.py:161} INFO - Started process (PID=394) to work on /home/airflow/.local/lib/python3.12/site-packages/airflow/example_dags/example_python_operator.py
[2024-04-15T17:15:35.820+0000] {processor.py:830} INFO - Processing file /home/airflow/.local/lib/python3.12/site-packages/airflow/example_dags/example_python_operator.py for tasks to queue
[2024-04-15T17:15:35.820+0000] {logging_mixin.py:188} INFO - [2024-04-15T17:15:35.820+0000] {dagbag.py:540} INFO - Filling up the DagBag from /home/airflow/.local/lib/python3.12/site-packages/airflow/example_dags/example_python_operator.py
[2024-04-15T17:15:35.827+0000] {processor.py:840} INFO - DAG(s) 'example_python_operator' retrieved from /home/airflow/.local/lib/python3.12/site-packages/airflow/example_dags/example_python_operator.py
[2024-04-15T17:15:35.839+0000] {logging_mixin.py:188} INFO - [2024-04-15T17:15:35.839+0000] {dag.py:3096} INFO - Sync 1 DAGs
[2024-04-15T17:15:35.848+0000] {logging_mixin.py:188} INFO - [2024-04-15T17:15:35.848+0000] {dag.py:3954} INFO - Setting next_dagrun for example_python_operator to None, run_after=None
[2024-04-15T17:15:35.857+0000] {processor.py:183} INFO - Processing /home/airflow/.local/lib/python3.12/site-packages/airflow/example_dags/example_python_operator.py took 0.040 seconds
[2024-04-15T17:16:06.441+0000] {processor.py:161} INFO - Started process (PID=453) to work on /home/airflow/.local/lib/python3.12/site-packages/airflow/example_dags/example_python_operator.py
[2024-04-15T17:16:06.442+0000] {processor.py:830} INFO - Processing file /home/airflow/.local/lib/python3.12/site-packages/airflow/example_dags/example_python_operator.py for tasks to queue
[2024-04-15T17:16:06.443+0000] {logging_mixin.py:188} INFO - [2024-04-15T17:16:06.443+0000] {dagbag.py:540} INFO - Filling up the DagBag from /home/airflow/.local/lib/python3.12/site-packages/airflow/example_dags/example_python_operator.py
[2024-04-15T17:16:06.451+0000] {processor.py:840} INFO - DAG(s) 'example_python_operator' retrieved from /home/airflow/.local/lib/python3.12/site-packages/airflow/example_dags/example_python_operator.py
[2024-04-15T17:16:06.466+0000] {logging_mixin.py:188} INFO - [2024-04-15T17:16:06.466+0000] {dag.py:3096} INFO - Sync 1 DAGs
[2024-04-15T17:16:06.475+0000] {logging_mixin.py:188} INFO - [2024-04-15T17:16:06.474+0000] {dag.py:3954} INFO - Setting next_dagrun for example_python_operator to None, run_after=None
[2024-04-15T17:16:06.488+0000] {processor.py:183} INFO - Processing /home/airflow/.local/lib/python3.12/site-packages/airflow/example_dags/example_python_operator.py took 0.052 seconds
[2024-04-15T17:16:36.914+0000] {processor.py:161} INFO - Started process (PID=512) to work on /home/airflow/.local/lib/python3.12/site-packages/airflow/example_dags/example_python_operator.py
[2024-04-15T17:16:36.922+0000] {processor.py:830} INFO - Processing file /home/airflow/.local/lib/python3.12/site-packages/airflow/example_dags/example_python_operator.py for tasks to queue
[2024-04-15T17:16:36.935+0000] {logging_mixin.py:188} INFO - [2024-04-15T17:16:36.933+0000] {dagbag.py:540} INFO - Filling up the DagBag from /home/airflow/.local/lib/python3.12/site-packages/airflow/example_dags/example_python_operator.py
[2024-04-15T17:16:36.959+0000] {processor.py:840} INFO - DAG(s) 'example_python_operator' retrieved from /home/airflow/.local/lib/python3.12/site-packages/airflow/example_dags/example_python_operator.py
[2024-04-15T17:16:37.009+0000] {logging_mixin.py:188} INFO - [2024-04-15T17:16:37.009+0000] {dag.py:3096} INFO - Sync 1 DAGs
[2024-04-15T17:16:37.040+0000] {logging_mixin.py:188} INFO - [2024-04-15T17:16:37.040+0000] {dag.py:3954} INFO - Setting next_dagrun for example_python_operator to None, run_after=None
[2024-04-15T17:16:37.061+0000] {processor.py:183} INFO - Processing /home/airflow/.local/lib/python3.12/site-packages/airflow/example_dags/example_python_operator.py took 0.165 seconds
[2024-04-15T17:17:07.690+0000] {processor.py:161} INFO - Started process (PID=571) to work on /home/airflow/.local/lib/python3.12/site-packages/airflow/example_dags/example_python_operator.py
[2024-04-15T17:17:07.691+0000] {processor.py:830} INFO - Processing file /home/airflow/.local/lib/python3.12/site-packages/airflow/example_dags/example_python_operator.py for tasks to queue
[2024-04-15T17:17:07.691+0000] {logging_mixin.py:188} INFO - [2024-04-15T17:17:07.691+0000] {dagbag.py:540} INFO - Filling up the DagBag from /home/airflow/.local/lib/python3.12/site-packages/airflow/example_dags/example_python_operator.py
[2024-04-15T17:17:07.697+0000] {processor.py:840} INFO - DAG(s) 'example_python_operator' retrieved from /home/airflow/.local/lib/python3.12/site-packages/airflow/example_dags/example_python_operator.py
[2024-04-15T17:17:07.709+0000] {logging_mixin.py:188} INFO - [2024-04-15T17:17:07.709+0000] {dag.py:3096} INFO - Sync 1 DAGs
[2024-04-15T17:17:07.715+0000] {logging_mixin.py:188} INFO - [2024-04-15T17:17:07.715+0000] {dag.py:3954} INFO - Setting next_dagrun for example_python_operator to None, run_after=None
[2024-04-15T17:17:07.724+0000] {processor.py:183} INFO - Processing /home/airflow/.local/lib/python3.12/site-packages/airflow/example_dags/example_python_operator.py took 0.037 seconds
[2024-04-15T17:17:37.886+0000] {processor.py:161} INFO - Started process (PID=629) to work on /home/airflow/.local/lib/python3.12/site-packages/airflow/example_dags/example_python_operator.py
[2024-04-15T17:17:37.886+0000] {processor.py:830} INFO - Processing file /home/airflow/.local/lib/python3.12/site-packages/airflow/example_dags/example_python_operator.py for tasks to queue
[2024-04-15T17:17:37.887+0000] {logging_mixin.py:188} INFO - [2024-04-15T17:17:37.887+0000] {dagbag.py:540} INFO - Filling up the DagBag from /home/airflow/.local/lib/python3.12/site-packages/airflow/example_dags/example_python_operator.py
[2024-04-15T17:17:37.892+0000] {processor.py:840} INFO - DAG(s) 'example_python_operator' retrieved from /home/airflow/.local/lib/python3.12/site-packages/airflow/example_dags/example_python_operator.py
[2024-04-15T17:17:37.903+0000] {logging_mixin.py:188} INFO - [2024-04-15T17:17:37.903+0000] {dag.py:3096} INFO - Sync 1 DAGs
[2024-04-15T17:17:37.910+0000] {logging_mixin.py:188} INFO - [2024-04-15T17:17:37.909+0000] {dag.py:3954} INFO - Setting next_dagrun for example_python_operator to None, run_after=None
[2024-04-15T17:17:37.918+0000] {processor.py:183} INFO - Processing /home/airflow/.local/lib/python3.12/site-packages/airflow/example_dags/example_python_operator.py took 0.036 seconds
[2024-04-15T17:18:08.381+0000] {processor.py:161} INFO - Started process (PID=688) to work on /home/airflow/.local/lib/python3.12/site-packages/airflow/example_dags/example_python_operator.py
[2024-04-15T17:18:08.382+0000] {processor.py:830} INFO - Processing file /home/airflow/.local/lib/python3.12/site-packages/airflow/example_dags/example_python_operator.py for tasks to queue
[2024-04-15T17:18:08.382+0000] {logging_mixin.py:188} INFO - [2024-04-15T17:18:08.382+0000] {dagbag.py:540} INFO - Filling up the DagBag from /home/airflow/.local/lib/python3.12/site-packages/airflow/example_dags/example_python_operator.py
[2024-04-15T17:18:08.387+0000] {processor.py:840} INFO - DAG(s) 'example_python_operator' retrieved from /home/airflow/.local/lib/python3.12/site-packages/airflow/example_dags/example_python_operator.py
[2024-04-15T17:18:08.408+0000] {logging_mixin.py:188} INFO - [2024-04-15T17:18:08.408+0000] {dag.py:3096} INFO - Sync 1 DAGs
[2024-04-15T17:18:08.415+0000] {logging_mixin.py:188} INFO - [2024-04-15T17:18:08.415+0000] {dag.py:3954} INFO - Setting next_dagrun for example_python_operator to None, run_after=None
[2024-04-15T17:18:08.423+0000] {processor.py:183} INFO - Processing /home/airflow/.local/lib/python3.12/site-packages/airflow/example_dags/example_python_operator.py took 0.045 seconds
[2024-04-15T17:18:38.964+0000] {processor.py:161} INFO - Started process (PID=747) to work on /home/airflow/.local/lib/python3.12/site-packages/airflow/example_dags/example_python_operator.py
[2024-04-15T17:18:38.964+0000] {processor.py:830} INFO - Processing file /home/airflow/.local/lib/python3.12/site-packages/airflow/example_dags/example_python_operator.py for tasks to queue
[2024-04-15T17:18:38.965+0000] {logging_mixin.py:188} INFO - [2024-04-15T17:18:38.964+0000] {dagbag.py:540} INFO - Filling up the DagBag from /home/airflow/.local/lib/python3.12/site-packages/airflow/example_dags/example_python_operator.py
[2024-04-15T17:18:38.970+0000] {processor.py:840} INFO - DAG(s) 'example_python_operator' retrieved from /home/airflow/.local/lib/python3.12/site-packages/airflow/example_dags/example_python_operator.py
[2024-04-15T17:18:38.983+0000] {logging_mixin.py:188} INFO - [2024-04-15T17:18:38.983+0000] {dag.py:3096} INFO - Sync 1 DAGs
[2024-04-15T17:18:38.989+0000] {logging_mixin.py:188} INFO - [2024-04-15T17:18:38.989+0000] {dag.py:3954} INFO - Setting next_dagrun for example_python_operator to None, run_after=None
[2024-04-15T17:18:38.999+0000] {processor.py:183} INFO - Processing /home/airflow/.local/lib/python3.12/site-packages/airflow/example_dags/example_python_operator.py took 0.039 seconds
[2024-04-15T17:19:09.063+0000] {processor.py:161} INFO - Started process (PID=806) to work on /home/airflow/.local/lib/python3.12/site-packages/airflow/example_dags/example_python_operator.py
[2024-04-15T17:19:09.064+0000] {processor.py:830} INFO - Processing file /home/airflow/.local/lib/python3.12/site-packages/airflow/example_dags/example_python_operator.py for tasks to queue
[2024-04-15T17:19:09.064+0000] {logging_mixin.py:188} INFO - [2024-04-15T17:19:09.064+0000] {dagbag.py:540} INFO - Filling up the DagBag from /home/airflow/.local/lib/python3.12/site-packages/airflow/example_dags/example_python_operator.py
[2024-04-15T17:19:09.070+0000] {processor.py:840} INFO - DAG(s) 'example_python_operator' retrieved from /home/airflow/.local/lib/python3.12/site-packages/airflow/example_dags/example_python_operator.py
[2024-04-15T17:19:09.080+0000] {logging_mixin.py:188} INFO - [2024-04-15T17:19:09.080+0000] {dag.py:3096} INFO - Sync 1 DAGs
[2024-04-15T17:19:09.085+0000] {logging_mixin.py:188} INFO - [2024-04-15T17:19:09.085+0000] {dag.py:3954} INFO - Setting next_dagrun for example_python_operator to None, run_after=None
[2024-04-15T17:19:09.095+0000] {processor.py:183} INFO - Processing /home/airflow/.local/lib/python3.12/site-packages/airflow/example_dags/example_python_operator.py took 0.035 seconds
[2024-04-15T17:19:39.540+0000] {processor.py:161} INFO - Started process (PID=865) to work on /home/airflow/.local/lib/python3.12/site-packages/airflow/example_dags/example_python_operator.py
[2024-04-15T17:19:39.541+0000] {processor.py:830} INFO - Processing file /home/airflow/.local/lib/python3.12/site-packages/airflow/example_dags/example_python_operator.py for tasks to queue
[2024-04-15T17:19:39.542+0000] {logging_mixin.py:188} INFO - [2024-04-15T17:19:39.542+0000] {dagbag.py:540} INFO - Filling up the DagBag from /home/airflow/.local/lib/python3.12/site-packages/airflow/example_dags/example_python_operator.py
[2024-04-15T17:19:39.548+0000] {processor.py:840} INFO - DAG(s) 'example_python_operator' retrieved from /home/airflow/.local/lib/python3.12/site-packages/airflow/example_dags/example_python_operator.py
[2024-04-15T17:19:39.560+0000] {logging_mixin.py:188} INFO - [2024-04-15T17:19:39.560+0000] {dag.py:3096} INFO - Sync 1 DAGs
[2024-04-15T17:19:39.566+0000] {logging_mixin.py:188} INFO - [2024-04-15T17:19:39.566+0000] {dag.py:3954} INFO - Setting next_dagrun for example_python_operator to None, run_after=None
[2024-04-15T17:19:39.577+0000] {processor.py:183} INFO - Processing /home/airflow/.local/lib/python3.12/site-packages/airflow/example_dags/example_python_operator.py took 0.041 seconds
[2024-04-15T17:20:10.677+0000] {processor.py:161} INFO - Started process (PID=924) to work on /home/airflow/.local/lib/python3.12/site-packages/airflow/example_dags/example_python_operator.py
[2024-04-15T17:20:10.678+0000] {processor.py:830} INFO - Processing file /home/airflow/.local/lib/python3.12/site-packages/airflow/example_dags/example_python_operator.py for tasks to queue
[2024-04-15T17:20:10.679+0000] {logging_mixin.py:188} INFO - [2024-04-15T17:20:10.679+0000] {dagbag.py:540} INFO - Filling up the DagBag from /home/airflow/.local/lib/python3.12/site-packages/airflow/example_dags/example_python_operator.py
[2024-04-15T17:20:10.684+0000] {processor.py:840} INFO - DAG(s) 'example_python_operator' retrieved from /home/airflow/.local/lib/python3.12/site-packages/airflow/example_dags/example_python_operator.py
[2024-04-15T17:20:10.699+0000] {logging_mixin.py:188} INFO - [2024-04-15T17:20:10.699+0000] {dag.py:3096} INFO - Sync 1 DAGs
[2024-04-15T17:20:10.707+0000] {logging_mixin.py:188} INFO - [2024-04-15T17:20:10.707+0000] {dag.py:3954} INFO - Setting next_dagrun for example_python_operator to None, run_after=None
[2024-04-15T17:20:10.716+0000] {processor.py:183} INFO - Processing /home/airflow/.local/lib/python3.12/site-packages/airflow/example_dags/example_python_operator.py took 0.041 seconds
[2024-04-15T17:20:41.579+0000] {processor.py:161} INFO - Started process (PID=983) to work on /home/airflow/.local/lib/python3.12/site-packages/airflow/example_dags/example_python_operator.py
[2024-04-15T17:20:41.579+0000] {processor.py:830} INFO - Processing file /home/airflow/.local/lib/python3.12/site-packages/airflow/example_dags/example_python_operator.py for tasks to queue
[2024-04-15T17:20:41.580+0000] {logging_mixin.py:188} INFO - [2024-04-15T17:20:41.580+0000] {dagbag.py:540} INFO - Filling up the DagBag from /home/airflow/.local/lib/python3.12/site-packages/airflow/example_dags/example_python_operator.py
[2024-04-15T17:20:41.587+0000] {processor.py:840} INFO - DAG(s) 'example_python_operator' retrieved from /home/airflow/.local/lib/python3.12/site-packages/airflow/example_dags/example_python_operator.py
[2024-04-15T17:20:41.614+0000] {logging_mixin.py:188} INFO - [2024-04-15T17:20:41.614+0000] {dag.py:3096} INFO - Sync 1 DAGs
[2024-04-15T17:20:41.628+0000] {logging_mixin.py:188} INFO - [2024-04-15T17:20:41.628+0000] {dag.py:3954} INFO - Setting next_dagrun for example_python_operator to None, run_after=None
[2024-04-15T17:20:41.641+0000] {processor.py:183} INFO - Processing /home/airflow/.local/lib/python3.12/site-packages/airflow/example_dags/example_python_operator.py took 0.066 seconds
[2024-04-15T17:21:13.236+0000] {processor.py:161} INFO - Started process (PID=1042) to work on /home/airflow/.local/lib/python3.12/site-packages/airflow/example_dags/example_python_operator.py
[2024-04-15T17:21:13.237+0000] {processor.py:830} INFO - Processing file /home/airflow/.local/lib/python3.12/site-packages/airflow/example_dags/example_python_operator.py for tasks to queue
[2024-04-15T17:21:13.238+0000] {logging_mixin.py:188} INFO - [2024-04-15T17:21:13.237+0000] {dagbag.py:540} INFO - Filling up the DagBag from /home/airflow/.local/lib/python3.12/site-packages/airflow/example_dags/example_python_operator.py
[2024-04-15T17:21:13.244+0000] {processor.py:840} INFO - DAG(s) 'example_python_operator' retrieved from /home/airflow/.local/lib/python3.12/site-packages/airflow/example_dags/example_python_operator.py
[2024-04-15T17:21:13.255+0000] {logging_mixin.py:188} INFO - [2024-04-15T17:21:13.255+0000] {dag.py:3096} INFO - Sync 1 DAGs
[2024-04-15T17:21:13.261+0000] {logging_mixin.py:188} INFO - [2024-04-15T17:21:13.261+0000] {dag.py:3954} INFO - Setting next_dagrun for example_python_operator to None, run_after=None
[2024-04-15T17:21:13.269+0000] {processor.py:183} INFO - Processing /home/airflow/.local/lib/python3.12/site-packages/airflow/example_dags/example_python_operator.py took 0.036 seconds
[2024-04-15T17:21:44.522+0000] {processor.py:161} INFO - Started process (PID=1101) to work on /home/airflow/.local/lib/python3.12/site-packages/airflow/example_dags/example_python_operator.py
[2024-04-15T17:21:44.522+0000] {processor.py:830} INFO - Processing file /home/airflow/.local/lib/python3.12/site-packages/airflow/example_dags/example_python_operator.py for tasks to queue
[2024-04-15T17:21:44.523+0000] {logging_mixin.py:188} INFO - [2024-04-15T17:21:44.523+0000] {dagbag.py:540} INFO - Filling up the DagBag from /home/airflow/.local/lib/python3.12/site-packages/airflow/example_dags/example_python_operator.py
[2024-04-15T17:21:44.530+0000] {processor.py:840} INFO - DAG(s) 'example_python_operator' retrieved from /home/airflow/.local/lib/python3.12/site-packages/airflow/example_dags/example_python_operator.py
[2024-04-15T17:21:44.543+0000] {logging_mixin.py:188} INFO - [2024-04-15T17:21:44.543+0000] {dag.py:3096} INFO - Sync 1 DAGs
[2024-04-15T17:21:44.652+0000] {logging_mixin.py:188} INFO - [2024-04-15T17:21:44.652+0000] {dag.py:3954} INFO - Setting next_dagrun for example_python_operator to None, run_after=None
[2024-04-15T17:21:44.661+0000] {processor.py:183} INFO - Processing /home/airflow/.local/lib/python3.12/site-packages/airflow/example_dags/example_python_operator.py took 0.142 seconds
[2024-04-15T17:22:50.710+0000] {processor.py:161} INFO - Started process (PID=40) to work on /home/airflow/.local/lib/python3.12/site-packages/airflow/example_dags/example_python_operator.py
[2024-04-15T17:22:50.713+0000] {processor.py:830} INFO - Processing file /home/airflow/.local/lib/python3.12/site-packages/airflow/example_dags/example_python_operator.py for tasks to queue
[2024-04-15T17:22:50.723+0000] {logging_mixin.py:188} INFO - [2024-04-15T17:22:50.720+0000] {dagbag.py:540} INFO - Filling up the DagBag from /home/airflow/.local/lib/python3.12/site-packages/airflow/example_dags/example_python_operator.py
[2024-04-15T17:22:50.812+0000] {processor.py:840} INFO - DAG(s) 'example_python_operator' retrieved from /home/airflow/.local/lib/python3.12/site-packages/airflow/example_dags/example_python_operator.py
[2024-04-15T17:22:50.859+0000] {logging_mixin.py:188} INFO - [2024-04-15T17:22:50.858+0000] {dag.py:3096} INFO - Sync 1 DAGs
[2024-04-15T17:22:50.881+0000] {logging_mixin.py:188} INFO - [2024-04-15T17:22:50.881+0000] {dag.py:3954} INFO - Setting next_dagrun for example_python_operator to None, run_after=None
[2024-04-15T17:22:50.927+0000] {processor.py:183} INFO - Processing /home/airflow/.local/lib/python3.12/site-packages/airflow/example_dags/example_python_operator.py took 0.260 seconds
[2024-04-15T17:23:21.659+0000] {processor.py:161} INFO - Started process (PID=99) to work on /home/airflow/.local/lib/python3.12/site-packages/airflow/example_dags/example_python_operator.py
[2024-04-15T17:23:21.659+0000] {processor.py:830} INFO - Processing file /home/airflow/.local/lib/python3.12/site-packages/airflow/example_dags/example_python_operator.py for tasks to queue
[2024-04-15T17:23:21.660+0000] {logging_mixin.py:188} INFO - [2024-04-15T17:23:21.660+0000] {dagbag.py:540} INFO - Filling up the DagBag from /home/airflow/.local/lib/python3.12/site-packages/airflow/example_dags/example_python_operator.py
[2024-04-15T17:23:21.667+0000] {processor.py:840} INFO - DAG(s) 'example_python_operator' retrieved from /home/airflow/.local/lib/python3.12/site-packages/airflow/example_dags/example_python_operator.py
[2024-04-15T17:23:21.718+0000] {logging_mixin.py:188} INFO - [2024-04-15T17:23:21.718+0000] {dag.py:3096} INFO - Sync 1 DAGs
[2024-04-15T17:23:21.723+0000] {logging_mixin.py:188} INFO - [2024-04-15T17:23:21.723+0000] {dag.py:3954} INFO - Setting next_dagrun for example_python_operator to None, run_after=None
[2024-04-15T17:23:21.733+0000] {processor.py:183} INFO - Processing /home/airflow/.local/lib/python3.12/site-packages/airflow/example_dags/example_python_operator.py took 0.077 seconds
[2024-04-15T17:23:52.212+0000] {processor.py:161} INFO - Started process (PID=158) to work on /home/airflow/.local/lib/python3.12/site-packages/airflow/example_dags/example_python_operator.py
[2024-04-15T17:23:52.213+0000] {processor.py:830} INFO - Processing file /home/airflow/.local/lib/python3.12/site-packages/airflow/example_dags/example_python_operator.py for tasks to queue
[2024-04-15T17:23:52.214+0000] {logging_mixin.py:188} INFO - [2024-04-15T17:23:52.214+0000] {dagbag.py:540} INFO - Filling up the DagBag from /home/airflow/.local/lib/python3.12/site-packages/airflow/example_dags/example_python_operator.py
[2024-04-15T17:23:52.220+0000] {processor.py:840} INFO - DAG(s) 'example_python_operator' retrieved from /home/airflow/.local/lib/python3.12/site-packages/airflow/example_dags/example_python_operator.py
[2024-04-15T17:23:52.232+0000] {logging_mixin.py:188} INFO - [2024-04-15T17:23:52.232+0000] {dag.py:3096} INFO - Sync 1 DAGs
[2024-04-15T17:23:52.238+0000] {logging_mixin.py:188} INFO - [2024-04-15T17:23:52.238+0000] {dag.py:3954} INFO - Setting next_dagrun for example_python_operator to None, run_after=None
[2024-04-15T17:23:52.247+0000] {processor.py:183} INFO - Processing /home/airflow/.local/lib/python3.12/site-packages/airflow/example_dags/example_python_operator.py took 0.038 seconds
[2024-04-15T17:24:22.711+0000] {processor.py:161} INFO - Started process (PID=217) to work on /home/airflow/.local/lib/python3.12/site-packages/airflow/example_dags/example_python_operator.py
[2024-04-15T17:24:22.711+0000] {processor.py:830} INFO - Processing file /home/airflow/.local/lib/python3.12/site-packages/airflow/example_dags/example_python_operator.py for tasks to queue
[2024-04-15T17:24:22.713+0000] {logging_mixin.py:188} INFO - [2024-04-15T17:24:22.712+0000] {dagbag.py:540} INFO - Filling up the DagBag from /home/airflow/.local/lib/python3.12/site-packages/airflow/example_dags/example_python_operator.py
[2024-04-15T17:24:22.720+0000] {processor.py:840} INFO - DAG(s) 'example_python_operator' retrieved from /home/airflow/.local/lib/python3.12/site-packages/airflow/example_dags/example_python_operator.py
[2024-04-15T17:24:22.733+0000] {logging_mixin.py:188} INFO - [2024-04-15T17:24:22.732+0000] {dag.py:3096} INFO - Sync 1 DAGs
[2024-04-15T17:24:22.738+0000] {logging_mixin.py:188} INFO - [2024-04-15T17:24:22.738+0000] {dag.py:3954} INFO - Setting next_dagrun for example_python_operator to None, run_after=None
[2024-04-15T17:24:22.747+0000] {processor.py:183} INFO - Processing /home/airflow/.local/lib/python3.12/site-packages/airflow/example_dags/example_python_operator.py took 0.040 seconds
[2024-04-15T17:24:56.291+0000] {processor.py:161} INFO - Started process (PID=279) to work on /home/airflow/.local/lib/python3.12/site-packages/airflow/example_dags/example_python_operator.py
[2024-04-15T17:24:56.295+0000] {processor.py:830} INFO - Processing file /home/airflow/.local/lib/python3.12/site-packages/airflow/example_dags/example_python_operator.py for tasks to queue
[2024-04-15T17:24:56.298+0000] {logging_mixin.py:188} INFO - [2024-04-15T17:24:56.297+0000] {dagbag.py:540} INFO - Filling up the DagBag from /home/airflow/.local/lib/python3.12/site-packages/airflow/example_dags/example_python_operator.py
[2024-04-15T17:24:57.154+0000] {processor.py:840} INFO - DAG(s) 'example_python_operator' retrieved from /home/airflow/.local/lib/python3.12/site-packages/airflow/example_dags/example_python_operator.py
[2024-04-15T17:24:57.181+0000] {logging_mixin.py:188} INFO - [2024-04-15T17:24:57.181+0000] {dag.py:3096} INFO - Sync 1 DAGs
[2024-04-15T17:24:57.191+0000] {logging_mixin.py:188} INFO - [2024-04-15T17:24:57.191+0000] {dag.py:3954} INFO - Setting next_dagrun for example_python_operator to None, run_after=None
[2024-04-15T17:24:57.211+0000] {processor.py:183} INFO - Processing /home/airflow/.local/lib/python3.12/site-packages/airflow/example_dags/example_python_operator.py took 0.926 seconds
[2024-04-15T17:26:23.132+0000] {processor.py:161} INFO - Started process (PID=46) to work on /home/airflow/.local/lib/python3.12/site-packages/airflow/example_dags/example_python_operator.py
[2024-04-15T17:26:23.135+0000] {processor.py:830} INFO - Processing file /home/airflow/.local/lib/python3.12/site-packages/airflow/example_dags/example_python_operator.py for tasks to queue
[2024-04-15T17:26:23.139+0000] {logging_mixin.py:188} INFO - [2024-04-15T17:26:23.138+0000] {dagbag.py:540} INFO - Filling up the DagBag from /home/airflow/.local/lib/python3.12/site-packages/airflow/example_dags/example_python_operator.py
[2024-04-15T17:26:23.200+0000] {processor.py:840} INFO - DAG(s) 'example_python_operator' retrieved from /home/airflow/.local/lib/python3.12/site-packages/airflow/example_dags/example_python_operator.py
[2024-04-15T17:26:23.229+0000] {logging_mixin.py:188} INFO - [2024-04-15T17:26:23.229+0000] {dag.py:3096} INFO - Sync 1 DAGs
[2024-04-15T17:26:23.307+0000] {logging_mixin.py:188} INFO - [2024-04-15T17:26:23.306+0000] {dag.py:3954} INFO - Setting next_dagrun for example_python_operator to None, run_after=None
[2024-04-15T17:26:23.379+0000] {processor.py:183} INFO - Processing /home/airflow/.local/lib/python3.12/site-packages/airflow/example_dags/example_python_operator.py took 0.256 seconds
[2024-04-15T17:26:53.666+0000] {processor.py:161} INFO - Started process (PID=103) to work on /home/airflow/.local/lib/python3.12/site-packages/airflow/example_dags/example_python_operator.py
[2024-04-15T17:26:53.667+0000] {processor.py:830} INFO - Processing file /home/airflow/.local/lib/python3.12/site-packages/airflow/example_dags/example_python_operator.py for tasks to queue
[2024-04-15T17:26:53.668+0000] {logging_mixin.py:188} INFO - [2024-04-15T17:26:53.668+0000] {dagbag.py:540} INFO - Filling up the DagBag from /home/airflow/.local/lib/python3.12/site-packages/airflow/example_dags/example_python_operator.py
[2024-04-15T17:26:53.676+0000] {processor.py:840} INFO - DAG(s) 'example_python_operator' retrieved from /home/airflow/.local/lib/python3.12/site-packages/airflow/example_dags/example_python_operator.py
[2024-04-15T17:26:53.837+0000] {logging_mixin.py:188} INFO - [2024-04-15T17:26:53.836+0000] {dag.py:3096} INFO - Sync 1 DAGs
[2024-04-15T17:26:53.843+0000] {logging_mixin.py:188} INFO - [2024-04-15T17:26:53.843+0000] {dag.py:3954} INFO - Setting next_dagrun for example_python_operator to None, run_after=None
[2024-04-15T17:26:53.855+0000] {processor.py:183} INFO - Processing /home/airflow/.local/lib/python3.12/site-packages/airflow/example_dags/example_python_operator.py took 0.197 seconds
[2024-04-15T17:27:24.321+0000] {processor.py:161} INFO - Started process (PID=163) to work on /home/airflow/.local/lib/python3.12/site-packages/airflow/example_dags/example_python_operator.py
[2024-04-15T17:27:24.321+0000] {processor.py:830} INFO - Processing file /home/airflow/.local/lib/python3.12/site-packages/airflow/example_dags/example_python_operator.py for tasks to queue
[2024-04-15T17:27:24.322+0000] {logging_mixin.py:188} INFO - [2024-04-15T17:27:24.322+0000] {dagbag.py:540} INFO - Filling up the DagBag from /home/airflow/.local/lib/python3.12/site-packages/airflow/example_dags/example_python_operator.py
[2024-04-15T17:27:24.329+0000] {processor.py:840} INFO - DAG(s) 'example_python_operator' retrieved from /home/airflow/.local/lib/python3.12/site-packages/airflow/example_dags/example_python_operator.py
[2024-04-15T17:27:24.344+0000] {logging_mixin.py:188} INFO - [2024-04-15T17:27:24.344+0000] {dag.py:3096} INFO - Sync 1 DAGs
[2024-04-15T17:27:24.352+0000] {logging_mixin.py:188} INFO - [2024-04-15T17:27:24.352+0000] {dag.py:3954} INFO - Setting next_dagrun for example_python_operator to None, run_after=None
[2024-04-15T17:27:24.360+0000] {processor.py:183} INFO - Processing /home/airflow/.local/lib/python3.12/site-packages/airflow/example_dags/example_python_operator.py took 0.042 seconds
[2024-04-15T17:27:54.761+0000] {processor.py:161} INFO - Started process (PID=223) to work on /home/airflow/.local/lib/python3.12/site-packages/airflow/example_dags/example_python_operator.py
[2024-04-15T17:27:54.761+0000] {processor.py:830} INFO - Processing file /home/airflow/.local/lib/python3.12/site-packages/airflow/example_dags/example_python_operator.py for tasks to queue
[2024-04-15T17:27:54.763+0000] {logging_mixin.py:188} INFO - [2024-04-15T17:27:54.763+0000] {dagbag.py:540} INFO - Filling up the DagBag from /home/airflow/.local/lib/python3.12/site-packages/airflow/example_dags/example_python_operator.py
[2024-04-15T17:27:54.771+0000] {processor.py:840} INFO - DAG(s) 'example_python_operator' retrieved from /home/airflow/.local/lib/python3.12/site-packages/airflow/example_dags/example_python_operator.py
[2024-04-15T17:27:54.784+0000] {logging_mixin.py:188} INFO - [2024-04-15T17:27:54.784+0000] {dag.py:3096} INFO - Sync 1 DAGs
[2024-04-15T17:27:54.790+0000] {logging_mixin.py:188} INFO - [2024-04-15T17:27:54.790+0000] {dag.py:3954} INFO - Setting next_dagrun for example_python_operator to None, run_after=None
[2024-04-15T17:27:54.800+0000] {processor.py:183} INFO - Processing /home/airflow/.local/lib/python3.12/site-packages/airflow/example_dags/example_python_operator.py took 0.043 seconds
[2024-04-15T17:28:26.053+0000] {processor.py:161} INFO - Started process (PID=283) to work on /home/airflow/.local/lib/python3.12/site-packages/airflow/example_dags/example_python_operator.py
[2024-04-15T17:28:26.055+0000] {processor.py:830} INFO - Processing file /home/airflow/.local/lib/python3.12/site-packages/airflow/example_dags/example_python_operator.py for tasks to queue
[2024-04-15T17:28:26.060+0000] {logging_mixin.py:188} INFO - [2024-04-15T17:28:26.059+0000] {dagbag.py:540} INFO - Filling up the DagBag from /home/airflow/.local/lib/python3.12/site-packages/airflow/example_dags/example_python_operator.py
[2024-04-15T17:28:26.089+0000] {processor.py:840} INFO - DAG(s) 'example_python_operator' retrieved from /home/airflow/.local/lib/python3.12/site-packages/airflow/example_dags/example_python_operator.py
[2024-04-15T17:28:26.135+0000] {logging_mixin.py:188} INFO - [2024-04-15T17:28:26.135+0000] {dag.py:3096} INFO - Sync 1 DAGs
[2024-04-15T17:28:26.148+0000] {logging_mixin.py:188} INFO - [2024-04-15T17:28:26.147+0000] {dag.py:3954} INFO - Setting next_dagrun for example_python_operator to None, run_after=None
[2024-04-15T17:28:26.163+0000] {processor.py:183} INFO - Processing /home/airflow/.local/lib/python3.12/site-packages/airflow/example_dags/example_python_operator.py took 0.118 seconds
[2024-04-15T17:28:56.184+0000] {processor.py:161} INFO - Started process (PID=343) to work on /home/airflow/.local/lib/python3.12/site-packages/airflow/example_dags/example_python_operator.py
[2024-04-15T17:28:56.185+0000] {processor.py:830} INFO - Processing file /home/airflow/.local/lib/python3.12/site-packages/airflow/example_dags/example_python_operator.py for tasks to queue
[2024-04-15T17:28:56.186+0000] {logging_mixin.py:188} INFO - [2024-04-15T17:28:56.185+0000] {dagbag.py:540} INFO - Filling up the DagBag from /home/airflow/.local/lib/python3.12/site-packages/airflow/example_dags/example_python_operator.py
[2024-04-15T17:28:56.191+0000] {processor.py:840} INFO - DAG(s) 'example_python_operator' retrieved from /home/airflow/.local/lib/python3.12/site-packages/airflow/example_dags/example_python_operator.py
[2024-04-15T17:28:56.203+0000] {logging_mixin.py:188} INFO - [2024-04-15T17:28:56.203+0000] {dag.py:3096} INFO - Sync 1 DAGs
[2024-04-15T17:28:56.209+0000] {logging_mixin.py:188} INFO - [2024-04-15T17:28:56.209+0000] {dag.py:3954} INFO - Setting next_dagrun for example_python_operator to None, run_after=None
[2024-04-15T17:28:56.217+0000] {processor.py:183} INFO - Processing /home/airflow/.local/lib/python3.12/site-packages/airflow/example_dags/example_python_operator.py took 0.037 seconds
[2024-04-15T17:29:26.816+0000] {processor.py:161} INFO - Started process (PID=403) to work on /home/airflow/.local/lib/python3.12/site-packages/airflow/example_dags/example_python_operator.py
[2024-04-15T17:29:26.817+0000] {processor.py:830} INFO - Processing file /home/airflow/.local/lib/python3.12/site-packages/airflow/example_dags/example_python_operator.py for tasks to queue
[2024-04-15T17:29:26.821+0000] {logging_mixin.py:188} INFO - [2024-04-15T17:29:26.820+0000] {dagbag.py:540} INFO - Filling up the DagBag from /home/airflow/.local/lib/python3.12/site-packages/airflow/example_dags/example_python_operator.py
[2024-04-15T17:29:26.829+0000] {processor.py:840} INFO - DAG(s) 'example_python_operator' retrieved from /home/airflow/.local/lib/python3.12/site-packages/airflow/example_dags/example_python_operator.py
[2024-04-15T17:29:26.845+0000] {logging_mixin.py:188} INFO - [2024-04-15T17:29:26.845+0000] {dag.py:3096} INFO - Sync 1 DAGs
[2024-04-15T17:29:26.853+0000] {logging_mixin.py:188} INFO - [2024-04-15T17:29:26.853+0000] {dag.py:3954} INFO - Setting next_dagrun for example_python_operator to None, run_after=None
[2024-04-15T17:29:26.863+0000] {processor.py:183} INFO - Processing /home/airflow/.local/lib/python3.12/site-packages/airflow/example_dags/example_python_operator.py took 0.053 seconds
[2024-04-15T17:29:57.072+0000] {processor.py:161} INFO - Started process (PID=463) to work on /home/airflow/.local/lib/python3.12/site-packages/airflow/example_dags/example_python_operator.py
[2024-04-15T17:29:57.073+0000] {processor.py:830} INFO - Processing file /home/airflow/.local/lib/python3.12/site-packages/airflow/example_dags/example_python_operator.py for tasks to queue
[2024-04-15T17:29:57.074+0000] {logging_mixin.py:188} INFO - [2024-04-15T17:29:57.074+0000] {dagbag.py:540} INFO - Filling up the DagBag from /home/airflow/.local/lib/python3.12/site-packages/airflow/example_dags/example_python_operator.py
[2024-04-15T17:29:57.079+0000] {processor.py:840} INFO - DAG(s) 'example_python_operator' retrieved from /home/airflow/.local/lib/python3.12/site-packages/airflow/example_dags/example_python_operator.py
[2024-04-15T17:29:57.092+0000] {logging_mixin.py:188} INFO - [2024-04-15T17:29:57.092+0000] {dag.py:3096} INFO - Sync 1 DAGs
[2024-04-15T17:29:57.099+0000] {logging_mixin.py:188} INFO - [2024-04-15T17:29:57.099+0000] {dag.py:3954} INFO - Setting next_dagrun for example_python_operator to None, run_after=None
[2024-04-15T17:29:57.108+0000] {processor.py:183} INFO - Processing /home/airflow/.local/lib/python3.12/site-packages/airflow/example_dags/example_python_operator.py took 0.038 seconds
[2024-04-15T17:30:27.357+0000] {processor.py:161} INFO - Started process (PID=525) to work on /home/airflow/.local/lib/python3.12/site-packages/airflow/example_dags/example_python_operator.py
[2024-04-15T17:30:27.357+0000] {processor.py:830} INFO - Processing file /home/airflow/.local/lib/python3.12/site-packages/airflow/example_dags/example_python_operator.py for tasks to queue
[2024-04-15T17:30:27.358+0000] {logging_mixin.py:188} INFO - [2024-04-15T17:30:27.358+0000] {dagbag.py:540} INFO - Filling up the DagBag from /home/airflow/.local/lib/python3.12/site-packages/airflow/example_dags/example_python_operator.py
[2024-04-15T17:30:27.363+0000] {processor.py:840} INFO - DAG(s) 'example_python_operator' retrieved from /home/airflow/.local/lib/python3.12/site-packages/airflow/example_dags/example_python_operator.py
[2024-04-15T17:30:27.375+0000] {logging_mixin.py:188} INFO - [2024-04-15T17:30:27.374+0000] {dag.py:3096} INFO - Sync 1 DAGs
[2024-04-15T17:30:27.380+0000] {logging_mixin.py:188} INFO - [2024-04-15T17:30:27.380+0000] {dag.py:3954} INFO - Setting next_dagrun for example_python_operator to None, run_after=None
[2024-04-15T17:30:27.388+0000] {processor.py:183} INFO - Processing /home/airflow/.local/lib/python3.12/site-packages/airflow/example_dags/example_python_operator.py took 0.034 seconds
[2024-04-15T17:30:57.617+0000] {processor.py:161} INFO - Started process (PID=584) to work on /home/airflow/.local/lib/python3.12/site-packages/airflow/example_dags/example_python_operator.py
[2024-04-15T17:30:57.618+0000] {processor.py:830} INFO - Processing file /home/airflow/.local/lib/python3.12/site-packages/airflow/example_dags/example_python_operator.py for tasks to queue
[2024-04-15T17:30:57.619+0000] {logging_mixin.py:188} INFO - [2024-04-15T17:30:57.618+0000] {dagbag.py:540} INFO - Filling up the DagBag from /home/airflow/.local/lib/python3.12/site-packages/airflow/example_dags/example_python_operator.py
[2024-04-15T17:30:57.624+0000] {processor.py:840} INFO - DAG(s) 'example_python_operator' retrieved from /home/airflow/.local/lib/python3.12/site-packages/airflow/example_dags/example_python_operator.py
[2024-04-15T17:30:57.635+0000] {logging_mixin.py:188} INFO - [2024-04-15T17:30:57.635+0000] {dag.py:3096} INFO - Sync 1 DAGs
[2024-04-15T17:30:57.641+0000] {logging_mixin.py:188} INFO - [2024-04-15T17:30:57.641+0000] {dag.py:3954} INFO - Setting next_dagrun for example_python_operator to None, run_after=None
[2024-04-15T17:30:57.648+0000] {processor.py:183} INFO - Processing /home/airflow/.local/lib/python3.12/site-packages/airflow/example_dags/example_python_operator.py took 0.035 seconds
[2024-04-15T17:31:28.473+0000] {processor.py:161} INFO - Started process (PID=644) to work on /home/airflow/.local/lib/python3.12/site-packages/airflow/example_dags/example_python_operator.py
[2024-04-15T17:31:28.474+0000] {processor.py:830} INFO - Processing file /home/airflow/.local/lib/python3.12/site-packages/airflow/example_dags/example_python_operator.py for tasks to queue
[2024-04-15T17:31:28.475+0000] {logging_mixin.py:188} INFO - [2024-04-15T17:31:28.475+0000] {dagbag.py:540} INFO - Filling up the DagBag from /home/airflow/.local/lib/python3.12/site-packages/airflow/example_dags/example_python_operator.py
[2024-04-15T17:31:28.480+0000] {processor.py:840} INFO - DAG(s) 'example_python_operator' retrieved from /home/airflow/.local/lib/python3.12/site-packages/airflow/example_dags/example_python_operator.py
[2024-04-15T17:31:28.491+0000] {logging_mixin.py:188} INFO - [2024-04-15T17:31:28.490+0000] {dag.py:3096} INFO - Sync 1 DAGs
[2024-04-15T17:31:28.496+0000] {logging_mixin.py:188} INFO - [2024-04-15T17:31:28.496+0000] {dag.py:3954} INFO - Setting next_dagrun for example_python_operator to None, run_after=None
[2024-04-15T17:31:28.504+0000] {processor.py:183} INFO - Processing /home/airflow/.local/lib/python3.12/site-packages/airflow/example_dags/example_python_operator.py took 0.033 seconds
[2024-04-15T17:31:59.062+0000] {processor.py:161} INFO - Started process (PID=710) to work on /home/airflow/.local/lib/python3.12/site-packages/airflow/example_dags/example_python_operator.py
[2024-04-15T17:31:59.063+0000] {processor.py:830} INFO - Processing file /home/airflow/.local/lib/python3.12/site-packages/airflow/example_dags/example_python_operator.py for tasks to queue
[2024-04-15T17:31:59.064+0000] {logging_mixin.py:188} INFO - [2024-04-15T17:31:59.063+0000] {dagbag.py:540} INFO - Filling up the DagBag from /home/airflow/.local/lib/python3.12/site-packages/airflow/example_dags/example_python_operator.py
[2024-04-15T17:31:59.070+0000] {processor.py:840} INFO - DAG(s) 'example_python_operator' retrieved from /home/airflow/.local/lib/python3.12/site-packages/airflow/example_dags/example_python_operator.py
[2024-04-15T17:31:59.081+0000] {logging_mixin.py:188} INFO - [2024-04-15T17:31:59.081+0000] {dag.py:3096} INFO - Sync 1 DAGs
[2024-04-15T17:31:59.088+0000] {logging_mixin.py:188} INFO - [2024-04-15T17:31:59.088+0000] {dag.py:3954} INFO - Setting next_dagrun for example_python_operator to None, run_after=None
[2024-04-15T17:31:59.097+0000] {processor.py:183} INFO - Processing /home/airflow/.local/lib/python3.12/site-packages/airflow/example_dags/example_python_operator.py took 0.038 seconds
[2024-04-15T17:32:29.374+0000] {processor.py:161} INFO - Started process (PID=770) to work on /home/airflow/.local/lib/python3.12/site-packages/airflow/example_dags/example_python_operator.py
[2024-04-15T17:32:29.375+0000] {processor.py:830} INFO - Processing file /home/airflow/.local/lib/python3.12/site-packages/airflow/example_dags/example_python_operator.py for tasks to queue
[2024-04-15T17:32:29.376+0000] {logging_mixin.py:188} INFO - [2024-04-15T17:32:29.376+0000] {dagbag.py:540} INFO - Filling up the DagBag from /home/airflow/.local/lib/python3.12/site-packages/airflow/example_dags/example_python_operator.py
[2024-04-15T17:32:29.382+0000] {processor.py:840} INFO - DAG(s) 'example_python_operator' retrieved from /home/airflow/.local/lib/python3.12/site-packages/airflow/example_dags/example_python_operator.py
[2024-04-15T17:32:29.394+0000] {logging_mixin.py:188} INFO - [2024-04-15T17:32:29.394+0000] {dag.py:3096} INFO - Sync 1 DAGs
[2024-04-15T17:32:29.401+0000] {logging_mixin.py:188} INFO - [2024-04-15T17:32:29.401+0000] {dag.py:3954} INFO - Setting next_dagrun for example_python_operator to None, run_after=None
[2024-04-15T17:32:29.413+0000] {processor.py:183} INFO - Processing /home/airflow/.local/lib/python3.12/site-packages/airflow/example_dags/example_python_operator.py took 0.042 seconds
[2024-04-15T17:32:59.707+0000] {processor.py:161} INFO - Started process (PID=830) to work on /home/airflow/.local/lib/python3.12/site-packages/airflow/example_dags/example_python_operator.py
[2024-04-15T17:32:59.707+0000] {processor.py:830} INFO - Processing file /home/airflow/.local/lib/python3.12/site-packages/airflow/example_dags/example_python_operator.py for tasks to queue
[2024-04-15T17:32:59.710+0000] {logging_mixin.py:188} INFO - [2024-04-15T17:32:59.709+0000] {dagbag.py:540} INFO - Filling up the DagBag from /home/airflow/.local/lib/python3.12/site-packages/airflow/example_dags/example_python_operator.py
[2024-04-15T17:32:59.719+0000] {processor.py:840} INFO - DAG(s) 'example_python_operator' retrieved from /home/airflow/.local/lib/python3.12/site-packages/airflow/example_dags/example_python_operator.py
[2024-04-15T17:32:59.742+0000] {logging_mixin.py:188} INFO - [2024-04-15T17:32:59.741+0000] {dag.py:3096} INFO - Sync 1 DAGs
[2024-04-15T17:32:59.754+0000] {logging_mixin.py:188} INFO - [2024-04-15T17:32:59.754+0000] {dag.py:3954} INFO - Setting next_dagrun for example_python_operator to None, run_after=None
[2024-04-15T17:32:59.772+0000] {processor.py:183} INFO - Processing /home/airflow/.local/lib/python3.12/site-packages/airflow/example_dags/example_python_operator.py took 0.070 seconds
[2024-04-15T17:33:29.838+0000] {processor.py:161} INFO - Started process (PID=890) to work on /home/airflow/.local/lib/python3.12/site-packages/airflow/example_dags/example_python_operator.py
[2024-04-15T17:33:29.839+0000] {processor.py:830} INFO - Processing file /home/airflow/.local/lib/python3.12/site-packages/airflow/example_dags/example_python_operator.py for tasks to queue
[2024-04-15T17:33:29.841+0000] {logging_mixin.py:188} INFO - [2024-04-15T17:33:29.841+0000] {dagbag.py:540} INFO - Filling up the DagBag from /home/airflow/.local/lib/python3.12/site-packages/airflow/example_dags/example_python_operator.py
[2024-04-15T17:33:29.851+0000] {processor.py:840} INFO - DAG(s) 'example_python_operator' retrieved from /home/airflow/.local/lib/python3.12/site-packages/airflow/example_dags/example_python_operator.py
[2024-04-15T17:33:29.869+0000] {logging_mixin.py:188} INFO - [2024-04-15T17:33:29.869+0000] {dag.py:3096} INFO - Sync 1 DAGs
[2024-04-15T17:33:29.882+0000] {logging_mixin.py:188} INFO - [2024-04-15T17:33:29.881+0000] {dag.py:3954} INFO - Setting next_dagrun for example_python_operator to None, run_after=None
[2024-04-15T17:33:29.941+0000] {processor.py:183} INFO - Processing /home/airflow/.local/lib/python3.12/site-packages/airflow/example_dags/example_python_operator.py took 0.111 seconds
[2024-04-15T17:34:00.190+0000] {processor.py:161} INFO - Started process (PID=950) to work on /home/airflow/.local/lib/python3.12/site-packages/airflow/example_dags/example_python_operator.py
[2024-04-15T17:34:00.191+0000] {processor.py:830} INFO - Processing file /home/airflow/.local/lib/python3.12/site-packages/airflow/example_dags/example_python_operator.py for tasks to queue
[2024-04-15T17:34:00.192+0000] {logging_mixin.py:188} INFO - [2024-04-15T17:34:00.192+0000] {dagbag.py:540} INFO - Filling up the DagBag from /home/airflow/.local/lib/python3.12/site-packages/airflow/example_dags/example_python_operator.py
[2024-04-15T17:34:00.198+0000] {processor.py:840} INFO - DAG(s) 'example_python_operator' retrieved from /home/airflow/.local/lib/python3.12/site-packages/airflow/example_dags/example_python_operator.py
[2024-04-15T17:34:00.209+0000] {logging_mixin.py:188} INFO - [2024-04-15T17:34:00.209+0000] {dag.py:3096} INFO - Sync 1 DAGs
[2024-04-15T17:34:00.215+0000] {logging_mixin.py:188} INFO - [2024-04-15T17:34:00.214+0000] {dag.py:3954} INFO - Setting next_dagrun for example_python_operator to None, run_after=None
[2024-04-15T17:34:00.222+0000] {processor.py:183} INFO - Processing /home/airflow/.local/lib/python3.12/site-packages/airflow/example_dags/example_python_operator.py took 0.035 seconds
[2024-04-15T17:34:30.621+0000] {processor.py:161} INFO - Started process (PID=1010) to work on /home/airflow/.local/lib/python3.12/site-packages/airflow/example_dags/example_python_operator.py
[2024-04-15T17:34:30.622+0000] {processor.py:830} INFO - Processing file /home/airflow/.local/lib/python3.12/site-packages/airflow/example_dags/example_python_operator.py for tasks to queue
[2024-04-15T17:34:30.623+0000] {logging_mixin.py:188} INFO - [2024-04-15T17:34:30.623+0000] {dagbag.py:540} INFO - Filling up the DagBag from /home/airflow/.local/lib/python3.12/site-packages/airflow/example_dags/example_python_operator.py
[2024-04-15T17:34:30.629+0000] {processor.py:840} INFO - DAG(s) 'example_python_operator' retrieved from /home/airflow/.local/lib/python3.12/site-packages/airflow/example_dags/example_python_operator.py
[2024-04-15T17:34:30.640+0000] {logging_mixin.py:188} INFO - [2024-04-15T17:34:30.640+0000] {dag.py:3096} INFO - Sync 1 DAGs
[2024-04-15T17:34:30.648+0000] {logging_mixin.py:188} INFO - [2024-04-15T17:34:30.648+0000] {dag.py:3954} INFO - Setting next_dagrun for example_python_operator to None, run_after=None
[2024-04-15T17:34:30.662+0000] {processor.py:183} INFO - Processing /home/airflow/.local/lib/python3.12/site-packages/airflow/example_dags/example_python_operator.py took 0.043 seconds
[2024-04-15T17:35:01.289+0000] {processor.py:161} INFO - Started process (PID=1070) to work on /home/airflow/.local/lib/python3.12/site-packages/airflow/example_dags/example_python_operator.py
[2024-04-15T17:35:01.290+0000] {processor.py:830} INFO - Processing file /home/airflow/.local/lib/python3.12/site-packages/airflow/example_dags/example_python_operator.py for tasks to queue
[2024-04-15T17:35:01.292+0000] {logging_mixin.py:188} INFO - [2024-04-15T17:35:01.292+0000] {dagbag.py:540} INFO - Filling up the DagBag from /home/airflow/.local/lib/python3.12/site-packages/airflow/example_dags/example_python_operator.py
[2024-04-15T17:35:01.302+0000] {processor.py:840} INFO - DAG(s) 'example_python_operator' retrieved from /home/airflow/.local/lib/python3.12/site-packages/airflow/example_dags/example_python_operator.py
[2024-04-15T17:35:01.318+0000] {logging_mixin.py:188} INFO - [2024-04-15T17:35:01.318+0000] {dag.py:3096} INFO - Sync 1 DAGs
[2024-04-15T17:35:01.327+0000] {logging_mixin.py:188} INFO - [2024-04-15T17:35:01.327+0000] {dag.py:3954} INFO - Setting next_dagrun for example_python_operator to None, run_after=None
[2024-04-15T17:35:01.341+0000] {processor.py:183} INFO - Processing /home/airflow/.local/lib/python3.12/site-packages/airflow/example_dags/example_python_operator.py took 0.057 seconds
[2024-04-15T17:35:31.648+0000] {processor.py:161} INFO - Started process (PID=1130) to work on /home/airflow/.local/lib/python3.12/site-packages/airflow/example_dags/example_python_operator.py
[2024-04-15T17:35:31.648+0000] {processor.py:830} INFO - Processing file /home/airflow/.local/lib/python3.12/site-packages/airflow/example_dags/example_python_operator.py for tasks to queue
[2024-04-15T17:35:31.650+0000] {logging_mixin.py:188} INFO - [2024-04-15T17:35:31.649+0000] {dagbag.py:540} INFO - Filling up the DagBag from /home/airflow/.local/lib/python3.12/site-packages/airflow/example_dags/example_python_operator.py
[2024-04-15T17:35:31.656+0000] {processor.py:840} INFO - DAG(s) 'example_python_operator' retrieved from /home/airflow/.local/lib/python3.12/site-packages/airflow/example_dags/example_python_operator.py
[2024-04-15T17:35:31.667+0000] {logging_mixin.py:188} INFO - [2024-04-15T17:35:31.667+0000] {dag.py:3096} INFO - Sync 1 DAGs
[2024-04-15T17:35:31.673+0000] {logging_mixin.py:188} INFO - [2024-04-15T17:35:31.673+0000] {dag.py:3954} INFO - Setting next_dagrun for example_python_operator to None, run_after=None
[2024-04-15T17:35:31.686+0000] {processor.py:183} INFO - Processing /home/airflow/.local/lib/python3.12/site-packages/airflow/example_dags/example_python_operator.py took 0.041 seconds
[2024-04-15T17:36:02.361+0000] {processor.py:161} INFO - Started process (PID=1190) to work on /home/airflow/.local/lib/python3.12/site-packages/airflow/example_dags/example_python_operator.py
[2024-04-15T17:36:02.362+0000] {processor.py:830} INFO - Processing file /home/airflow/.local/lib/python3.12/site-packages/airflow/example_dags/example_python_operator.py for tasks to queue
[2024-04-15T17:36:02.364+0000] {logging_mixin.py:188} INFO - [2024-04-15T17:36:02.364+0000] {dagbag.py:540} INFO - Filling up the DagBag from /home/airflow/.local/lib/python3.12/site-packages/airflow/example_dags/example_python_operator.py
[2024-04-15T17:36:02.377+0000] {processor.py:840} INFO - DAG(s) 'example_python_operator' retrieved from /home/airflow/.local/lib/python3.12/site-packages/airflow/example_dags/example_python_operator.py
[2024-04-15T17:36:02.395+0000] {logging_mixin.py:188} INFO - [2024-04-15T17:36:02.395+0000] {dag.py:3096} INFO - Sync 1 DAGs
[2024-04-15T17:36:02.404+0000] {logging_mixin.py:188} INFO - [2024-04-15T17:36:02.404+0000] {dag.py:3954} INFO - Setting next_dagrun for example_python_operator to None, run_after=None
[2024-04-15T17:36:02.416+0000] {processor.py:183} INFO - Processing /home/airflow/.local/lib/python3.12/site-packages/airflow/example_dags/example_python_operator.py took 0.063 seconds
[2024-04-15T17:36:32.897+0000] {processor.py:161} INFO - Started process (PID=1249) to work on /home/airflow/.local/lib/python3.12/site-packages/airflow/example_dags/example_python_operator.py
[2024-04-15T17:36:32.898+0000] {processor.py:830} INFO - Processing file /home/airflow/.local/lib/python3.12/site-packages/airflow/example_dags/example_python_operator.py for tasks to queue
[2024-04-15T17:36:32.899+0000] {logging_mixin.py:188} INFO - [2024-04-15T17:36:32.899+0000] {dagbag.py:540} INFO - Filling up the DagBag from /home/airflow/.local/lib/python3.12/site-packages/airflow/example_dags/example_python_operator.py
[2024-04-15T17:36:32.907+0000] {processor.py:840} INFO - DAG(s) 'example_python_operator' retrieved from /home/airflow/.local/lib/python3.12/site-packages/airflow/example_dags/example_python_operator.py
[2024-04-15T17:36:32.919+0000] {logging_mixin.py:188} INFO - [2024-04-15T17:36:32.918+0000] {dag.py:3096} INFO - Sync 1 DAGs
[2024-04-15T17:36:32.928+0000] {logging_mixin.py:188} INFO - [2024-04-15T17:36:32.928+0000] {dag.py:3954} INFO - Setting next_dagrun for example_python_operator to None, run_after=None
[2024-04-15T17:36:32.941+0000] {processor.py:183} INFO - Processing /home/airflow/.local/lib/python3.12/site-packages/airflow/example_dags/example_python_operator.py took 0.047 seconds
[2024-04-15T17:37:03.322+0000] {processor.py:161} INFO - Started process (PID=1309) to work on /home/airflow/.local/lib/python3.12/site-packages/airflow/example_dags/example_python_operator.py
[2024-04-15T17:37:03.323+0000] {processor.py:830} INFO - Processing file /home/airflow/.local/lib/python3.12/site-packages/airflow/example_dags/example_python_operator.py for tasks to queue
[2024-04-15T17:37:03.324+0000] {logging_mixin.py:188} INFO - [2024-04-15T17:37:03.324+0000] {dagbag.py:540} INFO - Filling up the DagBag from /home/airflow/.local/lib/python3.12/site-packages/airflow/example_dags/example_python_operator.py
[2024-04-15T17:37:03.333+0000] {processor.py:840} INFO - DAG(s) 'example_python_operator' retrieved from /home/airflow/.local/lib/python3.12/site-packages/airflow/example_dags/example_python_operator.py
[2024-04-15T17:37:03.361+0000] {logging_mixin.py:188} INFO - [2024-04-15T17:37:03.361+0000] {dag.py:3096} INFO - Sync 1 DAGs
[2024-04-15T17:37:03.369+0000] {logging_mixin.py:188} INFO - [2024-04-15T17:37:03.369+0000] {dag.py:3954} INFO - Setting next_dagrun for example_python_operator to None, run_after=None
[2024-04-15T17:37:03.381+0000] {processor.py:183} INFO - Processing /home/airflow/.local/lib/python3.12/site-packages/airflow/example_dags/example_python_operator.py took 0.063 seconds
[2024-04-15T17:37:33.698+0000] {processor.py:161} INFO - Started process (PID=1369) to work on /home/airflow/.local/lib/python3.12/site-packages/airflow/example_dags/example_python_operator.py
[2024-04-15T17:37:33.699+0000] {processor.py:830} INFO - Processing file /home/airflow/.local/lib/python3.12/site-packages/airflow/example_dags/example_python_operator.py for tasks to queue
[2024-04-15T17:37:33.700+0000] {logging_mixin.py:188} INFO - [2024-04-15T17:37:33.700+0000] {dagbag.py:540} INFO - Filling up the DagBag from /home/airflow/.local/lib/python3.12/site-packages/airflow/example_dags/example_python_operator.py
[2024-04-15T17:37:33.706+0000] {processor.py:840} INFO - DAG(s) 'example_python_operator' retrieved from /home/airflow/.local/lib/python3.12/site-packages/airflow/example_dags/example_python_operator.py
[2024-04-15T17:37:33.719+0000] {logging_mixin.py:188} INFO - [2024-04-15T17:37:33.719+0000] {dag.py:3096} INFO - Sync 1 DAGs
[2024-04-15T17:37:33.726+0000] {logging_mixin.py:188} INFO - [2024-04-15T17:37:33.726+0000] {dag.py:3954} INFO - Setting next_dagrun for example_python_operator to None, run_after=None
[2024-04-15T17:37:33.734+0000] {processor.py:183} INFO - Processing /home/airflow/.local/lib/python3.12/site-packages/airflow/example_dags/example_python_operator.py took 0.039 seconds
[2024-04-15T17:38:04.046+0000] {processor.py:161} INFO - Started process (PID=1429) to work on /home/airflow/.local/lib/python3.12/site-packages/airflow/example_dags/example_python_operator.py
[2024-04-15T17:38:04.046+0000] {processor.py:830} INFO - Processing file /home/airflow/.local/lib/python3.12/site-packages/airflow/example_dags/example_python_operator.py for tasks to queue
[2024-04-15T17:38:04.048+0000] {logging_mixin.py:188} INFO - [2024-04-15T17:38:04.048+0000] {dagbag.py:540} INFO - Filling up the DagBag from /home/airflow/.local/lib/python3.12/site-packages/airflow/example_dags/example_python_operator.py
[2024-04-15T17:38:04.054+0000] {processor.py:840} INFO - DAG(s) 'example_python_operator' retrieved from /home/airflow/.local/lib/python3.12/site-packages/airflow/example_dags/example_python_operator.py
[2024-04-15T17:38:04.065+0000] {logging_mixin.py:188} INFO - [2024-04-15T17:38:04.065+0000] {dag.py:3096} INFO - Sync 1 DAGs
[2024-04-15T17:38:04.071+0000] {logging_mixin.py:188} INFO - [2024-04-15T17:38:04.071+0000] {dag.py:3954} INFO - Setting next_dagrun for example_python_operator to None, run_after=None
[2024-04-15T17:38:04.079+0000] {processor.py:183} INFO - Processing /home/airflow/.local/lib/python3.12/site-packages/airflow/example_dags/example_python_operator.py took 0.036 seconds
[2024-04-15T17:38:34.228+0000] {processor.py:161} INFO - Started process (PID=1487) to work on /home/airflow/.local/lib/python3.12/site-packages/airflow/example_dags/example_python_operator.py
[2024-04-15T17:38:34.229+0000] {processor.py:830} INFO - Processing file /home/airflow/.local/lib/python3.12/site-packages/airflow/example_dags/example_python_operator.py for tasks to queue
[2024-04-15T17:38:34.230+0000] {logging_mixin.py:188} INFO - [2024-04-15T17:38:34.230+0000] {dagbag.py:540} INFO - Filling up the DagBag from /home/airflow/.local/lib/python3.12/site-packages/airflow/example_dags/example_python_operator.py
[2024-04-15T17:38:34.236+0000] {processor.py:840} INFO - DAG(s) 'example_python_operator' retrieved from /home/airflow/.local/lib/python3.12/site-packages/airflow/example_dags/example_python_operator.py
[2024-04-15T17:38:34.250+0000] {logging_mixin.py:188} INFO - [2024-04-15T17:38:34.250+0000] {dag.py:3096} INFO - Sync 1 DAGs
[2024-04-15T17:38:34.255+0000] {logging_mixin.py:188} INFO - [2024-04-15T17:38:34.255+0000] {dag.py:3954} INFO - Setting next_dagrun for example_python_operator to None, run_after=None
[2024-04-15T17:38:34.264+0000] {processor.py:183} INFO - Processing /home/airflow/.local/lib/python3.12/site-packages/airflow/example_dags/example_python_operator.py took 0.039 seconds
[2024-04-15T17:39:04.842+0000] {processor.py:161} INFO - Started process (PID=1547) to work on /home/airflow/.local/lib/python3.12/site-packages/airflow/example_dags/example_python_operator.py
[2024-04-15T17:39:04.843+0000] {processor.py:830} INFO - Processing file /home/airflow/.local/lib/python3.12/site-packages/airflow/example_dags/example_python_operator.py for tasks to queue
[2024-04-15T17:39:04.844+0000] {logging_mixin.py:188} INFO - [2024-04-15T17:39:04.844+0000] {dagbag.py:540} INFO - Filling up the DagBag from /home/airflow/.local/lib/python3.12/site-packages/airflow/example_dags/example_python_operator.py
[2024-04-15T17:39:04.849+0000] {processor.py:840} INFO - DAG(s) 'example_python_operator' retrieved from /home/airflow/.local/lib/python3.12/site-packages/airflow/example_dags/example_python_operator.py
[2024-04-15T17:39:04.861+0000] {logging_mixin.py:188} INFO - [2024-04-15T17:39:04.861+0000] {dag.py:3096} INFO - Sync 1 DAGs
[2024-04-15T17:39:04.872+0000] {logging_mixin.py:188} INFO - [2024-04-15T17:39:04.872+0000] {dag.py:3954} INFO - Setting next_dagrun for example_python_operator to None, run_after=None
[2024-04-15T17:39:04.888+0000] {processor.py:183} INFO - Processing /home/airflow/.local/lib/python3.12/site-packages/airflow/example_dags/example_python_operator.py took 0.049 seconds
[2024-04-15T17:39:35.285+0000] {processor.py:161} INFO - Started process (PID=1607) to work on /home/airflow/.local/lib/python3.12/site-packages/airflow/example_dags/example_python_operator.py
[2024-04-15T17:39:35.285+0000] {processor.py:830} INFO - Processing file /home/airflow/.local/lib/python3.12/site-packages/airflow/example_dags/example_python_operator.py for tasks to queue
[2024-04-15T17:39:35.286+0000] {logging_mixin.py:188} INFO - [2024-04-15T17:39:35.286+0000] {dagbag.py:540} INFO - Filling up the DagBag from /home/airflow/.local/lib/python3.12/site-packages/airflow/example_dags/example_python_operator.py
[2024-04-15T17:39:35.292+0000] {processor.py:840} INFO - DAG(s) 'example_python_operator' retrieved from /home/airflow/.local/lib/python3.12/site-packages/airflow/example_dags/example_python_operator.py
[2024-04-15T17:39:35.303+0000] {logging_mixin.py:188} INFO - [2024-04-15T17:39:35.303+0000] {dag.py:3096} INFO - Sync 1 DAGs
[2024-04-15T17:39:35.312+0000] {logging_mixin.py:188} INFO - [2024-04-15T17:39:35.312+0000] {dag.py:3954} INFO - Setting next_dagrun for example_python_operator to None, run_after=None
[2024-04-15T17:39:35.323+0000] {processor.py:183} INFO - Processing /home/airflow/.local/lib/python3.12/site-packages/airflow/example_dags/example_python_operator.py took 0.042 seconds
[2024-04-15T17:40:05.768+0000] {processor.py:161} INFO - Started process (PID=1667) to work on /home/airflow/.local/lib/python3.12/site-packages/airflow/example_dags/example_python_operator.py
[2024-04-15T17:40:05.768+0000] {processor.py:830} INFO - Processing file /home/airflow/.local/lib/python3.12/site-packages/airflow/example_dags/example_python_operator.py for tasks to queue
[2024-04-15T17:40:05.770+0000] {logging_mixin.py:188} INFO - [2024-04-15T17:40:05.769+0000] {dagbag.py:540} INFO - Filling up the DagBag from /home/airflow/.local/lib/python3.12/site-packages/airflow/example_dags/example_python_operator.py
[2024-04-15T17:40:05.776+0000] {processor.py:840} INFO - DAG(s) 'example_python_operator' retrieved from /home/airflow/.local/lib/python3.12/site-packages/airflow/example_dags/example_python_operator.py
[2024-04-15T17:40:05.791+0000] {logging_mixin.py:188} INFO - [2024-04-15T17:40:05.791+0000] {dag.py:3096} INFO - Sync 1 DAGs
[2024-04-15T17:40:05.802+0000] {logging_mixin.py:188} INFO - [2024-04-15T17:40:05.802+0000] {dag.py:3954} INFO - Setting next_dagrun for example_python_operator to None, run_after=None
[2024-04-15T17:40:05.816+0000] {processor.py:183} INFO - Processing /home/airflow/.local/lib/python3.12/site-packages/airflow/example_dags/example_python_operator.py took 0.052 seconds
[2024-04-15T17:40:36.266+0000] {processor.py:161} INFO - Started process (PID=1727) to work on /home/airflow/.local/lib/python3.12/site-packages/airflow/example_dags/example_python_operator.py
[2024-04-15T17:40:36.268+0000] {processor.py:830} INFO - Processing file /home/airflow/.local/lib/python3.12/site-packages/airflow/example_dags/example_python_operator.py for tasks to queue
[2024-04-15T17:40:36.269+0000] {logging_mixin.py:188} INFO - [2024-04-15T17:40:36.269+0000] {dagbag.py:540} INFO - Filling up the DagBag from /home/airflow/.local/lib/python3.12/site-packages/airflow/example_dags/example_python_operator.py
[2024-04-15T17:40:36.275+0000] {processor.py:840} INFO - DAG(s) 'example_python_operator' retrieved from /home/airflow/.local/lib/python3.12/site-packages/airflow/example_dags/example_python_operator.py
[2024-04-15T17:40:36.288+0000] {logging_mixin.py:188} INFO - [2024-04-15T17:40:36.288+0000] {dag.py:3096} INFO - Sync 1 DAGs
[2024-04-15T17:40:36.296+0000] {logging_mixin.py:188} INFO - [2024-04-15T17:40:36.296+0000] {dag.py:3954} INFO - Setting next_dagrun for example_python_operator to None, run_after=None
[2024-04-15T17:40:36.306+0000] {processor.py:183} INFO - Processing /home/airflow/.local/lib/python3.12/site-packages/airflow/example_dags/example_python_operator.py took 0.044 seconds
[2024-04-15T17:41:07.234+0000] {processor.py:161} INFO - Started process (PID=1787) to work on /home/airflow/.local/lib/python3.12/site-packages/airflow/example_dags/example_python_operator.py
[2024-04-15T17:41:07.235+0000] {processor.py:830} INFO - Processing file /home/airflow/.local/lib/python3.12/site-packages/airflow/example_dags/example_python_operator.py for tasks to queue
[2024-04-15T17:41:07.235+0000] {logging_mixin.py:188} INFO - [2024-04-15T17:41:07.235+0000] {dagbag.py:540} INFO - Filling up the DagBag from /home/airflow/.local/lib/python3.12/site-packages/airflow/example_dags/example_python_operator.py
[2024-04-15T17:41:07.241+0000] {processor.py:840} INFO - DAG(s) 'example_python_operator' retrieved from /home/airflow/.local/lib/python3.12/site-packages/airflow/example_dags/example_python_operator.py
[2024-04-15T17:41:07.253+0000] {logging_mixin.py:188} INFO - [2024-04-15T17:41:07.253+0000] {dag.py:3096} INFO - Sync 1 DAGs
[2024-04-15T17:41:07.262+0000] {logging_mixin.py:188} INFO - [2024-04-15T17:41:07.261+0000] {dag.py:3954} INFO - Setting next_dagrun for example_python_operator to None, run_after=None
[2024-04-15T17:41:07.272+0000] {processor.py:183} INFO - Processing /home/airflow/.local/lib/python3.12/site-packages/airflow/example_dags/example_python_operator.py took 0.041 seconds
[2024-04-15T17:41:37.398+0000] {processor.py:161} INFO - Started process (PID=1847) to work on /home/airflow/.local/lib/python3.12/site-packages/airflow/example_dags/example_python_operator.py
[2024-04-15T17:41:37.399+0000] {processor.py:830} INFO - Processing file /home/airflow/.local/lib/python3.12/site-packages/airflow/example_dags/example_python_operator.py for tasks to queue
[2024-04-15T17:41:37.400+0000] {logging_mixin.py:188} INFO - [2024-04-15T17:41:37.400+0000] {dagbag.py:540} INFO - Filling up the DagBag from /home/airflow/.local/lib/python3.12/site-packages/airflow/example_dags/example_python_operator.py
[2024-04-15T17:41:37.407+0000] {processor.py:840} INFO - DAG(s) 'example_python_operator' retrieved from /home/airflow/.local/lib/python3.12/site-packages/airflow/example_dags/example_python_operator.py
[2024-04-15T17:41:37.418+0000] {logging_mixin.py:188} INFO - [2024-04-15T17:41:37.417+0000] {dag.py:3096} INFO - Sync 1 DAGs
[2024-04-15T17:41:37.424+0000] {logging_mixin.py:188} INFO - [2024-04-15T17:41:37.423+0000] {dag.py:3954} INFO - Setting next_dagrun for example_python_operator to None, run_after=None
[2024-04-15T17:41:37.431+0000] {processor.py:183} INFO - Processing /home/airflow/.local/lib/python3.12/site-packages/airflow/example_dags/example_python_operator.py took 0.037 seconds
[2024-04-15T17:42:08.562+0000] {processor.py:161} INFO - Started process (PID=1906) to work on /home/airflow/.local/lib/python3.12/site-packages/airflow/example_dags/example_python_operator.py
[2024-04-15T17:42:08.563+0000] {processor.py:830} INFO - Processing file /home/airflow/.local/lib/python3.12/site-packages/airflow/example_dags/example_python_operator.py for tasks to queue
[2024-04-15T17:42:08.564+0000] {logging_mixin.py:188} INFO - [2024-04-15T17:42:08.564+0000] {dagbag.py:540} INFO - Filling up the DagBag from /home/airflow/.local/lib/python3.12/site-packages/airflow/example_dags/example_python_operator.py
[2024-04-15T17:42:08.574+0000] {processor.py:840} INFO - DAG(s) 'example_python_operator' retrieved from /home/airflow/.local/lib/python3.12/site-packages/airflow/example_dags/example_python_operator.py
[2024-04-15T17:42:08.588+0000] {logging_mixin.py:188} INFO - [2024-04-15T17:42:08.588+0000] {dag.py:3096} INFO - Sync 1 DAGs
[2024-04-15T17:42:08.597+0000] {logging_mixin.py:188} INFO - [2024-04-15T17:42:08.597+0000] {dag.py:3954} INFO - Setting next_dagrun for example_python_operator to None, run_after=None
[2024-04-15T17:42:08.608+0000] {processor.py:183} INFO - Processing /home/airflow/.local/lib/python3.12/site-packages/airflow/example_dags/example_python_operator.py took 0.053 seconds
[2024-04-15T17:42:39.328+0000] {processor.py:161} INFO - Started process (PID=1966) to work on /home/airflow/.local/lib/python3.12/site-packages/airflow/example_dags/example_python_operator.py
[2024-04-15T17:42:39.329+0000] {processor.py:830} INFO - Processing file /home/airflow/.local/lib/python3.12/site-packages/airflow/example_dags/example_python_operator.py for tasks to queue
[2024-04-15T17:42:39.333+0000] {logging_mixin.py:188} INFO - [2024-04-15T17:42:39.333+0000] {dagbag.py:540} INFO - Filling up the DagBag from /home/airflow/.local/lib/python3.12/site-packages/airflow/example_dags/example_python_operator.py
[2024-04-15T17:42:39.341+0000] {processor.py:840} INFO - DAG(s) 'example_python_operator' retrieved from /home/airflow/.local/lib/python3.12/site-packages/airflow/example_dags/example_python_operator.py
[2024-04-15T17:42:39.354+0000] {logging_mixin.py:188} INFO - [2024-04-15T17:42:39.354+0000] {dag.py:3096} INFO - Sync 1 DAGs
[2024-04-15T17:42:39.362+0000] {logging_mixin.py:188} INFO - [2024-04-15T17:42:39.362+0000] {dag.py:3954} INFO - Setting next_dagrun for example_python_operator to None, run_after=None
[2024-04-15T17:42:39.378+0000] {processor.py:183} INFO - Processing /home/airflow/.local/lib/python3.12/site-packages/airflow/example_dags/example_python_operator.py took 0.057 seconds
[2024-04-15T17:43:09.944+0000] {processor.py:161} INFO - Started process (PID=2025) to work on /home/airflow/.local/lib/python3.12/site-packages/airflow/example_dags/example_python_operator.py
[2024-04-15T17:43:09.945+0000] {processor.py:830} INFO - Processing file /home/airflow/.local/lib/python3.12/site-packages/airflow/example_dags/example_python_operator.py for tasks to queue
[2024-04-15T17:43:09.946+0000] {logging_mixin.py:188} INFO - [2024-04-15T17:43:09.946+0000] {dagbag.py:540} INFO - Filling up the DagBag from /home/airflow/.local/lib/python3.12/site-packages/airflow/example_dags/example_python_operator.py
[2024-04-15T17:43:09.951+0000] {processor.py:840} INFO - DAG(s) 'example_python_operator' retrieved from /home/airflow/.local/lib/python3.12/site-packages/airflow/example_dags/example_python_operator.py
[2024-04-15T17:43:09.963+0000] {logging_mixin.py:188} INFO - [2024-04-15T17:43:09.963+0000] {dag.py:3096} INFO - Sync 1 DAGs
[2024-04-15T17:43:09.970+0000] {logging_mixin.py:188} INFO - [2024-04-15T17:43:09.970+0000] {dag.py:3954} INFO - Setting next_dagrun for example_python_operator to None, run_after=None
[2024-04-15T17:43:09.980+0000] {processor.py:183} INFO - Processing /home/airflow/.local/lib/python3.12/site-packages/airflow/example_dags/example_python_operator.py took 0.040 seconds
[2024-04-15T17:43:40.613+0000] {processor.py:161} INFO - Started process (PID=2085) to work on /home/airflow/.local/lib/python3.12/site-packages/airflow/example_dags/example_python_operator.py
[2024-04-15T17:43:40.614+0000] {processor.py:830} INFO - Processing file /home/airflow/.local/lib/python3.12/site-packages/airflow/example_dags/example_python_operator.py for tasks to queue
[2024-04-15T17:43:40.615+0000] {logging_mixin.py:188} INFO - [2024-04-15T17:43:40.615+0000] {dagbag.py:540} INFO - Filling up the DagBag from /home/airflow/.local/lib/python3.12/site-packages/airflow/example_dags/example_python_operator.py
[2024-04-15T17:43:40.621+0000] {processor.py:840} INFO - DAG(s) 'example_python_operator' retrieved from /home/airflow/.local/lib/python3.12/site-packages/airflow/example_dags/example_python_operator.py
[2024-04-15T17:43:40.634+0000] {logging_mixin.py:188} INFO - [2024-04-15T17:43:40.634+0000] {dag.py:3096} INFO - Sync 1 DAGs
[2024-04-15T17:43:40.642+0000] {logging_mixin.py:188} INFO - [2024-04-15T17:43:40.641+0000] {dag.py:3954} INFO - Setting next_dagrun for example_python_operator to None, run_after=None
[2024-04-15T17:43:40.651+0000] {processor.py:183} INFO - Processing /home/airflow/.local/lib/python3.12/site-packages/airflow/example_dags/example_python_operator.py took 0.041 seconds
[2024-04-15T17:44:11.925+0000] {processor.py:161} INFO - Started process (PID=2145) to work on /home/airflow/.local/lib/python3.12/site-packages/airflow/example_dags/example_python_operator.py
[2024-04-15T17:44:11.926+0000] {processor.py:830} INFO - Processing file /home/airflow/.local/lib/python3.12/site-packages/airflow/example_dags/example_python_operator.py for tasks to queue
[2024-04-15T17:44:11.927+0000] {logging_mixin.py:188} INFO - [2024-04-15T17:44:11.927+0000] {dagbag.py:540} INFO - Filling up the DagBag from /home/airflow/.local/lib/python3.12/site-packages/airflow/example_dags/example_python_operator.py
[2024-04-15T17:44:11.936+0000] {processor.py:840} INFO - DAG(s) 'example_python_operator' retrieved from /home/airflow/.local/lib/python3.12/site-packages/airflow/example_dags/example_python_operator.py
[2024-04-15T17:44:11.948+0000] {logging_mixin.py:188} INFO - [2024-04-15T17:44:11.948+0000] {dag.py:3096} INFO - Sync 1 DAGs
[2024-04-15T17:44:11.956+0000] {logging_mixin.py:188} INFO - [2024-04-15T17:44:11.956+0000] {dag.py:3954} INFO - Setting next_dagrun for example_python_operator to None, run_after=None
[2024-04-15T17:44:11.964+0000] {processor.py:183} INFO - Processing /home/airflow/.local/lib/python3.12/site-packages/airflow/example_dags/example_python_operator.py took 0.043 seconds
[2024-04-15T17:44:42.454+0000] {processor.py:161} INFO - Started process (PID=2205) to work on /home/airflow/.local/lib/python3.12/site-packages/airflow/example_dags/example_python_operator.py
[2024-04-15T17:44:42.455+0000] {processor.py:830} INFO - Processing file /home/airflow/.local/lib/python3.12/site-packages/airflow/example_dags/example_python_operator.py for tasks to queue
[2024-04-15T17:44:42.456+0000] {logging_mixin.py:188} INFO - [2024-04-15T17:44:42.456+0000] {dagbag.py:540} INFO - Filling up the DagBag from /home/airflow/.local/lib/python3.12/site-packages/airflow/example_dags/example_python_operator.py
[2024-04-15T17:44:42.462+0000] {processor.py:840} INFO - DAG(s) 'example_python_operator' retrieved from /home/airflow/.local/lib/python3.12/site-packages/airflow/example_dags/example_python_operator.py
[2024-04-15T17:44:42.477+0000] {logging_mixin.py:188} INFO - [2024-04-15T17:44:42.477+0000] {dag.py:3096} INFO - Sync 1 DAGs
[2024-04-15T17:44:42.485+0000] {logging_mixin.py:188} INFO - [2024-04-15T17:44:42.484+0000] {dag.py:3954} INFO - Setting next_dagrun for example_python_operator to None, run_after=None
[2024-04-15T17:44:42.495+0000] {processor.py:183} INFO - Processing /home/airflow/.local/lib/python3.12/site-packages/airflow/example_dags/example_python_operator.py took 0.045 seconds
[2024-04-15T17:45:12.815+0000] {processor.py:161} INFO - Started process (PID=2265) to work on /home/airflow/.local/lib/python3.12/site-packages/airflow/example_dags/example_python_operator.py
[2024-04-15T17:45:12.816+0000] {processor.py:830} INFO - Processing file /home/airflow/.local/lib/python3.12/site-packages/airflow/example_dags/example_python_operator.py for tasks to queue
[2024-04-15T17:45:12.817+0000] {logging_mixin.py:188} INFO - [2024-04-15T17:45:12.817+0000] {dagbag.py:540} INFO - Filling up the DagBag from /home/airflow/.local/lib/python3.12/site-packages/airflow/example_dags/example_python_operator.py
[2024-04-15T17:45:12.824+0000] {processor.py:840} INFO - DAG(s) 'example_python_operator' retrieved from /home/airflow/.local/lib/python3.12/site-packages/airflow/example_dags/example_python_operator.py
[2024-04-15T17:45:12.836+0000] {logging_mixin.py:188} INFO - [2024-04-15T17:45:12.836+0000] {dag.py:3096} INFO - Sync 1 DAGs
[2024-04-15T17:45:12.842+0000] {logging_mixin.py:188} INFO - [2024-04-15T17:45:12.842+0000] {dag.py:3954} INFO - Setting next_dagrun for example_python_operator to None, run_after=None
[2024-04-15T17:45:12.850+0000] {processor.py:183} INFO - Processing /home/airflow/.local/lib/python3.12/site-packages/airflow/example_dags/example_python_operator.py took 0.040 seconds
[2024-04-15T17:45:44.095+0000] {processor.py:161} INFO - Started process (PID=2325) to work on /home/airflow/.local/lib/python3.12/site-packages/airflow/example_dags/example_python_operator.py
[2024-04-15T17:45:44.096+0000] {processor.py:830} INFO - Processing file /home/airflow/.local/lib/python3.12/site-packages/airflow/example_dags/example_python_operator.py for tasks to queue
[2024-04-15T17:45:44.097+0000] {logging_mixin.py:188} INFO - [2024-04-15T17:45:44.097+0000] {dagbag.py:540} INFO - Filling up the DagBag from /home/airflow/.local/lib/python3.12/site-packages/airflow/example_dags/example_python_operator.py
[2024-04-15T17:45:44.108+0000] {processor.py:840} INFO - DAG(s) 'example_python_operator' retrieved from /home/airflow/.local/lib/python3.12/site-packages/airflow/example_dags/example_python_operator.py
[2024-04-15T17:45:44.122+0000] {logging_mixin.py:188} INFO - [2024-04-15T17:45:44.122+0000] {dag.py:3096} INFO - Sync 1 DAGs
[2024-04-15T17:45:44.128+0000] {logging_mixin.py:188} INFO - [2024-04-15T17:45:44.128+0000] {dag.py:3954} INFO - Setting next_dagrun for example_python_operator to None, run_after=None
[2024-04-15T17:45:44.139+0000] {processor.py:183} INFO - Processing /home/airflow/.local/lib/python3.12/site-packages/airflow/example_dags/example_python_operator.py took 0.048 seconds
[2024-04-15T17:46:14.858+0000] {processor.py:161} INFO - Started process (PID=2385) to work on /home/airflow/.local/lib/python3.12/site-packages/airflow/example_dags/example_python_operator.py
[2024-04-15T17:46:14.859+0000] {processor.py:830} INFO - Processing file /home/airflow/.local/lib/python3.12/site-packages/airflow/example_dags/example_python_operator.py for tasks to queue
[2024-04-15T17:46:14.860+0000] {logging_mixin.py:188} INFO - [2024-04-15T17:46:14.860+0000] {dagbag.py:540} INFO - Filling up the DagBag from /home/airflow/.local/lib/python3.12/site-packages/airflow/example_dags/example_python_operator.py
[2024-04-15T17:46:14.867+0000] {processor.py:840} INFO - DAG(s) 'example_python_operator' retrieved from /home/airflow/.local/lib/python3.12/site-packages/airflow/example_dags/example_python_operator.py
[2024-04-15T17:46:14.879+0000] {logging_mixin.py:188} INFO - [2024-04-15T17:46:14.879+0000] {dag.py:3096} INFO - Sync 1 DAGs
[2024-04-15T17:46:14.886+0000] {logging_mixin.py:188} INFO - [2024-04-15T17:46:14.886+0000] {dag.py:3954} INFO - Setting next_dagrun for example_python_operator to None, run_after=None
[2024-04-15T17:46:14.894+0000] {processor.py:183} INFO - Processing /home/airflow/.local/lib/python3.12/site-packages/airflow/example_dags/example_python_operator.py took 0.038 seconds
[2024-04-15T17:46:45.820+0000] {processor.py:161} INFO - Started process (PID=2445) to work on /home/airflow/.local/lib/python3.12/site-packages/airflow/example_dags/example_python_operator.py
[2024-04-15T17:46:45.822+0000] {processor.py:830} INFO - Processing file /home/airflow/.local/lib/python3.12/site-packages/airflow/example_dags/example_python_operator.py for tasks to queue
[2024-04-15T17:46:45.834+0000] {logging_mixin.py:188} INFO - [2024-04-15T17:46:45.834+0000] {dagbag.py:540} INFO - Filling up the DagBag from /home/airflow/.local/lib/python3.12/site-packages/airflow/example_dags/example_python_operator.py
[2024-04-15T17:46:45.859+0000] {processor.py:840} INFO - DAG(s) 'example_python_operator' retrieved from /home/airflow/.local/lib/python3.12/site-packages/airflow/example_dags/example_python_operator.py
[2024-04-15T17:46:45.881+0000] {logging_mixin.py:188} INFO - [2024-04-15T17:46:45.881+0000] {dag.py:3096} INFO - Sync 1 DAGs
[2024-04-15T17:46:45.890+0000] {logging_mixin.py:188} INFO - [2024-04-15T17:46:45.890+0000] {dag.py:3954} INFO - Setting next_dagrun for example_python_operator to None, run_after=None
[2024-04-15T17:46:45.914+0000] {processor.py:183} INFO - Processing /home/airflow/.local/lib/python3.12/site-packages/airflow/example_dags/example_python_operator.py took 0.104 seconds
[2024-04-15T17:47:15.993+0000] {processor.py:161} INFO - Started process (PID=2505) to work on /home/airflow/.local/lib/python3.12/site-packages/airflow/example_dags/example_python_operator.py
[2024-04-15T17:47:15.995+0000] {processor.py:830} INFO - Processing file /home/airflow/.local/lib/python3.12/site-packages/airflow/example_dags/example_python_operator.py for tasks to queue
[2024-04-15T17:47:15.997+0000] {logging_mixin.py:188} INFO - [2024-04-15T17:47:15.997+0000] {dagbag.py:540} INFO - Filling up the DagBag from /home/airflow/.local/lib/python3.12/site-packages/airflow/example_dags/example_python_operator.py
[2024-04-15T17:47:16.003+0000] {processor.py:840} INFO - DAG(s) 'example_python_operator' retrieved from /home/airflow/.local/lib/python3.12/site-packages/airflow/example_dags/example_python_operator.py
[2024-04-15T17:47:16.019+0000] {logging_mixin.py:188} INFO - [2024-04-15T17:47:16.019+0000] {dag.py:3096} INFO - Sync 1 DAGs
[2024-04-15T17:47:16.031+0000] {logging_mixin.py:188} INFO - [2024-04-15T17:47:16.031+0000] {dag.py:3954} INFO - Setting next_dagrun for example_python_operator to None, run_after=None
[2024-04-15T17:47:16.046+0000] {processor.py:183} INFO - Processing /home/airflow/.local/lib/python3.12/site-packages/airflow/example_dags/example_python_operator.py took 0.057 seconds
[2024-04-15T17:47:46.353+0000] {processor.py:161} INFO - Started process (PID=2565) to work on /home/airflow/.local/lib/python3.12/site-packages/airflow/example_dags/example_python_operator.py
[2024-04-15T17:47:46.354+0000] {processor.py:830} INFO - Processing file /home/airflow/.local/lib/python3.12/site-packages/airflow/example_dags/example_python_operator.py for tasks to queue
[2024-04-15T17:47:46.355+0000] {logging_mixin.py:188} INFO - [2024-04-15T17:47:46.355+0000] {dagbag.py:540} INFO - Filling up the DagBag from /home/airflow/.local/lib/python3.12/site-packages/airflow/example_dags/example_python_operator.py
[2024-04-15T17:47:46.363+0000] {processor.py:840} INFO - DAG(s) 'example_python_operator' retrieved from /home/airflow/.local/lib/python3.12/site-packages/airflow/example_dags/example_python_operator.py
[2024-04-15T17:47:46.374+0000] {logging_mixin.py:188} INFO - [2024-04-15T17:47:46.374+0000] {dag.py:3096} INFO - Sync 1 DAGs
[2024-04-15T17:47:46.381+0000] {logging_mixin.py:188} INFO - [2024-04-15T17:47:46.380+0000] {dag.py:3954} INFO - Setting next_dagrun for example_python_operator to None, run_after=None
[2024-04-15T17:47:46.390+0000] {processor.py:183} INFO - Processing /home/airflow/.local/lib/python3.12/site-packages/airflow/example_dags/example_python_operator.py took 0.040 seconds
[2024-04-15T17:48:16.730+0000] {processor.py:161} INFO - Started process (PID=2625) to work on /home/airflow/.local/lib/python3.12/site-packages/airflow/example_dags/example_python_operator.py
[2024-04-15T17:48:16.731+0000] {processor.py:830} INFO - Processing file /home/airflow/.local/lib/python3.12/site-packages/airflow/example_dags/example_python_operator.py for tasks to queue
[2024-04-15T17:48:16.732+0000] {logging_mixin.py:188} INFO - [2024-04-15T17:48:16.732+0000] {dagbag.py:540} INFO - Filling up the DagBag from /home/airflow/.local/lib/python3.12/site-packages/airflow/example_dags/example_python_operator.py
[2024-04-15T17:48:16.738+0000] {processor.py:840} INFO - DAG(s) 'example_python_operator' retrieved from /home/airflow/.local/lib/python3.12/site-packages/airflow/example_dags/example_python_operator.py
[2024-04-15T17:48:16.750+0000] {logging_mixin.py:188} INFO - [2024-04-15T17:48:16.750+0000] {dag.py:3096} INFO - Sync 1 DAGs
[2024-04-15T17:48:16.759+0000] {logging_mixin.py:188} INFO - [2024-04-15T17:48:16.759+0000] {dag.py:3954} INFO - Setting next_dagrun for example_python_operator to None, run_after=None
[2024-04-15T17:48:16.768+0000] {processor.py:183} INFO - Processing /home/airflow/.local/lib/python3.12/site-packages/airflow/example_dags/example_python_operator.py took 0.042 seconds
[2024-04-15T17:48:46.874+0000] {processor.py:161} INFO - Started process (PID=2685) to work on /home/airflow/.local/lib/python3.12/site-packages/airflow/example_dags/example_python_operator.py
[2024-04-15T17:48:46.877+0000] {processor.py:830} INFO - Processing file /home/airflow/.local/lib/python3.12/site-packages/airflow/example_dags/example_python_operator.py for tasks to queue
[2024-04-15T17:48:46.878+0000] {logging_mixin.py:188} INFO - [2024-04-15T17:48:46.878+0000] {dagbag.py:540} INFO - Filling up the DagBag from /home/airflow/.local/lib/python3.12/site-packages/airflow/example_dags/example_python_operator.py
[2024-04-15T17:48:46.885+0000] {processor.py:840} INFO - DAG(s) 'example_python_operator' retrieved from /home/airflow/.local/lib/python3.12/site-packages/airflow/example_dags/example_python_operator.py
[2024-04-15T17:48:46.905+0000] {logging_mixin.py:188} INFO - [2024-04-15T17:48:46.904+0000] {dag.py:3096} INFO - Sync 1 DAGs
[2024-04-15T17:48:46.911+0000] {logging_mixin.py:188} INFO - [2024-04-15T17:48:46.911+0000] {dag.py:3954} INFO - Setting next_dagrun for example_python_operator to None, run_after=None
[2024-04-15T17:48:46.921+0000] {processor.py:183} INFO - Processing /home/airflow/.local/lib/python3.12/site-packages/airflow/example_dags/example_python_operator.py took 0.051 seconds
[2024-04-15T17:49:17.397+0000] {processor.py:161} INFO - Started process (PID=2745) to work on /home/airflow/.local/lib/python3.12/site-packages/airflow/example_dags/example_python_operator.py
[2024-04-15T17:49:17.398+0000] {processor.py:830} INFO - Processing file /home/airflow/.local/lib/python3.12/site-packages/airflow/example_dags/example_python_operator.py for tasks to queue
[2024-04-15T17:49:17.399+0000] {logging_mixin.py:188} INFO - [2024-04-15T17:49:17.399+0000] {dagbag.py:540} INFO - Filling up the DagBag from /home/airflow/.local/lib/python3.12/site-packages/airflow/example_dags/example_python_operator.py
[2024-04-15T17:49:17.407+0000] {processor.py:840} INFO - DAG(s) 'example_python_operator' retrieved from /home/airflow/.local/lib/python3.12/site-packages/airflow/example_dags/example_python_operator.py
[2024-04-15T17:49:17.421+0000] {logging_mixin.py:188} INFO - [2024-04-15T17:49:17.421+0000] {dag.py:3096} INFO - Sync 1 DAGs
[2024-04-15T17:49:17.427+0000] {logging_mixin.py:188} INFO - [2024-04-15T17:49:17.427+0000] {dag.py:3954} INFO - Setting next_dagrun for example_python_operator to None, run_after=None
[2024-04-15T17:49:17.438+0000] {processor.py:183} INFO - Processing /home/airflow/.local/lib/python3.12/site-packages/airflow/example_dags/example_python_operator.py took 0.047 seconds
[2024-04-15T17:49:47.482+0000] {processor.py:161} INFO - Started process (PID=2805) to work on /home/airflow/.local/lib/python3.12/site-packages/airflow/example_dags/example_python_operator.py
[2024-04-15T17:49:47.483+0000] {processor.py:830} INFO - Processing file /home/airflow/.local/lib/python3.12/site-packages/airflow/example_dags/example_python_operator.py for tasks to queue
[2024-04-15T17:49:47.487+0000] {logging_mixin.py:188} INFO - [2024-04-15T17:49:47.486+0000] {dagbag.py:540} INFO - Filling up the DagBag from /home/airflow/.local/lib/python3.12/site-packages/airflow/example_dags/example_python_operator.py
[2024-04-15T17:49:47.494+0000] {processor.py:840} INFO - DAG(s) 'example_python_operator' retrieved from /home/airflow/.local/lib/python3.12/site-packages/airflow/example_dags/example_python_operator.py
[2024-04-15T17:49:47.523+0000] {logging_mixin.py:188} INFO - [2024-04-15T17:49:47.523+0000] {dag.py:3096} INFO - Sync 1 DAGs
[2024-04-15T17:49:47.534+0000] {logging_mixin.py:188} INFO - [2024-04-15T17:49:47.534+0000] {dag.py:3954} INFO - Setting next_dagrun for example_python_operator to None, run_after=None
[2024-04-15T17:49:47.548+0000] {processor.py:183} INFO - Processing /home/airflow/.local/lib/python3.12/site-packages/airflow/example_dags/example_python_operator.py took 0.070 seconds
[2024-04-15T17:50:18.176+0000] {processor.py:161} INFO - Started process (PID=2865) to work on /home/airflow/.local/lib/python3.12/site-packages/airflow/example_dags/example_python_operator.py
[2024-04-15T17:50:18.178+0000] {processor.py:830} INFO - Processing file /home/airflow/.local/lib/python3.12/site-packages/airflow/example_dags/example_python_operator.py for tasks to queue
[2024-04-15T17:50:18.179+0000] {logging_mixin.py:188} INFO - [2024-04-15T17:50:18.179+0000] {dagbag.py:540} INFO - Filling up the DagBag from /home/airflow/.local/lib/python3.12/site-packages/airflow/example_dags/example_python_operator.py
[2024-04-15T17:50:18.186+0000] {processor.py:840} INFO - DAG(s) 'example_python_operator' retrieved from /home/airflow/.local/lib/python3.12/site-packages/airflow/example_dags/example_python_operator.py
[2024-04-15T17:50:18.199+0000] {logging_mixin.py:188} INFO - [2024-04-15T17:50:18.199+0000] {dag.py:3096} INFO - Sync 1 DAGs
[2024-04-15T17:50:18.206+0000] {logging_mixin.py:188} INFO - [2024-04-15T17:50:18.206+0000] {dag.py:3954} INFO - Setting next_dagrun for example_python_operator to None, run_after=None
[2024-04-15T17:50:18.217+0000] {processor.py:183} INFO - Processing /home/airflow/.local/lib/python3.12/site-packages/airflow/example_dags/example_python_operator.py took 0.044 seconds
[2024-04-15T17:50:49.381+0000] {processor.py:161} INFO - Started process (PID=2925) to work on /home/airflow/.local/lib/python3.12/site-packages/airflow/example_dags/example_python_operator.py
[2024-04-15T17:50:49.382+0000] {processor.py:830} INFO - Processing file /home/airflow/.local/lib/python3.12/site-packages/airflow/example_dags/example_python_operator.py for tasks to queue
[2024-04-15T17:50:49.384+0000] {logging_mixin.py:188} INFO - [2024-04-15T17:50:49.384+0000] {dagbag.py:540} INFO - Filling up the DagBag from /home/airflow/.local/lib/python3.12/site-packages/airflow/example_dags/example_python_operator.py
[2024-04-15T17:50:49.395+0000] {processor.py:840} INFO - DAG(s) 'example_python_operator' retrieved from /home/airflow/.local/lib/python3.12/site-packages/airflow/example_dags/example_python_operator.py
[2024-04-15T17:50:49.417+0000] {logging_mixin.py:188} INFO - [2024-04-15T17:50:49.416+0000] {dag.py:3096} INFO - Sync 1 DAGs
[2024-04-15T17:50:49.424+0000] {logging_mixin.py:188} INFO - [2024-04-15T17:50:49.424+0000] {dag.py:3954} INFO - Setting next_dagrun for example_python_operator to None, run_after=None
[2024-04-15T17:50:49.435+0000] {processor.py:183} INFO - Processing /home/airflow/.local/lib/python3.12/site-packages/airflow/example_dags/example_python_operator.py took 0.059 seconds
[2024-04-15T17:51:20.974+0000] {processor.py:161} INFO - Started process (PID=2985) to work on /home/airflow/.local/lib/python3.12/site-packages/airflow/example_dags/example_python_operator.py
[2024-04-15T17:51:20.977+0000] {processor.py:830} INFO - Processing file /home/airflow/.local/lib/python3.12/site-packages/airflow/example_dags/example_python_operator.py for tasks to queue
[2024-04-15T17:51:20.982+0000] {logging_mixin.py:188} INFO - [2024-04-15T17:51:20.981+0000] {dagbag.py:540} INFO - Filling up the DagBag from /home/airflow/.local/lib/python3.12/site-packages/airflow/example_dags/example_python_operator.py
[2024-04-15T17:51:21.018+0000] {processor.py:840} INFO - DAG(s) 'example_python_operator' retrieved from /home/airflow/.local/lib/python3.12/site-packages/airflow/example_dags/example_python_operator.py
[2024-04-15T17:51:21.088+0000] {logging_mixin.py:188} INFO - [2024-04-15T17:51:21.088+0000] {dag.py:3096} INFO - Sync 1 DAGs
[2024-04-15T17:51:21.104+0000] {logging_mixin.py:188} INFO - [2024-04-15T17:51:21.103+0000] {dag.py:3954} INFO - Setting next_dagrun for example_python_operator to None, run_after=None
[2024-04-15T17:51:21.133+0000] {processor.py:183} INFO - Processing /home/airflow/.local/lib/python3.12/site-packages/airflow/example_dags/example_python_operator.py took 0.164 seconds
