[2024-04-15T17:12:34.578+0000] {processor.py:161} INFO - Started process (PID=59) to work on /home/airflow/.local/lib/python3.12/site-packages/airflow/example_dags/example_setup_teardown.py
[2024-04-15T17:12:34.579+0000] {processor.py:830} INFO - Processing file /home/airflow/.local/lib/python3.12/site-packages/airflow/example_dags/example_setup_teardown.py for tasks to queue
[2024-04-15T17:12:34.584+0000] {logging_mixin.py:188} INFO - [2024-04-15T17:12:34.583+0000] {dagbag.py:540} INFO - Filling up the DagBag from /home/airflow/.local/lib/python3.12/site-packages/airflow/example_dags/example_setup_teardown.py
[2024-04-15T17:12:34.603+0000] {processor.py:840} INFO - DAG(s) 'example_setup_teardown' retrieved from /home/airflow/.local/lib/python3.12/site-packages/airflow/example_dags/example_setup_teardown.py
[2024-04-15T17:12:34.617+0000] {logging_mixin.py:188} INFO - [2024-04-15T17:12:34.617+0000] {dag.py:3096} INFO - Sync 1 DAGs
[2024-04-15T17:12:34.649+0000] {logging_mixin.py:188} INFO - [2024-04-15T17:12:34.649+0000] {dag.py:3954} INFO - Setting next_dagrun for example_setup_teardown to 2024-04-14 00:00:00+00:00, run_after=2024-04-15 00:00:00+00:00
[2024-04-15T17:12:34.668+0000] {processor.py:183} INFO - Processing /home/airflow/.local/lib/python3.12/site-packages/airflow/example_dags/example_setup_teardown.py took 0.095 seconds
[2024-04-15T17:13:04.928+0000] {processor.py:161} INFO - Started process (PID=117) to work on /home/airflow/.local/lib/python3.12/site-packages/airflow/example_dags/example_setup_teardown.py
[2024-04-15T17:13:04.929+0000] {processor.py:830} INFO - Processing file /home/airflow/.local/lib/python3.12/site-packages/airflow/example_dags/example_setup_teardown.py for tasks to queue
[2024-04-15T17:13:04.930+0000] {logging_mixin.py:188} INFO - [2024-04-15T17:13:04.930+0000] {dagbag.py:540} INFO - Filling up the DagBag from /home/airflow/.local/lib/python3.12/site-packages/airflow/example_dags/example_setup_teardown.py
[2024-04-15T17:13:04.935+0000] {processor.py:840} INFO - DAG(s) 'example_setup_teardown' retrieved from /home/airflow/.local/lib/python3.12/site-packages/airflow/example_dags/example_setup_teardown.py
[2024-04-15T17:13:04.987+0000] {logging_mixin.py:188} INFO - [2024-04-15T17:13:04.987+0000] {dag.py:3096} INFO - Sync 1 DAGs
[2024-04-15T17:13:04.997+0000] {logging_mixin.py:188} INFO - [2024-04-15T17:13:04.997+0000] {dag.py:3954} INFO - Setting next_dagrun for example_setup_teardown to 2024-04-14 00:00:00+00:00, run_after=2024-04-15 00:00:00+00:00
[2024-04-15T17:13:05.009+0000] {processor.py:183} INFO - Processing /home/airflow/.local/lib/python3.12/site-packages/airflow/example_dags/example_setup_teardown.py took 0.084 seconds
[2024-04-15T17:13:35.933+0000] {processor.py:161} INFO - Started process (PID=176) to work on /home/airflow/.local/lib/python3.12/site-packages/airflow/example_dags/example_setup_teardown.py
[2024-04-15T17:13:35.933+0000] {processor.py:830} INFO - Processing file /home/airflow/.local/lib/python3.12/site-packages/airflow/example_dags/example_setup_teardown.py for tasks to queue
[2024-04-15T17:13:35.934+0000] {logging_mixin.py:188} INFO - [2024-04-15T17:13:35.934+0000] {dagbag.py:540} INFO - Filling up the DagBag from /home/airflow/.local/lib/python3.12/site-packages/airflow/example_dags/example_setup_teardown.py
[2024-04-15T17:13:35.938+0000] {processor.py:840} INFO - DAG(s) 'example_setup_teardown' retrieved from /home/airflow/.local/lib/python3.12/site-packages/airflow/example_dags/example_setup_teardown.py
[2024-04-15T17:13:35.948+0000] {logging_mixin.py:188} INFO - [2024-04-15T17:13:35.947+0000] {dag.py:3096} INFO - Sync 1 DAGs
[2024-04-15T17:13:35.957+0000] {logging_mixin.py:188} INFO - [2024-04-15T17:13:35.957+0000] {dag.py:3954} INFO - Setting next_dagrun for example_setup_teardown to 2024-04-14 00:00:00+00:00, run_after=2024-04-15 00:00:00+00:00
[2024-04-15T17:13:35.966+0000] {processor.py:183} INFO - Processing /home/airflow/.local/lib/python3.12/site-packages/airflow/example_dags/example_setup_teardown.py took 0.037 seconds
[2024-04-15T17:14:06.705+0000] {processor.py:161} INFO - Started process (PID=235) to work on /home/airflow/.local/lib/python3.12/site-packages/airflow/example_dags/example_setup_teardown.py
[2024-04-15T17:14:06.706+0000] {processor.py:830} INFO - Processing file /home/airflow/.local/lib/python3.12/site-packages/airflow/example_dags/example_setup_teardown.py for tasks to queue
[2024-04-15T17:14:06.707+0000] {logging_mixin.py:188} INFO - [2024-04-15T17:14:06.707+0000] {dagbag.py:540} INFO - Filling up the DagBag from /home/airflow/.local/lib/python3.12/site-packages/airflow/example_dags/example_setup_teardown.py
[2024-04-15T17:14:06.712+0000] {processor.py:840} INFO - DAG(s) 'example_setup_teardown' retrieved from /home/airflow/.local/lib/python3.12/site-packages/airflow/example_dags/example_setup_teardown.py
[2024-04-15T17:14:06.725+0000] {logging_mixin.py:188} INFO - [2024-04-15T17:14:06.725+0000] {dag.py:3096} INFO - Sync 1 DAGs
[2024-04-15T17:14:06.737+0000] {logging_mixin.py:188} INFO - [2024-04-15T17:14:06.737+0000] {dag.py:3954} INFO - Setting next_dagrun for example_setup_teardown to 2024-04-14 00:00:00+00:00, run_after=2024-04-15 00:00:00+00:00
[2024-04-15T17:14:06.746+0000] {processor.py:183} INFO - Processing /home/airflow/.local/lib/python3.12/site-packages/airflow/example_dags/example_setup_teardown.py took 0.048 seconds
[2024-04-15T17:14:37.137+0000] {processor.py:161} INFO - Started process (PID=294) to work on /home/airflow/.local/lib/python3.12/site-packages/airflow/example_dags/example_setup_teardown.py
[2024-04-15T17:14:37.138+0000] {processor.py:830} INFO - Processing file /home/airflow/.local/lib/python3.12/site-packages/airflow/example_dags/example_setup_teardown.py for tasks to queue
[2024-04-15T17:14:37.138+0000] {logging_mixin.py:188} INFO - [2024-04-15T17:14:37.138+0000] {dagbag.py:540} INFO - Filling up the DagBag from /home/airflow/.local/lib/python3.12/site-packages/airflow/example_dags/example_setup_teardown.py
[2024-04-15T17:14:37.142+0000] {processor.py:840} INFO - DAG(s) 'example_setup_teardown' retrieved from /home/airflow/.local/lib/python3.12/site-packages/airflow/example_dags/example_setup_teardown.py
[2024-04-15T17:14:37.152+0000] {logging_mixin.py:188} INFO - [2024-04-15T17:14:37.152+0000] {dag.py:3096} INFO - Sync 1 DAGs
[2024-04-15T17:14:37.162+0000] {logging_mixin.py:188} INFO - [2024-04-15T17:14:37.162+0000] {dag.py:3954} INFO - Setting next_dagrun for example_setup_teardown to 2024-04-14 00:00:00+00:00, run_after=2024-04-15 00:00:00+00:00
[2024-04-15T17:14:37.170+0000] {processor.py:183} INFO - Processing /home/airflow/.local/lib/python3.12/site-packages/airflow/example_dags/example_setup_teardown.py took 0.036 seconds
[2024-04-15T17:15:08.247+0000] {processor.py:161} INFO - Started process (PID=353) to work on /home/airflow/.local/lib/python3.12/site-packages/airflow/example_dags/example_setup_teardown.py
[2024-04-15T17:15:08.247+0000] {processor.py:830} INFO - Processing file /home/airflow/.local/lib/python3.12/site-packages/airflow/example_dags/example_setup_teardown.py for tasks to queue
[2024-04-15T17:15:08.248+0000] {logging_mixin.py:188} INFO - [2024-04-15T17:15:08.247+0000] {dagbag.py:540} INFO - Filling up the DagBag from /home/airflow/.local/lib/python3.12/site-packages/airflow/example_dags/example_setup_teardown.py
[2024-04-15T17:15:08.252+0000] {processor.py:840} INFO - DAG(s) 'example_setup_teardown' retrieved from /home/airflow/.local/lib/python3.12/site-packages/airflow/example_dags/example_setup_teardown.py
[2024-04-15T17:15:08.262+0000] {logging_mixin.py:188} INFO - [2024-04-15T17:15:08.262+0000] {dag.py:3096} INFO - Sync 1 DAGs
[2024-04-15T17:15:08.273+0000] {logging_mixin.py:188} INFO - [2024-04-15T17:15:08.272+0000] {dag.py:3954} INFO - Setting next_dagrun for example_setup_teardown to 2024-04-14 00:00:00+00:00, run_after=2024-04-15 00:00:00+00:00
[2024-04-15T17:15:08.285+0000] {processor.py:183} INFO - Processing /home/airflow/.local/lib/python3.12/site-packages/airflow/example_dags/example_setup_teardown.py took 0.041 seconds
[2024-04-15T17:15:38.448+0000] {processor.py:161} INFO - Started process (PID=412) to work on /home/airflow/.local/lib/python3.12/site-packages/airflow/example_dags/example_setup_teardown.py
[2024-04-15T17:15:38.451+0000] {processor.py:830} INFO - Processing file /home/airflow/.local/lib/python3.12/site-packages/airflow/example_dags/example_setup_teardown.py for tasks to queue
[2024-04-15T17:15:38.452+0000] {logging_mixin.py:188} INFO - [2024-04-15T17:15:38.451+0000] {dagbag.py:540} INFO - Filling up the DagBag from /home/airflow/.local/lib/python3.12/site-packages/airflow/example_dags/example_setup_teardown.py
[2024-04-15T17:15:38.456+0000] {processor.py:840} INFO - DAG(s) 'example_setup_teardown' retrieved from /home/airflow/.local/lib/python3.12/site-packages/airflow/example_dags/example_setup_teardown.py
[2024-04-15T17:15:38.465+0000] {logging_mixin.py:188} INFO - [2024-04-15T17:15:38.465+0000] {dag.py:3096} INFO - Sync 1 DAGs
[2024-04-15T17:15:38.475+0000] {logging_mixin.py:188} INFO - [2024-04-15T17:15:38.475+0000] {dag.py:3954} INFO - Setting next_dagrun for example_setup_teardown to 2024-04-14 00:00:00+00:00, run_after=2024-04-15 00:00:00+00:00
[2024-04-15T17:15:38.484+0000] {processor.py:183} INFO - Processing /home/airflow/.local/lib/python3.12/site-packages/airflow/example_dags/example_setup_teardown.py took 0.040 seconds
[2024-04-15T17:16:09.308+0000] {processor.py:161} INFO - Started process (PID=471) to work on /home/airflow/.local/lib/python3.12/site-packages/airflow/example_dags/example_setup_teardown.py
[2024-04-15T17:16:09.309+0000] {processor.py:830} INFO - Processing file /home/airflow/.local/lib/python3.12/site-packages/airflow/example_dags/example_setup_teardown.py for tasks to queue
[2024-04-15T17:16:09.310+0000] {logging_mixin.py:188} INFO - [2024-04-15T17:16:09.309+0000] {dagbag.py:540} INFO - Filling up the DagBag from /home/airflow/.local/lib/python3.12/site-packages/airflow/example_dags/example_setup_teardown.py
[2024-04-15T17:16:09.314+0000] {processor.py:840} INFO - DAG(s) 'example_setup_teardown' retrieved from /home/airflow/.local/lib/python3.12/site-packages/airflow/example_dags/example_setup_teardown.py
[2024-04-15T17:16:09.325+0000] {logging_mixin.py:188} INFO - [2024-04-15T17:16:09.324+0000] {dag.py:3096} INFO - Sync 1 DAGs
[2024-04-15T17:16:09.335+0000] {logging_mixin.py:188} INFO - [2024-04-15T17:16:09.335+0000] {dag.py:3954} INFO - Setting next_dagrun for example_setup_teardown to 2024-04-14 00:00:00+00:00, run_after=2024-04-15 00:00:00+00:00
[2024-04-15T17:16:09.343+0000] {processor.py:183} INFO - Processing /home/airflow/.local/lib/python3.12/site-packages/airflow/example_dags/example_setup_teardown.py took 0.038 seconds
[2024-04-15T17:16:40.462+0000] {processor.py:161} INFO - Started process (PID=530) to work on /home/airflow/.local/lib/python3.12/site-packages/airflow/example_dags/example_setup_teardown.py
[2024-04-15T17:16:40.463+0000] {processor.py:830} INFO - Processing file /home/airflow/.local/lib/python3.12/site-packages/airflow/example_dags/example_setup_teardown.py for tasks to queue
[2024-04-15T17:16:40.464+0000] {logging_mixin.py:188} INFO - [2024-04-15T17:16:40.464+0000] {dagbag.py:540} INFO - Filling up the DagBag from /home/airflow/.local/lib/python3.12/site-packages/airflow/example_dags/example_setup_teardown.py
[2024-04-15T17:16:40.468+0000] {processor.py:840} INFO - DAG(s) 'example_setup_teardown' retrieved from /home/airflow/.local/lib/python3.12/site-packages/airflow/example_dags/example_setup_teardown.py
[2024-04-15T17:16:40.479+0000] {logging_mixin.py:188} INFO - [2024-04-15T17:16:40.478+0000] {dag.py:3096} INFO - Sync 1 DAGs
[2024-04-15T17:16:40.489+0000] {logging_mixin.py:188} INFO - [2024-04-15T17:16:40.489+0000] {dag.py:3954} INFO - Setting next_dagrun for example_setup_teardown to 2024-04-14 00:00:00+00:00, run_after=2024-04-15 00:00:00+00:00
[2024-04-15T17:16:40.499+0000] {processor.py:183} INFO - Processing /home/airflow/.local/lib/python3.12/site-packages/airflow/example_dags/example_setup_teardown.py took 0.041 seconds
[2024-04-15T17:17:11.409+0000] {processor.py:161} INFO - Started process (PID=589) to work on /home/airflow/.local/lib/python3.12/site-packages/airflow/example_dags/example_setup_teardown.py
[2024-04-15T17:17:11.410+0000] {processor.py:830} INFO - Processing file /home/airflow/.local/lib/python3.12/site-packages/airflow/example_dags/example_setup_teardown.py for tasks to queue
[2024-04-15T17:17:11.411+0000] {logging_mixin.py:188} INFO - [2024-04-15T17:17:11.410+0000] {dagbag.py:540} INFO - Filling up the DagBag from /home/airflow/.local/lib/python3.12/site-packages/airflow/example_dags/example_setup_teardown.py
[2024-04-15T17:17:11.416+0000] {processor.py:840} INFO - DAG(s) 'example_setup_teardown' retrieved from /home/airflow/.local/lib/python3.12/site-packages/airflow/example_dags/example_setup_teardown.py
[2024-04-15T17:17:11.431+0000] {logging_mixin.py:188} INFO - [2024-04-15T17:17:11.431+0000] {dag.py:3096} INFO - Sync 1 DAGs
[2024-04-15T17:17:11.453+0000] {logging_mixin.py:188} INFO - [2024-04-15T17:17:11.453+0000] {dag.py:3954} INFO - Setting next_dagrun for example_setup_teardown to 2024-04-14 00:00:00+00:00, run_after=2024-04-15 00:00:00+00:00
[2024-04-15T17:17:11.477+0000] {processor.py:183} INFO - Processing /home/airflow/.local/lib/python3.12/site-packages/airflow/example_dags/example_setup_teardown.py took 0.072 seconds
[2024-04-15T17:17:41.580+0000] {processor.py:161} INFO - Started process (PID=647) to work on /home/airflow/.local/lib/python3.12/site-packages/airflow/example_dags/example_setup_teardown.py
[2024-04-15T17:17:41.581+0000] {processor.py:830} INFO - Processing file /home/airflow/.local/lib/python3.12/site-packages/airflow/example_dags/example_setup_teardown.py for tasks to queue
[2024-04-15T17:17:41.583+0000] {logging_mixin.py:188} INFO - [2024-04-15T17:17:41.583+0000] {dagbag.py:540} INFO - Filling up the DagBag from /home/airflow/.local/lib/python3.12/site-packages/airflow/example_dags/example_setup_teardown.py
[2024-04-15T17:17:41.588+0000] {processor.py:840} INFO - DAG(s) 'example_setup_teardown' retrieved from /home/airflow/.local/lib/python3.12/site-packages/airflow/example_dags/example_setup_teardown.py
[2024-04-15T17:17:41.603+0000] {logging_mixin.py:188} INFO - [2024-04-15T17:17:41.603+0000] {dag.py:3096} INFO - Sync 1 DAGs
[2024-04-15T17:17:41.614+0000] {logging_mixin.py:188} INFO - [2024-04-15T17:17:41.614+0000] {dag.py:3954} INFO - Setting next_dagrun for example_setup_teardown to 2024-04-14 00:00:00+00:00, run_after=2024-04-15 00:00:00+00:00
[2024-04-15T17:17:41.625+0000] {processor.py:183} INFO - Processing /home/airflow/.local/lib/python3.12/site-packages/airflow/example_dags/example_setup_teardown.py took 0.049 seconds
[2024-04-15T17:18:12.784+0000] {processor.py:161} INFO - Started process (PID=706) to work on /home/airflow/.local/lib/python3.12/site-packages/airflow/example_dags/example_setup_teardown.py
[2024-04-15T17:18:12.785+0000] {processor.py:830} INFO - Processing file /home/airflow/.local/lib/python3.12/site-packages/airflow/example_dags/example_setup_teardown.py for tasks to queue
[2024-04-15T17:18:12.786+0000] {logging_mixin.py:188} INFO - [2024-04-15T17:18:12.786+0000] {dagbag.py:540} INFO - Filling up the DagBag from /home/airflow/.local/lib/python3.12/site-packages/airflow/example_dags/example_setup_teardown.py
[2024-04-15T17:18:12.790+0000] {processor.py:840} INFO - DAG(s) 'example_setup_teardown' retrieved from /home/airflow/.local/lib/python3.12/site-packages/airflow/example_dags/example_setup_teardown.py
[2024-04-15T17:18:12.804+0000] {logging_mixin.py:188} INFO - [2024-04-15T17:18:12.804+0000] {dag.py:3096} INFO - Sync 1 DAGs
[2024-04-15T17:18:12.815+0000] {logging_mixin.py:188} INFO - [2024-04-15T17:18:12.815+0000] {dag.py:3954} INFO - Setting next_dagrun for example_setup_teardown to 2024-04-14 00:00:00+00:00, run_after=2024-04-15 00:00:00+00:00
[2024-04-15T17:18:12.824+0000] {processor.py:183} INFO - Processing /home/airflow/.local/lib/python3.12/site-packages/airflow/example_dags/example_setup_teardown.py took 0.043 seconds
[2024-04-15T17:18:43.907+0000] {processor.py:161} INFO - Started process (PID=765) to work on /home/airflow/.local/lib/python3.12/site-packages/airflow/example_dags/example_setup_teardown.py
[2024-04-15T17:18:43.908+0000] {processor.py:830} INFO - Processing file /home/airflow/.local/lib/python3.12/site-packages/airflow/example_dags/example_setup_teardown.py for tasks to queue
[2024-04-15T17:18:43.908+0000] {logging_mixin.py:188} INFO - [2024-04-15T17:18:43.908+0000] {dagbag.py:540} INFO - Filling up the DagBag from /home/airflow/.local/lib/python3.12/site-packages/airflow/example_dags/example_setup_teardown.py
[2024-04-15T17:18:43.913+0000] {processor.py:840} INFO - DAG(s) 'example_setup_teardown' retrieved from /home/airflow/.local/lib/python3.12/site-packages/airflow/example_dags/example_setup_teardown.py
[2024-04-15T17:18:43.929+0000] {logging_mixin.py:188} INFO - [2024-04-15T17:18:43.929+0000] {dag.py:3096} INFO - Sync 1 DAGs
[2024-04-15T17:18:43.945+0000] {logging_mixin.py:188} INFO - [2024-04-15T17:18:43.945+0000] {dag.py:3954} INFO - Setting next_dagrun for example_setup_teardown to 2024-04-14 00:00:00+00:00, run_after=2024-04-15 00:00:00+00:00
[2024-04-15T17:18:43.959+0000] {processor.py:183} INFO - Processing /home/airflow/.local/lib/python3.12/site-packages/airflow/example_dags/example_setup_teardown.py took 0.056 seconds
[2024-04-15T17:19:13.973+0000] {processor.py:161} INFO - Started process (PID=824) to work on /home/airflow/.local/lib/python3.12/site-packages/airflow/example_dags/example_setup_teardown.py
[2024-04-15T17:19:13.974+0000] {processor.py:830} INFO - Processing file /home/airflow/.local/lib/python3.12/site-packages/airflow/example_dags/example_setup_teardown.py for tasks to queue
[2024-04-15T17:19:13.974+0000] {logging_mixin.py:188} INFO - [2024-04-15T17:19:13.974+0000] {dagbag.py:540} INFO - Filling up the DagBag from /home/airflow/.local/lib/python3.12/site-packages/airflow/example_dags/example_setup_teardown.py
[2024-04-15T17:19:13.978+0000] {processor.py:840} INFO - DAG(s) 'example_setup_teardown' retrieved from /home/airflow/.local/lib/python3.12/site-packages/airflow/example_dags/example_setup_teardown.py
[2024-04-15T17:19:13.988+0000] {logging_mixin.py:188} INFO - [2024-04-15T17:19:13.988+0000] {dag.py:3096} INFO - Sync 1 DAGs
[2024-04-15T17:19:13.997+0000] {logging_mixin.py:188} INFO - [2024-04-15T17:19:13.997+0000] {dag.py:3954} INFO - Setting next_dagrun for example_setup_teardown to 2024-04-14 00:00:00+00:00, run_after=2024-04-15 00:00:00+00:00
[2024-04-15T17:19:14.004+0000] {processor.py:183} INFO - Processing /home/airflow/.local/lib/python3.12/site-packages/airflow/example_dags/example_setup_teardown.py took 0.034 seconds
[2024-04-15T17:19:44.381+0000] {processor.py:161} INFO - Started process (PID=883) to work on /home/airflow/.local/lib/python3.12/site-packages/airflow/example_dags/example_setup_teardown.py
[2024-04-15T17:19:44.382+0000] {processor.py:830} INFO - Processing file /home/airflow/.local/lib/python3.12/site-packages/airflow/example_dags/example_setup_teardown.py for tasks to queue
[2024-04-15T17:19:44.383+0000] {logging_mixin.py:188} INFO - [2024-04-15T17:19:44.383+0000] {dagbag.py:540} INFO - Filling up the DagBag from /home/airflow/.local/lib/python3.12/site-packages/airflow/example_dags/example_setup_teardown.py
[2024-04-15T17:19:44.387+0000] {processor.py:840} INFO - DAG(s) 'example_setup_teardown' retrieved from /home/airflow/.local/lib/python3.12/site-packages/airflow/example_dags/example_setup_teardown.py
[2024-04-15T17:19:44.402+0000] {logging_mixin.py:188} INFO - [2024-04-15T17:19:44.402+0000] {dag.py:3096} INFO - Sync 1 DAGs
[2024-04-15T17:19:44.414+0000] {logging_mixin.py:188} INFO - [2024-04-15T17:19:44.414+0000] {dag.py:3954} INFO - Setting next_dagrun for example_setup_teardown to 2024-04-14 00:00:00+00:00, run_after=2024-04-15 00:00:00+00:00
[2024-04-15T17:19:44.521+0000] {processor.py:183} INFO - Processing /home/airflow/.local/lib/python3.12/site-packages/airflow/example_dags/example_setup_teardown.py took 0.143 seconds
[2024-04-15T17:20:15.393+0000] {processor.py:161} INFO - Started process (PID=942) to work on /home/airflow/.local/lib/python3.12/site-packages/airflow/example_dags/example_setup_teardown.py
[2024-04-15T17:20:15.394+0000] {processor.py:830} INFO - Processing file /home/airflow/.local/lib/python3.12/site-packages/airflow/example_dags/example_setup_teardown.py for tasks to queue
[2024-04-15T17:20:15.394+0000] {logging_mixin.py:188} INFO - [2024-04-15T17:20:15.394+0000] {dagbag.py:540} INFO - Filling up the DagBag from /home/airflow/.local/lib/python3.12/site-packages/airflow/example_dags/example_setup_teardown.py
[2024-04-15T17:20:15.399+0000] {processor.py:840} INFO - DAG(s) 'example_setup_teardown' retrieved from /home/airflow/.local/lib/python3.12/site-packages/airflow/example_dags/example_setup_teardown.py
[2024-04-15T17:20:15.408+0000] {logging_mixin.py:188} INFO - [2024-04-15T17:20:15.408+0000] {dag.py:3096} INFO - Sync 1 DAGs
[2024-04-15T17:20:15.418+0000] {logging_mixin.py:188} INFO - [2024-04-15T17:20:15.417+0000] {dag.py:3954} INFO - Setting next_dagrun for example_setup_teardown to 2024-04-14 00:00:00+00:00, run_after=2024-04-15 00:00:00+00:00
[2024-04-15T17:20:15.425+0000] {processor.py:183} INFO - Processing /home/airflow/.local/lib/python3.12/site-packages/airflow/example_dags/example_setup_teardown.py took 0.035 seconds
[2024-04-15T17:20:45.587+0000] {processor.py:161} INFO - Started process (PID=1001) to work on /home/airflow/.local/lib/python3.12/site-packages/airflow/example_dags/example_setup_teardown.py
[2024-04-15T17:20:45.588+0000] {processor.py:830} INFO - Processing file /home/airflow/.local/lib/python3.12/site-packages/airflow/example_dags/example_setup_teardown.py for tasks to queue
[2024-04-15T17:20:45.589+0000] {logging_mixin.py:188} INFO - [2024-04-15T17:20:45.589+0000] {dagbag.py:540} INFO - Filling up the DagBag from /home/airflow/.local/lib/python3.12/site-packages/airflow/example_dags/example_setup_teardown.py
[2024-04-15T17:20:45.594+0000] {processor.py:840} INFO - DAG(s) 'example_setup_teardown' retrieved from /home/airflow/.local/lib/python3.12/site-packages/airflow/example_dags/example_setup_teardown.py
[2024-04-15T17:20:45.606+0000] {logging_mixin.py:188} INFO - [2024-04-15T17:20:45.606+0000] {dag.py:3096} INFO - Sync 1 DAGs
[2024-04-15T17:20:45.615+0000] {logging_mixin.py:188} INFO - [2024-04-15T17:20:45.615+0000] {dag.py:3954} INFO - Setting next_dagrun for example_setup_teardown to 2024-04-14 00:00:00+00:00, run_after=2024-04-15 00:00:00+00:00
[2024-04-15T17:20:45.624+0000] {processor.py:183} INFO - Processing /home/airflow/.local/lib/python3.12/site-packages/airflow/example_dags/example_setup_teardown.py took 0.043 seconds
[2024-04-15T17:21:15.755+0000] {processor.py:161} INFO - Started process (PID=1060) to work on /home/airflow/.local/lib/python3.12/site-packages/airflow/example_dags/example_setup_teardown.py
[2024-04-15T17:21:15.755+0000] {processor.py:830} INFO - Processing file /home/airflow/.local/lib/python3.12/site-packages/airflow/example_dags/example_setup_teardown.py for tasks to queue
[2024-04-15T17:21:15.756+0000] {logging_mixin.py:188} INFO - [2024-04-15T17:21:15.755+0000] {dagbag.py:540} INFO - Filling up the DagBag from /home/airflow/.local/lib/python3.12/site-packages/airflow/example_dags/example_setup_teardown.py
[2024-04-15T17:21:15.761+0000] {processor.py:840} INFO - DAG(s) 'example_setup_teardown' retrieved from /home/airflow/.local/lib/python3.12/site-packages/airflow/example_dags/example_setup_teardown.py
[2024-04-15T17:21:15.772+0000] {logging_mixin.py:188} INFO - [2024-04-15T17:21:15.772+0000] {dag.py:3096} INFO - Sync 1 DAGs
[2024-04-15T17:21:15.782+0000] {logging_mixin.py:188} INFO - [2024-04-15T17:21:15.782+0000] {dag.py:3954} INFO - Setting next_dagrun for example_setup_teardown to 2024-04-14 00:00:00+00:00, run_after=2024-04-15 00:00:00+00:00
[2024-04-15T17:21:15.792+0000] {processor.py:183} INFO - Processing /home/airflow/.local/lib/python3.12/site-packages/airflow/example_dags/example_setup_teardown.py took 0.040 seconds
[2024-04-15T17:21:45.960+0000] {processor.py:161} INFO - Started process (PID=1119) to work on /home/airflow/.local/lib/python3.12/site-packages/airflow/example_dags/example_setup_teardown.py
[2024-04-15T17:21:45.961+0000] {processor.py:830} INFO - Processing file /home/airflow/.local/lib/python3.12/site-packages/airflow/example_dags/example_setup_teardown.py for tasks to queue
[2024-04-15T17:21:45.962+0000] {logging_mixin.py:188} INFO - [2024-04-15T17:21:45.961+0000] {dagbag.py:540} INFO - Filling up the DagBag from /home/airflow/.local/lib/python3.12/site-packages/airflow/example_dags/example_setup_teardown.py
[2024-04-15T17:21:45.966+0000] {processor.py:840} INFO - DAG(s) 'example_setup_teardown' retrieved from /home/airflow/.local/lib/python3.12/site-packages/airflow/example_dags/example_setup_teardown.py
[2024-04-15T17:21:45.978+0000] {logging_mixin.py:188} INFO - [2024-04-15T17:21:45.978+0000] {dag.py:3096} INFO - Sync 1 DAGs
[2024-04-15T17:21:45.990+0000] {logging_mixin.py:188} INFO - [2024-04-15T17:21:45.990+0000] {dag.py:3954} INFO - Setting next_dagrun for example_setup_teardown to 2024-04-14 00:00:00+00:00, run_after=2024-04-15 00:00:00+00:00
[2024-04-15T17:21:46.000+0000] {processor.py:183} INFO - Processing /home/airflow/.local/lib/python3.12/site-packages/airflow/example_dags/example_setup_teardown.py took 0.043 seconds
[2024-04-15T17:22:52.530+0000] {processor.py:161} INFO - Started process (PID=58) to work on /home/airflow/.local/lib/python3.12/site-packages/airflow/example_dags/example_setup_teardown.py
[2024-04-15T17:22:52.532+0000] {processor.py:830} INFO - Processing file /home/airflow/.local/lib/python3.12/site-packages/airflow/example_dags/example_setup_teardown.py for tasks to queue
[2024-04-15T17:22:52.545+0000] {logging_mixin.py:188} INFO - [2024-04-15T17:22:52.545+0000] {dagbag.py:540} INFO - Filling up the DagBag from /home/airflow/.local/lib/python3.12/site-packages/airflow/example_dags/example_setup_teardown.py
[2024-04-15T17:22:52.558+0000] {processor.py:840} INFO - DAG(s) 'example_setup_teardown' retrieved from /home/airflow/.local/lib/python3.12/site-packages/airflow/example_dags/example_setup_teardown.py
[2024-04-15T17:22:52.596+0000] {logging_mixin.py:188} INFO - [2024-04-15T17:22:52.596+0000] {dag.py:3096} INFO - Sync 1 DAGs
[2024-04-15T17:22:52.637+0000] {logging_mixin.py:188} INFO - [2024-04-15T17:22:52.636+0000] {dag.py:3954} INFO - Setting next_dagrun for example_setup_teardown to 2024-04-14 00:00:00+00:00, run_after=2024-04-15 00:00:00+00:00
[2024-04-15T17:22:52.668+0000] {processor.py:183} INFO - Processing /home/airflow/.local/lib/python3.12/site-packages/airflow/example_dags/example_setup_teardown.py took 0.151 seconds
[2024-04-15T17:23:23.419+0000] {processor.py:161} INFO - Started process (PID=117) to work on /home/airflow/.local/lib/python3.12/site-packages/airflow/example_dags/example_setup_teardown.py
[2024-04-15T17:23:23.423+0000] {processor.py:830} INFO - Processing file /home/airflow/.local/lib/python3.12/site-packages/airflow/example_dags/example_setup_teardown.py for tasks to queue
[2024-04-15T17:23:23.430+0000] {logging_mixin.py:188} INFO - [2024-04-15T17:23:23.429+0000] {dagbag.py:540} INFO - Filling up the DagBag from /home/airflow/.local/lib/python3.12/site-packages/airflow/example_dags/example_setup_teardown.py
[2024-04-15T17:23:23.467+0000] {processor.py:840} INFO - DAG(s) 'example_setup_teardown' retrieved from /home/airflow/.local/lib/python3.12/site-packages/airflow/example_dags/example_setup_teardown.py
[2024-04-15T17:23:23.683+0000] {logging_mixin.py:188} INFO - [2024-04-15T17:23:23.682+0000] {dag.py:3096} INFO - Sync 1 DAGs
[2024-04-15T17:23:23.700+0000] {logging_mixin.py:188} INFO - [2024-04-15T17:23:23.700+0000] {dag.py:3954} INFO - Setting next_dagrun for example_setup_teardown to 2024-04-14 00:00:00+00:00, run_after=2024-04-15 00:00:00+00:00
[2024-04-15T17:23:23.716+0000] {processor.py:183} INFO - Processing /home/airflow/.local/lib/python3.12/site-packages/airflow/example_dags/example_setup_teardown.py took 0.326 seconds
[2024-04-15T17:23:54.819+0000] {processor.py:161} INFO - Started process (PID=176) to work on /home/airflow/.local/lib/python3.12/site-packages/airflow/example_dags/example_setup_teardown.py
[2024-04-15T17:23:54.821+0000] {processor.py:830} INFO - Processing file /home/airflow/.local/lib/python3.12/site-packages/airflow/example_dags/example_setup_teardown.py for tasks to queue
[2024-04-15T17:23:54.823+0000] {logging_mixin.py:188} INFO - [2024-04-15T17:23:54.822+0000] {dagbag.py:540} INFO - Filling up the DagBag from /home/airflow/.local/lib/python3.12/site-packages/airflow/example_dags/example_setup_teardown.py
[2024-04-15T17:23:54.830+0000] {processor.py:840} INFO - DAG(s) 'example_setup_teardown' retrieved from /home/airflow/.local/lib/python3.12/site-packages/airflow/example_dags/example_setup_teardown.py
[2024-04-15T17:23:54.850+0000] {logging_mixin.py:188} INFO - [2024-04-15T17:23:54.850+0000] {dag.py:3096} INFO - Sync 1 DAGs
[2024-04-15T17:23:54.865+0000] {logging_mixin.py:188} INFO - [2024-04-15T17:23:54.865+0000] {dag.py:3954} INFO - Setting next_dagrun for example_setup_teardown to 2024-04-14 00:00:00+00:00, run_after=2024-04-15 00:00:00+00:00
[2024-04-15T17:23:54.876+0000] {processor.py:183} INFO - Processing /home/airflow/.local/lib/python3.12/site-packages/airflow/example_dags/example_setup_teardown.py took 0.065 seconds
[2024-04-15T17:24:25.569+0000] {processor.py:161} INFO - Started process (PID=235) to work on /home/airflow/.local/lib/python3.12/site-packages/airflow/example_dags/example_setup_teardown.py
[2024-04-15T17:24:25.570+0000] {processor.py:830} INFO - Processing file /home/airflow/.local/lib/python3.12/site-packages/airflow/example_dags/example_setup_teardown.py for tasks to queue
[2024-04-15T17:24:25.573+0000] {logging_mixin.py:188} INFO - [2024-04-15T17:24:25.572+0000] {dagbag.py:540} INFO - Filling up the DagBag from /home/airflow/.local/lib/python3.12/site-packages/airflow/example_dags/example_setup_teardown.py
[2024-04-15T17:24:25.578+0000] {processor.py:840} INFO - DAG(s) 'example_setup_teardown' retrieved from /home/airflow/.local/lib/python3.12/site-packages/airflow/example_dags/example_setup_teardown.py
[2024-04-15T17:24:25.591+0000] {logging_mixin.py:188} INFO - [2024-04-15T17:24:25.591+0000] {dag.py:3096} INFO - Sync 1 DAGs
[2024-04-15T17:24:25.606+0000] {logging_mixin.py:188} INFO - [2024-04-15T17:24:25.605+0000] {dag.py:3954} INFO - Setting next_dagrun for example_setup_teardown to 2024-04-14 00:00:00+00:00, run_after=2024-04-15 00:00:00+00:00
[2024-04-15T17:24:25.615+0000] {processor.py:183} INFO - Processing /home/airflow/.local/lib/python3.12/site-packages/airflow/example_dags/example_setup_teardown.py took 0.054 seconds
[2024-04-15T17:24:59.643+0000] {processor.py:161} INFO - Started process (PID=303) to work on /home/airflow/.local/lib/python3.12/site-packages/airflow/example_dags/example_setup_teardown.py
[2024-04-15T17:24:59.644+0000] {processor.py:830} INFO - Processing file /home/airflow/.local/lib/python3.12/site-packages/airflow/example_dags/example_setup_teardown.py for tasks to queue
[2024-04-15T17:24:59.647+0000] {logging_mixin.py:188} INFO - [2024-04-15T17:24:59.646+0000] {dagbag.py:540} INFO - Filling up the DagBag from /home/airflow/.local/lib/python3.12/site-packages/airflow/example_dags/example_setup_teardown.py
[2024-04-15T17:24:59.653+0000] {processor.py:840} INFO - DAG(s) 'example_setup_teardown' retrieved from /home/airflow/.local/lib/python3.12/site-packages/airflow/example_dags/example_setup_teardown.py
[2024-04-15T17:24:59.667+0000] {logging_mixin.py:188} INFO - [2024-04-15T17:24:59.666+0000] {dag.py:3096} INFO - Sync 1 DAGs
[2024-04-15T17:24:59.679+0000] {logging_mixin.py:188} INFO - [2024-04-15T17:24:59.678+0000] {dag.py:3954} INFO - Setting next_dagrun for example_setup_teardown to 2024-04-14 00:00:00+00:00, run_after=2024-04-15 00:00:00+00:00
[2024-04-15T17:24:59.690+0000] {processor.py:183} INFO - Processing /home/airflow/.local/lib/python3.12/site-packages/airflow/example_dags/example_setup_teardown.py took 0.052 seconds
[2024-04-15T17:26:28.545+0000] {processor.py:161} INFO - Started process (PID=69) to work on /home/airflow/.local/lib/python3.12/site-packages/airflow/example_dags/example_setup_teardown.py
[2024-04-15T17:26:28.548+0000] {processor.py:830} INFO - Processing file /home/airflow/.local/lib/python3.12/site-packages/airflow/example_dags/example_setup_teardown.py for tasks to queue
[2024-04-15T17:26:28.559+0000] {logging_mixin.py:188} INFO - [2024-04-15T17:26:28.557+0000] {dagbag.py:540} INFO - Filling up the DagBag from /home/airflow/.local/lib/python3.12/site-packages/airflow/example_dags/example_setup_teardown.py
[2024-04-15T17:26:28.602+0000] {processor.py:840} INFO - DAG(s) 'example_setup_teardown' retrieved from /home/airflow/.local/lib/python3.12/site-packages/airflow/example_dags/example_setup_teardown.py
[2024-04-15T17:26:28.790+0000] {logging_mixin.py:188} INFO - [2024-04-15T17:26:28.790+0000] {dag.py:3096} INFO - Sync 1 DAGs
[2024-04-15T17:26:29.158+0000] {logging_mixin.py:188} INFO - [2024-04-15T17:26:29.157+0000] {dag.py:3954} INFO - Setting next_dagrun for example_setup_teardown to 2024-04-14 00:00:00+00:00, run_after=2024-04-15 00:00:00+00:00
[2024-04-15T17:26:29.176+0000] {processor.py:183} INFO - Processing /home/airflow/.local/lib/python3.12/site-packages/airflow/example_dags/example_setup_teardown.py took 0.637 seconds
[2024-04-15T17:26:59.667+0000] {processor.py:161} INFO - Started process (PID=129) to work on /home/airflow/.local/lib/python3.12/site-packages/airflow/example_dags/example_setup_teardown.py
[2024-04-15T17:26:59.668+0000] {processor.py:830} INFO - Processing file /home/airflow/.local/lib/python3.12/site-packages/airflow/example_dags/example_setup_teardown.py for tasks to queue
[2024-04-15T17:26:59.671+0000] {logging_mixin.py:188} INFO - [2024-04-15T17:26:59.670+0000] {dagbag.py:540} INFO - Filling up the DagBag from /home/airflow/.local/lib/python3.12/site-packages/airflow/example_dags/example_setup_teardown.py
[2024-04-15T17:26:59.681+0000] {processor.py:840} INFO - DAG(s) 'example_setup_teardown' retrieved from /home/airflow/.local/lib/python3.12/site-packages/airflow/example_dags/example_setup_teardown.py
[2024-04-15T17:26:59.866+0000] {logging_mixin.py:188} INFO - [2024-04-15T17:26:59.866+0000] {dag.py:3096} INFO - Sync 1 DAGs
[2024-04-15T17:26:59.879+0000] {logging_mixin.py:188} INFO - [2024-04-15T17:26:59.879+0000] {dag.py:3954} INFO - Setting next_dagrun for example_setup_teardown to 2024-04-14 00:00:00+00:00, run_after=2024-04-15 00:00:00+00:00
[2024-04-15T17:26:59.890+0000] {processor.py:183} INFO - Processing /home/airflow/.local/lib/python3.12/site-packages/airflow/example_dags/example_setup_teardown.py took 0.233 seconds
[2024-04-15T17:27:30.068+0000] {processor.py:161} INFO - Started process (PID=189) to work on /home/airflow/.local/lib/python3.12/site-packages/airflow/example_dags/example_setup_teardown.py
[2024-04-15T17:27:30.069+0000] {processor.py:830} INFO - Processing file /home/airflow/.local/lib/python3.12/site-packages/airflow/example_dags/example_setup_teardown.py for tasks to queue
[2024-04-15T17:27:30.071+0000] {logging_mixin.py:188} INFO - [2024-04-15T17:27:30.070+0000] {dagbag.py:540} INFO - Filling up the DagBag from /home/airflow/.local/lib/python3.12/site-packages/airflow/example_dags/example_setup_teardown.py
[2024-04-15T17:27:30.078+0000] {processor.py:840} INFO - DAG(s) 'example_setup_teardown' retrieved from /home/airflow/.local/lib/python3.12/site-packages/airflow/example_dags/example_setup_teardown.py
[2024-04-15T17:27:30.093+0000] {logging_mixin.py:188} INFO - [2024-04-15T17:27:30.093+0000] {dag.py:3096} INFO - Sync 1 DAGs
[2024-04-15T17:27:30.105+0000] {logging_mixin.py:188} INFO - [2024-04-15T17:27:30.105+0000] {dag.py:3954} INFO - Setting next_dagrun for example_setup_teardown to 2024-04-14 00:00:00+00:00, run_after=2024-04-15 00:00:00+00:00
[2024-04-15T17:27:30.114+0000] {processor.py:183} INFO - Processing /home/airflow/.local/lib/python3.12/site-packages/airflow/example_dags/example_setup_teardown.py took 0.053 seconds
[2024-04-15T17:28:00.715+0000] {processor.py:161} INFO - Started process (PID=249) to work on /home/airflow/.local/lib/python3.12/site-packages/airflow/example_dags/example_setup_teardown.py
[2024-04-15T17:28:00.718+0000] {processor.py:830} INFO - Processing file /home/airflow/.local/lib/python3.12/site-packages/airflow/example_dags/example_setup_teardown.py for tasks to queue
[2024-04-15T17:28:00.724+0000] {logging_mixin.py:188} INFO - [2024-04-15T17:28:00.724+0000] {dagbag.py:540} INFO - Filling up the DagBag from /home/airflow/.local/lib/python3.12/site-packages/airflow/example_dags/example_setup_teardown.py
[2024-04-15T17:28:00.768+0000] {processor.py:840} INFO - DAG(s) 'example_setup_teardown' retrieved from /home/airflow/.local/lib/python3.12/site-packages/airflow/example_dags/example_setup_teardown.py
[2024-04-15T17:28:00.795+0000] {logging_mixin.py:188} INFO - [2024-04-15T17:28:00.794+0000] {dag.py:3096} INFO - Sync 1 DAGs
[2024-04-15T17:28:00.812+0000] {logging_mixin.py:188} INFO - [2024-04-15T17:28:00.812+0000] {dag.py:3954} INFO - Setting next_dagrun for example_setup_teardown to 2024-04-14 00:00:00+00:00, run_after=2024-04-15 00:00:00+00:00
[2024-04-15T17:28:00.826+0000] {processor.py:183} INFO - Processing /home/airflow/.local/lib/python3.12/site-packages/airflow/example_dags/example_setup_teardown.py took 0.133 seconds
[2024-04-15T17:28:31.031+0000] {processor.py:161} INFO - Started process (PID=309) to work on /home/airflow/.local/lib/python3.12/site-packages/airflow/example_dags/example_setup_teardown.py
[2024-04-15T17:28:31.033+0000] {processor.py:830} INFO - Processing file /home/airflow/.local/lib/python3.12/site-packages/airflow/example_dags/example_setup_teardown.py for tasks to queue
[2024-04-15T17:28:31.036+0000] {logging_mixin.py:188} INFO - [2024-04-15T17:28:31.036+0000] {dagbag.py:540} INFO - Filling up the DagBag from /home/airflow/.local/lib/python3.12/site-packages/airflow/example_dags/example_setup_teardown.py
[2024-04-15T17:28:31.047+0000] {processor.py:840} INFO - DAG(s) 'example_setup_teardown' retrieved from /home/airflow/.local/lib/python3.12/site-packages/airflow/example_dags/example_setup_teardown.py
[2024-04-15T17:28:31.082+0000] {logging_mixin.py:188} INFO - [2024-04-15T17:28:31.082+0000] {dag.py:3096} INFO - Sync 1 DAGs
[2024-04-15T17:28:31.097+0000] {logging_mixin.py:188} INFO - [2024-04-15T17:28:31.097+0000] {dag.py:3954} INFO - Setting next_dagrun for example_setup_teardown to 2024-04-14 00:00:00+00:00, run_after=2024-04-15 00:00:00+00:00
[2024-04-15T17:28:31.109+0000] {processor.py:183} INFO - Processing /home/airflow/.local/lib/python3.12/site-packages/airflow/example_dags/example_setup_teardown.py took 0.088 seconds
[2024-04-15T17:29:01.883+0000] {processor.py:161} INFO - Started process (PID=369) to work on /home/airflow/.local/lib/python3.12/site-packages/airflow/example_dags/example_setup_teardown.py
[2024-04-15T17:29:01.886+0000] {processor.py:830} INFO - Processing file /home/airflow/.local/lib/python3.12/site-packages/airflow/example_dags/example_setup_teardown.py for tasks to queue
[2024-04-15T17:29:01.897+0000] {logging_mixin.py:188} INFO - [2024-04-15T17:29:01.896+0000] {dagbag.py:540} INFO - Filling up the DagBag from /home/airflow/.local/lib/python3.12/site-packages/airflow/example_dags/example_setup_teardown.py
[2024-04-15T17:29:01.908+0000] {processor.py:840} INFO - DAG(s) 'example_setup_teardown' retrieved from /home/airflow/.local/lib/python3.12/site-packages/airflow/example_dags/example_setup_teardown.py
[2024-04-15T17:29:01.930+0000] {logging_mixin.py:188} INFO - [2024-04-15T17:29:01.930+0000] {dag.py:3096} INFO - Sync 1 DAGs
[2024-04-15T17:29:01.949+0000] {logging_mixin.py:188} INFO - [2024-04-15T17:29:01.949+0000] {dag.py:3954} INFO - Setting next_dagrun for example_setup_teardown to 2024-04-14 00:00:00+00:00, run_after=2024-04-15 00:00:00+00:00
[2024-04-15T17:29:01.959+0000] {processor.py:183} INFO - Processing /home/airflow/.local/lib/python3.12/site-packages/airflow/example_dags/example_setup_teardown.py took 0.089 seconds
[2024-04-15T17:29:32.565+0000] {processor.py:161} INFO - Started process (PID=429) to work on /home/airflow/.local/lib/python3.12/site-packages/airflow/example_dags/example_setup_teardown.py
[2024-04-15T17:29:32.566+0000] {processor.py:830} INFO - Processing file /home/airflow/.local/lib/python3.12/site-packages/airflow/example_dags/example_setup_teardown.py for tasks to queue
[2024-04-15T17:29:32.569+0000] {logging_mixin.py:188} INFO - [2024-04-15T17:29:32.568+0000] {dagbag.py:540} INFO - Filling up the DagBag from /home/airflow/.local/lib/python3.12/site-packages/airflow/example_dags/example_setup_teardown.py
[2024-04-15T17:29:32.576+0000] {processor.py:840} INFO - DAG(s) 'example_setup_teardown' retrieved from /home/airflow/.local/lib/python3.12/site-packages/airflow/example_dags/example_setup_teardown.py
[2024-04-15T17:29:32.594+0000] {logging_mixin.py:188} INFO - [2024-04-15T17:29:32.594+0000] {dag.py:3096} INFO - Sync 1 DAGs
[2024-04-15T17:29:32.613+0000] {logging_mixin.py:188} INFO - [2024-04-15T17:29:32.613+0000] {dag.py:3954} INFO - Setting next_dagrun for example_setup_teardown to 2024-04-14 00:00:00+00:00, run_after=2024-04-15 00:00:00+00:00
[2024-04-15T17:29:32.627+0000] {processor.py:183} INFO - Processing /home/airflow/.local/lib/python3.12/site-packages/airflow/example_dags/example_setup_teardown.py took 0.069 seconds
[2024-04-15T17:30:03.492+0000] {processor.py:161} INFO - Started process (PID=489) to work on /home/airflow/.local/lib/python3.12/site-packages/airflow/example_dags/example_setup_teardown.py
[2024-04-15T17:30:03.493+0000] {processor.py:830} INFO - Processing file /home/airflow/.local/lib/python3.12/site-packages/airflow/example_dags/example_setup_teardown.py for tasks to queue
[2024-04-15T17:30:03.495+0000] {logging_mixin.py:188} INFO - [2024-04-15T17:30:03.495+0000] {dagbag.py:540} INFO - Filling up the DagBag from /home/airflow/.local/lib/python3.12/site-packages/airflow/example_dags/example_setup_teardown.py
[2024-04-15T17:30:03.515+0000] {processor.py:840} INFO - DAG(s) 'example_setup_teardown' retrieved from /home/airflow/.local/lib/python3.12/site-packages/airflow/example_dags/example_setup_teardown.py
[2024-04-15T17:30:03.608+0000] {logging_mixin.py:188} INFO - [2024-04-15T17:30:03.608+0000] {dag.py:3096} INFO - Sync 1 DAGs
[2024-04-15T17:30:03.703+0000] {logging_mixin.py:188} INFO - [2024-04-15T17:30:03.703+0000] {dag.py:3954} INFO - Setting next_dagrun for example_setup_teardown to 2024-04-14 00:00:00+00:00, run_after=2024-04-15 00:00:00+00:00
[2024-04-15T17:30:03.763+0000] {processor.py:183} INFO - Processing /home/airflow/.local/lib/python3.12/site-packages/airflow/example_dags/example_setup_teardown.py took 0.279 seconds
[2024-04-15T17:30:34.111+0000] {processor.py:161} INFO - Started process (PID=548) to work on /home/airflow/.local/lib/python3.12/site-packages/airflow/example_dags/example_setup_teardown.py
[2024-04-15T17:30:34.112+0000] {processor.py:830} INFO - Processing file /home/airflow/.local/lib/python3.12/site-packages/airflow/example_dags/example_setup_teardown.py for tasks to queue
[2024-04-15T17:30:34.114+0000] {logging_mixin.py:188} INFO - [2024-04-15T17:30:34.114+0000] {dagbag.py:540} INFO - Filling up the DagBag from /home/airflow/.local/lib/python3.12/site-packages/airflow/example_dags/example_setup_teardown.py
[2024-04-15T17:30:34.121+0000] {processor.py:840} INFO - DAG(s) 'example_setup_teardown' retrieved from /home/airflow/.local/lib/python3.12/site-packages/airflow/example_dags/example_setup_teardown.py
[2024-04-15T17:30:34.136+0000] {logging_mixin.py:188} INFO - [2024-04-15T17:30:34.136+0000] {dag.py:3096} INFO - Sync 1 DAGs
[2024-04-15T17:30:34.150+0000] {logging_mixin.py:188} INFO - [2024-04-15T17:30:34.150+0000] {dag.py:3954} INFO - Setting next_dagrun for example_setup_teardown to 2024-04-14 00:00:00+00:00, run_after=2024-04-15 00:00:00+00:00
[2024-04-15T17:30:34.159+0000] {processor.py:183} INFO - Processing /home/airflow/.local/lib/python3.12/site-packages/airflow/example_dags/example_setup_teardown.py took 0.056 seconds
[2024-04-15T17:31:04.296+0000] {processor.py:161} INFO - Started process (PID=608) to work on /home/airflow/.local/lib/python3.12/site-packages/airflow/example_dags/example_setup_teardown.py
[2024-04-15T17:31:04.297+0000] {processor.py:830} INFO - Processing file /home/airflow/.local/lib/python3.12/site-packages/airflow/example_dags/example_setup_teardown.py for tasks to queue
[2024-04-15T17:31:04.299+0000] {logging_mixin.py:188} INFO - [2024-04-15T17:31:04.298+0000] {dagbag.py:540} INFO - Filling up the DagBag from /home/airflow/.local/lib/python3.12/site-packages/airflow/example_dags/example_setup_teardown.py
[2024-04-15T17:31:04.305+0000] {processor.py:840} INFO - DAG(s) 'example_setup_teardown' retrieved from /home/airflow/.local/lib/python3.12/site-packages/airflow/example_dags/example_setup_teardown.py
[2024-04-15T17:31:04.322+0000] {logging_mixin.py:188} INFO - [2024-04-15T17:31:04.322+0000] {dag.py:3096} INFO - Sync 1 DAGs
[2024-04-15T17:31:04.336+0000] {logging_mixin.py:188} INFO - [2024-04-15T17:31:04.336+0000] {dag.py:3954} INFO - Setting next_dagrun for example_setup_teardown to 2024-04-14 00:00:00+00:00, run_after=2024-04-15 00:00:00+00:00
[2024-04-15T17:31:04.344+0000] {processor.py:183} INFO - Processing /home/airflow/.local/lib/python3.12/site-packages/airflow/example_dags/example_setup_teardown.py took 0.056 seconds
[2024-04-15T17:31:35.211+0000] {processor.py:161} INFO - Started process (PID=668) to work on /home/airflow/.local/lib/python3.12/site-packages/airflow/example_dags/example_setup_teardown.py
[2024-04-15T17:31:35.212+0000] {processor.py:830} INFO - Processing file /home/airflow/.local/lib/python3.12/site-packages/airflow/example_dags/example_setup_teardown.py for tasks to queue
[2024-04-15T17:31:35.214+0000] {logging_mixin.py:188} INFO - [2024-04-15T17:31:35.214+0000] {dagbag.py:540} INFO - Filling up the DagBag from /home/airflow/.local/lib/python3.12/site-packages/airflow/example_dags/example_setup_teardown.py
[2024-04-15T17:31:35.223+0000] {processor.py:840} INFO - DAG(s) 'example_setup_teardown' retrieved from /home/airflow/.local/lib/python3.12/site-packages/airflow/example_dags/example_setup_teardown.py
[2024-04-15T17:31:35.239+0000] {logging_mixin.py:188} INFO - [2024-04-15T17:31:35.239+0000] {dag.py:3096} INFO - Sync 1 DAGs
[2024-04-15T17:31:35.251+0000] {logging_mixin.py:188} INFO - [2024-04-15T17:31:35.251+0000] {dag.py:3954} INFO - Setting next_dagrun for example_setup_teardown to 2024-04-14 00:00:00+00:00, run_after=2024-04-15 00:00:00+00:00
[2024-04-15T17:31:35.259+0000] {processor.py:183} INFO - Processing /home/airflow/.local/lib/python3.12/site-packages/airflow/example_dags/example_setup_teardown.py took 0.056 seconds
[2024-04-15T17:32:05.759+0000] {processor.py:161} INFO - Started process (PID=728) to work on /home/airflow/.local/lib/python3.12/site-packages/airflow/example_dags/example_setup_teardown.py
[2024-04-15T17:32:05.761+0000] {processor.py:830} INFO - Processing file /home/airflow/.local/lib/python3.12/site-packages/airflow/example_dags/example_setup_teardown.py for tasks to queue
[2024-04-15T17:32:05.764+0000] {logging_mixin.py:188} INFO - [2024-04-15T17:32:05.764+0000] {dagbag.py:540} INFO - Filling up the DagBag from /home/airflow/.local/lib/python3.12/site-packages/airflow/example_dags/example_setup_teardown.py
[2024-04-15T17:32:05.779+0000] {processor.py:840} INFO - DAG(s) 'example_setup_teardown' retrieved from /home/airflow/.local/lib/python3.12/site-packages/airflow/example_dags/example_setup_teardown.py
[2024-04-15T17:32:05.802+0000] {logging_mixin.py:188} INFO - [2024-04-15T17:32:05.802+0000] {dag.py:3096} INFO - Sync 1 DAGs
[2024-04-15T17:32:05.817+0000] {logging_mixin.py:188} INFO - [2024-04-15T17:32:05.817+0000] {dag.py:3954} INFO - Setting next_dagrun for example_setup_teardown to 2024-04-14 00:00:00+00:00, run_after=2024-04-15 00:00:00+00:00
[2024-04-15T17:32:05.826+0000] {processor.py:183} INFO - Processing /home/airflow/.local/lib/python3.12/site-packages/airflow/example_dags/example_setup_teardown.py took 0.080 seconds
[2024-04-15T17:32:36.198+0000] {processor.py:161} INFO - Started process (PID=788) to work on /home/airflow/.local/lib/python3.12/site-packages/airflow/example_dags/example_setup_teardown.py
[2024-04-15T17:32:36.200+0000] {processor.py:830} INFO - Processing file /home/airflow/.local/lib/python3.12/site-packages/airflow/example_dags/example_setup_teardown.py for tasks to queue
[2024-04-15T17:32:36.202+0000] {logging_mixin.py:188} INFO - [2024-04-15T17:32:36.202+0000] {dagbag.py:540} INFO - Filling up the DagBag from /home/airflow/.local/lib/python3.12/site-packages/airflow/example_dags/example_setup_teardown.py
[2024-04-15T17:32:36.209+0000] {processor.py:840} INFO - DAG(s) 'example_setup_teardown' retrieved from /home/airflow/.local/lib/python3.12/site-packages/airflow/example_dags/example_setup_teardown.py
[2024-04-15T17:32:36.227+0000] {logging_mixin.py:188} INFO - [2024-04-15T17:32:36.227+0000] {dag.py:3096} INFO - Sync 1 DAGs
[2024-04-15T17:32:36.241+0000] {logging_mixin.py:188} INFO - [2024-04-15T17:32:36.241+0000] {dag.py:3954} INFO - Setting next_dagrun for example_setup_teardown to 2024-04-14 00:00:00+00:00, run_after=2024-04-15 00:00:00+00:00
[2024-04-15T17:32:36.251+0000] {processor.py:183} INFO - Processing /home/airflow/.local/lib/python3.12/site-packages/airflow/example_dags/example_setup_teardown.py took 0.061 seconds
[2024-04-15T17:33:07.034+0000] {processor.py:161} INFO - Started process (PID=848) to work on /home/airflow/.local/lib/python3.12/site-packages/airflow/example_dags/example_setup_teardown.py
[2024-04-15T17:33:07.039+0000] {processor.py:830} INFO - Processing file /home/airflow/.local/lib/python3.12/site-packages/airflow/example_dags/example_setup_teardown.py for tasks to queue
[2024-04-15T17:33:07.049+0000] {logging_mixin.py:188} INFO - [2024-04-15T17:33:07.047+0000] {dagbag.py:540} INFO - Filling up the DagBag from /home/airflow/.local/lib/python3.12/site-packages/airflow/example_dags/example_setup_teardown.py
[2024-04-15T17:33:07.065+0000] {processor.py:840} INFO - DAG(s) 'example_setup_teardown' retrieved from /home/airflow/.local/lib/python3.12/site-packages/airflow/example_dags/example_setup_teardown.py
[2024-04-15T17:33:07.166+0000] {logging_mixin.py:188} INFO - [2024-04-15T17:33:07.165+0000] {dag.py:3096} INFO - Sync 1 DAGs
[2024-04-15T17:33:07.209+0000] {logging_mixin.py:188} INFO - [2024-04-15T17:33:07.208+0000] {dag.py:3954} INFO - Setting next_dagrun for example_setup_teardown to 2024-04-14 00:00:00+00:00, run_after=2024-04-15 00:00:00+00:00
[2024-04-15T17:33:07.371+0000] {processor.py:183} INFO - Processing /home/airflow/.local/lib/python3.12/site-packages/airflow/example_dags/example_setup_teardown.py took 0.348 seconds
[2024-04-15T17:33:37.719+0000] {processor.py:161} INFO - Started process (PID=908) to work on /home/airflow/.local/lib/python3.12/site-packages/airflow/example_dags/example_setup_teardown.py
[2024-04-15T17:33:37.720+0000] {processor.py:830} INFO - Processing file /home/airflow/.local/lib/python3.12/site-packages/airflow/example_dags/example_setup_teardown.py for tasks to queue
[2024-04-15T17:33:37.722+0000] {logging_mixin.py:188} INFO - [2024-04-15T17:33:37.721+0000] {dagbag.py:540} INFO - Filling up the DagBag from /home/airflow/.local/lib/python3.12/site-packages/airflow/example_dags/example_setup_teardown.py
[2024-04-15T17:33:37.727+0000] {processor.py:840} INFO - DAG(s) 'example_setup_teardown' retrieved from /home/airflow/.local/lib/python3.12/site-packages/airflow/example_dags/example_setup_teardown.py
[2024-04-15T17:33:37.743+0000] {logging_mixin.py:188} INFO - [2024-04-15T17:33:37.743+0000] {dag.py:3096} INFO - Sync 1 DAGs
[2024-04-15T17:33:37.758+0000] {logging_mixin.py:188} INFO - [2024-04-15T17:33:37.757+0000] {dag.py:3954} INFO - Setting next_dagrun for example_setup_teardown to 2024-04-14 00:00:00+00:00, run_after=2024-04-15 00:00:00+00:00
[2024-04-15T17:33:37.767+0000] {processor.py:183} INFO - Processing /home/airflow/.local/lib/python3.12/site-packages/airflow/example_dags/example_setup_teardown.py took 0.054 seconds
[2024-04-15T17:34:07.978+0000] {processor.py:161} INFO - Started process (PID=968) to work on /home/airflow/.local/lib/python3.12/site-packages/airflow/example_dags/example_setup_teardown.py
[2024-04-15T17:34:07.981+0000] {processor.py:830} INFO - Processing file /home/airflow/.local/lib/python3.12/site-packages/airflow/example_dags/example_setup_teardown.py for tasks to queue
[2024-04-15T17:34:07.983+0000] {logging_mixin.py:188} INFO - [2024-04-15T17:34:07.983+0000] {dagbag.py:540} INFO - Filling up the DagBag from /home/airflow/.local/lib/python3.12/site-packages/airflow/example_dags/example_setup_teardown.py
[2024-04-15T17:34:07.990+0000] {processor.py:840} INFO - DAG(s) 'example_setup_teardown' retrieved from /home/airflow/.local/lib/python3.12/site-packages/airflow/example_dags/example_setup_teardown.py
[2024-04-15T17:34:08.008+0000] {logging_mixin.py:188} INFO - [2024-04-15T17:34:08.008+0000] {dag.py:3096} INFO - Sync 1 DAGs
[2024-04-15T17:34:08.021+0000] {logging_mixin.py:188} INFO - [2024-04-15T17:34:08.021+0000] {dag.py:3954} INFO - Setting next_dagrun for example_setup_teardown to 2024-04-14 00:00:00+00:00, run_after=2024-04-15 00:00:00+00:00
[2024-04-15T17:34:08.033+0000] {processor.py:183} INFO - Processing /home/airflow/.local/lib/python3.12/site-packages/airflow/example_dags/example_setup_teardown.py took 0.065 seconds
[2024-04-15T17:34:38.300+0000] {processor.py:161} INFO - Started process (PID=1028) to work on /home/airflow/.local/lib/python3.12/site-packages/airflow/example_dags/example_setup_teardown.py
[2024-04-15T17:34:38.301+0000] {processor.py:830} INFO - Processing file /home/airflow/.local/lib/python3.12/site-packages/airflow/example_dags/example_setup_teardown.py for tasks to queue
[2024-04-15T17:34:38.303+0000] {logging_mixin.py:188} INFO - [2024-04-15T17:34:38.303+0000] {dagbag.py:540} INFO - Filling up the DagBag from /home/airflow/.local/lib/python3.12/site-packages/airflow/example_dags/example_setup_teardown.py
[2024-04-15T17:34:38.308+0000] {processor.py:840} INFO - DAG(s) 'example_setup_teardown' retrieved from /home/airflow/.local/lib/python3.12/site-packages/airflow/example_dags/example_setup_teardown.py
[2024-04-15T17:34:38.323+0000] {logging_mixin.py:188} INFO - [2024-04-15T17:34:38.323+0000] {dag.py:3096} INFO - Sync 1 DAGs
[2024-04-15T17:34:38.335+0000] {logging_mixin.py:188} INFO - [2024-04-15T17:34:38.335+0000] {dag.py:3954} INFO - Setting next_dagrun for example_setup_teardown to 2024-04-14 00:00:00+00:00, run_after=2024-04-15 00:00:00+00:00
[2024-04-15T17:34:38.345+0000] {processor.py:183} INFO - Processing /home/airflow/.local/lib/python3.12/site-packages/airflow/example_dags/example_setup_teardown.py took 0.050 seconds
[2024-04-15T17:35:08.980+0000] {processor.py:161} INFO - Started process (PID=1088) to work on /home/airflow/.local/lib/python3.12/site-packages/airflow/example_dags/example_setup_teardown.py
[2024-04-15T17:35:08.989+0000] {processor.py:830} INFO - Processing file /home/airflow/.local/lib/python3.12/site-packages/airflow/example_dags/example_setup_teardown.py for tasks to queue
[2024-04-15T17:35:08.992+0000] {logging_mixin.py:188} INFO - [2024-04-15T17:35:08.992+0000] {dagbag.py:540} INFO - Filling up the DagBag from /home/airflow/.local/lib/python3.12/site-packages/airflow/example_dags/example_setup_teardown.py
[2024-04-15T17:35:09.005+0000] {processor.py:840} INFO - DAG(s) 'example_setup_teardown' retrieved from /home/airflow/.local/lib/python3.12/site-packages/airflow/example_dags/example_setup_teardown.py
[2024-04-15T17:35:09.042+0000] {logging_mixin.py:188} INFO - [2024-04-15T17:35:09.042+0000] {dag.py:3096} INFO - Sync 1 DAGs
[2024-04-15T17:35:09.060+0000] {logging_mixin.py:188} INFO - [2024-04-15T17:35:09.059+0000] {dag.py:3954} INFO - Setting next_dagrun for example_setup_teardown to 2024-04-14 00:00:00+00:00, run_after=2024-04-15 00:00:00+00:00
[2024-04-15T17:35:09.070+0000] {processor.py:183} INFO - Processing /home/airflow/.local/lib/python3.12/site-packages/airflow/example_dags/example_setup_teardown.py took 0.096 seconds
[2024-04-15T17:35:39.446+0000] {processor.py:161} INFO - Started process (PID=1148) to work on /home/airflow/.local/lib/python3.12/site-packages/airflow/example_dags/example_setup_teardown.py
[2024-04-15T17:35:39.453+0000] {processor.py:830} INFO - Processing file /home/airflow/.local/lib/python3.12/site-packages/airflow/example_dags/example_setup_teardown.py for tasks to queue
[2024-04-15T17:35:39.458+0000] {logging_mixin.py:188} INFO - [2024-04-15T17:35:39.457+0000] {dagbag.py:540} INFO - Filling up the DagBag from /home/airflow/.local/lib/python3.12/site-packages/airflow/example_dags/example_setup_teardown.py
[2024-04-15T17:35:39.468+0000] {processor.py:840} INFO - DAG(s) 'example_setup_teardown' retrieved from /home/airflow/.local/lib/python3.12/site-packages/airflow/example_dags/example_setup_teardown.py
[2024-04-15T17:35:39.488+0000] {logging_mixin.py:188} INFO - [2024-04-15T17:35:39.488+0000] {dag.py:3096} INFO - Sync 1 DAGs
[2024-04-15T17:35:39.516+0000] {logging_mixin.py:188} INFO - [2024-04-15T17:35:39.516+0000] {dag.py:3954} INFO - Setting next_dagrun for example_setup_teardown to 2024-04-14 00:00:00+00:00, run_after=2024-04-15 00:00:00+00:00
[2024-04-15T17:35:39.528+0000] {processor.py:183} INFO - Processing /home/airflow/.local/lib/python3.12/site-packages/airflow/example_dags/example_setup_teardown.py took 0.110 seconds
[2024-04-15T17:36:10.149+0000] {processor.py:161} INFO - Started process (PID=1208) to work on /home/airflow/.local/lib/python3.12/site-packages/airflow/example_dags/example_setup_teardown.py
[2024-04-15T17:36:10.151+0000] {processor.py:830} INFO - Processing file /home/airflow/.local/lib/python3.12/site-packages/airflow/example_dags/example_setup_teardown.py for tasks to queue
[2024-04-15T17:36:10.152+0000] {logging_mixin.py:188} INFO - [2024-04-15T17:36:10.152+0000] {dagbag.py:540} INFO - Filling up the DagBag from /home/airflow/.local/lib/python3.12/site-packages/airflow/example_dags/example_setup_teardown.py
[2024-04-15T17:36:10.157+0000] {processor.py:840} INFO - DAG(s) 'example_setup_teardown' retrieved from /home/airflow/.local/lib/python3.12/site-packages/airflow/example_dags/example_setup_teardown.py
[2024-04-15T17:36:10.168+0000] {logging_mixin.py:188} INFO - [2024-04-15T17:36:10.167+0000] {dag.py:3096} INFO - Sync 1 DAGs
[2024-04-15T17:36:10.178+0000] {logging_mixin.py:188} INFO - [2024-04-15T17:36:10.178+0000] {dag.py:3954} INFO - Setting next_dagrun for example_setup_teardown to 2024-04-14 00:00:00+00:00, run_after=2024-04-15 00:00:00+00:00
[2024-04-15T17:36:10.187+0000] {processor.py:183} INFO - Processing /home/airflow/.local/lib/python3.12/site-packages/airflow/example_dags/example_setup_teardown.py took 0.041 seconds
[2024-04-15T17:36:40.749+0000] {processor.py:161} INFO - Started process (PID=1267) to work on /home/airflow/.local/lib/python3.12/site-packages/airflow/example_dags/example_setup_teardown.py
[2024-04-15T17:36:40.751+0000] {processor.py:830} INFO - Processing file /home/airflow/.local/lib/python3.12/site-packages/airflow/example_dags/example_setup_teardown.py for tasks to queue
[2024-04-15T17:36:40.753+0000] {logging_mixin.py:188} INFO - [2024-04-15T17:36:40.752+0000] {dagbag.py:540} INFO - Filling up the DagBag from /home/airflow/.local/lib/python3.12/site-packages/airflow/example_dags/example_setup_teardown.py
[2024-04-15T17:36:40.759+0000] {processor.py:840} INFO - DAG(s) 'example_setup_teardown' retrieved from /home/airflow/.local/lib/python3.12/site-packages/airflow/example_dags/example_setup_teardown.py
[2024-04-15T17:36:40.774+0000] {logging_mixin.py:188} INFO - [2024-04-15T17:36:40.774+0000] {dag.py:3096} INFO - Sync 1 DAGs
[2024-04-15T17:36:40.787+0000] {logging_mixin.py:188} INFO - [2024-04-15T17:36:40.786+0000] {dag.py:3954} INFO - Setting next_dagrun for example_setup_teardown to 2024-04-14 00:00:00+00:00, run_after=2024-04-15 00:00:00+00:00
[2024-04-15T17:36:40.796+0000] {processor.py:183} INFO - Processing /home/airflow/.local/lib/python3.12/site-packages/airflow/example_dags/example_setup_teardown.py took 0.053 seconds
[2024-04-15T17:37:11.554+0000] {processor.py:161} INFO - Started process (PID=1327) to work on /home/airflow/.local/lib/python3.12/site-packages/airflow/example_dags/example_setup_teardown.py
[2024-04-15T17:37:11.555+0000] {processor.py:830} INFO - Processing file /home/airflow/.local/lib/python3.12/site-packages/airflow/example_dags/example_setup_teardown.py for tasks to queue
[2024-04-15T17:37:11.558+0000] {logging_mixin.py:188} INFO - [2024-04-15T17:37:11.557+0000] {dagbag.py:540} INFO - Filling up the DagBag from /home/airflow/.local/lib/python3.12/site-packages/airflow/example_dags/example_setup_teardown.py
[2024-04-15T17:37:11.567+0000] {processor.py:840} INFO - DAG(s) 'example_setup_teardown' retrieved from /home/airflow/.local/lib/python3.12/site-packages/airflow/example_dags/example_setup_teardown.py
[2024-04-15T17:37:11.584+0000] {logging_mixin.py:188} INFO - [2024-04-15T17:37:11.584+0000] {dag.py:3096} INFO - Sync 1 DAGs
[2024-04-15T17:37:11.598+0000] {logging_mixin.py:188} INFO - [2024-04-15T17:37:11.598+0000] {dag.py:3954} INFO - Setting next_dagrun for example_setup_teardown to 2024-04-14 00:00:00+00:00, run_after=2024-04-15 00:00:00+00:00
[2024-04-15T17:37:11.607+0000] {processor.py:183} INFO - Processing /home/airflow/.local/lib/python3.12/site-packages/airflow/example_dags/example_setup_teardown.py took 0.070 seconds
[2024-04-15T17:37:42.337+0000] {processor.py:161} INFO - Started process (PID=1387) to work on /home/airflow/.local/lib/python3.12/site-packages/airflow/example_dags/example_setup_teardown.py
[2024-04-15T17:37:42.338+0000] {processor.py:830} INFO - Processing file /home/airflow/.local/lib/python3.12/site-packages/airflow/example_dags/example_setup_teardown.py for tasks to queue
[2024-04-15T17:37:42.340+0000] {logging_mixin.py:188} INFO - [2024-04-15T17:37:42.339+0000] {dagbag.py:540} INFO - Filling up the DagBag from /home/airflow/.local/lib/python3.12/site-packages/airflow/example_dags/example_setup_teardown.py
[2024-04-15T17:37:42.346+0000] {processor.py:840} INFO - DAG(s) 'example_setup_teardown' retrieved from /home/airflow/.local/lib/python3.12/site-packages/airflow/example_dags/example_setup_teardown.py
[2024-04-15T17:37:42.361+0000] {logging_mixin.py:188} INFO - [2024-04-15T17:37:42.360+0000] {dag.py:3096} INFO - Sync 1 DAGs
[2024-04-15T17:37:42.374+0000] {logging_mixin.py:188} INFO - [2024-04-15T17:37:42.373+0000] {dag.py:3954} INFO - Setting next_dagrun for example_setup_teardown to 2024-04-14 00:00:00+00:00, run_after=2024-04-15 00:00:00+00:00
[2024-04-15T17:37:42.382+0000] {processor.py:183} INFO - Processing /home/airflow/.local/lib/python3.12/site-packages/airflow/example_dags/example_setup_teardown.py took 0.052 seconds
[2024-04-15T17:38:12.770+0000] {processor.py:161} INFO - Started process (PID=1447) to work on /home/airflow/.local/lib/python3.12/site-packages/airflow/example_dags/example_setup_teardown.py
[2024-04-15T17:38:12.773+0000] {processor.py:830} INFO - Processing file /home/airflow/.local/lib/python3.12/site-packages/airflow/example_dags/example_setup_teardown.py for tasks to queue
[2024-04-15T17:38:12.775+0000] {logging_mixin.py:188} INFO - [2024-04-15T17:38:12.775+0000] {dagbag.py:540} INFO - Filling up the DagBag from /home/airflow/.local/lib/python3.12/site-packages/airflow/example_dags/example_setup_teardown.py
[2024-04-15T17:38:12.782+0000] {processor.py:840} INFO - DAG(s) 'example_setup_teardown' retrieved from /home/airflow/.local/lib/python3.12/site-packages/airflow/example_dags/example_setup_teardown.py
[2024-04-15T17:38:12.797+0000] {logging_mixin.py:188} INFO - [2024-04-15T17:38:12.797+0000] {dag.py:3096} INFO - Sync 1 DAGs
[2024-04-15T17:38:12.811+0000] {logging_mixin.py:188} INFO - [2024-04-15T17:38:12.810+0000] {dag.py:3954} INFO - Setting next_dagrun for example_setup_teardown to 2024-04-14 00:00:00+00:00, run_after=2024-04-15 00:00:00+00:00
[2024-04-15T17:38:12.820+0000] {processor.py:183} INFO - Processing /home/airflow/.local/lib/python3.12/site-packages/airflow/example_dags/example_setup_teardown.py took 0.057 seconds
[2024-04-15T17:38:43.955+0000] {processor.py:161} INFO - Started process (PID=1507) to work on /home/airflow/.local/lib/python3.12/site-packages/airflow/example_dags/example_setup_teardown.py
[2024-04-15T17:38:43.956+0000] {processor.py:830} INFO - Processing file /home/airflow/.local/lib/python3.12/site-packages/airflow/example_dags/example_setup_teardown.py for tasks to queue
[2024-04-15T17:38:43.958+0000] {logging_mixin.py:188} INFO - [2024-04-15T17:38:43.958+0000] {dagbag.py:540} INFO - Filling up the DagBag from /home/airflow/.local/lib/python3.12/site-packages/airflow/example_dags/example_setup_teardown.py
[2024-04-15T17:38:43.967+0000] {processor.py:840} INFO - DAG(s) 'example_setup_teardown' retrieved from /home/airflow/.local/lib/python3.12/site-packages/airflow/example_dags/example_setup_teardown.py
[2024-04-15T17:38:43.986+0000] {logging_mixin.py:188} INFO - [2024-04-15T17:38:43.986+0000] {dag.py:3096} INFO - Sync 1 DAGs
[2024-04-15T17:38:43.999+0000] {logging_mixin.py:188} INFO - [2024-04-15T17:38:43.999+0000] {dag.py:3954} INFO - Setting next_dagrun for example_setup_teardown to 2024-04-14 00:00:00+00:00, run_after=2024-04-15 00:00:00+00:00
[2024-04-15T17:38:44.010+0000] {processor.py:183} INFO - Processing /home/airflow/.local/lib/python3.12/site-packages/airflow/example_dags/example_setup_teardown.py took 0.063 seconds
[2024-04-15T17:39:14.705+0000] {processor.py:161} INFO - Started process (PID=1567) to work on /home/airflow/.local/lib/python3.12/site-packages/airflow/example_dags/example_setup_teardown.py
[2024-04-15T17:39:14.706+0000] {processor.py:830} INFO - Processing file /home/airflow/.local/lib/python3.12/site-packages/airflow/example_dags/example_setup_teardown.py for tasks to queue
[2024-04-15T17:39:14.707+0000] {logging_mixin.py:188} INFO - [2024-04-15T17:39:14.706+0000] {dagbag.py:540} INFO - Filling up the DagBag from /home/airflow/.local/lib/python3.12/site-packages/airflow/example_dags/example_setup_teardown.py
[2024-04-15T17:39:14.711+0000] {processor.py:840} INFO - DAG(s) 'example_setup_teardown' retrieved from /home/airflow/.local/lib/python3.12/site-packages/airflow/example_dags/example_setup_teardown.py
[2024-04-15T17:39:14.721+0000] {logging_mixin.py:188} INFO - [2024-04-15T17:39:14.721+0000] {dag.py:3096} INFO - Sync 1 DAGs
[2024-04-15T17:39:14.732+0000] {logging_mixin.py:188} INFO - [2024-04-15T17:39:14.731+0000] {dag.py:3954} INFO - Setting next_dagrun for example_setup_teardown to 2024-04-14 00:00:00+00:00, run_after=2024-04-15 00:00:00+00:00
[2024-04-15T17:39:14.740+0000] {processor.py:183} INFO - Processing /home/airflow/.local/lib/python3.12/site-packages/airflow/example_dags/example_setup_teardown.py took 0.038 seconds
[2024-04-15T17:39:45.183+0000] {processor.py:161} INFO - Started process (PID=1627) to work on /home/airflow/.local/lib/python3.12/site-packages/airflow/example_dags/example_setup_teardown.py
[2024-04-15T17:39:45.184+0000] {processor.py:830} INFO - Processing file /home/airflow/.local/lib/python3.12/site-packages/airflow/example_dags/example_setup_teardown.py for tasks to queue
[2024-04-15T17:39:45.186+0000] {logging_mixin.py:188} INFO - [2024-04-15T17:39:45.186+0000] {dagbag.py:540} INFO - Filling up the DagBag from /home/airflow/.local/lib/python3.12/site-packages/airflow/example_dags/example_setup_teardown.py
[2024-04-15T17:39:45.193+0000] {processor.py:840} INFO - DAG(s) 'example_setup_teardown' retrieved from /home/airflow/.local/lib/python3.12/site-packages/airflow/example_dags/example_setup_teardown.py
[2024-04-15T17:39:45.205+0000] {logging_mixin.py:188} INFO - [2024-04-15T17:39:45.205+0000] {dag.py:3096} INFO - Sync 1 DAGs
[2024-04-15T17:39:45.221+0000] {logging_mixin.py:188} INFO - [2024-04-15T17:39:45.221+0000] {dag.py:3954} INFO - Setting next_dagrun for example_setup_teardown to 2024-04-14 00:00:00+00:00, run_after=2024-04-15 00:00:00+00:00
[2024-04-15T17:39:45.232+0000] {processor.py:183} INFO - Processing /home/airflow/.local/lib/python3.12/site-packages/airflow/example_dags/example_setup_teardown.py took 0.055 seconds
[2024-04-15T17:40:15.548+0000] {processor.py:161} INFO - Started process (PID=1687) to work on /home/airflow/.local/lib/python3.12/site-packages/airflow/example_dags/example_setup_teardown.py
[2024-04-15T17:40:15.549+0000] {processor.py:830} INFO - Processing file /home/airflow/.local/lib/python3.12/site-packages/airflow/example_dags/example_setup_teardown.py for tasks to queue
[2024-04-15T17:40:15.551+0000] {logging_mixin.py:188} INFO - [2024-04-15T17:40:15.550+0000] {dagbag.py:540} INFO - Filling up the DagBag from /home/airflow/.local/lib/python3.12/site-packages/airflow/example_dags/example_setup_teardown.py
[2024-04-15T17:40:15.555+0000] {processor.py:840} INFO - DAG(s) 'example_setup_teardown' retrieved from /home/airflow/.local/lib/python3.12/site-packages/airflow/example_dags/example_setup_teardown.py
[2024-04-15T17:40:15.568+0000] {logging_mixin.py:188} INFO - [2024-04-15T17:40:15.567+0000] {dag.py:3096} INFO - Sync 1 DAGs
[2024-04-15T17:40:15.580+0000] {logging_mixin.py:188} INFO - [2024-04-15T17:40:15.580+0000] {dag.py:3954} INFO - Setting next_dagrun for example_setup_teardown to 2024-04-14 00:00:00+00:00, run_after=2024-04-15 00:00:00+00:00
[2024-04-15T17:40:15.589+0000] {processor.py:183} INFO - Processing /home/airflow/.local/lib/python3.12/site-packages/airflow/example_dags/example_setup_teardown.py took 0.045 seconds
[2024-04-15T17:40:45.844+0000] {processor.py:161} INFO - Started process (PID=1747) to work on /home/airflow/.local/lib/python3.12/site-packages/airflow/example_dags/example_setup_teardown.py
[2024-04-15T17:40:45.848+0000] {processor.py:830} INFO - Processing file /home/airflow/.local/lib/python3.12/site-packages/airflow/example_dags/example_setup_teardown.py for tasks to queue
[2024-04-15T17:40:45.851+0000] {logging_mixin.py:188} INFO - [2024-04-15T17:40:45.850+0000] {dagbag.py:540} INFO - Filling up the DagBag from /home/airflow/.local/lib/python3.12/site-packages/airflow/example_dags/example_setup_teardown.py
[2024-04-15T17:40:45.863+0000] {processor.py:840} INFO - DAG(s) 'example_setup_teardown' retrieved from /home/airflow/.local/lib/python3.12/site-packages/airflow/example_dags/example_setup_teardown.py
[2024-04-15T17:40:45.928+0000] {logging_mixin.py:188} INFO - [2024-04-15T17:40:45.926+0000] {dag.py:3096} INFO - Sync 1 DAGs
[2024-04-15T17:40:46.027+0000] {logging_mixin.py:188} INFO - [2024-04-15T17:40:46.026+0000] {dag.py:3954} INFO - Setting next_dagrun for example_setup_teardown to 2024-04-14 00:00:00+00:00, run_after=2024-04-15 00:00:00+00:00
[2024-04-15T17:40:46.071+0000] {processor.py:183} INFO - Processing /home/airflow/.local/lib/python3.12/site-packages/airflow/example_dags/example_setup_teardown.py took 0.234 seconds
[2024-04-15T17:41:17.154+0000] {processor.py:161} INFO - Started process (PID=1807) to work on /home/airflow/.local/lib/python3.12/site-packages/airflow/example_dags/example_setup_teardown.py
[2024-04-15T17:41:17.156+0000] {processor.py:830} INFO - Processing file /home/airflow/.local/lib/python3.12/site-packages/airflow/example_dags/example_setup_teardown.py for tasks to queue
[2024-04-15T17:41:17.161+0000] {logging_mixin.py:188} INFO - [2024-04-15T17:41:17.161+0000] {dagbag.py:540} INFO - Filling up the DagBag from /home/airflow/.local/lib/python3.12/site-packages/airflow/example_dags/example_setup_teardown.py
[2024-04-15T17:41:17.189+0000] {processor.py:840} INFO - DAG(s) 'example_setup_teardown' retrieved from /home/airflow/.local/lib/python3.12/site-packages/airflow/example_dags/example_setup_teardown.py
[2024-04-15T17:41:17.237+0000] {logging_mixin.py:188} INFO - [2024-04-15T17:41:17.236+0000] {dag.py:3096} INFO - Sync 1 DAGs
[2024-04-15T17:41:17.262+0000] {logging_mixin.py:188} INFO - [2024-04-15T17:41:17.262+0000] {dag.py:3954} INFO - Setting next_dagrun for example_setup_teardown to 2024-04-14 00:00:00+00:00, run_after=2024-04-15 00:00:00+00:00
[2024-04-15T17:41:17.298+0000] {processor.py:183} INFO - Processing /home/airflow/.local/lib/python3.12/site-packages/airflow/example_dags/example_setup_teardown.py took 0.160 seconds
[2024-04-15T17:41:47.555+0000] {processor.py:161} INFO - Started process (PID=1867) to work on /home/airflow/.local/lib/python3.12/site-packages/airflow/example_dags/example_setup_teardown.py
[2024-04-15T17:41:47.562+0000] {processor.py:830} INFO - Processing file /home/airflow/.local/lib/python3.12/site-packages/airflow/example_dags/example_setup_teardown.py for tasks to queue
[2024-04-15T17:41:47.564+0000] {logging_mixin.py:188} INFO - [2024-04-15T17:41:47.564+0000] {dagbag.py:540} INFO - Filling up the DagBag from /home/airflow/.local/lib/python3.12/site-packages/airflow/example_dags/example_setup_teardown.py
[2024-04-15T17:41:47.569+0000] {processor.py:840} INFO - DAG(s) 'example_setup_teardown' retrieved from /home/airflow/.local/lib/python3.12/site-packages/airflow/example_dags/example_setup_teardown.py
[2024-04-15T17:41:47.581+0000] {logging_mixin.py:188} INFO - [2024-04-15T17:41:47.581+0000] {dag.py:3096} INFO - Sync 1 DAGs
[2024-04-15T17:41:47.592+0000] {logging_mixin.py:188} INFO - [2024-04-15T17:41:47.592+0000] {dag.py:3954} INFO - Setting next_dagrun for example_setup_teardown to 2024-04-14 00:00:00+00:00, run_after=2024-04-15 00:00:00+00:00
[2024-04-15T17:41:47.602+0000] {processor.py:183} INFO - Processing /home/airflow/.local/lib/python3.12/site-packages/airflow/example_dags/example_setup_teardown.py took 0.054 seconds
[2024-04-15T17:42:17.900+0000] {processor.py:161} INFO - Started process (PID=1926) to work on /home/airflow/.local/lib/python3.12/site-packages/airflow/example_dags/example_setup_teardown.py
[2024-04-15T17:42:17.904+0000] {processor.py:830} INFO - Processing file /home/airflow/.local/lib/python3.12/site-packages/airflow/example_dags/example_setup_teardown.py for tasks to queue
[2024-04-15T17:42:17.913+0000] {logging_mixin.py:188} INFO - [2024-04-15T17:42:17.912+0000] {dagbag.py:540} INFO - Filling up the DagBag from /home/airflow/.local/lib/python3.12/site-packages/airflow/example_dags/example_setup_teardown.py
[2024-04-15T17:42:17.917+0000] {processor.py:840} INFO - DAG(s) 'example_setup_teardown' retrieved from /home/airflow/.local/lib/python3.12/site-packages/airflow/example_dags/example_setup_teardown.py
[2024-04-15T17:42:17.932+0000] {logging_mixin.py:188} INFO - [2024-04-15T17:42:17.932+0000] {dag.py:3096} INFO - Sync 1 DAGs
[2024-04-15T17:42:17.953+0000] {logging_mixin.py:188} INFO - [2024-04-15T17:42:17.953+0000] {dag.py:3954} INFO - Setting next_dagrun for example_setup_teardown to 2024-04-14 00:00:00+00:00, run_after=2024-04-15 00:00:00+00:00
[2024-04-15T17:42:17.965+0000] {processor.py:183} INFO - Processing /home/airflow/.local/lib/python3.12/site-packages/airflow/example_dags/example_setup_teardown.py took 0.069 seconds
[2024-04-15T17:42:48.772+0000] {processor.py:161} INFO - Started process (PID=1986) to work on /home/airflow/.local/lib/python3.12/site-packages/airflow/example_dags/example_setup_teardown.py
[2024-04-15T17:42:48.772+0000] {processor.py:830} INFO - Processing file /home/airflow/.local/lib/python3.12/site-packages/airflow/example_dags/example_setup_teardown.py for tasks to queue
[2024-04-15T17:42:48.774+0000] {logging_mixin.py:188} INFO - [2024-04-15T17:42:48.773+0000] {dagbag.py:540} INFO - Filling up the DagBag from /home/airflow/.local/lib/python3.12/site-packages/airflow/example_dags/example_setup_teardown.py
[2024-04-15T17:42:48.778+0000] {processor.py:840} INFO - DAG(s) 'example_setup_teardown' retrieved from /home/airflow/.local/lib/python3.12/site-packages/airflow/example_dags/example_setup_teardown.py
[2024-04-15T17:42:48.790+0000] {logging_mixin.py:188} INFO - [2024-04-15T17:42:48.790+0000] {dag.py:3096} INFO - Sync 1 DAGs
[2024-04-15T17:42:48.807+0000] {logging_mixin.py:188} INFO - [2024-04-15T17:42:48.807+0000] {dag.py:3954} INFO - Setting next_dagrun for example_setup_teardown to 2024-04-14 00:00:00+00:00, run_after=2024-04-15 00:00:00+00:00
[2024-04-15T17:42:48.815+0000] {processor.py:183} INFO - Processing /home/airflow/.local/lib/python3.12/site-packages/airflow/example_dags/example_setup_teardown.py took 0.047 seconds
[2024-04-15T17:43:19.787+0000] {processor.py:161} INFO - Started process (PID=2045) to work on /home/airflow/.local/lib/python3.12/site-packages/airflow/example_dags/example_setup_teardown.py
[2024-04-15T17:43:19.788+0000] {processor.py:830} INFO - Processing file /home/airflow/.local/lib/python3.12/site-packages/airflow/example_dags/example_setup_teardown.py for tasks to queue
[2024-04-15T17:43:19.789+0000] {logging_mixin.py:188} INFO - [2024-04-15T17:43:19.789+0000] {dagbag.py:540} INFO - Filling up the DagBag from /home/airflow/.local/lib/python3.12/site-packages/airflow/example_dags/example_setup_teardown.py
[2024-04-15T17:43:19.795+0000] {processor.py:840} INFO - DAG(s) 'example_setup_teardown' retrieved from /home/airflow/.local/lib/python3.12/site-packages/airflow/example_dags/example_setup_teardown.py
[2024-04-15T17:43:19.808+0000] {logging_mixin.py:188} INFO - [2024-04-15T17:43:19.808+0000] {dag.py:3096} INFO - Sync 1 DAGs
[2024-04-15T17:43:19.820+0000] {logging_mixin.py:188} INFO - [2024-04-15T17:43:19.820+0000] {dag.py:3954} INFO - Setting next_dagrun for example_setup_teardown to 2024-04-14 00:00:00+00:00, run_after=2024-04-15 00:00:00+00:00
[2024-04-15T17:43:19.832+0000] {processor.py:183} INFO - Processing /home/airflow/.local/lib/python3.12/site-packages/airflow/example_dags/example_setup_teardown.py took 0.049 seconds
[2024-04-15T17:43:50.223+0000] {processor.py:161} INFO - Started process (PID=2105) to work on /home/airflow/.local/lib/python3.12/site-packages/airflow/example_dags/example_setup_teardown.py
[2024-04-15T17:43:50.225+0000] {processor.py:830} INFO - Processing file /home/airflow/.local/lib/python3.12/site-packages/airflow/example_dags/example_setup_teardown.py for tasks to queue
[2024-04-15T17:43:50.229+0000] {logging_mixin.py:188} INFO - [2024-04-15T17:43:50.228+0000] {dagbag.py:540} INFO - Filling up the DagBag from /home/airflow/.local/lib/python3.12/site-packages/airflow/example_dags/example_setup_teardown.py
[2024-04-15T17:43:50.239+0000] {processor.py:840} INFO - DAG(s) 'example_setup_teardown' retrieved from /home/airflow/.local/lib/python3.12/site-packages/airflow/example_dags/example_setup_teardown.py
[2024-04-15T17:43:50.263+0000] {logging_mixin.py:188} INFO - [2024-04-15T17:43:50.263+0000] {dag.py:3096} INFO - Sync 1 DAGs
[2024-04-15T17:43:50.287+0000] {logging_mixin.py:188} INFO - [2024-04-15T17:43:50.287+0000] {dag.py:3954} INFO - Setting next_dagrun for example_setup_teardown to 2024-04-14 00:00:00+00:00, run_after=2024-04-15 00:00:00+00:00
[2024-04-15T17:43:50.328+0000] {processor.py:183} INFO - Processing /home/airflow/.local/lib/python3.12/site-packages/airflow/example_dags/example_setup_teardown.py took 0.110 seconds
[2024-04-15T17:44:20.743+0000] {processor.py:161} INFO - Started process (PID=2165) to work on /home/airflow/.local/lib/python3.12/site-packages/airflow/example_dags/example_setup_teardown.py
[2024-04-15T17:44:20.744+0000] {processor.py:830} INFO - Processing file /home/airflow/.local/lib/python3.12/site-packages/airflow/example_dags/example_setup_teardown.py for tasks to queue
[2024-04-15T17:44:20.745+0000] {logging_mixin.py:188} INFO - [2024-04-15T17:44:20.745+0000] {dagbag.py:540} INFO - Filling up the DagBag from /home/airflow/.local/lib/python3.12/site-packages/airflow/example_dags/example_setup_teardown.py
[2024-04-15T17:44:20.749+0000] {processor.py:840} INFO - DAG(s) 'example_setup_teardown' retrieved from /home/airflow/.local/lib/python3.12/site-packages/airflow/example_dags/example_setup_teardown.py
[2024-04-15T17:44:20.762+0000] {logging_mixin.py:188} INFO - [2024-04-15T17:44:20.761+0000] {dag.py:3096} INFO - Sync 1 DAGs
[2024-04-15T17:44:20.772+0000] {logging_mixin.py:188} INFO - [2024-04-15T17:44:20.772+0000] {dag.py:3954} INFO - Setting next_dagrun for example_setup_teardown to 2024-04-14 00:00:00+00:00, run_after=2024-04-15 00:00:00+00:00
[2024-04-15T17:44:20.781+0000] {processor.py:183} INFO - Processing /home/airflow/.local/lib/python3.12/site-packages/airflow/example_dags/example_setup_teardown.py took 0.041 seconds
[2024-04-15T17:44:51.220+0000] {processor.py:161} INFO - Started process (PID=2225) to work on /home/airflow/.local/lib/python3.12/site-packages/airflow/example_dags/example_setup_teardown.py
[2024-04-15T17:44:51.221+0000] {processor.py:830} INFO - Processing file /home/airflow/.local/lib/python3.12/site-packages/airflow/example_dags/example_setup_teardown.py for tasks to queue
[2024-04-15T17:44:51.222+0000] {logging_mixin.py:188} INFO - [2024-04-15T17:44:51.222+0000] {dagbag.py:540} INFO - Filling up the DagBag from /home/airflow/.local/lib/python3.12/site-packages/airflow/example_dags/example_setup_teardown.py
[2024-04-15T17:44:51.225+0000] {processor.py:840} INFO - DAG(s) 'example_setup_teardown' retrieved from /home/airflow/.local/lib/python3.12/site-packages/airflow/example_dags/example_setup_teardown.py
[2024-04-15T17:44:51.236+0000] {logging_mixin.py:188} INFO - [2024-04-15T17:44:51.236+0000] {dag.py:3096} INFO - Sync 1 DAGs
[2024-04-15T17:44:51.247+0000] {logging_mixin.py:188} INFO - [2024-04-15T17:44:51.247+0000] {dag.py:3954} INFO - Setting next_dagrun for example_setup_teardown to 2024-04-14 00:00:00+00:00, run_after=2024-04-15 00:00:00+00:00
[2024-04-15T17:44:51.256+0000] {processor.py:183} INFO - Processing /home/airflow/.local/lib/python3.12/site-packages/airflow/example_dags/example_setup_teardown.py took 0.039 seconds
[2024-04-15T17:45:21.751+0000] {processor.py:161} INFO - Started process (PID=2285) to work on /home/airflow/.local/lib/python3.12/site-packages/airflow/example_dags/example_setup_teardown.py
[2024-04-15T17:45:21.753+0000] {processor.py:830} INFO - Processing file /home/airflow/.local/lib/python3.12/site-packages/airflow/example_dags/example_setup_teardown.py for tasks to queue
[2024-04-15T17:45:21.754+0000] {logging_mixin.py:188} INFO - [2024-04-15T17:45:21.754+0000] {dagbag.py:540} INFO - Filling up the DagBag from /home/airflow/.local/lib/python3.12/site-packages/airflow/example_dags/example_setup_teardown.py
[2024-04-15T17:45:21.759+0000] {processor.py:840} INFO - DAG(s) 'example_setup_teardown' retrieved from /home/airflow/.local/lib/python3.12/site-packages/airflow/example_dags/example_setup_teardown.py
[2024-04-15T17:45:21.777+0000] {logging_mixin.py:188} INFO - [2024-04-15T17:45:21.776+0000] {dag.py:3096} INFO - Sync 1 DAGs
[2024-04-15T17:45:21.791+0000] {logging_mixin.py:188} INFO - [2024-04-15T17:45:21.791+0000] {dag.py:3954} INFO - Setting next_dagrun for example_setup_teardown to 2024-04-14 00:00:00+00:00, run_after=2024-04-15 00:00:00+00:00
[2024-04-15T17:45:21.803+0000] {processor.py:183} INFO - Processing /home/airflow/.local/lib/python3.12/site-packages/airflow/example_dags/example_setup_teardown.py took 0.063 seconds
[2024-04-15T17:45:52.637+0000] {processor.py:161} INFO - Started process (PID=2345) to work on /home/airflow/.local/lib/python3.12/site-packages/airflow/example_dags/example_setup_teardown.py
[2024-04-15T17:45:52.637+0000] {processor.py:830} INFO - Processing file /home/airflow/.local/lib/python3.12/site-packages/airflow/example_dags/example_setup_teardown.py for tasks to queue
[2024-04-15T17:45:52.638+0000] {logging_mixin.py:188} INFO - [2024-04-15T17:45:52.638+0000] {dagbag.py:540} INFO - Filling up the DagBag from /home/airflow/.local/lib/python3.12/site-packages/airflow/example_dags/example_setup_teardown.py
[2024-04-15T17:45:52.642+0000] {processor.py:840} INFO - DAG(s) 'example_setup_teardown' retrieved from /home/airflow/.local/lib/python3.12/site-packages/airflow/example_dags/example_setup_teardown.py
[2024-04-15T17:45:52.658+0000] {logging_mixin.py:188} INFO - [2024-04-15T17:45:52.657+0000] {dag.py:3096} INFO - Sync 1 DAGs
[2024-04-15T17:45:52.673+0000] {logging_mixin.py:188} INFO - [2024-04-15T17:45:52.673+0000] {dag.py:3954} INFO - Setting next_dagrun for example_setup_teardown to 2024-04-14 00:00:00+00:00, run_after=2024-04-15 00:00:00+00:00
[2024-04-15T17:45:52.697+0000] {processor.py:183} INFO - Processing /home/airflow/.local/lib/python3.12/site-packages/airflow/example_dags/example_setup_teardown.py took 0.064 seconds
[2024-04-15T17:46:23.288+0000] {processor.py:161} INFO - Started process (PID=2405) to work on /home/airflow/.local/lib/python3.12/site-packages/airflow/example_dags/example_setup_teardown.py
[2024-04-15T17:46:23.288+0000] {processor.py:830} INFO - Processing file /home/airflow/.local/lib/python3.12/site-packages/airflow/example_dags/example_setup_teardown.py for tasks to queue
[2024-04-15T17:46:23.290+0000] {logging_mixin.py:188} INFO - [2024-04-15T17:46:23.289+0000] {dagbag.py:540} INFO - Filling up the DagBag from /home/airflow/.local/lib/python3.12/site-packages/airflow/example_dags/example_setup_teardown.py
[2024-04-15T17:46:23.296+0000] {processor.py:840} INFO - DAG(s) 'example_setup_teardown' retrieved from /home/airflow/.local/lib/python3.12/site-packages/airflow/example_dags/example_setup_teardown.py
[2024-04-15T17:46:23.309+0000] {logging_mixin.py:188} INFO - [2024-04-15T17:46:23.309+0000] {dag.py:3096} INFO - Sync 1 DAGs
[2024-04-15T17:46:23.325+0000] {logging_mixin.py:188} INFO - [2024-04-15T17:46:23.325+0000] {dag.py:3954} INFO - Setting next_dagrun for example_setup_teardown to 2024-04-14 00:00:00+00:00, run_after=2024-04-15 00:00:00+00:00
[2024-04-15T17:46:23.338+0000] {processor.py:183} INFO - Processing /home/airflow/.local/lib/python3.12/site-packages/airflow/example_dags/example_setup_teardown.py took 0.054 seconds
[2024-04-15T17:46:54.019+0000] {processor.py:161} INFO - Started process (PID=2465) to work on /home/airflow/.local/lib/python3.12/site-packages/airflow/example_dags/example_setup_teardown.py
[2024-04-15T17:46:54.019+0000] {processor.py:830} INFO - Processing file /home/airflow/.local/lib/python3.12/site-packages/airflow/example_dags/example_setup_teardown.py for tasks to queue
[2024-04-15T17:46:54.021+0000] {logging_mixin.py:188} INFO - [2024-04-15T17:46:54.020+0000] {dagbag.py:540} INFO - Filling up the DagBag from /home/airflow/.local/lib/python3.12/site-packages/airflow/example_dags/example_setup_teardown.py
[2024-04-15T17:46:54.031+0000] {processor.py:840} INFO - DAG(s) 'example_setup_teardown' retrieved from /home/airflow/.local/lib/python3.12/site-packages/airflow/example_dags/example_setup_teardown.py
[2024-04-15T17:46:54.074+0000] {logging_mixin.py:188} INFO - [2024-04-15T17:46:54.074+0000] {dag.py:3096} INFO - Sync 1 DAGs
[2024-04-15T17:46:54.105+0000] {logging_mixin.py:188} INFO - [2024-04-15T17:46:54.105+0000] {dag.py:3954} INFO - Setting next_dagrun for example_setup_teardown to 2024-04-14 00:00:00+00:00, run_after=2024-04-15 00:00:00+00:00
[2024-04-15T17:46:54.132+0000] {processor.py:183} INFO - Processing /home/airflow/.local/lib/python3.12/site-packages/airflow/example_dags/example_setup_teardown.py took 0.116 seconds
[2024-04-15T17:47:24.344+0000] {processor.py:161} INFO - Started process (PID=2525) to work on /home/airflow/.local/lib/python3.12/site-packages/airflow/example_dags/example_setup_teardown.py
[2024-04-15T17:47:24.345+0000] {processor.py:830} INFO - Processing file /home/airflow/.local/lib/python3.12/site-packages/airflow/example_dags/example_setup_teardown.py for tasks to queue
[2024-04-15T17:47:24.346+0000] {logging_mixin.py:188} INFO - [2024-04-15T17:47:24.346+0000] {dagbag.py:540} INFO - Filling up the DagBag from /home/airflow/.local/lib/python3.12/site-packages/airflow/example_dags/example_setup_teardown.py
[2024-04-15T17:47:24.350+0000] {processor.py:840} INFO - DAG(s) 'example_setup_teardown' retrieved from /home/airflow/.local/lib/python3.12/site-packages/airflow/example_dags/example_setup_teardown.py
[2024-04-15T17:47:24.365+0000] {logging_mixin.py:188} INFO - [2024-04-15T17:47:24.365+0000] {dag.py:3096} INFO - Sync 1 DAGs
[2024-04-15T17:47:24.378+0000] {logging_mixin.py:188} INFO - [2024-04-15T17:47:24.378+0000] {dag.py:3954} INFO - Setting next_dagrun for example_setup_teardown to 2024-04-14 00:00:00+00:00, run_after=2024-04-15 00:00:00+00:00
[2024-04-15T17:47:24.387+0000] {processor.py:183} INFO - Processing /home/airflow/.local/lib/python3.12/site-packages/airflow/example_dags/example_setup_teardown.py took 0.049 seconds
[2024-04-15T17:47:56.334+0000] {processor.py:161} INFO - Started process (PID=2585) to work on /home/airflow/.local/lib/python3.12/site-packages/airflow/example_dags/example_setup_teardown.py
[2024-04-15T17:47:56.334+0000] {processor.py:830} INFO - Processing file /home/airflow/.local/lib/python3.12/site-packages/airflow/example_dags/example_setup_teardown.py for tasks to queue
[2024-04-15T17:47:56.337+0000] {logging_mixin.py:188} INFO - [2024-04-15T17:47:56.336+0000] {dagbag.py:540} INFO - Filling up the DagBag from /home/airflow/.local/lib/python3.12/site-packages/airflow/example_dags/example_setup_teardown.py
[2024-04-15T17:47:56.344+0000] {processor.py:840} INFO - DAG(s) 'example_setup_teardown' retrieved from /home/airflow/.local/lib/python3.12/site-packages/airflow/example_dags/example_setup_teardown.py
[2024-04-15T17:47:56.363+0000] {logging_mixin.py:188} INFO - [2024-04-15T17:47:56.363+0000] {dag.py:3096} INFO - Sync 1 DAGs
[2024-04-15T17:47:56.385+0000] {logging_mixin.py:188} INFO - [2024-04-15T17:47:56.384+0000] {dag.py:3954} INFO - Setting next_dagrun for example_setup_teardown to 2024-04-14 00:00:00+00:00, run_after=2024-04-15 00:00:00+00:00
[2024-04-15T17:47:56.399+0000] {processor.py:183} INFO - Processing /home/airflow/.local/lib/python3.12/site-packages/airflow/example_dags/example_setup_teardown.py took 0.068 seconds
[2024-04-15T17:48:27.002+0000] {processor.py:161} INFO - Started process (PID=2645) to work on /home/airflow/.local/lib/python3.12/site-packages/airflow/example_dags/example_setup_teardown.py
[2024-04-15T17:48:27.003+0000] {processor.py:830} INFO - Processing file /home/airflow/.local/lib/python3.12/site-packages/airflow/example_dags/example_setup_teardown.py for tasks to queue
[2024-04-15T17:48:27.004+0000] {logging_mixin.py:188} INFO - [2024-04-15T17:48:27.004+0000] {dagbag.py:540} INFO - Filling up the DagBag from /home/airflow/.local/lib/python3.12/site-packages/airflow/example_dags/example_setup_teardown.py
[2024-04-15T17:48:27.009+0000] {processor.py:840} INFO - DAG(s) 'example_setup_teardown' retrieved from /home/airflow/.local/lib/python3.12/site-packages/airflow/example_dags/example_setup_teardown.py
[2024-04-15T17:48:27.020+0000] {logging_mixin.py:188} INFO - [2024-04-15T17:48:27.020+0000] {dag.py:3096} INFO - Sync 1 DAGs
[2024-04-15T17:48:27.033+0000] {logging_mixin.py:188} INFO - [2024-04-15T17:48:27.033+0000] {dag.py:3954} INFO - Setting next_dagrun for example_setup_teardown to 2024-04-14 00:00:00+00:00, run_after=2024-04-15 00:00:00+00:00
[2024-04-15T17:48:27.042+0000] {processor.py:183} INFO - Processing /home/airflow/.local/lib/python3.12/site-packages/airflow/example_dags/example_setup_teardown.py took 0.042 seconds
[2024-04-15T17:48:58.071+0000] {processor.py:161} INFO - Started process (PID=2705) to work on /home/airflow/.local/lib/python3.12/site-packages/airflow/example_dags/example_setup_teardown.py
[2024-04-15T17:48:58.072+0000] {processor.py:830} INFO - Processing file /home/airflow/.local/lib/python3.12/site-packages/airflow/example_dags/example_setup_teardown.py for tasks to queue
[2024-04-15T17:48:58.073+0000] {logging_mixin.py:188} INFO - [2024-04-15T17:48:58.073+0000] {dagbag.py:540} INFO - Filling up the DagBag from /home/airflow/.local/lib/python3.12/site-packages/airflow/example_dags/example_setup_teardown.py
[2024-04-15T17:48:58.077+0000] {processor.py:840} INFO - DAG(s) 'example_setup_teardown' retrieved from /home/airflow/.local/lib/python3.12/site-packages/airflow/example_dags/example_setup_teardown.py
[2024-04-15T17:48:58.091+0000] {logging_mixin.py:188} INFO - [2024-04-15T17:48:58.091+0000] {dag.py:3096} INFO - Sync 1 DAGs
[2024-04-15T17:48:58.103+0000] {logging_mixin.py:188} INFO - [2024-04-15T17:48:58.103+0000] {dag.py:3954} INFO - Setting next_dagrun for example_setup_teardown to 2024-04-14 00:00:00+00:00, run_after=2024-04-15 00:00:00+00:00
[2024-04-15T17:48:58.112+0000] {processor.py:183} INFO - Processing /home/airflow/.local/lib/python3.12/site-packages/airflow/example_dags/example_setup_teardown.py took 0.046 seconds
[2024-04-15T17:49:28.687+0000] {processor.py:161} INFO - Started process (PID=2765) to work on /home/airflow/.local/lib/python3.12/site-packages/airflow/example_dags/example_setup_teardown.py
[2024-04-15T17:49:28.688+0000] {processor.py:830} INFO - Processing file /home/airflow/.local/lib/python3.12/site-packages/airflow/example_dags/example_setup_teardown.py for tasks to queue
[2024-04-15T17:49:28.689+0000] {logging_mixin.py:188} INFO - [2024-04-15T17:49:28.688+0000] {dagbag.py:540} INFO - Filling up the DagBag from /home/airflow/.local/lib/python3.12/site-packages/airflow/example_dags/example_setup_teardown.py
[2024-04-15T17:49:28.693+0000] {processor.py:840} INFO - DAG(s) 'example_setup_teardown' retrieved from /home/airflow/.local/lib/python3.12/site-packages/airflow/example_dags/example_setup_teardown.py
[2024-04-15T17:49:28.707+0000] {logging_mixin.py:188} INFO - [2024-04-15T17:49:28.707+0000] {dag.py:3096} INFO - Sync 1 DAGs
[2024-04-15T17:49:28.723+0000] {logging_mixin.py:188} INFO - [2024-04-15T17:49:28.723+0000] {dag.py:3954} INFO - Setting next_dagrun for example_setup_teardown to 2024-04-14 00:00:00+00:00, run_after=2024-04-15 00:00:00+00:00
[2024-04-15T17:49:28.732+0000] {processor.py:183} INFO - Processing /home/airflow/.local/lib/python3.12/site-packages/airflow/example_dags/example_setup_teardown.py took 0.049 seconds
[2024-04-15T17:49:59.354+0000] {processor.py:161} INFO - Started process (PID=2825) to work on /home/airflow/.local/lib/python3.12/site-packages/airflow/example_dags/example_setup_teardown.py
[2024-04-15T17:49:59.357+0000] {processor.py:830} INFO - Processing file /home/airflow/.local/lib/python3.12/site-packages/airflow/example_dags/example_setup_teardown.py for tasks to queue
[2024-04-15T17:49:59.358+0000] {logging_mixin.py:188} INFO - [2024-04-15T17:49:59.358+0000] {dagbag.py:540} INFO - Filling up the DagBag from /home/airflow/.local/lib/python3.12/site-packages/airflow/example_dags/example_setup_teardown.py
[2024-04-15T17:49:59.362+0000] {processor.py:840} INFO - DAG(s) 'example_setup_teardown' retrieved from /home/airflow/.local/lib/python3.12/site-packages/airflow/example_dags/example_setup_teardown.py
[2024-04-15T17:49:59.374+0000] {logging_mixin.py:188} INFO - [2024-04-15T17:49:59.374+0000] {dag.py:3096} INFO - Sync 1 DAGs
[2024-04-15T17:49:59.385+0000] {logging_mixin.py:188} INFO - [2024-04-15T17:49:59.385+0000] {dag.py:3954} INFO - Setting next_dagrun for example_setup_teardown to 2024-04-14 00:00:00+00:00, run_after=2024-04-15 00:00:00+00:00
[2024-04-15T17:49:59.394+0000] {processor.py:183} INFO - Processing /home/airflow/.local/lib/python3.12/site-packages/airflow/example_dags/example_setup_teardown.py took 0.043 seconds
[2024-04-15T17:50:30.798+0000] {processor.py:161} INFO - Started process (PID=2885) to work on /home/airflow/.local/lib/python3.12/site-packages/airflow/example_dags/example_setup_teardown.py
[2024-04-15T17:50:30.799+0000] {processor.py:830} INFO - Processing file /home/airflow/.local/lib/python3.12/site-packages/airflow/example_dags/example_setup_teardown.py for tasks to queue
[2024-04-15T17:50:30.801+0000] {logging_mixin.py:188} INFO - [2024-04-15T17:50:30.800+0000] {dagbag.py:540} INFO - Filling up the DagBag from /home/airflow/.local/lib/python3.12/site-packages/airflow/example_dags/example_setup_teardown.py
[2024-04-15T17:50:30.807+0000] {processor.py:840} INFO - DAG(s) 'example_setup_teardown' retrieved from /home/airflow/.local/lib/python3.12/site-packages/airflow/example_dags/example_setup_teardown.py
[2024-04-15T17:50:30.836+0000] {logging_mixin.py:188} INFO - [2024-04-15T17:50:30.836+0000] {dag.py:3096} INFO - Sync 1 DAGs
[2024-04-15T17:50:30.872+0000] {logging_mixin.py:188} INFO - [2024-04-15T17:50:30.871+0000] {dag.py:3954} INFO - Setting next_dagrun for example_setup_teardown to 2024-04-14 00:00:00+00:00, run_after=2024-04-15 00:00:00+00:00
[2024-04-15T17:50:30.887+0000] {processor.py:183} INFO - Processing /home/airflow/.local/lib/python3.12/site-packages/airflow/example_dags/example_setup_teardown.py took 0.098 seconds
[2024-04-15T17:51:01.411+0000] {processor.py:161} INFO - Started process (PID=2945) to work on /home/airflow/.local/lib/python3.12/site-packages/airflow/example_dags/example_setup_teardown.py
[2024-04-15T17:51:01.413+0000] {processor.py:830} INFO - Processing file /home/airflow/.local/lib/python3.12/site-packages/airflow/example_dags/example_setup_teardown.py for tasks to queue
[2024-04-15T17:51:01.414+0000] {logging_mixin.py:188} INFO - [2024-04-15T17:51:01.414+0000] {dagbag.py:540} INFO - Filling up the DagBag from /home/airflow/.local/lib/python3.12/site-packages/airflow/example_dags/example_setup_teardown.py
[2024-04-15T17:51:01.421+0000] {processor.py:840} INFO - DAG(s) 'example_setup_teardown' retrieved from /home/airflow/.local/lib/python3.12/site-packages/airflow/example_dags/example_setup_teardown.py
[2024-04-15T17:51:01.441+0000] {logging_mixin.py:188} INFO - [2024-04-15T17:51:01.441+0000] {dag.py:3096} INFO - Sync 1 DAGs
[2024-04-15T17:51:01.456+0000] {logging_mixin.py:188} INFO - [2024-04-15T17:51:01.456+0000] {dag.py:3954} INFO - Setting next_dagrun for example_setup_teardown to 2024-04-14 00:00:00+00:00, run_after=2024-04-15 00:00:00+00:00
[2024-04-15T17:51:01.467+0000] {processor.py:183} INFO - Processing /home/airflow/.local/lib/python3.12/site-packages/airflow/example_dags/example_setup_teardown.py took 0.061 seconds
