[2024-04-15T17:12:35.917+0000] {processor.py:161} INFO - Started process (PID=72) to work on /home/airflow/.local/lib/python3.12/site-packages/airflow/example_dags/example_latest_only.py
[2024-04-15T17:12:35.920+0000] {processor.py:830} INFO - Processing file /home/airflow/.local/lib/python3.12/site-packages/airflow/example_dags/example_latest_only.py for tasks to queue
[2024-04-15T17:12:35.925+0000] {logging_mixin.py:188} INFO - [2024-04-15T17:12:35.924+0000] {dagbag.py:540} INFO - Filling up the DagBag from /home/airflow/.local/lib/python3.12/site-packages/airflow/example_dags/example_latest_only.py
[2024-04-15T17:12:35.942+0000] {processor.py:840} INFO - DAG(s) 'latest_only' retrieved from /home/airflow/.local/lib/python3.12/site-packages/airflow/example_dags/example_latest_only.py
[2024-04-15T17:12:35.986+0000] {logging_mixin.py:188} INFO - [2024-04-15T17:12:35.985+0000] {dag.py:3096} INFO - Sync 1 DAGs
[2024-04-15T17:12:36.046+0000] {logging_mixin.py:188} INFO - [2024-04-15T17:12:36.046+0000] {dag.py:3954} INFO - Setting next_dagrun for latest_only to 2024-04-15 12:00:00+00:00, run_after=2024-04-15 16:00:00+00:00
[2024-04-15T17:12:36.068+0000] {processor.py:183} INFO - Processing /home/airflow/.local/lib/python3.12/site-packages/airflow/example_dags/example_latest_only.py took 0.160 seconds
[2024-04-15T17:13:06.655+0000] {processor.py:161} INFO - Started process (PID=130) to work on /home/airflow/.local/lib/python3.12/site-packages/airflow/example_dags/example_latest_only.py
[2024-04-15T17:13:06.655+0000] {processor.py:830} INFO - Processing file /home/airflow/.local/lib/python3.12/site-packages/airflow/example_dags/example_latest_only.py for tasks to queue
[2024-04-15T17:13:06.656+0000] {logging_mixin.py:188} INFO - [2024-04-15T17:13:06.656+0000] {dagbag.py:540} INFO - Filling up the DagBag from /home/airflow/.local/lib/python3.12/site-packages/airflow/example_dags/example_latest_only.py
[2024-04-15T17:13:06.659+0000] {processor.py:840} INFO - DAG(s) 'latest_only' retrieved from /home/airflow/.local/lib/python3.12/site-packages/airflow/example_dags/example_latest_only.py
[2024-04-15T17:13:06.706+0000] {logging_mixin.py:188} INFO - [2024-04-15T17:13:06.705+0000] {dag.py:3096} INFO - Sync 1 DAGs
[2024-04-15T17:13:06.716+0000] {logging_mixin.py:188} INFO - [2024-04-15T17:13:06.716+0000] {dag.py:3954} INFO - Setting next_dagrun for latest_only to 2024-04-15 12:00:00+00:00, run_after=2024-04-15 16:00:00+00:00
[2024-04-15T17:13:06.727+0000] {processor.py:183} INFO - Processing /home/airflow/.local/lib/python3.12/site-packages/airflow/example_dags/example_latest_only.py took 0.076 seconds
[2024-04-15T17:13:37.387+0000] {processor.py:161} INFO - Started process (PID=189) to work on /home/airflow/.local/lib/python3.12/site-packages/airflow/example_dags/example_latest_only.py
[2024-04-15T17:13:37.388+0000] {processor.py:830} INFO - Processing file /home/airflow/.local/lib/python3.12/site-packages/airflow/example_dags/example_latest_only.py for tasks to queue
[2024-04-15T17:13:37.388+0000] {logging_mixin.py:188} INFO - [2024-04-15T17:13:37.388+0000] {dagbag.py:540} INFO - Filling up the DagBag from /home/airflow/.local/lib/python3.12/site-packages/airflow/example_dags/example_latest_only.py
[2024-04-15T17:13:37.392+0000] {processor.py:840} INFO - DAG(s) 'latest_only' retrieved from /home/airflow/.local/lib/python3.12/site-packages/airflow/example_dags/example_latest_only.py
[2024-04-15T17:13:37.409+0000] {logging_mixin.py:188} INFO - [2024-04-15T17:13:37.409+0000] {dag.py:3096} INFO - Sync 1 DAGs
[2024-04-15T17:13:37.428+0000] {logging_mixin.py:188} INFO - [2024-04-15T17:13:37.428+0000] {dag.py:3954} INFO - Setting next_dagrun for latest_only to 2024-04-15 12:00:00+00:00, run_after=2024-04-15 16:00:00+00:00
[2024-04-15T17:13:37.442+0000] {processor.py:183} INFO - Processing /home/airflow/.local/lib/python3.12/site-packages/airflow/example_dags/example_latest_only.py took 0.058 seconds
[2024-04-15T17:14:08.345+0000] {processor.py:161} INFO - Started process (PID=248) to work on /home/airflow/.local/lib/python3.12/site-packages/airflow/example_dags/example_latest_only.py
[2024-04-15T17:14:08.346+0000] {processor.py:830} INFO - Processing file /home/airflow/.local/lib/python3.12/site-packages/airflow/example_dags/example_latest_only.py for tasks to queue
[2024-04-15T17:14:08.350+0000] {logging_mixin.py:188} INFO - [2024-04-15T17:14:08.349+0000] {dagbag.py:540} INFO - Filling up the DagBag from /home/airflow/.local/lib/python3.12/site-packages/airflow/example_dags/example_latest_only.py
[2024-04-15T17:14:08.356+0000] {processor.py:840} INFO - DAG(s) 'latest_only' retrieved from /home/airflow/.local/lib/python3.12/site-packages/airflow/example_dags/example_latest_only.py
[2024-04-15T17:14:08.371+0000] {logging_mixin.py:188} INFO - [2024-04-15T17:14:08.371+0000] {dag.py:3096} INFO - Sync 1 DAGs
[2024-04-15T17:14:08.388+0000] {logging_mixin.py:188} INFO - [2024-04-15T17:14:08.388+0000] {dag.py:3954} INFO - Setting next_dagrun for latest_only to 2024-04-15 12:00:00+00:00, run_after=2024-04-15 16:00:00+00:00
[2024-04-15T17:14:08.422+0000] {processor.py:183} INFO - Processing /home/airflow/.local/lib/python3.12/site-packages/airflow/example_dags/example_latest_only.py took 0.085 seconds
[2024-04-15T17:14:38.475+0000] {processor.py:161} INFO - Started process (PID=306) to work on /home/airflow/.local/lib/python3.12/site-packages/airflow/example_dags/example_latest_only.py
[2024-04-15T17:14:38.476+0000] {processor.py:830} INFO - Processing file /home/airflow/.local/lib/python3.12/site-packages/airflow/example_dags/example_latest_only.py for tasks to queue
[2024-04-15T17:14:38.476+0000] {logging_mixin.py:188} INFO - [2024-04-15T17:14:38.476+0000] {dagbag.py:540} INFO - Filling up the DagBag from /home/airflow/.local/lib/python3.12/site-packages/airflow/example_dags/example_latest_only.py
[2024-04-15T17:14:38.480+0000] {processor.py:840} INFO - DAG(s) 'latest_only' retrieved from /home/airflow/.local/lib/python3.12/site-packages/airflow/example_dags/example_latest_only.py
[2024-04-15T17:14:38.492+0000] {logging_mixin.py:188} INFO - [2024-04-15T17:14:38.492+0000] {dag.py:3096} INFO - Sync 1 DAGs
[2024-04-15T17:14:38.503+0000] {logging_mixin.py:188} INFO - [2024-04-15T17:14:38.503+0000] {dag.py:3954} INFO - Setting next_dagrun for latest_only to 2024-04-15 12:00:00+00:00, run_after=2024-04-15 16:00:00+00:00
[2024-04-15T17:14:38.516+0000] {processor.py:183} INFO - Processing /home/airflow/.local/lib/python3.12/site-packages/airflow/example_dags/example_latest_only.py took 0.045 seconds
[2024-04-15T17:15:08.536+0000] {processor.py:161} INFO - Started process (PID=365) to work on /home/airflow/.local/lib/python3.12/site-packages/airflow/example_dags/example_latest_only.py
[2024-04-15T17:15:08.537+0000] {processor.py:830} INFO - Processing file /home/airflow/.local/lib/python3.12/site-packages/airflow/example_dags/example_latest_only.py for tasks to queue
[2024-04-15T17:15:08.537+0000] {logging_mixin.py:188} INFO - [2024-04-15T17:15:08.537+0000] {dagbag.py:540} INFO - Filling up the DagBag from /home/airflow/.local/lib/python3.12/site-packages/airflow/example_dags/example_latest_only.py
[2024-04-15T17:15:08.540+0000] {processor.py:840} INFO - DAG(s) 'latest_only' retrieved from /home/airflow/.local/lib/python3.12/site-packages/airflow/example_dags/example_latest_only.py
[2024-04-15T17:15:08.549+0000] {logging_mixin.py:188} INFO - [2024-04-15T17:15:08.548+0000] {dag.py:3096} INFO - Sync 1 DAGs
[2024-04-15T17:15:08.558+0000] {logging_mixin.py:188} INFO - [2024-04-15T17:15:08.558+0000] {dag.py:3954} INFO - Setting next_dagrun for latest_only to 2024-04-15 12:00:00+00:00, run_after=2024-04-15 16:00:00+00:00
[2024-04-15T17:15:08.568+0000] {processor.py:183} INFO - Processing /home/airflow/.local/lib/python3.12/site-packages/airflow/example_dags/example_latest_only.py took 0.035 seconds
[2024-04-15T17:15:38.918+0000] {processor.py:161} INFO - Started process (PID=424) to work on /home/airflow/.local/lib/python3.12/site-packages/airflow/example_dags/example_latest_only.py
[2024-04-15T17:15:38.919+0000] {processor.py:830} INFO - Processing file /home/airflow/.local/lib/python3.12/site-packages/airflow/example_dags/example_latest_only.py for tasks to queue
[2024-04-15T17:15:38.919+0000] {logging_mixin.py:188} INFO - [2024-04-15T17:15:38.919+0000] {dagbag.py:540} INFO - Filling up the DagBag from /home/airflow/.local/lib/python3.12/site-packages/airflow/example_dags/example_latest_only.py
[2024-04-15T17:15:38.922+0000] {processor.py:840} INFO - DAG(s) 'latest_only' retrieved from /home/airflow/.local/lib/python3.12/site-packages/airflow/example_dags/example_latest_only.py
[2024-04-15T17:15:38.932+0000] {logging_mixin.py:188} INFO - [2024-04-15T17:15:38.932+0000] {dag.py:3096} INFO - Sync 1 DAGs
[2024-04-15T17:15:38.952+0000] {logging_mixin.py:188} INFO - [2024-04-15T17:15:38.952+0000] {dag.py:3954} INFO - Setting next_dagrun for latest_only to 2024-04-15 12:00:00+00:00, run_after=2024-04-15 16:00:00+00:00
[2024-04-15T17:15:38.965+0000] {processor.py:183} INFO - Processing /home/airflow/.local/lib/python3.12/site-packages/airflow/example_dags/example_latest_only.py took 0.051 seconds
[2024-04-15T17:16:09.630+0000] {processor.py:161} INFO - Started process (PID=483) to work on /home/airflow/.local/lib/python3.12/site-packages/airflow/example_dags/example_latest_only.py
[2024-04-15T17:16:09.631+0000] {processor.py:830} INFO - Processing file /home/airflow/.local/lib/python3.12/site-packages/airflow/example_dags/example_latest_only.py for tasks to queue
[2024-04-15T17:16:09.632+0000] {logging_mixin.py:188} INFO - [2024-04-15T17:16:09.632+0000] {dagbag.py:540} INFO - Filling up the DagBag from /home/airflow/.local/lib/python3.12/site-packages/airflow/example_dags/example_latest_only.py
[2024-04-15T17:16:09.638+0000] {processor.py:840} INFO - DAG(s) 'latest_only' retrieved from /home/airflow/.local/lib/python3.12/site-packages/airflow/example_dags/example_latest_only.py
[2024-04-15T17:16:09.653+0000] {logging_mixin.py:188} INFO - [2024-04-15T17:16:09.652+0000] {dag.py:3096} INFO - Sync 1 DAGs
[2024-04-15T17:16:09.666+0000] {logging_mixin.py:188} INFO - [2024-04-15T17:16:09.666+0000] {dag.py:3954} INFO - Setting next_dagrun for latest_only to 2024-04-15 12:00:00+00:00, run_after=2024-04-15 16:00:00+00:00
[2024-04-15T17:16:09.676+0000] {processor.py:183} INFO - Processing /home/airflow/.local/lib/python3.12/site-packages/airflow/example_dags/example_latest_only.py took 0.049 seconds
[2024-04-15T17:16:40.805+0000] {processor.py:161} INFO - Started process (PID=542) to work on /home/airflow/.local/lib/python3.12/site-packages/airflow/example_dags/example_latest_only.py
[2024-04-15T17:16:40.806+0000] {processor.py:830} INFO - Processing file /home/airflow/.local/lib/python3.12/site-packages/airflow/example_dags/example_latest_only.py for tasks to queue
[2024-04-15T17:16:40.806+0000] {logging_mixin.py:188} INFO - [2024-04-15T17:16:40.806+0000] {dagbag.py:540} INFO - Filling up the DagBag from /home/airflow/.local/lib/python3.12/site-packages/airflow/example_dags/example_latest_only.py
[2024-04-15T17:16:40.810+0000] {processor.py:840} INFO - DAG(s) 'latest_only' retrieved from /home/airflow/.local/lib/python3.12/site-packages/airflow/example_dags/example_latest_only.py
[2024-04-15T17:16:40.821+0000] {logging_mixin.py:188} INFO - [2024-04-15T17:16:40.821+0000] {dag.py:3096} INFO - Sync 1 DAGs
[2024-04-15T17:16:40.833+0000] {logging_mixin.py:188} INFO - [2024-04-15T17:16:40.832+0000] {dag.py:3954} INFO - Setting next_dagrun for latest_only to 2024-04-15 12:00:00+00:00, run_after=2024-04-15 16:00:00+00:00
[2024-04-15T17:16:40.841+0000] {processor.py:183} INFO - Processing /home/airflow/.local/lib/python3.12/site-packages/airflow/example_dags/example_latest_only.py took 0.040 seconds
[2024-04-15T17:17:11.955+0000] {processor.py:161} INFO - Started process (PID=601) to work on /home/airflow/.local/lib/python3.12/site-packages/airflow/example_dags/example_latest_only.py
[2024-04-15T17:17:11.956+0000] {processor.py:830} INFO - Processing file /home/airflow/.local/lib/python3.12/site-packages/airflow/example_dags/example_latest_only.py for tasks to queue
[2024-04-15T17:17:11.957+0000] {logging_mixin.py:188} INFO - [2024-04-15T17:17:11.957+0000] {dagbag.py:540} INFO - Filling up the DagBag from /home/airflow/.local/lib/python3.12/site-packages/airflow/example_dags/example_latest_only.py
[2024-04-15T17:17:11.962+0000] {processor.py:840} INFO - DAG(s) 'latest_only' retrieved from /home/airflow/.local/lib/python3.12/site-packages/airflow/example_dags/example_latest_only.py
[2024-04-15T17:17:11.979+0000] {logging_mixin.py:188} INFO - [2024-04-15T17:17:11.978+0000] {dag.py:3096} INFO - Sync 1 DAGs
[2024-04-15T17:17:12.002+0000] {logging_mixin.py:188} INFO - [2024-04-15T17:17:12.002+0000] {dag.py:3954} INFO - Setting next_dagrun for latest_only to 2024-04-15 12:00:00+00:00, run_after=2024-04-15 16:00:00+00:00
[2024-04-15T17:17:12.020+0000] {processor.py:183} INFO - Processing /home/airflow/.local/lib/python3.12/site-packages/airflow/example_dags/example_latest_only.py took 0.070 seconds
[2024-04-15T17:17:42.064+0000] {processor.py:161} INFO - Started process (PID=658) to work on /home/airflow/.local/lib/python3.12/site-packages/airflow/example_dags/example_latest_only.py
[2024-04-15T17:17:42.065+0000] {processor.py:830} INFO - Processing file /home/airflow/.local/lib/python3.12/site-packages/airflow/example_dags/example_latest_only.py for tasks to queue
[2024-04-15T17:17:42.066+0000] {logging_mixin.py:188} INFO - [2024-04-15T17:17:42.066+0000] {dagbag.py:540} INFO - Filling up the DagBag from /home/airflow/.local/lib/python3.12/site-packages/airflow/example_dags/example_latest_only.py
[2024-04-15T17:17:42.071+0000] {processor.py:840} INFO - DAG(s) 'latest_only' retrieved from /home/airflow/.local/lib/python3.12/site-packages/airflow/example_dags/example_latest_only.py
[2024-04-15T17:17:42.087+0000] {logging_mixin.py:188} INFO - [2024-04-15T17:17:42.087+0000] {dag.py:3096} INFO - Sync 1 DAGs
[2024-04-15T17:17:42.113+0000] {logging_mixin.py:188} INFO - [2024-04-15T17:17:42.113+0000] {dag.py:3954} INFO - Setting next_dagrun for latest_only to 2024-04-15 12:00:00+00:00, run_after=2024-04-15 16:00:00+00:00
[2024-04-15T17:17:42.125+0000] {processor.py:183} INFO - Processing /home/airflow/.local/lib/python3.12/site-packages/airflow/example_dags/example_latest_only.py took 0.066 seconds
[2024-04-15T17:18:13.248+0000] {processor.py:161} INFO - Started process (PID=718) to work on /home/airflow/.local/lib/python3.12/site-packages/airflow/example_dags/example_latest_only.py
[2024-04-15T17:18:13.249+0000] {processor.py:830} INFO - Processing file /home/airflow/.local/lib/python3.12/site-packages/airflow/example_dags/example_latest_only.py for tasks to queue
[2024-04-15T17:18:13.250+0000] {logging_mixin.py:188} INFO - [2024-04-15T17:18:13.249+0000] {dagbag.py:540} INFO - Filling up the DagBag from /home/airflow/.local/lib/python3.12/site-packages/airflow/example_dags/example_latest_only.py
[2024-04-15T17:18:13.253+0000] {processor.py:840} INFO - DAG(s) 'latest_only' retrieved from /home/airflow/.local/lib/python3.12/site-packages/airflow/example_dags/example_latest_only.py
[2024-04-15T17:18:13.266+0000] {logging_mixin.py:188} INFO - [2024-04-15T17:18:13.266+0000] {dag.py:3096} INFO - Sync 1 DAGs
[2024-04-15T17:18:13.296+0000] {logging_mixin.py:188} INFO - [2024-04-15T17:18:13.295+0000] {dag.py:3954} INFO - Setting next_dagrun for latest_only to 2024-04-15 12:00:00+00:00, run_after=2024-04-15 16:00:00+00:00
[2024-04-15T17:18:13.310+0000] {processor.py:183} INFO - Processing /home/airflow/.local/lib/python3.12/site-packages/airflow/example_dags/example_latest_only.py took 0.067 seconds
[2024-04-15T17:18:44.519+0000] {processor.py:161} INFO - Started process (PID=777) to work on /home/airflow/.local/lib/python3.12/site-packages/airflow/example_dags/example_latest_only.py
[2024-04-15T17:18:44.520+0000] {processor.py:830} INFO - Processing file /home/airflow/.local/lib/python3.12/site-packages/airflow/example_dags/example_latest_only.py for tasks to queue
[2024-04-15T17:18:44.521+0000] {logging_mixin.py:188} INFO - [2024-04-15T17:18:44.520+0000] {dagbag.py:540} INFO - Filling up the DagBag from /home/airflow/.local/lib/python3.12/site-packages/airflow/example_dags/example_latest_only.py
[2024-04-15T17:18:44.524+0000] {processor.py:840} INFO - DAG(s) 'latest_only' retrieved from /home/airflow/.local/lib/python3.12/site-packages/airflow/example_dags/example_latest_only.py
[2024-04-15T17:18:44.535+0000] {logging_mixin.py:188} INFO - [2024-04-15T17:18:44.535+0000] {dag.py:3096} INFO - Sync 1 DAGs
[2024-04-15T17:18:44.545+0000] {logging_mixin.py:188} INFO - [2024-04-15T17:18:44.545+0000] {dag.py:3954} INFO - Setting next_dagrun for latest_only to 2024-04-15 12:00:00+00:00, run_after=2024-04-15 16:00:00+00:00
[2024-04-15T17:18:44.553+0000] {processor.py:183} INFO - Processing /home/airflow/.local/lib/python3.12/site-packages/airflow/example_dags/example_latest_only.py took 0.037 seconds
[2024-04-15T17:19:15.323+0000] {processor.py:161} INFO - Started process (PID=836) to work on /home/airflow/.local/lib/python3.12/site-packages/airflow/example_dags/example_latest_only.py
[2024-04-15T17:19:15.324+0000] {processor.py:830} INFO - Processing file /home/airflow/.local/lib/python3.12/site-packages/airflow/example_dags/example_latest_only.py for tasks to queue
[2024-04-15T17:19:15.324+0000] {logging_mixin.py:188} INFO - [2024-04-15T17:19:15.324+0000] {dagbag.py:540} INFO - Filling up the DagBag from /home/airflow/.local/lib/python3.12/site-packages/airflow/example_dags/example_latest_only.py
[2024-04-15T17:19:15.328+0000] {processor.py:840} INFO - DAG(s) 'latest_only' retrieved from /home/airflow/.local/lib/python3.12/site-packages/airflow/example_dags/example_latest_only.py
[2024-04-15T17:19:15.338+0000] {logging_mixin.py:188} INFO - [2024-04-15T17:19:15.338+0000] {dag.py:3096} INFO - Sync 1 DAGs
[2024-04-15T17:19:15.348+0000] {logging_mixin.py:188} INFO - [2024-04-15T17:19:15.348+0000] {dag.py:3954} INFO - Setting next_dagrun for latest_only to 2024-04-15 12:00:00+00:00, run_after=2024-04-15 16:00:00+00:00
[2024-04-15T17:19:15.358+0000] {processor.py:183} INFO - Processing /home/airflow/.local/lib/python3.12/site-packages/airflow/example_dags/example_latest_only.py took 0.037 seconds
[2024-04-15T17:19:46.250+0000] {processor.py:161} INFO - Started process (PID=895) to work on /home/airflow/.local/lib/python3.12/site-packages/airflow/example_dags/example_latest_only.py
[2024-04-15T17:19:46.251+0000] {processor.py:830} INFO - Processing file /home/airflow/.local/lib/python3.12/site-packages/airflow/example_dags/example_latest_only.py for tasks to queue
[2024-04-15T17:19:46.252+0000] {logging_mixin.py:188} INFO - [2024-04-15T17:19:46.252+0000] {dagbag.py:540} INFO - Filling up the DagBag from /home/airflow/.local/lib/python3.12/site-packages/airflow/example_dags/example_latest_only.py
[2024-04-15T17:19:46.255+0000] {processor.py:840} INFO - DAG(s) 'latest_only' retrieved from /home/airflow/.local/lib/python3.12/site-packages/airflow/example_dags/example_latest_only.py
[2024-04-15T17:19:46.268+0000] {logging_mixin.py:188} INFO - [2024-04-15T17:19:46.268+0000] {dag.py:3096} INFO - Sync 1 DAGs
[2024-04-15T17:19:46.279+0000] {logging_mixin.py:188} INFO - [2024-04-15T17:19:46.279+0000] {dag.py:3954} INFO - Setting next_dagrun for latest_only to 2024-04-15 12:00:00+00:00, run_after=2024-04-15 16:00:00+00:00
[2024-04-15T17:19:46.287+0000] {processor.py:183} INFO - Processing /home/airflow/.local/lib/python3.12/site-packages/airflow/example_dags/example_latest_only.py took 0.044 seconds
[2024-04-15T17:20:16.766+0000] {processor.py:161} INFO - Started process (PID=954) to work on /home/airflow/.local/lib/python3.12/site-packages/airflow/example_dags/example_latest_only.py
[2024-04-15T17:20:16.767+0000] {processor.py:830} INFO - Processing file /home/airflow/.local/lib/python3.12/site-packages/airflow/example_dags/example_latest_only.py for tasks to queue
[2024-04-15T17:20:16.768+0000] {logging_mixin.py:188} INFO - [2024-04-15T17:20:16.768+0000] {dagbag.py:540} INFO - Filling up the DagBag from /home/airflow/.local/lib/python3.12/site-packages/airflow/example_dags/example_latest_only.py
[2024-04-15T17:20:16.771+0000] {processor.py:840} INFO - DAG(s) 'latest_only' retrieved from /home/airflow/.local/lib/python3.12/site-packages/airflow/example_dags/example_latest_only.py
[2024-04-15T17:20:16.781+0000] {logging_mixin.py:188} INFO - [2024-04-15T17:20:16.781+0000] {dag.py:3096} INFO - Sync 1 DAGs
[2024-04-15T17:20:16.791+0000] {logging_mixin.py:188} INFO - [2024-04-15T17:20:16.791+0000] {dag.py:3954} INFO - Setting next_dagrun for latest_only to 2024-04-15 12:00:00+00:00, run_after=2024-04-15 16:00:00+00:00
[2024-04-15T17:20:16.933+0000] {processor.py:183} INFO - Processing /home/airflow/.local/lib/python3.12/site-packages/airflow/example_dags/example_latest_only.py took 0.170 seconds
[2024-04-15T17:20:47.050+0000] {processor.py:161} INFO - Started process (PID=1013) to work on /home/airflow/.local/lib/python3.12/site-packages/airflow/example_dags/example_latest_only.py
[2024-04-15T17:20:47.051+0000] {processor.py:830} INFO - Processing file /home/airflow/.local/lib/python3.12/site-packages/airflow/example_dags/example_latest_only.py for tasks to queue
[2024-04-15T17:20:47.051+0000] {logging_mixin.py:188} INFO - [2024-04-15T17:20:47.051+0000] {dagbag.py:540} INFO - Filling up the DagBag from /home/airflow/.local/lib/python3.12/site-packages/airflow/example_dags/example_latest_only.py
[2024-04-15T17:20:47.056+0000] {processor.py:840} INFO - DAG(s) 'latest_only' retrieved from /home/airflow/.local/lib/python3.12/site-packages/airflow/example_dags/example_latest_only.py
[2024-04-15T17:20:47.069+0000] {logging_mixin.py:188} INFO - [2024-04-15T17:20:47.068+0000] {dag.py:3096} INFO - Sync 1 DAGs
[2024-04-15T17:20:47.093+0000] {logging_mixin.py:188} INFO - [2024-04-15T17:20:47.093+0000] {dag.py:3954} INFO - Setting next_dagrun for latest_only to 2024-04-15 12:00:00+00:00, run_after=2024-04-15 16:00:00+00:00
[2024-04-15T17:20:47.113+0000] {processor.py:183} INFO - Processing /home/airflow/.local/lib/python3.12/site-packages/airflow/example_dags/example_latest_only.py took 0.066 seconds
[2024-04-15T17:21:17.175+0000] {processor.py:161} INFO - Started process (PID=1071) to work on /home/airflow/.local/lib/python3.12/site-packages/airflow/example_dags/example_latest_only.py
[2024-04-15T17:21:17.176+0000] {processor.py:830} INFO - Processing file /home/airflow/.local/lib/python3.12/site-packages/airflow/example_dags/example_latest_only.py for tasks to queue
[2024-04-15T17:21:17.176+0000] {logging_mixin.py:188} INFO - [2024-04-15T17:21:17.176+0000] {dagbag.py:540} INFO - Filling up the DagBag from /home/airflow/.local/lib/python3.12/site-packages/airflow/example_dags/example_latest_only.py
[2024-04-15T17:21:17.180+0000] {processor.py:840} INFO - DAG(s) 'latest_only' retrieved from /home/airflow/.local/lib/python3.12/site-packages/airflow/example_dags/example_latest_only.py
[2024-04-15T17:21:17.195+0000] {logging_mixin.py:188} INFO - [2024-04-15T17:21:17.195+0000] {dag.py:3096} INFO - Sync 1 DAGs
[2024-04-15T17:21:17.207+0000] {logging_mixin.py:188} INFO - [2024-04-15T17:21:17.207+0000] {dag.py:3954} INFO - Setting next_dagrun for latest_only to 2024-04-15 12:00:00+00:00, run_after=2024-04-15 16:00:00+00:00
[2024-04-15T17:21:17.214+0000] {processor.py:183} INFO - Processing /home/airflow/.local/lib/python3.12/site-packages/airflow/example_dags/example_latest_only.py took 0.044 seconds
[2024-04-15T17:21:47.350+0000] {processor.py:161} INFO - Started process (PID=1130) to work on /home/airflow/.local/lib/python3.12/site-packages/airflow/example_dags/example_latest_only.py
[2024-04-15T17:21:47.351+0000] {processor.py:830} INFO - Processing file /home/airflow/.local/lib/python3.12/site-packages/airflow/example_dags/example_latest_only.py for tasks to queue
[2024-04-15T17:21:47.352+0000] {logging_mixin.py:188} INFO - [2024-04-15T17:21:47.351+0000] {dagbag.py:540} INFO - Filling up the DagBag from /home/airflow/.local/lib/python3.12/site-packages/airflow/example_dags/example_latest_only.py
[2024-04-15T17:21:47.356+0000] {processor.py:840} INFO - DAG(s) 'latest_only' retrieved from /home/airflow/.local/lib/python3.12/site-packages/airflow/example_dags/example_latest_only.py
[2024-04-15T17:21:47.367+0000] {logging_mixin.py:188} INFO - [2024-04-15T17:21:47.367+0000] {dag.py:3096} INFO - Sync 1 DAGs
[2024-04-15T17:21:47.381+0000] {logging_mixin.py:188} INFO - [2024-04-15T17:21:47.381+0000] {dag.py:3954} INFO - Setting next_dagrun for latest_only to 2024-04-15 12:00:00+00:00, run_after=2024-04-15 16:00:00+00:00
[2024-04-15T17:21:47.391+0000] {processor.py:183} INFO - Processing /home/airflow/.local/lib/python3.12/site-packages/airflow/example_dags/example_latest_only.py took 0.044 seconds
[2024-04-15T17:22:53.905+0000] {processor.py:161} INFO - Started process (PID=71) to work on /home/airflow/.local/lib/python3.12/site-packages/airflow/example_dags/example_latest_only.py
[2024-04-15T17:22:53.908+0000] {processor.py:830} INFO - Processing file /home/airflow/.local/lib/python3.12/site-packages/airflow/example_dags/example_latest_only.py for tasks to queue
[2024-04-15T17:22:53.912+0000] {logging_mixin.py:188} INFO - [2024-04-15T17:22:53.912+0000] {dagbag.py:540} INFO - Filling up the DagBag from /home/airflow/.local/lib/python3.12/site-packages/airflow/example_dags/example_latest_only.py
[2024-04-15T17:22:53.927+0000] {processor.py:840} INFO - DAG(s) 'latest_only' retrieved from /home/airflow/.local/lib/python3.12/site-packages/airflow/example_dags/example_latest_only.py
[2024-04-15T17:22:53.980+0000] {logging_mixin.py:188} INFO - [2024-04-15T17:22:53.979+0000] {dag.py:3096} INFO - Sync 1 DAGs
[2024-04-15T17:22:54.018+0000] {logging_mixin.py:188} INFO - [2024-04-15T17:22:54.018+0000] {dag.py:3954} INFO - Setting next_dagrun for latest_only to 2024-04-15 12:00:00+00:00, run_after=2024-04-15 16:00:00+00:00
[2024-04-15T17:22:54.063+0000] {processor.py:183} INFO - Processing /home/airflow/.local/lib/python3.12/site-packages/airflow/example_dags/example_latest_only.py took 0.177 seconds
[2024-04-15T17:23:27.385+0000] {processor.py:161} INFO - Started process (PID=136) to work on /home/airflow/.local/lib/python3.12/site-packages/airflow/example_dags/example_latest_only.py
[2024-04-15T17:23:27.388+0000] {processor.py:830} INFO - Processing file /home/airflow/.local/lib/python3.12/site-packages/airflow/example_dags/example_latest_only.py for tasks to queue
[2024-04-15T17:23:27.391+0000] {logging_mixin.py:188} INFO - [2024-04-15T17:23:27.391+0000] {dagbag.py:540} INFO - Filling up the DagBag from /home/airflow/.local/lib/python3.12/site-packages/airflow/example_dags/example_latest_only.py
[2024-04-15T17:23:27.398+0000] {processor.py:840} INFO - DAG(s) 'latest_only' retrieved from /home/airflow/.local/lib/python3.12/site-packages/airflow/example_dags/example_latest_only.py
[2024-04-15T17:23:27.485+0000] {logging_mixin.py:188} INFO - [2024-04-15T17:23:27.485+0000] {dag.py:3096} INFO - Sync 1 DAGs
[2024-04-15T17:23:27.498+0000] {logging_mixin.py:188} INFO - [2024-04-15T17:23:27.498+0000] {dag.py:3954} INFO - Setting next_dagrun for latest_only to 2024-04-15 12:00:00+00:00, run_after=2024-04-15 16:00:00+00:00
[2024-04-15T17:23:27.519+0000] {processor.py:183} INFO - Processing /home/airflow/.local/lib/python3.12/site-packages/airflow/example_dags/example_latest_only.py took 0.142 seconds
[2024-04-15T17:23:58.443+0000] {processor.py:161} INFO - Started process (PID=195) to work on /home/airflow/.local/lib/python3.12/site-packages/airflow/example_dags/example_latest_only.py
[2024-04-15T17:23:58.444+0000] {processor.py:830} INFO - Processing file /home/airflow/.local/lib/python3.12/site-packages/airflow/example_dags/example_latest_only.py for tasks to queue
[2024-04-15T17:23:58.445+0000] {logging_mixin.py:188} INFO - [2024-04-15T17:23:58.445+0000] {dagbag.py:540} INFO - Filling up the DagBag from /home/airflow/.local/lib/python3.12/site-packages/airflow/example_dags/example_latest_only.py
[2024-04-15T17:23:58.448+0000] {processor.py:840} INFO - DAG(s) 'latest_only' retrieved from /home/airflow/.local/lib/python3.12/site-packages/airflow/example_dags/example_latest_only.py
[2024-04-15T17:23:58.460+0000] {logging_mixin.py:188} INFO - [2024-04-15T17:23:58.460+0000] {dag.py:3096} INFO - Sync 1 DAGs
[2024-04-15T17:23:58.483+0000] {logging_mixin.py:188} INFO - [2024-04-15T17:23:58.483+0000] {dag.py:3954} INFO - Setting next_dagrun for latest_only to 2024-04-15 12:00:00+00:00, run_after=2024-04-15 16:00:00+00:00
[2024-04-15T17:23:58.497+0000] {processor.py:183} INFO - Processing /home/airflow/.local/lib/python3.12/site-packages/airflow/example_dags/example_latest_only.py took 0.059 seconds
[2024-04-15T17:24:28.826+0000] {processor.py:161} INFO - Started process (PID=255) to work on /home/airflow/.local/lib/python3.12/site-packages/airflow/example_dags/example_latest_only.py
[2024-04-15T17:24:28.828+0000] {processor.py:830} INFO - Processing file /home/airflow/.local/lib/python3.12/site-packages/airflow/example_dags/example_latest_only.py for tasks to queue
[2024-04-15T17:24:28.830+0000] {logging_mixin.py:188} INFO - [2024-04-15T17:24:28.830+0000] {dagbag.py:540} INFO - Filling up the DagBag from /home/airflow/.local/lib/python3.12/site-packages/airflow/example_dags/example_latest_only.py
[2024-04-15T17:24:28.833+0000] {processor.py:840} INFO - DAG(s) 'latest_only' retrieved from /home/airflow/.local/lib/python3.12/site-packages/airflow/example_dags/example_latest_only.py
[2024-04-15T17:24:28.865+0000] {logging_mixin.py:188} INFO - [2024-04-15T17:24:28.865+0000] {dag.py:3096} INFO - Sync 1 DAGs
[2024-04-15T17:24:28.896+0000] {logging_mixin.py:188} INFO - [2024-04-15T17:24:28.896+0000] {dag.py:3954} INFO - Setting next_dagrun for latest_only to 2024-04-15 12:00:00+00:00, run_after=2024-04-15 16:00:00+00:00
[2024-04-15T17:24:28.958+0000] {processor.py:183} INFO - Processing /home/airflow/.local/lib/python3.12/site-packages/airflow/example_dags/example_latest_only.py took 0.136 seconds
[2024-04-15T17:25:00.200+0000] {processor.py:161} INFO - Started process (PID=315) to work on /home/airflow/.local/lib/python3.12/site-packages/airflow/example_dags/example_latest_only.py
[2024-04-15T17:25:00.202+0000] {processor.py:830} INFO - Processing file /home/airflow/.local/lib/python3.12/site-packages/airflow/example_dags/example_latest_only.py for tasks to queue
[2024-04-15T17:25:00.205+0000] {logging_mixin.py:188} INFO - [2024-04-15T17:25:00.205+0000] {dagbag.py:540} INFO - Filling up the DagBag from /home/airflow/.local/lib/python3.12/site-packages/airflow/example_dags/example_latest_only.py
[2024-04-15T17:25:00.224+0000] {processor.py:840} INFO - DAG(s) 'latest_only' retrieved from /home/airflow/.local/lib/python3.12/site-packages/airflow/example_dags/example_latest_only.py
[2024-04-15T17:25:00.305+0000] {logging_mixin.py:188} INFO - [2024-04-15T17:25:00.304+0000] {dag.py:3096} INFO - Sync 1 DAGs
[2024-04-15T17:25:00.401+0000] {logging_mixin.py:188} INFO - [2024-04-15T17:25:00.400+0000] {dag.py:3954} INFO - Setting next_dagrun for latest_only to 2024-04-15 12:00:00+00:00, run_after=2024-04-15 16:00:00+00:00
[2024-04-15T17:25:00.429+0000] {processor.py:183} INFO - Processing /home/airflow/.local/lib/python3.12/site-packages/airflow/example_dags/example_latest_only.py took 0.234 seconds
[2024-04-15T17:26:35.700+0000] {processor.py:161} INFO - Started process (PID=82) to work on /home/airflow/.local/lib/python3.12/site-packages/airflow/example_dags/example_latest_only.py
[2024-04-15T17:26:35.702+0000] {processor.py:830} INFO - Processing file /home/airflow/.local/lib/python3.12/site-packages/airflow/example_dags/example_latest_only.py for tasks to queue
[2024-04-15T17:26:35.705+0000] {logging_mixin.py:188} INFO - [2024-04-15T17:26:35.704+0000] {dagbag.py:540} INFO - Filling up the DagBag from /home/airflow/.local/lib/python3.12/site-packages/airflow/example_dags/example_latest_only.py
[2024-04-15T17:26:35.711+0000] {processor.py:840} INFO - DAG(s) 'latest_only' retrieved from /home/airflow/.local/lib/python3.12/site-packages/airflow/example_dags/example_latest_only.py
[2024-04-15T17:26:38.932+0000] {logging_mixin.py:188} INFO - [2024-04-15T17:26:38.925+0000] {dag.py:3096} INFO - Sync 1 DAGs
[2024-04-15T17:26:39.217+0000] {logging_mixin.py:188} INFO - [2024-04-15T17:26:39.215+0000] {dag.py:3954} INFO - Setting next_dagrun for latest_only to 2024-04-15 12:00:00+00:00, run_after=2024-04-15 16:00:00+00:00
[2024-04-15T17:26:39.385+0000] {processor.py:183} INFO - Processing /home/airflow/.local/lib/python3.12/site-packages/airflow/example_dags/example_latest_only.py took 3.689 seconds
[2024-04-15T17:27:10.347+0000] {processor.py:161} INFO - Started process (PID=142) to work on /home/airflow/.local/lib/python3.12/site-packages/airflow/example_dags/example_latest_only.py
[2024-04-15T17:27:10.349+0000] {processor.py:830} INFO - Processing file /home/airflow/.local/lib/python3.12/site-packages/airflow/example_dags/example_latest_only.py for tasks to queue
[2024-04-15T17:27:10.353+0000] {logging_mixin.py:188} INFO - [2024-04-15T17:27:10.353+0000] {dagbag.py:540} INFO - Filling up the DagBag from /home/airflow/.local/lib/python3.12/site-packages/airflow/example_dags/example_latest_only.py
[2024-04-15T17:27:10.361+0000] {processor.py:840} INFO - DAG(s) 'latest_only' retrieved from /home/airflow/.local/lib/python3.12/site-packages/airflow/example_dags/example_latest_only.py
[2024-04-15T17:27:10.390+0000] {logging_mixin.py:188} INFO - [2024-04-15T17:27:10.390+0000] {dag.py:3096} INFO - Sync 1 DAGs
[2024-04-15T17:27:10.415+0000] {logging_mixin.py:188} INFO - [2024-04-15T17:27:10.414+0000] {dag.py:3954} INFO - Setting next_dagrun for latest_only to 2024-04-15 12:00:00+00:00, run_after=2024-04-15 16:00:00+00:00
[2024-04-15T17:27:10.425+0000] {processor.py:183} INFO - Processing /home/airflow/.local/lib/python3.12/site-packages/airflow/example_dags/example_latest_only.py took 0.085 seconds
[2024-04-15T17:27:41.012+0000] {processor.py:161} INFO - Started process (PID=202) to work on /home/airflow/.local/lib/python3.12/site-packages/airflow/example_dags/example_latest_only.py
[2024-04-15T17:27:41.018+0000] {processor.py:830} INFO - Processing file /home/airflow/.local/lib/python3.12/site-packages/airflow/example_dags/example_latest_only.py for tasks to queue
[2024-04-15T17:27:41.036+0000] {logging_mixin.py:188} INFO - [2024-04-15T17:27:41.030+0000] {dagbag.py:540} INFO - Filling up the DagBag from /home/airflow/.local/lib/python3.12/site-packages/airflow/example_dags/example_latest_only.py
[2024-04-15T17:27:41.111+0000] {processor.py:840} INFO - DAG(s) 'latest_only' retrieved from /home/airflow/.local/lib/python3.12/site-packages/airflow/example_dags/example_latest_only.py
[2024-04-15T17:27:41.245+0000] {logging_mixin.py:188} INFO - [2024-04-15T17:27:41.245+0000] {dag.py:3096} INFO - Sync 1 DAGs
[2024-04-15T17:27:41.313+0000] {logging_mixin.py:188} INFO - [2024-04-15T17:27:41.312+0000] {dag.py:3954} INFO - Setting next_dagrun for latest_only to 2024-04-15 12:00:00+00:00, run_after=2024-04-15 16:00:00+00:00
[2024-04-15T17:27:41.328+0000] {processor.py:183} INFO - Processing /home/airflow/.local/lib/python3.12/site-packages/airflow/example_dags/example_latest_only.py took 0.355 seconds
[2024-04-15T17:28:11.577+0000] {processor.py:161} INFO - Started process (PID=262) to work on /home/airflow/.local/lib/python3.12/site-packages/airflow/example_dags/example_latest_only.py
[2024-04-15T17:28:11.579+0000] {processor.py:830} INFO - Processing file /home/airflow/.local/lib/python3.12/site-packages/airflow/example_dags/example_latest_only.py for tasks to queue
[2024-04-15T17:28:11.583+0000] {logging_mixin.py:188} INFO - [2024-04-15T17:28:11.582+0000] {dagbag.py:540} INFO - Filling up the DagBag from /home/airflow/.local/lib/python3.12/site-packages/airflow/example_dags/example_latest_only.py
[2024-04-15T17:28:11.594+0000] {processor.py:840} INFO - DAG(s) 'latest_only' retrieved from /home/airflow/.local/lib/python3.12/site-packages/airflow/example_dags/example_latest_only.py
[2024-04-15T17:28:11.627+0000] {logging_mixin.py:188} INFO - [2024-04-15T17:28:11.627+0000] {dag.py:3096} INFO - Sync 1 DAGs
[2024-04-15T17:28:11.644+0000] {logging_mixin.py:188} INFO - [2024-04-15T17:28:11.644+0000] {dag.py:3954} INFO - Setting next_dagrun for latest_only to 2024-04-15 12:00:00+00:00, run_after=2024-04-15 16:00:00+00:00
[2024-04-15T17:28:11.654+0000] {processor.py:183} INFO - Processing /home/airflow/.local/lib/python3.12/site-packages/airflow/example_dags/example_latest_only.py took 0.091 seconds
[2024-04-15T17:28:41.822+0000] {processor.py:161} INFO - Started process (PID=322) to work on /home/airflow/.local/lib/python3.12/site-packages/airflow/example_dags/example_latest_only.py
[2024-04-15T17:28:41.824+0000] {processor.py:830} INFO - Processing file /home/airflow/.local/lib/python3.12/site-packages/airflow/example_dags/example_latest_only.py for tasks to queue
[2024-04-15T17:28:41.828+0000] {logging_mixin.py:188} INFO - [2024-04-15T17:28:41.827+0000] {dagbag.py:540} INFO - Filling up the DagBag from /home/airflow/.local/lib/python3.12/site-packages/airflow/example_dags/example_latest_only.py
[2024-04-15T17:28:41.837+0000] {processor.py:840} INFO - DAG(s) 'latest_only' retrieved from /home/airflow/.local/lib/python3.12/site-packages/airflow/example_dags/example_latest_only.py
[2024-04-15T17:28:41.872+0000] {logging_mixin.py:188} INFO - [2024-04-15T17:28:41.871+0000] {dag.py:3096} INFO - Sync 1 DAGs
[2024-04-15T17:28:41.891+0000] {logging_mixin.py:188} INFO - [2024-04-15T17:28:41.890+0000] {dag.py:3954} INFO - Setting next_dagrun for latest_only to 2024-04-15 12:00:00+00:00, run_after=2024-04-15 16:00:00+00:00
[2024-04-15T17:28:41.901+0000] {processor.py:183} INFO - Processing /home/airflow/.local/lib/python3.12/site-packages/airflow/example_dags/example_latest_only.py took 0.094 seconds
[2024-04-15T17:29:12.600+0000] {processor.py:161} INFO - Started process (PID=382) to work on /home/airflow/.local/lib/python3.12/site-packages/airflow/example_dags/example_latest_only.py
[2024-04-15T17:29:12.602+0000] {processor.py:830} INFO - Processing file /home/airflow/.local/lib/python3.12/site-packages/airflow/example_dags/example_latest_only.py for tasks to queue
[2024-04-15T17:29:12.607+0000] {logging_mixin.py:188} INFO - [2024-04-15T17:29:12.607+0000] {dagbag.py:540} INFO - Filling up the DagBag from /home/airflow/.local/lib/python3.12/site-packages/airflow/example_dags/example_latest_only.py
[2024-04-15T17:29:12.618+0000] {processor.py:840} INFO - DAG(s) 'latest_only' retrieved from /home/airflow/.local/lib/python3.12/site-packages/airflow/example_dags/example_latest_only.py
[2024-04-15T17:29:12.659+0000] {logging_mixin.py:188} INFO - [2024-04-15T17:29:12.659+0000] {dag.py:3096} INFO - Sync 1 DAGs
[2024-04-15T17:29:12.683+0000] {logging_mixin.py:188} INFO - [2024-04-15T17:29:12.683+0000] {dag.py:3954} INFO - Setting next_dagrun for latest_only to 2024-04-15 12:00:00+00:00, run_after=2024-04-15 16:00:00+00:00
[2024-04-15T17:29:12.696+0000] {processor.py:183} INFO - Processing /home/airflow/.local/lib/python3.12/site-packages/airflow/example_dags/example_latest_only.py took 0.112 seconds
[2024-04-15T17:29:43.315+0000] {processor.py:161} INFO - Started process (PID=442) to work on /home/airflow/.local/lib/python3.12/site-packages/airflow/example_dags/example_latest_only.py
[2024-04-15T17:29:43.317+0000] {processor.py:830} INFO - Processing file /home/airflow/.local/lib/python3.12/site-packages/airflow/example_dags/example_latest_only.py for tasks to queue
[2024-04-15T17:29:43.321+0000] {logging_mixin.py:188} INFO - [2024-04-15T17:29:43.320+0000] {dagbag.py:540} INFO - Filling up the DagBag from /home/airflow/.local/lib/python3.12/site-packages/airflow/example_dags/example_latest_only.py
[2024-04-15T17:29:43.329+0000] {processor.py:840} INFO - DAG(s) 'latest_only' retrieved from /home/airflow/.local/lib/python3.12/site-packages/airflow/example_dags/example_latest_only.py
[2024-04-15T17:29:43.355+0000] {logging_mixin.py:188} INFO - [2024-04-15T17:29:43.355+0000] {dag.py:3096} INFO - Sync 1 DAGs
[2024-04-15T17:29:43.380+0000] {logging_mixin.py:188} INFO - [2024-04-15T17:29:43.380+0000] {dag.py:3954} INFO - Setting next_dagrun for latest_only to 2024-04-15 12:00:00+00:00, run_after=2024-04-15 16:00:00+00:00
[2024-04-15T17:29:43.391+0000] {processor.py:183} INFO - Processing /home/airflow/.local/lib/python3.12/site-packages/airflow/example_dags/example_latest_only.py took 0.091 seconds
[2024-04-15T17:30:14.170+0000] {processor.py:161} INFO - Started process (PID=502) to work on /home/airflow/.local/lib/python3.12/site-packages/airflow/example_dags/example_latest_only.py
[2024-04-15T17:30:14.174+0000] {processor.py:830} INFO - Processing file /home/airflow/.local/lib/python3.12/site-packages/airflow/example_dags/example_latest_only.py for tasks to queue
[2024-04-15T17:30:14.179+0000] {logging_mixin.py:188} INFO - [2024-04-15T17:30:14.178+0000] {dagbag.py:540} INFO - Filling up the DagBag from /home/airflow/.local/lib/python3.12/site-packages/airflow/example_dags/example_latest_only.py
[2024-04-15T17:30:14.190+0000] {processor.py:840} INFO - DAG(s) 'latest_only' retrieved from /home/airflow/.local/lib/python3.12/site-packages/airflow/example_dags/example_latest_only.py
[2024-04-15T17:30:14.212+0000] {logging_mixin.py:188} INFO - [2024-04-15T17:30:14.212+0000] {dag.py:3096} INFO - Sync 1 DAGs
[2024-04-15T17:30:14.241+0000] {logging_mixin.py:188} INFO - [2024-04-15T17:30:14.241+0000] {dag.py:3954} INFO - Setting next_dagrun for latest_only to 2024-04-15 12:00:00+00:00, run_after=2024-04-15 16:00:00+00:00
[2024-04-15T17:30:14.251+0000] {processor.py:183} INFO - Processing /home/airflow/.local/lib/python3.12/site-packages/airflow/example_dags/example_latest_only.py took 0.112 seconds
[2024-04-15T17:30:44.673+0000] {processor.py:161} INFO - Started process (PID=561) to work on /home/airflow/.local/lib/python3.12/site-packages/airflow/example_dags/example_latest_only.py
[2024-04-15T17:30:44.678+0000] {processor.py:830} INFO - Processing file /home/airflow/.local/lib/python3.12/site-packages/airflow/example_dags/example_latest_only.py for tasks to queue
[2024-04-15T17:30:44.682+0000] {logging_mixin.py:188} INFO - [2024-04-15T17:30:44.681+0000] {dagbag.py:540} INFO - Filling up the DagBag from /home/airflow/.local/lib/python3.12/site-packages/airflow/example_dags/example_latest_only.py
[2024-04-15T17:30:44.691+0000] {processor.py:840} INFO - DAG(s) 'latest_only' retrieved from /home/airflow/.local/lib/python3.12/site-packages/airflow/example_dags/example_latest_only.py
[2024-04-15T17:30:44.711+0000] {logging_mixin.py:188} INFO - [2024-04-15T17:30:44.711+0000] {dag.py:3096} INFO - Sync 1 DAGs
[2024-04-15T17:30:44.741+0000] {logging_mixin.py:188} INFO - [2024-04-15T17:30:44.740+0000] {dag.py:3954} INFO - Setting next_dagrun for latest_only to 2024-04-15 12:00:00+00:00, run_after=2024-04-15 16:00:00+00:00
[2024-04-15T17:30:44.752+0000] {processor.py:183} INFO - Processing /home/airflow/.local/lib/python3.12/site-packages/airflow/example_dags/example_latest_only.py took 0.108 seconds
[2024-04-15T17:31:15.284+0000] {processor.py:161} INFO - Started process (PID=621) to work on /home/airflow/.local/lib/python3.12/site-packages/airflow/example_dags/example_latest_only.py
[2024-04-15T17:31:15.287+0000] {processor.py:830} INFO - Processing file /home/airflow/.local/lib/python3.12/site-packages/airflow/example_dags/example_latest_only.py for tasks to queue
[2024-04-15T17:31:15.293+0000] {logging_mixin.py:188} INFO - [2024-04-15T17:31:15.292+0000] {dagbag.py:540} INFO - Filling up the DagBag from /home/airflow/.local/lib/python3.12/site-packages/airflow/example_dags/example_latest_only.py
[2024-04-15T17:31:15.329+0000] {processor.py:840} INFO - DAG(s) 'latest_only' retrieved from /home/airflow/.local/lib/python3.12/site-packages/airflow/example_dags/example_latest_only.py
[2024-04-15T17:31:15.410+0000] {logging_mixin.py:188} INFO - [2024-04-15T17:31:15.410+0000] {dag.py:3096} INFO - Sync 1 DAGs
[2024-04-15T17:31:15.465+0000] {logging_mixin.py:188} INFO - [2024-04-15T17:31:15.465+0000] {dag.py:3954} INFO - Setting next_dagrun for latest_only to 2024-04-15 12:00:00+00:00, run_after=2024-04-15 16:00:00+00:00
[2024-04-15T17:31:15.492+0000] {processor.py:183} INFO - Processing /home/airflow/.local/lib/python3.12/site-packages/airflow/example_dags/example_latest_only.py took 0.273 seconds
[2024-04-15T17:31:46.058+0000] {processor.py:161} INFO - Started process (PID=681) to work on /home/airflow/.local/lib/python3.12/site-packages/airflow/example_dags/example_latest_only.py
[2024-04-15T17:31:46.060+0000] {processor.py:830} INFO - Processing file /home/airflow/.local/lib/python3.12/site-packages/airflow/example_dags/example_latest_only.py for tasks to queue
[2024-04-15T17:31:46.064+0000] {logging_mixin.py:188} INFO - [2024-04-15T17:31:46.064+0000] {dagbag.py:540} INFO - Filling up the DagBag from /home/airflow/.local/lib/python3.12/site-packages/airflow/example_dags/example_latest_only.py
[2024-04-15T17:31:46.076+0000] {processor.py:840} INFO - DAG(s) 'latest_only' retrieved from /home/airflow/.local/lib/python3.12/site-packages/airflow/example_dags/example_latest_only.py
[2024-04-15T17:31:46.122+0000] {logging_mixin.py:188} INFO - [2024-04-15T17:31:46.122+0000] {dag.py:3096} INFO - Sync 1 DAGs
[2024-04-15T17:31:46.142+0000] {logging_mixin.py:188} INFO - [2024-04-15T17:31:46.142+0000] {dag.py:3954} INFO - Setting next_dagrun for latest_only to 2024-04-15 12:00:00+00:00, run_after=2024-04-15 16:00:00+00:00
[2024-04-15T17:31:46.155+0000] {processor.py:183} INFO - Processing /home/airflow/.local/lib/python3.12/site-packages/airflow/example_dags/example_latest_only.py took 0.116 seconds
[2024-04-15T17:32:16.533+0000] {processor.py:161} INFO - Started process (PID=741) to work on /home/airflow/.local/lib/python3.12/site-packages/airflow/example_dags/example_latest_only.py
[2024-04-15T17:32:16.534+0000] {processor.py:830} INFO - Processing file /home/airflow/.local/lib/python3.12/site-packages/airflow/example_dags/example_latest_only.py for tasks to queue
[2024-04-15T17:32:16.536+0000] {logging_mixin.py:188} INFO - [2024-04-15T17:32:16.535+0000] {dagbag.py:540} INFO - Filling up the DagBag from /home/airflow/.local/lib/python3.12/site-packages/airflow/example_dags/example_latest_only.py
[2024-04-15T17:32:16.540+0000] {processor.py:840} INFO - DAG(s) 'latest_only' retrieved from /home/airflow/.local/lib/python3.12/site-packages/airflow/example_dags/example_latest_only.py
[2024-04-15T17:32:16.569+0000] {logging_mixin.py:188} INFO - [2024-04-15T17:32:16.568+0000] {dag.py:3096} INFO - Sync 1 DAGs
[2024-04-15T17:32:16.593+0000] {logging_mixin.py:188} INFO - [2024-04-15T17:32:16.593+0000] {dag.py:3954} INFO - Setting next_dagrun for latest_only to 2024-04-15 12:00:00+00:00, run_after=2024-04-15 16:00:00+00:00
[2024-04-15T17:32:16.607+0000] {processor.py:183} INFO - Processing /home/airflow/.local/lib/python3.12/site-packages/airflow/example_dags/example_latest_only.py took 0.081 seconds
[2024-04-15T17:32:47.223+0000] {processor.py:161} INFO - Started process (PID=803) to work on /home/airflow/.local/lib/python3.12/site-packages/airflow/example_dags/example_latest_only.py
[2024-04-15T17:32:47.225+0000] {processor.py:830} INFO - Processing file /home/airflow/.local/lib/python3.12/site-packages/airflow/example_dags/example_latest_only.py for tasks to queue
[2024-04-15T17:32:47.228+0000] {logging_mixin.py:188} INFO - [2024-04-15T17:32:47.227+0000] {dagbag.py:540} INFO - Filling up the DagBag from /home/airflow/.local/lib/python3.12/site-packages/airflow/example_dags/example_latest_only.py
[2024-04-15T17:32:47.234+0000] {processor.py:840} INFO - DAG(s) 'latest_only' retrieved from /home/airflow/.local/lib/python3.12/site-packages/airflow/example_dags/example_latest_only.py
[2024-04-15T17:32:47.265+0000] {logging_mixin.py:188} INFO - [2024-04-15T17:32:47.263+0000] {dag.py:3096} INFO - Sync 1 DAGs
[2024-04-15T17:32:47.317+0000] {logging_mixin.py:188} INFO - [2024-04-15T17:32:47.317+0000] {dag.py:3954} INFO - Setting next_dagrun for latest_only to 2024-04-15 12:00:00+00:00, run_after=2024-04-15 16:00:00+00:00
[2024-04-15T17:32:47.342+0000] {processor.py:183} INFO - Processing /home/airflow/.local/lib/python3.12/site-packages/airflow/example_dags/example_latest_only.py took 0.127 seconds
[2024-04-15T17:33:17.918+0000] {processor.py:161} INFO - Started process (PID=863) to work on /home/airflow/.local/lib/python3.12/site-packages/airflow/example_dags/example_latest_only.py
[2024-04-15T17:33:17.921+0000] {processor.py:830} INFO - Processing file /home/airflow/.local/lib/python3.12/site-packages/airflow/example_dags/example_latest_only.py for tasks to queue
[2024-04-15T17:33:17.925+0000] {logging_mixin.py:188} INFO - [2024-04-15T17:33:17.925+0000] {dagbag.py:540} INFO - Filling up the DagBag from /home/airflow/.local/lib/python3.12/site-packages/airflow/example_dags/example_latest_only.py
[2024-04-15T17:33:17.933+0000] {processor.py:840} INFO - DAG(s) 'latest_only' retrieved from /home/airflow/.local/lib/python3.12/site-packages/airflow/example_dags/example_latest_only.py
[2024-04-15T17:33:17.969+0000] {logging_mixin.py:188} INFO - [2024-04-15T17:33:17.969+0000] {dag.py:3096} INFO - Sync 1 DAGs
[2024-04-15T17:33:17.987+0000] {logging_mixin.py:188} INFO - [2024-04-15T17:33:17.987+0000] {dag.py:3954} INFO - Setting next_dagrun for latest_only to 2024-04-15 12:00:00+00:00, run_after=2024-04-15 16:00:00+00:00
[2024-04-15T17:33:17.998+0000] {processor.py:183} INFO - Processing /home/airflow/.local/lib/python3.12/site-packages/airflow/example_dags/example_latest_only.py took 0.091 seconds
[2024-04-15T17:33:48.360+0000] {processor.py:161} INFO - Started process (PID=923) to work on /home/airflow/.local/lib/python3.12/site-packages/airflow/example_dags/example_latest_only.py
[2024-04-15T17:33:48.362+0000] {processor.py:830} INFO - Processing file /home/airflow/.local/lib/python3.12/site-packages/airflow/example_dags/example_latest_only.py for tasks to queue
[2024-04-15T17:33:48.365+0000] {logging_mixin.py:188} INFO - [2024-04-15T17:33:48.364+0000] {dagbag.py:540} INFO - Filling up the DagBag from /home/airflow/.local/lib/python3.12/site-packages/airflow/example_dags/example_latest_only.py
[2024-04-15T17:33:48.370+0000] {processor.py:840} INFO - DAG(s) 'latest_only' retrieved from /home/airflow/.local/lib/python3.12/site-packages/airflow/example_dags/example_latest_only.py
[2024-04-15T17:33:48.392+0000] {logging_mixin.py:188} INFO - [2024-04-15T17:33:48.392+0000] {dag.py:3096} INFO - Sync 1 DAGs
[2024-04-15T17:33:48.408+0000] {logging_mixin.py:188} INFO - [2024-04-15T17:33:48.408+0000] {dag.py:3954} INFO - Setting next_dagrun for latest_only to 2024-04-15 12:00:00+00:00, run_after=2024-04-15 16:00:00+00:00
[2024-04-15T17:33:48.420+0000] {processor.py:183} INFO - Processing /home/airflow/.local/lib/python3.12/site-packages/airflow/example_dags/example_latest_only.py took 0.067 seconds
[2024-04-15T17:34:18.801+0000] {processor.py:161} INFO - Started process (PID=983) to work on /home/airflow/.local/lib/python3.12/site-packages/airflow/example_dags/example_latest_only.py
[2024-04-15T17:34:18.802+0000] {processor.py:830} INFO - Processing file /home/airflow/.local/lib/python3.12/site-packages/airflow/example_dags/example_latest_only.py for tasks to queue
[2024-04-15T17:34:18.804+0000] {logging_mixin.py:188} INFO - [2024-04-15T17:34:18.803+0000] {dagbag.py:540} INFO - Filling up the DagBag from /home/airflow/.local/lib/python3.12/site-packages/airflow/example_dags/example_latest_only.py
[2024-04-15T17:34:18.808+0000] {processor.py:840} INFO - DAG(s) 'latest_only' retrieved from /home/airflow/.local/lib/python3.12/site-packages/airflow/example_dags/example_latest_only.py
[2024-04-15T17:34:18.821+0000] {logging_mixin.py:188} INFO - [2024-04-15T17:34:18.821+0000] {dag.py:3096} INFO - Sync 1 DAGs
[2024-04-15T17:34:18.833+0000] {logging_mixin.py:188} INFO - [2024-04-15T17:34:18.833+0000] {dag.py:3954} INFO - Setting next_dagrun for latest_only to 2024-04-15 12:00:00+00:00, run_after=2024-04-15 16:00:00+00:00
[2024-04-15T17:34:18.841+0000] {processor.py:183} INFO - Processing /home/airflow/.local/lib/python3.12/site-packages/airflow/example_dags/example_latest_only.py took 0.048 seconds
[2024-04-15T17:34:49.294+0000] {processor.py:161} INFO - Started process (PID=1043) to work on /home/airflow/.local/lib/python3.12/site-packages/airflow/example_dags/example_latest_only.py
[2024-04-15T17:34:49.296+0000] {processor.py:830} INFO - Processing file /home/airflow/.local/lib/python3.12/site-packages/airflow/example_dags/example_latest_only.py for tasks to queue
[2024-04-15T17:34:49.299+0000] {logging_mixin.py:188} INFO - [2024-04-15T17:34:49.298+0000] {dagbag.py:540} INFO - Filling up the DagBag from /home/airflow/.local/lib/python3.12/site-packages/airflow/example_dags/example_latest_only.py
[2024-04-15T17:34:49.306+0000] {processor.py:840} INFO - DAG(s) 'latest_only' retrieved from /home/airflow/.local/lib/python3.12/site-packages/airflow/example_dags/example_latest_only.py
[2024-04-15T17:34:49.325+0000] {logging_mixin.py:188} INFO - [2024-04-15T17:34:49.325+0000] {dag.py:3096} INFO - Sync 1 DAGs
[2024-04-15T17:34:49.340+0000] {logging_mixin.py:188} INFO - [2024-04-15T17:34:49.340+0000] {dag.py:3954} INFO - Setting next_dagrun for latest_only to 2024-04-15 12:00:00+00:00, run_after=2024-04-15 16:00:00+00:00
[2024-04-15T17:34:49.349+0000] {processor.py:183} INFO - Processing /home/airflow/.local/lib/python3.12/site-packages/airflow/example_dags/example_latest_only.py took 0.066 seconds
[2024-04-15T17:35:19.801+0000] {processor.py:161} INFO - Started process (PID=1103) to work on /home/airflow/.local/lib/python3.12/site-packages/airflow/example_dags/example_latest_only.py
[2024-04-15T17:35:19.802+0000] {processor.py:830} INFO - Processing file /home/airflow/.local/lib/python3.12/site-packages/airflow/example_dags/example_latest_only.py for tasks to queue
[2024-04-15T17:35:19.805+0000] {logging_mixin.py:188} INFO - [2024-04-15T17:35:19.804+0000] {dagbag.py:540} INFO - Filling up the DagBag from /home/airflow/.local/lib/python3.12/site-packages/airflow/example_dags/example_latest_only.py
[2024-04-15T17:35:19.811+0000] {processor.py:840} INFO - DAG(s) 'latest_only' retrieved from /home/airflow/.local/lib/python3.12/site-packages/airflow/example_dags/example_latest_only.py
[2024-04-15T17:35:19.828+0000] {logging_mixin.py:188} INFO - [2024-04-15T17:35:19.828+0000] {dag.py:3096} INFO - Sync 1 DAGs
[2024-04-15T17:35:19.841+0000] {logging_mixin.py:188} INFO - [2024-04-15T17:35:19.841+0000] {dag.py:3954} INFO - Setting next_dagrun for latest_only to 2024-04-15 12:00:00+00:00, run_after=2024-04-15 16:00:00+00:00
[2024-04-15T17:35:19.850+0000] {processor.py:183} INFO - Processing /home/airflow/.local/lib/python3.12/site-packages/airflow/example_dags/example_latest_only.py took 0.058 seconds
[2024-04-15T17:35:50.295+0000] {processor.py:161} INFO - Started process (PID=1163) to work on /home/airflow/.local/lib/python3.12/site-packages/airflow/example_dags/example_latest_only.py
[2024-04-15T17:35:50.297+0000] {processor.py:830} INFO - Processing file /home/airflow/.local/lib/python3.12/site-packages/airflow/example_dags/example_latest_only.py for tasks to queue
[2024-04-15T17:35:50.300+0000] {logging_mixin.py:188} INFO - [2024-04-15T17:35:50.300+0000] {dagbag.py:540} INFO - Filling up the DagBag from /home/airflow/.local/lib/python3.12/site-packages/airflow/example_dags/example_latest_only.py
[2024-04-15T17:35:50.315+0000] {processor.py:840} INFO - DAG(s) 'latest_only' retrieved from /home/airflow/.local/lib/python3.12/site-packages/airflow/example_dags/example_latest_only.py
[2024-04-15T17:35:50.336+0000] {logging_mixin.py:188} INFO - [2024-04-15T17:35:50.335+0000] {dag.py:3096} INFO - Sync 1 DAGs
[2024-04-15T17:35:50.351+0000] {logging_mixin.py:188} INFO - [2024-04-15T17:35:50.351+0000] {dag.py:3954} INFO - Setting next_dagrun for latest_only to 2024-04-15 12:00:00+00:00, run_after=2024-04-15 16:00:00+00:00
[2024-04-15T17:35:50.360+0000] {processor.py:183} INFO - Processing /home/airflow/.local/lib/python3.12/site-packages/airflow/example_dags/example_latest_only.py took 0.082 seconds
[2024-04-15T17:36:21.072+0000] {processor.py:161} INFO - Started process (PID=1223) to work on /home/airflow/.local/lib/python3.12/site-packages/airflow/example_dags/example_latest_only.py
[2024-04-15T17:36:21.073+0000] {processor.py:830} INFO - Processing file /home/airflow/.local/lib/python3.12/site-packages/airflow/example_dags/example_latest_only.py for tasks to queue
[2024-04-15T17:36:21.076+0000] {logging_mixin.py:188} INFO - [2024-04-15T17:36:21.076+0000] {dagbag.py:540} INFO - Filling up the DagBag from /home/airflow/.local/lib/python3.12/site-packages/airflow/example_dags/example_latest_only.py
[2024-04-15T17:36:21.084+0000] {processor.py:840} INFO - DAG(s) 'latest_only' retrieved from /home/airflow/.local/lib/python3.12/site-packages/airflow/example_dags/example_latest_only.py
[2024-04-15T17:36:21.101+0000] {logging_mixin.py:188} INFO - [2024-04-15T17:36:21.101+0000] {dag.py:3096} INFO - Sync 1 DAGs
[2024-04-15T17:36:21.114+0000] {logging_mixin.py:188} INFO - [2024-04-15T17:36:21.114+0000] {dag.py:3954} INFO - Setting next_dagrun for latest_only to 2024-04-15 12:00:00+00:00, run_after=2024-04-15 16:00:00+00:00
[2024-04-15T17:36:21.123+0000] {processor.py:183} INFO - Processing /home/airflow/.local/lib/python3.12/site-packages/airflow/example_dags/example_latest_only.py took 0.062 seconds
[2024-04-15T17:36:51.934+0000] {processor.py:161} INFO - Started process (PID=1282) to work on /home/airflow/.local/lib/python3.12/site-packages/airflow/example_dags/example_latest_only.py
[2024-04-15T17:36:51.937+0000] {processor.py:830} INFO - Processing file /home/airflow/.local/lib/python3.12/site-packages/airflow/example_dags/example_latest_only.py for tasks to queue
[2024-04-15T17:36:51.941+0000] {logging_mixin.py:188} INFO - [2024-04-15T17:36:51.940+0000] {dagbag.py:540} INFO - Filling up the DagBag from /home/airflow/.local/lib/python3.12/site-packages/airflow/example_dags/example_latest_only.py
[2024-04-15T17:36:51.950+0000] {processor.py:840} INFO - DAG(s) 'latest_only' retrieved from /home/airflow/.local/lib/python3.12/site-packages/airflow/example_dags/example_latest_only.py
[2024-04-15T17:36:52.006+0000] {logging_mixin.py:188} INFO - [2024-04-15T17:36:52.006+0000] {dag.py:3096} INFO - Sync 1 DAGs
[2024-04-15T17:36:52.042+0000] {logging_mixin.py:188} INFO - [2024-04-15T17:36:52.042+0000] {dag.py:3954} INFO - Setting next_dagrun for latest_only to 2024-04-15 12:00:00+00:00, run_after=2024-04-15 16:00:00+00:00
[2024-04-15T17:36:52.054+0000] {processor.py:183} INFO - Processing /home/airflow/.local/lib/python3.12/site-packages/airflow/example_dags/example_latest_only.py took 0.139 seconds
[2024-04-15T17:37:22.915+0000] {processor.py:161} INFO - Started process (PID=1342) to work on /home/airflow/.local/lib/python3.12/site-packages/airflow/example_dags/example_latest_only.py
[2024-04-15T17:37:22.917+0000] {processor.py:830} INFO - Processing file /home/airflow/.local/lib/python3.12/site-packages/airflow/example_dags/example_latest_only.py for tasks to queue
[2024-04-15T17:37:22.920+0000] {logging_mixin.py:188} INFO - [2024-04-15T17:37:22.919+0000] {dagbag.py:540} INFO - Filling up the DagBag from /home/airflow/.local/lib/python3.12/site-packages/airflow/example_dags/example_latest_only.py
[2024-04-15T17:37:22.925+0000] {processor.py:840} INFO - DAG(s) 'latest_only' retrieved from /home/airflow/.local/lib/python3.12/site-packages/airflow/example_dags/example_latest_only.py
[2024-04-15T17:37:22.940+0000] {logging_mixin.py:188} INFO - [2024-04-15T17:37:22.940+0000] {dag.py:3096} INFO - Sync 1 DAGs
[2024-04-15T17:37:22.954+0000] {logging_mixin.py:188} INFO - [2024-04-15T17:37:22.953+0000] {dag.py:3954} INFO - Setting next_dagrun for latest_only to 2024-04-15 12:00:00+00:00, run_after=2024-04-15 16:00:00+00:00
[2024-04-15T17:37:22.962+0000] {processor.py:183} INFO - Processing /home/airflow/.local/lib/python3.12/site-packages/airflow/example_dags/example_latest_only.py took 0.054 seconds
[2024-04-15T17:37:53.196+0000] {processor.py:161} INFO - Started process (PID=1402) to work on /home/airflow/.local/lib/python3.12/site-packages/airflow/example_dags/example_latest_only.py
[2024-04-15T17:37:53.197+0000] {processor.py:830} INFO - Processing file /home/airflow/.local/lib/python3.12/site-packages/airflow/example_dags/example_latest_only.py for tasks to queue
[2024-04-15T17:37:53.198+0000] {logging_mixin.py:188} INFO - [2024-04-15T17:37:53.198+0000] {dagbag.py:540} INFO - Filling up the DagBag from /home/airflow/.local/lib/python3.12/site-packages/airflow/example_dags/example_latest_only.py
[2024-04-15T17:37:53.202+0000] {processor.py:840} INFO - DAG(s) 'latest_only' retrieved from /home/airflow/.local/lib/python3.12/site-packages/airflow/example_dags/example_latest_only.py
[2024-04-15T17:37:53.213+0000] {logging_mixin.py:188} INFO - [2024-04-15T17:37:53.213+0000] {dag.py:3096} INFO - Sync 1 DAGs
[2024-04-15T17:37:53.223+0000] {logging_mixin.py:188} INFO - [2024-04-15T17:37:53.223+0000] {dag.py:3954} INFO - Setting next_dagrun for latest_only to 2024-04-15 12:00:00+00:00, run_after=2024-04-15 16:00:00+00:00
[2024-04-15T17:37:53.231+0000] {processor.py:183} INFO - Processing /home/airflow/.local/lib/python3.12/site-packages/airflow/example_dags/example_latest_only.py took 0.040 seconds
[2024-04-15T17:38:23.456+0000] {processor.py:161} INFO - Started process (PID=1462) to work on /home/airflow/.local/lib/python3.12/site-packages/airflow/example_dags/example_latest_only.py
[2024-04-15T17:38:23.457+0000] {processor.py:830} INFO - Processing file /home/airflow/.local/lib/python3.12/site-packages/airflow/example_dags/example_latest_only.py for tasks to queue
[2024-04-15T17:38:23.459+0000] {logging_mixin.py:188} INFO - [2024-04-15T17:38:23.459+0000] {dagbag.py:540} INFO - Filling up the DagBag from /home/airflow/.local/lib/python3.12/site-packages/airflow/example_dags/example_latest_only.py
[2024-04-15T17:38:23.464+0000] {processor.py:840} INFO - DAG(s) 'latest_only' retrieved from /home/airflow/.local/lib/python3.12/site-packages/airflow/example_dags/example_latest_only.py
[2024-04-15T17:38:23.478+0000] {logging_mixin.py:188} INFO - [2024-04-15T17:38:23.478+0000] {dag.py:3096} INFO - Sync 1 DAGs
[2024-04-15T17:38:23.493+0000] {logging_mixin.py:188} INFO - [2024-04-15T17:38:23.492+0000] {dag.py:3954} INFO - Setting next_dagrun for latest_only to 2024-04-15 12:00:00+00:00, run_after=2024-04-15 16:00:00+00:00
[2024-04-15T17:38:23.509+0000] {processor.py:183} INFO - Processing /home/airflow/.local/lib/python3.12/site-packages/airflow/example_dags/example_latest_only.py took 0.059 seconds
[2024-04-15T17:38:53.933+0000] {processor.py:161} INFO - Started process (PID=1522) to work on /home/airflow/.local/lib/python3.12/site-packages/airflow/example_dags/example_latest_only.py
[2024-04-15T17:38:53.937+0000] {processor.py:830} INFO - Processing file /home/airflow/.local/lib/python3.12/site-packages/airflow/example_dags/example_latest_only.py for tasks to queue
[2024-04-15T17:38:53.939+0000] {logging_mixin.py:188} INFO - [2024-04-15T17:38:53.939+0000] {dagbag.py:540} INFO - Filling up the DagBag from /home/airflow/.local/lib/python3.12/site-packages/airflow/example_dags/example_latest_only.py
[2024-04-15T17:38:53.944+0000] {processor.py:840} INFO - DAG(s) 'latest_only' retrieved from /home/airflow/.local/lib/python3.12/site-packages/airflow/example_dags/example_latest_only.py
[2024-04-15T17:38:53.961+0000] {logging_mixin.py:188} INFO - [2024-04-15T17:38:53.961+0000] {dag.py:3096} INFO - Sync 1 DAGs
[2024-04-15T17:38:53.973+0000] {logging_mixin.py:188} INFO - [2024-04-15T17:38:53.972+0000] {dag.py:3954} INFO - Setting next_dagrun for latest_only to 2024-04-15 12:00:00+00:00, run_after=2024-04-15 16:00:00+00:00
[2024-04-15T17:38:53.981+0000] {processor.py:183} INFO - Processing /home/airflow/.local/lib/python3.12/site-packages/airflow/example_dags/example_latest_only.py took 0.053 seconds
[2024-04-15T17:39:24.486+0000] {processor.py:161} INFO - Started process (PID=1582) to work on /home/airflow/.local/lib/python3.12/site-packages/airflow/example_dags/example_latest_only.py
[2024-04-15T17:39:24.489+0000] {processor.py:830} INFO - Processing file /home/airflow/.local/lib/python3.12/site-packages/airflow/example_dags/example_latest_only.py for tasks to queue
[2024-04-15T17:39:24.492+0000] {logging_mixin.py:188} INFO - [2024-04-15T17:39:24.491+0000] {dagbag.py:540} INFO - Filling up the DagBag from /home/airflow/.local/lib/python3.12/site-packages/airflow/example_dags/example_latest_only.py
[2024-04-15T17:39:24.498+0000] {processor.py:840} INFO - DAG(s) 'latest_only' retrieved from /home/airflow/.local/lib/python3.12/site-packages/airflow/example_dags/example_latest_only.py
[2024-04-15T17:39:24.521+0000] {logging_mixin.py:188} INFO - [2024-04-15T17:39:24.521+0000] {dag.py:3096} INFO - Sync 1 DAGs
[2024-04-15T17:39:24.548+0000] {logging_mixin.py:188} INFO - [2024-04-15T17:39:24.547+0000] {dag.py:3954} INFO - Setting next_dagrun for latest_only to 2024-04-15 12:00:00+00:00, run_after=2024-04-15 16:00:00+00:00
[2024-04-15T17:39:24.558+0000] {processor.py:183} INFO - Processing /home/airflow/.local/lib/python3.12/site-packages/airflow/example_dags/example_latest_only.py took 0.084 seconds
[2024-04-15T17:39:55.020+0000] {processor.py:161} INFO - Started process (PID=1642) to work on /home/airflow/.local/lib/python3.12/site-packages/airflow/example_dags/example_latest_only.py
[2024-04-15T17:39:55.023+0000] {processor.py:830} INFO - Processing file /home/airflow/.local/lib/python3.12/site-packages/airflow/example_dags/example_latest_only.py for tasks to queue
[2024-04-15T17:39:55.026+0000] {logging_mixin.py:188} INFO - [2024-04-15T17:39:55.025+0000] {dagbag.py:540} INFO - Filling up the DagBag from /home/airflow/.local/lib/python3.12/site-packages/airflow/example_dags/example_latest_only.py
[2024-04-15T17:39:55.036+0000] {processor.py:840} INFO - DAG(s) 'latest_only' retrieved from /home/airflow/.local/lib/python3.12/site-packages/airflow/example_dags/example_latest_only.py
[2024-04-15T17:39:55.060+0000] {logging_mixin.py:188} INFO - [2024-04-15T17:39:55.059+0000] {dag.py:3096} INFO - Sync 1 DAGs
[2024-04-15T17:39:55.075+0000] {logging_mixin.py:188} INFO - [2024-04-15T17:39:55.075+0000] {dag.py:3954} INFO - Setting next_dagrun for latest_only to 2024-04-15 12:00:00+00:00, run_after=2024-04-15 16:00:00+00:00
[2024-04-15T17:39:55.084+0000] {processor.py:183} INFO - Processing /home/airflow/.local/lib/python3.12/site-packages/airflow/example_dags/example_latest_only.py took 0.079 seconds
[2024-04-15T17:40:25.422+0000] {processor.py:161} INFO - Started process (PID=1702) to work on /home/airflow/.local/lib/python3.12/site-packages/airflow/example_dags/example_latest_only.py
[2024-04-15T17:40:25.424+0000] {processor.py:830} INFO - Processing file /home/airflow/.local/lib/python3.12/site-packages/airflow/example_dags/example_latest_only.py for tasks to queue
[2024-04-15T17:40:25.428+0000] {logging_mixin.py:188} INFO - [2024-04-15T17:40:25.427+0000] {dagbag.py:540} INFO - Filling up the DagBag from /home/airflow/.local/lib/python3.12/site-packages/airflow/example_dags/example_latest_only.py
[2024-04-15T17:40:25.435+0000] {processor.py:840} INFO - DAG(s) 'latest_only' retrieved from /home/airflow/.local/lib/python3.12/site-packages/airflow/example_dags/example_latest_only.py
[2024-04-15T17:40:25.456+0000] {logging_mixin.py:188} INFO - [2024-04-15T17:40:25.456+0000] {dag.py:3096} INFO - Sync 1 DAGs
[2024-04-15T17:40:25.472+0000] {logging_mixin.py:188} INFO - [2024-04-15T17:40:25.472+0000] {dag.py:3954} INFO - Setting next_dagrun for latest_only to 2024-04-15 12:00:00+00:00, run_after=2024-04-15 16:00:00+00:00
[2024-04-15T17:40:25.483+0000] {processor.py:183} INFO - Processing /home/airflow/.local/lib/python3.12/site-packages/airflow/example_dags/example_latest_only.py took 0.071 seconds
[2024-04-15T17:40:56.202+0000] {processor.py:161} INFO - Started process (PID=1762) to work on /home/airflow/.local/lib/python3.12/site-packages/airflow/example_dags/example_latest_only.py
[2024-04-15T17:40:56.203+0000] {processor.py:830} INFO - Processing file /home/airflow/.local/lib/python3.12/site-packages/airflow/example_dags/example_latest_only.py for tasks to queue
[2024-04-15T17:40:56.205+0000] {logging_mixin.py:188} INFO - [2024-04-15T17:40:56.205+0000] {dagbag.py:540} INFO - Filling up the DagBag from /home/airflow/.local/lib/python3.12/site-packages/airflow/example_dags/example_latest_only.py
[2024-04-15T17:40:56.212+0000] {processor.py:840} INFO - DAG(s) 'latest_only' retrieved from /home/airflow/.local/lib/python3.12/site-packages/airflow/example_dags/example_latest_only.py
[2024-04-15T17:40:56.231+0000] {logging_mixin.py:188} INFO - [2024-04-15T17:40:56.230+0000] {dag.py:3096} INFO - Sync 1 DAGs
[2024-04-15T17:40:56.247+0000] {logging_mixin.py:188} INFO - [2024-04-15T17:40:56.247+0000] {dag.py:3954} INFO - Setting next_dagrun for latest_only to 2024-04-15 12:00:00+00:00, run_after=2024-04-15 16:00:00+00:00
[2024-04-15T17:40:56.256+0000] {processor.py:183} INFO - Processing /home/airflow/.local/lib/python3.12/site-packages/airflow/example_dags/example_latest_only.py took 0.061 seconds
[2024-04-15T17:41:28.417+0000] {processor.py:161} INFO - Started process (PID=1822) to work on /home/airflow/.local/lib/python3.12/site-packages/airflow/example_dags/example_latest_only.py
[2024-04-15T17:41:28.537+0000] {processor.py:830} INFO - Processing file /home/airflow/.local/lib/python3.12/site-packages/airflow/example_dags/example_latest_only.py for tasks to queue
[2024-04-15T17:41:28.578+0000] {logging_mixin.py:188} INFO - [2024-04-15T17:41:28.573+0000] {dagbag.py:540} INFO - Filling up the DagBag from /home/airflow/.local/lib/python3.12/site-packages/airflow/example_dags/example_latest_only.py
[2024-04-15T17:41:28.616+0000] {processor.py:840} INFO - DAG(s) 'latest_only' retrieved from /home/airflow/.local/lib/python3.12/site-packages/airflow/example_dags/example_latest_only.py
[2024-04-15T17:41:28.745+0000] {logging_mixin.py:188} INFO - [2024-04-15T17:41:28.745+0000] {dag.py:3096} INFO - Sync 1 DAGs
[2024-04-15T17:41:28.821+0000] {logging_mixin.py:188} INFO - [2024-04-15T17:41:28.821+0000] {dag.py:3954} INFO - Setting next_dagrun for latest_only to 2024-04-15 12:00:00+00:00, run_after=2024-04-15 16:00:00+00:00
[2024-04-15T17:41:28.852+0000] {processor.py:183} INFO - Processing /home/airflow/.local/lib/python3.12/site-packages/airflow/example_dags/example_latest_only.py took 0.560 seconds
[2024-04-15T17:41:59.697+0000] {processor.py:161} INFO - Started process (PID=1882) to work on /home/airflow/.local/lib/python3.12/site-packages/airflow/example_dags/example_latest_only.py
[2024-04-15T17:41:59.699+0000] {processor.py:830} INFO - Processing file /home/airflow/.local/lib/python3.12/site-packages/airflow/example_dags/example_latest_only.py for tasks to queue
[2024-04-15T17:41:59.702+0000] {logging_mixin.py:188} INFO - [2024-04-15T17:41:59.701+0000] {dagbag.py:540} INFO - Filling up the DagBag from /home/airflow/.local/lib/python3.12/site-packages/airflow/example_dags/example_latest_only.py
[2024-04-15T17:41:59.711+0000] {processor.py:840} INFO - DAG(s) 'latest_only' retrieved from /home/airflow/.local/lib/python3.12/site-packages/airflow/example_dags/example_latest_only.py
[2024-04-15T17:41:59.734+0000] {logging_mixin.py:188} INFO - [2024-04-15T17:41:59.734+0000] {dag.py:3096} INFO - Sync 1 DAGs
[2024-04-15T17:41:59.750+0000] {logging_mixin.py:188} INFO - [2024-04-15T17:41:59.750+0000] {dag.py:3954} INFO - Setting next_dagrun for latest_only to 2024-04-15 12:00:00+00:00, run_after=2024-04-15 16:00:00+00:00
[2024-04-15T17:41:59.758+0000] {processor.py:183} INFO - Processing /home/airflow/.local/lib/python3.12/site-packages/airflow/example_dags/example_latest_only.py took 0.072 seconds
[2024-04-15T17:42:30.104+0000] {processor.py:161} INFO - Started process (PID=1941) to work on /home/airflow/.local/lib/python3.12/site-packages/airflow/example_dags/example_latest_only.py
[2024-04-15T17:42:30.105+0000] {processor.py:830} INFO - Processing file /home/airflow/.local/lib/python3.12/site-packages/airflow/example_dags/example_latest_only.py for tasks to queue
[2024-04-15T17:42:30.108+0000] {logging_mixin.py:188} INFO - [2024-04-15T17:42:30.107+0000] {dagbag.py:540} INFO - Filling up the DagBag from /home/airflow/.local/lib/python3.12/site-packages/airflow/example_dags/example_latest_only.py
[2024-04-15T17:42:30.113+0000] {processor.py:840} INFO - DAG(s) 'latest_only' retrieved from /home/airflow/.local/lib/python3.12/site-packages/airflow/example_dags/example_latest_only.py
[2024-04-15T17:42:30.152+0000] {logging_mixin.py:188} INFO - [2024-04-15T17:42:30.151+0000] {dag.py:3096} INFO - Sync 1 DAGs
[2024-04-15T17:42:30.188+0000] {logging_mixin.py:188} INFO - [2024-04-15T17:42:30.187+0000] {dag.py:3954} INFO - Setting next_dagrun for latest_only to 2024-04-15 12:00:00+00:00, run_after=2024-04-15 16:00:00+00:00
[2024-04-15T17:42:30.202+0000] {processor.py:183} INFO - Processing /home/airflow/.local/lib/python3.12/site-packages/airflow/example_dags/example_latest_only.py took 0.104 seconds
[2024-04-15T17:43:00.933+0000] {processor.py:161} INFO - Started process (PID=2001) to work on /home/airflow/.local/lib/python3.12/site-packages/airflow/example_dags/example_latest_only.py
[2024-04-15T17:43:00.942+0000] {processor.py:830} INFO - Processing file /home/airflow/.local/lib/python3.12/site-packages/airflow/example_dags/example_latest_only.py for tasks to queue
[2024-04-15T17:43:00.945+0000] {logging_mixin.py:188} INFO - [2024-04-15T17:43:00.944+0000] {dagbag.py:540} INFO - Filling up the DagBag from /home/airflow/.local/lib/python3.12/site-packages/airflow/example_dags/example_latest_only.py
[2024-04-15T17:43:00.954+0000] {processor.py:840} INFO - DAG(s) 'latest_only' retrieved from /home/airflow/.local/lib/python3.12/site-packages/airflow/example_dags/example_latest_only.py
[2024-04-15T17:43:00.978+0000] {logging_mixin.py:188} INFO - [2024-04-15T17:43:00.978+0000] {dag.py:3096} INFO - Sync 1 DAGs
[2024-04-15T17:43:00.998+0000] {logging_mixin.py:188} INFO - [2024-04-15T17:43:00.997+0000] {dag.py:3954} INFO - Setting next_dagrun for latest_only to 2024-04-15 12:00:00+00:00, run_after=2024-04-15 16:00:00+00:00
[2024-04-15T17:43:01.017+0000] {processor.py:183} INFO - Processing /home/airflow/.local/lib/python3.12/site-packages/airflow/example_dags/example_latest_only.py took 0.100 seconds
[2024-04-15T17:43:31.617+0000] {processor.py:161} INFO - Started process (PID=2066) to work on /home/airflow/.local/lib/python3.12/site-packages/airflow/example_dags/example_latest_only.py
[2024-04-15T17:43:31.621+0000] {processor.py:830} INFO - Processing file /home/airflow/.local/lib/python3.12/site-packages/airflow/example_dags/example_latest_only.py for tasks to queue
[2024-04-15T17:43:31.623+0000] {logging_mixin.py:188} INFO - [2024-04-15T17:43:31.623+0000] {dagbag.py:540} INFO - Filling up the DagBag from /home/airflow/.local/lib/python3.12/site-packages/airflow/example_dags/example_latest_only.py
[2024-04-15T17:43:31.629+0000] {processor.py:840} INFO - DAG(s) 'latest_only' retrieved from /home/airflow/.local/lib/python3.12/site-packages/airflow/example_dags/example_latest_only.py
[2024-04-15T17:43:31.648+0000] {logging_mixin.py:188} INFO - [2024-04-15T17:43:31.647+0000] {dag.py:3096} INFO - Sync 1 DAGs
[2024-04-15T17:43:31.671+0000] {logging_mixin.py:188} INFO - [2024-04-15T17:43:31.671+0000] {dag.py:3954} INFO - Setting next_dagrun for latest_only to 2024-04-15 12:00:00+00:00, run_after=2024-04-15 16:00:00+00:00
[2024-04-15T17:43:31.683+0000] {processor.py:183} INFO - Processing /home/airflow/.local/lib/python3.12/site-packages/airflow/example_dags/example_latest_only.py took 0.073 seconds
[2024-04-15T17:44:01.947+0000] {processor.py:161} INFO - Started process (PID=2126) to work on /home/airflow/.local/lib/python3.12/site-packages/airflow/example_dags/example_latest_only.py
[2024-04-15T17:44:01.949+0000] {processor.py:830} INFO - Processing file /home/airflow/.local/lib/python3.12/site-packages/airflow/example_dags/example_latest_only.py for tasks to queue
[2024-04-15T17:44:01.953+0000] {logging_mixin.py:188} INFO - [2024-04-15T17:44:01.952+0000] {dagbag.py:540} INFO - Filling up the DagBag from /home/airflow/.local/lib/python3.12/site-packages/airflow/example_dags/example_latest_only.py
[2024-04-15T17:44:01.962+0000] {processor.py:840} INFO - DAG(s) 'latest_only' retrieved from /home/airflow/.local/lib/python3.12/site-packages/airflow/example_dags/example_latest_only.py
[2024-04-15T17:44:01.979+0000] {logging_mixin.py:188} INFO - [2024-04-15T17:44:01.979+0000] {dag.py:3096} INFO - Sync 1 DAGs
[2024-04-15T17:44:01.994+0000] {logging_mixin.py:188} INFO - [2024-04-15T17:44:01.993+0000] {dag.py:3954} INFO - Setting next_dagrun for latest_only to 2024-04-15 12:00:00+00:00, run_after=2024-04-15 16:00:00+00:00
[2024-04-15T17:44:02.005+0000] {processor.py:183} INFO - Processing /home/airflow/.local/lib/python3.12/site-packages/airflow/example_dags/example_latest_only.py took 0.064 seconds
[2024-04-15T17:44:32.546+0000] {processor.py:161} INFO - Started process (PID=2186) to work on /home/airflow/.local/lib/python3.12/site-packages/airflow/example_dags/example_latest_only.py
[2024-04-15T17:44:32.548+0000] {processor.py:830} INFO - Processing file /home/airflow/.local/lib/python3.12/site-packages/airflow/example_dags/example_latest_only.py for tasks to queue
[2024-04-15T17:44:32.552+0000] {logging_mixin.py:188} INFO - [2024-04-15T17:44:32.552+0000] {dagbag.py:540} INFO - Filling up the DagBag from /home/airflow/.local/lib/python3.12/site-packages/airflow/example_dags/example_latest_only.py
[2024-04-15T17:44:32.559+0000] {processor.py:840} INFO - DAG(s) 'latest_only' retrieved from /home/airflow/.local/lib/python3.12/site-packages/airflow/example_dags/example_latest_only.py
[2024-04-15T17:44:32.587+0000] {logging_mixin.py:188} INFO - [2024-04-15T17:44:32.587+0000] {dag.py:3096} INFO - Sync 1 DAGs
[2024-04-15T17:44:32.606+0000] {logging_mixin.py:188} INFO - [2024-04-15T17:44:32.606+0000] {dag.py:3954} INFO - Setting next_dagrun for latest_only to 2024-04-15 12:00:00+00:00, run_after=2024-04-15 16:00:00+00:00
[2024-04-15T17:44:32.615+0000] {processor.py:183} INFO - Processing /home/airflow/.local/lib/python3.12/site-packages/airflow/example_dags/example_latest_only.py took 0.081 seconds
[2024-04-15T17:45:03.036+0000] {processor.py:161} INFO - Started process (PID=2246) to work on /home/airflow/.local/lib/python3.12/site-packages/airflow/example_dags/example_latest_only.py
[2024-04-15T17:45:03.038+0000] {processor.py:830} INFO - Processing file /home/airflow/.local/lib/python3.12/site-packages/airflow/example_dags/example_latest_only.py for tasks to queue
[2024-04-15T17:45:03.040+0000] {logging_mixin.py:188} INFO - [2024-04-15T17:45:03.040+0000] {dagbag.py:540} INFO - Filling up the DagBag from /home/airflow/.local/lib/python3.12/site-packages/airflow/example_dags/example_latest_only.py
[2024-04-15T17:45:03.046+0000] {processor.py:840} INFO - DAG(s) 'latest_only' retrieved from /home/airflow/.local/lib/python3.12/site-packages/airflow/example_dags/example_latest_only.py
[2024-04-15T17:45:03.062+0000] {logging_mixin.py:188} INFO - [2024-04-15T17:45:03.061+0000] {dag.py:3096} INFO - Sync 1 DAGs
[2024-04-15T17:45:03.076+0000] {logging_mixin.py:188} INFO - [2024-04-15T17:45:03.076+0000] {dag.py:3954} INFO - Setting next_dagrun for latest_only to 2024-04-15 12:00:00+00:00, run_after=2024-04-15 16:00:00+00:00
[2024-04-15T17:45:03.085+0000] {processor.py:183} INFO - Processing /home/airflow/.local/lib/python3.12/site-packages/airflow/example_dags/example_latest_only.py took 0.055 seconds
[2024-04-15T17:45:33.380+0000] {processor.py:161} INFO - Started process (PID=2306) to work on /home/airflow/.local/lib/python3.12/site-packages/airflow/example_dags/example_latest_only.py
[2024-04-15T17:45:33.383+0000] {processor.py:830} INFO - Processing file /home/airflow/.local/lib/python3.12/site-packages/airflow/example_dags/example_latest_only.py for tasks to queue
[2024-04-15T17:45:33.391+0000] {logging_mixin.py:188} INFO - [2024-04-15T17:45:33.391+0000] {dagbag.py:540} INFO - Filling up the DagBag from /home/airflow/.local/lib/python3.12/site-packages/airflow/example_dags/example_latest_only.py
[2024-04-15T17:45:33.398+0000] {processor.py:840} INFO - DAG(s) 'latest_only' retrieved from /home/airflow/.local/lib/python3.12/site-packages/airflow/example_dags/example_latest_only.py
[2024-04-15T17:45:33.422+0000] {logging_mixin.py:188} INFO - [2024-04-15T17:45:33.421+0000] {dag.py:3096} INFO - Sync 1 DAGs
[2024-04-15T17:45:33.451+0000] {logging_mixin.py:188} INFO - [2024-04-15T17:45:33.450+0000] {dag.py:3954} INFO - Setting next_dagrun for latest_only to 2024-04-15 12:00:00+00:00, run_after=2024-04-15 16:00:00+00:00
[2024-04-15T17:45:33.463+0000] {processor.py:183} INFO - Processing /home/airflow/.local/lib/python3.12/site-packages/airflow/example_dags/example_latest_only.py took 0.104 seconds
[2024-04-15T17:46:05.455+0000] {processor.py:161} INFO - Started process (PID=2366) to work on /home/airflow/.local/lib/python3.12/site-packages/airflow/example_dags/example_latest_only.py
[2024-04-15T17:46:05.457+0000] {processor.py:830} INFO - Processing file /home/airflow/.local/lib/python3.12/site-packages/airflow/example_dags/example_latest_only.py for tasks to queue
[2024-04-15T17:46:05.459+0000] {logging_mixin.py:188} INFO - [2024-04-15T17:46:05.459+0000] {dagbag.py:540} INFO - Filling up the DagBag from /home/airflow/.local/lib/python3.12/site-packages/airflow/example_dags/example_latest_only.py
[2024-04-15T17:46:05.501+0000] {processor.py:840} INFO - DAG(s) 'latest_only' retrieved from /home/airflow/.local/lib/python3.12/site-packages/airflow/example_dags/example_latest_only.py
[2024-04-15T17:46:05.557+0000] {logging_mixin.py:188} INFO - [2024-04-15T17:46:05.557+0000] {dag.py:3096} INFO - Sync 1 DAGs
[2024-04-15T17:46:05.601+0000] {logging_mixin.py:188} INFO - [2024-04-15T17:46:05.601+0000] {dag.py:3954} INFO - Setting next_dagrun for latest_only to 2024-04-15 12:00:00+00:00, run_after=2024-04-15 16:00:00+00:00
[2024-04-15T17:46:05.631+0000] {processor.py:183} INFO - Processing /home/airflow/.local/lib/python3.12/site-packages/airflow/example_dags/example_latest_only.py took 0.185 seconds
[2024-04-15T17:46:36.634+0000] {processor.py:161} INFO - Started process (PID=2426) to work on /home/airflow/.local/lib/python3.12/site-packages/airflow/example_dags/example_latest_only.py
[2024-04-15T17:46:36.635+0000] {processor.py:830} INFO - Processing file /home/airflow/.local/lib/python3.12/site-packages/airflow/example_dags/example_latest_only.py for tasks to queue
[2024-04-15T17:46:36.636+0000] {logging_mixin.py:188} INFO - [2024-04-15T17:46:36.635+0000] {dagbag.py:540} INFO - Filling up the DagBag from /home/airflow/.local/lib/python3.12/site-packages/airflow/example_dags/example_latest_only.py
[2024-04-15T17:46:36.639+0000] {processor.py:840} INFO - DAG(s) 'latest_only' retrieved from /home/airflow/.local/lib/python3.12/site-packages/airflow/example_dags/example_latest_only.py
[2024-04-15T17:46:36.656+0000] {logging_mixin.py:188} INFO - [2024-04-15T17:46:36.656+0000] {dag.py:3096} INFO - Sync 1 DAGs
[2024-04-15T17:46:36.670+0000] {logging_mixin.py:188} INFO - [2024-04-15T17:46:36.670+0000] {dag.py:3954} INFO - Setting next_dagrun for latest_only to 2024-04-15 12:00:00+00:00, run_after=2024-04-15 16:00:00+00:00
[2024-04-15T17:46:36.682+0000] {processor.py:183} INFO - Processing /home/airflow/.local/lib/python3.12/site-packages/airflow/example_dags/example_latest_only.py took 0.053 seconds
[2024-04-15T17:47:07.679+0000] {processor.py:161} INFO - Started process (PID=2486) to work on /home/airflow/.local/lib/python3.12/site-packages/airflow/example_dags/example_latest_only.py
[2024-04-15T17:47:07.680+0000] {processor.py:830} INFO - Processing file /home/airflow/.local/lib/python3.12/site-packages/airflow/example_dags/example_latest_only.py for tasks to queue
[2024-04-15T17:47:07.683+0000] {logging_mixin.py:188} INFO - [2024-04-15T17:47:07.683+0000] {dagbag.py:540} INFO - Filling up the DagBag from /home/airflow/.local/lib/python3.12/site-packages/airflow/example_dags/example_latest_only.py
[2024-04-15T17:47:07.691+0000] {processor.py:840} INFO - DAG(s) 'latest_only' retrieved from /home/airflow/.local/lib/python3.12/site-packages/airflow/example_dags/example_latest_only.py
[2024-04-15T17:47:07.718+0000] {logging_mixin.py:188} INFO - [2024-04-15T17:47:07.718+0000] {dag.py:3096} INFO - Sync 1 DAGs
[2024-04-15T17:47:07.732+0000] {logging_mixin.py:188} INFO - [2024-04-15T17:47:07.732+0000] {dag.py:3954} INFO - Setting next_dagrun for latest_only to 2024-04-15 12:00:00+00:00, run_after=2024-04-15 16:00:00+00:00
[2024-04-15T17:47:07.742+0000] {processor.py:183} INFO - Processing /home/airflow/.local/lib/python3.12/site-packages/airflow/example_dags/example_latest_only.py took 0.073 seconds
[2024-04-15T17:47:38.296+0000] {processor.py:161} INFO - Started process (PID=2544) to work on /home/airflow/.local/lib/python3.12/site-packages/airflow/example_dags/example_latest_only.py
[2024-04-15T17:47:38.299+0000] {processor.py:830} INFO - Processing file /home/airflow/.local/lib/python3.12/site-packages/airflow/example_dags/example_latest_only.py for tasks to queue
[2024-04-15T17:47:38.303+0000] {logging_mixin.py:188} INFO - [2024-04-15T17:47:38.302+0000] {dagbag.py:540} INFO - Filling up the DagBag from /home/airflow/.local/lib/python3.12/site-packages/airflow/example_dags/example_latest_only.py
[2024-04-15T17:47:38.316+0000] {processor.py:840} INFO - DAG(s) 'latest_only' retrieved from /home/airflow/.local/lib/python3.12/site-packages/airflow/example_dags/example_latest_only.py
[2024-04-15T17:47:38.367+0000] {logging_mixin.py:188} INFO - [2024-04-15T17:47:38.367+0000] {dag.py:3096} INFO - Sync 1 DAGs
[2024-04-15T17:47:38.404+0000] {logging_mixin.py:188} INFO - [2024-04-15T17:47:38.403+0000] {dag.py:3954} INFO - Setting next_dagrun for latest_only to 2024-04-15 12:00:00+00:00, run_after=2024-04-15 16:00:00+00:00
[2024-04-15T17:47:38.430+0000] {processor.py:183} INFO - Processing /home/airflow/.local/lib/python3.12/site-packages/airflow/example_dags/example_latest_only.py took 0.162 seconds
[2024-04-15T17:48:08.637+0000] {processor.py:161} INFO - Started process (PID=2603) to work on /home/airflow/.local/lib/python3.12/site-packages/airflow/example_dags/example_latest_only.py
[2024-04-15T17:48:08.639+0000] {processor.py:830} INFO - Processing file /home/airflow/.local/lib/python3.12/site-packages/airflow/example_dags/example_latest_only.py for tasks to queue
[2024-04-15T17:48:08.643+0000] {logging_mixin.py:188} INFO - [2024-04-15T17:48:08.643+0000] {dagbag.py:540} INFO - Filling up the DagBag from /home/airflow/.local/lib/python3.12/site-packages/airflow/example_dags/example_latest_only.py
[2024-04-15T17:48:08.653+0000] {processor.py:840} INFO - DAG(s) 'latest_only' retrieved from /home/airflow/.local/lib/python3.12/site-packages/airflow/example_dags/example_latest_only.py
[2024-04-15T17:48:08.677+0000] {logging_mixin.py:188} INFO - [2024-04-15T17:48:08.677+0000] {dag.py:3096} INFO - Sync 1 DAGs
[2024-04-15T17:48:08.696+0000] {logging_mixin.py:188} INFO - [2024-04-15T17:48:08.696+0000] {dag.py:3954} INFO - Setting next_dagrun for latest_only to 2024-04-15 12:00:00+00:00, run_after=2024-04-15 16:00:00+00:00
[2024-04-15T17:48:08.707+0000] {processor.py:183} INFO - Processing /home/airflow/.local/lib/python3.12/site-packages/airflow/example_dags/example_latest_only.py took 0.083 seconds
[2024-04-15T17:48:38.782+0000] {processor.py:161} INFO - Started process (PID=2663) to work on /home/airflow/.local/lib/python3.12/site-packages/airflow/example_dags/example_latest_only.py
[2024-04-15T17:48:38.784+0000] {processor.py:830} INFO - Processing file /home/airflow/.local/lib/python3.12/site-packages/airflow/example_dags/example_latest_only.py for tasks to queue
[2024-04-15T17:48:38.789+0000] {logging_mixin.py:188} INFO - [2024-04-15T17:48:38.788+0000] {dagbag.py:540} INFO - Filling up the DagBag from /home/airflow/.local/lib/python3.12/site-packages/airflow/example_dags/example_latest_only.py
[2024-04-15T17:48:38.795+0000] {processor.py:840} INFO - DAG(s) 'latest_only' retrieved from /home/airflow/.local/lib/python3.12/site-packages/airflow/example_dags/example_latest_only.py
[2024-04-15T17:48:38.819+0000] {logging_mixin.py:188} INFO - [2024-04-15T17:48:38.818+0000] {dag.py:3096} INFO - Sync 1 DAGs
[2024-04-15T17:48:38.841+0000] {logging_mixin.py:188} INFO - [2024-04-15T17:48:38.841+0000] {dag.py:3954} INFO - Setting next_dagrun for latest_only to 2024-04-15 12:00:00+00:00, run_after=2024-04-15 16:00:00+00:00
[2024-04-15T17:48:38.865+0000] {processor.py:183} INFO - Processing /home/airflow/.local/lib/python3.12/site-packages/airflow/example_dags/example_latest_only.py took 0.092 seconds
[2024-04-15T17:49:09.158+0000] {processor.py:161} INFO - Started process (PID=2723) to work on /home/airflow/.local/lib/python3.12/site-packages/airflow/example_dags/example_latest_only.py
[2024-04-15T17:49:09.164+0000] {processor.py:830} INFO - Processing file /home/airflow/.local/lib/python3.12/site-packages/airflow/example_dags/example_latest_only.py for tasks to queue
[2024-04-15T17:49:09.171+0000] {logging_mixin.py:188} INFO - [2024-04-15T17:49:09.170+0000] {dagbag.py:540} INFO - Filling up the DagBag from /home/airflow/.local/lib/python3.12/site-packages/airflow/example_dags/example_latest_only.py
[2024-04-15T17:49:09.179+0000] {processor.py:840} INFO - DAG(s) 'latest_only' retrieved from /home/airflow/.local/lib/python3.12/site-packages/airflow/example_dags/example_latest_only.py
[2024-04-15T17:49:09.202+0000] {logging_mixin.py:188} INFO - [2024-04-15T17:49:09.201+0000] {dag.py:3096} INFO - Sync 1 DAGs
[2024-04-15T17:49:09.226+0000] {logging_mixin.py:188} INFO - [2024-04-15T17:49:09.225+0000] {dag.py:3954} INFO - Setting next_dagrun for latest_only to 2024-04-15 12:00:00+00:00, run_after=2024-04-15 16:00:00+00:00
[2024-04-15T17:49:09.241+0000] {processor.py:183} INFO - Processing /home/airflow/.local/lib/python3.12/site-packages/airflow/example_dags/example_latest_only.py took 0.126 seconds
[2024-04-15T17:49:39.499+0000] {processor.py:161} INFO - Started process (PID=2783) to work on /home/airflow/.local/lib/python3.12/site-packages/airflow/example_dags/example_latest_only.py
[2024-04-15T17:49:39.500+0000] {processor.py:830} INFO - Processing file /home/airflow/.local/lib/python3.12/site-packages/airflow/example_dags/example_latest_only.py for tasks to queue
[2024-04-15T17:49:39.503+0000] {logging_mixin.py:188} INFO - [2024-04-15T17:49:39.502+0000] {dagbag.py:540} INFO - Filling up the DagBag from /home/airflow/.local/lib/python3.12/site-packages/airflow/example_dags/example_latest_only.py
[2024-04-15T17:49:39.508+0000] {processor.py:840} INFO - DAG(s) 'latest_only' retrieved from /home/airflow/.local/lib/python3.12/site-packages/airflow/example_dags/example_latest_only.py
[2024-04-15T17:49:39.545+0000] {logging_mixin.py:188} INFO - [2024-04-15T17:49:39.545+0000] {dag.py:3096} INFO - Sync 1 DAGs
[2024-04-15T17:49:39.562+0000] {logging_mixin.py:188} INFO - [2024-04-15T17:49:39.562+0000] {dag.py:3954} INFO - Setting next_dagrun for latest_only to 2024-04-15 12:00:00+00:00, run_after=2024-04-15 16:00:00+00:00
[2024-04-15T17:49:39.571+0000] {processor.py:183} INFO - Processing /home/airflow/.local/lib/python3.12/site-packages/airflow/example_dags/example_latest_only.py took 0.079 seconds
[2024-04-15T17:50:09.727+0000] {processor.py:161} INFO - Started process (PID=2843) to work on /home/airflow/.local/lib/python3.12/site-packages/airflow/example_dags/example_latest_only.py
[2024-04-15T17:50:09.728+0000] {processor.py:830} INFO - Processing file /home/airflow/.local/lib/python3.12/site-packages/airflow/example_dags/example_latest_only.py for tasks to queue
[2024-04-15T17:50:09.729+0000] {logging_mixin.py:188} INFO - [2024-04-15T17:50:09.729+0000] {dagbag.py:540} INFO - Filling up the DagBag from /home/airflow/.local/lib/python3.12/site-packages/airflow/example_dags/example_latest_only.py
[2024-04-15T17:50:09.732+0000] {processor.py:840} INFO - DAG(s) 'latest_only' retrieved from /home/airflow/.local/lib/python3.12/site-packages/airflow/example_dags/example_latest_only.py
[2024-04-15T17:50:09.747+0000] {logging_mixin.py:188} INFO - [2024-04-15T17:50:09.747+0000] {dag.py:3096} INFO - Sync 1 DAGs
[2024-04-15T17:50:09.819+0000] {logging_mixin.py:188} INFO - [2024-04-15T17:50:09.819+0000] {dag.py:3954} INFO - Setting next_dagrun for latest_only to 2024-04-15 12:00:00+00:00, run_after=2024-04-15 16:00:00+00:00
[2024-04-15T17:50:09.836+0000] {processor.py:183} INFO - Processing /home/airflow/.local/lib/python3.12/site-packages/airflow/example_dags/example_latest_only.py took 0.115 seconds
[2024-04-15T17:50:40.241+0000] {processor.py:161} INFO - Started process (PID=2903) to work on /home/airflow/.local/lib/python3.12/site-packages/airflow/example_dags/example_latest_only.py
[2024-04-15T17:50:40.243+0000] {processor.py:830} INFO - Processing file /home/airflow/.local/lib/python3.12/site-packages/airflow/example_dags/example_latest_only.py for tasks to queue
[2024-04-15T17:50:40.266+0000] {logging_mixin.py:188} INFO - [2024-04-15T17:50:40.253+0000] {dagbag.py:540} INFO - Filling up the DagBag from /home/airflow/.local/lib/python3.12/site-packages/airflow/example_dags/example_latest_only.py
[2024-04-15T17:50:40.288+0000] {processor.py:840} INFO - DAG(s) 'latest_only' retrieved from /home/airflow/.local/lib/python3.12/site-packages/airflow/example_dags/example_latest_only.py
[2024-04-15T17:50:40.321+0000] {logging_mixin.py:188} INFO - [2024-04-15T17:50:40.321+0000] {dag.py:3096} INFO - Sync 1 DAGs
[2024-04-15T17:50:40.362+0000] {logging_mixin.py:188} INFO - [2024-04-15T17:50:40.362+0000] {dag.py:3954} INFO - Setting next_dagrun for latest_only to 2024-04-15 12:00:00+00:00, run_after=2024-04-15 16:00:00+00:00
[2024-04-15T17:50:40.376+0000] {processor.py:183} INFO - Processing /home/airflow/.local/lib/python3.12/site-packages/airflow/example_dags/example_latest_only.py took 0.151 seconds
[2024-04-15T17:51:11.228+0000] {processor.py:161} INFO - Started process (PID=2963) to work on /home/airflow/.local/lib/python3.12/site-packages/airflow/example_dags/example_latest_only.py
[2024-04-15T17:51:11.233+0000] {processor.py:830} INFO - Processing file /home/airflow/.local/lib/python3.12/site-packages/airflow/example_dags/example_latest_only.py for tasks to queue
[2024-04-15T17:51:11.237+0000] {logging_mixin.py:188} INFO - [2024-04-15T17:51:11.236+0000] {dagbag.py:540} INFO - Filling up the DagBag from /home/airflow/.local/lib/python3.12/site-packages/airflow/example_dags/example_latest_only.py
[2024-04-15T17:51:11.249+0000] {processor.py:840} INFO - DAG(s) 'latest_only' retrieved from /home/airflow/.local/lib/python3.12/site-packages/airflow/example_dags/example_latest_only.py
[2024-04-15T17:51:11.296+0000] {logging_mixin.py:188} INFO - [2024-04-15T17:51:11.295+0000] {dag.py:3096} INFO - Sync 1 DAGs
[2024-04-15T17:51:11.325+0000] {logging_mixin.py:188} INFO - [2024-04-15T17:51:11.325+0000] {dag.py:3954} INFO - Setting next_dagrun for latest_only to 2024-04-15 12:00:00+00:00, run_after=2024-04-15 16:00:00+00:00
[2024-04-15T17:51:11.342+0000] {processor.py:183} INFO - Processing /home/airflow/.local/lib/python3.12/site-packages/airflow/example_dags/example_latest_only.py took 0.132 seconds
