[2024-04-15T17:12:33.277+0000] {processor.py:161} INFO - Started process (PID=45) to work on /home/airflow/.local/lib/python3.12/site-packages/airflow/example_dags/example_sla_dag.py
[2024-04-15T17:12:33.281+0000] {processor.py:830} INFO - Processing file /home/airflow/.local/lib/python3.12/site-packages/airflow/example_dags/example_sla_dag.py for tasks to queue
[2024-04-15T17:12:33.283+0000] {logging_mixin.py:188} INFO - [2024-04-15T17:12:33.283+0000] {dagbag.py:540} INFO - Filling up the DagBag from /home/airflow/.local/lib/python3.12/site-packages/airflow/example_dags/example_sla_dag.py
[2024-04-15T17:12:33.304+0000] {processor.py:840} INFO - DAG(s) 'example_sla_dag' retrieved from /home/airflow/.local/lib/python3.12/site-packages/airflow/example_dags/example_sla_dag.py
[2024-04-15T17:12:33.358+0000] {logging_mixin.py:188} INFO - [2024-04-15T17:12:33.358+0000] {dag.py:3096} INFO - Sync 1 DAGs
[2024-04-15T17:12:33.437+0000] {logging_mixin.py:188} INFO - [2024-04-15T17:12:33.437+0000] {dag.py:3954} INFO - Setting next_dagrun for example_sla_dag to 2024-04-15 17:10:00+00:00, run_after=2024-04-15 17:12:00+00:00
[2024-04-15T17:12:33.555+0000] {processor.py:183} INFO - Processing /home/airflow/.local/lib/python3.12/site-packages/airflow/example_dags/example_sla_dag.py took 0.286 seconds
[2024-04-15T17:13:04.266+0000] {processor.py:161} INFO - Started process (PID=103) to work on /home/airflow/.local/lib/python3.12/site-packages/airflow/example_dags/example_sla_dag.py
[2024-04-15T17:13:04.267+0000] {processor.py:830} INFO - Processing file /home/airflow/.local/lib/python3.12/site-packages/airflow/example_dags/example_sla_dag.py for tasks to queue
[2024-04-15T17:13:04.268+0000] {logging_mixin.py:188} INFO - [2024-04-15T17:13:04.268+0000] {dagbag.py:540} INFO - Filling up the DagBag from /home/airflow/.local/lib/python3.12/site-packages/airflow/example_dags/example_sla_dag.py
[2024-04-15T17:13:04.273+0000] {processor.py:840} INFO - DAG(s) 'example_sla_dag' retrieved from /home/airflow/.local/lib/python3.12/site-packages/airflow/example_dags/example_sla_dag.py
[2024-04-15T17:13:04.318+0000] {logging_mixin.py:188} INFO - [2024-04-15T17:13:04.318+0000] {dag.py:3096} INFO - Sync 1 DAGs
[2024-04-15T17:13:04.330+0000] {logging_mixin.py:188} INFO - [2024-04-15T17:13:04.330+0000] {dag.py:3954} INFO - Setting next_dagrun for example_sla_dag to 2024-04-15 17:10:00+00:00, run_after=2024-04-15 17:12:00+00:00
[2024-04-15T17:13:04.338+0000] {processor.py:183} INFO - Processing /home/airflow/.local/lib/python3.12/site-packages/airflow/example_dags/example_sla_dag.py took 0.075 seconds
[2024-04-15T17:13:34.512+0000] {processor.py:161} INFO - Started process (PID=162) to work on /home/airflow/.local/lib/python3.12/site-packages/airflow/example_dags/example_sla_dag.py
[2024-04-15T17:13:34.513+0000] {processor.py:830} INFO - Processing file /home/airflow/.local/lib/python3.12/site-packages/airflow/example_dags/example_sla_dag.py for tasks to queue
[2024-04-15T17:13:34.514+0000] {logging_mixin.py:188} INFO - [2024-04-15T17:13:34.514+0000] {dagbag.py:540} INFO - Filling up the DagBag from /home/airflow/.local/lib/python3.12/site-packages/airflow/example_dags/example_sla_dag.py
[2024-04-15T17:13:34.518+0000] {processor.py:840} INFO - DAG(s) 'example_sla_dag' retrieved from /home/airflow/.local/lib/python3.12/site-packages/airflow/example_dags/example_sla_dag.py
[2024-04-15T17:13:34.529+0000] {logging_mixin.py:188} INFO - [2024-04-15T17:13:34.529+0000] {dag.py:3096} INFO - Sync 1 DAGs
[2024-04-15T17:13:34.541+0000] {logging_mixin.py:188} INFO - [2024-04-15T17:13:34.541+0000] {dag.py:3954} INFO - Setting next_dagrun for example_sla_dag to 2024-04-15 17:10:00+00:00, run_after=2024-04-15 17:12:00+00:00
[2024-04-15T17:13:34.549+0000] {processor.py:183} INFO - Processing /home/airflow/.local/lib/python3.12/site-packages/airflow/example_dags/example_sla_dag.py took 0.040 seconds
[2024-04-15T17:14:05.204+0000] {processor.py:161} INFO - Started process (PID=221) to work on /home/airflow/.local/lib/python3.12/site-packages/airflow/example_dags/example_sla_dag.py
[2024-04-15T17:14:05.204+0000] {processor.py:830} INFO - Processing file /home/airflow/.local/lib/python3.12/site-packages/airflow/example_dags/example_sla_dag.py for tasks to queue
[2024-04-15T17:14:05.205+0000] {logging_mixin.py:188} INFO - [2024-04-15T17:14:05.205+0000] {dagbag.py:540} INFO - Filling up the DagBag from /home/airflow/.local/lib/python3.12/site-packages/airflow/example_dags/example_sla_dag.py
[2024-04-15T17:14:05.209+0000] {processor.py:840} INFO - DAG(s) 'example_sla_dag' retrieved from /home/airflow/.local/lib/python3.12/site-packages/airflow/example_dags/example_sla_dag.py
[2024-04-15T17:14:05.220+0000] {logging_mixin.py:188} INFO - [2024-04-15T17:14:05.220+0000] {dag.py:3096} INFO - Sync 1 DAGs
[2024-04-15T17:14:05.232+0000] {logging_mixin.py:188} INFO - [2024-04-15T17:14:05.232+0000] {dag.py:3954} INFO - Setting next_dagrun for example_sla_dag to 2024-04-15 17:12:00+00:00, run_after=2024-04-15 17:14:00+00:00
[2024-04-15T17:14:05.242+0000] {processor.py:183} INFO - Processing /home/airflow/.local/lib/python3.12/site-packages/airflow/example_dags/example_sla_dag.py took 0.041 seconds
[2024-04-15T17:14:35.578+0000] {processor.py:161} INFO - Started process (PID=280) to work on /home/airflow/.local/lib/python3.12/site-packages/airflow/example_dags/example_sla_dag.py
[2024-04-15T17:14:35.579+0000] {processor.py:830} INFO - Processing file /home/airflow/.local/lib/python3.12/site-packages/airflow/example_dags/example_sla_dag.py for tasks to queue
[2024-04-15T17:14:35.579+0000] {logging_mixin.py:188} INFO - [2024-04-15T17:14:35.579+0000] {dagbag.py:540} INFO - Filling up the DagBag from /home/airflow/.local/lib/python3.12/site-packages/airflow/example_dags/example_sla_dag.py
[2024-04-15T17:14:35.584+0000] {processor.py:840} INFO - DAG(s) 'example_sla_dag' retrieved from /home/airflow/.local/lib/python3.12/site-packages/airflow/example_dags/example_sla_dag.py
[2024-04-15T17:14:35.595+0000] {logging_mixin.py:188} INFO - [2024-04-15T17:14:35.595+0000] {dag.py:3096} INFO - Sync 1 DAGs
[2024-04-15T17:14:35.607+0000] {logging_mixin.py:188} INFO - [2024-04-15T17:14:35.607+0000] {dag.py:3954} INFO - Setting next_dagrun for example_sla_dag to 2024-04-15 17:12:00+00:00, run_after=2024-04-15 17:14:00+00:00
[2024-04-15T17:14:35.615+0000] {processor.py:183} INFO - Processing /home/airflow/.local/lib/python3.12/site-packages/airflow/example_dags/example_sla_dag.py took 0.040 seconds
[2024-04-15T17:15:05.712+0000] {processor.py:161} INFO - Started process (PID=339) to work on /home/airflow/.local/lib/python3.12/site-packages/airflow/example_dags/example_sla_dag.py
[2024-04-15T17:15:05.713+0000] {processor.py:830} INFO - Processing file /home/airflow/.local/lib/python3.12/site-packages/airflow/example_dags/example_sla_dag.py for tasks to queue
[2024-04-15T17:15:05.714+0000] {logging_mixin.py:188} INFO - [2024-04-15T17:15:05.714+0000] {dagbag.py:540} INFO - Filling up the DagBag from /home/airflow/.local/lib/python3.12/site-packages/airflow/example_dags/example_sla_dag.py
[2024-04-15T17:15:05.718+0000] {processor.py:840} INFO - DAG(s) 'example_sla_dag' retrieved from /home/airflow/.local/lib/python3.12/site-packages/airflow/example_dags/example_sla_dag.py
[2024-04-15T17:15:05.728+0000] {logging_mixin.py:188} INFO - [2024-04-15T17:15:05.728+0000] {dag.py:3096} INFO - Sync 1 DAGs
[2024-04-15T17:15:05.740+0000] {logging_mixin.py:188} INFO - [2024-04-15T17:15:05.740+0000] {dag.py:3954} INFO - Setting next_dagrun for example_sla_dag to 2024-04-15 17:12:00+00:00, run_after=2024-04-15 17:14:00+00:00
[2024-04-15T17:15:05.748+0000] {processor.py:183} INFO - Processing /home/airflow/.local/lib/python3.12/site-packages/airflow/example_dags/example_sla_dag.py took 0.039 seconds
[2024-04-15T17:15:35.919+0000] {processor.py:161} INFO - Started process (PID=398) to work on /home/airflow/.local/lib/python3.12/site-packages/airflow/example_dags/example_sla_dag.py
[2024-04-15T17:15:35.920+0000] {processor.py:830} INFO - Processing file /home/airflow/.local/lib/python3.12/site-packages/airflow/example_dags/example_sla_dag.py for tasks to queue
[2024-04-15T17:15:35.920+0000] {logging_mixin.py:188} INFO - [2024-04-15T17:15:35.920+0000] {dagbag.py:540} INFO - Filling up the DagBag from /home/airflow/.local/lib/python3.12/site-packages/airflow/example_dags/example_sla_dag.py
[2024-04-15T17:15:35.924+0000] {processor.py:840} INFO - DAG(s) 'example_sla_dag' retrieved from /home/airflow/.local/lib/python3.12/site-packages/airflow/example_dags/example_sla_dag.py
[2024-04-15T17:15:35.935+0000] {logging_mixin.py:188} INFO - [2024-04-15T17:15:35.935+0000] {dag.py:3096} INFO - Sync 1 DAGs
[2024-04-15T17:15:35.947+0000] {logging_mixin.py:188} INFO - [2024-04-15T17:15:35.947+0000] {dag.py:3954} INFO - Setting next_dagrun for example_sla_dag to 2024-04-15 17:12:00+00:00, run_after=2024-04-15 17:14:00+00:00
[2024-04-15T17:15:35.956+0000] {processor.py:183} INFO - Processing /home/airflow/.local/lib/python3.12/site-packages/airflow/example_dags/example_sla_dag.py took 0.039 seconds
[2024-04-15T17:16:06.621+0000] {processor.py:161} INFO - Started process (PID=457) to work on /home/airflow/.local/lib/python3.12/site-packages/airflow/example_dags/example_sla_dag.py
[2024-04-15T17:16:06.624+0000] {processor.py:830} INFO - Processing file /home/airflow/.local/lib/python3.12/site-packages/airflow/example_dags/example_sla_dag.py for tasks to queue
[2024-04-15T17:16:06.628+0000] {logging_mixin.py:188} INFO - [2024-04-15T17:16:06.627+0000] {dagbag.py:540} INFO - Filling up the DagBag from /home/airflow/.local/lib/python3.12/site-packages/airflow/example_dags/example_sla_dag.py
[2024-04-15T17:16:06.667+0000] {processor.py:840} INFO - DAG(s) 'example_sla_dag' retrieved from /home/airflow/.local/lib/python3.12/site-packages/airflow/example_dags/example_sla_dag.py
[2024-04-15T17:16:06.721+0000] {logging_mixin.py:188} INFO - [2024-04-15T17:16:06.721+0000] {dag.py:3096} INFO - Sync 1 DAGs
[2024-04-15T17:16:06.748+0000] {logging_mixin.py:188} INFO - [2024-04-15T17:16:06.747+0000] {dag.py:3954} INFO - Setting next_dagrun for example_sla_dag to 2024-04-15 17:14:00+00:00, run_after=2024-04-15 17:16:00+00:00
[2024-04-15T17:16:06.775+0000] {processor.py:183} INFO - Processing /home/airflow/.local/lib/python3.12/site-packages/airflow/example_dags/example_sla_dag.py took 0.164 seconds
[2024-04-15T17:16:37.276+0000] {processor.py:161} INFO - Started process (PID=516) to work on /home/airflow/.local/lib/python3.12/site-packages/airflow/example_dags/example_sla_dag.py
[2024-04-15T17:16:37.280+0000] {processor.py:830} INFO - Processing file /home/airflow/.local/lib/python3.12/site-packages/airflow/example_dags/example_sla_dag.py for tasks to queue
[2024-04-15T17:16:37.282+0000] {logging_mixin.py:188} INFO - [2024-04-15T17:16:37.281+0000] {dagbag.py:540} INFO - Filling up the DagBag from /home/airflow/.local/lib/python3.12/site-packages/airflow/example_dags/example_sla_dag.py
[2024-04-15T17:16:37.302+0000] {processor.py:840} INFO - DAG(s) 'example_sla_dag' retrieved from /home/airflow/.local/lib/python3.12/site-packages/airflow/example_dags/example_sla_dag.py
[2024-04-15T17:16:37.329+0000] {logging_mixin.py:188} INFO - [2024-04-15T17:16:37.329+0000] {dag.py:3096} INFO - Sync 1 DAGs
[2024-04-15T17:16:37.360+0000] {logging_mixin.py:188} INFO - [2024-04-15T17:16:37.359+0000] {dag.py:3954} INFO - Setting next_dagrun for example_sla_dag to 2024-04-15 17:14:00+00:00, run_after=2024-04-15 17:16:00+00:00
[2024-04-15T17:16:37.378+0000] {processor.py:183} INFO - Processing /home/airflow/.local/lib/python3.12/site-packages/airflow/example_dags/example_sla_dag.py took 0.105 seconds
[2024-04-15T17:17:07.796+0000] {processor.py:161} INFO - Started process (PID=575) to work on /home/airflow/.local/lib/python3.12/site-packages/airflow/example_dags/example_sla_dag.py
[2024-04-15T17:17:07.797+0000] {processor.py:830} INFO - Processing file /home/airflow/.local/lib/python3.12/site-packages/airflow/example_dags/example_sla_dag.py for tasks to queue
[2024-04-15T17:17:07.797+0000] {logging_mixin.py:188} INFO - [2024-04-15T17:17:07.797+0000] {dagbag.py:540} INFO - Filling up the DagBag from /home/airflow/.local/lib/python3.12/site-packages/airflow/example_dags/example_sla_dag.py
[2024-04-15T17:17:07.802+0000] {processor.py:840} INFO - DAG(s) 'example_sla_dag' retrieved from /home/airflow/.local/lib/python3.12/site-packages/airflow/example_dags/example_sla_dag.py
[2024-04-15T17:17:07.814+0000] {logging_mixin.py:188} INFO - [2024-04-15T17:17:07.814+0000] {dag.py:3096} INFO - Sync 1 DAGs
[2024-04-15T17:17:07.827+0000] {logging_mixin.py:188} INFO - [2024-04-15T17:17:07.827+0000] {dag.py:3954} INFO - Setting next_dagrun for example_sla_dag to 2024-04-15 17:14:00+00:00, run_after=2024-04-15 17:16:00+00:00
[2024-04-15T17:17:07.836+0000] {processor.py:183} INFO - Processing /home/airflow/.local/lib/python3.12/site-packages/airflow/example_dags/example_sla_dag.py took 0.043 seconds
[2024-04-15T17:17:38.008+0000] {processor.py:161} INFO - Started process (PID=633) to work on /home/airflow/.local/lib/python3.12/site-packages/airflow/example_dags/example_sla_dag.py
[2024-04-15T17:17:38.009+0000] {processor.py:830} INFO - Processing file /home/airflow/.local/lib/python3.12/site-packages/airflow/example_dags/example_sla_dag.py for tasks to queue
[2024-04-15T17:17:38.010+0000] {logging_mixin.py:188} INFO - [2024-04-15T17:17:38.009+0000] {dagbag.py:540} INFO - Filling up the DagBag from /home/airflow/.local/lib/python3.12/site-packages/airflow/example_dags/example_sla_dag.py
[2024-04-15T17:17:38.014+0000] {processor.py:840} INFO - DAG(s) 'example_sla_dag' retrieved from /home/airflow/.local/lib/python3.12/site-packages/airflow/example_dags/example_sla_dag.py
[2024-04-15T17:17:38.026+0000] {logging_mixin.py:188} INFO - [2024-04-15T17:17:38.025+0000] {dag.py:3096} INFO - Sync 1 DAGs
[2024-04-15T17:17:38.037+0000] {logging_mixin.py:188} INFO - [2024-04-15T17:17:38.037+0000] {dag.py:3954} INFO - Setting next_dagrun for example_sla_dag to 2024-04-15 17:14:00+00:00, run_after=2024-04-15 17:16:00+00:00
[2024-04-15T17:17:38.045+0000] {processor.py:183} INFO - Processing /home/airflow/.local/lib/python3.12/site-packages/airflow/example_dags/example_sla_dag.py took 0.041 seconds
[2024-04-15T17:18:08.525+0000] {processor.py:161} INFO - Started process (PID=692) to work on /home/airflow/.local/lib/python3.12/site-packages/airflow/example_dags/example_sla_dag.py
[2024-04-15T17:18:08.525+0000] {processor.py:830} INFO - Processing file /home/airflow/.local/lib/python3.12/site-packages/airflow/example_dags/example_sla_dag.py for tasks to queue
[2024-04-15T17:18:08.526+0000] {logging_mixin.py:188} INFO - [2024-04-15T17:18:08.526+0000] {dagbag.py:540} INFO - Filling up the DagBag from /home/airflow/.local/lib/python3.12/site-packages/airflow/example_dags/example_sla_dag.py
[2024-04-15T17:18:08.531+0000] {processor.py:840} INFO - DAG(s) 'example_sla_dag' retrieved from /home/airflow/.local/lib/python3.12/site-packages/airflow/example_dags/example_sla_dag.py
[2024-04-15T17:18:08.541+0000] {logging_mixin.py:188} INFO - [2024-04-15T17:18:08.541+0000] {dag.py:3096} INFO - Sync 1 DAGs
[2024-04-15T17:18:08.552+0000] {logging_mixin.py:188} INFO - [2024-04-15T17:18:08.552+0000] {dag.py:3954} INFO - Setting next_dagrun for example_sla_dag to 2024-04-15 17:16:00+00:00, run_after=2024-04-15 17:18:00+00:00
[2024-04-15T17:18:08.561+0000] {processor.py:183} INFO - Processing /home/airflow/.local/lib/python3.12/site-packages/airflow/example_dags/example_sla_dag.py took 0.040 seconds
[2024-04-15T17:18:39.091+0000] {processor.py:161} INFO - Started process (PID=751) to work on /home/airflow/.local/lib/python3.12/site-packages/airflow/example_dags/example_sla_dag.py
[2024-04-15T17:18:39.091+0000] {processor.py:830} INFO - Processing file /home/airflow/.local/lib/python3.12/site-packages/airflow/example_dags/example_sla_dag.py for tasks to queue
[2024-04-15T17:18:39.092+0000] {logging_mixin.py:188} INFO - [2024-04-15T17:18:39.092+0000] {dagbag.py:540} INFO - Filling up the DagBag from /home/airflow/.local/lib/python3.12/site-packages/airflow/example_dags/example_sla_dag.py
[2024-04-15T17:18:39.097+0000] {processor.py:840} INFO - DAG(s) 'example_sla_dag' retrieved from /home/airflow/.local/lib/python3.12/site-packages/airflow/example_dags/example_sla_dag.py
[2024-04-15T17:18:39.106+0000] {logging_mixin.py:188} INFO - [2024-04-15T17:18:39.106+0000] {dag.py:3096} INFO - Sync 1 DAGs
[2024-04-15T17:18:39.118+0000] {logging_mixin.py:188} INFO - [2024-04-15T17:18:39.118+0000] {dag.py:3954} INFO - Setting next_dagrun for example_sla_dag to 2024-04-15 17:16:00+00:00, run_after=2024-04-15 17:18:00+00:00
[2024-04-15T17:18:39.125+0000] {processor.py:183} INFO - Processing /home/airflow/.local/lib/python3.12/site-packages/airflow/example_dags/example_sla_dag.py took 0.038 seconds
[2024-04-15T17:19:09.254+0000] {processor.py:161} INFO - Started process (PID=810) to work on /home/airflow/.local/lib/python3.12/site-packages/airflow/example_dags/example_sla_dag.py
[2024-04-15T17:19:09.255+0000] {processor.py:830} INFO - Processing file /home/airflow/.local/lib/python3.12/site-packages/airflow/example_dags/example_sla_dag.py for tasks to queue
[2024-04-15T17:19:09.256+0000] {logging_mixin.py:188} INFO - [2024-04-15T17:19:09.256+0000] {dagbag.py:540} INFO - Filling up the DagBag from /home/airflow/.local/lib/python3.12/site-packages/airflow/example_dags/example_sla_dag.py
[2024-04-15T17:19:09.261+0000] {processor.py:840} INFO - DAG(s) 'example_sla_dag' retrieved from /home/airflow/.local/lib/python3.12/site-packages/airflow/example_dags/example_sla_dag.py
[2024-04-15T17:19:09.282+0000] {logging_mixin.py:188} INFO - [2024-04-15T17:19:09.282+0000] {dag.py:3096} INFO - Sync 1 DAGs
[2024-04-15T17:19:09.301+0000] {logging_mixin.py:188} INFO - [2024-04-15T17:19:09.301+0000] {dag.py:3954} INFO - Setting next_dagrun for example_sla_dag to 2024-04-15 17:16:00+00:00, run_after=2024-04-15 17:18:00+00:00
[2024-04-15T17:19:09.322+0000] {processor.py:183} INFO - Processing /home/airflow/.local/lib/python3.12/site-packages/airflow/example_dags/example_sla_dag.py took 0.074 seconds
[2024-04-15T17:19:39.694+0000] {processor.py:161} INFO - Started process (PID=869) to work on /home/airflow/.local/lib/python3.12/site-packages/airflow/example_dags/example_sla_dag.py
[2024-04-15T17:19:39.695+0000] {processor.py:830} INFO - Processing file /home/airflow/.local/lib/python3.12/site-packages/airflow/example_dags/example_sla_dag.py for tasks to queue
[2024-04-15T17:19:39.695+0000] {logging_mixin.py:188} INFO - [2024-04-15T17:19:39.695+0000] {dagbag.py:540} INFO - Filling up the DagBag from /home/airflow/.local/lib/python3.12/site-packages/airflow/example_dags/example_sla_dag.py
[2024-04-15T17:19:39.699+0000] {processor.py:840} INFO - DAG(s) 'example_sla_dag' retrieved from /home/airflow/.local/lib/python3.12/site-packages/airflow/example_dags/example_sla_dag.py
[2024-04-15T17:19:39.710+0000] {logging_mixin.py:188} INFO - [2024-04-15T17:19:39.709+0000] {dag.py:3096} INFO - Sync 1 DAGs
[2024-04-15T17:19:39.720+0000] {logging_mixin.py:188} INFO - [2024-04-15T17:19:39.720+0000] {dag.py:3954} INFO - Setting next_dagrun for example_sla_dag to 2024-04-15 17:16:00+00:00, run_after=2024-04-15 17:18:00+00:00
[2024-04-15T17:19:39.729+0000] {processor.py:183} INFO - Processing /home/airflow/.local/lib/python3.12/site-packages/airflow/example_dags/example_sla_dag.py took 0.039 seconds
[2024-04-15T17:20:10.781+0000] {processor.py:161} INFO - Started process (PID=928) to work on /home/airflow/.local/lib/python3.12/site-packages/airflow/example_dags/example_sla_dag.py
[2024-04-15T17:20:10.782+0000] {processor.py:830} INFO - Processing file /home/airflow/.local/lib/python3.12/site-packages/airflow/example_dags/example_sla_dag.py for tasks to queue
[2024-04-15T17:20:10.782+0000] {logging_mixin.py:188} INFO - [2024-04-15T17:20:10.782+0000] {dagbag.py:540} INFO - Filling up the DagBag from /home/airflow/.local/lib/python3.12/site-packages/airflow/example_dags/example_sla_dag.py
[2024-04-15T17:20:10.786+0000] {processor.py:840} INFO - DAG(s) 'example_sla_dag' retrieved from /home/airflow/.local/lib/python3.12/site-packages/airflow/example_dags/example_sla_dag.py
[2024-04-15T17:20:10.796+0000] {logging_mixin.py:188} INFO - [2024-04-15T17:20:10.796+0000] {dag.py:3096} INFO - Sync 1 DAGs
[2024-04-15T17:20:10.806+0000] {logging_mixin.py:188} INFO - [2024-04-15T17:20:10.806+0000] {dag.py:3954} INFO - Setting next_dagrun for example_sla_dag to 2024-04-15 17:18:00+00:00, run_after=2024-04-15 17:20:00+00:00
[2024-04-15T17:20:10.814+0000] {processor.py:183} INFO - Processing /home/airflow/.local/lib/python3.12/site-packages/airflow/example_dags/example_sla_dag.py took 0.035 seconds
[2024-04-15T17:20:42.027+0000] {processor.py:161} INFO - Started process (PID=987) to work on /home/airflow/.local/lib/python3.12/site-packages/airflow/example_dags/example_sla_dag.py
[2024-04-15T17:20:42.031+0000] {processor.py:830} INFO - Processing file /home/airflow/.local/lib/python3.12/site-packages/airflow/example_dags/example_sla_dag.py for tasks to queue
[2024-04-15T17:20:42.035+0000] {logging_mixin.py:188} INFO - [2024-04-15T17:20:42.033+0000] {dagbag.py:540} INFO - Filling up the DagBag from /home/airflow/.local/lib/python3.12/site-packages/airflow/example_dags/example_sla_dag.py
[2024-04-15T17:20:42.076+0000] {processor.py:840} INFO - DAG(s) 'example_sla_dag' retrieved from /home/airflow/.local/lib/python3.12/site-packages/airflow/example_dags/example_sla_dag.py
[2024-04-15T17:20:42.110+0000] {logging_mixin.py:188} INFO - [2024-04-15T17:20:42.110+0000] {dag.py:3096} INFO - Sync 1 DAGs
[2024-04-15T17:20:42.128+0000] {logging_mixin.py:188} INFO - [2024-04-15T17:20:42.128+0000] {dag.py:3954} INFO - Setting next_dagrun for example_sla_dag to 2024-04-15 17:18:00+00:00, run_after=2024-04-15 17:20:00+00:00
[2024-04-15T17:20:42.137+0000] {processor.py:183} INFO - Processing /home/airflow/.local/lib/python3.12/site-packages/airflow/example_dags/example_sla_dag.py took 0.130 seconds
[2024-04-15T17:21:13.329+0000] {processor.py:161} INFO - Started process (PID=1046) to work on /home/airflow/.local/lib/python3.12/site-packages/airflow/example_dags/example_sla_dag.py
[2024-04-15T17:21:13.330+0000] {processor.py:830} INFO - Processing file /home/airflow/.local/lib/python3.12/site-packages/airflow/example_dags/example_sla_dag.py for tasks to queue
[2024-04-15T17:21:13.330+0000] {logging_mixin.py:188} INFO - [2024-04-15T17:21:13.330+0000] {dagbag.py:540} INFO - Filling up the DagBag from /home/airflow/.local/lib/python3.12/site-packages/airflow/example_dags/example_sla_dag.py
[2024-04-15T17:21:13.334+0000] {processor.py:840} INFO - DAG(s) 'example_sla_dag' retrieved from /home/airflow/.local/lib/python3.12/site-packages/airflow/example_dags/example_sla_dag.py
[2024-04-15T17:21:13.344+0000] {logging_mixin.py:188} INFO - [2024-04-15T17:21:13.344+0000] {dag.py:3096} INFO - Sync 1 DAGs
[2024-04-15T17:21:13.354+0000] {logging_mixin.py:188} INFO - [2024-04-15T17:21:13.354+0000] {dag.py:3954} INFO - Setting next_dagrun for example_sla_dag to 2024-04-15 17:18:00+00:00, run_after=2024-04-15 17:20:00+00:00
[2024-04-15T17:21:13.361+0000] {processor.py:183} INFO - Processing /home/airflow/.local/lib/python3.12/site-packages/airflow/example_dags/example_sla_dag.py took 0.034 seconds
[2024-04-15T17:21:44.849+0000] {processor.py:161} INFO - Started process (PID=1105) to work on /home/airflow/.local/lib/python3.12/site-packages/airflow/example_dags/example_sla_dag.py
[2024-04-15T17:21:44.849+0000] {processor.py:830} INFO - Processing file /home/airflow/.local/lib/python3.12/site-packages/airflow/example_dags/example_sla_dag.py for tasks to queue
[2024-04-15T17:21:44.850+0000] {logging_mixin.py:188} INFO - [2024-04-15T17:21:44.850+0000] {dagbag.py:540} INFO - Filling up the DagBag from /home/airflow/.local/lib/python3.12/site-packages/airflow/example_dags/example_sla_dag.py
[2024-04-15T17:21:44.855+0000] {processor.py:840} INFO - DAG(s) 'example_sla_dag' retrieved from /home/airflow/.local/lib/python3.12/site-packages/airflow/example_dags/example_sla_dag.py
[2024-04-15T17:21:44.867+0000] {logging_mixin.py:188} INFO - [2024-04-15T17:21:44.867+0000] {dag.py:3096} INFO - Sync 1 DAGs
[2024-04-15T17:21:44.989+0000] {logging_mixin.py:188} INFO - [2024-04-15T17:21:44.989+0000] {dag.py:3954} INFO - Setting next_dagrun for example_sla_dag to 2024-04-15 17:18:00+00:00, run_after=2024-04-15 17:20:00+00:00
[2024-04-15T17:21:45.000+0000] {processor.py:183} INFO - Processing /home/airflow/.local/lib/python3.12/site-packages/airflow/example_dags/example_sla_dag.py took 0.155 seconds
[2024-04-15T17:22:51.177+0000] {processor.py:161} INFO - Started process (PID=44) to work on /home/airflow/.local/lib/python3.12/site-packages/airflow/example_dags/example_sla_dag.py
[2024-04-15T17:22:51.182+0000] {processor.py:830} INFO - Processing file /home/airflow/.local/lib/python3.12/site-packages/airflow/example_dags/example_sla_dag.py for tasks to queue
[2024-04-15T17:22:51.189+0000] {logging_mixin.py:188} INFO - [2024-04-15T17:22:51.188+0000] {dagbag.py:540} INFO - Filling up the DagBag from /home/airflow/.local/lib/python3.12/site-packages/airflow/example_dags/example_sla_dag.py
[2024-04-15T17:22:51.231+0000] {processor.py:840} INFO - DAG(s) 'example_sla_dag' retrieved from /home/airflow/.local/lib/python3.12/site-packages/airflow/example_dags/example_sla_dag.py
[2024-04-15T17:22:51.260+0000] {logging_mixin.py:188} INFO - [2024-04-15T17:22:51.259+0000] {dag.py:3096} INFO - Sync 1 DAGs
[2024-04-15T17:22:51.328+0000] {logging_mixin.py:188} INFO - [2024-04-15T17:22:51.328+0000] {dag.py:3954} INFO - Setting next_dagrun for example_sla_dag to 2024-04-15 17:20:00+00:00, run_after=2024-04-15 17:22:00+00:00
[2024-04-15T17:22:51.389+0000] {processor.py:183} INFO - Processing /home/airflow/.local/lib/python3.12/site-packages/airflow/example_dags/example_sla_dag.py took 0.234 seconds
[2024-04-15T17:23:21.844+0000] {processor.py:161} INFO - Started process (PID=103) to work on /home/airflow/.local/lib/python3.12/site-packages/airflow/example_dags/example_sla_dag.py
[2024-04-15T17:23:21.845+0000] {processor.py:830} INFO - Processing file /home/airflow/.local/lib/python3.12/site-packages/airflow/example_dags/example_sla_dag.py for tasks to queue
[2024-04-15T17:23:21.848+0000] {logging_mixin.py:188} INFO - [2024-04-15T17:23:21.847+0000] {dagbag.py:540} INFO - Filling up the DagBag from /home/airflow/.local/lib/python3.12/site-packages/airflow/example_dags/example_sla_dag.py
[2024-04-15T17:23:21.852+0000] {processor.py:840} INFO - DAG(s) 'example_sla_dag' retrieved from /home/airflow/.local/lib/python3.12/site-packages/airflow/example_dags/example_sla_dag.py
[2024-04-15T17:23:21.904+0000] {logging_mixin.py:188} INFO - [2024-04-15T17:23:21.904+0000] {dag.py:3096} INFO - Sync 1 DAGs
[2024-04-15T17:23:21.918+0000] {logging_mixin.py:188} INFO - [2024-04-15T17:23:21.918+0000] {dag.py:3954} INFO - Setting next_dagrun for example_sla_dag to 2024-04-15 17:20:00+00:00, run_after=2024-04-15 17:22:00+00:00
[2024-04-15T17:23:21.926+0000] {processor.py:183} INFO - Processing /home/airflow/.local/lib/python3.12/site-packages/airflow/example_dags/example_sla_dag.py took 0.085 seconds
[2024-04-15T17:23:52.325+0000] {processor.py:161} INFO - Started process (PID=162) to work on /home/airflow/.local/lib/python3.12/site-packages/airflow/example_dags/example_sla_dag.py
[2024-04-15T17:23:52.326+0000] {processor.py:830} INFO - Processing file /home/airflow/.local/lib/python3.12/site-packages/airflow/example_dags/example_sla_dag.py for tasks to queue
[2024-04-15T17:23:52.328+0000] {logging_mixin.py:188} INFO - [2024-04-15T17:23:52.328+0000] {dagbag.py:540} INFO - Filling up the DagBag from /home/airflow/.local/lib/python3.12/site-packages/airflow/example_dags/example_sla_dag.py
[2024-04-15T17:23:52.333+0000] {processor.py:840} INFO - DAG(s) 'example_sla_dag' retrieved from /home/airflow/.local/lib/python3.12/site-packages/airflow/example_dags/example_sla_dag.py
[2024-04-15T17:23:52.344+0000] {logging_mixin.py:188} INFO - [2024-04-15T17:23:52.344+0000] {dag.py:3096} INFO - Sync 1 DAGs
[2024-04-15T17:23:52.355+0000] {logging_mixin.py:188} INFO - [2024-04-15T17:23:52.355+0000] {dag.py:3954} INFO - Setting next_dagrun for example_sla_dag to 2024-04-15 17:20:00+00:00, run_after=2024-04-15 17:22:00+00:00
[2024-04-15T17:23:52.364+0000] {processor.py:183} INFO - Processing /home/airflow/.local/lib/python3.12/site-packages/airflow/example_dags/example_sla_dag.py took 0.043 seconds
[2024-04-15T17:24:22.855+0000] {processor.py:161} INFO - Started process (PID=221) to work on /home/airflow/.local/lib/python3.12/site-packages/airflow/example_dags/example_sla_dag.py
[2024-04-15T17:24:22.856+0000] {processor.py:830} INFO - Processing file /home/airflow/.local/lib/python3.12/site-packages/airflow/example_dags/example_sla_dag.py for tasks to queue
[2024-04-15T17:24:22.857+0000] {logging_mixin.py:188} INFO - [2024-04-15T17:24:22.857+0000] {dagbag.py:540} INFO - Filling up the DagBag from /home/airflow/.local/lib/python3.12/site-packages/airflow/example_dags/example_sla_dag.py
[2024-04-15T17:24:22.863+0000] {processor.py:840} INFO - DAG(s) 'example_sla_dag' retrieved from /home/airflow/.local/lib/python3.12/site-packages/airflow/example_dags/example_sla_dag.py
[2024-04-15T17:24:22.874+0000] {logging_mixin.py:188} INFO - [2024-04-15T17:24:22.874+0000] {dag.py:3096} INFO - Sync 1 DAGs
[2024-04-15T17:24:22.885+0000] {logging_mixin.py:188} INFO - [2024-04-15T17:24:22.885+0000] {dag.py:3954} INFO - Setting next_dagrun for example_sla_dag to 2024-04-15 17:22:00+00:00, run_after=2024-04-15 17:24:00+00:00
[2024-04-15T17:24:22.894+0000] {processor.py:183} INFO - Processing /home/airflow/.local/lib/python3.12/site-packages/airflow/example_dags/example_sla_dag.py took 0.041 seconds
[2024-04-15T17:24:58.113+0000] {processor.py:161} INFO - Started process (PID=289) to work on /home/airflow/.local/lib/python3.12/site-packages/airflow/example_dags/example_sla_dag.py
[2024-04-15T17:24:58.114+0000] {processor.py:830} INFO - Processing file /home/airflow/.local/lib/python3.12/site-packages/airflow/example_dags/example_sla_dag.py for tasks to queue
[2024-04-15T17:24:58.116+0000] {logging_mixin.py:188} INFO - [2024-04-15T17:24:58.116+0000] {dagbag.py:540} INFO - Filling up the DagBag from /home/airflow/.local/lib/python3.12/site-packages/airflow/example_dags/example_sla_dag.py
[2024-04-15T17:24:58.514+0000] {processor.py:840} INFO - DAG(s) 'example_sla_dag' retrieved from /home/airflow/.local/lib/python3.12/site-packages/airflow/example_dags/example_sla_dag.py
[2024-04-15T17:24:58.575+0000] {logging_mixin.py:188} INFO - [2024-04-15T17:24:58.574+0000] {dag.py:3096} INFO - Sync 1 DAGs
[2024-04-15T17:24:58.610+0000] {logging_mixin.py:188} INFO - [2024-04-15T17:24:58.610+0000] {dag.py:3954} INFO - Setting next_dagrun for example_sla_dag to 2024-04-15 17:22:00+00:00, run_after=2024-04-15 17:24:00+00:00
[2024-04-15T17:24:58.635+0000] {processor.py:183} INFO - Processing /home/airflow/.local/lib/python3.12/site-packages/airflow/example_dags/example_sla_dag.py took 0.536 seconds
[2024-04-15T17:26:24.616+0000] {processor.py:161} INFO - Started process (PID=50) to work on /home/airflow/.local/lib/python3.12/site-packages/airflow/example_dags/example_sla_dag.py
[2024-04-15T17:26:24.621+0000] {processor.py:830} INFO - Processing file /home/airflow/.local/lib/python3.12/site-packages/airflow/example_dags/example_sla_dag.py for tasks to queue
[2024-04-15T17:26:24.631+0000] {logging_mixin.py:188} INFO - [2024-04-15T17:26:24.629+0000] {dagbag.py:540} INFO - Filling up the DagBag from /home/airflow/.local/lib/python3.12/site-packages/airflow/example_dags/example_sla_dag.py
[2024-04-15T17:26:24.684+0000] {processor.py:840} INFO - DAG(s) 'example_sla_dag' retrieved from /home/airflow/.local/lib/python3.12/site-packages/airflow/example_dags/example_sla_dag.py
[2024-04-15T17:26:24.706+0000] {logging_mixin.py:188} INFO - [2024-04-15T17:26:24.706+0000] {dag.py:3096} INFO - Sync 1 DAGs
[2024-04-15T17:26:24.778+0000] {logging_mixin.py:188} INFO - [2024-04-15T17:26:24.778+0000] {dag.py:3954} INFO - Setting next_dagrun for example_sla_dag to 2024-04-15 17:24:00+00:00, run_after=2024-04-15 17:26:00+00:00
[2024-04-15T17:26:24.807+0000] {processor.py:183} INFO - Processing /home/airflow/.local/lib/python3.12/site-packages/airflow/example_dags/example_sla_dag.py took 0.265 seconds
[2024-04-15T17:26:55.607+0000] {processor.py:161} INFO - Started process (PID=109) to work on /home/airflow/.local/lib/python3.12/site-packages/airflow/example_dags/example_sla_dag.py
[2024-04-15T17:26:55.608+0000] {processor.py:830} INFO - Processing file /home/airflow/.local/lib/python3.12/site-packages/airflow/example_dags/example_sla_dag.py for tasks to queue
[2024-04-15T17:26:55.610+0000] {logging_mixin.py:188} INFO - [2024-04-15T17:26:55.610+0000] {dagbag.py:540} INFO - Filling up the DagBag from /home/airflow/.local/lib/python3.12/site-packages/airflow/example_dags/example_sla_dag.py
[2024-04-15T17:26:55.616+0000] {processor.py:840} INFO - DAG(s) 'example_sla_dag' retrieved from /home/airflow/.local/lib/python3.12/site-packages/airflow/example_dags/example_sla_dag.py
[2024-04-15T17:26:55.777+0000] {logging_mixin.py:188} INFO - [2024-04-15T17:26:55.777+0000] {dag.py:3096} INFO - Sync 1 DAGs
[2024-04-15T17:26:55.788+0000] {logging_mixin.py:188} INFO - [2024-04-15T17:26:55.788+0000] {dag.py:3954} INFO - Setting next_dagrun for example_sla_dag to 2024-04-15 17:24:00+00:00, run_after=2024-04-15 17:26:00+00:00
[2024-04-15T17:26:55.797+0000] {processor.py:183} INFO - Processing /home/airflow/.local/lib/python3.12/site-packages/airflow/example_dags/example_sla_dag.py took 0.196 seconds
[2024-04-15T17:27:26.501+0000] {processor.py:161} INFO - Started process (PID=169) to work on /home/airflow/.local/lib/python3.12/site-packages/airflow/example_dags/example_sla_dag.py
[2024-04-15T17:27:26.502+0000] {processor.py:830} INFO - Processing file /home/airflow/.local/lib/python3.12/site-packages/airflow/example_dags/example_sla_dag.py for tasks to queue
[2024-04-15T17:27:26.503+0000] {logging_mixin.py:188} INFO - [2024-04-15T17:27:26.503+0000] {dagbag.py:540} INFO - Filling up the DagBag from /home/airflow/.local/lib/python3.12/site-packages/airflow/example_dags/example_sla_dag.py
[2024-04-15T17:27:26.508+0000] {processor.py:840} INFO - DAG(s) 'example_sla_dag' retrieved from /home/airflow/.local/lib/python3.12/site-packages/airflow/example_dags/example_sla_dag.py
[2024-04-15T17:27:26.521+0000] {logging_mixin.py:188} INFO - [2024-04-15T17:27:26.520+0000] {dag.py:3096} INFO - Sync 1 DAGs
[2024-04-15T17:27:26.538+0000] {logging_mixin.py:188} INFO - [2024-04-15T17:27:26.538+0000] {dag.py:3954} INFO - Setting next_dagrun for example_sla_dag to 2024-04-15 17:24:00+00:00, run_after=2024-04-15 17:26:00+00:00
[2024-04-15T17:27:26.548+0000] {processor.py:183} INFO - Processing /home/airflow/.local/lib/python3.12/site-packages/airflow/example_dags/example_sla_dag.py took 0.050 seconds
[2024-04-15T17:27:56.985+0000] {processor.py:161} INFO - Started process (PID=229) to work on /home/airflow/.local/lib/python3.12/site-packages/airflow/example_dags/example_sla_dag.py
[2024-04-15T17:27:56.985+0000] {processor.py:830} INFO - Processing file /home/airflow/.local/lib/python3.12/site-packages/airflow/example_dags/example_sla_dag.py for tasks to queue
[2024-04-15T17:27:56.987+0000] {logging_mixin.py:188} INFO - [2024-04-15T17:27:56.987+0000] {dagbag.py:540} INFO - Filling up the DagBag from /home/airflow/.local/lib/python3.12/site-packages/airflow/example_dags/example_sla_dag.py
[2024-04-15T17:27:56.998+0000] {processor.py:840} INFO - DAG(s) 'example_sla_dag' retrieved from /home/airflow/.local/lib/python3.12/site-packages/airflow/example_dags/example_sla_dag.py
[2024-04-15T17:27:57.013+0000] {logging_mixin.py:188} INFO - [2024-04-15T17:27:57.013+0000] {dag.py:3096} INFO - Sync 1 DAGs
[2024-04-15T17:27:57.030+0000] {logging_mixin.py:188} INFO - [2024-04-15T17:27:57.030+0000] {dag.py:3954} INFO - Setting next_dagrun for example_sla_dag to 2024-04-15 17:24:00+00:00, run_after=2024-04-15 17:26:00+00:00
[2024-04-15T17:27:57.039+0000] {processor.py:183} INFO - Processing /home/airflow/.local/lib/python3.12/site-packages/airflow/example_dags/example_sla_dag.py took 0.058 seconds
[2024-04-15T17:28:27.430+0000] {processor.py:161} INFO - Started process (PID=289) to work on /home/airflow/.local/lib/python3.12/site-packages/airflow/example_dags/example_sla_dag.py
[2024-04-15T17:28:27.432+0000] {processor.py:830} INFO - Processing file /home/airflow/.local/lib/python3.12/site-packages/airflow/example_dags/example_sla_dag.py for tasks to queue
[2024-04-15T17:28:27.438+0000] {logging_mixin.py:188} INFO - [2024-04-15T17:28:27.437+0000] {dagbag.py:540} INFO - Filling up the DagBag from /home/airflow/.local/lib/python3.12/site-packages/airflow/example_dags/example_sla_dag.py
[2024-04-15T17:28:27.454+0000] {processor.py:840} INFO - DAG(s) 'example_sla_dag' retrieved from /home/airflow/.local/lib/python3.12/site-packages/airflow/example_dags/example_sla_dag.py
[2024-04-15T17:28:27.474+0000] {logging_mixin.py:188} INFO - [2024-04-15T17:28:27.474+0000] {dag.py:3096} INFO - Sync 1 DAGs
[2024-04-15T17:28:27.510+0000] {logging_mixin.py:188} INFO - [2024-04-15T17:28:27.510+0000] {dag.py:3954} INFO - Setting next_dagrun for example_sla_dag to 2024-04-15 17:26:00+00:00, run_after=2024-04-15 17:28:00+00:00
[2024-04-15T17:28:27.519+0000] {processor.py:183} INFO - Processing /home/airflow/.local/lib/python3.12/site-packages/airflow/example_dags/example_sla_dag.py took 0.093 seconds
[2024-04-15T17:28:59.145+0000] {processor.py:161} INFO - Started process (PID=355) to work on /home/airflow/.local/lib/python3.12/site-packages/airflow/example_dags/example_sla_dag.py
[2024-04-15T17:28:59.152+0000] {processor.py:830} INFO - Processing file /home/airflow/.local/lib/python3.12/site-packages/airflow/example_dags/example_sla_dag.py for tasks to queue
[2024-04-15T17:28:59.163+0000] {logging_mixin.py:188} INFO - [2024-04-15T17:28:59.163+0000] {dagbag.py:540} INFO - Filling up the DagBag from /home/airflow/.local/lib/python3.12/site-packages/airflow/example_dags/example_sla_dag.py
[2024-04-15T17:28:59.204+0000] {processor.py:840} INFO - DAG(s) 'example_sla_dag' retrieved from /home/airflow/.local/lib/python3.12/site-packages/airflow/example_dags/example_sla_dag.py
[2024-04-15T17:28:59.324+0000] {logging_mixin.py:188} INFO - [2024-04-15T17:28:59.324+0000] {dag.py:3096} INFO - Sync 1 DAGs
[2024-04-15T17:28:59.415+0000] {logging_mixin.py:188} INFO - [2024-04-15T17:28:59.415+0000] {dag.py:3954} INFO - Setting next_dagrun for example_sla_dag to 2024-04-15 17:26:00+00:00, run_after=2024-04-15 17:28:00+00:00
[2024-04-15T17:28:59.571+0000] {processor.py:183} INFO - Processing /home/airflow/.local/lib/python3.12/site-packages/airflow/example_dags/example_sla_dag.py took 0.443 seconds
[2024-04-15T17:29:29.979+0000] {processor.py:161} INFO - Started process (PID=413) to work on /home/airflow/.local/lib/python3.12/site-packages/airflow/example_dags/example_sla_dag.py
[2024-04-15T17:29:29.979+0000] {processor.py:830} INFO - Processing file /home/airflow/.local/lib/python3.12/site-packages/airflow/example_dags/example_sla_dag.py for tasks to queue
[2024-04-15T17:29:29.981+0000] {logging_mixin.py:188} INFO - [2024-04-15T17:29:29.980+0000] {dagbag.py:540} INFO - Filling up the DagBag from /home/airflow/.local/lib/python3.12/site-packages/airflow/example_dags/example_sla_dag.py
[2024-04-15T17:29:29.987+0000] {processor.py:840} INFO - DAG(s) 'example_sla_dag' retrieved from /home/airflow/.local/lib/python3.12/site-packages/airflow/example_dags/example_sla_dag.py
[2024-04-15T17:29:29.998+0000] {logging_mixin.py:188} INFO - [2024-04-15T17:29:29.998+0000] {dag.py:3096} INFO - Sync 1 DAGs
[2024-04-15T17:29:30.011+0000] {logging_mixin.py:188} INFO - [2024-04-15T17:29:30.010+0000] {dag.py:3954} INFO - Setting next_dagrun for example_sla_dag to 2024-04-15 17:26:00+00:00, run_after=2024-04-15 17:28:00+00:00
[2024-04-15T17:29:30.022+0000] {processor.py:183} INFO - Processing /home/airflow/.local/lib/python3.12/site-packages/airflow/example_dags/example_sla_dag.py took 0.048 seconds
[2024-04-15T17:30:00.258+0000] {processor.py:161} INFO - Started process (PID=473) to work on /home/airflow/.local/lib/python3.12/site-packages/airflow/example_dags/example_sla_dag.py
[2024-04-15T17:30:00.259+0000] {processor.py:830} INFO - Processing file /home/airflow/.local/lib/python3.12/site-packages/airflow/example_dags/example_sla_dag.py for tasks to queue
[2024-04-15T17:30:00.262+0000] {logging_mixin.py:188} INFO - [2024-04-15T17:30:00.261+0000] {dagbag.py:540} INFO - Filling up the DagBag from /home/airflow/.local/lib/python3.12/site-packages/airflow/example_dags/example_sla_dag.py
[2024-04-15T17:30:00.273+0000] {processor.py:840} INFO - DAG(s) 'example_sla_dag' retrieved from /home/airflow/.local/lib/python3.12/site-packages/airflow/example_dags/example_sla_dag.py
[2024-04-15T17:30:00.290+0000] {logging_mixin.py:188} INFO - [2024-04-15T17:30:00.290+0000] {dag.py:3096} INFO - Sync 1 DAGs
[2024-04-15T17:30:00.303+0000] {logging_mixin.py:188} INFO - [2024-04-15T17:30:00.303+0000] {dag.py:3954} INFO - Setting next_dagrun for example_sla_dag to 2024-04-15 17:28:00+00:00, run_after=2024-04-15 17:30:00+00:00
[2024-04-15T17:30:00.314+0000] {processor.py:183} INFO - Processing /home/airflow/.local/lib/python3.12/site-packages/airflow/example_dags/example_sla_dag.py took 0.064 seconds
[2024-04-15T17:30:30.600+0000] {processor.py:161} INFO - Started process (PID=534) to work on /home/airflow/.local/lib/python3.12/site-packages/airflow/example_dags/example_sla_dag.py
[2024-04-15T17:30:30.601+0000] {processor.py:830} INFO - Processing file /home/airflow/.local/lib/python3.12/site-packages/airflow/example_dags/example_sla_dag.py for tasks to queue
[2024-04-15T17:30:30.604+0000] {logging_mixin.py:188} INFO - [2024-04-15T17:30:30.603+0000] {dagbag.py:540} INFO - Filling up the DagBag from /home/airflow/.local/lib/python3.12/site-packages/airflow/example_dags/example_sla_dag.py
[2024-04-15T17:30:30.615+0000] {processor.py:840} INFO - DAG(s) 'example_sla_dag' retrieved from /home/airflow/.local/lib/python3.12/site-packages/airflow/example_dags/example_sla_dag.py
[2024-04-15T17:30:30.637+0000] {logging_mixin.py:188} INFO - [2024-04-15T17:30:30.637+0000] {dag.py:3096} INFO - Sync 1 DAGs
[2024-04-15T17:30:30.657+0000] {logging_mixin.py:188} INFO - [2024-04-15T17:30:30.657+0000] {dag.py:3954} INFO - Setting next_dagrun for example_sla_dag to 2024-04-15 17:28:00+00:00, run_after=2024-04-15 17:30:00+00:00
[2024-04-15T17:30:30.668+0000] {processor.py:183} INFO - Processing /home/airflow/.local/lib/python3.12/site-packages/airflow/example_dags/example_sla_dag.py took 0.078 seconds
[2024-04-15T17:31:00.760+0000] {processor.py:161} INFO - Started process (PID=594) to work on /home/airflow/.local/lib/python3.12/site-packages/airflow/example_dags/example_sla_dag.py
[2024-04-15T17:31:00.761+0000] {processor.py:830} INFO - Processing file /home/airflow/.local/lib/python3.12/site-packages/airflow/example_dags/example_sla_dag.py for tasks to queue
[2024-04-15T17:31:00.765+0000] {logging_mixin.py:188} INFO - [2024-04-15T17:31:00.765+0000] {dagbag.py:540} INFO - Filling up the DagBag from /home/airflow/.local/lib/python3.12/site-packages/airflow/example_dags/example_sla_dag.py
[2024-04-15T17:31:00.776+0000] {processor.py:840} INFO - DAG(s) 'example_sla_dag' retrieved from /home/airflow/.local/lib/python3.12/site-packages/airflow/example_dags/example_sla_dag.py
[2024-04-15T17:31:00.808+0000] {logging_mixin.py:188} INFO - [2024-04-15T17:31:00.808+0000] {dag.py:3096} INFO - Sync 1 DAGs
[2024-04-15T17:31:00.828+0000] {logging_mixin.py:188} INFO - [2024-04-15T17:31:00.828+0000] {dag.py:3954} INFO - Setting next_dagrun for example_sla_dag to 2024-04-15 17:28:00+00:00, run_after=2024-04-15 17:30:00+00:00
[2024-04-15T17:31:00.840+0000] {processor.py:183} INFO - Processing /home/airflow/.local/lib/python3.12/site-packages/airflow/example_dags/example_sla_dag.py took 0.088 seconds
[2024-04-15T17:31:31.686+0000] {processor.py:161} INFO - Started process (PID=654) to work on /home/airflow/.local/lib/python3.12/site-packages/airflow/example_dags/example_sla_dag.py
[2024-04-15T17:31:31.688+0000] {processor.py:830} INFO - Processing file /home/airflow/.local/lib/python3.12/site-packages/airflow/example_dags/example_sla_dag.py for tasks to queue
[2024-04-15T17:31:31.692+0000] {logging_mixin.py:188} INFO - [2024-04-15T17:31:31.691+0000] {dagbag.py:540} INFO - Filling up the DagBag from /home/airflow/.local/lib/python3.12/site-packages/airflow/example_dags/example_sla_dag.py
[2024-04-15T17:31:31.704+0000] {processor.py:840} INFO - DAG(s) 'example_sla_dag' retrieved from /home/airflow/.local/lib/python3.12/site-packages/airflow/example_dags/example_sla_dag.py
[2024-04-15T17:31:31.721+0000] {logging_mixin.py:188} INFO - [2024-04-15T17:31:31.721+0000] {dag.py:3096} INFO - Sync 1 DAGs
[2024-04-15T17:31:31.750+0000] {logging_mixin.py:188} INFO - [2024-04-15T17:31:31.750+0000] {dag.py:3954} INFO - Setting next_dagrun for example_sla_dag to 2024-04-15 17:28:00+00:00, run_after=2024-04-15 17:30:00+00:00
[2024-04-15T17:31:31.759+0000] {processor.py:183} INFO - Processing /home/airflow/.local/lib/python3.12/site-packages/airflow/example_dags/example_sla_dag.py took 0.082 seconds
[2024-04-15T17:32:02.224+0000] {processor.py:161} INFO - Started process (PID=714) to work on /home/airflow/.local/lib/python3.12/site-packages/airflow/example_dags/example_sla_dag.py
[2024-04-15T17:32:02.225+0000] {processor.py:830} INFO - Processing file /home/airflow/.local/lib/python3.12/site-packages/airflow/example_dags/example_sla_dag.py for tasks to queue
[2024-04-15T17:32:02.227+0000] {logging_mixin.py:188} INFO - [2024-04-15T17:32:02.227+0000] {dagbag.py:540} INFO - Filling up the DagBag from /home/airflow/.local/lib/python3.12/site-packages/airflow/example_dags/example_sla_dag.py
[2024-04-15T17:32:02.237+0000] {processor.py:840} INFO - DAG(s) 'example_sla_dag' retrieved from /home/airflow/.local/lib/python3.12/site-packages/airflow/example_dags/example_sla_dag.py
[2024-04-15T17:32:02.252+0000] {logging_mixin.py:188} INFO - [2024-04-15T17:32:02.252+0000] {dag.py:3096} INFO - Sync 1 DAGs
[2024-04-15T17:32:02.267+0000] {logging_mixin.py:188} INFO - [2024-04-15T17:32:02.267+0000] {dag.py:3954} INFO - Setting next_dagrun for example_sla_dag to 2024-04-15 17:30:00+00:00, run_after=2024-04-15 17:32:00+00:00
[2024-04-15T17:32:02.276+0000] {processor.py:183} INFO - Processing /home/airflow/.local/lib/python3.12/site-packages/airflow/example_dags/example_sla_dag.py took 0.058 seconds
[2024-04-15T17:32:32.568+0000] {processor.py:161} INFO - Started process (PID=774) to work on /home/airflow/.local/lib/python3.12/site-packages/airflow/example_dags/example_sla_dag.py
[2024-04-15T17:32:32.569+0000] {processor.py:830} INFO - Processing file /home/airflow/.local/lib/python3.12/site-packages/airflow/example_dags/example_sla_dag.py for tasks to queue
[2024-04-15T17:32:32.574+0000] {logging_mixin.py:188} INFO - [2024-04-15T17:32:32.573+0000] {dagbag.py:540} INFO - Filling up the DagBag from /home/airflow/.local/lib/python3.12/site-packages/airflow/example_dags/example_sla_dag.py
[2024-04-15T17:32:32.587+0000] {processor.py:840} INFO - DAG(s) 'example_sla_dag' retrieved from /home/airflow/.local/lib/python3.12/site-packages/airflow/example_dags/example_sla_dag.py
[2024-04-15T17:32:32.624+0000] {logging_mixin.py:188} INFO - [2024-04-15T17:32:32.623+0000] {dag.py:3096} INFO - Sync 1 DAGs
[2024-04-15T17:32:32.649+0000] {logging_mixin.py:188} INFO - [2024-04-15T17:32:32.649+0000] {dag.py:3954} INFO - Setting next_dagrun for example_sla_dag to 2024-04-15 17:30:00+00:00, run_after=2024-04-15 17:32:00+00:00
[2024-04-15T17:32:32.660+0000] {processor.py:183} INFO - Processing /home/airflow/.local/lib/python3.12/site-packages/airflow/example_dags/example_sla_dag.py took 0.103 seconds
[2024-04-15T17:33:03.380+0000] {processor.py:161} INFO - Started process (PID=834) to work on /home/airflow/.local/lib/python3.12/site-packages/airflow/example_dags/example_sla_dag.py
[2024-04-15T17:33:03.381+0000] {processor.py:830} INFO - Processing file /home/airflow/.local/lib/python3.12/site-packages/airflow/example_dags/example_sla_dag.py for tasks to queue
[2024-04-15T17:33:03.384+0000] {logging_mixin.py:188} INFO - [2024-04-15T17:33:03.384+0000] {dagbag.py:540} INFO - Filling up the DagBag from /home/airflow/.local/lib/python3.12/site-packages/airflow/example_dags/example_sla_dag.py
[2024-04-15T17:33:03.402+0000] {processor.py:840} INFO - DAG(s) 'example_sla_dag' retrieved from /home/airflow/.local/lib/python3.12/site-packages/airflow/example_dags/example_sla_dag.py
[2024-04-15T17:33:03.424+0000] {logging_mixin.py:188} INFO - [2024-04-15T17:33:03.424+0000] {dag.py:3096} INFO - Sync 1 DAGs
[2024-04-15T17:33:03.445+0000] {logging_mixin.py:188} INFO - [2024-04-15T17:33:03.445+0000] {dag.py:3954} INFO - Setting next_dagrun for example_sla_dag to 2024-04-15 17:30:00+00:00, run_after=2024-04-15 17:32:00+00:00
[2024-04-15T17:33:03.456+0000] {processor.py:183} INFO - Processing /home/airflow/.local/lib/python3.12/site-packages/airflow/example_dags/example_sla_dag.py took 0.084 seconds
[2024-04-15T17:33:34.096+0000] {processor.py:161} INFO - Started process (PID=894) to work on /home/airflow/.local/lib/python3.12/site-packages/airflow/example_dags/example_sla_dag.py
[2024-04-15T17:33:34.098+0000] {processor.py:830} INFO - Processing file /home/airflow/.local/lib/python3.12/site-packages/airflow/example_dags/example_sla_dag.py for tasks to queue
[2024-04-15T17:33:34.101+0000] {logging_mixin.py:188} INFO - [2024-04-15T17:33:34.100+0000] {dagbag.py:540} INFO - Filling up the DagBag from /home/airflow/.local/lib/python3.12/site-packages/airflow/example_dags/example_sla_dag.py
[2024-04-15T17:33:34.109+0000] {processor.py:840} INFO - DAG(s) 'example_sla_dag' retrieved from /home/airflow/.local/lib/python3.12/site-packages/airflow/example_dags/example_sla_dag.py
[2024-04-15T17:33:34.120+0000] {logging_mixin.py:188} INFO - [2024-04-15T17:33:34.120+0000] {dag.py:3096} INFO - Sync 1 DAGs
[2024-04-15T17:33:34.133+0000] {logging_mixin.py:188} INFO - [2024-04-15T17:33:34.133+0000] {dag.py:3954} INFO - Setting next_dagrun for example_sla_dag to 2024-04-15 17:30:00+00:00, run_after=2024-04-15 17:32:00+00:00
[2024-04-15T17:33:34.141+0000] {processor.py:183} INFO - Processing /home/airflow/.local/lib/python3.12/site-packages/airflow/example_dags/example_sla_dag.py took 0.052 seconds
[2024-04-15T17:34:04.444+0000] {processor.py:161} INFO - Started process (PID=954) to work on /home/airflow/.local/lib/python3.12/site-packages/airflow/example_dags/example_sla_dag.py
[2024-04-15T17:34:04.445+0000] {processor.py:830} INFO - Processing file /home/airflow/.local/lib/python3.12/site-packages/airflow/example_dags/example_sla_dag.py for tasks to queue
[2024-04-15T17:34:04.447+0000] {logging_mixin.py:188} INFO - [2024-04-15T17:34:04.447+0000] {dagbag.py:540} INFO - Filling up the DagBag from /home/airflow/.local/lib/python3.12/site-packages/airflow/example_dags/example_sla_dag.py
[2024-04-15T17:34:04.457+0000] {processor.py:840} INFO - DAG(s) 'example_sla_dag' retrieved from /home/airflow/.local/lib/python3.12/site-packages/airflow/example_dags/example_sla_dag.py
[2024-04-15T17:34:04.470+0000] {logging_mixin.py:188} INFO - [2024-04-15T17:34:04.470+0000] {dag.py:3096} INFO - Sync 1 DAGs
[2024-04-15T17:34:04.483+0000] {logging_mixin.py:188} INFO - [2024-04-15T17:34:04.483+0000] {dag.py:3954} INFO - Setting next_dagrun for example_sla_dag to 2024-04-15 17:32:00+00:00, run_after=2024-04-15 17:34:00+00:00
[2024-04-15T17:34:04.491+0000] {processor.py:183} INFO - Processing /home/airflow/.local/lib/python3.12/site-packages/airflow/example_dags/example_sla_dag.py took 0.055 seconds
[2024-04-15T17:34:34.774+0000] {processor.py:161} INFO - Started process (PID=1014) to work on /home/airflow/.local/lib/python3.12/site-packages/airflow/example_dags/example_sla_dag.py
[2024-04-15T17:34:34.775+0000] {processor.py:830} INFO - Processing file /home/airflow/.local/lib/python3.12/site-packages/airflow/example_dags/example_sla_dag.py for tasks to queue
[2024-04-15T17:34:34.778+0000] {logging_mixin.py:188} INFO - [2024-04-15T17:34:34.777+0000] {dagbag.py:540} INFO - Filling up the DagBag from /home/airflow/.local/lib/python3.12/site-packages/airflow/example_dags/example_sla_dag.py
[2024-04-15T17:34:34.794+0000] {processor.py:840} INFO - DAG(s) 'example_sla_dag' retrieved from /home/airflow/.local/lib/python3.12/site-packages/airflow/example_dags/example_sla_dag.py
[2024-04-15T17:34:34.811+0000] {logging_mixin.py:188} INFO - [2024-04-15T17:34:34.811+0000] {dag.py:3096} INFO - Sync 1 DAGs
[2024-04-15T17:34:34.824+0000] {logging_mixin.py:188} INFO - [2024-04-15T17:34:34.824+0000] {dag.py:3954} INFO - Setting next_dagrun for example_sla_dag to 2024-04-15 17:32:00+00:00, run_after=2024-04-15 17:34:00+00:00
[2024-04-15T17:34:34.833+0000] {processor.py:183} INFO - Processing /home/airflow/.local/lib/python3.12/site-packages/airflow/example_dags/example_sla_dag.py took 0.065 seconds
[2024-04-15T17:35:05.467+0000] {processor.py:161} INFO - Started process (PID=1074) to work on /home/airflow/.local/lib/python3.12/site-packages/airflow/example_dags/example_sla_dag.py
[2024-04-15T17:35:05.470+0000] {processor.py:830} INFO - Processing file /home/airflow/.local/lib/python3.12/site-packages/airflow/example_dags/example_sla_dag.py for tasks to queue
[2024-04-15T17:35:05.472+0000] {logging_mixin.py:188} INFO - [2024-04-15T17:35:05.472+0000] {dagbag.py:540} INFO - Filling up the DagBag from /home/airflow/.local/lib/python3.12/site-packages/airflow/example_dags/example_sla_dag.py
[2024-04-15T17:35:05.483+0000] {processor.py:840} INFO - DAG(s) 'example_sla_dag' retrieved from /home/airflow/.local/lib/python3.12/site-packages/airflow/example_dags/example_sla_dag.py
[2024-04-15T17:35:05.497+0000] {logging_mixin.py:188} INFO - [2024-04-15T17:35:05.497+0000] {dag.py:3096} INFO - Sync 1 DAGs
[2024-04-15T17:35:05.515+0000] {logging_mixin.py:188} INFO - [2024-04-15T17:35:05.515+0000] {dag.py:3954} INFO - Setting next_dagrun for example_sla_dag to 2024-04-15 17:32:00+00:00, run_after=2024-04-15 17:34:00+00:00
[2024-04-15T17:35:05.524+0000] {processor.py:183} INFO - Processing /home/airflow/.local/lib/python3.12/site-packages/airflow/example_dags/example_sla_dag.py took 0.074 seconds
[2024-04-15T17:35:35.822+0000] {processor.py:161} INFO - Started process (PID=1134) to work on /home/airflow/.local/lib/python3.12/site-packages/airflow/example_dags/example_sla_dag.py
[2024-04-15T17:35:35.824+0000] {processor.py:830} INFO - Processing file /home/airflow/.local/lib/python3.12/site-packages/airflow/example_dags/example_sla_dag.py for tasks to queue
[2024-04-15T17:35:35.827+0000] {logging_mixin.py:188} INFO - [2024-04-15T17:35:35.826+0000] {dagbag.py:540} INFO - Filling up the DagBag from /home/airflow/.local/lib/python3.12/site-packages/airflow/example_dags/example_sla_dag.py
[2024-04-15T17:35:35.836+0000] {processor.py:840} INFO - DAG(s) 'example_sla_dag' retrieved from /home/airflow/.local/lib/python3.12/site-packages/airflow/example_dags/example_sla_dag.py
[2024-04-15T17:35:35.854+0000] {logging_mixin.py:188} INFO - [2024-04-15T17:35:35.854+0000] {dag.py:3096} INFO - Sync 1 DAGs
[2024-04-15T17:35:35.879+0000] {logging_mixin.py:188} INFO - [2024-04-15T17:35:35.879+0000] {dag.py:3954} INFO - Setting next_dagrun for example_sla_dag to 2024-04-15 17:32:00+00:00, run_after=2024-04-15 17:34:00+00:00
[2024-04-15T17:35:35.893+0000] {processor.py:183} INFO - Processing /home/airflow/.local/lib/python3.12/site-packages/airflow/example_dags/example_sla_dag.py took 0.080 seconds
[2024-04-15T17:36:06.645+0000] {processor.py:161} INFO - Started process (PID=1194) to work on /home/airflow/.local/lib/python3.12/site-packages/airflow/example_dags/example_sla_dag.py
[2024-04-15T17:36:06.647+0000] {processor.py:830} INFO - Processing file /home/airflow/.local/lib/python3.12/site-packages/airflow/example_dags/example_sla_dag.py for tasks to queue
[2024-04-15T17:36:06.650+0000] {logging_mixin.py:188} INFO - [2024-04-15T17:36:06.649+0000] {dagbag.py:540} INFO - Filling up the DagBag from /home/airflow/.local/lib/python3.12/site-packages/airflow/example_dags/example_sla_dag.py
[2024-04-15T17:36:06.660+0000] {processor.py:840} INFO - DAG(s) 'example_sla_dag' retrieved from /home/airflow/.local/lib/python3.12/site-packages/airflow/example_dags/example_sla_dag.py
[2024-04-15T17:36:06.673+0000] {logging_mixin.py:188} INFO - [2024-04-15T17:36:06.673+0000] {dag.py:3096} INFO - Sync 1 DAGs
[2024-04-15T17:36:06.687+0000] {logging_mixin.py:188} INFO - [2024-04-15T17:36:06.687+0000] {dag.py:3954} INFO - Setting next_dagrun for example_sla_dag to 2024-04-15 17:34:00+00:00, run_after=2024-04-15 17:36:00+00:00
[2024-04-15T17:36:06.695+0000] {processor.py:183} INFO - Processing /home/airflow/.local/lib/python3.12/site-packages/airflow/example_dags/example_sla_dag.py took 0.059 seconds
[2024-04-15T17:36:37.137+0000] {processor.py:161} INFO - Started process (PID=1253) to work on /home/airflow/.local/lib/python3.12/site-packages/airflow/example_dags/example_sla_dag.py
[2024-04-15T17:36:37.153+0000] {processor.py:830} INFO - Processing file /home/airflow/.local/lib/python3.12/site-packages/airflow/example_dags/example_sla_dag.py for tasks to queue
[2024-04-15T17:36:37.157+0000] {logging_mixin.py:188} INFO - [2024-04-15T17:36:37.156+0000] {dagbag.py:540} INFO - Filling up the DagBag from /home/airflow/.local/lib/python3.12/site-packages/airflow/example_dags/example_sla_dag.py
[2024-04-15T17:36:37.171+0000] {processor.py:840} INFO - DAG(s) 'example_sla_dag' retrieved from /home/airflow/.local/lib/python3.12/site-packages/airflow/example_dags/example_sla_dag.py
[2024-04-15T17:36:37.205+0000] {logging_mixin.py:188} INFO - [2024-04-15T17:36:37.205+0000] {dag.py:3096} INFO - Sync 1 DAGs
[2024-04-15T17:36:37.225+0000] {logging_mixin.py:188} INFO - [2024-04-15T17:36:37.225+0000] {dag.py:3954} INFO - Setting next_dagrun for example_sla_dag to 2024-04-15 17:34:00+00:00, run_after=2024-04-15 17:36:00+00:00
[2024-04-15T17:36:37.236+0000] {processor.py:183} INFO - Processing /home/airflow/.local/lib/python3.12/site-packages/airflow/example_dags/example_sla_dag.py took 0.111 seconds
[2024-04-15T17:37:07.888+0000] {processor.py:161} INFO - Started process (PID=1313) to work on /home/airflow/.local/lib/python3.12/site-packages/airflow/example_dags/example_sla_dag.py
[2024-04-15T17:37:07.892+0000] {processor.py:830} INFO - Processing file /home/airflow/.local/lib/python3.12/site-packages/airflow/example_dags/example_sla_dag.py for tasks to queue
[2024-04-15T17:37:07.896+0000] {logging_mixin.py:188} INFO - [2024-04-15T17:37:07.895+0000] {dagbag.py:540} INFO - Filling up the DagBag from /home/airflow/.local/lib/python3.12/site-packages/airflow/example_dags/example_sla_dag.py
[2024-04-15T17:37:07.912+0000] {processor.py:840} INFO - DAG(s) 'example_sla_dag' retrieved from /home/airflow/.local/lib/python3.12/site-packages/airflow/example_dags/example_sla_dag.py
[2024-04-15T17:37:07.929+0000] {logging_mixin.py:188} INFO - [2024-04-15T17:37:07.928+0000] {dag.py:3096} INFO - Sync 1 DAGs
[2024-04-15T17:37:07.946+0000] {logging_mixin.py:188} INFO - [2024-04-15T17:37:07.946+0000] {dag.py:3954} INFO - Setting next_dagrun for example_sla_dag to 2024-04-15 17:34:00+00:00, run_after=2024-04-15 17:36:00+00:00
[2024-04-15T17:37:07.962+0000] {processor.py:183} INFO - Processing /home/airflow/.local/lib/python3.12/site-packages/airflow/example_dags/example_sla_dag.py took 0.093 seconds
[2024-04-15T17:37:38.829+0000] {processor.py:161} INFO - Started process (PID=1373) to work on /home/airflow/.local/lib/python3.12/site-packages/airflow/example_dags/example_sla_dag.py
[2024-04-15T17:37:38.832+0000] {processor.py:830} INFO - Processing file /home/airflow/.local/lib/python3.12/site-packages/airflow/example_dags/example_sla_dag.py for tasks to queue
[2024-04-15T17:37:38.836+0000] {logging_mixin.py:188} INFO - [2024-04-15T17:37:38.835+0000] {dagbag.py:540} INFO - Filling up the DagBag from /home/airflow/.local/lib/python3.12/site-packages/airflow/example_dags/example_sla_dag.py
[2024-04-15T17:37:38.847+0000] {processor.py:840} INFO - DAG(s) 'example_sla_dag' retrieved from /home/airflow/.local/lib/python3.12/site-packages/airflow/example_dags/example_sla_dag.py
[2024-04-15T17:37:38.861+0000] {logging_mixin.py:188} INFO - [2024-04-15T17:37:38.861+0000] {dag.py:3096} INFO - Sync 1 DAGs
[2024-04-15T17:37:38.876+0000] {logging_mixin.py:188} INFO - [2024-04-15T17:37:38.876+0000] {dag.py:3954} INFO - Setting next_dagrun for example_sla_dag to 2024-04-15 17:34:00+00:00, run_after=2024-04-15 17:36:00+00:00
[2024-04-15T17:37:38.884+0000] {processor.py:183} INFO - Processing /home/airflow/.local/lib/python3.12/site-packages/airflow/example_dags/example_sla_dag.py took 0.064 seconds
[2024-04-15T17:38:09.169+0000] {processor.py:161} INFO - Started process (PID=1433) to work on /home/airflow/.local/lib/python3.12/site-packages/airflow/example_dags/example_sla_dag.py
[2024-04-15T17:38:09.172+0000] {processor.py:830} INFO - Processing file /home/airflow/.local/lib/python3.12/site-packages/airflow/example_dags/example_sla_dag.py for tasks to queue
[2024-04-15T17:38:09.175+0000] {logging_mixin.py:188} INFO - [2024-04-15T17:38:09.174+0000] {dagbag.py:540} INFO - Filling up the DagBag from /home/airflow/.local/lib/python3.12/site-packages/airflow/example_dags/example_sla_dag.py
[2024-04-15T17:38:09.185+0000] {processor.py:840} INFO - DAG(s) 'example_sla_dag' retrieved from /home/airflow/.local/lib/python3.12/site-packages/airflow/example_dags/example_sla_dag.py
[2024-04-15T17:38:09.221+0000] {logging_mixin.py:188} INFO - [2024-04-15T17:38:09.221+0000] {dag.py:3096} INFO - Sync 1 DAGs
[2024-04-15T17:38:09.242+0000] {logging_mixin.py:188} INFO - [2024-04-15T17:38:09.242+0000] {dag.py:3954} INFO - Setting next_dagrun for example_sla_dag to 2024-04-15 17:36:00+00:00, run_after=2024-04-15 17:38:00+00:00
[2024-04-15T17:38:09.253+0000] {processor.py:183} INFO - Processing /home/airflow/.local/lib/python3.12/site-packages/airflow/example_dags/example_sla_dag.py took 0.089 seconds
[2024-04-15T17:38:39.510+0000] {processor.py:161} INFO - Started process (PID=1493) to work on /home/airflow/.local/lib/python3.12/site-packages/airflow/example_dags/example_sla_dag.py
[2024-04-15T17:38:39.524+0000] {processor.py:830} INFO - Processing file /home/airflow/.local/lib/python3.12/site-packages/airflow/example_dags/example_sla_dag.py for tasks to queue
[2024-04-15T17:38:39.548+0000] {logging_mixin.py:188} INFO - [2024-04-15T17:38:39.546+0000] {dagbag.py:540} INFO - Filling up the DagBag from /home/airflow/.local/lib/python3.12/site-packages/airflow/example_dags/example_sla_dag.py
[2024-04-15T17:38:39.570+0000] {processor.py:840} INFO - DAG(s) 'example_sla_dag' retrieved from /home/airflow/.local/lib/python3.12/site-packages/airflow/example_dags/example_sla_dag.py
[2024-04-15T17:38:39.596+0000] {logging_mixin.py:188} INFO - [2024-04-15T17:38:39.596+0000] {dag.py:3096} INFO - Sync 1 DAGs
[2024-04-15T17:38:39.636+0000] {logging_mixin.py:188} INFO - [2024-04-15T17:38:39.636+0000] {dag.py:3954} INFO - Setting next_dagrun for example_sla_dag to 2024-04-15 17:36:00+00:00, run_after=2024-04-15 17:38:00+00:00
[2024-04-15T17:38:39.649+0000] {processor.py:183} INFO - Processing /home/airflow/.local/lib/python3.12/site-packages/airflow/example_dags/example_sla_dag.py took 0.166 seconds
[2024-04-15T17:39:10.013+0000] {processor.py:161} INFO - Started process (PID=1553) to work on /home/airflow/.local/lib/python3.12/site-packages/airflow/example_dags/example_sla_dag.py
[2024-04-15T17:39:10.016+0000] {processor.py:830} INFO - Processing file /home/airflow/.local/lib/python3.12/site-packages/airflow/example_dags/example_sla_dag.py for tasks to queue
[2024-04-15T17:39:10.019+0000] {logging_mixin.py:188} INFO - [2024-04-15T17:39:10.019+0000] {dagbag.py:540} INFO - Filling up the DagBag from /home/airflow/.local/lib/python3.12/site-packages/airflow/example_dags/example_sla_dag.py
[2024-04-15T17:39:10.042+0000] {processor.py:840} INFO - DAG(s) 'example_sla_dag' retrieved from /home/airflow/.local/lib/python3.12/site-packages/airflow/example_dags/example_sla_dag.py
[2024-04-15T17:39:10.073+0000] {logging_mixin.py:188} INFO - [2024-04-15T17:39:10.072+0000] {dag.py:3096} INFO - Sync 1 DAGs
[2024-04-15T17:39:10.095+0000] {logging_mixin.py:188} INFO - [2024-04-15T17:39:10.095+0000] {dag.py:3954} INFO - Setting next_dagrun for example_sla_dag to 2024-04-15 17:36:00+00:00, run_after=2024-04-15 17:38:00+00:00
[2024-04-15T17:39:10.120+0000] {processor.py:183} INFO - Processing /home/airflow/.local/lib/python3.12/site-packages/airflow/example_dags/example_sla_dag.py took 0.114 seconds
[2024-04-15T17:39:40.442+0000] {processor.py:161} INFO - Started process (PID=1613) to work on /home/airflow/.local/lib/python3.12/site-packages/airflow/example_dags/example_sla_dag.py
[2024-04-15T17:39:40.446+0000] {processor.py:830} INFO - Processing file /home/airflow/.local/lib/python3.12/site-packages/airflow/example_dags/example_sla_dag.py for tasks to queue
[2024-04-15T17:39:40.450+0000] {logging_mixin.py:188} INFO - [2024-04-15T17:39:40.450+0000] {dagbag.py:540} INFO - Filling up the DagBag from /home/airflow/.local/lib/python3.12/site-packages/airflow/example_dags/example_sla_dag.py
[2024-04-15T17:39:40.459+0000] {processor.py:840} INFO - DAG(s) 'example_sla_dag' retrieved from /home/airflow/.local/lib/python3.12/site-packages/airflow/example_dags/example_sla_dag.py
[2024-04-15T17:39:40.474+0000] {logging_mixin.py:188} INFO - [2024-04-15T17:39:40.474+0000] {dag.py:3096} INFO - Sync 1 DAGs
[2024-04-15T17:39:40.489+0000] {logging_mixin.py:188} INFO - [2024-04-15T17:39:40.489+0000] {dag.py:3954} INFO - Setting next_dagrun for example_sla_dag to 2024-04-15 17:36:00+00:00, run_after=2024-04-15 17:38:00+00:00
[2024-04-15T17:39:40.499+0000] {processor.py:183} INFO - Processing /home/airflow/.local/lib/python3.12/site-packages/airflow/example_dags/example_sla_dag.py took 0.066 seconds
[2024-04-15T17:40:10.971+0000] {processor.py:161} INFO - Started process (PID=1673) to work on /home/airflow/.local/lib/python3.12/site-packages/airflow/example_dags/example_sla_dag.py
[2024-04-15T17:40:10.973+0000] {processor.py:830} INFO - Processing file /home/airflow/.local/lib/python3.12/site-packages/airflow/example_dags/example_sla_dag.py for tasks to queue
[2024-04-15T17:40:10.977+0000] {logging_mixin.py:188} INFO - [2024-04-15T17:40:10.976+0000] {dagbag.py:540} INFO - Filling up the DagBag from /home/airflow/.local/lib/python3.12/site-packages/airflow/example_dags/example_sla_dag.py
[2024-04-15T17:40:10.988+0000] {processor.py:840} INFO - DAG(s) 'example_sla_dag' retrieved from /home/airflow/.local/lib/python3.12/site-packages/airflow/example_dags/example_sla_dag.py
[2024-04-15T17:40:11.005+0000] {logging_mixin.py:188} INFO - [2024-04-15T17:40:11.005+0000] {dag.py:3096} INFO - Sync 1 DAGs
[2024-04-15T17:40:11.022+0000] {logging_mixin.py:188} INFO - [2024-04-15T17:40:11.022+0000] {dag.py:3954} INFO - Setting next_dagrun for example_sla_dag to 2024-04-15 17:38:00+00:00, run_after=2024-04-15 17:40:00+00:00
[2024-04-15T17:40:11.033+0000] {processor.py:183} INFO - Processing /home/airflow/.local/lib/python3.12/site-packages/airflow/example_dags/example_sla_dag.py took 0.072 seconds
[2024-04-15T17:40:41.893+0000] {processor.py:161} INFO - Started process (PID=1733) to work on /home/airflow/.local/lib/python3.12/site-packages/airflow/example_dags/example_sla_dag.py
[2024-04-15T17:40:41.896+0000] {processor.py:830} INFO - Processing file /home/airflow/.local/lib/python3.12/site-packages/airflow/example_dags/example_sla_dag.py for tasks to queue
[2024-04-15T17:40:41.901+0000] {logging_mixin.py:188} INFO - [2024-04-15T17:40:41.900+0000] {dagbag.py:540} INFO - Filling up the DagBag from /home/airflow/.local/lib/python3.12/site-packages/airflow/example_dags/example_sla_dag.py
[2024-04-15T17:40:41.917+0000] {processor.py:840} INFO - DAG(s) 'example_sla_dag' retrieved from /home/airflow/.local/lib/python3.12/site-packages/airflow/example_dags/example_sla_dag.py
[2024-04-15T17:40:41.949+0000] {logging_mixin.py:188} INFO - [2024-04-15T17:40:41.949+0000] {dag.py:3096} INFO - Sync 1 DAGs
[2024-04-15T17:40:41.971+0000] {logging_mixin.py:188} INFO - [2024-04-15T17:40:41.971+0000] {dag.py:3954} INFO - Setting next_dagrun for example_sla_dag to 2024-04-15 17:38:00+00:00, run_after=2024-04-15 17:40:00+00:00
[2024-04-15T17:40:41.981+0000] {processor.py:183} INFO - Processing /home/airflow/.local/lib/python3.12/site-packages/airflow/example_dags/example_sla_dag.py took 0.111 seconds
[2024-04-15T17:41:12.423+0000] {processor.py:161} INFO - Started process (PID=1793) to work on /home/airflow/.local/lib/python3.12/site-packages/airflow/example_dags/example_sla_dag.py
[2024-04-15T17:41:12.424+0000] {processor.py:830} INFO - Processing file /home/airflow/.local/lib/python3.12/site-packages/airflow/example_dags/example_sla_dag.py for tasks to queue
[2024-04-15T17:41:12.428+0000] {logging_mixin.py:188} INFO - [2024-04-15T17:41:12.428+0000] {dagbag.py:540} INFO - Filling up the DagBag from /home/airflow/.local/lib/python3.12/site-packages/airflow/example_dags/example_sla_dag.py
[2024-04-15T17:41:12.445+0000] {processor.py:840} INFO - DAG(s) 'example_sla_dag' retrieved from /home/airflow/.local/lib/python3.12/site-packages/airflow/example_dags/example_sla_dag.py
[2024-04-15T17:41:12.464+0000] {logging_mixin.py:188} INFO - [2024-04-15T17:41:12.464+0000] {dag.py:3096} INFO - Sync 1 DAGs
[2024-04-15T17:41:12.486+0000] {logging_mixin.py:188} INFO - [2024-04-15T17:41:12.486+0000] {dag.py:3954} INFO - Setting next_dagrun for example_sla_dag to 2024-04-15 17:38:00+00:00, run_after=2024-04-15 17:40:00+00:00
[2024-04-15T17:41:12.502+0000] {processor.py:183} INFO - Processing /home/airflow/.local/lib/python3.12/site-packages/airflow/example_dags/example_sla_dag.py took 0.090 seconds
[2024-04-15T17:41:42.658+0000] {processor.py:161} INFO - Started process (PID=1853) to work on /home/airflow/.local/lib/python3.12/site-packages/airflow/example_dags/example_sla_dag.py
[2024-04-15T17:41:42.706+0000] {processor.py:830} INFO - Processing file /home/airflow/.local/lib/python3.12/site-packages/airflow/example_dags/example_sla_dag.py for tasks to queue
[2024-04-15T17:41:42.729+0000] {logging_mixin.py:188} INFO - [2024-04-15T17:41:42.728+0000] {dagbag.py:540} INFO - Filling up the DagBag from /home/airflow/.local/lib/python3.12/site-packages/airflow/example_dags/example_sla_dag.py
[2024-04-15T17:41:42.812+0000] {processor.py:840} INFO - DAG(s) 'example_sla_dag' retrieved from /home/airflow/.local/lib/python3.12/site-packages/airflow/example_dags/example_sla_dag.py
[2024-04-15T17:41:42.853+0000] {logging_mixin.py:188} INFO - [2024-04-15T17:41:42.853+0000] {dag.py:3096} INFO - Sync 1 DAGs
[2024-04-15T17:41:42.879+0000] {logging_mixin.py:188} INFO - [2024-04-15T17:41:42.878+0000] {dag.py:3954} INFO - Setting next_dagrun for example_sla_dag to 2024-04-15 17:38:00+00:00, run_after=2024-04-15 17:40:00+00:00
[2024-04-15T17:41:42.894+0000] {processor.py:183} INFO - Processing /home/airflow/.local/lib/python3.12/site-packages/airflow/example_dags/example_sla_dag.py took 0.269 seconds
[2024-04-15T17:42:13.930+0000] {processor.py:161} INFO - Started process (PID=1912) to work on /home/airflow/.local/lib/python3.12/site-packages/airflow/example_dags/example_sla_dag.py
[2024-04-15T17:42:13.933+0000] {processor.py:830} INFO - Processing file /home/airflow/.local/lib/python3.12/site-packages/airflow/example_dags/example_sla_dag.py for tasks to queue
[2024-04-15T17:42:13.937+0000] {logging_mixin.py:188} INFO - [2024-04-15T17:42:13.937+0000] {dagbag.py:540} INFO - Filling up the DagBag from /home/airflow/.local/lib/python3.12/site-packages/airflow/example_dags/example_sla_dag.py
[2024-04-15T17:42:13.970+0000] {processor.py:840} INFO - DAG(s) 'example_sla_dag' retrieved from /home/airflow/.local/lib/python3.12/site-packages/airflow/example_dags/example_sla_dag.py
[2024-04-15T17:42:14.006+0000] {logging_mixin.py:188} INFO - [2024-04-15T17:42:14.006+0000] {dag.py:3096} INFO - Sync 1 DAGs
[2024-04-15T17:42:14.056+0000] {logging_mixin.py:188} INFO - [2024-04-15T17:42:14.056+0000] {dag.py:3954} INFO - Setting next_dagrun for example_sla_dag to 2024-04-15 17:40:00+00:00, run_after=2024-04-15 17:42:00+00:00
[2024-04-15T17:42:14.078+0000] {processor.py:183} INFO - Processing /home/airflow/.local/lib/python3.12/site-packages/airflow/example_dags/example_sla_dag.py took 0.179 seconds
[2024-04-15T17:42:44.972+0000] {processor.py:161} INFO - Started process (PID=1972) to work on /home/airflow/.local/lib/python3.12/site-packages/airflow/example_dags/example_sla_dag.py
[2024-04-15T17:42:44.974+0000] {processor.py:830} INFO - Processing file /home/airflow/.local/lib/python3.12/site-packages/airflow/example_dags/example_sla_dag.py for tasks to queue
[2024-04-15T17:42:44.978+0000] {logging_mixin.py:188} INFO - [2024-04-15T17:42:44.978+0000] {dagbag.py:540} INFO - Filling up the DagBag from /home/airflow/.local/lib/python3.12/site-packages/airflow/example_dags/example_sla_dag.py
[2024-04-15T17:42:45.001+0000] {processor.py:840} INFO - DAG(s) 'example_sla_dag' retrieved from /home/airflow/.local/lib/python3.12/site-packages/airflow/example_dags/example_sla_dag.py
[2024-04-15T17:42:45.026+0000] {logging_mixin.py:188} INFO - [2024-04-15T17:42:45.026+0000] {dag.py:3096} INFO - Sync 1 DAGs
[2024-04-15T17:42:45.050+0000] {logging_mixin.py:188} INFO - [2024-04-15T17:42:45.050+0000] {dag.py:3954} INFO - Setting next_dagrun for example_sla_dag to 2024-04-15 17:40:00+00:00, run_after=2024-04-15 17:42:00+00:00
[2024-04-15T17:42:45.060+0000] {processor.py:183} INFO - Processing /home/airflow/.local/lib/python3.12/site-packages/airflow/example_dags/example_sla_dag.py took 0.098 seconds
[2024-04-15T17:43:15.161+0000] {processor.py:161} INFO - Started process (PID=2031) to work on /home/airflow/.local/lib/python3.12/site-packages/airflow/example_dags/example_sla_dag.py
[2024-04-15T17:43:15.162+0000] {processor.py:830} INFO - Processing file /home/airflow/.local/lib/python3.12/site-packages/airflow/example_dags/example_sla_dag.py for tasks to queue
[2024-04-15T17:43:15.165+0000] {logging_mixin.py:188} INFO - [2024-04-15T17:43:15.165+0000] {dagbag.py:540} INFO - Filling up the DagBag from /home/airflow/.local/lib/python3.12/site-packages/airflow/example_dags/example_sla_dag.py
[2024-04-15T17:43:15.179+0000] {processor.py:840} INFO - DAG(s) 'example_sla_dag' retrieved from /home/airflow/.local/lib/python3.12/site-packages/airflow/example_dags/example_sla_dag.py
[2024-04-15T17:43:15.200+0000] {logging_mixin.py:188} INFO - [2024-04-15T17:43:15.200+0000] {dag.py:3096} INFO - Sync 1 DAGs
[2024-04-15T17:43:15.219+0000] {logging_mixin.py:188} INFO - [2024-04-15T17:43:15.219+0000] {dag.py:3954} INFO - Setting next_dagrun for example_sla_dag to 2024-04-15 17:40:00+00:00, run_after=2024-04-15 17:42:00+00:00
[2024-04-15T17:43:15.231+0000] {processor.py:183} INFO - Processing /home/airflow/.local/lib/python3.12/site-packages/airflow/example_dags/example_sla_dag.py took 0.078 seconds
[2024-04-15T17:43:45.853+0000] {processor.py:161} INFO - Started process (PID=2091) to work on /home/airflow/.local/lib/python3.12/site-packages/airflow/example_dags/example_sla_dag.py
[2024-04-15T17:43:45.859+0000] {processor.py:830} INFO - Processing file /home/airflow/.local/lib/python3.12/site-packages/airflow/example_dags/example_sla_dag.py for tasks to queue
[2024-04-15T17:43:45.870+0000] {logging_mixin.py:188} INFO - [2024-04-15T17:43:45.868+0000] {dagbag.py:540} INFO - Filling up the DagBag from /home/airflow/.local/lib/python3.12/site-packages/airflow/example_dags/example_sla_dag.py
[2024-04-15T17:43:45.891+0000] {processor.py:840} INFO - DAG(s) 'example_sla_dag' retrieved from /home/airflow/.local/lib/python3.12/site-packages/airflow/example_dags/example_sla_dag.py
[2024-04-15T17:43:46.096+0000] {logging_mixin.py:188} INFO - [2024-04-15T17:43:46.096+0000] {dag.py:3096} INFO - Sync 1 DAGs
[2024-04-15T17:43:46.215+0000] {logging_mixin.py:188} INFO - [2024-04-15T17:43:46.213+0000] {dag.py:3954} INFO - Setting next_dagrun for example_sla_dag to 2024-04-15 17:40:00+00:00, run_after=2024-04-15 17:42:00+00:00
[2024-04-15T17:43:46.276+0000] {processor.py:183} INFO - Processing /home/airflow/.local/lib/python3.12/site-packages/airflow/example_dags/example_sla_dag.py took 0.431 seconds
[2024-04-15T17:44:17.223+0000] {processor.py:161} INFO - Started process (PID=2151) to work on /home/airflow/.local/lib/python3.12/site-packages/airflow/example_dags/example_sla_dag.py
[2024-04-15T17:44:17.225+0000] {processor.py:830} INFO - Processing file /home/airflow/.local/lib/python3.12/site-packages/airflow/example_dags/example_sla_dag.py for tasks to queue
[2024-04-15T17:44:17.236+0000] {logging_mixin.py:188} INFO - [2024-04-15T17:44:17.230+0000] {dagbag.py:540} INFO - Filling up the DagBag from /home/airflow/.local/lib/python3.12/site-packages/airflow/example_dags/example_sla_dag.py
[2024-04-15T17:44:17.258+0000] {processor.py:840} INFO - DAG(s) 'example_sla_dag' retrieved from /home/airflow/.local/lib/python3.12/site-packages/airflow/example_dags/example_sla_dag.py
[2024-04-15T17:44:17.282+0000] {logging_mixin.py:188} INFO - [2024-04-15T17:44:17.281+0000] {dag.py:3096} INFO - Sync 1 DAGs
[2024-04-15T17:44:17.316+0000] {logging_mixin.py:188} INFO - [2024-04-15T17:44:17.316+0000] {dag.py:3954} INFO - Setting next_dagrun for example_sla_dag to 2024-04-15 17:42:00+00:00, run_after=2024-04-15 17:44:00+00:00
[2024-04-15T17:44:17.325+0000] {processor.py:183} INFO - Processing /home/airflow/.local/lib/python3.12/site-packages/airflow/example_dags/example_sla_dag.py took 0.129 seconds
[2024-04-15T17:44:47.640+0000] {processor.py:161} INFO - Started process (PID=2211) to work on /home/airflow/.local/lib/python3.12/site-packages/airflow/example_dags/example_sla_dag.py
[2024-04-15T17:44:47.642+0000] {processor.py:830} INFO - Processing file /home/airflow/.local/lib/python3.12/site-packages/airflow/example_dags/example_sla_dag.py for tasks to queue
[2024-04-15T17:44:47.645+0000] {logging_mixin.py:188} INFO - [2024-04-15T17:44:47.644+0000] {dagbag.py:540} INFO - Filling up the DagBag from /home/airflow/.local/lib/python3.12/site-packages/airflow/example_dags/example_sla_dag.py
[2024-04-15T17:44:47.657+0000] {processor.py:840} INFO - DAG(s) 'example_sla_dag' retrieved from /home/airflow/.local/lib/python3.12/site-packages/airflow/example_dags/example_sla_dag.py
[2024-04-15T17:44:47.681+0000] {logging_mixin.py:188} INFO - [2024-04-15T17:44:47.680+0000] {dag.py:3096} INFO - Sync 1 DAGs
[2024-04-15T17:44:47.721+0000] {logging_mixin.py:188} INFO - [2024-04-15T17:44:47.721+0000] {dag.py:3954} INFO - Setting next_dagrun for example_sla_dag to 2024-04-15 17:42:00+00:00, run_after=2024-04-15 17:44:00+00:00
[2024-04-15T17:44:47.732+0000] {processor.py:183} INFO - Processing /home/airflow/.local/lib/python3.12/site-packages/airflow/example_dags/example_sla_dag.py took 0.115 seconds
[2024-04-15T17:45:18.082+0000] {processor.py:161} INFO - Started process (PID=2271) to work on /home/airflow/.local/lib/python3.12/site-packages/airflow/example_dags/example_sla_dag.py
[2024-04-15T17:45:18.083+0000] {processor.py:830} INFO - Processing file /home/airflow/.local/lib/python3.12/site-packages/airflow/example_dags/example_sla_dag.py for tasks to queue
[2024-04-15T17:45:18.086+0000] {logging_mixin.py:188} INFO - [2024-04-15T17:45:18.085+0000] {dagbag.py:540} INFO - Filling up the DagBag from /home/airflow/.local/lib/python3.12/site-packages/airflow/example_dags/example_sla_dag.py
[2024-04-15T17:45:18.116+0000] {processor.py:840} INFO - DAG(s) 'example_sla_dag' retrieved from /home/airflow/.local/lib/python3.12/site-packages/airflow/example_dags/example_sla_dag.py
[2024-04-15T17:45:18.134+0000] {logging_mixin.py:188} INFO - [2024-04-15T17:45:18.134+0000] {dag.py:3096} INFO - Sync 1 DAGs
[2024-04-15T17:45:18.151+0000] {logging_mixin.py:188} INFO - [2024-04-15T17:45:18.151+0000] {dag.py:3954} INFO - Setting next_dagrun for example_sla_dag to 2024-04-15 17:42:00+00:00, run_after=2024-04-15 17:44:00+00:00
[2024-04-15T17:45:18.160+0000] {processor.py:183} INFO - Processing /home/airflow/.local/lib/python3.12/site-packages/airflow/example_dags/example_sla_dag.py took 0.088 seconds
[2024-04-15T17:45:48.505+0000] {processor.py:161} INFO - Started process (PID=2331) to work on /home/airflow/.local/lib/python3.12/site-packages/airflow/example_dags/example_sla_dag.py
[2024-04-15T17:45:48.519+0000] {processor.py:830} INFO - Processing file /home/airflow/.local/lib/python3.12/site-packages/airflow/example_dags/example_sla_dag.py for tasks to queue
[2024-04-15T17:45:48.531+0000] {logging_mixin.py:188} INFO - [2024-04-15T17:45:48.530+0000] {dagbag.py:540} INFO - Filling up the DagBag from /home/airflow/.local/lib/python3.12/site-packages/airflow/example_dags/example_sla_dag.py
[2024-04-15T17:45:48.554+0000] {processor.py:840} INFO - DAG(s) 'example_sla_dag' retrieved from /home/airflow/.local/lib/python3.12/site-packages/airflow/example_dags/example_sla_dag.py
[2024-04-15T17:45:48.603+0000] {logging_mixin.py:188} INFO - [2024-04-15T17:45:48.603+0000] {dag.py:3096} INFO - Sync 1 DAGs
[2024-04-15T17:45:48.655+0000] {logging_mixin.py:188} INFO - [2024-04-15T17:45:48.655+0000] {dag.py:3954} INFO - Setting next_dagrun for example_sla_dag to 2024-04-15 17:42:00+00:00, run_after=2024-04-15 17:44:00+00:00
[2024-04-15T17:45:48.678+0000] {processor.py:183} INFO - Processing /home/airflow/.local/lib/python3.12/site-packages/airflow/example_dags/example_sla_dag.py took 0.189 seconds
[2024-04-15T17:46:19.160+0000] {processor.py:161} INFO - Started process (PID=2391) to work on /home/airflow/.local/lib/python3.12/site-packages/airflow/example_dags/example_sla_dag.py
[2024-04-15T17:46:19.162+0000] {processor.py:830} INFO - Processing file /home/airflow/.local/lib/python3.12/site-packages/airflow/example_dags/example_sla_dag.py for tasks to queue
[2024-04-15T17:46:19.166+0000] {logging_mixin.py:188} INFO - [2024-04-15T17:46:19.166+0000] {dagbag.py:540} INFO - Filling up the DagBag from /home/airflow/.local/lib/python3.12/site-packages/airflow/example_dags/example_sla_dag.py
[2024-04-15T17:46:19.199+0000] {processor.py:840} INFO - DAG(s) 'example_sla_dag' retrieved from /home/airflow/.local/lib/python3.12/site-packages/airflow/example_dags/example_sla_dag.py
[2024-04-15T17:46:19.224+0000] {logging_mixin.py:188} INFO - [2024-04-15T17:46:19.223+0000] {dag.py:3096} INFO - Sync 1 DAGs
[2024-04-15T17:46:19.256+0000] {logging_mixin.py:188} INFO - [2024-04-15T17:46:19.256+0000] {dag.py:3954} INFO - Setting next_dagrun for example_sla_dag to 2024-04-15 17:44:00+00:00, run_after=2024-04-15 17:46:00+00:00
[2024-04-15T17:46:19.268+0000] {processor.py:183} INFO - Processing /home/airflow/.local/lib/python3.12/site-packages/airflow/example_dags/example_sla_dag.py took 0.120 seconds
[2024-04-15T17:46:49.431+0000] {processor.py:161} INFO - Started process (PID=2451) to work on /home/airflow/.local/lib/python3.12/site-packages/airflow/example_dags/example_sla_dag.py
[2024-04-15T17:46:49.437+0000] {processor.py:830} INFO - Processing file /home/airflow/.local/lib/python3.12/site-packages/airflow/example_dags/example_sla_dag.py for tasks to queue
[2024-04-15T17:46:49.449+0000] {logging_mixin.py:188} INFO - [2024-04-15T17:46:49.448+0000] {dagbag.py:540} INFO - Filling up the DagBag from /home/airflow/.local/lib/python3.12/site-packages/airflow/example_dags/example_sla_dag.py
[2024-04-15T17:46:49.473+0000] {processor.py:840} INFO - DAG(s) 'example_sla_dag' retrieved from /home/airflow/.local/lib/python3.12/site-packages/airflow/example_dags/example_sla_dag.py
[2024-04-15T17:46:49.800+0000] {logging_mixin.py:188} INFO - [2024-04-15T17:46:49.799+0000] {dag.py:3096} INFO - Sync 1 DAGs
[2024-04-15T17:46:50.106+0000] {logging_mixin.py:188} INFO - [2024-04-15T17:46:50.102+0000] {dag.py:3954} INFO - Setting next_dagrun for example_sla_dag to 2024-04-15 17:44:00+00:00, run_after=2024-04-15 17:46:00+00:00
[2024-04-15T17:46:50.349+0000] {processor.py:183} INFO - Processing /home/airflow/.local/lib/python3.12/site-packages/airflow/example_dags/example_sla_dag.py took 0.927 seconds
[2024-04-15T17:47:20.568+0000] {processor.py:161} INFO - Started process (PID=2511) to work on /home/airflow/.local/lib/python3.12/site-packages/airflow/example_dags/example_sla_dag.py
[2024-04-15T17:47:20.569+0000] {processor.py:830} INFO - Processing file /home/airflow/.local/lib/python3.12/site-packages/airflow/example_dags/example_sla_dag.py for tasks to queue
[2024-04-15T17:47:20.573+0000] {logging_mixin.py:188} INFO - [2024-04-15T17:47:20.572+0000] {dagbag.py:540} INFO - Filling up the DagBag from /home/airflow/.local/lib/python3.12/site-packages/airflow/example_dags/example_sla_dag.py
[2024-04-15T17:47:20.606+0000] {processor.py:840} INFO - DAG(s) 'example_sla_dag' retrieved from /home/airflow/.local/lib/python3.12/site-packages/airflow/example_dags/example_sla_dag.py
[2024-04-15T17:47:20.637+0000] {logging_mixin.py:188} INFO - [2024-04-15T17:47:20.637+0000] {dag.py:3096} INFO - Sync 1 DAGs
[2024-04-15T17:47:20.662+0000] {logging_mixin.py:188} INFO - [2024-04-15T17:47:20.662+0000] {dag.py:3954} INFO - Setting next_dagrun for example_sla_dag to 2024-04-15 17:44:00+00:00, run_after=2024-04-15 17:46:00+00:00
[2024-04-15T17:47:20.688+0000] {processor.py:183} INFO - Processing /home/airflow/.local/lib/python3.12/site-packages/airflow/example_dags/example_sla_dag.py took 0.125 seconds
[2024-04-15T17:47:50.942+0000] {processor.py:161} INFO - Started process (PID=2571) to work on /home/airflow/.local/lib/python3.12/site-packages/airflow/example_dags/example_sla_dag.py
[2024-04-15T17:47:50.943+0000] {processor.py:830} INFO - Processing file /home/airflow/.local/lib/python3.12/site-packages/airflow/example_dags/example_sla_dag.py for tasks to queue
[2024-04-15T17:47:50.946+0000] {logging_mixin.py:188} INFO - [2024-04-15T17:47:50.945+0000] {dagbag.py:540} INFO - Filling up the DagBag from /home/airflow/.local/lib/python3.12/site-packages/airflow/example_dags/example_sla_dag.py
[2024-04-15T17:47:50.970+0000] {processor.py:840} INFO - DAG(s) 'example_sla_dag' retrieved from /home/airflow/.local/lib/python3.12/site-packages/airflow/example_dags/example_sla_dag.py
[2024-04-15T17:47:50.995+0000] {logging_mixin.py:188} INFO - [2024-04-15T17:47:50.995+0000] {dag.py:3096} INFO - Sync 1 DAGs
[2024-04-15T17:47:51.019+0000] {logging_mixin.py:188} INFO - [2024-04-15T17:47:51.019+0000] {dag.py:3954} INFO - Setting next_dagrun for example_sla_dag to 2024-04-15 17:44:00+00:00, run_after=2024-04-15 17:46:00+00:00
[2024-04-15T17:47:51.033+0000] {processor.py:183} INFO - Processing /home/airflow/.local/lib/python3.12/site-packages/airflow/example_dags/example_sla_dag.py took 0.098 seconds
[2024-04-15T17:48:21.283+0000] {processor.py:161} INFO - Started process (PID=2631) to work on /home/airflow/.local/lib/python3.12/site-packages/airflow/example_dags/example_sla_dag.py
[2024-04-15T17:48:21.284+0000] {processor.py:830} INFO - Processing file /home/airflow/.local/lib/python3.12/site-packages/airflow/example_dags/example_sla_dag.py for tasks to queue
[2024-04-15T17:48:21.286+0000] {logging_mixin.py:188} INFO - [2024-04-15T17:48:21.286+0000] {dagbag.py:540} INFO - Filling up the DagBag from /home/airflow/.local/lib/python3.12/site-packages/airflow/example_dags/example_sla_dag.py
[2024-04-15T17:48:21.311+0000] {processor.py:840} INFO - DAG(s) 'example_sla_dag' retrieved from /home/airflow/.local/lib/python3.12/site-packages/airflow/example_dags/example_sla_dag.py
[2024-04-15T17:48:21.335+0000] {logging_mixin.py:188} INFO - [2024-04-15T17:48:21.335+0000] {dag.py:3096} INFO - Sync 1 DAGs
[2024-04-15T17:48:21.355+0000] {logging_mixin.py:188} INFO - [2024-04-15T17:48:21.354+0000] {dag.py:3954} INFO - Setting next_dagrun for example_sla_dag to 2024-04-15 17:46:00+00:00, run_after=2024-04-15 17:48:00+00:00
[2024-04-15T17:48:21.367+0000] {processor.py:183} INFO - Processing /home/airflow/.local/lib/python3.12/site-packages/airflow/example_dags/example_sla_dag.py took 0.088 seconds
[2024-04-15T17:48:51.432+0000] {processor.py:161} INFO - Started process (PID=2691) to work on /home/airflow/.local/lib/python3.12/site-packages/airflow/example_dags/example_sla_dag.py
[2024-04-15T17:48:51.433+0000] {processor.py:830} INFO - Processing file /home/airflow/.local/lib/python3.12/site-packages/airflow/example_dags/example_sla_dag.py for tasks to queue
[2024-04-15T17:48:51.434+0000] {logging_mixin.py:188} INFO - [2024-04-15T17:48:51.434+0000] {dagbag.py:540} INFO - Filling up the DagBag from /home/airflow/.local/lib/python3.12/site-packages/airflow/example_dags/example_sla_dag.py
[2024-04-15T17:48:51.440+0000] {processor.py:840} INFO - DAG(s) 'example_sla_dag' retrieved from /home/airflow/.local/lib/python3.12/site-packages/airflow/example_dags/example_sla_dag.py
[2024-04-15T17:48:51.451+0000] {logging_mixin.py:188} INFO - [2024-04-15T17:48:51.451+0000] {dag.py:3096} INFO - Sync 1 DAGs
[2024-04-15T17:48:51.466+0000] {logging_mixin.py:188} INFO - [2024-04-15T17:48:51.465+0000] {dag.py:3954} INFO - Setting next_dagrun for example_sla_dag to 2024-04-15 17:46:00+00:00, run_after=2024-04-15 17:48:00+00:00
[2024-04-15T17:48:51.475+0000] {processor.py:183} INFO - Processing /home/airflow/.local/lib/python3.12/site-packages/airflow/example_dags/example_sla_dag.py took 0.047 seconds
[2024-04-15T17:49:21.589+0000] {processor.py:161} INFO - Started process (PID=2749) to work on /home/airflow/.local/lib/python3.12/site-packages/airflow/example_dags/example_sla_dag.py
[2024-04-15T17:49:21.594+0000] {processor.py:830} INFO - Processing file /home/airflow/.local/lib/python3.12/site-packages/airflow/example_dags/example_sla_dag.py for tasks to queue
[2024-04-15T17:49:21.605+0000] {logging_mixin.py:188} INFO - [2024-04-15T17:49:21.603+0000] {dagbag.py:540} INFO - Filling up the DagBag from /home/airflow/.local/lib/python3.12/site-packages/airflow/example_dags/example_sla_dag.py
[2024-04-15T17:49:21.638+0000] {processor.py:840} INFO - DAG(s) 'example_sla_dag' retrieved from /home/airflow/.local/lib/python3.12/site-packages/airflow/example_dags/example_sla_dag.py
[2024-04-15T17:49:21.663+0000] {logging_mixin.py:188} INFO - [2024-04-15T17:49:21.663+0000] {dag.py:3096} INFO - Sync 1 DAGs
[2024-04-15T17:49:21.704+0000] {logging_mixin.py:188} INFO - [2024-04-15T17:49:21.704+0000] {dag.py:3954} INFO - Setting next_dagrun for example_sla_dag to 2024-04-15 17:46:00+00:00, run_after=2024-04-15 17:48:00+00:00
[2024-04-15T17:49:21.715+0000] {processor.py:183} INFO - Processing /home/airflow/.local/lib/python3.12/site-packages/airflow/example_dags/example_sla_dag.py took 0.139 seconds
[2024-04-15T17:49:52.694+0000] {processor.py:161} INFO - Started process (PID=2809) to work on /home/airflow/.local/lib/python3.12/site-packages/airflow/example_dags/example_sla_dag.py
[2024-04-15T17:49:52.695+0000] {processor.py:830} INFO - Processing file /home/airflow/.local/lib/python3.12/site-packages/airflow/example_dags/example_sla_dag.py for tasks to queue
[2024-04-15T17:49:52.701+0000] {logging_mixin.py:188} INFO - [2024-04-15T17:49:52.700+0000] {dagbag.py:540} INFO - Filling up the DagBag from /home/airflow/.local/lib/python3.12/site-packages/airflow/example_dags/example_sla_dag.py
[2024-04-15T17:49:52.727+0000] {processor.py:840} INFO - DAG(s) 'example_sla_dag' retrieved from /home/airflow/.local/lib/python3.12/site-packages/airflow/example_dags/example_sla_dag.py
[2024-04-15T17:49:52.759+0000] {logging_mixin.py:188} INFO - [2024-04-15T17:49:52.758+0000] {dag.py:3096} INFO - Sync 1 DAGs
[2024-04-15T17:49:52.819+0000] {logging_mixin.py:188} INFO - [2024-04-15T17:49:52.819+0000] {dag.py:3954} INFO - Setting next_dagrun for example_sla_dag to 2024-04-15 17:46:00+00:00, run_after=2024-04-15 17:48:00+00:00
[2024-04-15T17:49:52.842+0000] {processor.py:183} INFO - Processing /home/airflow/.local/lib/python3.12/site-packages/airflow/example_dags/example_sla_dag.py took 0.155 seconds
[2024-04-15T17:50:23.367+0000] {processor.py:161} INFO - Started process (PID=2869) to work on /home/airflow/.local/lib/python3.12/site-packages/airflow/example_dags/example_sla_dag.py
[2024-04-15T17:50:23.370+0000] {processor.py:830} INFO - Processing file /home/airflow/.local/lib/python3.12/site-packages/airflow/example_dags/example_sla_dag.py for tasks to queue
[2024-04-15T17:50:23.376+0000] {logging_mixin.py:188} INFO - [2024-04-15T17:50:23.375+0000] {dagbag.py:540} INFO - Filling up the DagBag from /home/airflow/.local/lib/python3.12/site-packages/airflow/example_dags/example_sla_dag.py
[2024-04-15T17:50:23.408+0000] {processor.py:840} INFO - DAG(s) 'example_sla_dag' retrieved from /home/airflow/.local/lib/python3.12/site-packages/airflow/example_dags/example_sla_dag.py
[2024-04-15T17:50:23.444+0000] {logging_mixin.py:188} INFO - [2024-04-15T17:50:23.443+0000] {dag.py:3096} INFO - Sync 1 DAGs
[2024-04-15T17:50:23.472+0000] {logging_mixin.py:188} INFO - [2024-04-15T17:50:23.472+0000] {dag.py:3954} INFO - Setting next_dagrun for example_sla_dag to 2024-04-15 17:48:00+00:00, run_after=2024-04-15 17:50:00+00:00
[2024-04-15T17:50:23.485+0000] {processor.py:183} INFO - Processing /home/airflow/.local/lib/python3.12/site-packages/airflow/example_dags/example_sla_dag.py took 0.129 seconds
[2024-04-15T17:50:53.835+0000] {processor.py:161} INFO - Started process (PID=2929) to work on /home/airflow/.local/lib/python3.12/site-packages/airflow/example_dags/example_sla_dag.py
[2024-04-15T17:50:53.842+0000] {processor.py:830} INFO - Processing file /home/airflow/.local/lib/python3.12/site-packages/airflow/example_dags/example_sla_dag.py for tasks to queue
[2024-04-15T17:50:53.855+0000] {logging_mixin.py:188} INFO - [2024-04-15T17:50:53.854+0000] {dagbag.py:540} INFO - Filling up the DagBag from /home/airflow/.local/lib/python3.12/site-packages/airflow/example_dags/example_sla_dag.py
[2024-04-15T17:50:53.880+0000] {processor.py:840} INFO - DAG(s) 'example_sla_dag' retrieved from /home/airflow/.local/lib/python3.12/site-packages/airflow/example_dags/example_sla_dag.py
[2024-04-15T17:50:53.927+0000] {logging_mixin.py:188} INFO - [2024-04-15T17:50:53.927+0000] {dag.py:3096} INFO - Sync 1 DAGs
[2024-04-15T17:50:53.953+0000] {logging_mixin.py:188} INFO - [2024-04-15T17:50:53.953+0000] {dag.py:3954} INFO - Setting next_dagrun for example_sla_dag to 2024-04-15 17:48:00+00:00, run_after=2024-04-15 17:50:00+00:00
[2024-04-15T17:50:53.966+0000] {processor.py:183} INFO - Processing /home/airflow/.local/lib/python3.12/site-packages/airflow/example_dags/example_sla_dag.py took 0.141 seconds
[2024-04-15T17:51:24.683+0000] {processor.py:161} INFO - Started process (PID=2989) to work on /home/airflow/.local/lib/python3.12/site-packages/airflow/example_dags/example_sla_dag.py
[2024-04-15T17:51:24.685+0000] {processor.py:830} INFO - Processing file /home/airflow/.local/lib/python3.12/site-packages/airflow/example_dags/example_sla_dag.py for tasks to queue
[2024-04-15T17:51:24.692+0000] {logging_mixin.py:188} INFO - [2024-04-15T17:51:24.691+0000] {dagbag.py:540} INFO - Filling up the DagBag from /home/airflow/.local/lib/python3.12/site-packages/airflow/example_dags/example_sla_dag.py
[2024-04-15T17:51:24.739+0000] {processor.py:840} INFO - DAG(s) 'example_sla_dag' retrieved from /home/airflow/.local/lib/python3.12/site-packages/airflow/example_dags/example_sla_dag.py
[2024-04-15T17:51:24.827+0000] {logging_mixin.py:188} INFO - [2024-04-15T17:51:24.827+0000] {dag.py:3096} INFO - Sync 1 DAGs
[2024-04-15T17:51:24.927+0000] {logging_mixin.py:188} INFO - [2024-04-15T17:51:24.927+0000] {dag.py:3954} INFO - Setting next_dagrun for example_sla_dag to 2024-04-15 17:48:00+00:00, run_after=2024-04-15 17:50:00+00:00
[2024-04-15T17:51:24.969+0000] {processor.py:183} INFO - Processing /home/airflow/.local/lib/python3.12/site-packages/airflow/example_dags/example_sla_dag.py took 0.323 seconds
