[2024-04-15T17:12:34.905+0000] {processor.py:161} INFO - Started process (PID=63) to work on /home/airflow/.local/lib/python3.12/site-packages/airflow/example_dags/example_task_group.py
[2024-04-15T17:12:34.907+0000] {processor.py:830} INFO - Processing file /home/airflow/.local/lib/python3.12/site-packages/airflow/example_dags/example_task_group.py for tasks to queue
[2024-04-15T17:12:34.913+0000] {logging_mixin.py:188} INFO - [2024-04-15T17:12:34.912+0000] {dagbag.py:540} INFO - Filling up the DagBag from /home/airflow/.local/lib/python3.12/site-packages/airflow/example_dags/example_task_group.py
[2024-04-15T17:12:34.924+0000] {processor.py:840} INFO - DAG(s) 'example_task_group' retrieved from /home/airflow/.local/lib/python3.12/site-packages/airflow/example_dags/example_task_group.py
[2024-04-15T17:12:34.939+0000] {logging_mixin.py:188} INFO - [2024-04-15T17:12:34.939+0000] {dag.py:3096} INFO - Sync 1 DAGs
[2024-04-15T17:12:34.968+0000] {logging_mixin.py:188} INFO - [2024-04-15T17:12:34.968+0000] {dag.py:3954} INFO - Setting next_dagrun for example_task_group to 2024-04-14 00:00:00+00:00, run_after=2024-04-15 00:00:00+00:00
[2024-04-15T17:12:35.003+0000] {processor.py:183} INFO - Processing /home/airflow/.local/lib/python3.12/site-packages/airflow/example_dags/example_task_group.py took 0.110 seconds
[2024-04-15T17:13:05.129+0000] {processor.py:161} INFO - Started process (PID=121) to work on /home/airflow/.local/lib/python3.12/site-packages/airflow/example_dags/example_task_group.py
[2024-04-15T17:13:05.130+0000] {processor.py:830} INFO - Processing file /home/airflow/.local/lib/python3.12/site-packages/airflow/example_dags/example_task_group.py for tasks to queue
[2024-04-15T17:13:05.131+0000] {logging_mixin.py:188} INFO - [2024-04-15T17:13:05.130+0000] {dagbag.py:540} INFO - Filling up the DagBag from /home/airflow/.local/lib/python3.12/site-packages/airflow/example_dags/example_task_group.py
[2024-04-15T17:13:05.134+0000] {processor.py:840} INFO - DAG(s) 'example_task_group' retrieved from /home/airflow/.local/lib/python3.12/site-packages/airflow/example_dags/example_task_group.py
[2024-04-15T17:13:05.182+0000] {logging_mixin.py:188} INFO - [2024-04-15T17:13:05.182+0000] {dag.py:3096} INFO - Sync 1 DAGs
[2024-04-15T17:13:05.196+0000] {logging_mixin.py:188} INFO - [2024-04-15T17:13:05.196+0000] {dag.py:3954} INFO - Setting next_dagrun for example_task_group to 2024-04-14 00:00:00+00:00, run_after=2024-04-15 00:00:00+00:00
[2024-04-15T17:13:05.207+0000] {processor.py:183} INFO - Processing /home/airflow/.local/lib/python3.12/site-packages/airflow/example_dags/example_task_group.py took 0.081 seconds
[2024-04-15T17:13:36.042+0000] {processor.py:161} INFO - Started process (PID=180) to work on /home/airflow/.local/lib/python3.12/site-packages/airflow/example_dags/example_task_group.py
[2024-04-15T17:13:36.043+0000] {processor.py:830} INFO - Processing file /home/airflow/.local/lib/python3.12/site-packages/airflow/example_dags/example_task_group.py for tasks to queue
[2024-04-15T17:13:36.043+0000] {logging_mixin.py:188} INFO - [2024-04-15T17:13:36.043+0000] {dagbag.py:540} INFO - Filling up the DagBag from /home/airflow/.local/lib/python3.12/site-packages/airflow/example_dags/example_task_group.py
[2024-04-15T17:13:36.048+0000] {processor.py:840} INFO - DAG(s) 'example_task_group' retrieved from /home/airflow/.local/lib/python3.12/site-packages/airflow/example_dags/example_task_group.py
[2024-04-15T17:13:36.059+0000] {logging_mixin.py:188} INFO - [2024-04-15T17:13:36.059+0000] {dag.py:3096} INFO - Sync 1 DAGs
[2024-04-15T17:13:36.070+0000] {logging_mixin.py:188} INFO - [2024-04-15T17:13:36.069+0000] {dag.py:3954} INFO - Setting next_dagrun for example_task_group to 2024-04-14 00:00:00+00:00, run_after=2024-04-15 00:00:00+00:00
[2024-04-15T17:13:36.079+0000] {processor.py:183} INFO - Processing /home/airflow/.local/lib/python3.12/site-packages/airflow/example_dags/example_task_group.py took 0.040 seconds
[2024-04-15T17:14:06.900+0000] {processor.py:161} INFO - Started process (PID=239) to work on /home/airflow/.local/lib/python3.12/site-packages/airflow/example_dags/example_task_group.py
[2024-04-15T17:14:06.905+0000] {processor.py:830} INFO - Processing file /home/airflow/.local/lib/python3.12/site-packages/airflow/example_dags/example_task_group.py for tasks to queue
[2024-04-15T17:14:06.906+0000] {logging_mixin.py:188} INFO - [2024-04-15T17:14:06.906+0000] {dagbag.py:540} INFO - Filling up the DagBag from /home/airflow/.local/lib/python3.12/site-packages/airflow/example_dags/example_task_group.py
[2024-04-15T17:14:06.913+0000] {processor.py:840} INFO - DAG(s) 'example_task_group' retrieved from /home/airflow/.local/lib/python3.12/site-packages/airflow/example_dags/example_task_group.py
[2024-04-15T17:14:06.927+0000] {logging_mixin.py:188} INFO - [2024-04-15T17:14:06.927+0000] {dag.py:3096} INFO - Sync 1 DAGs
[2024-04-15T17:14:06.943+0000] {logging_mixin.py:188} INFO - [2024-04-15T17:14:06.943+0000] {dag.py:3954} INFO - Setting next_dagrun for example_task_group to 2024-04-14 00:00:00+00:00, run_after=2024-04-15 00:00:00+00:00
[2024-04-15T17:14:06.957+0000] {processor.py:183} INFO - Processing /home/airflow/.local/lib/python3.12/site-packages/airflow/example_dags/example_task_group.py took 0.073 seconds
[2024-04-15T17:14:37.254+0000] {processor.py:161} INFO - Started process (PID=298) to work on /home/airflow/.local/lib/python3.12/site-packages/airflow/example_dags/example_task_group.py
[2024-04-15T17:14:37.255+0000] {processor.py:830} INFO - Processing file /home/airflow/.local/lib/python3.12/site-packages/airflow/example_dags/example_task_group.py for tasks to queue
[2024-04-15T17:14:37.256+0000] {logging_mixin.py:188} INFO - [2024-04-15T17:14:37.255+0000] {dagbag.py:540} INFO - Filling up the DagBag from /home/airflow/.local/lib/python3.12/site-packages/airflow/example_dags/example_task_group.py
[2024-04-15T17:14:37.260+0000] {processor.py:840} INFO - DAG(s) 'example_task_group' retrieved from /home/airflow/.local/lib/python3.12/site-packages/airflow/example_dags/example_task_group.py
[2024-04-15T17:14:37.273+0000] {logging_mixin.py:188} INFO - [2024-04-15T17:14:37.273+0000] {dag.py:3096} INFO - Sync 1 DAGs
[2024-04-15T17:14:37.283+0000] {logging_mixin.py:188} INFO - [2024-04-15T17:14:37.283+0000] {dag.py:3954} INFO - Setting next_dagrun for example_task_group to 2024-04-14 00:00:00+00:00, run_after=2024-04-15 00:00:00+00:00
[2024-04-15T17:14:37.292+0000] {processor.py:183} INFO - Processing /home/airflow/.local/lib/python3.12/site-packages/airflow/example_dags/example_task_group.py took 0.042 seconds
[2024-04-15T17:15:08.356+0000] {processor.py:161} INFO - Started process (PID=357) to work on /home/airflow/.local/lib/python3.12/site-packages/airflow/example_dags/example_task_group.py
[2024-04-15T17:15:08.357+0000] {processor.py:830} INFO - Processing file /home/airflow/.local/lib/python3.12/site-packages/airflow/example_dags/example_task_group.py for tasks to queue
[2024-04-15T17:15:08.357+0000] {logging_mixin.py:188} INFO - [2024-04-15T17:15:08.357+0000] {dagbag.py:540} INFO - Filling up the DagBag from /home/airflow/.local/lib/python3.12/site-packages/airflow/example_dags/example_task_group.py
[2024-04-15T17:15:08.361+0000] {processor.py:840} INFO - DAG(s) 'example_task_group' retrieved from /home/airflow/.local/lib/python3.12/site-packages/airflow/example_dags/example_task_group.py
[2024-04-15T17:15:08.372+0000] {logging_mixin.py:188} INFO - [2024-04-15T17:15:08.372+0000] {dag.py:3096} INFO - Sync 1 DAGs
[2024-04-15T17:15:08.382+0000] {logging_mixin.py:188} INFO - [2024-04-15T17:15:08.382+0000] {dag.py:3954} INFO - Setting next_dagrun for example_task_group to 2024-04-14 00:00:00+00:00, run_after=2024-04-15 00:00:00+00:00
[2024-04-15T17:15:08.391+0000] {processor.py:183} INFO - Processing /home/airflow/.local/lib/python3.12/site-packages/airflow/example_dags/example_task_group.py took 0.038 seconds
[2024-04-15T17:15:38.547+0000] {processor.py:161} INFO - Started process (PID=416) to work on /home/airflow/.local/lib/python3.12/site-packages/airflow/example_dags/example_task_group.py
[2024-04-15T17:15:38.550+0000] {processor.py:830} INFO - Processing file /home/airflow/.local/lib/python3.12/site-packages/airflow/example_dags/example_task_group.py for tasks to queue
[2024-04-15T17:15:38.552+0000] {logging_mixin.py:188} INFO - [2024-04-15T17:15:38.551+0000] {dagbag.py:540} INFO - Filling up the DagBag from /home/airflow/.local/lib/python3.12/site-packages/airflow/example_dags/example_task_group.py
[2024-04-15T17:15:38.556+0000] {processor.py:840} INFO - DAG(s) 'example_task_group' retrieved from /home/airflow/.local/lib/python3.12/site-packages/airflow/example_dags/example_task_group.py
[2024-04-15T17:15:38.566+0000] {logging_mixin.py:188} INFO - [2024-04-15T17:15:38.566+0000] {dag.py:3096} INFO - Sync 1 DAGs
[2024-04-15T17:15:38.727+0000] {logging_mixin.py:188} INFO - [2024-04-15T17:15:38.726+0000] {dag.py:3954} INFO - Setting next_dagrun for example_task_group to 2024-04-14 00:00:00+00:00, run_after=2024-04-15 00:00:00+00:00
[2024-04-15T17:15:38.741+0000] {processor.py:183} INFO - Processing /home/airflow/.local/lib/python3.12/site-packages/airflow/example_dags/example_task_group.py took 0.197 seconds
[2024-04-15T17:16:09.416+0000] {processor.py:161} INFO - Started process (PID=475) to work on /home/airflow/.local/lib/python3.12/site-packages/airflow/example_dags/example_task_group.py
[2024-04-15T17:16:09.417+0000] {processor.py:830} INFO - Processing file /home/airflow/.local/lib/python3.12/site-packages/airflow/example_dags/example_task_group.py for tasks to queue
[2024-04-15T17:16:09.417+0000] {logging_mixin.py:188} INFO - [2024-04-15T17:16:09.417+0000] {dagbag.py:540} INFO - Filling up the DagBag from /home/airflow/.local/lib/python3.12/site-packages/airflow/example_dags/example_task_group.py
[2024-04-15T17:16:09.421+0000] {processor.py:840} INFO - DAG(s) 'example_task_group' retrieved from /home/airflow/.local/lib/python3.12/site-packages/airflow/example_dags/example_task_group.py
[2024-04-15T17:16:09.432+0000] {logging_mixin.py:188} INFO - [2024-04-15T17:16:09.432+0000] {dag.py:3096} INFO - Sync 1 DAGs
[2024-04-15T17:16:09.443+0000] {logging_mixin.py:188} INFO - [2024-04-15T17:16:09.442+0000] {dag.py:3954} INFO - Setting next_dagrun for example_task_group to 2024-04-14 00:00:00+00:00, run_after=2024-04-15 00:00:00+00:00
[2024-04-15T17:16:09.451+0000] {processor.py:183} INFO - Processing /home/airflow/.local/lib/python3.12/site-packages/airflow/example_dags/example_task_group.py took 0.038 seconds
[2024-04-15T17:16:40.568+0000] {processor.py:161} INFO - Started process (PID=534) to work on /home/airflow/.local/lib/python3.12/site-packages/airflow/example_dags/example_task_group.py
[2024-04-15T17:16:40.569+0000] {processor.py:830} INFO - Processing file /home/airflow/.local/lib/python3.12/site-packages/airflow/example_dags/example_task_group.py for tasks to queue
[2024-04-15T17:16:40.569+0000] {logging_mixin.py:188} INFO - [2024-04-15T17:16:40.569+0000] {dagbag.py:540} INFO - Filling up the DagBag from /home/airflow/.local/lib/python3.12/site-packages/airflow/example_dags/example_task_group.py
[2024-04-15T17:16:40.574+0000] {processor.py:840} INFO - DAG(s) 'example_task_group' retrieved from /home/airflow/.local/lib/python3.12/site-packages/airflow/example_dags/example_task_group.py
[2024-04-15T17:16:40.587+0000] {logging_mixin.py:188} INFO - [2024-04-15T17:16:40.587+0000] {dag.py:3096} INFO - Sync 1 DAGs
[2024-04-15T17:16:40.597+0000] {logging_mixin.py:188} INFO - [2024-04-15T17:16:40.597+0000] {dag.py:3954} INFO - Setting next_dagrun for example_task_group to 2024-04-14 00:00:00+00:00, run_after=2024-04-15 00:00:00+00:00
[2024-04-15T17:16:40.605+0000] {processor.py:183} INFO - Processing /home/airflow/.local/lib/python3.12/site-packages/airflow/example_dags/example_task_group.py took 0.040 seconds
[2024-04-15T17:17:11.575+0000] {processor.py:161} INFO - Started process (PID=593) to work on /home/airflow/.local/lib/python3.12/site-packages/airflow/example_dags/example_task_group.py
[2024-04-15T17:17:11.576+0000] {processor.py:830} INFO - Processing file /home/airflow/.local/lib/python3.12/site-packages/airflow/example_dags/example_task_group.py for tasks to queue
[2024-04-15T17:17:11.577+0000] {logging_mixin.py:188} INFO - [2024-04-15T17:17:11.576+0000] {dagbag.py:540} INFO - Filling up the DagBag from /home/airflow/.local/lib/python3.12/site-packages/airflow/example_dags/example_task_group.py
[2024-04-15T17:17:11.582+0000] {processor.py:840} INFO - DAG(s) 'example_task_group' retrieved from /home/airflow/.local/lib/python3.12/site-packages/airflow/example_dags/example_task_group.py
[2024-04-15T17:17:11.594+0000] {logging_mixin.py:188} INFO - [2024-04-15T17:17:11.593+0000] {dag.py:3096} INFO - Sync 1 DAGs
[2024-04-15T17:17:11.624+0000] {logging_mixin.py:188} INFO - [2024-04-15T17:17:11.624+0000] {dag.py:3954} INFO - Setting next_dagrun for example_task_group to 2024-04-14 00:00:00+00:00, run_after=2024-04-15 00:00:00+00:00
[2024-04-15T17:17:11.652+0000] {processor.py:183} INFO - Processing /home/airflow/.local/lib/python3.12/site-packages/airflow/example_dags/example_task_group.py took 0.080 seconds
[2024-04-15T17:17:41.699+0000] {processor.py:161} INFO - Started process (PID=651) to work on /home/airflow/.local/lib/python3.12/site-packages/airflow/example_dags/example_task_group.py
[2024-04-15T17:17:41.699+0000] {processor.py:830} INFO - Processing file /home/airflow/.local/lib/python3.12/site-packages/airflow/example_dags/example_task_group.py for tasks to queue
[2024-04-15T17:17:41.699+0000] {logging_mixin.py:188} INFO - [2024-04-15T17:17:41.699+0000] {dagbag.py:540} INFO - Filling up the DagBag from /home/airflow/.local/lib/python3.12/site-packages/airflow/example_dags/example_task_group.py
[2024-04-15T17:17:41.704+0000] {processor.py:840} INFO - DAG(s) 'example_task_group' retrieved from /home/airflow/.local/lib/python3.12/site-packages/airflow/example_dags/example_task_group.py
[2024-04-15T17:17:41.714+0000] {logging_mixin.py:188} INFO - [2024-04-15T17:17:41.714+0000] {dag.py:3096} INFO - Sync 1 DAGs
[2024-04-15T17:17:41.723+0000] {logging_mixin.py:188} INFO - [2024-04-15T17:17:41.723+0000] {dag.py:3954} INFO - Setting next_dagrun for example_task_group to 2024-04-14 00:00:00+00:00, run_after=2024-04-15 00:00:00+00:00
[2024-04-15T17:17:41.731+0000] {processor.py:183} INFO - Processing /home/airflow/.local/lib/python3.12/site-packages/airflow/example_dags/example_task_group.py took 0.036 seconds
[2024-04-15T17:18:12.945+0000] {processor.py:161} INFO - Started process (PID=710) to work on /home/airflow/.local/lib/python3.12/site-packages/airflow/example_dags/example_task_group.py
[2024-04-15T17:18:12.946+0000] {processor.py:830} INFO - Processing file /home/airflow/.local/lib/python3.12/site-packages/airflow/example_dags/example_task_group.py for tasks to queue
[2024-04-15T17:18:12.947+0000] {logging_mixin.py:188} INFO - [2024-04-15T17:18:12.946+0000] {dagbag.py:540} INFO - Filling up the DagBag from /home/airflow/.local/lib/python3.12/site-packages/airflow/example_dags/example_task_group.py
[2024-04-15T17:18:12.951+0000] {processor.py:840} INFO - DAG(s) 'example_task_group' retrieved from /home/airflow/.local/lib/python3.12/site-packages/airflow/example_dags/example_task_group.py
[2024-04-15T17:18:12.966+0000] {logging_mixin.py:188} INFO - [2024-04-15T17:18:12.965+0000] {dag.py:3096} INFO - Sync 1 DAGs
[2024-04-15T17:18:12.978+0000] {logging_mixin.py:188} INFO - [2024-04-15T17:18:12.978+0000] {dag.py:3954} INFO - Setting next_dagrun for example_task_group to 2024-04-14 00:00:00+00:00, run_after=2024-04-15 00:00:00+00:00
[2024-04-15T17:18:12.988+0000] {processor.py:183} INFO - Processing /home/airflow/.local/lib/python3.12/site-packages/airflow/example_dags/example_task_group.py took 0.046 seconds
[2024-04-15T17:18:44.064+0000] {processor.py:161} INFO - Started process (PID=769) to work on /home/airflow/.local/lib/python3.12/site-packages/airflow/example_dags/example_task_group.py
[2024-04-15T17:18:44.065+0000] {processor.py:830} INFO - Processing file /home/airflow/.local/lib/python3.12/site-packages/airflow/example_dags/example_task_group.py for tasks to queue
[2024-04-15T17:18:44.066+0000] {logging_mixin.py:188} INFO - [2024-04-15T17:18:44.066+0000] {dagbag.py:540} INFO - Filling up the DagBag from /home/airflow/.local/lib/python3.12/site-packages/airflow/example_dags/example_task_group.py
[2024-04-15T17:18:44.071+0000] {processor.py:840} INFO - DAG(s) 'example_task_group' retrieved from /home/airflow/.local/lib/python3.12/site-packages/airflow/example_dags/example_task_group.py
[2024-04-15T17:18:44.091+0000] {logging_mixin.py:188} INFO - [2024-04-15T17:18:44.090+0000] {dag.py:3096} INFO - Sync 1 DAGs
[2024-04-15T17:18:44.104+0000] {logging_mixin.py:188} INFO - [2024-04-15T17:18:44.104+0000] {dag.py:3954} INFO - Setting next_dagrun for example_task_group to 2024-04-14 00:00:00+00:00, run_after=2024-04-15 00:00:00+00:00
[2024-04-15T17:18:44.116+0000] {processor.py:183} INFO - Processing /home/airflow/.local/lib/python3.12/site-packages/airflow/example_dags/example_task_group.py took 0.059 seconds
[2024-04-15T17:19:15.096+0000] {processor.py:161} INFO - Started process (PID=828) to work on /home/airflow/.local/lib/python3.12/site-packages/airflow/example_dags/example_task_group.py
[2024-04-15T17:19:15.098+0000] {processor.py:830} INFO - Processing file /home/airflow/.local/lib/python3.12/site-packages/airflow/example_dags/example_task_group.py for tasks to queue
[2024-04-15T17:19:15.099+0000] {logging_mixin.py:188} INFO - [2024-04-15T17:19:15.099+0000] {dagbag.py:540} INFO - Filling up the DagBag from /home/airflow/.local/lib/python3.12/site-packages/airflow/example_dags/example_task_group.py
[2024-04-15T17:19:15.108+0000] {processor.py:840} INFO - DAG(s) 'example_task_group' retrieved from /home/airflow/.local/lib/python3.12/site-packages/airflow/example_dags/example_task_group.py
[2024-04-15T17:19:15.126+0000] {logging_mixin.py:188} INFO - [2024-04-15T17:19:15.126+0000] {dag.py:3096} INFO - Sync 1 DAGs
[2024-04-15T17:19:15.140+0000] {logging_mixin.py:188} INFO - [2024-04-15T17:19:15.139+0000] {dag.py:3954} INFO - Setting next_dagrun for example_task_group to 2024-04-14 00:00:00+00:00, run_after=2024-04-15 00:00:00+00:00
[2024-04-15T17:19:15.149+0000] {processor.py:183} INFO - Processing /home/airflow/.local/lib/python3.12/site-packages/airflow/example_dags/example_task_group.py took 0.063 seconds
[2024-04-15T17:19:45.650+0000] {processor.py:161} INFO - Started process (PID=887) to work on /home/airflow/.local/lib/python3.12/site-packages/airflow/example_dags/example_task_group.py
[2024-04-15T17:19:45.653+0000] {processor.py:830} INFO - Processing file /home/airflow/.local/lib/python3.12/site-packages/airflow/example_dags/example_task_group.py for tasks to queue
[2024-04-15T17:19:45.654+0000] {logging_mixin.py:188} INFO - [2024-04-15T17:19:45.654+0000] {dagbag.py:540} INFO - Filling up the DagBag from /home/airflow/.local/lib/python3.12/site-packages/airflow/example_dags/example_task_group.py
[2024-04-15T17:19:45.664+0000] {processor.py:840} INFO - DAG(s) 'example_task_group' retrieved from /home/airflow/.local/lib/python3.12/site-packages/airflow/example_dags/example_task_group.py
[2024-04-15T17:19:45.683+0000] {logging_mixin.py:188} INFO - [2024-04-15T17:19:45.682+0000] {dag.py:3096} INFO - Sync 1 DAGs
[2024-04-15T17:19:45.698+0000] {logging_mixin.py:188} INFO - [2024-04-15T17:19:45.697+0000] {dag.py:3954} INFO - Setting next_dagrun for example_task_group to 2024-04-14 00:00:00+00:00, run_after=2024-04-15 00:00:00+00:00
[2024-04-15T17:19:45.922+0000] {processor.py:183} INFO - Processing /home/airflow/.local/lib/python3.12/site-packages/airflow/example_dags/example_task_group.py took 0.280 seconds
[2024-04-15T17:20:16.514+0000] {processor.py:161} INFO - Started process (PID=946) to work on /home/airflow/.local/lib/python3.12/site-packages/airflow/example_dags/example_task_group.py
[2024-04-15T17:20:16.515+0000] {processor.py:830} INFO - Processing file /home/airflow/.local/lib/python3.12/site-packages/airflow/example_dags/example_task_group.py for tasks to queue
[2024-04-15T17:20:16.517+0000] {logging_mixin.py:188} INFO - [2024-04-15T17:20:16.516+0000] {dagbag.py:540} INFO - Filling up the DagBag from /home/airflow/.local/lib/python3.12/site-packages/airflow/example_dags/example_task_group.py
[2024-04-15T17:20:16.529+0000] {processor.py:840} INFO - DAG(s) 'example_task_group' retrieved from /home/airflow/.local/lib/python3.12/site-packages/airflow/example_dags/example_task_group.py
[2024-04-15T17:20:16.548+0000] {logging_mixin.py:188} INFO - [2024-04-15T17:20:16.548+0000] {dag.py:3096} INFO - Sync 1 DAGs
[2024-04-15T17:20:16.561+0000] {logging_mixin.py:188} INFO - [2024-04-15T17:20:16.561+0000] {dag.py:3954} INFO - Setting next_dagrun for example_task_group to 2024-04-14 00:00:00+00:00, run_after=2024-04-15 00:00:00+00:00
[2024-04-15T17:20:16.576+0000] {processor.py:183} INFO - Processing /home/airflow/.local/lib/python3.12/site-packages/airflow/example_dags/example_task_group.py took 0.071 seconds
[2024-04-15T17:20:46.747+0000] {processor.py:161} INFO - Started process (PID=1005) to work on /home/airflow/.local/lib/python3.12/site-packages/airflow/example_dags/example_task_group.py
[2024-04-15T17:20:46.748+0000] {processor.py:830} INFO - Processing file /home/airflow/.local/lib/python3.12/site-packages/airflow/example_dags/example_task_group.py for tasks to queue
[2024-04-15T17:20:46.749+0000] {logging_mixin.py:188} INFO - [2024-04-15T17:20:46.749+0000] {dagbag.py:540} INFO - Filling up the DagBag from /home/airflow/.local/lib/python3.12/site-packages/airflow/example_dags/example_task_group.py
[2024-04-15T17:20:46.759+0000] {processor.py:840} INFO - DAG(s) 'example_task_group' retrieved from /home/airflow/.local/lib/python3.12/site-packages/airflow/example_dags/example_task_group.py
[2024-04-15T17:20:46.777+0000] {logging_mixin.py:188} INFO - [2024-04-15T17:20:46.777+0000] {dag.py:3096} INFO - Sync 1 DAGs
[2024-04-15T17:20:46.790+0000] {logging_mixin.py:188} INFO - [2024-04-15T17:20:46.790+0000] {dag.py:3954} INFO - Setting next_dagrun for example_task_group to 2024-04-14 00:00:00+00:00, run_after=2024-04-15 00:00:00+00:00
[2024-04-15T17:20:46.801+0000] {processor.py:183} INFO - Processing /home/airflow/.local/lib/python3.12/site-packages/airflow/example_dags/example_task_group.py took 0.065 seconds
[2024-04-15T17:21:16.895+0000] {processor.py:161} INFO - Started process (PID=1064) to work on /home/airflow/.local/lib/python3.12/site-packages/airflow/example_dags/example_task_group.py
[2024-04-15T17:21:16.896+0000] {processor.py:830} INFO - Processing file /home/airflow/.local/lib/python3.12/site-packages/airflow/example_dags/example_task_group.py for tasks to queue
[2024-04-15T17:21:16.897+0000] {logging_mixin.py:188} INFO - [2024-04-15T17:21:16.897+0000] {dagbag.py:540} INFO - Filling up the DagBag from /home/airflow/.local/lib/python3.12/site-packages/airflow/example_dags/example_task_group.py
[2024-04-15T17:21:16.909+0000] {processor.py:840} INFO - DAG(s) 'example_task_group' retrieved from /home/airflow/.local/lib/python3.12/site-packages/airflow/example_dags/example_task_group.py
[2024-04-15T17:21:16.929+0000] {logging_mixin.py:188} INFO - [2024-04-15T17:21:16.928+0000] {dag.py:3096} INFO - Sync 1 DAGs
[2024-04-15T17:21:16.944+0000] {logging_mixin.py:188} INFO - [2024-04-15T17:21:16.944+0000] {dag.py:3954} INFO - Setting next_dagrun for example_task_group to 2024-04-14 00:00:00+00:00, run_after=2024-04-15 00:00:00+00:00
[2024-04-15T17:21:16.957+0000] {processor.py:183} INFO - Processing /home/airflow/.local/lib/python3.12/site-packages/airflow/example_dags/example_task_group.py took 0.071 seconds
[2024-04-15T17:21:47.056+0000] {processor.py:161} INFO - Started process (PID=1123) to work on /home/airflow/.local/lib/python3.12/site-packages/airflow/example_dags/example_task_group.py
[2024-04-15T17:21:47.057+0000] {processor.py:830} INFO - Processing file /home/airflow/.local/lib/python3.12/site-packages/airflow/example_dags/example_task_group.py for tasks to queue
[2024-04-15T17:21:47.058+0000] {logging_mixin.py:188} INFO - [2024-04-15T17:21:47.058+0000] {dagbag.py:540} INFO - Filling up the DagBag from /home/airflow/.local/lib/python3.12/site-packages/airflow/example_dags/example_task_group.py
[2024-04-15T17:21:47.066+0000] {processor.py:840} INFO - DAG(s) 'example_task_group' retrieved from /home/airflow/.local/lib/python3.12/site-packages/airflow/example_dags/example_task_group.py
[2024-04-15T17:21:47.082+0000] {logging_mixin.py:188} INFO - [2024-04-15T17:21:47.081+0000] {dag.py:3096} INFO - Sync 1 DAGs
[2024-04-15T17:21:47.095+0000] {logging_mixin.py:188} INFO - [2024-04-15T17:21:47.095+0000] {dag.py:3954} INFO - Setting next_dagrun for example_task_group to 2024-04-14 00:00:00+00:00, run_after=2024-04-15 00:00:00+00:00
[2024-04-15T17:21:47.107+0000] {processor.py:183} INFO - Processing /home/airflow/.local/lib/python3.12/site-packages/airflow/example_dags/example_task_group.py took 0.057 seconds
[2024-04-15T17:22:52.924+0000] {processor.py:161} INFO - Started process (PID=62) to work on /home/airflow/.local/lib/python3.12/site-packages/airflow/example_dags/example_task_group.py
[2024-04-15T17:22:52.925+0000] {processor.py:830} INFO - Processing file /home/airflow/.local/lib/python3.12/site-packages/airflow/example_dags/example_task_group.py for tasks to queue
[2024-04-15T17:22:52.931+0000] {logging_mixin.py:188} INFO - [2024-04-15T17:22:52.930+0000] {dagbag.py:540} INFO - Filling up the DagBag from /home/airflow/.local/lib/python3.12/site-packages/airflow/example_dags/example_task_group.py
[2024-04-15T17:22:52.947+0000] {processor.py:840} INFO - DAG(s) 'example_task_group' retrieved from /home/airflow/.local/lib/python3.12/site-packages/airflow/example_dags/example_task_group.py
[2024-04-15T17:22:52.965+0000] {logging_mixin.py:188} INFO - [2024-04-15T17:22:52.965+0000] {dag.py:3096} INFO - Sync 1 DAGs
[2024-04-15T17:22:53.022+0000] {logging_mixin.py:188} INFO - [2024-04-15T17:22:53.022+0000] {dag.py:3954} INFO - Setting next_dagrun for example_task_group to 2024-04-14 00:00:00+00:00, run_after=2024-04-15 00:00:00+00:00
[2024-04-15T17:22:53.047+0000] {processor.py:183} INFO - Processing /home/airflow/.local/lib/python3.12/site-packages/airflow/example_dags/example_task_group.py took 0.141 seconds
[2024-04-15T17:23:24.821+0000] {processor.py:161} INFO - Started process (PID=121) to work on /home/airflow/.local/lib/python3.12/site-packages/airflow/example_dags/example_task_group.py
[2024-04-15T17:23:24.823+0000] {processor.py:830} INFO - Processing file /home/airflow/.local/lib/python3.12/site-packages/airflow/example_dags/example_task_group.py for tasks to queue
[2024-04-15T17:23:24.828+0000] {logging_mixin.py:188} INFO - [2024-04-15T17:23:24.827+0000] {dagbag.py:540} INFO - Filling up the DagBag from /home/airflow/.local/lib/python3.12/site-packages/airflow/example_dags/example_task_group.py
[2024-04-15T17:23:24.866+0000] {processor.py:840} INFO - DAG(s) 'example_task_group' retrieved from /home/airflow/.local/lib/python3.12/site-packages/airflow/example_dags/example_task_group.py
[2024-04-15T17:23:25.050+0000] {logging_mixin.py:188} INFO - [2024-04-15T17:23:25.050+0000] {dag.py:3096} INFO - Sync 1 DAGs
[2024-04-15T17:23:25.090+0000] {logging_mixin.py:188} INFO - [2024-04-15T17:23:25.089+0000] {dag.py:3954} INFO - Setting next_dagrun for example_task_group to 2024-04-14 00:00:00+00:00, run_after=2024-04-15 00:00:00+00:00
[2024-04-15T17:23:25.164+0000] {processor.py:183} INFO - Processing /home/airflow/.local/lib/python3.12/site-packages/airflow/example_dags/example_task_group.py took 0.354 seconds
[2024-04-15T17:23:55.993+0000] {processor.py:161} INFO - Started process (PID=180) to work on /home/airflow/.local/lib/python3.12/site-packages/airflow/example_dags/example_task_group.py
[2024-04-15T17:23:55.995+0000] {processor.py:830} INFO - Processing file /home/airflow/.local/lib/python3.12/site-packages/airflow/example_dags/example_task_group.py for tasks to queue
[2024-04-15T17:23:55.997+0000] {logging_mixin.py:188} INFO - [2024-04-15T17:23:55.997+0000] {dagbag.py:540} INFO - Filling up the DagBag from /home/airflow/.local/lib/python3.12/site-packages/airflow/example_dags/example_task_group.py
[2024-04-15T17:23:56.006+0000] {processor.py:840} INFO - DAG(s) 'example_task_group' retrieved from /home/airflow/.local/lib/python3.12/site-packages/airflow/example_dags/example_task_group.py
[2024-04-15T17:23:56.023+0000] {logging_mixin.py:188} INFO - [2024-04-15T17:23:56.023+0000] {dag.py:3096} INFO - Sync 1 DAGs
[2024-04-15T17:23:56.036+0000] {logging_mixin.py:188} INFO - [2024-04-15T17:23:56.036+0000] {dag.py:3954} INFO - Setting next_dagrun for example_task_group to 2024-04-14 00:00:00+00:00, run_after=2024-04-15 00:00:00+00:00
[2024-04-15T17:23:56.046+0000] {processor.py:183} INFO - Processing /home/airflow/.local/lib/python3.12/site-packages/airflow/example_dags/example_task_group.py took 0.060 seconds
[2024-04-15T17:24:26.758+0000] {processor.py:161} INFO - Started process (PID=246) to work on /home/airflow/.local/lib/python3.12/site-packages/airflow/example_dags/example_task_group.py
[2024-04-15T17:24:26.760+0000] {processor.py:830} INFO - Processing file /home/airflow/.local/lib/python3.12/site-packages/airflow/example_dags/example_task_group.py for tasks to queue
[2024-04-15T17:24:26.768+0000] {logging_mixin.py:188} INFO - [2024-04-15T17:24:26.766+0000] {dagbag.py:540} INFO - Filling up the DagBag from /home/airflow/.local/lib/python3.12/site-packages/airflow/example_dags/example_task_group.py
[2024-04-15T17:24:26.812+0000] {processor.py:840} INFO - DAG(s) 'example_task_group' retrieved from /home/airflow/.local/lib/python3.12/site-packages/airflow/example_dags/example_task_group.py
[2024-04-15T17:24:26.910+0000] {logging_mixin.py:188} INFO - [2024-04-15T17:24:26.909+0000] {dag.py:3096} INFO - Sync 1 DAGs
[2024-04-15T17:24:27.053+0000] {logging_mixin.py:188} INFO - [2024-04-15T17:24:27.052+0000] {dag.py:3954} INFO - Setting next_dagrun for example_task_group to 2024-04-14 00:00:00+00:00, run_after=2024-04-15 00:00:00+00:00
[2024-04-15T17:24:27.083+0000] {processor.py:183} INFO - Processing /home/airflow/.local/lib/python3.12/site-packages/airflow/example_dags/example_task_group.py took 0.348 seconds
[2024-04-15T17:24:59.865+0000] {processor.py:161} INFO - Started process (PID=307) to work on /home/airflow/.local/lib/python3.12/site-packages/airflow/example_dags/example_task_group.py
[2024-04-15T17:24:59.866+0000] {processor.py:830} INFO - Processing file /home/airflow/.local/lib/python3.12/site-packages/airflow/example_dags/example_task_group.py for tasks to queue
[2024-04-15T17:24:59.868+0000] {logging_mixin.py:188} INFO - [2024-04-15T17:24:59.868+0000] {dagbag.py:540} INFO - Filling up the DagBag from /home/airflow/.local/lib/python3.12/site-packages/airflow/example_dags/example_task_group.py
[2024-04-15T17:24:59.874+0000] {processor.py:840} INFO - DAG(s) 'example_task_group' retrieved from /home/airflow/.local/lib/python3.12/site-packages/airflow/example_dags/example_task_group.py
[2024-04-15T17:24:59.891+0000] {logging_mixin.py:188} INFO - [2024-04-15T17:24:59.891+0000] {dag.py:3096} INFO - Sync 1 DAGs
[2024-04-15T17:24:59.908+0000] {logging_mixin.py:188} INFO - [2024-04-15T17:24:59.908+0000] {dag.py:3954} INFO - Setting next_dagrun for example_task_group to 2024-04-14 00:00:00+00:00, run_after=2024-04-15 00:00:00+00:00
[2024-04-15T17:24:59.923+0000] {processor.py:183} INFO - Processing /home/airflow/.local/lib/python3.12/site-packages/airflow/example_dags/example_task_group.py took 0.062 seconds
[2024-04-15T17:26:29.743+0000] {processor.py:161} INFO - Started process (PID=73) to work on /home/airflow/.local/lib/python3.12/site-packages/airflow/example_dags/example_task_group.py
[2024-04-15T17:26:29.744+0000] {processor.py:830} INFO - Processing file /home/airflow/.local/lib/python3.12/site-packages/airflow/example_dags/example_task_group.py for tasks to queue
[2024-04-15T17:26:29.746+0000] {logging_mixin.py:188} INFO - [2024-04-15T17:26:29.746+0000] {dagbag.py:540} INFO - Filling up the DagBag from /home/airflow/.local/lib/python3.12/site-packages/airflow/example_dags/example_task_group.py
[2024-04-15T17:26:29.753+0000] {processor.py:840} INFO - DAG(s) 'example_task_group' retrieved from /home/airflow/.local/lib/python3.12/site-packages/airflow/example_dags/example_task_group.py
[2024-04-15T17:26:29.902+0000] {logging_mixin.py:188} INFO - [2024-04-15T17:26:29.901+0000] {dag.py:3096} INFO - Sync 1 DAGs
[2024-04-15T17:26:30.099+0000] {logging_mixin.py:188} INFO - [2024-04-15T17:26:30.099+0000] {dag.py:3954} INFO - Setting next_dagrun for example_task_group to 2024-04-14 00:00:00+00:00, run_after=2024-04-15 00:00:00+00:00
[2024-04-15T17:26:30.111+0000] {processor.py:183} INFO - Processing /home/airflow/.local/lib/python3.12/site-packages/airflow/example_dags/example_task_group.py took 0.374 seconds
[2024-04-15T17:27:00.356+0000] {processor.py:161} INFO - Started process (PID=133) to work on /home/airflow/.local/lib/python3.12/site-packages/airflow/example_dags/example_task_group.py
[2024-04-15T17:27:00.357+0000] {processor.py:830} INFO - Processing file /home/airflow/.local/lib/python3.12/site-packages/airflow/example_dags/example_task_group.py for tasks to queue
[2024-04-15T17:27:00.358+0000] {logging_mixin.py:188} INFO - [2024-04-15T17:27:00.358+0000] {dagbag.py:540} INFO - Filling up the DagBag from /home/airflow/.local/lib/python3.12/site-packages/airflow/example_dags/example_task_group.py
[2024-04-15T17:27:00.514+0000] {processor.py:840} INFO - DAG(s) 'example_task_group' retrieved from /home/airflow/.local/lib/python3.12/site-packages/airflow/example_dags/example_task_group.py
[2024-04-15T17:27:00.527+0000] {logging_mixin.py:188} INFO - [2024-04-15T17:27:00.527+0000] {dag.py:3096} INFO - Sync 1 DAGs
[2024-04-15T17:27:00.537+0000] {logging_mixin.py:188} INFO - [2024-04-15T17:27:00.537+0000] {dag.py:3954} INFO - Setting next_dagrun for example_task_group to 2024-04-14 00:00:00+00:00, run_after=2024-04-15 00:00:00+00:00
[2024-04-15T17:27:00.545+0000] {processor.py:183} INFO - Processing /home/airflow/.local/lib/python3.12/site-packages/airflow/example_dags/example_task_group.py took 0.196 seconds
[2024-04-15T17:27:31.232+0000] {processor.py:161} INFO - Started process (PID=193) to work on /home/airflow/.local/lib/python3.12/site-packages/airflow/example_dags/example_task_group.py
[2024-04-15T17:27:31.233+0000] {processor.py:830} INFO - Processing file /home/airflow/.local/lib/python3.12/site-packages/airflow/example_dags/example_task_group.py for tasks to queue
[2024-04-15T17:27:31.234+0000] {logging_mixin.py:188} INFO - [2024-04-15T17:27:31.234+0000] {dagbag.py:540} INFO - Filling up the DagBag from /home/airflow/.local/lib/python3.12/site-packages/airflow/example_dags/example_task_group.py
[2024-04-15T17:27:31.239+0000] {processor.py:840} INFO - DAG(s) 'example_task_group' retrieved from /home/airflow/.local/lib/python3.12/site-packages/airflow/example_dags/example_task_group.py
[2024-04-15T17:27:31.253+0000] {logging_mixin.py:188} INFO - [2024-04-15T17:27:31.253+0000] {dag.py:3096} INFO - Sync 1 DAGs
[2024-04-15T17:27:31.264+0000] {logging_mixin.py:188} INFO - [2024-04-15T17:27:31.263+0000] {dag.py:3954} INFO - Setting next_dagrun for example_task_group to 2024-04-14 00:00:00+00:00, run_after=2024-04-15 00:00:00+00:00
[2024-04-15T17:27:31.272+0000] {processor.py:183} INFO - Processing /home/airflow/.local/lib/python3.12/site-packages/airflow/example_dags/example_task_group.py took 0.042 seconds
[2024-04-15T17:28:01.958+0000] {processor.py:161} INFO - Started process (PID=253) to work on /home/airflow/.local/lib/python3.12/site-packages/airflow/example_dags/example_task_group.py
[2024-04-15T17:28:01.959+0000] {processor.py:830} INFO - Processing file /home/airflow/.local/lib/python3.12/site-packages/airflow/example_dags/example_task_group.py for tasks to queue
[2024-04-15T17:28:01.960+0000] {logging_mixin.py:188} INFO - [2024-04-15T17:28:01.960+0000] {dagbag.py:540} INFO - Filling up the DagBag from /home/airflow/.local/lib/python3.12/site-packages/airflow/example_dags/example_task_group.py
[2024-04-15T17:28:01.965+0000] {processor.py:840} INFO - DAG(s) 'example_task_group' retrieved from /home/airflow/.local/lib/python3.12/site-packages/airflow/example_dags/example_task_group.py
[2024-04-15T17:28:01.983+0000] {logging_mixin.py:188} INFO - [2024-04-15T17:28:01.983+0000] {dag.py:3096} INFO - Sync 1 DAGs
[2024-04-15T17:28:01.995+0000] {logging_mixin.py:188} INFO - [2024-04-15T17:28:01.995+0000] {dag.py:3954} INFO - Setting next_dagrun for example_task_group to 2024-04-14 00:00:00+00:00, run_after=2024-04-15 00:00:00+00:00
[2024-04-15T17:28:02.004+0000] {processor.py:183} INFO - Processing /home/airflow/.local/lib/python3.12/site-packages/airflow/example_dags/example_task_group.py took 0.049 seconds
[2024-04-15T17:28:32.249+0000] {processor.py:161} INFO - Started process (PID=313) to work on /home/airflow/.local/lib/python3.12/site-packages/airflow/example_dags/example_task_group.py
[2024-04-15T17:28:32.250+0000] {processor.py:830} INFO - Processing file /home/airflow/.local/lib/python3.12/site-packages/airflow/example_dags/example_task_group.py for tasks to queue
[2024-04-15T17:28:32.252+0000] {logging_mixin.py:188} INFO - [2024-04-15T17:28:32.251+0000] {dagbag.py:540} INFO - Filling up the DagBag from /home/airflow/.local/lib/python3.12/site-packages/airflow/example_dags/example_task_group.py
[2024-04-15T17:28:32.258+0000] {processor.py:840} INFO - DAG(s) 'example_task_group' retrieved from /home/airflow/.local/lib/python3.12/site-packages/airflow/example_dags/example_task_group.py
[2024-04-15T17:28:32.275+0000] {logging_mixin.py:188} INFO - [2024-04-15T17:28:32.275+0000] {dag.py:3096} INFO - Sync 1 DAGs
[2024-04-15T17:28:32.294+0000] {logging_mixin.py:188} INFO - [2024-04-15T17:28:32.293+0000] {dag.py:3954} INFO - Setting next_dagrun for example_task_group to 2024-04-14 00:00:00+00:00, run_after=2024-04-15 00:00:00+00:00
[2024-04-15T17:28:32.305+0000] {processor.py:183} INFO - Processing /home/airflow/.local/lib/python3.12/site-packages/airflow/example_dags/example_task_group.py took 0.061 seconds
[2024-04-15T17:29:03.138+0000] {processor.py:161} INFO - Started process (PID=373) to work on /home/airflow/.local/lib/python3.12/site-packages/airflow/example_dags/example_task_group.py
[2024-04-15T17:29:03.139+0000] {processor.py:830} INFO - Processing file /home/airflow/.local/lib/python3.12/site-packages/airflow/example_dags/example_task_group.py for tasks to queue
[2024-04-15T17:29:03.141+0000] {logging_mixin.py:188} INFO - [2024-04-15T17:29:03.140+0000] {dagbag.py:540} INFO - Filling up the DagBag from /home/airflow/.local/lib/python3.12/site-packages/airflow/example_dags/example_task_group.py
[2024-04-15T17:29:03.145+0000] {processor.py:840} INFO - DAG(s) 'example_task_group' retrieved from /home/airflow/.local/lib/python3.12/site-packages/airflow/example_dags/example_task_group.py
[2024-04-15T17:29:03.158+0000] {logging_mixin.py:188} INFO - [2024-04-15T17:29:03.158+0000] {dag.py:3096} INFO - Sync 1 DAGs
[2024-04-15T17:29:03.169+0000] {logging_mixin.py:188} INFO - [2024-04-15T17:29:03.169+0000] {dag.py:3954} INFO - Setting next_dagrun for example_task_group to 2024-04-14 00:00:00+00:00, run_after=2024-04-15 00:00:00+00:00
[2024-04-15T17:29:03.178+0000] {processor.py:183} INFO - Processing /home/airflow/.local/lib/python3.12/site-packages/airflow/example_dags/example_task_group.py took 0.045 seconds
[2024-04-15T17:29:33.765+0000] {processor.py:161} INFO - Started process (PID=433) to work on /home/airflow/.local/lib/python3.12/site-packages/airflow/example_dags/example_task_group.py
[2024-04-15T17:29:33.766+0000] {processor.py:830} INFO - Processing file /home/airflow/.local/lib/python3.12/site-packages/airflow/example_dags/example_task_group.py for tasks to queue
[2024-04-15T17:29:33.768+0000] {logging_mixin.py:188} INFO - [2024-04-15T17:29:33.768+0000] {dagbag.py:540} INFO - Filling up the DagBag from /home/airflow/.local/lib/python3.12/site-packages/airflow/example_dags/example_task_group.py
[2024-04-15T17:29:33.776+0000] {processor.py:840} INFO - DAG(s) 'example_task_group' retrieved from /home/airflow/.local/lib/python3.12/site-packages/airflow/example_dags/example_task_group.py
[2024-04-15T17:29:33.788+0000] {logging_mixin.py:188} INFO - [2024-04-15T17:29:33.787+0000] {dag.py:3096} INFO - Sync 1 DAGs
[2024-04-15T17:29:33.798+0000] {logging_mixin.py:188} INFO - [2024-04-15T17:29:33.798+0000] {dag.py:3954} INFO - Setting next_dagrun for example_task_group to 2024-04-14 00:00:00+00:00, run_after=2024-04-15 00:00:00+00:00
[2024-04-15T17:29:33.808+0000] {processor.py:183} INFO - Processing /home/airflow/.local/lib/python3.12/site-packages/airflow/example_dags/example_task_group.py took 0.046 seconds
[2024-04-15T17:30:04.446+0000] {processor.py:161} INFO - Started process (PID=493) to work on /home/airflow/.local/lib/python3.12/site-packages/airflow/example_dags/example_task_group.py
[2024-04-15T17:30:04.448+0000] {processor.py:830} INFO - Processing file /home/airflow/.local/lib/python3.12/site-packages/airflow/example_dags/example_task_group.py for tasks to queue
[2024-04-15T17:30:04.455+0000] {logging_mixin.py:188} INFO - [2024-04-15T17:30:04.455+0000] {dagbag.py:540} INFO - Filling up the DagBag from /home/airflow/.local/lib/python3.12/site-packages/airflow/example_dags/example_task_group.py
[2024-04-15T17:30:04.473+0000] {processor.py:840} INFO - DAG(s) 'example_task_group' retrieved from /home/airflow/.local/lib/python3.12/site-packages/airflow/example_dags/example_task_group.py
[2024-04-15T17:30:04.495+0000] {logging_mixin.py:188} INFO - [2024-04-15T17:30:04.494+0000] {dag.py:3096} INFO - Sync 1 DAGs
[2024-04-15T17:30:04.523+0000] {logging_mixin.py:188} INFO - [2024-04-15T17:30:04.523+0000] {dag.py:3954} INFO - Setting next_dagrun for example_task_group to 2024-04-14 00:00:00+00:00, run_after=2024-04-15 00:00:00+00:00
[2024-04-15T17:30:04.576+0000] {processor.py:183} INFO - Processing /home/airflow/.local/lib/python3.12/site-packages/airflow/example_dags/example_task_group.py took 0.144 seconds
[2024-04-15T17:30:35.232+0000] {processor.py:161} INFO - Started process (PID=552) to work on /home/airflow/.local/lib/python3.12/site-packages/airflow/example_dags/example_task_group.py
[2024-04-15T17:30:35.232+0000] {processor.py:830} INFO - Processing file /home/airflow/.local/lib/python3.12/site-packages/airflow/example_dags/example_task_group.py for tasks to queue
[2024-04-15T17:30:35.234+0000] {logging_mixin.py:188} INFO - [2024-04-15T17:30:35.233+0000] {dagbag.py:540} INFO - Filling up the DagBag from /home/airflow/.local/lib/python3.12/site-packages/airflow/example_dags/example_task_group.py
[2024-04-15T17:30:35.237+0000] {processor.py:840} INFO - DAG(s) 'example_task_group' retrieved from /home/airflow/.local/lib/python3.12/site-packages/airflow/example_dags/example_task_group.py
[2024-04-15T17:30:35.247+0000] {logging_mixin.py:188} INFO - [2024-04-15T17:30:35.247+0000] {dag.py:3096} INFO - Sync 1 DAGs
[2024-04-15T17:30:35.258+0000] {logging_mixin.py:188} INFO - [2024-04-15T17:30:35.258+0000] {dag.py:3954} INFO - Setting next_dagrun for example_task_group to 2024-04-14 00:00:00+00:00, run_after=2024-04-15 00:00:00+00:00
[2024-04-15T17:30:35.266+0000] {processor.py:183} INFO - Processing /home/airflow/.local/lib/python3.12/site-packages/airflow/example_dags/example_task_group.py took 0.038 seconds
[2024-04-15T17:31:05.419+0000] {processor.py:161} INFO - Started process (PID=612) to work on /home/airflow/.local/lib/python3.12/site-packages/airflow/example_dags/example_task_group.py
[2024-04-15T17:31:05.420+0000] {processor.py:830} INFO - Processing file /home/airflow/.local/lib/python3.12/site-packages/airflow/example_dags/example_task_group.py for tasks to queue
[2024-04-15T17:31:05.421+0000] {logging_mixin.py:188} INFO - [2024-04-15T17:31:05.421+0000] {dagbag.py:540} INFO - Filling up the DagBag from /home/airflow/.local/lib/python3.12/site-packages/airflow/example_dags/example_task_group.py
[2024-04-15T17:31:05.425+0000] {processor.py:840} INFO - DAG(s) 'example_task_group' retrieved from /home/airflow/.local/lib/python3.12/site-packages/airflow/example_dags/example_task_group.py
[2024-04-15T17:31:05.436+0000] {logging_mixin.py:188} INFO - [2024-04-15T17:31:05.436+0000] {dag.py:3096} INFO - Sync 1 DAGs
[2024-04-15T17:31:05.449+0000] {logging_mixin.py:188} INFO - [2024-04-15T17:31:05.448+0000] {dag.py:3954} INFO - Setting next_dagrun for example_task_group to 2024-04-14 00:00:00+00:00, run_after=2024-04-15 00:00:00+00:00
[2024-04-15T17:31:05.457+0000] {processor.py:183} INFO - Processing /home/airflow/.local/lib/python3.12/site-packages/airflow/example_dags/example_task_group.py took 0.041 seconds
[2024-04-15T17:31:36.331+0000] {processor.py:161} INFO - Started process (PID=672) to work on /home/airflow/.local/lib/python3.12/site-packages/airflow/example_dags/example_task_group.py
[2024-04-15T17:31:36.332+0000] {processor.py:830} INFO - Processing file /home/airflow/.local/lib/python3.12/site-packages/airflow/example_dags/example_task_group.py for tasks to queue
[2024-04-15T17:31:36.333+0000] {logging_mixin.py:188} INFO - [2024-04-15T17:31:36.332+0000] {dagbag.py:540} INFO - Filling up the DagBag from /home/airflow/.local/lib/python3.12/site-packages/airflow/example_dags/example_task_group.py
[2024-04-15T17:31:36.336+0000] {processor.py:840} INFO - DAG(s) 'example_task_group' retrieved from /home/airflow/.local/lib/python3.12/site-packages/airflow/example_dags/example_task_group.py
[2024-04-15T17:31:36.349+0000] {logging_mixin.py:188} INFO - [2024-04-15T17:31:36.349+0000] {dag.py:3096} INFO - Sync 1 DAGs
[2024-04-15T17:31:36.364+0000] {logging_mixin.py:188} INFO - [2024-04-15T17:31:36.364+0000] {dag.py:3954} INFO - Setting next_dagrun for example_task_group to 2024-04-14 00:00:00+00:00, run_after=2024-04-15 00:00:00+00:00
[2024-04-15T17:31:36.374+0000] {processor.py:183} INFO - Processing /home/airflow/.local/lib/python3.12/site-packages/airflow/example_dags/example_task_group.py took 0.046 seconds
[2024-04-15T17:32:06.893+0000] {processor.py:161} INFO - Started process (PID=732) to work on /home/airflow/.local/lib/python3.12/site-packages/airflow/example_dags/example_task_group.py
[2024-04-15T17:32:06.893+0000] {processor.py:830} INFO - Processing file /home/airflow/.local/lib/python3.12/site-packages/airflow/example_dags/example_task_group.py for tasks to queue
[2024-04-15T17:32:06.895+0000] {logging_mixin.py:188} INFO - [2024-04-15T17:32:06.895+0000] {dagbag.py:540} INFO - Filling up the DagBag from /home/airflow/.local/lib/python3.12/site-packages/airflow/example_dags/example_task_group.py
[2024-04-15T17:32:06.899+0000] {processor.py:840} INFO - DAG(s) 'example_task_group' retrieved from /home/airflow/.local/lib/python3.12/site-packages/airflow/example_dags/example_task_group.py
[2024-04-15T17:32:06.909+0000] {logging_mixin.py:188} INFO - [2024-04-15T17:32:06.909+0000] {dag.py:3096} INFO - Sync 1 DAGs
[2024-04-15T17:32:06.920+0000] {logging_mixin.py:188} INFO - [2024-04-15T17:32:06.919+0000] {dag.py:3954} INFO - Setting next_dagrun for example_task_group to 2024-04-14 00:00:00+00:00, run_after=2024-04-15 00:00:00+00:00
[2024-04-15T17:32:06.928+0000] {processor.py:183} INFO - Processing /home/airflow/.local/lib/python3.12/site-packages/airflow/example_dags/example_task_group.py took 0.038 seconds
[2024-04-15T17:32:37.594+0000] {processor.py:161} INFO - Started process (PID=792) to work on /home/airflow/.local/lib/python3.12/site-packages/airflow/example_dags/example_task_group.py
[2024-04-15T17:32:37.595+0000] {processor.py:830} INFO - Processing file /home/airflow/.local/lib/python3.12/site-packages/airflow/example_dags/example_task_group.py for tasks to queue
[2024-04-15T17:32:37.596+0000] {logging_mixin.py:188} INFO - [2024-04-15T17:32:37.596+0000] {dagbag.py:540} INFO - Filling up the DagBag from /home/airflow/.local/lib/python3.12/site-packages/airflow/example_dags/example_task_group.py
[2024-04-15T17:32:37.600+0000] {processor.py:840} INFO - DAG(s) 'example_task_group' retrieved from /home/airflow/.local/lib/python3.12/site-packages/airflow/example_dags/example_task_group.py
[2024-04-15T17:32:37.612+0000] {logging_mixin.py:188} INFO - [2024-04-15T17:32:37.612+0000] {dag.py:3096} INFO - Sync 1 DAGs
[2024-04-15T17:32:37.622+0000] {logging_mixin.py:188} INFO - [2024-04-15T17:32:37.622+0000] {dag.py:3954} INFO - Setting next_dagrun for example_task_group to 2024-04-14 00:00:00+00:00, run_after=2024-04-15 00:00:00+00:00
[2024-04-15T17:32:37.630+0000] {processor.py:183} INFO - Processing /home/airflow/.local/lib/python3.12/site-packages/airflow/example_dags/example_task_group.py took 0.039 seconds
[2024-04-15T17:33:08.169+0000] {processor.py:161} INFO - Started process (PID=852) to work on /home/airflow/.local/lib/python3.12/site-packages/airflow/example_dags/example_task_group.py
[2024-04-15T17:33:08.169+0000] {processor.py:830} INFO - Processing file /home/airflow/.local/lib/python3.12/site-packages/airflow/example_dags/example_task_group.py for tasks to queue
[2024-04-15T17:33:08.170+0000] {logging_mixin.py:188} INFO - [2024-04-15T17:33:08.170+0000] {dagbag.py:540} INFO - Filling up the DagBag from /home/airflow/.local/lib/python3.12/site-packages/airflow/example_dags/example_task_group.py
[2024-04-15T17:33:08.174+0000] {processor.py:840} INFO - DAG(s) 'example_task_group' retrieved from /home/airflow/.local/lib/python3.12/site-packages/airflow/example_dags/example_task_group.py
[2024-04-15T17:33:08.185+0000] {logging_mixin.py:188} INFO - [2024-04-15T17:33:08.185+0000] {dag.py:3096} INFO - Sync 1 DAGs
[2024-04-15T17:33:08.196+0000] {logging_mixin.py:188} INFO - [2024-04-15T17:33:08.196+0000] {dag.py:3954} INFO - Setting next_dagrun for example_task_group to 2024-04-14 00:00:00+00:00, run_after=2024-04-15 00:00:00+00:00
[2024-04-15T17:33:08.205+0000] {processor.py:183} INFO - Processing /home/airflow/.local/lib/python3.12/site-packages/airflow/example_dags/example_task_group.py took 0.040 seconds
[2024-04-15T17:33:38.871+0000] {processor.py:161} INFO - Started process (PID=912) to work on /home/airflow/.local/lib/python3.12/site-packages/airflow/example_dags/example_task_group.py
[2024-04-15T17:33:38.872+0000] {processor.py:830} INFO - Processing file /home/airflow/.local/lib/python3.12/site-packages/airflow/example_dags/example_task_group.py for tasks to queue
[2024-04-15T17:33:38.873+0000] {logging_mixin.py:188} INFO - [2024-04-15T17:33:38.873+0000] {dagbag.py:540} INFO - Filling up the DagBag from /home/airflow/.local/lib/python3.12/site-packages/airflow/example_dags/example_task_group.py
[2024-04-15T17:33:38.877+0000] {processor.py:840} INFO - DAG(s) 'example_task_group' retrieved from /home/airflow/.local/lib/python3.12/site-packages/airflow/example_dags/example_task_group.py
[2024-04-15T17:33:38.888+0000] {logging_mixin.py:188} INFO - [2024-04-15T17:33:38.888+0000] {dag.py:3096} INFO - Sync 1 DAGs
[2024-04-15T17:33:38.899+0000] {logging_mixin.py:188} INFO - [2024-04-15T17:33:38.899+0000] {dag.py:3954} INFO - Setting next_dagrun for example_task_group to 2024-04-14 00:00:00+00:00, run_after=2024-04-15 00:00:00+00:00
[2024-04-15T17:33:38.910+0000] {processor.py:183} INFO - Processing /home/airflow/.local/lib/python3.12/site-packages/airflow/example_dags/example_task_group.py took 0.042 seconds
[2024-04-15T17:34:09.118+0000] {processor.py:161} INFO - Started process (PID=972) to work on /home/airflow/.local/lib/python3.12/site-packages/airflow/example_dags/example_task_group.py
[2024-04-15T17:34:09.119+0000] {processor.py:830} INFO - Processing file /home/airflow/.local/lib/python3.12/site-packages/airflow/example_dags/example_task_group.py for tasks to queue
[2024-04-15T17:34:09.120+0000] {logging_mixin.py:188} INFO - [2024-04-15T17:34:09.120+0000] {dagbag.py:540} INFO - Filling up the DagBag from /home/airflow/.local/lib/python3.12/site-packages/airflow/example_dags/example_task_group.py
[2024-04-15T17:34:09.124+0000] {processor.py:840} INFO - DAG(s) 'example_task_group' retrieved from /home/airflow/.local/lib/python3.12/site-packages/airflow/example_dags/example_task_group.py
[2024-04-15T17:34:09.136+0000] {logging_mixin.py:188} INFO - [2024-04-15T17:34:09.136+0000] {dag.py:3096} INFO - Sync 1 DAGs
[2024-04-15T17:34:09.149+0000] {logging_mixin.py:188} INFO - [2024-04-15T17:34:09.149+0000] {dag.py:3954} INFO - Setting next_dagrun for example_task_group to 2024-04-14 00:00:00+00:00, run_after=2024-04-15 00:00:00+00:00
[2024-04-15T17:34:09.161+0000] {processor.py:183} INFO - Processing /home/airflow/.local/lib/python3.12/site-packages/airflow/example_dags/example_task_group.py took 0.046 seconds
[2024-04-15T17:34:39.455+0000] {processor.py:161} INFO - Started process (PID=1032) to work on /home/airflow/.local/lib/python3.12/site-packages/airflow/example_dags/example_task_group.py
[2024-04-15T17:34:39.456+0000] {processor.py:830} INFO - Processing file /home/airflow/.local/lib/python3.12/site-packages/airflow/example_dags/example_task_group.py for tasks to queue
[2024-04-15T17:34:39.457+0000] {logging_mixin.py:188} INFO - [2024-04-15T17:34:39.457+0000] {dagbag.py:540} INFO - Filling up the DagBag from /home/airflow/.local/lib/python3.12/site-packages/airflow/example_dags/example_task_group.py
[2024-04-15T17:34:39.461+0000] {processor.py:840} INFO - DAG(s) 'example_task_group' retrieved from /home/airflow/.local/lib/python3.12/site-packages/airflow/example_dags/example_task_group.py
[2024-04-15T17:34:39.478+0000] {logging_mixin.py:188} INFO - [2024-04-15T17:34:39.478+0000] {dag.py:3096} INFO - Sync 1 DAGs
[2024-04-15T17:34:39.554+0000] {logging_mixin.py:188} INFO - [2024-04-15T17:34:39.552+0000] {dag.py:3954} INFO - Setting next_dagrun for example_task_group to 2024-04-14 00:00:00+00:00, run_after=2024-04-15 00:00:00+00:00
[2024-04-15T17:34:39.578+0000] {processor.py:183} INFO - Processing /home/airflow/.local/lib/python3.12/site-packages/airflow/example_dags/example_task_group.py took 0.126 seconds
[2024-04-15T17:35:10.089+0000] {processor.py:161} INFO - Started process (PID=1092) to work on /home/airflow/.local/lib/python3.12/site-packages/airflow/example_dags/example_task_group.py
[2024-04-15T17:35:10.090+0000] {processor.py:830} INFO - Processing file /home/airflow/.local/lib/python3.12/site-packages/airflow/example_dags/example_task_group.py for tasks to queue
[2024-04-15T17:35:10.091+0000] {logging_mixin.py:188} INFO - [2024-04-15T17:35:10.091+0000] {dagbag.py:540} INFO - Filling up the DagBag from /home/airflow/.local/lib/python3.12/site-packages/airflow/example_dags/example_task_group.py
[2024-04-15T17:35:10.095+0000] {processor.py:840} INFO - DAG(s) 'example_task_group' retrieved from /home/airflow/.local/lib/python3.12/site-packages/airflow/example_dags/example_task_group.py
[2024-04-15T17:35:10.107+0000] {logging_mixin.py:188} INFO - [2024-04-15T17:35:10.106+0000] {dag.py:3096} INFO - Sync 1 DAGs
[2024-04-15T17:35:10.118+0000] {logging_mixin.py:188} INFO - [2024-04-15T17:35:10.118+0000] {dag.py:3954} INFO - Setting next_dagrun for example_task_group to 2024-04-14 00:00:00+00:00, run_after=2024-04-15 00:00:00+00:00
[2024-04-15T17:35:10.127+0000] {processor.py:183} INFO - Processing /home/airflow/.local/lib/python3.12/site-packages/airflow/example_dags/example_task_group.py took 0.041 seconds
[2024-04-15T17:35:40.577+0000] {processor.py:161} INFO - Started process (PID=1152) to work on /home/airflow/.local/lib/python3.12/site-packages/airflow/example_dags/example_task_group.py
[2024-04-15T17:35:40.577+0000] {processor.py:830} INFO - Processing file /home/airflow/.local/lib/python3.12/site-packages/airflow/example_dags/example_task_group.py for tasks to queue
[2024-04-15T17:35:40.579+0000] {logging_mixin.py:188} INFO - [2024-04-15T17:35:40.578+0000] {dagbag.py:540} INFO - Filling up the DagBag from /home/airflow/.local/lib/python3.12/site-packages/airflow/example_dags/example_task_group.py
[2024-04-15T17:35:40.584+0000] {processor.py:840} INFO - DAG(s) 'example_task_group' retrieved from /home/airflow/.local/lib/python3.12/site-packages/airflow/example_dags/example_task_group.py
[2024-04-15T17:35:40.595+0000] {logging_mixin.py:188} INFO - [2024-04-15T17:35:40.594+0000] {dag.py:3096} INFO - Sync 1 DAGs
[2024-04-15T17:35:40.604+0000] {logging_mixin.py:188} INFO - [2024-04-15T17:35:40.604+0000] {dag.py:3954} INFO - Setting next_dagrun for example_task_group to 2024-04-14 00:00:00+00:00, run_after=2024-04-15 00:00:00+00:00
[2024-04-15T17:35:40.613+0000] {processor.py:183} INFO - Processing /home/airflow/.local/lib/python3.12/site-packages/airflow/example_dags/example_task_group.py took 0.040 seconds
[2024-04-15T17:36:11.433+0000] {processor.py:161} INFO - Started process (PID=1212) to work on /home/airflow/.local/lib/python3.12/site-packages/airflow/example_dags/example_task_group.py
[2024-04-15T17:36:11.433+0000] {processor.py:830} INFO - Processing file /home/airflow/.local/lib/python3.12/site-packages/airflow/example_dags/example_task_group.py for tasks to queue
[2024-04-15T17:36:11.435+0000] {logging_mixin.py:188} INFO - [2024-04-15T17:36:11.434+0000] {dagbag.py:540} INFO - Filling up the DagBag from /home/airflow/.local/lib/python3.12/site-packages/airflow/example_dags/example_task_group.py
[2024-04-15T17:36:11.439+0000] {processor.py:840} INFO - DAG(s) 'example_task_group' retrieved from /home/airflow/.local/lib/python3.12/site-packages/airflow/example_dags/example_task_group.py
[2024-04-15T17:36:11.449+0000] {logging_mixin.py:188} INFO - [2024-04-15T17:36:11.449+0000] {dag.py:3096} INFO - Sync 1 DAGs
[2024-04-15T17:36:11.459+0000] {logging_mixin.py:188} INFO - [2024-04-15T17:36:11.459+0000] {dag.py:3954} INFO - Setting next_dagrun for example_task_group to 2024-04-14 00:00:00+00:00, run_after=2024-04-15 00:00:00+00:00
[2024-04-15T17:36:11.467+0000] {processor.py:183} INFO - Processing /home/airflow/.local/lib/python3.12/site-packages/airflow/example_dags/example_task_group.py took 0.038 seconds
[2024-04-15T17:36:41.927+0000] {processor.py:161} INFO - Started process (PID=1271) to work on /home/airflow/.local/lib/python3.12/site-packages/airflow/example_dags/example_task_group.py
[2024-04-15T17:36:41.928+0000] {processor.py:830} INFO - Processing file /home/airflow/.local/lib/python3.12/site-packages/airflow/example_dags/example_task_group.py for tasks to queue
[2024-04-15T17:36:41.930+0000] {logging_mixin.py:188} INFO - [2024-04-15T17:36:41.930+0000] {dagbag.py:540} INFO - Filling up the DagBag from /home/airflow/.local/lib/python3.12/site-packages/airflow/example_dags/example_task_group.py
[2024-04-15T17:36:41.937+0000] {processor.py:840} INFO - DAG(s) 'example_task_group' retrieved from /home/airflow/.local/lib/python3.12/site-packages/airflow/example_dags/example_task_group.py
[2024-04-15T17:36:41.951+0000] {logging_mixin.py:188} INFO - [2024-04-15T17:36:41.951+0000] {dag.py:3096} INFO - Sync 1 DAGs
[2024-04-15T17:36:41.970+0000] {logging_mixin.py:188} INFO - [2024-04-15T17:36:41.970+0000] {dag.py:3954} INFO - Setting next_dagrun for example_task_group to 2024-04-14 00:00:00+00:00, run_after=2024-04-15 00:00:00+00:00
[2024-04-15T17:36:41.982+0000] {processor.py:183} INFO - Processing /home/airflow/.local/lib/python3.12/site-packages/airflow/example_dags/example_task_group.py took 0.059 seconds
[2024-04-15T17:37:12.672+0000] {processor.py:161} INFO - Started process (PID=1331) to work on /home/airflow/.local/lib/python3.12/site-packages/airflow/example_dags/example_task_group.py
[2024-04-15T17:37:12.673+0000] {processor.py:830} INFO - Processing file /home/airflow/.local/lib/python3.12/site-packages/airflow/example_dags/example_task_group.py for tasks to queue
[2024-04-15T17:37:12.674+0000] {logging_mixin.py:188} INFO - [2024-04-15T17:37:12.674+0000] {dagbag.py:540} INFO - Filling up the DagBag from /home/airflow/.local/lib/python3.12/site-packages/airflow/example_dags/example_task_group.py
[2024-04-15T17:37:12.678+0000] {processor.py:840} INFO - DAG(s) 'example_task_group' retrieved from /home/airflow/.local/lib/python3.12/site-packages/airflow/example_dags/example_task_group.py
[2024-04-15T17:37:12.688+0000] {logging_mixin.py:188} INFO - [2024-04-15T17:37:12.688+0000] {dag.py:3096} INFO - Sync 1 DAGs
[2024-04-15T17:37:12.699+0000] {logging_mixin.py:188} INFO - [2024-04-15T17:37:12.699+0000] {dag.py:3954} INFO - Setting next_dagrun for example_task_group to 2024-04-14 00:00:00+00:00, run_after=2024-04-15 00:00:00+00:00
[2024-04-15T17:37:12.708+0000] {processor.py:183} INFO - Processing /home/airflow/.local/lib/python3.12/site-packages/airflow/example_dags/example_task_group.py took 0.039 seconds
[2024-04-15T17:37:43.448+0000] {processor.py:161} INFO - Started process (PID=1391) to work on /home/airflow/.local/lib/python3.12/site-packages/airflow/example_dags/example_task_group.py
[2024-04-15T17:37:43.449+0000] {processor.py:830} INFO - Processing file /home/airflow/.local/lib/python3.12/site-packages/airflow/example_dags/example_task_group.py for tasks to queue
[2024-04-15T17:37:43.450+0000] {logging_mixin.py:188} INFO - [2024-04-15T17:37:43.450+0000] {dagbag.py:540} INFO - Filling up the DagBag from /home/airflow/.local/lib/python3.12/site-packages/airflow/example_dags/example_task_group.py
[2024-04-15T17:37:43.457+0000] {processor.py:840} INFO - DAG(s) 'example_task_group' retrieved from /home/airflow/.local/lib/python3.12/site-packages/airflow/example_dags/example_task_group.py
[2024-04-15T17:37:43.473+0000] {logging_mixin.py:188} INFO - [2024-04-15T17:37:43.473+0000] {dag.py:3096} INFO - Sync 1 DAGs
[2024-04-15T17:37:43.484+0000] {logging_mixin.py:188} INFO - [2024-04-15T17:37:43.484+0000] {dag.py:3954} INFO - Setting next_dagrun for example_task_group to 2024-04-14 00:00:00+00:00, run_after=2024-04-15 00:00:00+00:00
[2024-04-15T17:37:43.494+0000] {processor.py:183} INFO - Processing /home/airflow/.local/lib/python3.12/site-packages/airflow/example_dags/example_task_group.py took 0.049 seconds
[2024-04-15T17:38:13.920+0000] {processor.py:161} INFO - Started process (PID=1451) to work on /home/airflow/.local/lib/python3.12/site-packages/airflow/example_dags/example_task_group.py
[2024-04-15T17:38:13.920+0000] {processor.py:830} INFO - Processing file /home/airflow/.local/lib/python3.12/site-packages/airflow/example_dags/example_task_group.py for tasks to queue
[2024-04-15T17:38:13.921+0000] {logging_mixin.py:188} INFO - [2024-04-15T17:38:13.921+0000] {dagbag.py:540} INFO - Filling up the DagBag from /home/airflow/.local/lib/python3.12/site-packages/airflow/example_dags/example_task_group.py
[2024-04-15T17:38:13.925+0000] {processor.py:840} INFO - DAG(s) 'example_task_group' retrieved from /home/airflow/.local/lib/python3.12/site-packages/airflow/example_dags/example_task_group.py
[2024-04-15T17:38:13.936+0000] {logging_mixin.py:188} INFO - [2024-04-15T17:38:13.936+0000] {dag.py:3096} INFO - Sync 1 DAGs
[2024-04-15T17:38:13.947+0000] {logging_mixin.py:188} INFO - [2024-04-15T17:38:13.947+0000] {dag.py:3954} INFO - Setting next_dagrun for example_task_group to 2024-04-14 00:00:00+00:00, run_after=2024-04-15 00:00:00+00:00
[2024-04-15T17:38:13.955+0000] {processor.py:183} INFO - Processing /home/airflow/.local/lib/python3.12/site-packages/airflow/example_dags/example_task_group.py took 0.039 seconds
[2024-04-15T17:38:44.101+0000] {processor.py:161} INFO - Started process (PID=1511) to work on /home/airflow/.local/lib/python3.12/site-packages/airflow/example_dags/example_task_group.py
[2024-04-15T17:38:44.102+0000] {processor.py:830} INFO - Processing file /home/airflow/.local/lib/python3.12/site-packages/airflow/example_dags/example_task_group.py for tasks to queue
[2024-04-15T17:38:44.104+0000] {logging_mixin.py:188} INFO - [2024-04-15T17:38:44.103+0000] {dagbag.py:540} INFO - Filling up the DagBag from /home/airflow/.local/lib/python3.12/site-packages/airflow/example_dags/example_task_group.py
[2024-04-15T17:38:44.108+0000] {processor.py:840} INFO - DAG(s) 'example_task_group' retrieved from /home/airflow/.local/lib/python3.12/site-packages/airflow/example_dags/example_task_group.py
[2024-04-15T17:38:44.122+0000] {logging_mixin.py:188} INFO - [2024-04-15T17:38:44.122+0000] {dag.py:3096} INFO - Sync 1 DAGs
[2024-04-15T17:38:44.134+0000] {logging_mixin.py:188} INFO - [2024-04-15T17:38:44.134+0000] {dag.py:3954} INFO - Setting next_dagrun for example_task_group to 2024-04-14 00:00:00+00:00, run_after=2024-04-15 00:00:00+00:00
[2024-04-15T17:38:44.144+0000] {processor.py:183} INFO - Processing /home/airflow/.local/lib/python3.12/site-packages/airflow/example_dags/example_task_group.py took 0.048 seconds
[2024-04-15T17:39:14.809+0000] {processor.py:161} INFO - Started process (PID=1571) to work on /home/airflow/.local/lib/python3.12/site-packages/airflow/example_dags/example_task_group.py
[2024-04-15T17:39:14.810+0000] {processor.py:830} INFO - Processing file /home/airflow/.local/lib/python3.12/site-packages/airflow/example_dags/example_task_group.py for tasks to queue
[2024-04-15T17:39:14.811+0000] {logging_mixin.py:188} INFO - [2024-04-15T17:39:14.811+0000] {dagbag.py:540} INFO - Filling up the DagBag from /home/airflow/.local/lib/python3.12/site-packages/airflow/example_dags/example_task_group.py
[2024-04-15T17:39:14.815+0000] {processor.py:840} INFO - DAG(s) 'example_task_group' retrieved from /home/airflow/.local/lib/python3.12/site-packages/airflow/example_dags/example_task_group.py
[2024-04-15T17:39:14.828+0000] {logging_mixin.py:188} INFO - [2024-04-15T17:39:14.828+0000] {dag.py:3096} INFO - Sync 1 DAGs
[2024-04-15T17:39:14.842+0000] {logging_mixin.py:188} INFO - [2024-04-15T17:39:14.842+0000] {dag.py:3954} INFO - Setting next_dagrun for example_task_group to 2024-04-14 00:00:00+00:00, run_after=2024-04-15 00:00:00+00:00
[2024-04-15T17:39:14.854+0000] {processor.py:183} INFO - Processing /home/airflow/.local/lib/python3.12/site-packages/airflow/example_dags/example_task_group.py took 0.048 seconds
[2024-04-15T17:39:45.323+0000] {processor.py:161} INFO - Started process (PID=1631) to work on /home/airflow/.local/lib/python3.12/site-packages/airflow/example_dags/example_task_group.py
[2024-04-15T17:39:45.324+0000] {processor.py:830} INFO - Processing file /home/airflow/.local/lib/python3.12/site-packages/airflow/example_dags/example_task_group.py for tasks to queue
[2024-04-15T17:39:45.325+0000] {logging_mixin.py:188} INFO - [2024-04-15T17:39:45.325+0000] {dagbag.py:540} INFO - Filling up the DagBag from /home/airflow/.local/lib/python3.12/site-packages/airflow/example_dags/example_task_group.py
[2024-04-15T17:39:45.329+0000] {processor.py:840} INFO - DAG(s) 'example_task_group' retrieved from /home/airflow/.local/lib/python3.12/site-packages/airflow/example_dags/example_task_group.py
[2024-04-15T17:39:45.341+0000] {logging_mixin.py:188} INFO - [2024-04-15T17:39:45.341+0000] {dag.py:3096} INFO - Sync 1 DAGs
[2024-04-15T17:39:45.352+0000] {logging_mixin.py:188} INFO - [2024-04-15T17:39:45.352+0000] {dag.py:3954} INFO - Setting next_dagrun for example_task_group to 2024-04-14 00:00:00+00:00, run_after=2024-04-15 00:00:00+00:00
[2024-04-15T17:39:45.361+0000] {processor.py:183} INFO - Processing /home/airflow/.local/lib/python3.12/site-packages/airflow/example_dags/example_task_group.py took 0.041 seconds
[2024-04-15T17:40:15.674+0000] {processor.py:161} INFO - Started process (PID=1691) to work on /home/airflow/.local/lib/python3.12/site-packages/airflow/example_dags/example_task_group.py
[2024-04-15T17:40:15.675+0000] {processor.py:830} INFO - Processing file /home/airflow/.local/lib/python3.12/site-packages/airflow/example_dags/example_task_group.py for tasks to queue
[2024-04-15T17:40:15.677+0000] {logging_mixin.py:188} INFO - [2024-04-15T17:40:15.677+0000] {dagbag.py:540} INFO - Filling up the DagBag from /home/airflow/.local/lib/python3.12/site-packages/airflow/example_dags/example_task_group.py
[2024-04-15T17:40:15.682+0000] {processor.py:840} INFO - DAG(s) 'example_task_group' retrieved from /home/airflow/.local/lib/python3.12/site-packages/airflow/example_dags/example_task_group.py
[2024-04-15T17:40:15.696+0000] {logging_mixin.py:188} INFO - [2024-04-15T17:40:15.696+0000] {dag.py:3096} INFO - Sync 1 DAGs
[2024-04-15T17:40:15.708+0000] {logging_mixin.py:188} INFO - [2024-04-15T17:40:15.708+0000] {dag.py:3954} INFO - Setting next_dagrun for example_task_group to 2024-04-14 00:00:00+00:00, run_after=2024-04-15 00:00:00+00:00
[2024-04-15T17:40:15.719+0000] {processor.py:183} INFO - Processing /home/airflow/.local/lib/python3.12/site-packages/airflow/example_dags/example_task_group.py took 0.050 seconds
[2024-04-15T17:40:46.319+0000] {processor.py:161} INFO - Started process (PID=1751) to work on /home/airflow/.local/lib/python3.12/site-packages/airflow/example_dags/example_task_group.py
[2024-04-15T17:40:46.321+0000] {processor.py:830} INFO - Processing file /home/airflow/.local/lib/python3.12/site-packages/airflow/example_dags/example_task_group.py for tasks to queue
[2024-04-15T17:40:46.325+0000] {logging_mixin.py:188} INFO - [2024-04-15T17:40:46.325+0000] {dagbag.py:540} INFO - Filling up the DagBag from /home/airflow/.local/lib/python3.12/site-packages/airflow/example_dags/example_task_group.py
[2024-04-15T17:40:46.355+0000] {processor.py:840} INFO - DAG(s) 'example_task_group' retrieved from /home/airflow/.local/lib/python3.12/site-packages/airflow/example_dags/example_task_group.py
[2024-04-15T17:40:46.379+0000] {logging_mixin.py:188} INFO - [2024-04-15T17:40:46.378+0000] {dag.py:3096} INFO - Sync 1 DAGs
[2024-04-15T17:40:46.394+0000] {logging_mixin.py:188} INFO - [2024-04-15T17:40:46.394+0000] {dag.py:3954} INFO - Setting next_dagrun for example_task_group to 2024-04-14 00:00:00+00:00, run_after=2024-04-15 00:00:00+00:00
[2024-04-15T17:40:46.406+0000] {processor.py:183} INFO - Processing /home/airflow/.local/lib/python3.12/site-packages/airflow/example_dags/example_task_group.py took 0.091 seconds
[2024-04-15T17:41:17.553+0000] {processor.py:161} INFO - Started process (PID=1811) to work on /home/airflow/.local/lib/python3.12/site-packages/airflow/example_dags/example_task_group.py
[2024-04-15T17:41:17.554+0000] {processor.py:830} INFO - Processing file /home/airflow/.local/lib/python3.12/site-packages/airflow/example_dags/example_task_group.py for tasks to queue
[2024-04-15T17:41:17.557+0000] {logging_mixin.py:188} INFO - [2024-04-15T17:41:17.557+0000] {dagbag.py:540} INFO - Filling up the DagBag from /home/airflow/.local/lib/python3.12/site-packages/airflow/example_dags/example_task_group.py
[2024-04-15T17:41:17.563+0000] {processor.py:840} INFO - DAG(s) 'example_task_group' retrieved from /home/airflow/.local/lib/python3.12/site-packages/airflow/example_dags/example_task_group.py
[2024-04-15T17:41:17.591+0000] {logging_mixin.py:188} INFO - [2024-04-15T17:41:17.591+0000] {dag.py:3096} INFO - Sync 1 DAGs
[2024-04-15T17:41:17.610+0000] {logging_mixin.py:188} INFO - [2024-04-15T17:41:17.609+0000] {dag.py:3954} INFO - Setting next_dagrun for example_task_group to 2024-04-14 00:00:00+00:00, run_after=2024-04-15 00:00:00+00:00
[2024-04-15T17:41:17.621+0000] {processor.py:183} INFO - Processing /home/airflow/.local/lib/python3.12/site-packages/airflow/example_dags/example_task_group.py took 0.078 seconds
[2024-04-15T17:41:47.778+0000] {processor.py:161} INFO - Started process (PID=1871) to work on /home/airflow/.local/lib/python3.12/site-packages/airflow/example_dags/example_task_group.py
[2024-04-15T17:41:47.779+0000] {processor.py:830} INFO - Processing file /home/airflow/.local/lib/python3.12/site-packages/airflow/example_dags/example_task_group.py for tasks to queue
[2024-04-15T17:41:47.784+0000] {logging_mixin.py:188} INFO - [2024-04-15T17:41:47.783+0000] {dagbag.py:540} INFO - Filling up the DagBag from /home/airflow/.local/lib/python3.12/site-packages/airflow/example_dags/example_task_group.py
[2024-04-15T17:41:47.789+0000] {processor.py:840} INFO - DAG(s) 'example_task_group' retrieved from /home/airflow/.local/lib/python3.12/site-packages/airflow/example_dags/example_task_group.py
[2024-04-15T17:41:47.809+0000] {logging_mixin.py:188} INFO - [2024-04-15T17:41:47.809+0000] {dag.py:3096} INFO - Sync 1 DAGs
[2024-04-15T17:41:47.828+0000] {logging_mixin.py:188} INFO - [2024-04-15T17:41:47.828+0000] {dag.py:3954} INFO - Setting next_dagrun for example_task_group to 2024-04-14 00:00:00+00:00, run_after=2024-04-15 00:00:00+00:00
[2024-04-15T17:41:47.838+0000] {processor.py:183} INFO - Processing /home/airflow/.local/lib/python3.12/site-packages/airflow/example_dags/example_task_group.py took 0.063 seconds
[2024-04-15T17:42:18.064+0000] {processor.py:161} INFO - Started process (PID=1930) to work on /home/airflow/.local/lib/python3.12/site-packages/airflow/example_dags/example_task_group.py
[2024-04-15T17:42:18.065+0000] {processor.py:830} INFO - Processing file /home/airflow/.local/lib/python3.12/site-packages/airflow/example_dags/example_task_group.py for tasks to queue
[2024-04-15T17:42:18.066+0000] {logging_mixin.py:188} INFO - [2024-04-15T17:42:18.066+0000] {dagbag.py:540} INFO - Filling up the DagBag from /home/airflow/.local/lib/python3.12/site-packages/airflow/example_dags/example_task_group.py
[2024-04-15T17:42:18.070+0000] {processor.py:840} INFO - DAG(s) 'example_task_group' retrieved from /home/airflow/.local/lib/python3.12/site-packages/airflow/example_dags/example_task_group.py
[2024-04-15T17:42:18.084+0000] {logging_mixin.py:188} INFO - [2024-04-15T17:42:18.084+0000] {dag.py:3096} INFO - Sync 1 DAGs
[2024-04-15T17:42:18.097+0000] {logging_mixin.py:188} INFO - [2024-04-15T17:42:18.097+0000] {dag.py:3954} INFO - Setting next_dagrun for example_task_group to 2024-04-14 00:00:00+00:00, run_after=2024-04-15 00:00:00+00:00
[2024-04-15T17:42:18.106+0000] {processor.py:183} INFO - Processing /home/airflow/.local/lib/python3.12/site-packages/airflow/example_dags/example_task_group.py took 0.046 seconds
[2024-04-15T17:42:48.890+0000] {processor.py:161} INFO - Started process (PID=1990) to work on /home/airflow/.local/lib/python3.12/site-packages/airflow/example_dags/example_task_group.py
[2024-04-15T17:42:48.890+0000] {processor.py:830} INFO - Processing file /home/airflow/.local/lib/python3.12/site-packages/airflow/example_dags/example_task_group.py for tasks to queue
[2024-04-15T17:42:48.891+0000] {logging_mixin.py:188} INFO - [2024-04-15T17:42:48.891+0000] {dagbag.py:540} INFO - Filling up the DagBag from /home/airflow/.local/lib/python3.12/site-packages/airflow/example_dags/example_task_group.py
[2024-04-15T17:42:48.896+0000] {processor.py:840} INFO - DAG(s) 'example_task_group' retrieved from /home/airflow/.local/lib/python3.12/site-packages/airflow/example_dags/example_task_group.py
[2024-04-15T17:42:48.915+0000] {logging_mixin.py:188} INFO - [2024-04-15T17:42:48.915+0000] {dag.py:3096} INFO - Sync 1 DAGs
[2024-04-15T17:42:48.934+0000] {logging_mixin.py:188} INFO - [2024-04-15T17:42:48.934+0000] {dag.py:3954} INFO - Setting next_dagrun for example_task_group to 2024-04-14 00:00:00+00:00, run_after=2024-04-15 00:00:00+00:00
[2024-04-15T17:42:48.942+0000] {processor.py:183} INFO - Processing /home/airflow/.local/lib/python3.12/site-packages/airflow/example_dags/example_task_group.py took 0.057 seconds
[2024-04-15T17:43:19.928+0000] {processor.py:161} INFO - Started process (PID=2049) to work on /home/airflow/.local/lib/python3.12/site-packages/airflow/example_dags/example_task_group.py
[2024-04-15T17:43:19.929+0000] {processor.py:830} INFO - Processing file /home/airflow/.local/lib/python3.12/site-packages/airflow/example_dags/example_task_group.py for tasks to queue
[2024-04-15T17:43:19.930+0000] {logging_mixin.py:188} INFO - [2024-04-15T17:43:19.930+0000] {dagbag.py:540} INFO - Filling up the DagBag from /home/airflow/.local/lib/python3.12/site-packages/airflow/example_dags/example_task_group.py
[2024-04-15T17:43:19.935+0000] {processor.py:840} INFO - DAG(s) 'example_task_group' retrieved from /home/airflow/.local/lib/python3.12/site-packages/airflow/example_dags/example_task_group.py
[2024-04-15T17:43:19.946+0000] {logging_mixin.py:188} INFO - [2024-04-15T17:43:19.946+0000] {dag.py:3096} INFO - Sync 1 DAGs
[2024-04-15T17:43:19.960+0000] {logging_mixin.py:188} INFO - [2024-04-15T17:43:19.960+0000] {dag.py:3954} INFO - Setting next_dagrun for example_task_group to 2024-04-14 00:00:00+00:00, run_after=2024-04-15 00:00:00+00:00
[2024-04-15T17:43:19.969+0000] {processor.py:183} INFO - Processing /home/airflow/.local/lib/python3.12/site-packages/airflow/example_dags/example_task_group.py took 0.044 seconds
[2024-04-15T17:43:50.615+0000] {processor.py:161} INFO - Started process (PID=2109) to work on /home/airflow/.local/lib/python3.12/site-packages/airflow/example_dags/example_task_group.py
[2024-04-15T17:43:50.619+0000] {processor.py:830} INFO - Processing file /home/airflow/.local/lib/python3.12/site-packages/airflow/example_dags/example_task_group.py for tasks to queue
[2024-04-15T17:43:50.626+0000] {logging_mixin.py:188} INFO - [2024-04-15T17:43:50.624+0000] {dagbag.py:540} INFO - Filling up the DagBag from /home/airflow/.local/lib/python3.12/site-packages/airflow/example_dags/example_task_group.py
[2024-04-15T17:43:50.646+0000] {processor.py:840} INFO - DAG(s) 'example_task_group' retrieved from /home/airflow/.local/lib/python3.12/site-packages/airflow/example_dags/example_task_group.py
[2024-04-15T17:43:50.670+0000] {logging_mixin.py:188} INFO - [2024-04-15T17:43:50.670+0000] {dag.py:3096} INFO - Sync 1 DAGs
[2024-04-15T17:43:50.689+0000] {logging_mixin.py:188} INFO - [2024-04-15T17:43:50.689+0000] {dag.py:3954} INFO - Setting next_dagrun for example_task_group to 2024-04-14 00:00:00+00:00, run_after=2024-04-15 00:00:00+00:00
[2024-04-15T17:43:50.701+0000] {processor.py:183} INFO - Processing /home/airflow/.local/lib/python3.12/site-packages/airflow/example_dags/example_task_group.py took 0.091 seconds
[2024-04-15T17:44:20.856+0000] {processor.py:161} INFO - Started process (PID=2169) to work on /home/airflow/.local/lib/python3.12/site-packages/airflow/example_dags/example_task_group.py
[2024-04-15T17:44:20.857+0000] {processor.py:830} INFO - Processing file /home/airflow/.local/lib/python3.12/site-packages/airflow/example_dags/example_task_group.py for tasks to queue
[2024-04-15T17:44:20.858+0000] {logging_mixin.py:188} INFO - [2024-04-15T17:44:20.858+0000] {dagbag.py:540} INFO - Filling up the DagBag from /home/airflow/.local/lib/python3.12/site-packages/airflow/example_dags/example_task_group.py
[2024-04-15T17:44:20.863+0000] {processor.py:840} INFO - DAG(s) 'example_task_group' retrieved from /home/airflow/.local/lib/python3.12/site-packages/airflow/example_dags/example_task_group.py
[2024-04-15T17:44:20.874+0000] {logging_mixin.py:188} INFO - [2024-04-15T17:44:20.873+0000] {dag.py:3096} INFO - Sync 1 DAGs
[2024-04-15T17:44:20.885+0000] {logging_mixin.py:188} INFO - [2024-04-15T17:44:20.884+0000] {dag.py:3954} INFO - Setting next_dagrun for example_task_group to 2024-04-14 00:00:00+00:00, run_after=2024-04-15 00:00:00+00:00
[2024-04-15T17:44:20.898+0000] {processor.py:183} INFO - Processing /home/airflow/.local/lib/python3.12/site-packages/airflow/example_dags/example_task_group.py took 0.044 seconds
[2024-04-15T17:44:51.333+0000] {processor.py:161} INFO - Started process (PID=2229) to work on /home/airflow/.local/lib/python3.12/site-packages/airflow/example_dags/example_task_group.py
[2024-04-15T17:44:51.334+0000] {processor.py:830} INFO - Processing file /home/airflow/.local/lib/python3.12/site-packages/airflow/example_dags/example_task_group.py for tasks to queue
[2024-04-15T17:44:51.335+0000] {logging_mixin.py:188} INFO - [2024-04-15T17:44:51.335+0000] {dagbag.py:540} INFO - Filling up the DagBag from /home/airflow/.local/lib/python3.12/site-packages/airflow/example_dags/example_task_group.py
[2024-04-15T17:44:51.339+0000] {processor.py:840} INFO - DAG(s) 'example_task_group' retrieved from /home/airflow/.local/lib/python3.12/site-packages/airflow/example_dags/example_task_group.py
[2024-04-15T17:44:51.350+0000] {logging_mixin.py:188} INFO - [2024-04-15T17:44:51.350+0000] {dag.py:3096} INFO - Sync 1 DAGs
[2024-04-15T17:44:51.361+0000] {logging_mixin.py:188} INFO - [2024-04-15T17:44:51.361+0000] {dag.py:3954} INFO - Setting next_dagrun for example_task_group to 2024-04-14 00:00:00+00:00, run_after=2024-04-15 00:00:00+00:00
[2024-04-15T17:44:51.370+0000] {processor.py:183} INFO - Processing /home/airflow/.local/lib/python3.12/site-packages/airflow/example_dags/example_task_group.py took 0.041 seconds
[2024-04-15T17:45:21.897+0000] {processor.py:161} INFO - Started process (PID=2289) to work on /home/airflow/.local/lib/python3.12/site-packages/airflow/example_dags/example_task_group.py
[2024-04-15T17:45:21.899+0000] {processor.py:830} INFO - Processing file /home/airflow/.local/lib/python3.12/site-packages/airflow/example_dags/example_task_group.py for tasks to queue
[2024-04-15T17:45:21.901+0000] {logging_mixin.py:188} INFO - [2024-04-15T17:45:21.901+0000] {dagbag.py:540} INFO - Filling up the DagBag from /home/airflow/.local/lib/python3.12/site-packages/airflow/example_dags/example_task_group.py
[2024-04-15T17:45:21.911+0000] {processor.py:840} INFO - DAG(s) 'example_task_group' retrieved from /home/airflow/.local/lib/python3.12/site-packages/airflow/example_dags/example_task_group.py
[2024-04-15T17:45:21.927+0000] {logging_mixin.py:188} INFO - [2024-04-15T17:45:21.926+0000] {dag.py:3096} INFO - Sync 1 DAGs
[2024-04-15T17:45:21.942+0000] {logging_mixin.py:188} INFO - [2024-04-15T17:45:21.941+0000] {dag.py:3954} INFO - Setting next_dagrun for example_task_group to 2024-04-14 00:00:00+00:00, run_after=2024-04-15 00:00:00+00:00
[2024-04-15T17:45:21.970+0000] {processor.py:183} INFO - Processing /home/airflow/.local/lib/python3.12/site-packages/airflow/example_dags/example_task_group.py took 0.077 seconds
[2024-04-15T17:45:53.211+0000] {processor.py:161} INFO - Started process (PID=2349) to work on /home/airflow/.local/lib/python3.12/site-packages/airflow/example_dags/example_task_group.py
[2024-04-15T17:45:53.213+0000] {processor.py:830} INFO - Processing file /home/airflow/.local/lib/python3.12/site-packages/airflow/example_dags/example_task_group.py for tasks to queue
[2024-04-15T17:45:53.217+0000] {logging_mixin.py:188} INFO - [2024-04-15T17:45:53.216+0000] {dagbag.py:540} INFO - Filling up the DagBag from /home/airflow/.local/lib/python3.12/site-packages/airflow/example_dags/example_task_group.py
[2024-04-15T17:45:53.223+0000] {processor.py:840} INFO - DAG(s) 'example_task_group' retrieved from /home/airflow/.local/lib/python3.12/site-packages/airflow/example_dags/example_task_group.py
[2024-04-15T17:45:53.251+0000] {logging_mixin.py:188} INFO - [2024-04-15T17:45:53.250+0000] {dag.py:3096} INFO - Sync 1 DAGs
[2024-04-15T17:45:53.267+0000] {logging_mixin.py:188} INFO - [2024-04-15T17:45:53.266+0000] {dag.py:3954} INFO - Setting next_dagrun for example_task_group to 2024-04-14 00:00:00+00:00, run_after=2024-04-15 00:00:00+00:00
[2024-04-15T17:45:53.276+0000] {processor.py:183} INFO - Processing /home/airflow/.local/lib/python3.12/site-packages/airflow/example_dags/example_task_group.py took 0.071 seconds
[2024-04-15T17:46:23.557+0000] {processor.py:161} INFO - Started process (PID=2409) to work on /home/airflow/.local/lib/python3.12/site-packages/airflow/example_dags/example_task_group.py
[2024-04-15T17:46:23.558+0000] {processor.py:830} INFO - Processing file /home/airflow/.local/lib/python3.12/site-packages/airflow/example_dags/example_task_group.py for tasks to queue
[2024-04-15T17:46:23.564+0000] {logging_mixin.py:188} INFO - [2024-04-15T17:46:23.563+0000] {dagbag.py:540} INFO - Filling up the DagBag from /home/airflow/.local/lib/python3.12/site-packages/airflow/example_dags/example_task_group.py
[2024-04-15T17:46:23.576+0000] {processor.py:840} INFO - DAG(s) 'example_task_group' retrieved from /home/airflow/.local/lib/python3.12/site-packages/airflow/example_dags/example_task_group.py
[2024-04-15T17:46:23.598+0000] {logging_mixin.py:188} INFO - [2024-04-15T17:46:23.597+0000] {dag.py:3096} INFO - Sync 1 DAGs
[2024-04-15T17:46:23.616+0000] {logging_mixin.py:188} INFO - [2024-04-15T17:46:23.616+0000] {dag.py:3954} INFO - Setting next_dagrun for example_task_group to 2024-04-14 00:00:00+00:00, run_after=2024-04-15 00:00:00+00:00
[2024-04-15T17:46:23.627+0000] {processor.py:183} INFO - Processing /home/airflow/.local/lib/python3.12/site-packages/airflow/example_dags/example_task_group.py took 0.076 seconds
[2024-04-15T17:46:54.312+0000] {processor.py:161} INFO - Started process (PID=2469) to work on /home/airflow/.local/lib/python3.12/site-packages/airflow/example_dags/example_task_group.py
[2024-04-15T17:46:54.313+0000] {processor.py:830} INFO - Processing file /home/airflow/.local/lib/python3.12/site-packages/airflow/example_dags/example_task_group.py for tasks to queue
[2024-04-15T17:46:54.314+0000] {logging_mixin.py:188} INFO - [2024-04-15T17:46:54.314+0000] {dagbag.py:540} INFO - Filling up the DagBag from /home/airflow/.local/lib/python3.12/site-packages/airflow/example_dags/example_task_group.py
[2024-04-15T17:46:54.319+0000] {processor.py:840} INFO - DAG(s) 'example_task_group' retrieved from /home/airflow/.local/lib/python3.12/site-packages/airflow/example_dags/example_task_group.py
[2024-04-15T17:46:54.333+0000] {logging_mixin.py:188} INFO - [2024-04-15T17:46:54.333+0000] {dag.py:3096} INFO - Sync 1 DAGs
[2024-04-15T17:46:54.347+0000] {logging_mixin.py:188} INFO - [2024-04-15T17:46:54.346+0000] {dag.py:3954} INFO - Setting next_dagrun for example_task_group to 2024-04-14 00:00:00+00:00, run_after=2024-04-15 00:00:00+00:00
[2024-04-15T17:46:54.357+0000] {processor.py:183} INFO - Processing /home/airflow/.local/lib/python3.12/site-packages/airflow/example_dags/example_task_group.py took 0.054 seconds
[2024-04-15T17:47:24.480+0000] {processor.py:161} INFO - Started process (PID=2529) to work on /home/airflow/.local/lib/python3.12/site-packages/airflow/example_dags/example_task_group.py
[2024-04-15T17:47:24.481+0000] {processor.py:830} INFO - Processing file /home/airflow/.local/lib/python3.12/site-packages/airflow/example_dags/example_task_group.py for tasks to queue
[2024-04-15T17:47:24.482+0000] {logging_mixin.py:188} INFO - [2024-04-15T17:47:24.482+0000] {dagbag.py:540} INFO - Filling up the DagBag from /home/airflow/.local/lib/python3.12/site-packages/airflow/example_dags/example_task_group.py
[2024-04-15T17:47:24.486+0000] {processor.py:840} INFO - DAG(s) 'example_task_group' retrieved from /home/airflow/.local/lib/python3.12/site-packages/airflow/example_dags/example_task_group.py
[2024-04-15T17:47:24.555+0000] {logging_mixin.py:188} INFO - [2024-04-15T17:47:24.555+0000] {dag.py:3096} INFO - Sync 1 DAGs
[2024-04-15T17:47:24.571+0000] {logging_mixin.py:188} INFO - [2024-04-15T17:47:24.571+0000] {dag.py:3954} INFO - Setting next_dagrun for example_task_group to 2024-04-14 00:00:00+00:00, run_after=2024-04-15 00:00:00+00:00
[2024-04-15T17:47:24.585+0000] {processor.py:183} INFO - Processing /home/airflow/.local/lib/python3.12/site-packages/airflow/example_dags/example_task_group.py took 0.113 seconds
[2024-04-15T17:47:56.484+0000] {processor.py:161} INFO - Started process (PID=2589) to work on /home/airflow/.local/lib/python3.12/site-packages/airflow/example_dags/example_task_group.py
[2024-04-15T17:47:56.485+0000] {processor.py:830} INFO - Processing file /home/airflow/.local/lib/python3.12/site-packages/airflow/example_dags/example_task_group.py for tasks to queue
[2024-04-15T17:47:56.492+0000] {logging_mixin.py:188} INFO - [2024-04-15T17:47:56.492+0000] {dagbag.py:540} INFO - Filling up the DagBag from /home/airflow/.local/lib/python3.12/site-packages/airflow/example_dags/example_task_group.py
[2024-04-15T17:47:56.532+0000] {processor.py:840} INFO - DAG(s) 'example_task_group' retrieved from /home/airflow/.local/lib/python3.12/site-packages/airflow/example_dags/example_task_group.py
[2024-04-15T17:47:56.558+0000] {logging_mixin.py:188} INFO - [2024-04-15T17:47:56.558+0000] {dag.py:3096} INFO - Sync 1 DAGs
[2024-04-15T17:47:56.575+0000] {logging_mixin.py:188} INFO - [2024-04-15T17:47:56.575+0000] {dag.py:3954} INFO - Setting next_dagrun for example_task_group to 2024-04-14 00:00:00+00:00, run_after=2024-04-15 00:00:00+00:00
[2024-04-15T17:47:56.585+0000] {processor.py:183} INFO - Processing /home/airflow/.local/lib/python3.12/site-packages/airflow/example_dags/example_task_group.py took 0.104 seconds
[2024-04-15T17:48:27.120+0000] {processor.py:161} INFO - Started process (PID=2649) to work on /home/airflow/.local/lib/python3.12/site-packages/airflow/example_dags/example_task_group.py
[2024-04-15T17:48:27.121+0000] {processor.py:830} INFO - Processing file /home/airflow/.local/lib/python3.12/site-packages/airflow/example_dags/example_task_group.py for tasks to queue
[2024-04-15T17:48:27.124+0000] {logging_mixin.py:188} INFO - [2024-04-15T17:48:27.123+0000] {dagbag.py:540} INFO - Filling up the DagBag from /home/airflow/.local/lib/python3.12/site-packages/airflow/example_dags/example_task_group.py
[2024-04-15T17:48:27.128+0000] {processor.py:840} INFO - DAG(s) 'example_task_group' retrieved from /home/airflow/.local/lib/python3.12/site-packages/airflow/example_dags/example_task_group.py
[2024-04-15T17:48:27.139+0000] {logging_mixin.py:188} INFO - [2024-04-15T17:48:27.139+0000] {dag.py:3096} INFO - Sync 1 DAGs
[2024-04-15T17:48:27.152+0000] {logging_mixin.py:188} INFO - [2024-04-15T17:48:27.152+0000] {dag.py:3954} INFO - Setting next_dagrun for example_task_group to 2024-04-14 00:00:00+00:00, run_after=2024-04-15 00:00:00+00:00
[2024-04-15T17:48:27.166+0000] {processor.py:183} INFO - Processing /home/airflow/.local/lib/python3.12/site-packages/airflow/example_dags/example_task_group.py took 0.049 seconds
[2024-04-15T17:48:58.191+0000] {processor.py:161} INFO - Started process (PID=2709) to work on /home/airflow/.local/lib/python3.12/site-packages/airflow/example_dags/example_task_group.py
[2024-04-15T17:48:58.195+0000] {processor.py:830} INFO - Processing file /home/airflow/.local/lib/python3.12/site-packages/airflow/example_dags/example_task_group.py for tasks to queue
[2024-04-15T17:48:58.196+0000] {logging_mixin.py:188} INFO - [2024-04-15T17:48:58.196+0000] {dagbag.py:540} INFO - Filling up the DagBag from /home/airflow/.local/lib/python3.12/site-packages/airflow/example_dags/example_task_group.py
[2024-04-15T17:48:58.200+0000] {processor.py:840} INFO - DAG(s) 'example_task_group' retrieved from /home/airflow/.local/lib/python3.12/site-packages/airflow/example_dags/example_task_group.py
[2024-04-15T17:48:58.211+0000] {logging_mixin.py:188} INFO - [2024-04-15T17:48:58.211+0000] {dag.py:3096} INFO - Sync 1 DAGs
[2024-04-15T17:48:58.222+0000] {logging_mixin.py:188} INFO - [2024-04-15T17:48:58.222+0000] {dag.py:3954} INFO - Setting next_dagrun for example_task_group to 2024-04-14 00:00:00+00:00, run_after=2024-04-15 00:00:00+00:00
[2024-04-15T17:48:58.230+0000] {processor.py:183} INFO - Processing /home/airflow/.local/lib/python3.12/site-packages/airflow/example_dags/example_task_group.py took 0.042 seconds
[2024-04-15T17:49:28.836+0000] {processor.py:161} INFO - Started process (PID=2769) to work on /home/airflow/.local/lib/python3.12/site-packages/airflow/example_dags/example_task_group.py
[2024-04-15T17:49:28.838+0000] {processor.py:830} INFO - Processing file /home/airflow/.local/lib/python3.12/site-packages/airflow/example_dags/example_task_group.py for tasks to queue
[2024-04-15T17:49:28.839+0000] {logging_mixin.py:188} INFO - [2024-04-15T17:49:28.839+0000] {dagbag.py:540} INFO - Filling up the DagBag from /home/airflow/.local/lib/python3.12/site-packages/airflow/example_dags/example_task_group.py
[2024-04-15T17:49:28.843+0000] {processor.py:840} INFO - DAG(s) 'example_task_group' retrieved from /home/airflow/.local/lib/python3.12/site-packages/airflow/example_dags/example_task_group.py
[2024-04-15T17:49:28.858+0000] {logging_mixin.py:188} INFO - [2024-04-15T17:49:28.857+0000] {dag.py:3096} INFO - Sync 1 DAGs
[2024-04-15T17:49:28.873+0000] {logging_mixin.py:188} INFO - [2024-04-15T17:49:28.873+0000] {dag.py:3954} INFO - Setting next_dagrun for example_task_group to 2024-04-14 00:00:00+00:00, run_after=2024-04-15 00:00:00+00:00
[2024-04-15T17:49:28.887+0000] {processor.py:183} INFO - Processing /home/airflow/.local/lib/python3.12/site-packages/airflow/example_dags/example_task_group.py took 0.054 seconds
[2024-04-15T17:49:59.550+0000] {processor.py:161} INFO - Started process (PID=2829) to work on /home/airflow/.local/lib/python3.12/site-packages/airflow/example_dags/example_task_group.py
[2024-04-15T17:49:59.551+0000] {processor.py:830} INFO - Processing file /home/airflow/.local/lib/python3.12/site-packages/airflow/example_dags/example_task_group.py for tasks to queue
[2024-04-15T17:49:59.552+0000] {logging_mixin.py:188} INFO - [2024-04-15T17:49:59.551+0000] {dagbag.py:540} INFO - Filling up the DagBag from /home/airflow/.local/lib/python3.12/site-packages/airflow/example_dags/example_task_group.py
[2024-04-15T17:49:59.556+0000] {processor.py:840} INFO - DAG(s) 'example_task_group' retrieved from /home/airflow/.local/lib/python3.12/site-packages/airflow/example_dags/example_task_group.py
[2024-04-15T17:49:59.570+0000] {logging_mixin.py:188} INFO - [2024-04-15T17:49:59.570+0000] {dag.py:3096} INFO - Sync 1 DAGs
[2024-04-15T17:49:59.591+0000] {logging_mixin.py:188} INFO - [2024-04-15T17:49:59.591+0000] {dag.py:3954} INFO - Setting next_dagrun for example_task_group to 2024-04-14 00:00:00+00:00, run_after=2024-04-15 00:00:00+00:00
[2024-04-15T17:49:59.621+0000] {processor.py:183} INFO - Processing /home/airflow/.local/lib/python3.12/site-packages/airflow/example_dags/example_task_group.py took 0.076 seconds
[2024-04-15T17:50:31.023+0000] {processor.py:161} INFO - Started process (PID=2889) to work on /home/airflow/.local/lib/python3.12/site-packages/airflow/example_dags/example_task_group.py
[2024-04-15T17:50:31.023+0000] {processor.py:830} INFO - Processing file /home/airflow/.local/lib/python3.12/site-packages/airflow/example_dags/example_task_group.py for tasks to queue
[2024-04-15T17:50:31.034+0000] {logging_mixin.py:188} INFO - [2024-04-15T17:50:31.033+0000] {dagbag.py:540} INFO - Filling up the DagBag from /home/airflow/.local/lib/python3.12/site-packages/airflow/example_dags/example_task_group.py
[2024-04-15T17:50:31.039+0000] {processor.py:840} INFO - DAG(s) 'example_task_group' retrieved from /home/airflow/.local/lib/python3.12/site-packages/airflow/example_dags/example_task_group.py
[2024-04-15T17:50:31.061+0000] {logging_mixin.py:188} INFO - [2024-04-15T17:50:31.061+0000] {dag.py:3096} INFO - Sync 1 DAGs
[2024-04-15T17:50:31.076+0000] {logging_mixin.py:188} INFO - [2024-04-15T17:50:31.076+0000] {dag.py:3954} INFO - Setting next_dagrun for example_task_group to 2024-04-14 00:00:00+00:00, run_after=2024-04-15 00:00:00+00:00
[2024-04-15T17:50:31.089+0000] {processor.py:183} INFO - Processing /home/airflow/.local/lib/python3.12/site-packages/airflow/example_dags/example_task_group.py took 0.071 seconds
[2024-04-15T17:51:01.577+0000] {processor.py:161} INFO - Started process (PID=2949) to work on /home/airflow/.local/lib/python3.12/site-packages/airflow/example_dags/example_task_group.py
[2024-04-15T17:51:01.578+0000] {processor.py:830} INFO - Processing file /home/airflow/.local/lib/python3.12/site-packages/airflow/example_dags/example_task_group.py for tasks to queue
[2024-04-15T17:51:01.580+0000] {logging_mixin.py:188} INFO - [2024-04-15T17:51:01.580+0000] {dagbag.py:540} INFO - Filling up the DagBag from /home/airflow/.local/lib/python3.12/site-packages/airflow/example_dags/example_task_group.py
[2024-04-15T17:51:01.585+0000] {processor.py:840} INFO - DAG(s) 'example_task_group' retrieved from /home/airflow/.local/lib/python3.12/site-packages/airflow/example_dags/example_task_group.py
[2024-04-15T17:51:01.598+0000] {logging_mixin.py:188} INFO - [2024-04-15T17:51:01.598+0000] {dag.py:3096} INFO - Sync 1 DAGs
[2024-04-15T17:51:01.611+0000] {logging_mixin.py:188} INFO - [2024-04-15T17:51:01.611+0000] {dag.py:3954} INFO - Setting next_dagrun for example_task_group to 2024-04-14 00:00:00+00:00, run_after=2024-04-15 00:00:00+00:00
[2024-04-15T17:51:01.620+0000] {processor.py:183} INFO - Processing /home/airflow/.local/lib/python3.12/site-packages/airflow/example_dags/example_task_group.py took 0.047 seconds
