[2024-04-15T17:12:35.552+0000] {processor.py:161} INFO - Started process (PID=68) to work on /home/airflow/.local/lib/python3.12/site-packages/airflow/example_dags/example_complex.py
[2024-04-15T17:12:35.553+0000] {processor.py:830} INFO - Processing file /home/airflow/.local/lib/python3.12/site-packages/airflow/example_dags/example_complex.py for tasks to queue
[2024-04-15T17:12:35.557+0000] {logging_mixin.py:188} INFO - [2024-04-15T17:12:35.557+0000] {dagbag.py:540} INFO - Filling up the DagBag from /home/airflow/.local/lib/python3.12/site-packages/airflow/example_dags/example_complex.py
[2024-04-15T17:12:35.595+0000] {processor.py:840} INFO - DAG(s) 'example_complex' retrieved from /home/airflow/.local/lib/python3.12/site-packages/airflow/example_dags/example_complex.py
[2024-04-15T17:12:35.622+0000] {logging_mixin.py:188} INFO - [2024-04-15T17:12:35.621+0000] {dag.py:3096} INFO - Sync 1 DAGs
[2024-04-15T17:12:35.659+0000] {logging_mixin.py:188} INFO - [2024-04-15T17:12:35.658+0000] {dag.py:3954} INFO - Setting next_dagrun for example_complex to None, run_after=None
[2024-04-15T17:12:35.679+0000] {processor.py:183} INFO - Processing /home/airflow/.local/lib/python3.12/site-packages/airflow/example_dags/example_complex.py took 0.133 seconds
[2024-04-15T17:13:06.365+0000] {processor.py:161} INFO - Started process (PID=126) to work on /home/airflow/.local/lib/python3.12/site-packages/airflow/example_dags/example_complex.py
[2024-04-15T17:13:06.367+0000] {processor.py:830} INFO - Processing file /home/airflow/.local/lib/python3.12/site-packages/airflow/example_dags/example_complex.py for tasks to queue
[2024-04-15T17:13:06.371+0000] {logging_mixin.py:188} INFO - [2024-04-15T17:13:06.371+0000] {dagbag.py:540} INFO - Filling up the DagBag from /home/airflow/.local/lib/python3.12/site-packages/airflow/example_dags/example_complex.py
[2024-04-15T17:13:06.384+0000] {processor.py:840} INFO - DAG(s) 'example_complex' retrieved from /home/airflow/.local/lib/python3.12/site-packages/airflow/example_dags/example_complex.py
[2024-04-15T17:13:06.466+0000] {logging_mixin.py:188} INFO - [2024-04-15T17:13:06.466+0000] {dag.py:3096} INFO - Sync 1 DAGs
[2024-04-15T17:13:06.474+0000] {logging_mixin.py:188} INFO - [2024-04-15T17:13:06.474+0000] {dag.py:3954} INFO - Setting next_dagrun for example_complex to None, run_after=None
[2024-04-15T17:13:06.485+0000] {processor.py:183} INFO - Processing /home/airflow/.local/lib/python3.12/site-packages/airflow/example_dags/example_complex.py took 0.128 seconds
[2024-04-15T17:13:37.198+0000] {processor.py:161} INFO - Started process (PID=185) to work on /home/airflow/.local/lib/python3.12/site-packages/airflow/example_dags/example_complex.py
[2024-04-15T17:13:37.200+0000] {processor.py:830} INFO - Processing file /home/airflow/.local/lib/python3.12/site-packages/airflow/example_dags/example_complex.py for tasks to queue
[2024-04-15T17:13:37.203+0000] {logging_mixin.py:188} INFO - [2024-04-15T17:13:37.202+0000] {dagbag.py:540} INFO - Filling up the DagBag from /home/airflow/.local/lib/python3.12/site-packages/airflow/example_dags/example_complex.py
[2024-04-15T17:13:37.218+0000] {processor.py:840} INFO - DAG(s) 'example_complex' retrieved from /home/airflow/.local/lib/python3.12/site-packages/airflow/example_dags/example_complex.py
[2024-04-15T17:13:37.249+0000] {logging_mixin.py:188} INFO - [2024-04-15T17:13:37.248+0000] {dag.py:3096} INFO - Sync 1 DAGs
[2024-04-15T17:13:37.257+0000] {logging_mixin.py:188} INFO - [2024-04-15T17:13:37.257+0000] {dag.py:3954} INFO - Setting next_dagrun for example_complex to None, run_after=None
[2024-04-15T17:13:37.267+0000] {processor.py:183} INFO - Processing /home/airflow/.local/lib/python3.12/site-packages/airflow/example_dags/example_complex.py took 0.079 seconds
[2024-04-15T17:14:08.107+0000] {processor.py:161} INFO - Started process (PID=244) to work on /home/airflow/.local/lib/python3.12/site-packages/airflow/example_dags/example_complex.py
[2024-04-15T17:14:08.109+0000] {processor.py:830} INFO - Processing file /home/airflow/.local/lib/python3.12/site-packages/airflow/example_dags/example_complex.py for tasks to queue
[2024-04-15T17:14:08.109+0000] {logging_mixin.py:188} INFO - [2024-04-15T17:14:08.109+0000] {dagbag.py:540} INFO - Filling up the DagBag from /home/airflow/.local/lib/python3.12/site-packages/airflow/example_dags/example_complex.py
[2024-04-15T17:14:08.122+0000] {processor.py:840} INFO - DAG(s) 'example_complex' retrieved from /home/airflow/.local/lib/python3.12/site-packages/airflow/example_dags/example_complex.py
[2024-04-15T17:14:08.149+0000] {logging_mixin.py:188} INFO - [2024-04-15T17:14:08.148+0000] {dag.py:3096} INFO - Sync 1 DAGs
[2024-04-15T17:14:08.158+0000] {logging_mixin.py:188} INFO - [2024-04-15T17:14:08.157+0000] {dag.py:3954} INFO - Setting next_dagrun for example_complex to None, run_after=None
[2024-04-15T17:14:08.180+0000] {processor.py:183} INFO - Processing /home/airflow/.local/lib/python3.12/site-packages/airflow/example_dags/example_complex.py took 0.083 seconds
[2024-04-15T17:14:38.377+0000] {processor.py:161} INFO - Started process (PID=303) to work on /home/airflow/.local/lib/python3.12/site-packages/airflow/example_dags/example_complex.py
[2024-04-15T17:14:38.378+0000] {processor.py:830} INFO - Processing file /home/airflow/.local/lib/python3.12/site-packages/airflow/example_dags/example_complex.py for tasks to queue
[2024-04-15T17:14:38.379+0000] {logging_mixin.py:188} INFO - [2024-04-15T17:14:38.378+0000] {dagbag.py:540} INFO - Filling up the DagBag from /home/airflow/.local/lib/python3.12/site-packages/airflow/example_dags/example_complex.py
[2024-04-15T17:14:38.386+0000] {processor.py:840} INFO - DAG(s) 'example_complex' retrieved from /home/airflow/.local/lib/python3.12/site-packages/airflow/example_dags/example_complex.py
[2024-04-15T17:14:38.401+0000] {logging_mixin.py:188} INFO - [2024-04-15T17:14:38.401+0000] {dag.py:3096} INFO - Sync 1 DAGs
[2024-04-15T17:14:38.409+0000] {logging_mixin.py:188} INFO - [2024-04-15T17:14:38.409+0000] {dag.py:3954} INFO - Setting next_dagrun for example_complex to None, run_after=None
[2024-04-15T17:14:38.420+0000] {processor.py:183} INFO - Processing /home/airflow/.local/lib/python3.12/site-packages/airflow/example_dags/example_complex.py took 0.047 seconds
[2024-04-15T17:15:08.482+0000] {processor.py:161} INFO - Started process (PID=362) to work on /home/airflow/.local/lib/python3.12/site-packages/airflow/example_dags/example_complex.py
[2024-04-15T17:15:08.483+0000] {processor.py:830} INFO - Processing file /home/airflow/.local/lib/python3.12/site-packages/airflow/example_dags/example_complex.py for tasks to queue
[2024-04-15T17:15:08.483+0000] {logging_mixin.py:188} INFO - [2024-04-15T17:15:08.483+0000] {dagbag.py:540} INFO - Filling up the DagBag from /home/airflow/.local/lib/python3.12/site-packages/airflow/example_dags/example_complex.py
[2024-04-15T17:15:08.489+0000] {processor.py:840} INFO - DAG(s) 'example_complex' retrieved from /home/airflow/.local/lib/python3.12/site-packages/airflow/example_dags/example_complex.py
[2024-04-15T17:15:08.504+0000] {logging_mixin.py:188} INFO - [2024-04-15T17:15:08.503+0000] {dag.py:3096} INFO - Sync 1 DAGs
[2024-04-15T17:15:08.509+0000] {logging_mixin.py:188} INFO - [2024-04-15T17:15:08.509+0000] {dag.py:3954} INFO - Setting next_dagrun for example_complex to None, run_after=None
[2024-04-15T17:15:08.518+0000] {processor.py:183} INFO - Processing /home/airflow/.local/lib/python3.12/site-packages/airflow/example_dags/example_complex.py took 0.038 seconds
[2024-04-15T17:15:38.863+0000] {processor.py:161} INFO - Started process (PID=421) to work on /home/airflow/.local/lib/python3.12/site-packages/airflow/example_dags/example_complex.py
[2024-04-15T17:15:38.864+0000] {processor.py:830} INFO - Processing file /home/airflow/.local/lib/python3.12/site-packages/airflow/example_dags/example_complex.py for tasks to queue
[2024-04-15T17:15:38.866+0000] {logging_mixin.py:188} INFO - [2024-04-15T17:15:38.865+0000] {dagbag.py:540} INFO - Filling up the DagBag from /home/airflow/.local/lib/python3.12/site-packages/airflow/example_dags/example_complex.py
[2024-04-15T17:15:38.872+0000] {processor.py:840} INFO - DAG(s) 'example_complex' retrieved from /home/airflow/.local/lib/python3.12/site-packages/airflow/example_dags/example_complex.py
[2024-04-15T17:15:38.887+0000] {logging_mixin.py:188} INFO - [2024-04-15T17:15:38.886+0000] {dag.py:3096} INFO - Sync 1 DAGs
[2024-04-15T17:15:38.892+0000] {logging_mixin.py:188} INFO - [2024-04-15T17:15:38.892+0000] {dag.py:3954} INFO - Setting next_dagrun for example_complex to None, run_after=None
[2024-04-15T17:15:38.902+0000] {processor.py:183} INFO - Processing /home/airflow/.local/lib/python3.12/site-packages/airflow/example_dags/example_complex.py took 0.043 seconds
[2024-04-15T17:16:09.551+0000] {processor.py:161} INFO - Started process (PID=480) to work on /home/airflow/.local/lib/python3.12/site-packages/airflow/example_dags/example_complex.py
[2024-04-15T17:16:09.552+0000] {processor.py:830} INFO - Processing file /home/airflow/.local/lib/python3.12/site-packages/airflow/example_dags/example_complex.py for tasks to queue
[2024-04-15T17:16:09.553+0000] {logging_mixin.py:188} INFO - [2024-04-15T17:16:09.553+0000] {dagbag.py:540} INFO - Filling up the DagBag from /home/airflow/.local/lib/python3.12/site-packages/airflow/example_dags/example_complex.py
[2024-04-15T17:16:09.559+0000] {processor.py:840} INFO - DAG(s) 'example_complex' retrieved from /home/airflow/.local/lib/python3.12/site-packages/airflow/example_dags/example_complex.py
[2024-04-15T17:16:09.584+0000] {logging_mixin.py:188} INFO - [2024-04-15T17:16:09.584+0000] {dag.py:3096} INFO - Sync 1 DAGs
[2024-04-15T17:16:09.592+0000] {logging_mixin.py:188} INFO - [2024-04-15T17:16:09.592+0000] {dag.py:3954} INFO - Setting next_dagrun for example_complex to None, run_after=None
[2024-04-15T17:16:09.604+0000] {processor.py:183} INFO - Processing /home/airflow/.local/lib/python3.12/site-packages/airflow/example_dags/example_complex.py took 0.057 seconds
[2024-04-15T17:16:40.708+0000] {processor.py:161} INFO - Started process (PID=539) to work on /home/airflow/.local/lib/python3.12/site-packages/airflow/example_dags/example_complex.py
[2024-04-15T17:16:40.709+0000] {processor.py:830} INFO - Processing file /home/airflow/.local/lib/python3.12/site-packages/airflow/example_dags/example_complex.py for tasks to queue
[2024-04-15T17:16:40.709+0000] {logging_mixin.py:188} INFO - [2024-04-15T17:16:40.709+0000] {dagbag.py:540} INFO - Filling up the DagBag from /home/airflow/.local/lib/python3.12/site-packages/airflow/example_dags/example_complex.py
[2024-04-15T17:16:40.715+0000] {processor.py:840} INFO - DAG(s) 'example_complex' retrieved from /home/airflow/.local/lib/python3.12/site-packages/airflow/example_dags/example_complex.py
[2024-04-15T17:16:40.729+0000] {logging_mixin.py:188} INFO - [2024-04-15T17:16:40.729+0000] {dag.py:3096} INFO - Sync 1 DAGs
[2024-04-15T17:16:40.735+0000] {logging_mixin.py:188} INFO - [2024-04-15T17:16:40.735+0000] {dag.py:3954} INFO - Setting next_dagrun for example_complex to None, run_after=None
[2024-04-15T17:16:40.745+0000] {processor.py:183} INFO - Processing /home/airflow/.local/lib/python3.12/site-packages/airflow/example_dags/example_complex.py took 0.039 seconds
[2024-04-15T17:17:11.824+0000] {processor.py:161} INFO - Started process (PID=598) to work on /home/airflow/.local/lib/python3.12/site-packages/airflow/example_dags/example_complex.py
[2024-04-15T17:17:11.825+0000] {processor.py:830} INFO - Processing file /home/airflow/.local/lib/python3.12/site-packages/airflow/example_dags/example_complex.py for tasks to queue
[2024-04-15T17:17:11.825+0000] {logging_mixin.py:188} INFO - [2024-04-15T17:17:11.825+0000] {dagbag.py:540} INFO - Filling up the DagBag from /home/airflow/.local/lib/python3.12/site-packages/airflow/example_dags/example_complex.py
[2024-04-15T17:17:11.833+0000] {processor.py:840} INFO - DAG(s) 'example_complex' retrieved from /home/airflow/.local/lib/python3.12/site-packages/airflow/example_dags/example_complex.py
[2024-04-15T17:17:11.852+0000] {logging_mixin.py:188} INFO - [2024-04-15T17:17:11.852+0000] {dag.py:3096} INFO - Sync 1 DAGs
[2024-04-15T17:17:11.862+0000] {logging_mixin.py:188} INFO - [2024-04-15T17:17:11.861+0000] {dag.py:3954} INFO - Setting next_dagrun for example_complex to None, run_after=None
[2024-04-15T17:17:11.881+0000] {processor.py:183} INFO - Processing /home/airflow/.local/lib/python3.12/site-packages/airflow/example_dags/example_complex.py took 0.061 seconds
[2024-04-15T17:17:41.923+0000] {processor.py:161} INFO - Started process (PID=656) to work on /home/airflow/.local/lib/python3.12/site-packages/airflow/example_dags/example_complex.py
[2024-04-15T17:17:41.924+0000] {processor.py:830} INFO - Processing file /home/airflow/.local/lib/python3.12/site-packages/airflow/example_dags/example_complex.py for tasks to queue
[2024-04-15T17:17:41.925+0000] {logging_mixin.py:188} INFO - [2024-04-15T17:17:41.924+0000] {dagbag.py:540} INFO - Filling up the DagBag from /home/airflow/.local/lib/python3.12/site-packages/airflow/example_dags/example_complex.py
[2024-04-15T17:17:41.930+0000] {processor.py:840} INFO - DAG(s) 'example_complex' retrieved from /home/airflow/.local/lib/python3.12/site-packages/airflow/example_dags/example_complex.py
[2024-04-15T17:17:41.947+0000] {logging_mixin.py:188} INFO - [2024-04-15T17:17:41.947+0000] {dag.py:3096} INFO - Sync 1 DAGs
[2024-04-15T17:17:41.952+0000] {logging_mixin.py:188} INFO - [2024-04-15T17:17:41.952+0000] {dag.py:3954} INFO - Setting next_dagrun for example_complex to None, run_after=None
[2024-04-15T17:17:41.962+0000] {processor.py:183} INFO - Processing /home/airflow/.local/lib/python3.12/site-packages/airflow/example_dags/example_complex.py took 0.042 seconds
[2024-04-15T17:18:13.105+0000] {processor.py:161} INFO - Started process (PID=715) to work on /home/airflow/.local/lib/python3.12/site-packages/airflow/example_dags/example_complex.py
[2024-04-15T17:18:13.106+0000] {processor.py:830} INFO - Processing file /home/airflow/.local/lib/python3.12/site-packages/airflow/example_dags/example_complex.py for tasks to queue
[2024-04-15T17:18:13.110+0000] {logging_mixin.py:188} INFO - [2024-04-15T17:18:13.110+0000] {dagbag.py:540} INFO - Filling up the DagBag from /home/airflow/.local/lib/python3.12/site-packages/airflow/example_dags/example_complex.py
[2024-04-15T17:18:13.120+0000] {processor.py:840} INFO - DAG(s) 'example_complex' retrieved from /home/airflow/.local/lib/python3.12/site-packages/airflow/example_dags/example_complex.py
[2024-04-15T17:18:13.141+0000] {logging_mixin.py:188} INFO - [2024-04-15T17:18:13.141+0000] {dag.py:3096} INFO - Sync 1 DAGs
[2024-04-15T17:18:13.149+0000] {logging_mixin.py:188} INFO - [2024-04-15T17:18:13.149+0000] {dag.py:3954} INFO - Setting next_dagrun for example_complex to None, run_after=None
[2024-04-15T17:18:13.159+0000] {processor.py:183} INFO - Processing /home/airflow/.local/lib/python3.12/site-packages/airflow/example_dags/example_complex.py took 0.060 seconds
[2024-04-15T17:18:44.365+0000] {processor.py:161} INFO - Started process (PID=774) to work on /home/airflow/.local/lib/python3.12/site-packages/airflow/example_dags/example_complex.py
[2024-04-15T17:18:44.366+0000] {processor.py:830} INFO - Processing file /home/airflow/.local/lib/python3.12/site-packages/airflow/example_dags/example_complex.py for tasks to queue
[2024-04-15T17:18:44.366+0000] {logging_mixin.py:188} INFO - [2024-04-15T17:18:44.366+0000] {dagbag.py:540} INFO - Filling up the DagBag from /home/airflow/.local/lib/python3.12/site-packages/airflow/example_dags/example_complex.py
[2024-04-15T17:18:44.372+0000] {processor.py:840} INFO - DAG(s) 'example_complex' retrieved from /home/airflow/.local/lib/python3.12/site-packages/airflow/example_dags/example_complex.py
[2024-04-15T17:18:44.390+0000] {logging_mixin.py:188} INFO - [2024-04-15T17:18:44.390+0000] {dag.py:3096} INFO - Sync 1 DAGs
[2024-04-15T17:18:44.398+0000] {logging_mixin.py:188} INFO - [2024-04-15T17:18:44.397+0000] {dag.py:3954} INFO - Setting next_dagrun for example_complex to None, run_after=None
[2024-04-15T17:18:44.409+0000] {processor.py:183} INFO - Processing /home/airflow/.local/lib/python3.12/site-packages/airflow/example_dags/example_complex.py took 0.047 seconds
[2024-04-15T17:19:15.245+0000] {processor.py:161} INFO - Started process (PID=833) to work on /home/airflow/.local/lib/python3.12/site-packages/airflow/example_dags/example_complex.py
[2024-04-15T17:19:15.246+0000] {processor.py:830} INFO - Processing file /home/airflow/.local/lib/python3.12/site-packages/airflow/example_dags/example_complex.py for tasks to queue
[2024-04-15T17:19:15.246+0000] {logging_mixin.py:188} INFO - [2024-04-15T17:19:15.246+0000] {dagbag.py:540} INFO - Filling up the DagBag from /home/airflow/.local/lib/python3.12/site-packages/airflow/example_dags/example_complex.py
[2024-04-15T17:19:15.251+0000] {processor.py:840} INFO - DAG(s) 'example_complex' retrieved from /home/airflow/.local/lib/python3.12/site-packages/airflow/example_dags/example_complex.py
[2024-04-15T17:19:15.265+0000] {logging_mixin.py:188} INFO - [2024-04-15T17:19:15.265+0000] {dag.py:3096} INFO - Sync 1 DAGs
[2024-04-15T17:19:15.271+0000] {logging_mixin.py:188} INFO - [2024-04-15T17:19:15.271+0000] {dag.py:3954} INFO - Setting next_dagrun for example_complex to None, run_after=None
[2024-04-15T17:19:15.280+0000] {processor.py:183} INFO - Processing /home/airflow/.local/lib/python3.12/site-packages/airflow/example_dags/example_complex.py took 0.038 seconds
[2024-04-15T17:19:46.158+0000] {processor.py:161} INFO - Started process (PID=892) to work on /home/airflow/.local/lib/python3.12/site-packages/airflow/example_dags/example_complex.py
[2024-04-15T17:19:46.159+0000] {processor.py:830} INFO - Processing file /home/airflow/.local/lib/python3.12/site-packages/airflow/example_dags/example_complex.py for tasks to queue
[2024-04-15T17:19:46.160+0000] {logging_mixin.py:188} INFO - [2024-04-15T17:19:46.160+0000] {dagbag.py:540} INFO - Filling up the DagBag from /home/airflow/.local/lib/python3.12/site-packages/airflow/example_dags/example_complex.py
[2024-04-15T17:19:46.166+0000] {processor.py:840} INFO - DAG(s) 'example_complex' retrieved from /home/airflow/.local/lib/python3.12/site-packages/airflow/example_dags/example_complex.py
[2024-04-15T17:19:46.183+0000] {logging_mixin.py:188} INFO - [2024-04-15T17:19:46.182+0000] {dag.py:3096} INFO - Sync 1 DAGs
[2024-04-15T17:19:46.192+0000] {logging_mixin.py:188} INFO - [2024-04-15T17:19:46.192+0000] {dag.py:3954} INFO - Setting next_dagrun for example_complex to None, run_after=None
[2024-04-15T17:19:46.202+0000] {processor.py:183} INFO - Processing /home/airflow/.local/lib/python3.12/site-packages/airflow/example_dags/example_complex.py took 0.048 seconds
[2024-04-15T17:20:16.717+0000] {processor.py:161} INFO - Started process (PID=951) to work on /home/airflow/.local/lib/python3.12/site-packages/airflow/example_dags/example_complex.py
[2024-04-15T17:20:16.717+0000] {processor.py:830} INFO - Processing file /home/airflow/.local/lib/python3.12/site-packages/airflow/example_dags/example_complex.py for tasks to queue
[2024-04-15T17:20:16.718+0000] {logging_mixin.py:188} INFO - [2024-04-15T17:20:16.718+0000] {dagbag.py:540} INFO - Filling up the DagBag from /home/airflow/.local/lib/python3.12/site-packages/airflow/example_dags/example_complex.py
[2024-04-15T17:20:16.724+0000] {processor.py:840} INFO - DAG(s) 'example_complex' retrieved from /home/airflow/.local/lib/python3.12/site-packages/airflow/example_dags/example_complex.py
[2024-04-15T17:20:16.739+0000] {logging_mixin.py:188} INFO - [2024-04-15T17:20:16.739+0000] {dag.py:3096} INFO - Sync 1 DAGs
[2024-04-15T17:20:16.745+0000] {logging_mixin.py:188} INFO - [2024-04-15T17:20:16.745+0000] {dag.py:3954} INFO - Setting next_dagrun for example_complex to None, run_after=None
[2024-04-15T17:20:16.754+0000] {processor.py:183} INFO - Processing /home/airflow/.local/lib/python3.12/site-packages/airflow/example_dags/example_complex.py took 0.041 seconds
[2024-04-15T17:20:46.923+0000] {processor.py:161} INFO - Started process (PID=1010) to work on /home/airflow/.local/lib/python3.12/site-packages/airflow/example_dags/example_complex.py
[2024-04-15T17:20:46.924+0000] {processor.py:830} INFO - Processing file /home/airflow/.local/lib/python3.12/site-packages/airflow/example_dags/example_complex.py for tasks to queue
[2024-04-15T17:20:46.925+0000] {logging_mixin.py:188} INFO - [2024-04-15T17:20:46.924+0000] {dagbag.py:540} INFO - Filling up the DagBag from /home/airflow/.local/lib/python3.12/site-packages/airflow/example_dags/example_complex.py
[2024-04-15T17:20:46.930+0000] {processor.py:840} INFO - DAG(s) 'example_complex' retrieved from /home/airflow/.local/lib/python3.12/site-packages/airflow/example_dags/example_complex.py
[2024-04-15T17:20:46.950+0000] {logging_mixin.py:188} INFO - [2024-04-15T17:20:46.950+0000] {dag.py:3096} INFO - Sync 1 DAGs
[2024-04-15T17:20:46.959+0000] {logging_mixin.py:188} INFO - [2024-04-15T17:20:46.959+0000] {dag.py:3954} INFO - Setting next_dagrun for example_complex to None, run_after=None
[2024-04-15T17:20:46.983+0000] {processor.py:183} INFO - Processing /home/airflow/.local/lib/python3.12/site-packages/airflow/example_dags/example_complex.py took 0.063 seconds
[2024-04-15T17:21:17.117+0000] {processor.py:161} INFO - Started process (PID=1069) to work on /home/airflow/.local/lib/python3.12/site-packages/airflow/example_dags/example_complex.py
[2024-04-15T17:21:17.118+0000] {processor.py:830} INFO - Processing file /home/airflow/.local/lib/python3.12/site-packages/airflow/example_dags/example_complex.py for tasks to queue
[2024-04-15T17:21:17.118+0000] {logging_mixin.py:188} INFO - [2024-04-15T17:21:17.118+0000] {dagbag.py:540} INFO - Filling up the DagBag from /home/airflow/.local/lib/python3.12/site-packages/airflow/example_dags/example_complex.py
[2024-04-15T17:21:17.123+0000] {processor.py:840} INFO - DAG(s) 'example_complex' retrieved from /home/airflow/.local/lib/python3.12/site-packages/airflow/example_dags/example_complex.py
[2024-04-15T17:21:17.137+0000] {logging_mixin.py:188} INFO - [2024-04-15T17:21:17.137+0000] {dag.py:3096} INFO - Sync 1 DAGs
[2024-04-15T17:21:17.143+0000] {logging_mixin.py:188} INFO - [2024-04-15T17:21:17.143+0000] {dag.py:3954} INFO - Setting next_dagrun for example_complex to None, run_after=None
[2024-04-15T17:21:17.153+0000] {processor.py:183} INFO - Processing /home/airflow/.local/lib/python3.12/site-packages/airflow/example_dags/example_complex.py took 0.039 seconds
[2024-04-15T17:21:47.296+0000] {processor.py:161} INFO - Started process (PID=1128) to work on /home/airflow/.local/lib/python3.12/site-packages/airflow/example_dags/example_complex.py
[2024-04-15T17:21:47.296+0000] {processor.py:830} INFO - Processing file /home/airflow/.local/lib/python3.12/site-packages/airflow/example_dags/example_complex.py for tasks to queue
[2024-04-15T17:21:47.297+0000] {logging_mixin.py:188} INFO - [2024-04-15T17:21:47.297+0000] {dagbag.py:540} INFO - Filling up the DagBag from /home/airflow/.local/lib/python3.12/site-packages/airflow/example_dags/example_complex.py
[2024-04-15T17:21:47.302+0000] {processor.py:840} INFO - DAG(s) 'example_complex' retrieved from /home/airflow/.local/lib/python3.12/site-packages/airflow/example_dags/example_complex.py
[2024-04-15T17:21:47.319+0000] {logging_mixin.py:188} INFO - [2024-04-15T17:21:47.318+0000] {dag.py:3096} INFO - Sync 1 DAGs
[2024-04-15T17:21:47.325+0000] {logging_mixin.py:188} INFO - [2024-04-15T17:21:47.325+0000] {dag.py:3954} INFO - Setting next_dagrun for example_complex to None, run_after=None
[2024-04-15T17:21:47.334+0000] {processor.py:183} INFO - Processing /home/airflow/.local/lib/python3.12/site-packages/airflow/example_dags/example_complex.py took 0.043 seconds
[2024-04-15T17:22:53.422+0000] {processor.py:161} INFO - Started process (PID=67) to work on /home/airflow/.local/lib/python3.12/site-packages/airflow/example_dags/example_complex.py
[2024-04-15T17:22:53.424+0000] {processor.py:830} INFO - Processing file /home/airflow/.local/lib/python3.12/site-packages/airflow/example_dags/example_complex.py for tasks to queue
[2024-04-15T17:22:53.438+0000] {logging_mixin.py:188} INFO - [2024-04-15T17:22:53.435+0000] {dagbag.py:540} INFO - Filling up the DagBag from /home/airflow/.local/lib/python3.12/site-packages/airflow/example_dags/example_complex.py
[2024-04-15T17:22:53.464+0000] {processor.py:840} INFO - DAG(s) 'example_complex' retrieved from /home/airflow/.local/lib/python3.12/site-packages/airflow/example_dags/example_complex.py
[2024-04-15T17:22:53.500+0000] {logging_mixin.py:188} INFO - [2024-04-15T17:22:53.500+0000] {dag.py:3096} INFO - Sync 1 DAGs
[2024-04-15T17:22:53.544+0000] {logging_mixin.py:188} INFO - [2024-04-15T17:22:53.544+0000] {dag.py:3954} INFO - Setting next_dagrun for example_complex to None, run_after=None
[2024-04-15T17:22:53.600+0000] {processor.py:183} INFO - Processing /home/airflow/.local/lib/python3.12/site-packages/airflow/example_dags/example_complex.py took 0.188 seconds
[2024-04-15T17:23:26.809+0000] {processor.py:161} INFO - Started process (PID=132) to work on /home/airflow/.local/lib/python3.12/site-packages/airflow/example_dags/example_complex.py
[2024-04-15T17:23:26.812+0000] {processor.py:830} INFO - Processing file /home/airflow/.local/lib/python3.12/site-packages/airflow/example_dags/example_complex.py for tasks to queue
[2024-04-15T17:23:26.815+0000] {logging_mixin.py:188} INFO - [2024-04-15T17:23:26.814+0000] {dagbag.py:540} INFO - Filling up the DagBag from /home/airflow/.local/lib/python3.12/site-packages/airflow/example_dags/example_complex.py
[2024-04-15T17:23:26.839+0000] {processor.py:840} INFO - DAG(s) 'example_complex' retrieved from /home/airflow/.local/lib/python3.12/site-packages/airflow/example_dags/example_complex.py
[2024-04-15T17:23:26.913+0000] {logging_mixin.py:188} INFO - [2024-04-15T17:23:26.913+0000] {dag.py:3096} INFO - Sync 1 DAGs
[2024-04-15T17:23:26.924+0000] {logging_mixin.py:188} INFO - [2024-04-15T17:23:26.924+0000] {dag.py:3954} INFO - Setting next_dagrun for example_complex to None, run_after=None
[2024-04-15T17:23:26.961+0000] {processor.py:183} INFO - Processing /home/airflow/.local/lib/python3.12/site-packages/airflow/example_dags/example_complex.py took 0.157 seconds
[2024-04-15T17:23:57.226+0000] {processor.py:161} INFO - Started process (PID=191) to work on /home/airflow/.local/lib/python3.12/site-packages/airflow/example_dags/example_complex.py
[2024-04-15T17:23:57.228+0000] {processor.py:830} INFO - Processing file /home/airflow/.local/lib/python3.12/site-packages/airflow/example_dags/example_complex.py for tasks to queue
[2024-04-15T17:23:57.229+0000] {logging_mixin.py:188} INFO - [2024-04-15T17:23:57.229+0000] {dagbag.py:540} INFO - Filling up the DagBag from /home/airflow/.local/lib/python3.12/site-packages/airflow/example_dags/example_complex.py
[2024-04-15T17:23:57.235+0000] {processor.py:840} INFO - DAG(s) 'example_complex' retrieved from /home/airflow/.local/lib/python3.12/site-packages/airflow/example_dags/example_complex.py
[2024-04-15T17:23:57.250+0000] {logging_mixin.py:188} INFO - [2024-04-15T17:23:57.250+0000] {dag.py:3096} INFO - Sync 1 DAGs
[2024-04-15T17:23:57.256+0000] {logging_mixin.py:188} INFO - [2024-04-15T17:23:57.256+0000] {dag.py:3954} INFO - Setting next_dagrun for example_complex to None, run_after=None
[2024-04-15T17:23:57.266+0000] {processor.py:183} INFO - Processing /home/airflow/.local/lib/python3.12/site-packages/airflow/example_dags/example_complex.py took 0.043 seconds
[2024-04-15T17:24:27.324+0000] {processor.py:161} INFO - Started process (PID=251) to work on /home/airflow/.local/lib/python3.12/site-packages/airflow/example_dags/example_complex.py
[2024-04-15T17:24:27.325+0000] {processor.py:830} INFO - Processing file /home/airflow/.local/lib/python3.12/site-packages/airflow/example_dags/example_complex.py for tasks to queue
[2024-04-15T17:24:27.328+0000] {logging_mixin.py:188} INFO - [2024-04-15T17:24:27.328+0000] {dagbag.py:540} INFO - Filling up the DagBag from /home/airflow/.local/lib/python3.12/site-packages/airflow/example_dags/example_complex.py
[2024-04-15T17:24:27.335+0000] {processor.py:840} INFO - DAG(s) 'example_complex' retrieved from /home/airflow/.local/lib/python3.12/site-packages/airflow/example_dags/example_complex.py
[2024-04-15T17:24:27.349+0000] {logging_mixin.py:188} INFO - [2024-04-15T17:24:27.349+0000] {dag.py:3096} INFO - Sync 1 DAGs
[2024-04-15T17:24:27.366+0000] {logging_mixin.py:188} INFO - [2024-04-15T17:24:27.365+0000] {dag.py:3954} INFO - Setting next_dagrun for example_complex to None, run_after=None
[2024-04-15T17:24:27.381+0000] {processor.py:183} INFO - Processing /home/airflow/.local/lib/python3.12/site-packages/airflow/example_dags/example_complex.py took 0.061 seconds
[2024-04-15T17:25:00.092+0000] {processor.py:161} INFO - Started process (PID=312) to work on /home/airflow/.local/lib/python3.12/site-packages/airflow/example_dags/example_complex.py
[2024-04-15T17:25:00.093+0000] {processor.py:830} INFO - Processing file /home/airflow/.local/lib/python3.12/site-packages/airflow/example_dags/example_complex.py for tasks to queue
[2024-04-15T17:25:00.095+0000] {logging_mixin.py:188} INFO - [2024-04-15T17:25:00.095+0000] {dagbag.py:540} INFO - Filling up the DagBag from /home/airflow/.local/lib/python3.12/site-packages/airflow/example_dags/example_complex.py
[2024-04-15T17:25:00.102+0000] {processor.py:840} INFO - DAG(s) 'example_complex' retrieved from /home/airflow/.local/lib/python3.12/site-packages/airflow/example_dags/example_complex.py
[2024-04-15T17:25:00.121+0000] {logging_mixin.py:188} INFO - [2024-04-15T17:25:00.120+0000] {dag.py:3096} INFO - Sync 1 DAGs
[2024-04-15T17:25:00.129+0000] {logging_mixin.py:188} INFO - [2024-04-15T17:25:00.129+0000] {dag.py:3954} INFO - Setting next_dagrun for example_complex to None, run_after=None
[2024-04-15T17:25:00.140+0000] {processor.py:183} INFO - Processing /home/airflow/.local/lib/python3.12/site-packages/airflow/example_dags/example_complex.py took 0.053 seconds
[2024-04-15T17:26:31.840+0000] {processor.py:161} INFO - Started process (PID=78) to work on /home/airflow/.local/lib/python3.12/site-packages/airflow/example_dags/example_complex.py
[2024-04-15T17:26:31.845+0000] {processor.py:830} INFO - Processing file /home/airflow/.local/lib/python3.12/site-packages/airflow/example_dags/example_complex.py for tasks to queue
[2024-04-15T17:26:31.851+0000] {logging_mixin.py:188} INFO - [2024-04-15T17:26:31.849+0000] {dagbag.py:540} INFO - Filling up the DagBag from /home/airflow/.local/lib/python3.12/site-packages/airflow/example_dags/example_complex.py
[2024-04-15T17:26:31.894+0000] {processor.py:840} INFO - DAG(s) 'example_complex' retrieved from /home/airflow/.local/lib/python3.12/site-packages/airflow/example_dags/example_complex.py
[2024-04-15T17:26:34.170+0000] {logging_mixin.py:188} INFO - [2024-04-15T17:26:34.149+0000] {dag.py:3096} INFO - Sync 1 DAGs
[2024-04-15T17:26:34.292+0000] {logging_mixin.py:188} INFO - [2024-04-15T17:26:34.288+0000] {dag.py:3954} INFO - Setting next_dagrun for example_complex to None, run_after=None
[2024-04-15T17:26:34.403+0000] {processor.py:183} INFO - Processing /home/airflow/.local/lib/python3.12/site-packages/airflow/example_dags/example_complex.py took 2.674 seconds
[2024-04-15T17:27:05.173+0000] {processor.py:161} INFO - Started process (PID=138) to work on /home/airflow/.local/lib/python3.12/site-packages/airflow/example_dags/example_complex.py
[2024-04-15T17:27:05.174+0000] {processor.py:830} INFO - Processing file /home/airflow/.local/lib/python3.12/site-packages/airflow/example_dags/example_complex.py for tasks to queue
[2024-04-15T17:27:05.176+0000] {logging_mixin.py:188} INFO - [2024-04-15T17:27:05.176+0000] {dagbag.py:540} INFO - Filling up the DagBag from /home/airflow/.local/lib/python3.12/site-packages/airflow/example_dags/example_complex.py
[2024-04-15T17:27:05.185+0000] {processor.py:840} INFO - DAG(s) 'example_complex' retrieved from /home/airflow/.local/lib/python3.12/site-packages/airflow/example_dags/example_complex.py
[2024-04-15T17:27:05.206+0000] {logging_mixin.py:188} INFO - [2024-04-15T17:27:05.206+0000] {dag.py:3096} INFO - Sync 1 DAGs
[2024-04-15T17:27:05.219+0000] {logging_mixin.py:188} INFO - [2024-04-15T17:27:05.218+0000] {dag.py:3954} INFO - Setting next_dagrun for example_complex to None, run_after=None
[2024-04-15T17:27:05.230+0000] {processor.py:183} INFO - Processing /home/airflow/.local/lib/python3.12/site-packages/airflow/example_dags/example_complex.py took 0.063 seconds
[2024-04-15T17:27:35.462+0000] {processor.py:161} INFO - Started process (PID=198) to work on /home/airflow/.local/lib/python3.12/site-packages/airflow/example_dags/example_complex.py
[2024-04-15T17:27:35.466+0000] {processor.py:830} INFO - Processing file /home/airflow/.local/lib/python3.12/site-packages/airflow/example_dags/example_complex.py for tasks to queue
[2024-04-15T17:27:35.468+0000] {logging_mixin.py:188} INFO - [2024-04-15T17:27:35.468+0000] {dagbag.py:540} INFO - Filling up the DagBag from /home/airflow/.local/lib/python3.12/site-packages/airflow/example_dags/example_complex.py
[2024-04-15T17:27:35.481+0000] {processor.py:840} INFO - DAG(s) 'example_complex' retrieved from /home/airflow/.local/lib/python3.12/site-packages/airflow/example_dags/example_complex.py
[2024-04-15T17:27:35.513+0000] {logging_mixin.py:188} INFO - [2024-04-15T17:27:35.513+0000] {dag.py:3096} INFO - Sync 1 DAGs
[2024-04-15T17:27:35.522+0000] {logging_mixin.py:188} INFO - [2024-04-15T17:27:35.522+0000] {dag.py:3954} INFO - Setting next_dagrun for example_complex to None, run_after=None
[2024-04-15T17:27:35.534+0000] {processor.py:183} INFO - Processing /home/airflow/.local/lib/python3.12/site-packages/airflow/example_dags/example_complex.py took 0.081 seconds
[2024-04-15T17:28:06.189+0000] {processor.py:161} INFO - Started process (PID=258) to work on /home/airflow/.local/lib/python3.12/site-packages/airflow/example_dags/example_complex.py
[2024-04-15T17:28:06.190+0000] {processor.py:830} INFO - Processing file /home/airflow/.local/lib/python3.12/site-packages/airflow/example_dags/example_complex.py for tasks to queue
[2024-04-15T17:28:06.194+0000] {logging_mixin.py:188} INFO - [2024-04-15T17:28:06.193+0000] {dagbag.py:540} INFO - Filling up the DagBag from /home/airflow/.local/lib/python3.12/site-packages/airflow/example_dags/example_complex.py
[2024-04-15T17:28:06.208+0000] {processor.py:840} INFO - DAG(s) 'example_complex' retrieved from /home/airflow/.local/lib/python3.12/site-packages/airflow/example_dags/example_complex.py
[2024-04-15T17:28:06.230+0000] {logging_mixin.py:188} INFO - [2024-04-15T17:28:06.230+0000] {dag.py:3096} INFO - Sync 1 DAGs
[2024-04-15T17:28:06.243+0000] {logging_mixin.py:188} INFO - [2024-04-15T17:28:06.242+0000] {dag.py:3954} INFO - Setting next_dagrun for example_complex to None, run_after=None
[2024-04-15T17:28:06.256+0000] {processor.py:183} INFO - Processing /home/airflow/.local/lib/python3.12/site-packages/airflow/example_dags/example_complex.py took 0.079 seconds
[2024-04-15T17:28:36.483+0000] {processor.py:161} INFO - Started process (PID=318) to work on /home/airflow/.local/lib/python3.12/site-packages/airflow/example_dags/example_complex.py
[2024-04-15T17:28:36.485+0000] {processor.py:830} INFO - Processing file /home/airflow/.local/lib/python3.12/site-packages/airflow/example_dags/example_complex.py for tasks to queue
[2024-04-15T17:28:36.487+0000] {logging_mixin.py:188} INFO - [2024-04-15T17:28:36.487+0000] {dagbag.py:540} INFO - Filling up the DagBag from /home/airflow/.local/lib/python3.12/site-packages/airflow/example_dags/example_complex.py
[2024-04-15T17:28:36.497+0000] {processor.py:840} INFO - DAG(s) 'example_complex' retrieved from /home/airflow/.local/lib/python3.12/site-packages/airflow/example_dags/example_complex.py
[2024-04-15T17:28:36.520+0000] {logging_mixin.py:188} INFO - [2024-04-15T17:28:36.520+0000] {dag.py:3096} INFO - Sync 1 DAGs
[2024-04-15T17:28:36.528+0000] {logging_mixin.py:188} INFO - [2024-04-15T17:28:36.528+0000] {dag.py:3954} INFO - Setting next_dagrun for example_complex to None, run_after=None
[2024-04-15T17:28:36.538+0000] {processor.py:183} INFO - Processing /home/airflow/.local/lib/python3.12/site-packages/airflow/example_dags/example_complex.py took 0.063 seconds
[2024-04-15T17:29:07.289+0000] {processor.py:161} INFO - Started process (PID=378) to work on /home/airflow/.local/lib/python3.12/site-packages/airflow/example_dags/example_complex.py
[2024-04-15T17:29:07.289+0000] {processor.py:830} INFO - Processing file /home/airflow/.local/lib/python3.12/site-packages/airflow/example_dags/example_complex.py for tasks to queue
[2024-04-15T17:29:07.291+0000] {logging_mixin.py:188} INFO - [2024-04-15T17:29:07.291+0000] {dagbag.py:540} INFO - Filling up the DagBag from /home/airflow/.local/lib/python3.12/site-packages/airflow/example_dags/example_complex.py
[2024-04-15T17:29:07.299+0000] {processor.py:840} INFO - DAG(s) 'example_complex' retrieved from /home/airflow/.local/lib/python3.12/site-packages/airflow/example_dags/example_complex.py
[2024-04-15T17:29:07.323+0000] {logging_mixin.py:188} INFO - [2024-04-15T17:29:07.323+0000] {dag.py:3096} INFO - Sync 1 DAGs
[2024-04-15T17:29:07.331+0000] {logging_mixin.py:188} INFO - [2024-04-15T17:29:07.331+0000] {dag.py:3954} INFO - Setting next_dagrun for example_complex to None, run_after=None
[2024-04-15T17:29:07.342+0000] {processor.py:183} INFO - Processing /home/airflow/.local/lib/python3.12/site-packages/airflow/example_dags/example_complex.py took 0.059 seconds
[2024-04-15T17:29:37.995+0000] {processor.py:161} INFO - Started process (PID=438) to work on /home/airflow/.local/lib/python3.12/site-packages/airflow/example_dags/example_complex.py
[2024-04-15T17:29:37.997+0000] {processor.py:830} INFO - Processing file /home/airflow/.local/lib/python3.12/site-packages/airflow/example_dags/example_complex.py for tasks to queue
[2024-04-15T17:29:38.001+0000] {logging_mixin.py:188} INFO - [2024-04-15T17:29:38.000+0000] {dagbag.py:540} INFO - Filling up the DagBag from /home/airflow/.local/lib/python3.12/site-packages/airflow/example_dags/example_complex.py
[2024-04-15T17:29:38.013+0000] {processor.py:840} INFO - DAG(s) 'example_complex' retrieved from /home/airflow/.local/lib/python3.12/site-packages/airflow/example_dags/example_complex.py
[2024-04-15T17:29:38.035+0000] {logging_mixin.py:188} INFO - [2024-04-15T17:29:38.035+0000] {dag.py:3096} INFO - Sync 1 DAGs
[2024-04-15T17:29:38.043+0000] {logging_mixin.py:188} INFO - [2024-04-15T17:29:38.043+0000] {dag.py:3954} INFO - Setting next_dagrun for example_complex to None, run_after=None
[2024-04-15T17:29:38.052+0000] {processor.py:183} INFO - Processing /home/airflow/.local/lib/python3.12/site-packages/airflow/example_dags/example_complex.py took 0.070 seconds
[2024-04-15T17:30:08.803+0000] {processor.py:161} INFO - Started process (PID=498) to work on /home/airflow/.local/lib/python3.12/site-packages/airflow/example_dags/example_complex.py
[2024-04-15T17:30:08.805+0000] {processor.py:830} INFO - Processing file /home/airflow/.local/lib/python3.12/site-packages/airflow/example_dags/example_complex.py for tasks to queue
[2024-04-15T17:30:08.808+0000] {logging_mixin.py:188} INFO - [2024-04-15T17:30:08.808+0000] {dagbag.py:540} INFO - Filling up the DagBag from /home/airflow/.local/lib/python3.12/site-packages/airflow/example_dags/example_complex.py
[2024-04-15T17:30:08.824+0000] {processor.py:840} INFO - DAG(s) 'example_complex' retrieved from /home/airflow/.local/lib/python3.12/site-packages/airflow/example_dags/example_complex.py
[2024-04-15T17:30:08.847+0000] {logging_mixin.py:188} INFO - [2024-04-15T17:30:08.846+0000] {dag.py:3096} INFO - Sync 1 DAGs
[2024-04-15T17:30:08.854+0000] {logging_mixin.py:188} INFO - [2024-04-15T17:30:08.854+0000] {dag.py:3954} INFO - Setting next_dagrun for example_complex to None, run_after=None
[2024-04-15T17:30:08.864+0000] {processor.py:183} INFO - Processing /home/airflow/.local/lib/python3.12/site-packages/airflow/example_dags/example_complex.py took 0.073 seconds
[2024-04-15T17:30:39.451+0000] {processor.py:161} INFO - Started process (PID=557) to work on /home/airflow/.local/lib/python3.12/site-packages/airflow/example_dags/example_complex.py
[2024-04-15T17:30:39.458+0000] {processor.py:830} INFO - Processing file /home/airflow/.local/lib/python3.12/site-packages/airflow/example_dags/example_complex.py for tasks to queue
[2024-04-15T17:30:39.468+0000] {logging_mixin.py:188} INFO - [2024-04-15T17:30:39.467+0000] {dagbag.py:540} INFO - Filling up the DagBag from /home/airflow/.local/lib/python3.12/site-packages/airflow/example_dags/example_complex.py
[2024-04-15T17:30:39.481+0000] {processor.py:840} INFO - DAG(s) 'example_complex' retrieved from /home/airflow/.local/lib/python3.12/site-packages/airflow/example_dags/example_complex.py
[2024-04-15T17:30:39.503+0000] {logging_mixin.py:188} INFO - [2024-04-15T17:30:39.502+0000] {dag.py:3096} INFO - Sync 1 DAGs
[2024-04-15T17:30:39.512+0000] {logging_mixin.py:188} INFO - [2024-04-15T17:30:39.512+0000] {dag.py:3954} INFO - Setting next_dagrun for example_complex to None, run_after=None
[2024-04-15T17:30:39.533+0000] {processor.py:183} INFO - Processing /home/airflow/.local/lib/python3.12/site-packages/airflow/example_dags/example_complex.py took 0.101 seconds
[2024-04-15T17:31:09.717+0000] {processor.py:161} INFO - Started process (PID=617) to work on /home/airflow/.local/lib/python3.12/site-packages/airflow/example_dags/example_complex.py
[2024-04-15T17:31:09.728+0000] {processor.py:830} INFO - Processing file /home/airflow/.local/lib/python3.12/site-packages/airflow/example_dags/example_complex.py for tasks to queue
[2024-04-15T17:31:09.750+0000] {logging_mixin.py:188} INFO - [2024-04-15T17:31:09.749+0000] {dagbag.py:540} INFO - Filling up the DagBag from /home/airflow/.local/lib/python3.12/site-packages/airflow/example_dags/example_complex.py
[2024-04-15T17:31:09.821+0000] {processor.py:840} INFO - DAG(s) 'example_complex' retrieved from /home/airflow/.local/lib/python3.12/site-packages/airflow/example_dags/example_complex.py
[2024-04-15T17:31:09.906+0000] {logging_mixin.py:188} INFO - [2024-04-15T17:31:09.906+0000] {dag.py:3096} INFO - Sync 1 DAGs
[2024-04-15T17:31:09.917+0000] {logging_mixin.py:188} INFO - [2024-04-15T17:31:09.917+0000] {dag.py:3954} INFO - Setting next_dagrun for example_complex to None, run_after=None
[2024-04-15T17:31:09.946+0000] {processor.py:183} INFO - Processing /home/airflow/.local/lib/python3.12/site-packages/airflow/example_dags/example_complex.py took 0.252 seconds
[2024-04-15T17:31:40.610+0000] {processor.py:161} INFO - Started process (PID=677) to work on /home/airflow/.local/lib/python3.12/site-packages/airflow/example_dags/example_complex.py
[2024-04-15T17:31:40.611+0000] {processor.py:830} INFO - Processing file /home/airflow/.local/lib/python3.12/site-packages/airflow/example_dags/example_complex.py for tasks to queue
[2024-04-15T17:31:40.614+0000] {logging_mixin.py:188} INFO - [2024-04-15T17:31:40.613+0000] {dagbag.py:540} INFO - Filling up the DagBag from /home/airflow/.local/lib/python3.12/site-packages/airflow/example_dags/example_complex.py
[2024-04-15T17:31:40.624+0000] {processor.py:840} INFO - DAG(s) 'example_complex' retrieved from /home/airflow/.local/lib/python3.12/site-packages/airflow/example_dags/example_complex.py
[2024-04-15T17:31:40.670+0000] {logging_mixin.py:188} INFO - [2024-04-15T17:31:40.669+0000] {dag.py:3096} INFO - Sync 1 DAGs
[2024-04-15T17:31:40.686+0000] {logging_mixin.py:188} INFO - [2024-04-15T17:31:40.685+0000] {dag.py:3954} INFO - Setting next_dagrun for example_complex to None, run_after=None
[2024-04-15T17:31:40.700+0000] {processor.py:183} INFO - Processing /home/airflow/.local/lib/python3.12/site-packages/airflow/example_dags/example_complex.py took 0.097 seconds
[2024-04-15T17:32:11.213+0000] {processor.py:161} INFO - Started process (PID=737) to work on /home/airflow/.local/lib/python3.12/site-packages/airflow/example_dags/example_complex.py
[2024-04-15T17:32:11.217+0000] {processor.py:830} INFO - Processing file /home/airflow/.local/lib/python3.12/site-packages/airflow/example_dags/example_complex.py for tasks to queue
[2024-04-15T17:32:11.228+0000] {logging_mixin.py:188} INFO - [2024-04-15T17:32:11.227+0000] {dagbag.py:540} INFO - Filling up the DagBag from /home/airflow/.local/lib/python3.12/site-packages/airflow/example_dags/example_complex.py
[2024-04-15T17:32:11.246+0000] {processor.py:840} INFO - DAG(s) 'example_complex' retrieved from /home/airflow/.local/lib/python3.12/site-packages/airflow/example_dags/example_complex.py
[2024-04-15T17:32:11.280+0000] {logging_mixin.py:188} INFO - [2024-04-15T17:32:11.280+0000] {dag.py:3096} INFO - Sync 1 DAGs
[2024-04-15T17:32:11.298+0000] {logging_mixin.py:188} INFO - [2024-04-15T17:32:11.298+0000] {dag.py:3954} INFO - Setting next_dagrun for example_complex to None, run_after=None
[2024-04-15T17:32:11.311+0000] {processor.py:183} INFO - Processing /home/airflow/.local/lib/python3.12/site-packages/airflow/example_dags/example_complex.py took 0.118 seconds
[2024-04-15T17:32:41.823+0000] {processor.py:161} INFO - Started process (PID=797) to work on /home/airflow/.local/lib/python3.12/site-packages/airflow/example_dags/example_complex.py
[2024-04-15T17:32:41.824+0000] {processor.py:830} INFO - Processing file /home/airflow/.local/lib/python3.12/site-packages/airflow/example_dags/example_complex.py for tasks to queue
[2024-04-15T17:32:41.827+0000] {logging_mixin.py:188} INFO - [2024-04-15T17:32:41.826+0000] {dagbag.py:540} INFO - Filling up the DagBag from /home/airflow/.local/lib/python3.12/site-packages/airflow/example_dags/example_complex.py
[2024-04-15T17:32:41.839+0000] {processor.py:840} INFO - DAG(s) 'example_complex' retrieved from /home/airflow/.local/lib/python3.12/site-packages/airflow/example_dags/example_complex.py
[2024-04-15T17:32:41.865+0000] {logging_mixin.py:188} INFO - [2024-04-15T17:32:41.864+0000] {dag.py:3096} INFO - Sync 1 DAGs
[2024-04-15T17:32:41.874+0000] {logging_mixin.py:188} INFO - [2024-04-15T17:32:41.874+0000] {dag.py:3954} INFO - Setting next_dagrun for example_complex to None, run_after=None
[2024-04-15T17:32:41.883+0000] {processor.py:183} INFO - Processing /home/airflow/.local/lib/python3.12/site-packages/airflow/example_dags/example_complex.py took 0.069 seconds
[2024-04-15T17:33:12.393+0000] {processor.py:161} INFO - Started process (PID=857) to work on /home/airflow/.local/lib/python3.12/site-packages/airflow/example_dags/example_complex.py
[2024-04-15T17:33:12.395+0000] {processor.py:830} INFO - Processing file /home/airflow/.local/lib/python3.12/site-packages/airflow/example_dags/example_complex.py for tasks to queue
[2024-04-15T17:33:12.398+0000] {logging_mixin.py:188} INFO - [2024-04-15T17:33:12.397+0000] {dagbag.py:540} INFO - Filling up the DagBag from /home/airflow/.local/lib/python3.12/site-packages/airflow/example_dags/example_complex.py
[2024-04-15T17:33:12.420+0000] {processor.py:840} INFO - DAG(s) 'example_complex' retrieved from /home/airflow/.local/lib/python3.12/site-packages/airflow/example_dags/example_complex.py
[2024-04-15T17:33:12.451+0000] {logging_mixin.py:188} INFO - [2024-04-15T17:33:12.451+0000] {dag.py:3096} INFO - Sync 1 DAGs
[2024-04-15T17:33:12.463+0000] {logging_mixin.py:188} INFO - [2024-04-15T17:33:12.463+0000] {dag.py:3954} INFO - Setting next_dagrun for example_complex to None, run_after=None
[2024-04-15T17:33:12.646+0000] {processor.py:183} INFO - Processing /home/airflow/.local/lib/python3.12/site-packages/airflow/example_dags/example_complex.py took 0.265 seconds
[2024-04-15T17:33:43.066+0000] {processor.py:161} INFO - Started process (PID=917) to work on /home/airflow/.local/lib/python3.12/site-packages/airflow/example_dags/example_complex.py
[2024-04-15T17:33:43.068+0000] {processor.py:830} INFO - Processing file /home/airflow/.local/lib/python3.12/site-packages/airflow/example_dags/example_complex.py for tasks to queue
[2024-04-15T17:33:43.069+0000] {logging_mixin.py:188} INFO - [2024-04-15T17:33:43.069+0000] {dagbag.py:540} INFO - Filling up the DagBag from /home/airflow/.local/lib/python3.12/site-packages/airflow/example_dags/example_complex.py
[2024-04-15T17:33:43.076+0000] {processor.py:840} INFO - DAG(s) 'example_complex' retrieved from /home/airflow/.local/lib/python3.12/site-packages/airflow/example_dags/example_complex.py
[2024-04-15T17:33:43.100+0000] {logging_mixin.py:188} INFO - [2024-04-15T17:33:43.100+0000] {dag.py:3096} INFO - Sync 1 DAGs
[2024-04-15T17:33:43.109+0000] {logging_mixin.py:188} INFO - [2024-04-15T17:33:43.109+0000] {dag.py:3954} INFO - Setting next_dagrun for example_complex to None, run_after=None
[2024-04-15T17:33:43.120+0000] {processor.py:183} INFO - Processing /home/airflow/.local/lib/python3.12/site-packages/airflow/example_dags/example_complex.py took 0.060 seconds
[2024-04-15T17:34:13.349+0000] {processor.py:161} INFO - Started process (PID=977) to work on /home/airflow/.local/lib/python3.12/site-packages/airflow/example_dags/example_complex.py
[2024-04-15T17:34:13.351+0000] {processor.py:830} INFO - Processing file /home/airflow/.local/lib/python3.12/site-packages/airflow/example_dags/example_complex.py for tasks to queue
[2024-04-15T17:34:13.354+0000] {logging_mixin.py:188} INFO - [2024-04-15T17:34:13.353+0000] {dagbag.py:540} INFO - Filling up the DagBag from /home/airflow/.local/lib/python3.12/site-packages/airflow/example_dags/example_complex.py
[2024-04-15T17:34:13.365+0000] {processor.py:840} INFO - DAG(s) 'example_complex' retrieved from /home/airflow/.local/lib/python3.12/site-packages/airflow/example_dags/example_complex.py
[2024-04-15T17:34:13.387+0000] {logging_mixin.py:188} INFO - [2024-04-15T17:34:13.387+0000] {dag.py:3096} INFO - Sync 1 DAGs
[2024-04-15T17:34:13.395+0000] {logging_mixin.py:188} INFO - [2024-04-15T17:34:13.395+0000] {dag.py:3954} INFO - Setting next_dagrun for example_complex to None, run_after=None
[2024-04-15T17:34:13.405+0000] {processor.py:183} INFO - Processing /home/airflow/.local/lib/python3.12/site-packages/airflow/example_dags/example_complex.py took 0.065 seconds
[2024-04-15T17:34:43.818+0000] {processor.py:161} INFO - Started process (PID=1037) to work on /home/airflow/.local/lib/python3.12/site-packages/airflow/example_dags/example_complex.py
[2024-04-15T17:34:43.823+0000] {processor.py:830} INFO - Processing file /home/airflow/.local/lib/python3.12/site-packages/airflow/example_dags/example_complex.py for tasks to queue
[2024-04-15T17:34:43.827+0000] {logging_mixin.py:188} INFO - [2024-04-15T17:34:43.826+0000] {dagbag.py:540} INFO - Filling up the DagBag from /home/airflow/.local/lib/python3.12/site-packages/airflow/example_dags/example_complex.py
[2024-04-15T17:34:43.840+0000] {processor.py:840} INFO - DAG(s) 'example_complex' retrieved from /home/airflow/.local/lib/python3.12/site-packages/airflow/example_dags/example_complex.py
[2024-04-15T17:34:43.861+0000] {logging_mixin.py:188} INFO - [2024-04-15T17:34:43.861+0000] {dag.py:3096} INFO - Sync 1 DAGs
[2024-04-15T17:34:43.868+0000] {logging_mixin.py:188} INFO - [2024-04-15T17:34:43.868+0000] {dag.py:3954} INFO - Setting next_dagrun for example_complex to None, run_after=None
[2024-04-15T17:34:43.886+0000] {processor.py:183} INFO - Processing /home/airflow/.local/lib/python3.12/site-packages/airflow/example_dags/example_complex.py took 0.110 seconds
[2024-04-15T17:35:14.310+0000] {processor.py:161} INFO - Started process (PID=1097) to work on /home/airflow/.local/lib/python3.12/site-packages/airflow/example_dags/example_complex.py
[2024-04-15T17:35:14.312+0000] {processor.py:830} INFO - Processing file /home/airflow/.local/lib/python3.12/site-packages/airflow/example_dags/example_complex.py for tasks to queue
[2024-04-15T17:35:14.314+0000] {logging_mixin.py:188} INFO - [2024-04-15T17:35:14.314+0000] {dagbag.py:540} INFO - Filling up the DagBag from /home/airflow/.local/lib/python3.12/site-packages/airflow/example_dags/example_complex.py
[2024-04-15T17:35:14.329+0000] {processor.py:840} INFO - DAG(s) 'example_complex' retrieved from /home/airflow/.local/lib/python3.12/site-packages/airflow/example_dags/example_complex.py
[2024-04-15T17:35:14.354+0000] {logging_mixin.py:188} INFO - [2024-04-15T17:35:14.354+0000] {dag.py:3096} INFO - Sync 1 DAGs
[2024-04-15T17:35:14.371+0000] {logging_mixin.py:188} INFO - [2024-04-15T17:35:14.370+0000] {dag.py:3954} INFO - Setting next_dagrun for example_complex to None, run_after=None
[2024-04-15T17:35:14.380+0000] {processor.py:183} INFO - Processing /home/airflow/.local/lib/python3.12/site-packages/airflow/example_dags/example_complex.py took 0.080 seconds
[2024-04-15T17:35:44.767+0000] {processor.py:161} INFO - Started process (PID=1157) to work on /home/airflow/.local/lib/python3.12/site-packages/airflow/example_dags/example_complex.py
[2024-04-15T17:35:44.769+0000] {processor.py:830} INFO - Processing file /home/airflow/.local/lib/python3.12/site-packages/airflow/example_dags/example_complex.py for tasks to queue
[2024-04-15T17:35:44.772+0000] {logging_mixin.py:188} INFO - [2024-04-15T17:35:44.771+0000] {dagbag.py:540} INFO - Filling up the DagBag from /home/airflow/.local/lib/python3.12/site-packages/airflow/example_dags/example_complex.py
[2024-04-15T17:35:44.783+0000] {processor.py:840} INFO - DAG(s) 'example_complex' retrieved from /home/airflow/.local/lib/python3.12/site-packages/airflow/example_dags/example_complex.py
[2024-04-15T17:35:44.806+0000] {logging_mixin.py:188} INFO - [2024-04-15T17:35:44.805+0000] {dag.py:3096} INFO - Sync 1 DAGs
[2024-04-15T17:35:44.813+0000] {logging_mixin.py:188} INFO - [2024-04-15T17:35:44.813+0000] {dag.py:3954} INFO - Setting next_dagrun for example_complex to None, run_after=None
[2024-04-15T17:35:44.823+0000] {processor.py:183} INFO - Processing /home/airflow/.local/lib/python3.12/site-packages/airflow/example_dags/example_complex.py took 0.065 seconds
[2024-04-15T17:36:15.684+0000] {processor.py:161} INFO - Started process (PID=1217) to work on /home/airflow/.local/lib/python3.12/site-packages/airflow/example_dags/example_complex.py
[2024-04-15T17:36:15.686+0000] {processor.py:830} INFO - Processing file /home/airflow/.local/lib/python3.12/site-packages/airflow/example_dags/example_complex.py for tasks to queue
[2024-04-15T17:36:15.688+0000] {logging_mixin.py:188} INFO - [2024-04-15T17:36:15.687+0000] {dagbag.py:540} INFO - Filling up the DagBag from /home/airflow/.local/lib/python3.12/site-packages/airflow/example_dags/example_complex.py
[2024-04-15T17:36:15.696+0000] {processor.py:840} INFO - DAG(s) 'example_complex' retrieved from /home/airflow/.local/lib/python3.12/site-packages/airflow/example_dags/example_complex.py
[2024-04-15T17:36:15.723+0000] {logging_mixin.py:188} INFO - [2024-04-15T17:36:15.723+0000] {dag.py:3096} INFO - Sync 1 DAGs
[2024-04-15T17:36:15.732+0000] {logging_mixin.py:188} INFO - [2024-04-15T17:36:15.732+0000] {dag.py:3954} INFO - Setting next_dagrun for example_complex to None, run_after=None
[2024-04-15T17:36:15.745+0000] {processor.py:183} INFO - Processing /home/airflow/.local/lib/python3.12/site-packages/airflow/example_dags/example_complex.py took 0.068 seconds
[2024-04-15T17:36:46.262+0000] {processor.py:161} INFO - Started process (PID=1276) to work on /home/airflow/.local/lib/python3.12/site-packages/airflow/example_dags/example_complex.py
[2024-04-15T17:36:46.266+0000] {processor.py:830} INFO - Processing file /home/airflow/.local/lib/python3.12/site-packages/airflow/example_dags/example_complex.py for tasks to queue
[2024-04-15T17:36:46.281+0000] {logging_mixin.py:188} INFO - [2024-04-15T17:36:46.278+0000] {dagbag.py:540} INFO - Filling up the DagBag from /home/airflow/.local/lib/python3.12/site-packages/airflow/example_dags/example_complex.py
[2024-04-15T17:36:46.302+0000] {processor.py:840} INFO - DAG(s) 'example_complex' retrieved from /home/airflow/.local/lib/python3.12/site-packages/airflow/example_dags/example_complex.py
[2024-04-15T17:36:46.324+0000] {logging_mixin.py:188} INFO - [2024-04-15T17:36:46.323+0000] {dag.py:3096} INFO - Sync 1 DAGs
[2024-04-15T17:36:46.332+0000] {logging_mixin.py:188} INFO - [2024-04-15T17:36:46.332+0000] {dag.py:3954} INFO - Setting next_dagrun for example_complex to None, run_after=None
[2024-04-15T17:36:46.346+0000] {processor.py:183} INFO - Processing /home/airflow/.local/lib/python3.12/site-packages/airflow/example_dags/example_complex.py took 0.102 seconds
[2024-04-15T17:37:17.411+0000] {processor.py:161} INFO - Started process (PID=1336) to work on /home/airflow/.local/lib/python3.12/site-packages/airflow/example_dags/example_complex.py
[2024-04-15T17:37:17.416+0000] {processor.py:830} INFO - Processing file /home/airflow/.local/lib/python3.12/site-packages/airflow/example_dags/example_complex.py for tasks to queue
[2024-04-15T17:37:17.427+0000] {logging_mixin.py:188} INFO - [2024-04-15T17:37:17.424+0000] {dagbag.py:540} INFO - Filling up the DagBag from /home/airflow/.local/lib/python3.12/site-packages/airflow/example_dags/example_complex.py
[2024-04-15T17:37:17.461+0000] {processor.py:840} INFO - DAG(s) 'example_complex' retrieved from /home/airflow/.local/lib/python3.12/site-packages/airflow/example_dags/example_complex.py
[2024-04-15T17:37:17.504+0000] {logging_mixin.py:188} INFO - [2024-04-15T17:37:17.504+0000] {dag.py:3096} INFO - Sync 1 DAGs
[2024-04-15T17:37:17.514+0000] {logging_mixin.py:188} INFO - [2024-04-15T17:37:17.514+0000] {dag.py:3954} INFO - Setting next_dagrun for example_complex to None, run_after=None
[2024-04-15T17:37:17.556+0000] {processor.py:183} INFO - Processing /home/airflow/.local/lib/python3.12/site-packages/airflow/example_dags/example_complex.py took 0.166 seconds
[2024-04-15T17:37:47.691+0000] {processor.py:161} INFO - Started process (PID=1396) to work on /home/airflow/.local/lib/python3.12/site-packages/airflow/example_dags/example_complex.py
[2024-04-15T17:37:47.694+0000] {processor.py:830} INFO - Processing file /home/airflow/.local/lib/python3.12/site-packages/airflow/example_dags/example_complex.py for tasks to queue
[2024-04-15T17:37:47.697+0000] {logging_mixin.py:188} INFO - [2024-04-15T17:37:47.697+0000] {dagbag.py:540} INFO - Filling up the DagBag from /home/airflow/.local/lib/python3.12/site-packages/airflow/example_dags/example_complex.py
[2024-04-15T17:37:47.707+0000] {processor.py:840} INFO - DAG(s) 'example_complex' retrieved from /home/airflow/.local/lib/python3.12/site-packages/airflow/example_dags/example_complex.py
[2024-04-15T17:37:47.727+0000] {logging_mixin.py:188} INFO - [2024-04-15T17:37:47.726+0000] {dag.py:3096} INFO - Sync 1 DAGs
[2024-04-15T17:37:47.735+0000] {logging_mixin.py:188} INFO - [2024-04-15T17:37:47.735+0000] {dag.py:3954} INFO - Setting next_dagrun for example_complex to None, run_after=None
[2024-04-15T17:37:47.745+0000] {processor.py:183} INFO - Processing /home/airflow/.local/lib/python3.12/site-packages/airflow/example_dags/example_complex.py took 0.066 seconds
[2024-04-15T17:38:18.141+0000] {processor.py:161} INFO - Started process (PID=1456) to work on /home/airflow/.local/lib/python3.12/site-packages/airflow/example_dags/example_complex.py
[2024-04-15T17:38:18.143+0000] {processor.py:830} INFO - Processing file /home/airflow/.local/lib/python3.12/site-packages/airflow/example_dags/example_complex.py for tasks to queue
[2024-04-15T17:38:18.147+0000] {logging_mixin.py:188} INFO - [2024-04-15T17:38:18.146+0000] {dagbag.py:540} INFO - Filling up the DagBag from /home/airflow/.local/lib/python3.12/site-packages/airflow/example_dags/example_complex.py
[2024-04-15T17:38:18.157+0000] {processor.py:840} INFO - DAG(s) 'example_complex' retrieved from /home/airflow/.local/lib/python3.12/site-packages/airflow/example_dags/example_complex.py
[2024-04-15T17:38:18.178+0000] {logging_mixin.py:188} INFO - [2024-04-15T17:38:18.178+0000] {dag.py:3096} INFO - Sync 1 DAGs
[2024-04-15T17:38:18.186+0000] {logging_mixin.py:188} INFO - [2024-04-15T17:38:18.186+0000] {dag.py:3954} INFO - Setting next_dagrun for example_complex to None, run_after=None
[2024-04-15T17:38:18.195+0000] {processor.py:183} INFO - Processing /home/airflow/.local/lib/python3.12/site-packages/airflow/example_dags/example_complex.py took 0.068 seconds
[2024-04-15T17:38:48.518+0000] {processor.py:161} INFO - Started process (PID=1516) to work on /home/airflow/.local/lib/python3.12/site-packages/airflow/example_dags/example_complex.py
[2024-04-15T17:38:48.520+0000] {processor.py:830} INFO - Processing file /home/airflow/.local/lib/python3.12/site-packages/airflow/example_dags/example_complex.py for tasks to queue
[2024-04-15T17:38:48.525+0000] {logging_mixin.py:188} INFO - [2024-04-15T17:38:48.525+0000] {dagbag.py:540} INFO - Filling up the DagBag from /home/airflow/.local/lib/python3.12/site-packages/airflow/example_dags/example_complex.py
[2024-04-15T17:38:48.542+0000] {processor.py:840} INFO - DAG(s) 'example_complex' retrieved from /home/airflow/.local/lib/python3.12/site-packages/airflow/example_dags/example_complex.py
[2024-04-15T17:38:48.589+0000] {logging_mixin.py:188} INFO - [2024-04-15T17:38:48.589+0000] {dag.py:3096} INFO - Sync 1 DAGs
[2024-04-15T17:38:48.601+0000] {logging_mixin.py:188} INFO - [2024-04-15T17:38:48.601+0000] {dag.py:3954} INFO - Setting next_dagrun for example_complex to None, run_after=None
[2024-04-15T17:38:48.621+0000] {processor.py:183} INFO - Processing /home/airflow/.local/lib/python3.12/site-packages/airflow/example_dags/example_complex.py took 0.134 seconds
[2024-04-15T17:39:19.068+0000] {processor.py:161} INFO - Started process (PID=1576) to work on /home/airflow/.local/lib/python3.12/site-packages/airflow/example_dags/example_complex.py
[2024-04-15T17:39:19.072+0000] {processor.py:830} INFO - Processing file /home/airflow/.local/lib/python3.12/site-packages/airflow/example_dags/example_complex.py for tasks to queue
[2024-04-15T17:39:19.084+0000] {logging_mixin.py:188} INFO - [2024-04-15T17:39:19.081+0000] {dagbag.py:540} INFO - Filling up the DagBag from /home/airflow/.local/lib/python3.12/site-packages/airflow/example_dags/example_complex.py
[2024-04-15T17:39:19.104+0000] {processor.py:840} INFO - DAG(s) 'example_complex' retrieved from /home/airflow/.local/lib/python3.12/site-packages/airflow/example_dags/example_complex.py
[2024-04-15T17:39:19.126+0000] {logging_mixin.py:188} INFO - [2024-04-15T17:39:19.126+0000] {dag.py:3096} INFO - Sync 1 DAGs
[2024-04-15T17:39:19.134+0000] {logging_mixin.py:188} INFO - [2024-04-15T17:39:19.134+0000] {dag.py:3954} INFO - Setting next_dagrun for example_complex to None, run_after=None
[2024-04-15T17:39:19.145+0000] {processor.py:183} INFO - Processing /home/airflow/.local/lib/python3.12/site-packages/airflow/example_dags/example_complex.py took 0.094 seconds
[2024-04-15T17:39:49.544+0000] {processor.py:161} INFO - Started process (PID=1636) to work on /home/airflow/.local/lib/python3.12/site-packages/airflow/example_dags/example_complex.py
[2024-04-15T17:39:49.564+0000] {processor.py:830} INFO - Processing file /home/airflow/.local/lib/python3.12/site-packages/airflow/example_dags/example_complex.py for tasks to queue
[2024-04-15T17:39:49.588+0000] {logging_mixin.py:188} INFO - [2024-04-15T17:39:49.587+0000] {dagbag.py:540} INFO - Filling up the DagBag from /home/airflow/.local/lib/python3.12/site-packages/airflow/example_dags/example_complex.py
[2024-04-15T17:39:49.604+0000] {processor.py:840} INFO - DAG(s) 'example_complex' retrieved from /home/airflow/.local/lib/python3.12/site-packages/airflow/example_dags/example_complex.py
[2024-04-15T17:39:49.648+0000] {logging_mixin.py:188} INFO - [2024-04-15T17:39:49.648+0000] {dag.py:3096} INFO - Sync 1 DAGs
[2024-04-15T17:39:49.658+0000] {logging_mixin.py:188} INFO - [2024-04-15T17:39:49.658+0000] {dag.py:3954} INFO - Setting next_dagrun for example_complex to None, run_after=None
[2024-04-15T17:39:49.671+0000] {processor.py:183} INFO - Processing /home/airflow/.local/lib/python3.12/site-packages/airflow/example_dags/example_complex.py took 0.164 seconds
[2024-04-15T17:40:19.932+0000] {processor.py:161} INFO - Started process (PID=1696) to work on /home/airflow/.local/lib/python3.12/site-packages/airflow/example_dags/example_complex.py
[2024-04-15T17:40:19.935+0000] {processor.py:830} INFO - Processing file /home/airflow/.local/lib/python3.12/site-packages/airflow/example_dags/example_complex.py for tasks to queue
[2024-04-15T17:40:19.941+0000] {logging_mixin.py:188} INFO - [2024-04-15T17:40:19.940+0000] {dagbag.py:540} INFO - Filling up the DagBag from /home/airflow/.local/lib/python3.12/site-packages/airflow/example_dags/example_complex.py
[2024-04-15T17:40:19.958+0000] {processor.py:840} INFO - DAG(s) 'example_complex' retrieved from /home/airflow/.local/lib/python3.12/site-packages/airflow/example_dags/example_complex.py
[2024-04-15T17:40:19.981+0000] {logging_mixin.py:188} INFO - [2024-04-15T17:40:19.981+0000] {dag.py:3096} INFO - Sync 1 DAGs
[2024-04-15T17:40:19.989+0000] {logging_mixin.py:188} INFO - [2024-04-15T17:40:19.989+0000] {dag.py:3954} INFO - Setting next_dagrun for example_complex to None, run_after=None
[2024-04-15T17:40:20.000+0000] {processor.py:183} INFO - Processing /home/airflow/.local/lib/python3.12/site-packages/airflow/example_dags/example_complex.py took 0.086 seconds
[2024-04-15T17:40:50.732+0000] {processor.py:161} INFO - Started process (PID=1756) to work on /home/airflow/.local/lib/python3.12/site-packages/airflow/example_dags/example_complex.py
[2024-04-15T17:40:50.734+0000] {processor.py:830} INFO - Processing file /home/airflow/.local/lib/python3.12/site-packages/airflow/example_dags/example_complex.py for tasks to queue
[2024-04-15T17:40:50.738+0000] {logging_mixin.py:188} INFO - [2024-04-15T17:40:50.738+0000] {dagbag.py:540} INFO - Filling up the DagBag from /home/airflow/.local/lib/python3.12/site-packages/airflow/example_dags/example_complex.py
[2024-04-15T17:40:50.756+0000] {processor.py:840} INFO - DAG(s) 'example_complex' retrieved from /home/airflow/.local/lib/python3.12/site-packages/airflow/example_dags/example_complex.py
[2024-04-15T17:40:50.785+0000] {logging_mixin.py:188} INFO - [2024-04-15T17:40:50.785+0000] {dag.py:3096} INFO - Sync 1 DAGs
[2024-04-15T17:40:50.796+0000] {logging_mixin.py:188} INFO - [2024-04-15T17:40:50.796+0000] {dag.py:3954} INFO - Setting next_dagrun for example_complex to None, run_after=None
[2024-04-15T17:40:50.819+0000] {processor.py:183} INFO - Processing /home/airflow/.local/lib/python3.12/site-packages/airflow/example_dags/example_complex.py took 0.097 seconds
[2024-04-15T17:41:21.390+0000] {processor.py:161} INFO - Started process (PID=1816) to work on /home/airflow/.local/lib/python3.12/site-packages/airflow/example_dags/example_complex.py
[2024-04-15T17:41:21.396+0000] {processor.py:830} INFO - Processing file /home/airflow/.local/lib/python3.12/site-packages/airflow/example_dags/example_complex.py for tasks to queue
[2024-04-15T17:41:21.399+0000] {logging_mixin.py:188} INFO - [2024-04-15T17:41:21.398+0000] {dagbag.py:540} INFO - Filling up the DagBag from /home/airflow/.local/lib/python3.12/site-packages/airflow/example_dags/example_complex.py
[2024-04-15T17:41:21.454+0000] {processor.py:840} INFO - DAG(s) 'example_complex' retrieved from /home/airflow/.local/lib/python3.12/site-packages/airflow/example_dags/example_complex.py
[2024-04-15T17:41:21.505+0000] {logging_mixin.py:188} INFO - [2024-04-15T17:41:21.505+0000] {dag.py:3096} INFO - Sync 1 DAGs
[2024-04-15T17:41:21.665+0000] {logging_mixin.py:188} INFO - [2024-04-15T17:41:21.665+0000] {dag.py:3954} INFO - Setting next_dagrun for example_complex to None, run_after=None
[2024-04-15T17:41:21.777+0000] {processor.py:183} INFO - Processing /home/airflow/.local/lib/python3.12/site-packages/airflow/example_dags/example_complex.py took 0.533 seconds
[2024-04-15T17:41:52.181+0000] {processor.py:161} INFO - Started process (PID=1876) to work on /home/airflow/.local/lib/python3.12/site-packages/airflow/example_dags/example_complex.py
[2024-04-15T17:41:52.184+0000] {processor.py:830} INFO - Processing file /home/airflow/.local/lib/python3.12/site-packages/airflow/example_dags/example_complex.py for tasks to queue
[2024-04-15T17:41:52.186+0000] {logging_mixin.py:188} INFO - [2024-04-15T17:41:52.186+0000] {dagbag.py:540} INFO - Filling up the DagBag from /home/airflow/.local/lib/python3.12/site-packages/airflow/example_dags/example_complex.py
[2024-04-15T17:41:52.195+0000] {processor.py:840} INFO - DAG(s) 'example_complex' retrieved from /home/airflow/.local/lib/python3.12/site-packages/airflow/example_dags/example_complex.py
[2024-04-15T17:41:52.219+0000] {logging_mixin.py:188} INFO - [2024-04-15T17:41:52.218+0000] {dag.py:3096} INFO - Sync 1 DAGs
[2024-04-15T17:41:52.228+0000] {logging_mixin.py:188} INFO - [2024-04-15T17:41:52.228+0000] {dag.py:3954} INFO - Setting next_dagrun for example_complex to None, run_after=None
[2024-04-15T17:41:52.239+0000] {processor.py:183} INFO - Processing /home/airflow/.local/lib/python3.12/site-packages/airflow/example_dags/example_complex.py took 0.067 seconds
[2024-04-15T17:42:22.376+0000] {processor.py:161} INFO - Started process (PID=1935) to work on /home/airflow/.local/lib/python3.12/site-packages/airflow/example_dags/example_complex.py
[2024-04-15T17:42:22.377+0000] {processor.py:830} INFO - Processing file /home/airflow/.local/lib/python3.12/site-packages/airflow/example_dags/example_complex.py for tasks to queue
[2024-04-15T17:42:22.380+0000] {logging_mixin.py:188} INFO - [2024-04-15T17:42:22.379+0000] {dagbag.py:540} INFO - Filling up the DagBag from /home/airflow/.local/lib/python3.12/site-packages/airflow/example_dags/example_complex.py
[2024-04-15T17:42:22.396+0000] {processor.py:840} INFO - DAG(s) 'example_complex' retrieved from /home/airflow/.local/lib/python3.12/site-packages/airflow/example_dags/example_complex.py
[2024-04-15T17:42:22.420+0000] {logging_mixin.py:188} INFO - [2024-04-15T17:42:22.420+0000] {dag.py:3096} INFO - Sync 1 DAGs
[2024-04-15T17:42:22.430+0000] {logging_mixin.py:188} INFO - [2024-04-15T17:42:22.430+0000] {dag.py:3954} INFO - Setting next_dagrun for example_complex to None, run_after=None
[2024-04-15T17:42:22.446+0000] {processor.py:183} INFO - Processing /home/airflow/.local/lib/python3.12/site-packages/airflow/example_dags/example_complex.py took 0.077 seconds
[2024-04-15T17:42:53.236+0000] {processor.py:161} INFO - Started process (PID=1995) to work on /home/airflow/.local/lib/python3.12/site-packages/airflow/example_dags/example_complex.py
[2024-04-15T17:42:53.237+0000] {processor.py:830} INFO - Processing file /home/airflow/.local/lib/python3.12/site-packages/airflow/example_dags/example_complex.py for tasks to queue
[2024-04-15T17:42:53.239+0000] {logging_mixin.py:188} INFO - [2024-04-15T17:42:53.238+0000] {dagbag.py:540} INFO - Filling up the DagBag from /home/airflow/.local/lib/python3.12/site-packages/airflow/example_dags/example_complex.py
[2024-04-15T17:42:53.245+0000] {processor.py:840} INFO - DAG(s) 'example_complex' retrieved from /home/airflow/.local/lib/python3.12/site-packages/airflow/example_dags/example_complex.py
[2024-04-15T17:42:53.285+0000] {logging_mixin.py:188} INFO - [2024-04-15T17:42:53.284+0000] {dag.py:3096} INFO - Sync 1 DAGs
[2024-04-15T17:42:53.293+0000] {logging_mixin.py:188} INFO - [2024-04-15T17:42:53.293+0000] {dag.py:3954} INFO - Setting next_dagrun for example_complex to None, run_after=None
[2024-04-15T17:42:53.303+0000] {processor.py:183} INFO - Processing /home/airflow/.local/lib/python3.12/site-packages/airflow/example_dags/example_complex.py took 0.072 seconds
[2024-04-15T17:43:24.135+0000] {processor.py:161} INFO - Started process (PID=2054) to work on /home/airflow/.local/lib/python3.12/site-packages/airflow/example_dags/example_complex.py
[2024-04-15T17:43:24.137+0000] {processor.py:830} INFO - Processing file /home/airflow/.local/lib/python3.12/site-packages/airflow/example_dags/example_complex.py for tasks to queue
[2024-04-15T17:43:24.139+0000] {logging_mixin.py:188} INFO - [2024-04-15T17:43:24.139+0000] {dagbag.py:540} INFO - Filling up the DagBag from /home/airflow/.local/lib/python3.12/site-packages/airflow/example_dags/example_complex.py
[2024-04-15T17:43:24.153+0000] {processor.py:840} INFO - DAG(s) 'example_complex' retrieved from /home/airflow/.local/lib/python3.12/site-packages/airflow/example_dags/example_complex.py
[2024-04-15T17:43:24.184+0000] {logging_mixin.py:188} INFO - [2024-04-15T17:43:24.184+0000] {dag.py:3096} INFO - Sync 1 DAGs
[2024-04-15T17:43:24.193+0000] {logging_mixin.py:188} INFO - [2024-04-15T17:43:24.193+0000] {dag.py:3954} INFO - Setting next_dagrun for example_complex to None, run_after=None
[2024-04-15T17:43:24.210+0000] {processor.py:183} INFO - Processing /home/airflow/.local/lib/python3.12/site-packages/airflow/example_dags/example_complex.py took 0.085 seconds
[2024-04-15T17:43:54.365+0000] {processor.py:161} INFO - Started process (PID=2114) to work on /home/airflow/.local/lib/python3.12/site-packages/airflow/example_dags/example_complex.py
[2024-04-15T17:43:54.368+0000] {processor.py:830} INFO - Processing file /home/airflow/.local/lib/python3.12/site-packages/airflow/example_dags/example_complex.py for tasks to queue
[2024-04-15T17:43:54.372+0000] {logging_mixin.py:188} INFO - [2024-04-15T17:43:54.371+0000] {dagbag.py:540} INFO - Filling up the DagBag from /home/airflow/.local/lib/python3.12/site-packages/airflow/example_dags/example_complex.py
[2024-04-15T17:43:54.393+0000] {processor.py:840} INFO - DAG(s) 'example_complex' retrieved from /home/airflow/.local/lib/python3.12/site-packages/airflow/example_dags/example_complex.py
[2024-04-15T17:43:54.439+0000] {logging_mixin.py:188} INFO - [2024-04-15T17:43:54.438+0000] {dag.py:3096} INFO - Sync 1 DAGs
[2024-04-15T17:43:54.449+0000] {logging_mixin.py:188} INFO - [2024-04-15T17:43:54.449+0000] {dag.py:3954} INFO - Setting next_dagrun for example_complex to None, run_after=None
[2024-04-15T17:43:54.463+0000] {processor.py:183} INFO - Processing /home/airflow/.local/lib/python3.12/site-packages/airflow/example_dags/example_complex.py took 0.112 seconds
[2024-04-15T17:44:25.102+0000] {processor.py:161} INFO - Started process (PID=2174) to work on /home/airflow/.local/lib/python3.12/site-packages/airflow/example_dags/example_complex.py
[2024-04-15T17:44:25.104+0000] {processor.py:830} INFO - Processing file /home/airflow/.local/lib/python3.12/site-packages/airflow/example_dags/example_complex.py for tasks to queue
[2024-04-15T17:44:25.107+0000] {logging_mixin.py:188} INFO - [2024-04-15T17:44:25.106+0000] {dagbag.py:540} INFO - Filling up the DagBag from /home/airflow/.local/lib/python3.12/site-packages/airflow/example_dags/example_complex.py
[2024-04-15T17:44:25.120+0000] {processor.py:840} INFO - DAG(s) 'example_complex' retrieved from /home/airflow/.local/lib/python3.12/site-packages/airflow/example_dags/example_complex.py
[2024-04-15T17:44:25.152+0000] {logging_mixin.py:188} INFO - [2024-04-15T17:44:25.152+0000] {dag.py:3096} INFO - Sync 1 DAGs
[2024-04-15T17:44:25.170+0000] {logging_mixin.py:188} INFO - [2024-04-15T17:44:25.169+0000] {dag.py:3954} INFO - Setting next_dagrun for example_complex to None, run_after=None
[2024-04-15T17:44:25.191+0000] {processor.py:183} INFO - Processing /home/airflow/.local/lib/python3.12/site-packages/airflow/example_dags/example_complex.py took 0.100 seconds
[2024-04-15T17:44:55.587+0000] {processor.py:161} INFO - Started process (PID=2234) to work on /home/airflow/.local/lib/python3.12/site-packages/airflow/example_dags/example_complex.py
[2024-04-15T17:44:55.592+0000] {processor.py:830} INFO - Processing file /home/airflow/.local/lib/python3.12/site-packages/airflow/example_dags/example_complex.py for tasks to queue
[2024-04-15T17:44:55.598+0000] {logging_mixin.py:188} INFO - [2024-04-15T17:44:55.598+0000] {dagbag.py:540} INFO - Filling up the DagBag from /home/airflow/.local/lib/python3.12/site-packages/airflow/example_dags/example_complex.py
[2024-04-15T17:44:55.615+0000] {processor.py:840} INFO - DAG(s) 'example_complex' retrieved from /home/airflow/.local/lib/python3.12/site-packages/airflow/example_dags/example_complex.py
[2024-04-15T17:44:55.639+0000] {logging_mixin.py:188} INFO - [2024-04-15T17:44:55.639+0000] {dag.py:3096} INFO - Sync 1 DAGs
[2024-04-15T17:44:55.646+0000] {logging_mixin.py:188} INFO - [2024-04-15T17:44:55.646+0000] {dag.py:3954} INFO - Setting next_dagrun for example_complex to None, run_after=None
[2024-04-15T17:44:55.656+0000] {processor.py:183} INFO - Processing /home/airflow/.local/lib/python3.12/site-packages/airflow/example_dags/example_complex.py took 0.086 seconds
[2024-04-15T17:45:26.143+0000] {processor.py:161} INFO - Started process (PID=2294) to work on /home/airflow/.local/lib/python3.12/site-packages/airflow/example_dags/example_complex.py
[2024-04-15T17:45:26.144+0000] {processor.py:830} INFO - Processing file /home/airflow/.local/lib/python3.12/site-packages/airflow/example_dags/example_complex.py for tasks to queue
[2024-04-15T17:45:26.146+0000] {logging_mixin.py:188} INFO - [2024-04-15T17:45:26.145+0000] {dagbag.py:540} INFO - Filling up the DagBag from /home/airflow/.local/lib/python3.12/site-packages/airflow/example_dags/example_complex.py
[2024-04-15T17:45:26.153+0000] {processor.py:840} INFO - DAG(s) 'example_complex' retrieved from /home/airflow/.local/lib/python3.12/site-packages/airflow/example_dags/example_complex.py
[2024-04-15T17:45:26.184+0000] {logging_mixin.py:188} INFO - [2024-04-15T17:45:26.184+0000] {dag.py:3096} INFO - Sync 1 DAGs
[2024-04-15T17:45:26.195+0000] {logging_mixin.py:188} INFO - [2024-04-15T17:45:26.195+0000] {dag.py:3954} INFO - Setting next_dagrun for example_complex to None, run_after=None
[2024-04-15T17:45:26.208+0000] {processor.py:183} INFO - Processing /home/airflow/.local/lib/python3.12/site-packages/airflow/example_dags/example_complex.py took 0.070 seconds
[2024-04-15T17:45:56.489+0000] {processor.py:161} INFO - Started process (PID=2354) to work on /home/airflow/.local/lib/python3.12/site-packages/airflow/example_dags/example_complex.py
[2024-04-15T17:45:56.491+0000] {processor.py:830} INFO - Processing file /home/airflow/.local/lib/python3.12/site-packages/airflow/example_dags/example_complex.py for tasks to queue
[2024-04-15T17:45:56.496+0000] {logging_mixin.py:188} INFO - [2024-04-15T17:45:56.495+0000] {dagbag.py:540} INFO - Filling up the DagBag from /home/airflow/.local/lib/python3.12/site-packages/airflow/example_dags/example_complex.py
[2024-04-15T17:45:56.530+0000] {processor.py:840} INFO - DAG(s) 'example_complex' retrieved from /home/airflow/.local/lib/python3.12/site-packages/airflow/example_dags/example_complex.py
[2024-04-15T17:45:56.572+0000] {logging_mixin.py:188} INFO - [2024-04-15T17:45:56.571+0000] {dag.py:3096} INFO - Sync 1 DAGs
[2024-04-15T17:45:56.582+0000] {logging_mixin.py:188} INFO - [2024-04-15T17:45:56.582+0000] {dag.py:3954} INFO - Setting next_dagrun for example_complex to None, run_after=None
[2024-04-15T17:45:56.596+0000] {processor.py:183} INFO - Processing /home/airflow/.local/lib/python3.12/site-packages/airflow/example_dags/example_complex.py took 0.117 seconds
[2024-04-15T17:46:26.809+0000] {processor.py:161} INFO - Started process (PID=2414) to work on /home/airflow/.local/lib/python3.12/site-packages/airflow/example_dags/example_complex.py
[2024-04-15T17:46:26.810+0000] {processor.py:830} INFO - Processing file /home/airflow/.local/lib/python3.12/site-packages/airflow/example_dags/example_complex.py for tasks to queue
[2024-04-15T17:46:26.813+0000] {logging_mixin.py:188} INFO - [2024-04-15T17:46:26.812+0000] {dagbag.py:540} INFO - Filling up the DagBag from /home/airflow/.local/lib/python3.12/site-packages/airflow/example_dags/example_complex.py
[2024-04-15T17:46:26.824+0000] {processor.py:840} INFO - DAG(s) 'example_complex' retrieved from /home/airflow/.local/lib/python3.12/site-packages/airflow/example_dags/example_complex.py
[2024-04-15T17:46:26.871+0000] {logging_mixin.py:188} INFO - [2024-04-15T17:46:26.871+0000] {dag.py:3096} INFO - Sync 1 DAGs
[2024-04-15T17:46:26.880+0000] {logging_mixin.py:188} INFO - [2024-04-15T17:46:26.880+0000] {dag.py:3954} INFO - Setting next_dagrun for example_complex to None, run_after=None
[2024-04-15T17:46:26.891+0000] {processor.py:183} INFO - Processing /home/airflow/.local/lib/python3.12/site-packages/airflow/example_dags/example_complex.py took 0.092 seconds
[2024-04-15T17:46:58.030+0000] {processor.py:161} INFO - Started process (PID=2474) to work on /home/airflow/.local/lib/python3.12/site-packages/airflow/example_dags/example_complex.py
[2024-04-15T17:46:58.032+0000] {processor.py:830} INFO - Processing file /home/airflow/.local/lib/python3.12/site-packages/airflow/example_dags/example_complex.py for tasks to queue
[2024-04-15T17:46:58.036+0000] {logging_mixin.py:188} INFO - [2024-04-15T17:46:58.035+0000] {dagbag.py:540} INFO - Filling up the DagBag from /home/airflow/.local/lib/python3.12/site-packages/airflow/example_dags/example_complex.py
[2024-04-15T17:46:58.052+0000] {processor.py:840} INFO - DAG(s) 'example_complex' retrieved from /home/airflow/.local/lib/python3.12/site-packages/airflow/example_dags/example_complex.py
[2024-04-15T17:46:58.103+0000] {logging_mixin.py:188} INFO - [2024-04-15T17:46:58.103+0000] {dag.py:3096} INFO - Sync 1 DAGs
[2024-04-15T17:46:58.117+0000] {logging_mixin.py:188} INFO - [2024-04-15T17:46:58.116+0000] {dag.py:3954} INFO - Setting next_dagrun for example_complex to None, run_after=None
[2024-04-15T17:46:58.140+0000] {processor.py:183} INFO - Processing /home/airflow/.local/lib/python3.12/site-packages/airflow/example_dags/example_complex.py took 0.165 seconds
[2024-04-15T17:47:28.812+0000] {processor.py:161} INFO - Started process (PID=2534) to work on /home/airflow/.local/lib/python3.12/site-packages/airflow/example_dags/example_complex.py
[2024-04-15T17:47:28.815+0000] {processor.py:830} INFO - Processing file /home/airflow/.local/lib/python3.12/site-packages/airflow/example_dags/example_complex.py for tasks to queue
[2024-04-15T17:47:28.819+0000] {logging_mixin.py:188} INFO - [2024-04-15T17:47:28.818+0000] {dagbag.py:540} INFO - Filling up the DagBag from /home/airflow/.local/lib/python3.12/site-packages/airflow/example_dags/example_complex.py
[2024-04-15T17:47:28.832+0000] {processor.py:840} INFO - DAG(s) 'example_complex' retrieved from /home/airflow/.local/lib/python3.12/site-packages/airflow/example_dags/example_complex.py
[2024-04-15T17:47:28.853+0000] {logging_mixin.py:188} INFO - [2024-04-15T17:47:28.853+0000] {dag.py:3096} INFO - Sync 1 DAGs
[2024-04-15T17:47:28.863+0000] {logging_mixin.py:188} INFO - [2024-04-15T17:47:28.862+0000] {dag.py:3954} INFO - Setting next_dagrun for example_complex to None, run_after=None
[2024-04-15T17:47:28.873+0000] {processor.py:183} INFO - Processing /home/airflow/.local/lib/python3.12/site-packages/airflow/example_dags/example_complex.py took 0.087 seconds
[2024-04-15T17:47:59.184+0000] {processor.py:161} INFO - Started process (PID=2594) to work on /home/airflow/.local/lib/python3.12/site-packages/airflow/example_dags/example_complex.py
[2024-04-15T17:47:59.193+0000] {processor.py:830} INFO - Processing file /home/airflow/.local/lib/python3.12/site-packages/airflow/example_dags/example_complex.py for tasks to queue
[2024-04-15T17:47:59.198+0000] {logging_mixin.py:188} INFO - [2024-04-15T17:47:59.198+0000] {dagbag.py:540} INFO - Filling up the DagBag from /home/airflow/.local/lib/python3.12/site-packages/airflow/example_dags/example_complex.py
[2024-04-15T17:47:59.217+0000] {processor.py:840} INFO - DAG(s) 'example_complex' retrieved from /home/airflow/.local/lib/python3.12/site-packages/airflow/example_dags/example_complex.py
[2024-04-15T17:47:59.252+0000] {logging_mixin.py:188} INFO - [2024-04-15T17:47:59.252+0000] {dag.py:3096} INFO - Sync 1 DAGs
[2024-04-15T17:47:59.299+0000] {logging_mixin.py:188} INFO - [2024-04-15T17:47:59.298+0000] {dag.py:3954} INFO - Setting next_dagrun for example_complex to None, run_after=None
[2024-04-15T17:47:59.379+0000] {processor.py:183} INFO - Processing /home/airflow/.local/lib/python3.12/site-packages/airflow/example_dags/example_complex.py took 0.234 seconds
[2024-04-15T17:48:30.344+0000] {processor.py:161} INFO - Started process (PID=2654) to work on /home/airflow/.local/lib/python3.12/site-packages/airflow/example_dags/example_complex.py
[2024-04-15T17:48:30.348+0000] {processor.py:830} INFO - Processing file /home/airflow/.local/lib/python3.12/site-packages/airflow/example_dags/example_complex.py for tasks to queue
[2024-04-15T17:48:30.355+0000] {logging_mixin.py:188} INFO - [2024-04-15T17:48:30.354+0000] {dagbag.py:540} INFO - Filling up the DagBag from /home/airflow/.local/lib/python3.12/site-packages/airflow/example_dags/example_complex.py
[2024-04-15T17:48:30.385+0000] {processor.py:840} INFO - DAG(s) 'example_complex' retrieved from /home/airflow/.local/lib/python3.12/site-packages/airflow/example_dags/example_complex.py
[2024-04-15T17:48:30.426+0000] {logging_mixin.py:188} INFO - [2024-04-15T17:48:30.425+0000] {dag.py:3096} INFO - Sync 1 DAGs
[2024-04-15T17:48:30.450+0000] {logging_mixin.py:188} INFO - [2024-04-15T17:48:30.450+0000] {dag.py:3954} INFO - Setting next_dagrun for example_complex to None, run_after=None
[2024-04-15T17:48:30.473+0000] {processor.py:183} INFO - Processing /home/airflow/.local/lib/python3.12/site-packages/airflow/example_dags/example_complex.py took 0.141 seconds
[2024-04-15T17:49:01.474+0000] {processor.py:161} INFO - Started process (PID=2714) to work on /home/airflow/.local/lib/python3.12/site-packages/airflow/example_dags/example_complex.py
[2024-04-15T17:49:01.475+0000] {processor.py:830} INFO - Processing file /home/airflow/.local/lib/python3.12/site-packages/airflow/example_dags/example_complex.py for tasks to queue
[2024-04-15T17:49:01.477+0000] {logging_mixin.py:188} INFO - [2024-04-15T17:49:01.477+0000] {dagbag.py:540} INFO - Filling up the DagBag from /home/airflow/.local/lib/python3.12/site-packages/airflow/example_dags/example_complex.py
[2024-04-15T17:49:01.494+0000] {processor.py:840} INFO - DAG(s) 'example_complex' retrieved from /home/airflow/.local/lib/python3.12/site-packages/airflow/example_dags/example_complex.py
[2024-04-15T17:49:01.542+0000] {logging_mixin.py:188} INFO - [2024-04-15T17:49:01.542+0000] {dag.py:3096} INFO - Sync 1 DAGs
[2024-04-15T17:49:01.561+0000] {logging_mixin.py:188} INFO - [2024-04-15T17:49:01.561+0000] {dag.py:3954} INFO - Setting next_dagrun for example_complex to None, run_after=None
[2024-04-15T17:49:01.575+0000] {processor.py:183} INFO - Processing /home/airflow/.local/lib/python3.12/site-packages/airflow/example_dags/example_complex.py took 0.110 seconds
[2024-04-15T17:49:32.106+0000] {processor.py:161} INFO - Started process (PID=2774) to work on /home/airflow/.local/lib/python3.12/site-packages/airflow/example_dags/example_complex.py
[2024-04-15T17:49:32.107+0000] {processor.py:830} INFO - Processing file /home/airflow/.local/lib/python3.12/site-packages/airflow/example_dags/example_complex.py for tasks to queue
[2024-04-15T17:49:32.108+0000] {logging_mixin.py:188} INFO - [2024-04-15T17:49:32.108+0000] {dagbag.py:540} INFO - Filling up the DagBag from /home/airflow/.local/lib/python3.12/site-packages/airflow/example_dags/example_complex.py
[2024-04-15T17:49:32.140+0000] {processor.py:840} INFO - DAG(s) 'example_complex' retrieved from /home/airflow/.local/lib/python3.12/site-packages/airflow/example_dags/example_complex.py
[2024-04-15T17:49:32.173+0000] {logging_mixin.py:188} INFO - [2024-04-15T17:49:32.173+0000] {dag.py:3096} INFO - Sync 1 DAGs
[2024-04-15T17:49:32.186+0000] {logging_mixin.py:188} INFO - [2024-04-15T17:49:32.186+0000] {dag.py:3954} INFO - Setting next_dagrun for example_complex to None, run_after=None
[2024-04-15T17:49:32.200+0000] {processor.py:183} INFO - Processing /home/airflow/.local/lib/python3.12/site-packages/airflow/example_dags/example_complex.py took 0.102 seconds
[2024-04-15T17:50:03.162+0000] {processor.py:161} INFO - Started process (PID=2834) to work on /home/airflow/.local/lib/python3.12/site-packages/airflow/example_dags/example_complex.py
[2024-04-15T17:50:03.164+0000] {processor.py:830} INFO - Processing file /home/airflow/.local/lib/python3.12/site-packages/airflow/example_dags/example_complex.py for tasks to queue
[2024-04-15T17:50:03.169+0000] {logging_mixin.py:188} INFO - [2024-04-15T17:50:03.168+0000] {dagbag.py:540} INFO - Filling up the DagBag from /home/airflow/.local/lib/python3.12/site-packages/airflow/example_dags/example_complex.py
[2024-04-15T17:50:03.186+0000] {processor.py:840} INFO - DAG(s) 'example_complex' retrieved from /home/airflow/.local/lib/python3.12/site-packages/airflow/example_dags/example_complex.py
[2024-04-15T17:50:03.257+0000] {logging_mixin.py:188} INFO - [2024-04-15T17:50:03.256+0000] {dag.py:3096} INFO - Sync 1 DAGs
[2024-04-15T17:50:03.277+0000] {logging_mixin.py:188} INFO - [2024-04-15T17:50:03.276+0000] {dag.py:3954} INFO - Setting next_dagrun for example_complex to None, run_after=None
[2024-04-15T17:50:03.321+0000] {processor.py:183} INFO - Processing /home/airflow/.local/lib/python3.12/site-packages/airflow/example_dags/example_complex.py took 0.165 seconds
[2024-04-15T17:50:33.583+0000] {processor.py:161} INFO - Started process (PID=2900) to work on /home/airflow/.local/lib/python3.12/site-packages/airflow/example_dags/example_complex.py
[2024-04-15T17:50:33.585+0000] {processor.py:830} INFO - Processing file /home/airflow/.local/lib/python3.12/site-packages/airflow/example_dags/example_complex.py for tasks to queue
[2024-04-15T17:50:33.587+0000] {logging_mixin.py:188} INFO - [2024-04-15T17:50:33.587+0000] {dagbag.py:540} INFO - Filling up the DagBag from /home/airflow/.local/lib/python3.12/site-packages/airflow/example_dags/example_complex.py
[2024-04-15T17:50:33.628+0000] {processor.py:840} INFO - DAG(s) 'example_complex' retrieved from /home/airflow/.local/lib/python3.12/site-packages/airflow/example_dags/example_complex.py
[2024-04-15T17:50:33.691+0000] {logging_mixin.py:188} INFO - [2024-04-15T17:50:33.691+0000] {dag.py:3096} INFO - Sync 1 DAGs
[2024-04-15T17:50:33.728+0000] {logging_mixin.py:188} INFO - [2024-04-15T17:50:33.727+0000] {dag.py:3954} INFO - Setting next_dagrun for example_complex to None, run_after=None
[2024-04-15T17:50:33.751+0000] {processor.py:183} INFO - Processing /home/airflow/.local/lib/python3.12/site-packages/airflow/example_dags/example_complex.py took 0.185 seconds
[2024-04-15T17:51:03.890+0000] {processor.py:161} INFO - Started process (PID=2960) to work on /home/airflow/.local/lib/python3.12/site-packages/airflow/example_dags/example_complex.py
[2024-04-15T17:51:03.891+0000] {processor.py:830} INFO - Processing file /home/airflow/.local/lib/python3.12/site-packages/airflow/example_dags/example_complex.py for tasks to queue
[2024-04-15T17:51:03.893+0000] {logging_mixin.py:188} INFO - [2024-04-15T17:51:03.893+0000] {dagbag.py:540} INFO - Filling up the DagBag from /home/airflow/.local/lib/python3.12/site-packages/airflow/example_dags/example_complex.py
[2024-04-15T17:51:03.910+0000] {processor.py:840} INFO - DAG(s) 'example_complex' retrieved from /home/airflow/.local/lib/python3.12/site-packages/airflow/example_dags/example_complex.py
[2024-04-15T17:51:03.967+0000] {logging_mixin.py:188} INFO - [2024-04-15T17:51:03.967+0000] {dag.py:3096} INFO - Sync 1 DAGs
[2024-04-15T17:51:03.979+0000] {logging_mixin.py:188} INFO - [2024-04-15T17:51:03.979+0000] {dag.py:3954} INFO - Setting next_dagrun for example_complex to None, run_after=None
[2024-04-15T17:51:04.019+0000] {processor.py:183} INFO - Processing /home/airflow/.local/lib/python3.12/site-packages/airflow/example_dags/example_complex.py took 0.134 seconds
