[2024-04-15T17:12:32.664+0000] {processor.py:161} INFO - Started process (PID=33) to work on /home/airflow/.local/lib/python3.12/site-packages/airflow/example_dags/example_bash_operator.py
[2024-04-15T17:12:32.668+0000] {processor.py:830} INFO - Processing file /home/airflow/.local/lib/python3.12/site-packages/airflow/example_dags/example_bash_operator.py for tasks to queue
[2024-04-15T17:12:32.669+0000] {logging_mixin.py:188} INFO - [2024-04-15T17:12:32.669+0000] {dagbag.py:540} INFO - Filling up the DagBag from /home/airflow/.local/lib/python3.12/site-packages/airflow/example_dags/example_bash_operator.py
[2024-04-15T17:12:32.680+0000] {processor.py:840} INFO - DAG(s) 'example_bash_operator' retrieved from /home/airflow/.local/lib/python3.12/site-packages/airflow/example_dags/example_bash_operator.py
[2024-04-15T17:12:32.691+0000] {logging_mixin.py:188} INFO - [2024-04-15T17:12:32.690+0000] {dag.py:3096} INFO - Sync 1 DAGs
[2024-04-15T17:12:32.709+0000] {logging_mixin.py:188} INFO - [2024-04-15T17:12:32.709+0000] {dag.py:3954} INFO - Setting next_dagrun for example_bash_operator to 2024-04-14 00:00:00+00:00, run_after=2024-04-15 00:00:00+00:00
[2024-04-15T17:12:32.721+0000] {processor.py:183} INFO - Processing /home/airflow/.local/lib/python3.12/site-packages/airflow/example_dags/example_bash_operator.py took 0.072 seconds
[2024-04-15T17:13:03.513+0000] {processor.py:161} INFO - Started process (PID=91) to work on /home/airflow/.local/lib/python3.12/site-packages/airflow/example_dags/example_bash_operator.py
[2024-04-15T17:13:03.514+0000] {processor.py:830} INFO - Processing file /home/airflow/.local/lib/python3.12/site-packages/airflow/example_dags/example_bash_operator.py for tasks to queue
[2024-04-15T17:13:03.516+0000] {logging_mixin.py:188} INFO - [2024-04-15T17:13:03.515+0000] {dagbag.py:540} INFO - Filling up the DagBag from /home/airflow/.local/lib/python3.12/site-packages/airflow/example_dags/example_bash_operator.py
[2024-04-15T17:13:03.530+0000] {processor.py:840} INFO - DAG(s) 'example_bash_operator' retrieved from /home/airflow/.local/lib/python3.12/site-packages/airflow/example_dags/example_bash_operator.py
[2024-04-15T17:13:03.676+0000] {logging_mixin.py:188} INFO - [2024-04-15T17:13:03.676+0000] {dag.py:3096} INFO - Sync 1 DAGs
[2024-04-15T17:13:03.699+0000] {logging_mixin.py:188} INFO - [2024-04-15T17:13:03.698+0000] {dag.py:3954} INFO - Setting next_dagrun for example_bash_operator to 2024-04-14 00:00:00+00:00, run_after=2024-04-15 00:00:00+00:00
[2024-04-15T17:13:03.712+0000] {processor.py:183} INFO - Processing /home/airflow/.local/lib/python3.12/site-packages/airflow/example_dags/example_bash_operator.py took 0.203 seconds
[2024-04-15T17:13:34.178+0000] {processor.py:161} INFO - Started process (PID=150) to work on /home/airflow/.local/lib/python3.12/site-packages/airflow/example_dags/example_bash_operator.py
[2024-04-15T17:13:34.179+0000] {processor.py:830} INFO - Processing file /home/airflow/.local/lib/python3.12/site-packages/airflow/example_dags/example_bash_operator.py for tasks to queue
[2024-04-15T17:13:34.179+0000] {logging_mixin.py:188} INFO - [2024-04-15T17:13:34.179+0000] {dagbag.py:540} INFO - Filling up the DagBag from /home/airflow/.local/lib/python3.12/site-packages/airflow/example_dags/example_bash_operator.py
[2024-04-15T17:13:34.187+0000] {processor.py:840} INFO - DAG(s) 'example_bash_operator' retrieved from /home/airflow/.local/lib/python3.12/site-packages/airflow/example_dags/example_bash_operator.py
[2024-04-15T17:13:34.216+0000] {logging_mixin.py:188} INFO - [2024-04-15T17:13:34.216+0000] {dag.py:3096} INFO - Sync 1 DAGs
[2024-04-15T17:13:34.230+0000] {logging_mixin.py:188} INFO - [2024-04-15T17:13:34.230+0000] {dag.py:3954} INFO - Setting next_dagrun for example_bash_operator to 2024-04-14 00:00:00+00:00, run_after=2024-04-15 00:00:00+00:00
[2024-04-15T17:13:34.245+0000] {processor.py:183} INFO - Processing /home/airflow/.local/lib/python3.12/site-packages/airflow/example_dags/example_bash_operator.py took 0.070 seconds
[2024-04-15T17:14:04.642+0000] {processor.py:161} INFO - Started process (PID=209) to work on /home/airflow/.local/lib/python3.12/site-packages/airflow/example_dags/example_bash_operator.py
[2024-04-15T17:14:04.644+0000] {processor.py:830} INFO - Processing file /home/airflow/.local/lib/python3.12/site-packages/airflow/example_dags/example_bash_operator.py for tasks to queue
[2024-04-15T17:14:04.644+0000] {logging_mixin.py:188} INFO - [2024-04-15T17:14:04.644+0000] {dagbag.py:540} INFO - Filling up the DagBag from /home/airflow/.local/lib/python3.12/site-packages/airflow/example_dags/example_bash_operator.py
[2024-04-15T17:14:04.655+0000] {processor.py:840} INFO - DAG(s) 'example_bash_operator' retrieved from /home/airflow/.local/lib/python3.12/site-packages/airflow/example_dags/example_bash_operator.py
[2024-04-15T17:14:04.674+0000] {logging_mixin.py:188} INFO - [2024-04-15T17:14:04.674+0000] {dag.py:3096} INFO - Sync 1 DAGs
[2024-04-15T17:14:04.695+0000] {logging_mixin.py:188} INFO - [2024-04-15T17:14:04.694+0000] {dag.py:3954} INFO - Setting next_dagrun for example_bash_operator to 2024-04-14 00:00:00+00:00, run_after=2024-04-15 00:00:00+00:00
[2024-04-15T17:14:04.711+0000] {processor.py:183} INFO - Processing /home/airflow/.local/lib/python3.12/site-packages/airflow/example_dags/example_bash_operator.py took 0.073 seconds
[2024-04-15T17:14:35.239+0000] {processor.py:161} INFO - Started process (PID=268) to work on /home/airflow/.local/lib/python3.12/site-packages/airflow/example_dags/example_bash_operator.py
[2024-04-15T17:14:35.239+0000] {processor.py:830} INFO - Processing file /home/airflow/.local/lib/python3.12/site-packages/airflow/example_dags/example_bash_operator.py for tasks to queue
[2024-04-15T17:14:35.240+0000] {logging_mixin.py:188} INFO - [2024-04-15T17:14:35.240+0000] {dagbag.py:540} INFO - Filling up the DagBag from /home/airflow/.local/lib/python3.12/site-packages/airflow/example_dags/example_bash_operator.py
[2024-04-15T17:14:35.248+0000] {processor.py:840} INFO - DAG(s) 'example_bash_operator' retrieved from /home/airflow/.local/lib/python3.12/site-packages/airflow/example_dags/example_bash_operator.py
[2024-04-15T17:14:35.265+0000] {logging_mixin.py:188} INFO - [2024-04-15T17:14:35.265+0000] {dag.py:3096} INFO - Sync 1 DAGs
[2024-04-15T17:14:35.278+0000] {logging_mixin.py:188} INFO - [2024-04-15T17:14:35.278+0000] {dag.py:3954} INFO - Setting next_dagrun for example_bash_operator to 2024-04-14 00:00:00+00:00, run_after=2024-04-15 00:00:00+00:00
[2024-04-15T17:14:35.287+0000] {processor.py:183} INFO - Processing /home/airflow/.local/lib/python3.12/site-packages/airflow/example_dags/example_bash_operator.py took 0.052 seconds
[2024-04-15T17:15:05.357+0000] {processor.py:161} INFO - Started process (PID=327) to work on /home/airflow/.local/lib/python3.12/site-packages/airflow/example_dags/example_bash_operator.py
[2024-04-15T17:15:05.359+0000] {processor.py:830} INFO - Processing file /home/airflow/.local/lib/python3.12/site-packages/airflow/example_dags/example_bash_operator.py for tasks to queue
[2024-04-15T17:15:05.360+0000] {logging_mixin.py:188} INFO - [2024-04-15T17:15:05.359+0000] {dagbag.py:540} INFO - Filling up the DagBag from /home/airflow/.local/lib/python3.12/site-packages/airflow/example_dags/example_bash_operator.py
[2024-04-15T17:15:05.370+0000] {processor.py:840} INFO - DAG(s) 'example_bash_operator' retrieved from /home/airflow/.local/lib/python3.12/site-packages/airflow/example_dags/example_bash_operator.py
[2024-04-15T17:15:05.387+0000] {logging_mixin.py:188} INFO - [2024-04-15T17:15:05.387+0000] {dag.py:3096} INFO - Sync 1 DAGs
[2024-04-15T17:15:05.414+0000] {logging_mixin.py:188} INFO - [2024-04-15T17:15:05.414+0000] {dag.py:3954} INFO - Setting next_dagrun for example_bash_operator to 2024-04-14 00:00:00+00:00, run_after=2024-04-15 00:00:00+00:00
[2024-04-15T17:15:05.427+0000] {processor.py:183} INFO - Processing /home/airflow/.local/lib/python3.12/site-packages/airflow/example_dags/example_bash_operator.py took 0.074 seconds
[2024-04-15T17:15:35.594+0000] {processor.py:161} INFO - Started process (PID=386) to work on /home/airflow/.local/lib/python3.12/site-packages/airflow/example_dags/example_bash_operator.py
[2024-04-15T17:15:35.594+0000] {processor.py:830} INFO - Processing file /home/airflow/.local/lib/python3.12/site-packages/airflow/example_dags/example_bash_operator.py for tasks to queue
[2024-04-15T17:15:35.595+0000] {logging_mixin.py:188} INFO - [2024-04-15T17:15:35.595+0000] {dagbag.py:540} INFO - Filling up the DagBag from /home/airflow/.local/lib/python3.12/site-packages/airflow/example_dags/example_bash_operator.py
[2024-04-15T17:15:35.601+0000] {processor.py:840} INFO - DAG(s) 'example_bash_operator' retrieved from /home/airflow/.local/lib/python3.12/site-packages/airflow/example_dags/example_bash_operator.py
[2024-04-15T17:15:35.615+0000] {logging_mixin.py:188} INFO - [2024-04-15T17:15:35.615+0000] {dag.py:3096} INFO - Sync 1 DAGs
[2024-04-15T17:15:35.628+0000] {logging_mixin.py:188} INFO - [2024-04-15T17:15:35.628+0000] {dag.py:3954} INFO - Setting next_dagrun for example_bash_operator to 2024-04-14 00:00:00+00:00, run_after=2024-04-15 00:00:00+00:00
[2024-04-15T17:15:35.638+0000] {processor.py:183} INFO - Processing /home/airflow/.local/lib/python3.12/site-packages/airflow/example_dags/example_bash_operator.py took 0.047 seconds
[2024-04-15T17:16:05.987+0000] {processor.py:161} INFO - Started process (PID=445) to work on /home/airflow/.local/lib/python3.12/site-packages/airflow/example_dags/example_bash_operator.py
[2024-04-15T17:16:05.988+0000] {processor.py:830} INFO - Processing file /home/airflow/.local/lib/python3.12/site-packages/airflow/example_dags/example_bash_operator.py for tasks to queue
[2024-04-15T17:16:05.988+0000] {logging_mixin.py:188} INFO - [2024-04-15T17:16:05.988+0000] {dagbag.py:540} INFO - Filling up the DagBag from /home/airflow/.local/lib/python3.12/site-packages/airflow/example_dags/example_bash_operator.py
[2024-04-15T17:16:06.001+0000] {processor.py:840} INFO - DAG(s) 'example_bash_operator' retrieved from /home/airflow/.local/lib/python3.12/site-packages/airflow/example_dags/example_bash_operator.py
[2024-04-15T17:16:06.024+0000] {logging_mixin.py:188} INFO - [2024-04-15T17:16:06.023+0000] {dag.py:3096} INFO - Sync 1 DAGs
[2024-04-15T17:16:06.068+0000] {logging_mixin.py:188} INFO - [2024-04-15T17:16:06.068+0000] {dag.py:3954} INFO - Setting next_dagrun for example_bash_operator to 2024-04-14 00:00:00+00:00, run_after=2024-04-15 00:00:00+00:00
[2024-04-15T17:16:06.112+0000] {processor.py:183} INFO - Processing /home/airflow/.local/lib/python3.12/site-packages/airflow/example_dags/example_bash_operator.py took 0.129 seconds
[2024-04-15T17:16:36.247+0000] {processor.py:161} INFO - Started process (PID=504) to work on /home/airflow/.local/lib/python3.12/site-packages/airflow/example_dags/example_bash_operator.py
[2024-04-15T17:16:36.248+0000] {processor.py:830} INFO - Processing file /home/airflow/.local/lib/python3.12/site-packages/airflow/example_dags/example_bash_operator.py for tasks to queue
[2024-04-15T17:16:36.249+0000] {logging_mixin.py:188} INFO - [2024-04-15T17:16:36.249+0000] {dagbag.py:540} INFO - Filling up the DagBag from /home/airflow/.local/lib/python3.12/site-packages/airflow/example_dags/example_bash_operator.py
[2024-04-15T17:16:36.277+0000] {processor.py:840} INFO - DAG(s) 'example_bash_operator' retrieved from /home/airflow/.local/lib/python3.12/site-packages/airflow/example_dags/example_bash_operator.py
[2024-04-15T17:16:36.320+0000] {logging_mixin.py:188} INFO - [2024-04-15T17:16:36.319+0000] {dag.py:3096} INFO - Sync 1 DAGs
[2024-04-15T17:16:36.406+0000] {logging_mixin.py:188} INFO - [2024-04-15T17:16:36.406+0000] {dag.py:3954} INFO - Setting next_dagrun for example_bash_operator to 2024-04-14 00:00:00+00:00, run_after=2024-04-15 00:00:00+00:00
[2024-04-15T17:16:36.455+0000] {processor.py:183} INFO - Processing /home/airflow/.local/lib/python3.12/site-packages/airflow/example_dags/example_bash_operator.py took 0.216 seconds
[2024-04-15T17:17:07.347+0000] {processor.py:161} INFO - Started process (PID=563) to work on /home/airflow/.local/lib/python3.12/site-packages/airflow/example_dags/example_bash_operator.py
[2024-04-15T17:17:07.349+0000] {processor.py:830} INFO - Processing file /home/airflow/.local/lib/python3.12/site-packages/airflow/example_dags/example_bash_operator.py for tasks to queue
[2024-04-15T17:17:07.350+0000] {logging_mixin.py:188} INFO - [2024-04-15T17:17:07.349+0000] {dagbag.py:540} INFO - Filling up the DagBag from /home/airflow/.local/lib/python3.12/site-packages/airflow/example_dags/example_bash_operator.py
[2024-04-15T17:17:07.368+0000] {processor.py:840} INFO - DAG(s) 'example_bash_operator' retrieved from /home/airflow/.local/lib/python3.12/site-packages/airflow/example_dags/example_bash_operator.py
[2024-04-15T17:17:07.400+0000] {logging_mixin.py:188} INFO - [2024-04-15T17:17:07.400+0000] {dag.py:3096} INFO - Sync 1 DAGs
[2024-04-15T17:17:07.430+0000] {logging_mixin.py:188} INFO - [2024-04-15T17:17:07.430+0000] {dag.py:3954} INFO - Setting next_dagrun for example_bash_operator to 2024-04-14 00:00:00+00:00, run_after=2024-04-15 00:00:00+00:00
[2024-04-15T17:17:07.444+0000] {processor.py:183} INFO - Processing /home/airflow/.local/lib/python3.12/site-packages/airflow/example_dags/example_bash_operator.py took 0.104 seconds
[2024-04-15T17:17:37.534+0000] {processor.py:161} INFO - Started process (PID=621) to work on /home/airflow/.local/lib/python3.12/site-packages/airflow/example_dags/example_bash_operator.py
[2024-04-15T17:17:37.535+0000] {processor.py:830} INFO - Processing file /home/airflow/.local/lib/python3.12/site-packages/airflow/example_dags/example_bash_operator.py for tasks to queue
[2024-04-15T17:17:37.536+0000] {logging_mixin.py:188} INFO - [2024-04-15T17:17:37.536+0000] {dagbag.py:540} INFO - Filling up the DagBag from /home/airflow/.local/lib/python3.12/site-packages/airflow/example_dags/example_bash_operator.py
[2024-04-15T17:17:37.554+0000] {processor.py:840} INFO - DAG(s) 'example_bash_operator' retrieved from /home/airflow/.local/lib/python3.12/site-packages/airflow/example_dags/example_bash_operator.py
[2024-04-15T17:17:37.574+0000] {logging_mixin.py:188} INFO - [2024-04-15T17:17:37.574+0000] {dag.py:3096} INFO - Sync 1 DAGs
[2024-04-15T17:17:37.595+0000] {logging_mixin.py:188} INFO - [2024-04-15T17:17:37.595+0000] {dag.py:3954} INFO - Setting next_dagrun for example_bash_operator to 2024-04-14 00:00:00+00:00, run_after=2024-04-15 00:00:00+00:00
[2024-04-15T17:17:37.609+0000] {processor.py:183} INFO - Processing /home/airflow/.local/lib/python3.12/site-packages/airflow/example_dags/example_bash_operator.py took 0.084 seconds
[2024-04-15T17:18:08.012+0000] {processor.py:161} INFO - Started process (PID=680) to work on /home/airflow/.local/lib/python3.12/site-packages/airflow/example_dags/example_bash_operator.py
[2024-04-15T17:18:08.014+0000] {processor.py:830} INFO - Processing file /home/airflow/.local/lib/python3.12/site-packages/airflow/example_dags/example_bash_operator.py for tasks to queue
[2024-04-15T17:18:08.015+0000] {logging_mixin.py:188} INFO - [2024-04-15T17:18:08.014+0000] {dagbag.py:540} INFO - Filling up the DagBag from /home/airflow/.local/lib/python3.12/site-packages/airflow/example_dags/example_bash_operator.py
[2024-04-15T17:18:08.030+0000] {processor.py:840} INFO - DAG(s) 'example_bash_operator' retrieved from /home/airflow/.local/lib/python3.12/site-packages/airflow/example_dags/example_bash_operator.py
[2024-04-15T17:18:08.064+0000] {logging_mixin.py:188} INFO - [2024-04-15T17:18:08.064+0000] {dag.py:3096} INFO - Sync 1 DAGs
[2024-04-15T17:18:08.092+0000] {logging_mixin.py:188} INFO - [2024-04-15T17:18:08.092+0000] {dag.py:3954} INFO - Setting next_dagrun for example_bash_operator to 2024-04-14 00:00:00+00:00, run_after=2024-04-15 00:00:00+00:00
[2024-04-15T17:18:08.104+0000] {processor.py:183} INFO - Processing /home/airflow/.local/lib/python3.12/site-packages/airflow/example_dags/example_bash_operator.py took 0.100 seconds
[2024-04-15T17:18:38.418+0000] {processor.py:161} INFO - Started process (PID=739) to work on /home/airflow/.local/lib/python3.12/site-packages/airflow/example_dags/example_bash_operator.py
[2024-04-15T17:18:38.419+0000] {processor.py:830} INFO - Processing file /home/airflow/.local/lib/python3.12/site-packages/airflow/example_dags/example_bash_operator.py for tasks to queue
[2024-04-15T17:18:38.421+0000] {logging_mixin.py:188} INFO - [2024-04-15T17:18:38.420+0000] {dagbag.py:540} INFO - Filling up the DagBag from /home/airflow/.local/lib/python3.12/site-packages/airflow/example_dags/example_bash_operator.py
[2024-04-15T17:18:38.444+0000] {processor.py:840} INFO - DAG(s) 'example_bash_operator' retrieved from /home/airflow/.local/lib/python3.12/site-packages/airflow/example_dags/example_bash_operator.py
[2024-04-15T17:18:38.475+0000] {logging_mixin.py:188} INFO - [2024-04-15T17:18:38.474+0000] {dag.py:3096} INFO - Sync 1 DAGs
[2024-04-15T17:18:38.500+0000] {logging_mixin.py:188} INFO - [2024-04-15T17:18:38.500+0000] {dag.py:3954} INFO - Setting next_dagrun for example_bash_operator to 2024-04-14 00:00:00+00:00, run_after=2024-04-15 00:00:00+00:00
[2024-04-15T17:18:38.516+0000] {processor.py:183} INFO - Processing /home/airflow/.local/lib/python3.12/site-packages/airflow/example_dags/example_bash_operator.py took 0.106 seconds
[2024-04-15T17:19:08.780+0000] {processor.py:161} INFO - Started process (PID=798) to work on /home/airflow/.local/lib/python3.12/site-packages/airflow/example_dags/example_bash_operator.py
[2024-04-15T17:19:08.787+0000] {processor.py:830} INFO - Processing file /home/airflow/.local/lib/python3.12/site-packages/airflow/example_dags/example_bash_operator.py for tasks to queue
[2024-04-15T17:19:08.788+0000] {logging_mixin.py:188} INFO - [2024-04-15T17:19:08.787+0000] {dagbag.py:540} INFO - Filling up the DagBag from /home/airflow/.local/lib/python3.12/site-packages/airflow/example_dags/example_bash_operator.py
[2024-04-15T17:19:08.804+0000] {processor.py:840} INFO - DAG(s) 'example_bash_operator' retrieved from /home/airflow/.local/lib/python3.12/site-packages/airflow/example_dags/example_bash_operator.py
[2024-04-15T17:19:08.827+0000] {logging_mixin.py:188} INFO - [2024-04-15T17:19:08.827+0000] {dag.py:3096} INFO - Sync 1 DAGs
[2024-04-15T17:19:08.845+0000] {logging_mixin.py:188} INFO - [2024-04-15T17:19:08.845+0000] {dag.py:3954} INFO - Setting next_dagrun for example_bash_operator to 2024-04-14 00:00:00+00:00, run_after=2024-04-15 00:00:00+00:00
[2024-04-15T17:19:08.854+0000] {processor.py:183} INFO - Processing /home/airflow/.local/lib/python3.12/site-packages/airflow/example_dags/example_bash_operator.py took 0.097 seconds
[2024-04-15T17:19:39.218+0000] {processor.py:161} INFO - Started process (PID=857) to work on /home/airflow/.local/lib/python3.12/site-packages/airflow/example_dags/example_bash_operator.py
[2024-04-15T17:19:39.219+0000] {processor.py:830} INFO - Processing file /home/airflow/.local/lib/python3.12/site-packages/airflow/example_dags/example_bash_operator.py for tasks to queue
[2024-04-15T17:19:39.222+0000] {logging_mixin.py:188} INFO - [2024-04-15T17:19:39.220+0000] {dagbag.py:540} INFO - Filling up the DagBag from /home/airflow/.local/lib/python3.12/site-packages/airflow/example_dags/example_bash_operator.py
[2024-04-15T17:19:39.243+0000] {processor.py:840} INFO - DAG(s) 'example_bash_operator' retrieved from /home/airflow/.local/lib/python3.12/site-packages/airflow/example_dags/example_bash_operator.py
[2024-04-15T17:19:39.262+0000] {logging_mixin.py:188} INFO - [2024-04-15T17:19:39.262+0000] {dag.py:3096} INFO - Sync 1 DAGs
[2024-04-15T17:19:39.278+0000] {logging_mixin.py:188} INFO - [2024-04-15T17:19:39.278+0000] {dag.py:3954} INFO - Setting next_dagrun for example_bash_operator to 2024-04-14 00:00:00+00:00, run_after=2024-04-15 00:00:00+00:00
[2024-04-15T17:19:39.288+0000] {processor.py:183} INFO - Processing /home/airflow/.local/lib/python3.12/site-packages/airflow/example_dags/example_bash_operator.py took 0.094 seconds
[2024-04-15T17:20:10.291+0000] {processor.py:161} INFO - Started process (PID=916) to work on /home/airflow/.local/lib/python3.12/site-packages/airflow/example_dags/example_bash_operator.py
[2024-04-15T17:20:10.292+0000] {processor.py:830} INFO - Processing file /home/airflow/.local/lib/python3.12/site-packages/airflow/example_dags/example_bash_operator.py for tasks to queue
[2024-04-15T17:20:10.293+0000] {logging_mixin.py:188} INFO - [2024-04-15T17:20:10.293+0000] {dagbag.py:540} INFO - Filling up the DagBag from /home/airflow/.local/lib/python3.12/site-packages/airflow/example_dags/example_bash_operator.py
[2024-04-15T17:20:10.308+0000] {processor.py:840} INFO - DAG(s) 'example_bash_operator' retrieved from /home/airflow/.local/lib/python3.12/site-packages/airflow/example_dags/example_bash_operator.py
[2024-04-15T17:20:10.329+0000] {logging_mixin.py:188} INFO - [2024-04-15T17:20:10.329+0000] {dag.py:3096} INFO - Sync 1 DAGs
[2024-04-15T17:20:10.359+0000] {logging_mixin.py:188} INFO - [2024-04-15T17:20:10.358+0000] {dag.py:3954} INFO - Setting next_dagrun for example_bash_operator to 2024-04-14 00:00:00+00:00, run_after=2024-04-15 00:00:00+00:00
[2024-04-15T17:20:10.368+0000] {processor.py:183} INFO - Processing /home/airflow/.local/lib/python3.12/site-packages/airflow/example_dags/example_bash_operator.py took 0.088 seconds
[2024-04-15T17:20:41.133+0000] {processor.py:161} INFO - Started process (PID=975) to work on /home/airflow/.local/lib/python3.12/site-packages/airflow/example_dags/example_bash_operator.py
[2024-04-15T17:20:41.134+0000] {processor.py:830} INFO - Processing file /home/airflow/.local/lib/python3.12/site-packages/airflow/example_dags/example_bash_operator.py for tasks to queue
[2024-04-15T17:20:41.135+0000] {logging_mixin.py:188} INFO - [2024-04-15T17:20:41.135+0000] {dagbag.py:540} INFO - Filling up the DagBag from /home/airflow/.local/lib/python3.12/site-packages/airflow/example_dags/example_bash_operator.py
[2024-04-15T17:20:41.165+0000] {processor.py:840} INFO - DAG(s) 'example_bash_operator' retrieved from /home/airflow/.local/lib/python3.12/site-packages/airflow/example_dags/example_bash_operator.py
[2024-04-15T17:20:41.198+0000] {logging_mixin.py:188} INFO - [2024-04-15T17:20:41.197+0000] {dag.py:3096} INFO - Sync 1 DAGs
[2024-04-15T17:20:41.219+0000] {logging_mixin.py:188} INFO - [2024-04-15T17:20:41.219+0000] {dag.py:3954} INFO - Setting next_dagrun for example_bash_operator to 2024-04-14 00:00:00+00:00, run_after=2024-04-15 00:00:00+00:00
[2024-04-15T17:20:41.232+0000] {processor.py:183} INFO - Processing /home/airflow/.local/lib/python3.12/site-packages/airflow/example_dags/example_bash_operator.py took 0.108 seconds
[2024-04-15T17:21:12.290+0000] {processor.py:161} INFO - Started process (PID=1034) to work on /home/airflow/.local/lib/python3.12/site-packages/airflow/example_dags/example_bash_operator.py
[2024-04-15T17:21:12.291+0000] {processor.py:830} INFO - Processing file /home/airflow/.local/lib/python3.12/site-packages/airflow/example_dags/example_bash_operator.py for tasks to queue
[2024-04-15T17:21:12.292+0000] {logging_mixin.py:188} INFO - [2024-04-15T17:21:12.292+0000] {dagbag.py:540} INFO - Filling up the DagBag from /home/airflow/.local/lib/python3.12/site-packages/airflow/example_dags/example_bash_operator.py
[2024-04-15T17:21:12.310+0000] {processor.py:840} INFO - DAG(s) 'example_bash_operator' retrieved from /home/airflow/.local/lib/python3.12/site-packages/airflow/example_dags/example_bash_operator.py
[2024-04-15T17:21:12.359+0000] {logging_mixin.py:188} INFO - [2024-04-15T17:21:12.358+0000] {dag.py:3096} INFO - Sync 1 DAGs
[2024-04-15T17:21:12.788+0000] {logging_mixin.py:188} INFO - [2024-04-15T17:21:12.788+0000] {dag.py:3954} INFO - Setting next_dagrun for example_bash_operator to 2024-04-14 00:00:00+00:00, run_after=2024-04-15 00:00:00+00:00
[2024-04-15T17:21:12.800+0000] {processor.py:183} INFO - Processing /home/airflow/.local/lib/python3.12/site-packages/airflow/example_dags/example_bash_operator.py took 0.536 seconds
[2024-04-15T17:21:43.084+0000] {processor.py:161} INFO - Started process (PID=1093) to work on /home/airflow/.local/lib/python3.12/site-packages/airflow/example_dags/example_bash_operator.py
[2024-04-15T17:21:43.085+0000] {processor.py:830} INFO - Processing file /home/airflow/.local/lib/python3.12/site-packages/airflow/example_dags/example_bash_operator.py for tasks to queue
[2024-04-15T17:21:43.089+0000] {logging_mixin.py:188} INFO - [2024-04-15T17:21:43.086+0000] {dagbag.py:540} INFO - Filling up the DagBag from /home/airflow/.local/lib/python3.12/site-packages/airflow/example_dags/example_bash_operator.py
[2024-04-15T17:21:43.138+0000] {processor.py:840} INFO - DAG(s) 'example_bash_operator' retrieved from /home/airflow/.local/lib/python3.12/site-packages/airflow/example_dags/example_bash_operator.py
[2024-04-15T17:21:43.174+0000] {logging_mixin.py:188} INFO - [2024-04-15T17:21:43.173+0000] {dag.py:3096} INFO - Sync 1 DAGs
[2024-04-15T17:21:43.611+0000] {logging_mixin.py:188} INFO - [2024-04-15T17:21:43.611+0000] {dag.py:3954} INFO - Setting next_dagrun for example_bash_operator to 2024-04-14 00:00:00+00:00, run_after=2024-04-15 00:00:00+00:00
[2024-04-15T17:21:43.630+0000] {processor.py:183} INFO - Processing /home/airflow/.local/lib/python3.12/site-packages/airflow/example_dags/example_bash_operator.py took 0.564 seconds
[2024-04-15T17:22:49.553+0000] {processor.py:161} INFO - Started process (PID=32) to work on /home/airflow/.local/lib/python3.12/site-packages/airflow/example_dags/example_bash_operator.py
[2024-04-15T17:22:49.556+0000] {processor.py:830} INFO - Processing file /home/airflow/.local/lib/python3.12/site-packages/airflow/example_dags/example_bash_operator.py for tasks to queue
[2024-04-15T17:22:49.624+0000] {logging_mixin.py:188} INFO - [2024-04-15T17:22:49.621+0000] {dagbag.py:540} INFO - Filling up the DagBag from /home/airflow/.local/lib/python3.12/site-packages/airflow/example_dags/example_bash_operator.py
[2024-04-15T17:22:49.698+0000] {processor.py:840} INFO - DAG(s) 'example_bash_operator' retrieved from /home/airflow/.local/lib/python3.12/site-packages/airflow/example_dags/example_bash_operator.py
[2024-04-15T17:22:49.746+0000] {logging_mixin.py:188} INFO - [2024-04-15T17:22:49.746+0000] {dag.py:3096} INFO - Sync 1 DAGs
[2024-04-15T17:22:49.807+0000] {logging_mixin.py:188} INFO - [2024-04-15T17:22:49.806+0000] {dag.py:3954} INFO - Setting next_dagrun for example_bash_operator to 2024-04-14 00:00:00+00:00, run_after=2024-04-15 00:00:00+00:00
[2024-04-15T17:22:49.848+0000] {processor.py:183} INFO - Processing /home/airflow/.local/lib/python3.12/site-packages/airflow/example_dags/example_bash_operator.py took 0.312 seconds
[2024-04-15T17:23:20.190+0000] {processor.py:161} INFO - Started process (PID=91) to work on /home/airflow/.local/lib/python3.12/site-packages/airflow/example_dags/example_bash_operator.py
[2024-04-15T17:23:20.190+0000] {processor.py:830} INFO - Processing file /home/airflow/.local/lib/python3.12/site-packages/airflow/example_dags/example_bash_operator.py for tasks to queue
[2024-04-15T17:23:20.192+0000] {logging_mixin.py:188} INFO - [2024-04-15T17:23:20.191+0000] {dagbag.py:540} INFO - Filling up the DagBag from /home/airflow/.local/lib/python3.12/site-packages/airflow/example_dags/example_bash_operator.py
[2024-04-15T17:23:20.200+0000] {processor.py:840} INFO - DAG(s) 'example_bash_operator' retrieved from /home/airflow/.local/lib/python3.12/site-packages/airflow/example_dags/example_bash_operator.py
[2024-04-15T17:23:20.271+0000] {logging_mixin.py:188} INFO - [2024-04-15T17:23:20.270+0000] {dag.py:3096} INFO - Sync 1 DAGs
[2024-04-15T17:23:20.284+0000] {logging_mixin.py:188} INFO - [2024-04-15T17:23:20.283+0000] {dag.py:3954} INFO - Setting next_dagrun for example_bash_operator to 2024-04-14 00:00:00+00:00, run_after=2024-04-15 00:00:00+00:00
[2024-04-15T17:23:20.293+0000] {processor.py:183} INFO - Processing /home/airflow/.local/lib/python3.12/site-packages/airflow/example_dags/example_bash_operator.py took 0.107 seconds
[2024-04-15T17:23:50.884+0000] {processor.py:161} INFO - Started process (PID=150) to work on /home/airflow/.local/lib/python3.12/site-packages/airflow/example_dags/example_bash_operator.py
[2024-04-15T17:23:50.886+0000] {processor.py:830} INFO - Processing file /home/airflow/.local/lib/python3.12/site-packages/airflow/example_dags/example_bash_operator.py for tasks to queue
[2024-04-15T17:23:50.888+0000] {logging_mixin.py:188} INFO - [2024-04-15T17:23:50.888+0000] {dagbag.py:540} INFO - Filling up the DagBag from /home/airflow/.local/lib/python3.12/site-packages/airflow/example_dags/example_bash_operator.py
[2024-04-15T17:23:50.901+0000] {processor.py:840} INFO - DAG(s) 'example_bash_operator' retrieved from /home/airflow/.local/lib/python3.12/site-packages/airflow/example_dags/example_bash_operator.py
[2024-04-15T17:23:50.918+0000] {logging_mixin.py:188} INFO - [2024-04-15T17:23:50.918+0000] {dag.py:3096} INFO - Sync 1 DAGs
[2024-04-15T17:23:50.935+0000] {logging_mixin.py:188} INFO - [2024-04-15T17:23:50.935+0000] {dag.py:3954} INFO - Setting next_dagrun for example_bash_operator to 2024-04-14 00:00:00+00:00, run_after=2024-04-15 00:00:00+00:00
[2024-04-15T17:23:50.945+0000] {processor.py:183} INFO - Processing /home/airflow/.local/lib/python3.12/site-packages/airflow/example_dags/example_bash_operator.py took 0.069 seconds
[2024-04-15T17:24:21.203+0000] {processor.py:161} INFO - Started process (PID=209) to work on /home/airflow/.local/lib/python3.12/site-packages/airflow/example_dags/example_bash_operator.py
[2024-04-15T17:24:21.204+0000] {processor.py:830} INFO - Processing file /home/airflow/.local/lib/python3.12/site-packages/airflow/example_dags/example_bash_operator.py for tasks to queue
[2024-04-15T17:24:21.205+0000] {logging_mixin.py:188} INFO - [2024-04-15T17:24:21.205+0000] {dagbag.py:540} INFO - Filling up the DagBag from /home/airflow/.local/lib/python3.12/site-packages/airflow/example_dags/example_bash_operator.py
[2024-04-15T17:24:21.215+0000] {processor.py:840} INFO - DAG(s) 'example_bash_operator' retrieved from /home/airflow/.local/lib/python3.12/site-packages/airflow/example_dags/example_bash_operator.py
[2024-04-15T17:24:21.233+0000] {logging_mixin.py:188} INFO - [2024-04-15T17:24:21.233+0000] {dag.py:3096} INFO - Sync 1 DAGs
[2024-04-15T17:24:21.247+0000] {logging_mixin.py:188} INFO - [2024-04-15T17:24:21.246+0000] {dag.py:3954} INFO - Setting next_dagrun for example_bash_operator to 2024-04-14 00:00:00+00:00, run_after=2024-04-15 00:00:00+00:00
[2024-04-15T17:24:21.272+0000] {processor.py:183} INFO - Processing /home/airflow/.local/lib/python3.12/site-packages/airflow/example_dags/example_bash_operator.py took 0.075 seconds
[2024-04-15T17:24:51.432+0000] {processor.py:161} INFO - Started process (PID=269) to work on /home/airflow/.local/lib/python3.12/site-packages/airflow/example_dags/example_bash_operator.py
[2024-04-15T17:24:51.433+0000] {processor.py:830} INFO - Processing file /home/airflow/.local/lib/python3.12/site-packages/airflow/example_dags/example_bash_operator.py for tasks to queue
[2024-04-15T17:24:51.436+0000] {logging_mixin.py:188} INFO - [2024-04-15T17:24:51.436+0000] {dagbag.py:540} INFO - Filling up the DagBag from /home/airflow/.local/lib/python3.12/site-packages/airflow/example_dags/example_bash_operator.py
[2024-04-15T17:24:51.470+0000] {processor.py:840} INFO - DAG(s) 'example_bash_operator' retrieved from /home/airflow/.local/lib/python3.12/site-packages/airflow/example_dags/example_bash_operator.py
[2024-04-15T17:24:51.498+0000] {logging_mixin.py:188} INFO - [2024-04-15T17:24:51.498+0000] {dag.py:3096} INFO - Sync 1 DAGs
[2024-04-15T17:24:51.533+0000] {logging_mixin.py:188} INFO - [2024-04-15T17:24:51.533+0000] {dag.py:3954} INFO - Setting next_dagrun for example_bash_operator to 2024-04-14 00:00:00+00:00, run_after=2024-04-15 00:00:00+00:00
[2024-04-15T17:24:51.547+0000] {processor.py:183} INFO - Processing /home/airflow/.local/lib/python3.12/site-packages/airflow/example_dags/example_bash_operator.py took 0.128 seconds
[2024-04-15T17:26:18.175+0000] {processor.py:161} INFO - Started process (PID=38) to work on /home/airflow/.local/lib/python3.12/site-packages/airflow/example_dags/example_bash_operator.py
[2024-04-15T17:26:18.177+0000] {processor.py:830} INFO - Processing file /home/airflow/.local/lib/python3.12/site-packages/airflow/example_dags/example_bash_operator.py for tasks to queue
[2024-04-15T17:26:18.180+0000] {logging_mixin.py:188} INFO - [2024-04-15T17:26:18.179+0000] {dagbag.py:540} INFO - Filling up the DagBag from /home/airflow/.local/lib/python3.12/site-packages/airflow/example_dags/example_bash_operator.py
[2024-04-15T17:26:18.228+0000] {processor.py:840} INFO - DAG(s) 'example_bash_operator' retrieved from /home/airflow/.local/lib/python3.12/site-packages/airflow/example_dags/example_bash_operator.py
[2024-04-15T17:26:18.315+0000] {logging_mixin.py:188} INFO - [2024-04-15T17:26:18.315+0000] {dag.py:3096} INFO - Sync 1 DAGs
[2024-04-15T17:26:18.430+0000] {logging_mixin.py:188} INFO - [2024-04-15T17:26:18.429+0000] {dag.py:3954} INFO - Setting next_dagrun for example_bash_operator to 2024-04-14 00:00:00+00:00, run_after=2024-04-15 00:00:00+00:00
[2024-04-15T17:26:18.468+0000] {processor.py:183} INFO - Processing /home/airflow/.local/lib/python3.12/site-packages/airflow/example_dags/example_bash_operator.py took 0.302 seconds
[2024-04-15T17:26:48.735+0000] {processor.py:161} INFO - Started process (PID=95) to work on /home/airflow/.local/lib/python3.12/site-packages/airflow/example_dags/example_bash_operator.py
[2024-04-15T17:26:48.737+0000] {processor.py:830} INFO - Processing file /home/airflow/.local/lib/python3.12/site-packages/airflow/example_dags/example_bash_operator.py for tasks to queue
[2024-04-15T17:26:48.741+0000] {logging_mixin.py:188} INFO - [2024-04-15T17:26:48.740+0000] {dagbag.py:540} INFO - Filling up the DagBag from /home/airflow/.local/lib/python3.12/site-packages/airflow/example_dags/example_bash_operator.py
[2024-04-15T17:26:48.763+0000] {processor.py:840} INFO - DAG(s) 'example_bash_operator' retrieved from /home/airflow/.local/lib/python3.12/site-packages/airflow/example_dags/example_bash_operator.py
[2024-04-15T17:26:49.903+0000] {logging_mixin.py:188} INFO - [2024-04-15T17:26:49.901+0000] {dag.py:3096} INFO - Sync 1 DAGs
[2024-04-15T17:26:49.995+0000] {logging_mixin.py:188} INFO - [2024-04-15T17:26:49.994+0000] {dag.py:3954} INFO - Setting next_dagrun for example_bash_operator to 2024-04-14 00:00:00+00:00, run_after=2024-04-15 00:00:00+00:00
[2024-04-15T17:26:50.102+0000] {processor.py:183} INFO - Processing /home/airflow/.local/lib/python3.12/site-packages/airflow/example_dags/example_bash_operator.py took 1.388 seconds
[2024-04-15T17:27:20.868+0000] {processor.py:161} INFO - Started process (PID=155) to work on /home/airflow/.local/lib/python3.12/site-packages/airflow/example_dags/example_bash_operator.py
[2024-04-15T17:27:20.869+0000] {processor.py:830} INFO - Processing file /home/airflow/.local/lib/python3.12/site-packages/airflow/example_dags/example_bash_operator.py for tasks to queue
[2024-04-15T17:27:20.872+0000] {logging_mixin.py:188} INFO - [2024-04-15T17:27:20.872+0000] {dagbag.py:540} INFO - Filling up the DagBag from /home/airflow/.local/lib/python3.12/site-packages/airflow/example_dags/example_bash_operator.py
[2024-04-15T17:27:20.895+0000] {processor.py:840} INFO - DAG(s) 'example_bash_operator' retrieved from /home/airflow/.local/lib/python3.12/site-packages/airflow/example_dags/example_bash_operator.py
[2024-04-15T17:27:20.917+0000] {logging_mixin.py:188} INFO - [2024-04-15T17:27:20.917+0000] {dag.py:3096} INFO - Sync 1 DAGs
[2024-04-15T17:27:20.967+0000] {logging_mixin.py:188} INFO - [2024-04-15T17:27:20.966+0000] {dag.py:3954} INFO - Setting next_dagrun for example_bash_operator to 2024-04-14 00:00:00+00:00, run_after=2024-04-15 00:00:00+00:00
[2024-04-15T17:27:20.993+0000] {processor.py:183} INFO - Processing /home/airflow/.local/lib/python3.12/site-packages/airflow/example_dags/example_bash_operator.py took 0.132 seconds
[2024-04-15T17:27:51.085+0000] {processor.py:161} INFO - Started process (PID=215) to work on /home/airflow/.local/lib/python3.12/site-packages/airflow/example_dags/example_bash_operator.py
[2024-04-15T17:27:51.088+0000] {processor.py:830} INFO - Processing file /home/airflow/.local/lib/python3.12/site-packages/airflow/example_dags/example_bash_operator.py for tasks to queue
[2024-04-15T17:27:51.095+0000] {logging_mixin.py:188} INFO - [2024-04-15T17:27:51.093+0000] {dagbag.py:540} INFO - Filling up the DagBag from /home/airflow/.local/lib/python3.12/site-packages/airflow/example_dags/example_bash_operator.py
[2024-04-15T17:27:51.120+0000] {processor.py:840} INFO - DAG(s) 'example_bash_operator' retrieved from /home/airflow/.local/lib/python3.12/site-packages/airflow/example_dags/example_bash_operator.py
[2024-04-15T17:27:51.147+0000] {logging_mixin.py:188} INFO - [2024-04-15T17:27:51.147+0000] {dag.py:3096} INFO - Sync 1 DAGs
[2024-04-15T17:27:51.198+0000] {logging_mixin.py:188} INFO - [2024-04-15T17:27:51.198+0000] {dag.py:3954} INFO - Setting next_dagrun for example_bash_operator to 2024-04-14 00:00:00+00:00, run_after=2024-04-15 00:00:00+00:00
[2024-04-15T17:27:51.226+0000] {processor.py:183} INFO - Processing /home/airflow/.local/lib/python3.12/site-packages/airflow/example_dags/example_bash_operator.py took 0.153 seconds
[2024-04-15T17:28:21.480+0000] {processor.py:161} INFO - Started process (PID=275) to work on /home/airflow/.local/lib/python3.12/site-packages/airflow/example_dags/example_bash_operator.py
[2024-04-15T17:28:21.481+0000] {processor.py:830} INFO - Processing file /home/airflow/.local/lib/python3.12/site-packages/airflow/example_dags/example_bash_operator.py for tasks to queue
[2024-04-15T17:28:21.483+0000] {logging_mixin.py:188} INFO - [2024-04-15T17:28:21.483+0000] {dagbag.py:540} INFO - Filling up the DagBag from /home/airflow/.local/lib/python3.12/site-packages/airflow/example_dags/example_bash_operator.py
[2024-04-15T17:28:21.500+0000] {processor.py:840} INFO - DAG(s) 'example_bash_operator' retrieved from /home/airflow/.local/lib/python3.12/site-packages/airflow/example_dags/example_bash_operator.py
[2024-04-15T17:28:21.527+0000] {logging_mixin.py:188} INFO - [2024-04-15T17:28:21.527+0000] {dag.py:3096} INFO - Sync 1 DAGs
[2024-04-15T17:28:21.555+0000] {logging_mixin.py:188} INFO - [2024-04-15T17:28:21.555+0000] {dag.py:3954} INFO - Setting next_dagrun for example_bash_operator to 2024-04-14 00:00:00+00:00, run_after=2024-04-15 00:00:00+00:00
[2024-04-15T17:28:21.569+0000] {processor.py:183} INFO - Processing /home/airflow/.local/lib/python3.12/site-packages/airflow/example_dags/example_bash_operator.py took 0.099 seconds
[2024-04-15T17:28:51.664+0000] {processor.py:161} INFO - Started process (PID=335) to work on /home/airflow/.local/lib/python3.12/site-packages/airflow/example_dags/example_bash_operator.py
[2024-04-15T17:28:51.665+0000] {processor.py:830} INFO - Processing file /home/airflow/.local/lib/python3.12/site-packages/airflow/example_dags/example_bash_operator.py for tasks to queue
[2024-04-15T17:28:51.668+0000] {logging_mixin.py:188} INFO - [2024-04-15T17:28:51.667+0000] {dagbag.py:540} INFO - Filling up the DagBag from /home/airflow/.local/lib/python3.12/site-packages/airflow/example_dags/example_bash_operator.py
[2024-04-15T17:28:51.683+0000] {processor.py:840} INFO - DAG(s) 'example_bash_operator' retrieved from /home/airflow/.local/lib/python3.12/site-packages/airflow/example_dags/example_bash_operator.py
[2024-04-15T17:28:51.697+0000] {logging_mixin.py:188} INFO - [2024-04-15T17:28:51.697+0000] {dag.py:3096} INFO - Sync 1 DAGs
[2024-04-15T17:28:51.710+0000] {logging_mixin.py:188} INFO - [2024-04-15T17:28:51.710+0000] {dag.py:3954} INFO - Setting next_dagrun for example_bash_operator to 2024-04-14 00:00:00+00:00, run_after=2024-04-15 00:00:00+00:00
[2024-04-15T17:28:51.719+0000] {processor.py:183} INFO - Processing /home/airflow/.local/lib/python3.12/site-packages/airflow/example_dags/example_bash_operator.py took 0.060 seconds
[2024-04-15T17:29:22.025+0000] {processor.py:161} INFO - Started process (PID=395) to work on /home/airflow/.local/lib/python3.12/site-packages/airflow/example_dags/example_bash_operator.py
[2024-04-15T17:29:22.025+0000] {processor.py:830} INFO - Processing file /home/airflow/.local/lib/python3.12/site-packages/airflow/example_dags/example_bash_operator.py for tasks to queue
[2024-04-15T17:29:22.027+0000] {logging_mixin.py:188} INFO - [2024-04-15T17:29:22.027+0000] {dagbag.py:540} INFO - Filling up the DagBag from /home/airflow/.local/lib/python3.12/site-packages/airflow/example_dags/example_bash_operator.py
[2024-04-15T17:29:22.053+0000] {processor.py:840} INFO - DAG(s) 'example_bash_operator' retrieved from /home/airflow/.local/lib/python3.12/site-packages/airflow/example_dags/example_bash_operator.py
[2024-04-15T17:29:22.106+0000] {logging_mixin.py:188} INFO - [2024-04-15T17:29:22.106+0000] {dag.py:3096} INFO - Sync 1 DAGs
[2024-04-15T17:29:22.127+0000] {logging_mixin.py:188} INFO - [2024-04-15T17:29:22.126+0000] {dag.py:3954} INFO - Setting next_dagrun for example_bash_operator to 2024-04-14 00:00:00+00:00, run_after=2024-04-15 00:00:00+00:00
[2024-04-15T17:29:22.150+0000] {processor.py:183} INFO - Processing /home/airflow/.local/lib/python3.12/site-packages/airflow/example_dags/example_bash_operator.py took 0.130 seconds
[2024-04-15T17:29:52.684+0000] {processor.py:161} INFO - Started process (PID=455) to work on /home/airflow/.local/lib/python3.12/site-packages/airflow/example_dags/example_bash_operator.py
[2024-04-15T17:29:52.685+0000] {processor.py:830} INFO - Processing file /home/airflow/.local/lib/python3.12/site-packages/airflow/example_dags/example_bash_operator.py for tasks to queue
[2024-04-15T17:29:52.687+0000] {logging_mixin.py:188} INFO - [2024-04-15T17:29:52.687+0000] {dagbag.py:540} INFO - Filling up the DagBag from /home/airflow/.local/lib/python3.12/site-packages/airflow/example_dags/example_bash_operator.py
[2024-04-15T17:29:52.717+0000] {processor.py:840} INFO - DAG(s) 'example_bash_operator' retrieved from /home/airflow/.local/lib/python3.12/site-packages/airflow/example_dags/example_bash_operator.py
[2024-04-15T17:29:52.738+0000] {logging_mixin.py:188} INFO - [2024-04-15T17:29:52.738+0000] {dag.py:3096} INFO - Sync 1 DAGs
[2024-04-15T17:29:52.755+0000] {logging_mixin.py:188} INFO - [2024-04-15T17:29:52.755+0000] {dag.py:3954} INFO - Setting next_dagrun for example_bash_operator to 2024-04-14 00:00:00+00:00, run_after=2024-04-15 00:00:00+00:00
[2024-04-15T17:29:52.765+0000] {processor.py:183} INFO - Processing /home/airflow/.local/lib/python3.12/site-packages/airflow/example_dags/example_bash_operator.py took 0.088 seconds
[2024-04-15T17:30:23.682+0000] {processor.py:161} INFO - Started process (PID=515) to work on /home/airflow/.local/lib/python3.12/site-packages/airflow/example_dags/example_bash_operator.py
[2024-04-15T17:30:23.688+0000] {processor.py:830} INFO - Processing file /home/airflow/.local/lib/python3.12/site-packages/airflow/example_dags/example_bash_operator.py for tasks to queue
[2024-04-15T17:30:23.698+0000] {logging_mixin.py:188} INFO - [2024-04-15T17:30:23.697+0000] {dagbag.py:540} INFO - Filling up the DagBag from /home/airflow/.local/lib/python3.12/site-packages/airflow/example_dags/example_bash_operator.py
[2024-04-15T17:30:23.718+0000] {processor.py:840} INFO - DAG(s) 'example_bash_operator' retrieved from /home/airflow/.local/lib/python3.12/site-packages/airflow/example_dags/example_bash_operator.py
[2024-04-15T17:30:23.738+0000] {logging_mixin.py:188} INFO - [2024-04-15T17:30:23.738+0000] {dag.py:3096} INFO - Sync 1 DAGs
[2024-04-15T17:30:23.771+0000] {logging_mixin.py:188} INFO - [2024-04-15T17:30:23.770+0000] {dag.py:3954} INFO - Setting next_dagrun for example_bash_operator to 2024-04-14 00:00:00+00:00, run_after=2024-04-15 00:00:00+00:00
[2024-04-15T17:30:23.783+0000] {processor.py:183} INFO - Processing /home/airflow/.local/lib/python3.12/site-packages/airflow/example_dags/example_bash_operator.py took 0.128 seconds
[2024-04-15T17:30:54.235+0000] {processor.py:161} INFO - Started process (PID=574) to work on /home/airflow/.local/lib/python3.12/site-packages/airflow/example_dags/example_bash_operator.py
[2024-04-15T17:30:54.238+0000] {processor.py:830} INFO - Processing file /home/airflow/.local/lib/python3.12/site-packages/airflow/example_dags/example_bash_operator.py for tasks to queue
[2024-04-15T17:30:54.245+0000] {logging_mixin.py:188} INFO - [2024-04-15T17:30:54.244+0000] {dagbag.py:540} INFO - Filling up the DagBag from /home/airflow/.local/lib/python3.12/site-packages/airflow/example_dags/example_bash_operator.py
[2024-04-15T17:30:54.259+0000] {processor.py:840} INFO - DAG(s) 'example_bash_operator' retrieved from /home/airflow/.local/lib/python3.12/site-packages/airflow/example_dags/example_bash_operator.py
[2024-04-15T17:30:54.276+0000] {logging_mixin.py:188} INFO - [2024-04-15T17:30:54.276+0000] {dag.py:3096} INFO - Sync 1 DAGs
[2024-04-15T17:30:54.305+0000] {logging_mixin.py:188} INFO - [2024-04-15T17:30:54.305+0000] {dag.py:3954} INFO - Setting next_dagrun for example_bash_operator to 2024-04-14 00:00:00+00:00, run_after=2024-04-15 00:00:00+00:00
[2024-04-15T17:30:54.317+0000] {processor.py:183} INFO - Processing /home/airflow/.local/lib/python3.12/site-packages/airflow/example_dags/example_bash_operator.py took 0.105 seconds
[2024-04-15T17:31:24.949+0000] {processor.py:161} INFO - Started process (PID=634) to work on /home/airflow/.local/lib/python3.12/site-packages/airflow/example_dags/example_bash_operator.py
[2024-04-15T17:31:24.951+0000] {processor.py:830} INFO - Processing file /home/airflow/.local/lib/python3.12/site-packages/airflow/example_dags/example_bash_operator.py for tasks to queue
[2024-04-15T17:31:24.955+0000] {logging_mixin.py:188} INFO - [2024-04-15T17:31:24.954+0000] {dagbag.py:540} INFO - Filling up the DagBag from /home/airflow/.local/lib/python3.12/site-packages/airflow/example_dags/example_bash_operator.py
[2024-04-15T17:31:24.976+0000] {processor.py:840} INFO - DAG(s) 'example_bash_operator' retrieved from /home/airflow/.local/lib/python3.12/site-packages/airflow/example_dags/example_bash_operator.py
[2024-04-15T17:31:25.023+0000] {logging_mixin.py:188} INFO - [2024-04-15T17:31:25.022+0000] {dag.py:3096} INFO - Sync 1 DAGs
[2024-04-15T17:31:25.137+0000] {logging_mixin.py:188} INFO - [2024-04-15T17:31:25.136+0000] {dag.py:3954} INFO - Setting next_dagrun for example_bash_operator to 2024-04-14 00:00:00+00:00, run_after=2024-04-15 00:00:00+00:00
[2024-04-15T17:31:25.158+0000] {processor.py:183} INFO - Processing /home/airflow/.local/lib/python3.12/site-packages/airflow/example_dags/example_bash_operator.py took 0.218 seconds
[2024-04-15T17:31:55.644+0000] {processor.py:161} INFO - Started process (PID=694) to work on /home/airflow/.local/lib/python3.12/site-packages/airflow/example_dags/example_bash_operator.py
[2024-04-15T17:31:55.646+0000] {processor.py:830} INFO - Processing file /home/airflow/.local/lib/python3.12/site-packages/airflow/example_dags/example_bash_operator.py for tasks to queue
[2024-04-15T17:31:55.651+0000] {logging_mixin.py:188} INFO - [2024-04-15T17:31:55.651+0000] {dagbag.py:540} INFO - Filling up the DagBag from /home/airflow/.local/lib/python3.12/site-packages/airflow/example_dags/example_bash_operator.py
[2024-04-15T17:31:55.670+0000] {processor.py:840} INFO - DAG(s) 'example_bash_operator' retrieved from /home/airflow/.local/lib/python3.12/site-packages/airflow/example_dags/example_bash_operator.py
[2024-04-15T17:31:55.692+0000] {logging_mixin.py:188} INFO - [2024-04-15T17:31:55.692+0000] {dag.py:3096} INFO - Sync 1 DAGs
[2024-04-15T17:31:55.711+0000] {logging_mixin.py:188} INFO - [2024-04-15T17:31:55.711+0000] {dag.py:3954} INFO - Setting next_dagrun for example_bash_operator to 2024-04-14 00:00:00+00:00, run_after=2024-04-15 00:00:00+00:00
[2024-04-15T17:31:55.724+0000] {processor.py:183} INFO - Processing /home/airflow/.local/lib/python3.12/site-packages/airflow/example_dags/example_bash_operator.py took 0.108 seconds
[2024-04-15T17:32:26.090+0000] {processor.py:161} INFO - Started process (PID=754) to work on /home/airflow/.local/lib/python3.12/site-packages/airflow/example_dags/example_bash_operator.py
[2024-04-15T17:32:26.092+0000] {processor.py:830} INFO - Processing file /home/airflow/.local/lib/python3.12/site-packages/airflow/example_dags/example_bash_operator.py for tasks to queue
[2024-04-15T17:32:26.095+0000] {logging_mixin.py:188} INFO - [2024-04-15T17:32:26.095+0000] {dagbag.py:540} INFO - Filling up the DagBag from /home/airflow/.local/lib/python3.12/site-packages/airflow/example_dags/example_bash_operator.py
[2024-04-15T17:32:26.111+0000] {processor.py:840} INFO - DAG(s) 'example_bash_operator' retrieved from /home/airflow/.local/lib/python3.12/site-packages/airflow/example_dags/example_bash_operator.py
[2024-04-15T17:32:26.131+0000] {logging_mixin.py:188} INFO - [2024-04-15T17:32:26.131+0000] {dag.py:3096} INFO - Sync 1 DAGs
[2024-04-15T17:32:26.146+0000] {logging_mixin.py:188} INFO - [2024-04-15T17:32:26.145+0000] {dag.py:3954} INFO - Setting next_dagrun for example_bash_operator to 2024-04-14 00:00:00+00:00, run_after=2024-04-15 00:00:00+00:00
[2024-04-15T17:32:26.155+0000] {processor.py:183} INFO - Processing /home/airflow/.local/lib/python3.12/site-packages/airflow/example_dags/example_bash_operator.py took 0.077 seconds
[2024-04-15T17:32:57.204+0000] {processor.py:161} INFO - Started process (PID=814) to work on /home/airflow/.local/lib/python3.12/site-packages/airflow/example_dags/example_bash_operator.py
[2024-04-15T17:32:57.215+0000] {processor.py:830} INFO - Processing file /home/airflow/.local/lib/python3.12/site-packages/airflow/example_dags/example_bash_operator.py for tasks to queue
[2024-04-15T17:32:57.229+0000] {logging_mixin.py:188} INFO - [2024-04-15T17:32:57.228+0000] {dagbag.py:540} INFO - Filling up the DagBag from /home/airflow/.local/lib/python3.12/site-packages/airflow/example_dags/example_bash_operator.py
[2024-04-15T17:32:57.247+0000] {processor.py:840} INFO - DAG(s) 'example_bash_operator' retrieved from /home/airflow/.local/lib/python3.12/site-packages/airflow/example_dags/example_bash_operator.py
[2024-04-15T17:32:57.313+0000] {logging_mixin.py:188} INFO - [2024-04-15T17:32:57.313+0000] {dag.py:3096} INFO - Sync 1 DAGs
[2024-04-15T17:32:57.344+0000] {logging_mixin.py:188} INFO - [2024-04-15T17:32:57.343+0000] {dag.py:3954} INFO - Setting next_dagrun for example_bash_operator to 2024-04-14 00:00:00+00:00, run_after=2024-04-15 00:00:00+00:00
[2024-04-15T17:32:57.399+0000] {processor.py:183} INFO - Processing /home/airflow/.local/lib/python3.12/site-packages/airflow/example_dags/example_bash_operator.py took 0.211 seconds
[2024-04-15T17:33:28.378+0000] {processor.py:161} INFO - Started process (PID=874) to work on /home/airflow/.local/lib/python3.12/site-packages/airflow/example_dags/example_bash_operator.py
[2024-04-15T17:33:28.381+0000] {processor.py:830} INFO - Processing file /home/airflow/.local/lib/python3.12/site-packages/airflow/example_dags/example_bash_operator.py for tasks to queue
[2024-04-15T17:33:28.394+0000] {logging_mixin.py:188} INFO - [2024-04-15T17:33:28.393+0000] {dagbag.py:540} INFO - Filling up the DagBag from /home/airflow/.local/lib/python3.12/site-packages/airflow/example_dags/example_bash_operator.py
[2024-04-15T17:33:28.419+0000] {processor.py:840} INFO - DAG(s) 'example_bash_operator' retrieved from /home/airflow/.local/lib/python3.12/site-packages/airflow/example_dags/example_bash_operator.py
[2024-04-15T17:33:28.440+0000] {logging_mixin.py:188} INFO - [2024-04-15T17:33:28.440+0000] {dag.py:3096} INFO - Sync 1 DAGs
[2024-04-15T17:33:28.459+0000] {logging_mixin.py:188} INFO - [2024-04-15T17:33:28.459+0000] {dag.py:3954} INFO - Setting next_dagrun for example_bash_operator to 2024-04-14 00:00:00+00:00, run_after=2024-04-15 00:00:00+00:00
[2024-04-15T17:33:28.485+0000] {processor.py:183} INFO - Processing /home/airflow/.local/lib/python3.12/site-packages/airflow/example_dags/example_bash_operator.py took 0.119 seconds
[2024-04-15T17:33:58.818+0000] {processor.py:161} INFO - Started process (PID=934) to work on /home/airflow/.local/lib/python3.12/site-packages/airflow/example_dags/example_bash_operator.py
[2024-04-15T17:33:58.820+0000] {processor.py:830} INFO - Processing file /home/airflow/.local/lib/python3.12/site-packages/airflow/example_dags/example_bash_operator.py for tasks to queue
[2024-04-15T17:33:58.825+0000] {logging_mixin.py:188} INFO - [2024-04-15T17:33:58.825+0000] {dagbag.py:540} INFO - Filling up the DagBag from /home/airflow/.local/lib/python3.12/site-packages/airflow/example_dags/example_bash_operator.py
[2024-04-15T17:33:58.843+0000] {processor.py:840} INFO - DAG(s) 'example_bash_operator' retrieved from /home/airflow/.local/lib/python3.12/site-packages/airflow/example_dags/example_bash_operator.py
[2024-04-15T17:33:58.861+0000] {logging_mixin.py:188} INFO - [2024-04-15T17:33:58.861+0000] {dag.py:3096} INFO - Sync 1 DAGs
[2024-04-15T17:33:58.891+0000] {logging_mixin.py:188} INFO - [2024-04-15T17:33:58.891+0000] {dag.py:3954} INFO - Setting next_dagrun for example_bash_operator to 2024-04-14 00:00:00+00:00, run_after=2024-04-15 00:00:00+00:00
[2024-04-15T17:33:58.901+0000] {processor.py:183} INFO - Processing /home/airflow/.local/lib/python3.12/site-packages/airflow/example_dags/example_bash_operator.py took 0.092 seconds
[2024-04-15T17:34:29.217+0000] {processor.py:161} INFO - Started process (PID=994) to work on /home/airflow/.local/lib/python3.12/site-packages/airflow/example_dags/example_bash_operator.py
[2024-04-15T17:34:29.220+0000] {processor.py:830} INFO - Processing file /home/airflow/.local/lib/python3.12/site-packages/airflow/example_dags/example_bash_operator.py for tasks to queue
[2024-04-15T17:34:29.223+0000] {logging_mixin.py:188} INFO - [2024-04-15T17:34:29.223+0000] {dagbag.py:540} INFO - Filling up the DagBag from /home/airflow/.local/lib/python3.12/site-packages/airflow/example_dags/example_bash_operator.py
[2024-04-15T17:34:29.254+0000] {processor.py:840} INFO - DAG(s) 'example_bash_operator' retrieved from /home/airflow/.local/lib/python3.12/site-packages/airflow/example_dags/example_bash_operator.py
[2024-04-15T17:34:29.282+0000] {logging_mixin.py:188} INFO - [2024-04-15T17:34:29.282+0000] {dag.py:3096} INFO - Sync 1 DAGs
[2024-04-15T17:34:29.299+0000] {logging_mixin.py:188} INFO - [2024-04-15T17:34:29.299+0000] {dag.py:3954} INFO - Setting next_dagrun for example_bash_operator to 2024-04-14 00:00:00+00:00, run_after=2024-04-15 00:00:00+00:00
[2024-04-15T17:34:29.309+0000] {processor.py:183} INFO - Processing /home/airflow/.local/lib/python3.12/site-packages/airflow/example_dags/example_bash_operator.py took 0.102 seconds
[2024-04-15T17:34:59.846+0000] {processor.py:161} INFO - Started process (PID=1060) to work on /home/airflow/.local/lib/python3.12/site-packages/airflow/example_dags/example_bash_operator.py
[2024-04-15T17:34:59.850+0000] {processor.py:830} INFO - Processing file /home/airflow/.local/lib/python3.12/site-packages/airflow/example_dags/example_bash_operator.py for tasks to queue
[2024-04-15T17:34:59.857+0000] {logging_mixin.py:188} INFO - [2024-04-15T17:34:59.857+0000] {dagbag.py:540} INFO - Filling up the DagBag from /home/airflow/.local/lib/python3.12/site-packages/airflow/example_dags/example_bash_operator.py
[2024-04-15T17:34:59.871+0000] {processor.py:840} INFO - DAG(s) 'example_bash_operator' retrieved from /home/airflow/.local/lib/python3.12/site-packages/airflow/example_dags/example_bash_operator.py
[2024-04-15T17:34:59.901+0000] {logging_mixin.py:188} INFO - [2024-04-15T17:34:59.901+0000] {dag.py:3096} INFO - Sync 1 DAGs
[2024-04-15T17:34:59.920+0000] {logging_mixin.py:188} INFO - [2024-04-15T17:34:59.920+0000] {dag.py:3954} INFO - Setting next_dagrun for example_bash_operator to 2024-04-14 00:00:00+00:00, run_after=2024-04-15 00:00:00+00:00
[2024-04-15T17:34:59.930+0000] {processor.py:183} INFO - Processing /home/airflow/.local/lib/python3.12/site-packages/airflow/example_dags/example_bash_operator.py took 0.110 seconds
[2024-04-15T17:35:30.283+0000] {processor.py:161} INFO - Started process (PID=1120) to work on /home/airflow/.local/lib/python3.12/site-packages/airflow/example_dags/example_bash_operator.py
[2024-04-15T17:35:30.285+0000] {processor.py:830} INFO - Processing file /home/airflow/.local/lib/python3.12/site-packages/airflow/example_dags/example_bash_operator.py for tasks to queue
[2024-04-15T17:35:30.292+0000] {logging_mixin.py:188} INFO - [2024-04-15T17:35:30.291+0000] {dagbag.py:540} INFO - Filling up the DagBag from /home/airflow/.local/lib/python3.12/site-packages/airflow/example_dags/example_bash_operator.py
[2024-04-15T17:35:30.306+0000] {processor.py:840} INFO - DAG(s) 'example_bash_operator' retrieved from /home/airflow/.local/lib/python3.12/site-packages/airflow/example_dags/example_bash_operator.py
[2024-04-15T17:35:30.333+0000] {logging_mixin.py:188} INFO - [2024-04-15T17:35:30.333+0000] {dag.py:3096} INFO - Sync 1 DAGs
[2024-04-15T17:35:30.350+0000] {logging_mixin.py:188} INFO - [2024-04-15T17:35:30.350+0000] {dag.py:3954} INFO - Setting next_dagrun for example_bash_operator to 2024-04-14 00:00:00+00:00, run_after=2024-04-15 00:00:00+00:00
[2024-04-15T17:35:30.360+0000] {processor.py:183} INFO - Processing /home/airflow/.local/lib/python3.12/site-packages/airflow/example_dags/example_bash_operator.py took 0.091 seconds
[2024-04-15T17:36:00.721+0000] {processor.py:161} INFO - Started process (PID=1180) to work on /home/airflow/.local/lib/python3.12/site-packages/airflow/example_dags/example_bash_operator.py
[2024-04-15T17:36:00.722+0000] {processor.py:830} INFO - Processing file /home/airflow/.local/lib/python3.12/site-packages/airflow/example_dags/example_bash_operator.py for tasks to queue
[2024-04-15T17:36:00.725+0000] {logging_mixin.py:188} INFO - [2024-04-15T17:36:00.725+0000] {dagbag.py:540} INFO - Filling up the DagBag from /home/airflow/.local/lib/python3.12/site-packages/airflow/example_dags/example_bash_operator.py
[2024-04-15T17:36:00.759+0000] {processor.py:840} INFO - DAG(s) 'example_bash_operator' retrieved from /home/airflow/.local/lib/python3.12/site-packages/airflow/example_dags/example_bash_operator.py
[2024-04-15T17:36:00.795+0000] {logging_mixin.py:188} INFO - [2024-04-15T17:36:00.795+0000] {dag.py:3096} INFO - Sync 1 DAGs
[2024-04-15T17:36:00.823+0000] {logging_mixin.py:188} INFO - [2024-04-15T17:36:00.823+0000] {dag.py:3954} INFO - Setting next_dagrun for example_bash_operator to 2024-04-14 00:00:00+00:00, run_after=2024-04-15 00:00:00+00:00
[2024-04-15T17:36:00.834+0000] {processor.py:183} INFO - Processing /home/airflow/.local/lib/python3.12/site-packages/airflow/example_dags/example_bash_operator.py took 0.120 seconds
[2024-04-15T17:36:31.419+0000] {processor.py:161} INFO - Started process (PID=1239) to work on /home/airflow/.local/lib/python3.12/site-packages/airflow/example_dags/example_bash_operator.py
[2024-04-15T17:36:31.421+0000] {processor.py:830} INFO - Processing file /home/airflow/.local/lib/python3.12/site-packages/airflow/example_dags/example_bash_operator.py for tasks to queue
[2024-04-15T17:36:31.424+0000] {logging_mixin.py:188} INFO - [2024-04-15T17:36:31.424+0000] {dagbag.py:540} INFO - Filling up the DagBag from /home/airflow/.local/lib/python3.12/site-packages/airflow/example_dags/example_bash_operator.py
[2024-04-15T17:36:31.445+0000] {processor.py:840} INFO - DAG(s) 'example_bash_operator' retrieved from /home/airflow/.local/lib/python3.12/site-packages/airflow/example_dags/example_bash_operator.py
[2024-04-15T17:36:31.462+0000] {logging_mixin.py:188} INFO - [2024-04-15T17:36:31.462+0000] {dag.py:3096} INFO - Sync 1 DAGs
[2024-04-15T17:36:31.483+0000] {logging_mixin.py:188} INFO - [2024-04-15T17:36:31.483+0000] {dag.py:3954} INFO - Setting next_dagrun for example_bash_operator to 2024-04-14 00:00:00+00:00, run_after=2024-04-15 00:00:00+00:00
[2024-04-15T17:36:31.493+0000] {processor.py:183} INFO - Processing /home/airflow/.local/lib/python3.12/site-packages/airflow/example_dags/example_bash_operator.py took 0.077 seconds
[2024-04-15T17:37:01.724+0000] {processor.py:161} INFO - Started process (PID=1299) to work on /home/airflow/.local/lib/python3.12/site-packages/airflow/example_dags/example_bash_operator.py
[2024-04-15T17:37:01.725+0000] {processor.py:830} INFO - Processing file /home/airflow/.local/lib/python3.12/site-packages/airflow/example_dags/example_bash_operator.py for tasks to queue
[2024-04-15T17:37:01.730+0000] {logging_mixin.py:188} INFO - [2024-04-15T17:37:01.730+0000] {dagbag.py:540} INFO - Filling up the DagBag from /home/airflow/.local/lib/python3.12/site-packages/airflow/example_dags/example_bash_operator.py
[2024-04-15T17:37:01.760+0000] {processor.py:840} INFO - DAG(s) 'example_bash_operator' retrieved from /home/airflow/.local/lib/python3.12/site-packages/airflow/example_dags/example_bash_operator.py
[2024-04-15T17:37:01.783+0000] {logging_mixin.py:188} INFO - [2024-04-15T17:37:01.783+0000] {dag.py:3096} INFO - Sync 1 DAGs
[2024-04-15T17:37:01.807+0000] {logging_mixin.py:188} INFO - [2024-04-15T17:37:01.807+0000] {dag.py:3954} INFO - Setting next_dagrun for example_bash_operator to 2024-04-14 00:00:00+00:00, run_after=2024-04-15 00:00:00+00:00
[2024-04-15T17:37:01.820+0000] {processor.py:183} INFO - Processing /home/airflow/.local/lib/python3.12/site-packages/airflow/example_dags/example_bash_operator.py took 0.102 seconds
[2024-04-15T17:37:32.281+0000] {processor.py:161} INFO - Started process (PID=1359) to work on /home/airflow/.local/lib/python3.12/site-packages/airflow/example_dags/example_bash_operator.py
[2024-04-15T17:37:32.285+0000] {processor.py:830} INFO - Processing file /home/airflow/.local/lib/python3.12/site-packages/airflow/example_dags/example_bash_operator.py for tasks to queue
[2024-04-15T17:37:32.292+0000] {logging_mixin.py:188} INFO - [2024-04-15T17:37:32.291+0000] {dagbag.py:540} INFO - Filling up the DagBag from /home/airflow/.local/lib/python3.12/site-packages/airflow/example_dags/example_bash_operator.py
[2024-04-15T17:37:32.322+0000] {processor.py:840} INFO - DAG(s) 'example_bash_operator' retrieved from /home/airflow/.local/lib/python3.12/site-packages/airflow/example_dags/example_bash_operator.py
[2024-04-15T17:37:32.351+0000] {logging_mixin.py:188} INFO - [2024-04-15T17:37:32.351+0000] {dag.py:3096} INFO - Sync 1 DAGs
[2024-04-15T17:37:32.369+0000] {logging_mixin.py:188} INFO - [2024-04-15T17:37:32.369+0000] {dag.py:3954} INFO - Setting next_dagrun for example_bash_operator to 2024-04-14 00:00:00+00:00, run_after=2024-04-15 00:00:00+00:00
[2024-04-15T17:37:32.380+0000] {processor.py:183} INFO - Processing /home/airflow/.local/lib/python3.12/site-packages/airflow/example_dags/example_bash_operator.py took 0.107 seconds
[2024-04-15T17:38:02.642+0000] {processor.py:161} INFO - Started process (PID=1419) to work on /home/airflow/.local/lib/python3.12/site-packages/airflow/example_dags/example_bash_operator.py
[2024-04-15T17:38:02.647+0000] {processor.py:830} INFO - Processing file /home/airflow/.local/lib/python3.12/site-packages/airflow/example_dags/example_bash_operator.py for tasks to queue
[2024-04-15T17:38:02.660+0000] {logging_mixin.py:188} INFO - [2024-04-15T17:38:02.658+0000] {dagbag.py:540} INFO - Filling up the DagBag from /home/airflow/.local/lib/python3.12/site-packages/airflow/example_dags/example_bash_operator.py
[2024-04-15T17:38:02.676+0000] {processor.py:840} INFO - DAG(s) 'example_bash_operator' retrieved from /home/airflow/.local/lib/python3.12/site-packages/airflow/example_dags/example_bash_operator.py
[2024-04-15T17:38:02.692+0000] {logging_mixin.py:188} INFO - [2024-04-15T17:38:02.692+0000] {dag.py:3096} INFO - Sync 1 DAGs
[2024-04-15T17:38:02.709+0000] {logging_mixin.py:188} INFO - [2024-04-15T17:38:02.709+0000] {dag.py:3954} INFO - Setting next_dagrun for example_bash_operator to 2024-04-14 00:00:00+00:00, run_after=2024-04-15 00:00:00+00:00
[2024-04-15T17:38:02.719+0000] {processor.py:183} INFO - Processing /home/airflow/.local/lib/python3.12/site-packages/airflow/example_dags/example_bash_operator.py took 0.088 seconds
[2024-04-15T17:38:32.813+0000] {processor.py:161} INFO - Started process (PID=1479) to work on /home/airflow/.local/lib/python3.12/site-packages/airflow/example_dags/example_bash_operator.py
[2024-04-15T17:38:32.816+0000] {processor.py:830} INFO - Processing file /home/airflow/.local/lib/python3.12/site-packages/airflow/example_dags/example_bash_operator.py for tasks to queue
[2024-04-15T17:38:32.831+0000] {logging_mixin.py:188} INFO - [2024-04-15T17:38:32.830+0000] {dagbag.py:540} INFO - Filling up the DagBag from /home/airflow/.local/lib/python3.12/site-packages/airflow/example_dags/example_bash_operator.py
[2024-04-15T17:38:32.852+0000] {processor.py:840} INFO - DAG(s) 'example_bash_operator' retrieved from /home/airflow/.local/lib/python3.12/site-packages/airflow/example_dags/example_bash_operator.py
[2024-04-15T17:38:32.879+0000] {logging_mixin.py:188} INFO - [2024-04-15T17:38:32.879+0000] {dag.py:3096} INFO - Sync 1 DAGs
[2024-04-15T17:38:32.899+0000] {logging_mixin.py:188} INFO - [2024-04-15T17:38:32.899+0000] {dag.py:3954} INFO - Setting next_dagrun for example_bash_operator to 2024-04-14 00:00:00+00:00, run_after=2024-04-15 00:00:00+00:00
[2024-04-15T17:38:32.913+0000] {processor.py:183} INFO - Processing /home/airflow/.local/lib/python3.12/site-packages/airflow/example_dags/example_bash_operator.py took 0.111 seconds
[2024-04-15T17:39:03.470+0000] {processor.py:161} INFO - Started process (PID=1539) to work on /home/airflow/.local/lib/python3.12/site-packages/airflow/example_dags/example_bash_operator.py
[2024-04-15T17:39:03.472+0000] {processor.py:830} INFO - Processing file /home/airflow/.local/lib/python3.12/site-packages/airflow/example_dags/example_bash_operator.py for tasks to queue
[2024-04-15T17:39:03.479+0000] {logging_mixin.py:188} INFO - [2024-04-15T17:39:03.478+0000] {dagbag.py:540} INFO - Filling up the DagBag from /home/airflow/.local/lib/python3.12/site-packages/airflow/example_dags/example_bash_operator.py
[2024-04-15T17:39:03.511+0000] {processor.py:840} INFO - DAG(s) 'example_bash_operator' retrieved from /home/airflow/.local/lib/python3.12/site-packages/airflow/example_dags/example_bash_operator.py
[2024-04-15T17:39:03.530+0000] {logging_mixin.py:188} INFO - [2024-04-15T17:39:03.529+0000] {dag.py:3096} INFO - Sync 1 DAGs
[2024-04-15T17:39:03.549+0000] {logging_mixin.py:188} INFO - [2024-04-15T17:39:03.548+0000] {dag.py:3954} INFO - Setting next_dagrun for example_bash_operator to 2024-04-14 00:00:00+00:00, run_after=2024-04-15 00:00:00+00:00
[2024-04-15T17:39:03.559+0000] {processor.py:183} INFO - Processing /home/airflow/.local/lib/python3.12/site-packages/airflow/example_dags/example_bash_operator.py took 0.112 seconds
[2024-04-15T17:39:33.899+0000] {processor.py:161} INFO - Started process (PID=1599) to work on /home/airflow/.local/lib/python3.12/site-packages/airflow/example_dags/example_bash_operator.py
[2024-04-15T17:39:33.901+0000] {processor.py:830} INFO - Processing file /home/airflow/.local/lib/python3.12/site-packages/airflow/example_dags/example_bash_operator.py for tasks to queue
[2024-04-15T17:39:33.920+0000] {logging_mixin.py:188} INFO - [2024-04-15T17:39:33.919+0000] {dagbag.py:540} INFO - Filling up the DagBag from /home/airflow/.local/lib/python3.12/site-packages/airflow/example_dags/example_bash_operator.py
[2024-04-15T17:39:33.956+0000] {processor.py:840} INFO - DAG(s) 'example_bash_operator' retrieved from /home/airflow/.local/lib/python3.12/site-packages/airflow/example_dags/example_bash_operator.py
[2024-04-15T17:39:33.975+0000] {logging_mixin.py:188} INFO - [2024-04-15T17:39:33.974+0000] {dag.py:3096} INFO - Sync 1 DAGs
[2024-04-15T17:39:33.992+0000] {logging_mixin.py:188} INFO - [2024-04-15T17:39:33.992+0000] {dag.py:3954} INFO - Setting next_dagrun for example_bash_operator to 2024-04-14 00:00:00+00:00, run_after=2024-04-15 00:00:00+00:00
[2024-04-15T17:39:34.002+0000] {processor.py:183} INFO - Processing /home/airflow/.local/lib/python3.12/site-packages/airflow/example_dags/example_bash_operator.py took 0.117 seconds
[2024-04-15T17:40:04.418+0000] {processor.py:161} INFO - Started process (PID=1659) to work on /home/airflow/.local/lib/python3.12/site-packages/airflow/example_dags/example_bash_operator.py
[2024-04-15T17:40:04.421+0000] {processor.py:830} INFO - Processing file /home/airflow/.local/lib/python3.12/site-packages/airflow/example_dags/example_bash_operator.py for tasks to queue
[2024-04-15T17:40:04.425+0000] {logging_mixin.py:188} INFO - [2024-04-15T17:40:04.424+0000] {dagbag.py:540} INFO - Filling up the DagBag from /home/airflow/.local/lib/python3.12/site-packages/airflow/example_dags/example_bash_operator.py
[2024-04-15T17:40:04.439+0000] {processor.py:840} INFO - DAG(s) 'example_bash_operator' retrieved from /home/airflow/.local/lib/python3.12/site-packages/airflow/example_dags/example_bash_operator.py
[2024-04-15T17:40:04.457+0000] {logging_mixin.py:188} INFO - [2024-04-15T17:40:04.457+0000] {dag.py:3096} INFO - Sync 1 DAGs
[2024-04-15T17:40:04.475+0000] {logging_mixin.py:188} INFO - [2024-04-15T17:40:04.475+0000] {dag.py:3954} INFO - Setting next_dagrun for example_bash_operator to 2024-04-14 00:00:00+00:00, run_after=2024-04-15 00:00:00+00:00
[2024-04-15T17:40:04.492+0000] {processor.py:183} INFO - Processing /home/airflow/.local/lib/python3.12/site-packages/airflow/example_dags/example_bash_operator.py took 0.100 seconds
[2024-04-15T17:40:34.954+0000] {processor.py:161} INFO - Started process (PID=1719) to work on /home/airflow/.local/lib/python3.12/site-packages/airflow/example_dags/example_bash_operator.py
[2024-04-15T17:40:34.957+0000] {processor.py:830} INFO - Processing file /home/airflow/.local/lib/python3.12/site-packages/airflow/example_dags/example_bash_operator.py for tasks to queue
[2024-04-15T17:40:34.962+0000] {logging_mixin.py:188} INFO - [2024-04-15T17:40:34.961+0000] {dagbag.py:540} INFO - Filling up the DagBag from /home/airflow/.local/lib/python3.12/site-packages/airflow/example_dags/example_bash_operator.py
[2024-04-15T17:40:34.977+0000] {processor.py:840} INFO - DAG(s) 'example_bash_operator' retrieved from /home/airflow/.local/lib/python3.12/site-packages/airflow/example_dags/example_bash_operator.py
[2024-04-15T17:40:35.000+0000] {logging_mixin.py:188} INFO - [2024-04-15T17:40:35.000+0000] {dag.py:3096} INFO - Sync 1 DAGs
[2024-04-15T17:40:35.017+0000] {logging_mixin.py:188} INFO - [2024-04-15T17:40:35.017+0000] {dag.py:3954} INFO - Setting next_dagrun for example_bash_operator to 2024-04-14 00:00:00+00:00, run_after=2024-04-15 00:00:00+00:00
[2024-04-15T17:40:35.035+0000] {processor.py:183} INFO - Processing /home/airflow/.local/lib/python3.12/site-packages/airflow/example_dags/example_bash_operator.py took 0.110 seconds
[2024-04-15T17:41:05.880+0000] {processor.py:161} INFO - Started process (PID=1779) to work on /home/airflow/.local/lib/python3.12/site-packages/airflow/example_dags/example_bash_operator.py
[2024-04-15T17:41:05.884+0000] {processor.py:830} INFO - Processing file /home/airflow/.local/lib/python3.12/site-packages/airflow/example_dags/example_bash_operator.py for tasks to queue
[2024-04-15T17:41:05.890+0000] {logging_mixin.py:188} INFO - [2024-04-15T17:41:05.890+0000] {dagbag.py:540} INFO - Filling up the DagBag from /home/airflow/.local/lib/python3.12/site-packages/airflow/example_dags/example_bash_operator.py
[2024-04-15T17:41:05.905+0000] {processor.py:840} INFO - DAG(s) 'example_bash_operator' retrieved from /home/airflow/.local/lib/python3.12/site-packages/airflow/example_dags/example_bash_operator.py
[2024-04-15T17:41:05.922+0000] {logging_mixin.py:188} INFO - [2024-04-15T17:41:05.922+0000] {dag.py:3096} INFO - Sync 1 DAGs
[2024-04-15T17:41:05.940+0000] {logging_mixin.py:188} INFO - [2024-04-15T17:41:05.940+0000] {dag.py:3954} INFO - Setting next_dagrun for example_bash_operator to 2024-04-14 00:00:00+00:00, run_after=2024-04-15 00:00:00+00:00
[2024-04-15T17:41:05.956+0000] {processor.py:183} INFO - Processing /home/airflow/.local/lib/python3.12/site-packages/airflow/example_dags/example_bash_operator.py took 0.105 seconds
[2024-04-15T17:41:36.985+0000] {processor.py:161} INFO - Started process (PID=1839) to work on /home/airflow/.local/lib/python3.12/site-packages/airflow/example_dags/example_bash_operator.py
[2024-04-15T17:41:36.987+0000] {processor.py:830} INFO - Processing file /home/airflow/.local/lib/python3.12/site-packages/airflow/example_dags/example_bash_operator.py for tasks to queue
[2024-04-15T17:41:36.994+0000] {logging_mixin.py:188} INFO - [2024-04-15T17:41:36.993+0000] {dagbag.py:540} INFO - Filling up the DagBag from /home/airflow/.local/lib/python3.12/site-packages/airflow/example_dags/example_bash_operator.py
[2024-04-15T17:41:37.025+0000] {processor.py:840} INFO - DAG(s) 'example_bash_operator' retrieved from /home/airflow/.local/lib/python3.12/site-packages/airflow/example_dags/example_bash_operator.py
[2024-04-15T17:41:37.052+0000] {logging_mixin.py:188} INFO - [2024-04-15T17:41:37.052+0000] {dag.py:3096} INFO - Sync 1 DAGs
[2024-04-15T17:41:37.093+0000] {logging_mixin.py:188} INFO - [2024-04-15T17:41:37.093+0000] {dag.py:3954} INFO - Setting next_dagrun for example_bash_operator to 2024-04-14 00:00:00+00:00, run_after=2024-04-15 00:00:00+00:00
[2024-04-15T17:41:37.111+0000] {processor.py:183} INFO - Processing /home/airflow/.local/lib/python3.12/site-packages/airflow/example_dags/example_bash_operator.py took 0.147 seconds
[2024-04-15T17:42:08.135+0000] {processor.py:161} INFO - Started process (PID=1898) to work on /home/airflow/.local/lib/python3.12/site-packages/airflow/example_dags/example_bash_operator.py
[2024-04-15T17:42:08.137+0000] {processor.py:830} INFO - Processing file /home/airflow/.local/lib/python3.12/site-packages/airflow/example_dags/example_bash_operator.py for tasks to queue
[2024-04-15T17:42:08.145+0000] {logging_mixin.py:188} INFO - [2024-04-15T17:42:08.144+0000] {dagbag.py:540} INFO - Filling up the DagBag from /home/airflow/.local/lib/python3.12/site-packages/airflow/example_dags/example_bash_operator.py
[2024-04-15T17:42:08.168+0000] {processor.py:840} INFO - DAG(s) 'example_bash_operator' retrieved from /home/airflow/.local/lib/python3.12/site-packages/airflow/example_dags/example_bash_operator.py
[2024-04-15T17:42:08.188+0000] {logging_mixin.py:188} INFO - [2024-04-15T17:42:08.187+0000] {dag.py:3096} INFO - Sync 1 DAGs
[2024-04-15T17:42:08.228+0000] {logging_mixin.py:188} INFO - [2024-04-15T17:42:08.227+0000] {dag.py:3954} INFO - Setting next_dagrun for example_bash_operator to 2024-04-14 00:00:00+00:00, run_after=2024-04-15 00:00:00+00:00
[2024-04-15T17:42:08.253+0000] {processor.py:183} INFO - Processing /home/airflow/.local/lib/python3.12/site-packages/airflow/example_dags/example_bash_operator.py took 0.140 seconds
[2024-04-15T17:42:38.813+0000] {processor.py:161} INFO - Started process (PID=1958) to work on /home/airflow/.local/lib/python3.12/site-packages/airflow/example_dags/example_bash_operator.py
[2024-04-15T17:42:38.815+0000] {processor.py:830} INFO - Processing file /home/airflow/.local/lib/python3.12/site-packages/airflow/example_dags/example_bash_operator.py for tasks to queue
[2024-04-15T17:42:38.820+0000] {logging_mixin.py:188} INFO - [2024-04-15T17:42:38.819+0000] {dagbag.py:540} INFO - Filling up the DagBag from /home/airflow/.local/lib/python3.12/site-packages/airflow/example_dags/example_bash_operator.py
[2024-04-15T17:42:38.848+0000] {processor.py:840} INFO - DAG(s) 'example_bash_operator' retrieved from /home/airflow/.local/lib/python3.12/site-packages/airflow/example_dags/example_bash_operator.py
[2024-04-15T17:42:38.871+0000] {logging_mixin.py:188} INFO - [2024-04-15T17:42:38.870+0000] {dag.py:3096} INFO - Sync 1 DAGs
[2024-04-15T17:42:38.900+0000] {logging_mixin.py:188} INFO - [2024-04-15T17:42:38.900+0000] {dag.py:3954} INFO - Setting next_dagrun for example_bash_operator to 2024-04-14 00:00:00+00:00, run_after=2024-04-15 00:00:00+00:00
[2024-04-15T17:42:38.915+0000] {processor.py:183} INFO - Processing /home/airflow/.local/lib/python3.12/site-packages/airflow/example_dags/example_bash_operator.py took 0.127 seconds
[2024-04-15T17:43:09.610+0000] {processor.py:161} INFO - Started process (PID=2017) to work on /home/airflow/.local/lib/python3.12/site-packages/airflow/example_dags/example_bash_operator.py
[2024-04-15T17:43:09.626+0000] {processor.py:830} INFO - Processing file /home/airflow/.local/lib/python3.12/site-packages/airflow/example_dags/example_bash_operator.py for tasks to queue
[2024-04-15T17:43:09.633+0000] {logging_mixin.py:188} INFO - [2024-04-15T17:43:09.633+0000] {dagbag.py:540} INFO - Filling up the DagBag from /home/airflow/.local/lib/python3.12/site-packages/airflow/example_dags/example_bash_operator.py
[2024-04-15T17:43:09.667+0000] {processor.py:840} INFO - DAG(s) 'example_bash_operator' retrieved from /home/airflow/.local/lib/python3.12/site-packages/airflow/example_dags/example_bash_operator.py
[2024-04-15T17:43:09.692+0000] {logging_mixin.py:188} INFO - [2024-04-15T17:43:09.692+0000] {dag.py:3096} INFO - Sync 1 DAGs
[2024-04-15T17:43:09.712+0000] {logging_mixin.py:188} INFO - [2024-04-15T17:43:09.712+0000] {dag.py:3954} INFO - Setting next_dagrun for example_bash_operator to 2024-04-14 00:00:00+00:00, run_after=2024-04-15 00:00:00+00:00
[2024-04-15T17:43:09.724+0000] {processor.py:183} INFO - Processing /home/airflow/.local/lib/python3.12/site-packages/airflow/example_dags/example_bash_operator.py took 0.137 seconds
[2024-04-15T17:43:40.286+0000] {processor.py:161} INFO - Started process (PID=2077) to work on /home/airflow/.local/lib/python3.12/site-packages/airflow/example_dags/example_bash_operator.py
[2024-04-15T17:43:40.294+0000] {processor.py:830} INFO - Processing file /home/airflow/.local/lib/python3.12/site-packages/airflow/example_dags/example_bash_operator.py for tasks to queue
[2024-04-15T17:43:40.298+0000] {logging_mixin.py:188} INFO - [2024-04-15T17:43:40.298+0000] {dagbag.py:540} INFO - Filling up the DagBag from /home/airflow/.local/lib/python3.12/site-packages/airflow/example_dags/example_bash_operator.py
[2024-04-15T17:43:40.313+0000] {processor.py:840} INFO - DAG(s) 'example_bash_operator' retrieved from /home/airflow/.local/lib/python3.12/site-packages/airflow/example_dags/example_bash_operator.py
[2024-04-15T17:43:40.332+0000] {logging_mixin.py:188} INFO - [2024-04-15T17:43:40.332+0000] {dag.py:3096} INFO - Sync 1 DAGs
[2024-04-15T17:43:40.372+0000] {logging_mixin.py:188} INFO - [2024-04-15T17:43:40.372+0000] {dag.py:3954} INFO - Setting next_dagrun for example_bash_operator to 2024-04-14 00:00:00+00:00, run_after=2024-04-15 00:00:00+00:00
[2024-04-15T17:43:40.385+0000] {processor.py:183} INFO - Processing /home/airflow/.local/lib/python3.12/site-packages/airflow/example_dags/example_bash_operator.py took 0.120 seconds
[2024-04-15T17:44:11.362+0000] {processor.py:161} INFO - Started process (PID=2137) to work on /home/airflow/.local/lib/python3.12/site-packages/airflow/example_dags/example_bash_operator.py
[2024-04-15T17:44:11.363+0000] {processor.py:830} INFO - Processing file /home/airflow/.local/lib/python3.12/site-packages/airflow/example_dags/example_bash_operator.py for tasks to queue
[2024-04-15T17:44:11.365+0000] {logging_mixin.py:188} INFO - [2024-04-15T17:44:11.365+0000] {dagbag.py:540} INFO - Filling up the DagBag from /home/airflow/.local/lib/python3.12/site-packages/airflow/example_dags/example_bash_operator.py
[2024-04-15T17:44:11.414+0000] {processor.py:840} INFO - DAG(s) 'example_bash_operator' retrieved from /home/airflow/.local/lib/python3.12/site-packages/airflow/example_dags/example_bash_operator.py
[2024-04-15T17:44:11.454+0000] {logging_mixin.py:188} INFO - [2024-04-15T17:44:11.453+0000] {dag.py:3096} INFO - Sync 1 DAGs
[2024-04-15T17:44:11.498+0000] {logging_mixin.py:188} INFO - [2024-04-15T17:44:11.498+0000] {dag.py:3954} INFO - Setting next_dagrun for example_bash_operator to 2024-04-14 00:00:00+00:00, run_after=2024-04-15 00:00:00+00:00
[2024-04-15T17:44:11.518+0000] {processor.py:183} INFO - Processing /home/airflow/.local/lib/python3.12/site-packages/airflow/example_dags/example_bash_operator.py took 0.163 seconds
[2024-04-15T17:44:41.993+0000] {processor.py:161} INFO - Started process (PID=2197) to work on /home/airflow/.local/lib/python3.12/site-packages/airflow/example_dags/example_bash_operator.py
[2024-04-15T17:44:41.994+0000] {processor.py:830} INFO - Processing file /home/airflow/.local/lib/python3.12/site-packages/airflow/example_dags/example_bash_operator.py for tasks to queue
[2024-04-15T17:44:41.996+0000] {logging_mixin.py:188} INFO - [2024-04-15T17:44:41.996+0000] {dagbag.py:540} INFO - Filling up the DagBag from /home/airflow/.local/lib/python3.12/site-packages/airflow/example_dags/example_bash_operator.py
[2024-04-15T17:44:42.013+0000] {processor.py:840} INFO - DAG(s) 'example_bash_operator' retrieved from /home/airflow/.local/lib/python3.12/site-packages/airflow/example_dags/example_bash_operator.py
[2024-04-15T17:44:42.064+0000] {logging_mixin.py:188} INFO - [2024-04-15T17:44:42.064+0000] {dag.py:3096} INFO - Sync 1 DAGs
[2024-04-15T17:44:42.103+0000] {logging_mixin.py:188} INFO - [2024-04-15T17:44:42.103+0000] {dag.py:3954} INFO - Setting next_dagrun for example_bash_operator to 2024-04-14 00:00:00+00:00, run_after=2024-04-15 00:00:00+00:00
[2024-04-15T17:44:42.114+0000] {processor.py:183} INFO - Processing /home/airflow/.local/lib/python3.12/site-packages/airflow/example_dags/example_bash_operator.py took 0.137 seconds
[2024-04-15T17:45:12.468+0000] {processor.py:161} INFO - Started process (PID=2257) to work on /home/airflow/.local/lib/python3.12/site-packages/airflow/example_dags/example_bash_operator.py
[2024-04-15T17:45:12.471+0000] {processor.py:830} INFO - Processing file /home/airflow/.local/lib/python3.12/site-packages/airflow/example_dags/example_bash_operator.py for tasks to queue
[2024-04-15T17:45:12.478+0000] {logging_mixin.py:188} INFO - [2024-04-15T17:45:12.474+0000] {dagbag.py:540} INFO - Filling up the DagBag from /home/airflow/.local/lib/python3.12/site-packages/airflow/example_dags/example_bash_operator.py
[2024-04-15T17:45:12.520+0000] {processor.py:840} INFO - DAG(s) 'example_bash_operator' retrieved from /home/airflow/.local/lib/python3.12/site-packages/airflow/example_dags/example_bash_operator.py
[2024-04-15T17:45:12.543+0000] {logging_mixin.py:188} INFO - [2024-04-15T17:45:12.543+0000] {dag.py:3096} INFO - Sync 1 DAGs
[2024-04-15T17:45:12.562+0000] {logging_mixin.py:188} INFO - [2024-04-15T17:45:12.562+0000] {dag.py:3954} INFO - Setting next_dagrun for example_bash_operator to 2024-04-14 00:00:00+00:00, run_after=2024-04-15 00:00:00+00:00
[2024-04-15T17:45:12.578+0000] {processor.py:183} INFO - Processing /home/airflow/.local/lib/python3.12/site-packages/airflow/example_dags/example_bash_operator.py took 0.124 seconds
[2024-04-15T17:45:43.122+0000] {processor.py:161} INFO - Started process (PID=2317) to work on /home/airflow/.local/lib/python3.12/site-packages/airflow/example_dags/example_bash_operator.py
[2024-04-15T17:45:43.133+0000] {processor.py:830} INFO - Processing file /home/airflow/.local/lib/python3.12/site-packages/airflow/example_dags/example_bash_operator.py for tasks to queue
[2024-04-15T17:45:43.167+0000] {logging_mixin.py:188} INFO - [2024-04-15T17:45:43.167+0000] {dagbag.py:540} INFO - Filling up the DagBag from /home/airflow/.local/lib/python3.12/site-packages/airflow/example_dags/example_bash_operator.py
[2024-04-15T17:45:43.232+0000] {processor.py:840} INFO - DAG(s) 'example_bash_operator' retrieved from /home/airflow/.local/lib/python3.12/site-packages/airflow/example_dags/example_bash_operator.py
[2024-04-15T17:45:43.353+0000] {logging_mixin.py:188} INFO - [2024-04-15T17:45:43.352+0000] {dag.py:3096} INFO - Sync 1 DAGs
[2024-04-15T17:45:43.434+0000] {logging_mixin.py:188} INFO - [2024-04-15T17:45:43.433+0000] {dag.py:3954} INFO - Setting next_dagrun for example_bash_operator to 2024-04-14 00:00:00+00:00, run_after=2024-04-15 00:00:00+00:00
[2024-04-15T17:45:43.455+0000] {processor.py:183} INFO - Processing /home/airflow/.local/lib/python3.12/site-packages/airflow/example_dags/example_bash_operator.py took 0.349 seconds
[2024-04-15T17:46:14.153+0000] {processor.py:161} INFO - Started process (PID=2377) to work on /home/airflow/.local/lib/python3.12/site-packages/airflow/example_dags/example_bash_operator.py
[2024-04-15T17:46:14.158+0000] {processor.py:830} INFO - Processing file /home/airflow/.local/lib/python3.12/site-packages/airflow/example_dags/example_bash_operator.py for tasks to queue
[2024-04-15T17:46:14.167+0000] {logging_mixin.py:188} INFO - [2024-04-15T17:46:14.165+0000] {dagbag.py:540} INFO - Filling up the DagBag from /home/airflow/.local/lib/python3.12/site-packages/airflow/example_dags/example_bash_operator.py
[2024-04-15T17:46:14.186+0000] {processor.py:840} INFO - DAG(s) 'example_bash_operator' retrieved from /home/airflow/.local/lib/python3.12/site-packages/airflow/example_dags/example_bash_operator.py
[2024-04-15T17:46:14.240+0000] {logging_mixin.py:188} INFO - [2024-04-15T17:46:14.240+0000] {dag.py:3096} INFO - Sync 1 DAGs
[2024-04-15T17:46:14.267+0000] {logging_mixin.py:188} INFO - [2024-04-15T17:46:14.267+0000] {dag.py:3954} INFO - Setting next_dagrun for example_bash_operator to 2024-04-14 00:00:00+00:00, run_after=2024-04-15 00:00:00+00:00
[2024-04-15T17:46:14.282+0000] {processor.py:183} INFO - Processing /home/airflow/.local/lib/python3.12/site-packages/airflow/example_dags/example_bash_operator.py took 0.157 seconds
[2024-04-15T17:46:45.223+0000] {processor.py:161} INFO - Started process (PID=2437) to work on /home/airflow/.local/lib/python3.12/site-packages/airflow/example_dags/example_bash_operator.py
[2024-04-15T17:46:45.231+0000] {processor.py:830} INFO - Processing file /home/airflow/.local/lib/python3.12/site-packages/airflow/example_dags/example_bash_operator.py for tasks to queue
[2024-04-15T17:46:45.238+0000] {logging_mixin.py:188} INFO - [2024-04-15T17:46:45.237+0000] {dagbag.py:540} INFO - Filling up the DagBag from /home/airflow/.local/lib/python3.12/site-packages/airflow/example_dags/example_bash_operator.py
[2024-04-15T17:46:45.282+0000] {processor.py:840} INFO - DAG(s) 'example_bash_operator' retrieved from /home/airflow/.local/lib/python3.12/site-packages/airflow/example_dags/example_bash_operator.py
[2024-04-15T17:46:45.318+0000] {logging_mixin.py:188} INFO - [2024-04-15T17:46:45.318+0000] {dag.py:3096} INFO - Sync 1 DAGs
[2024-04-15T17:46:45.357+0000] {logging_mixin.py:188} INFO - [2024-04-15T17:46:45.357+0000] {dag.py:3954} INFO - Setting next_dagrun for example_bash_operator to 2024-04-14 00:00:00+00:00, run_after=2024-04-15 00:00:00+00:00
[2024-04-15T17:46:45.383+0000] {processor.py:183} INFO - Processing /home/airflow/.local/lib/python3.12/site-packages/airflow/example_dags/example_bash_operator.py took 0.180 seconds
[2024-04-15T17:47:15.485+0000] {processor.py:161} INFO - Started process (PID=2497) to work on /home/airflow/.local/lib/python3.12/site-packages/airflow/example_dags/example_bash_operator.py
[2024-04-15T17:47:15.487+0000] {processor.py:830} INFO - Processing file /home/airflow/.local/lib/python3.12/site-packages/airflow/example_dags/example_bash_operator.py for tasks to queue
[2024-04-15T17:47:15.494+0000] {logging_mixin.py:188} INFO - [2024-04-15T17:47:15.493+0000] {dagbag.py:540} INFO - Filling up the DagBag from /home/airflow/.local/lib/python3.12/site-packages/airflow/example_dags/example_bash_operator.py
[2024-04-15T17:47:15.535+0000] {processor.py:840} INFO - DAG(s) 'example_bash_operator' retrieved from /home/airflow/.local/lib/python3.12/site-packages/airflow/example_dags/example_bash_operator.py
[2024-04-15T17:47:15.565+0000] {logging_mixin.py:188} INFO - [2024-04-15T17:47:15.565+0000] {dag.py:3096} INFO - Sync 1 DAGs
[2024-04-15T17:47:15.604+0000] {logging_mixin.py:188} INFO - [2024-04-15T17:47:15.603+0000] {dag.py:3954} INFO - Setting next_dagrun for example_bash_operator to 2024-04-14 00:00:00+00:00, run_after=2024-04-15 00:00:00+00:00
[2024-04-15T17:47:15.618+0000] {processor.py:183} INFO - Processing /home/airflow/.local/lib/python3.12/site-packages/airflow/example_dags/example_bash_operator.py took 0.144 seconds
[2024-04-15T17:47:45.960+0000] {processor.py:161} INFO - Started process (PID=2557) to work on /home/airflow/.local/lib/python3.12/site-packages/airflow/example_dags/example_bash_operator.py
[2024-04-15T17:47:45.962+0000] {processor.py:830} INFO - Processing file /home/airflow/.local/lib/python3.12/site-packages/airflow/example_dags/example_bash_operator.py for tasks to queue
[2024-04-15T17:47:45.965+0000] {logging_mixin.py:188} INFO - [2024-04-15T17:47:45.965+0000] {dagbag.py:540} INFO - Filling up the DagBag from /home/airflow/.local/lib/python3.12/site-packages/airflow/example_dags/example_bash_operator.py
[2024-04-15T17:47:46.016+0000] {processor.py:840} INFO - DAG(s) 'example_bash_operator' retrieved from /home/airflow/.local/lib/python3.12/site-packages/airflow/example_dags/example_bash_operator.py
[2024-04-15T17:47:46.044+0000] {logging_mixin.py:188} INFO - [2024-04-15T17:47:46.044+0000] {dag.py:3096} INFO - Sync 1 DAGs
[2024-04-15T17:47:46.082+0000] {logging_mixin.py:188} INFO - [2024-04-15T17:47:46.082+0000] {dag.py:3954} INFO - Setting next_dagrun for example_bash_operator to 2024-04-14 00:00:00+00:00, run_after=2024-04-15 00:00:00+00:00
[2024-04-15T17:47:46.096+0000] {processor.py:183} INFO - Processing /home/airflow/.local/lib/python3.12/site-packages/airflow/example_dags/example_bash_operator.py took 0.147 seconds
[2024-04-15T17:48:16.299+0000] {processor.py:161} INFO - Started process (PID=2617) to work on /home/airflow/.local/lib/python3.12/site-packages/airflow/example_dags/example_bash_operator.py
[2024-04-15T17:48:16.301+0000] {processor.py:830} INFO - Processing file /home/airflow/.local/lib/python3.12/site-packages/airflow/example_dags/example_bash_operator.py for tasks to queue
[2024-04-15T17:48:16.307+0000] {logging_mixin.py:188} INFO - [2024-04-15T17:48:16.307+0000] {dagbag.py:540} INFO - Filling up the DagBag from /home/airflow/.local/lib/python3.12/site-packages/airflow/example_dags/example_bash_operator.py
[2024-04-15T17:48:16.330+0000] {processor.py:840} INFO - DAG(s) 'example_bash_operator' retrieved from /home/airflow/.local/lib/python3.12/site-packages/airflow/example_dags/example_bash_operator.py
[2024-04-15T17:48:16.368+0000] {logging_mixin.py:188} INFO - [2024-04-15T17:48:16.368+0000] {dag.py:3096} INFO - Sync 1 DAGs
[2024-04-15T17:48:16.392+0000] {logging_mixin.py:188} INFO - [2024-04-15T17:48:16.392+0000] {dag.py:3954} INFO - Setting next_dagrun for example_bash_operator to 2024-04-14 00:00:00+00:00, run_after=2024-04-15 00:00:00+00:00
[2024-04-15T17:48:16.403+0000] {processor.py:183} INFO - Processing /home/airflow/.local/lib/python3.12/site-packages/airflow/example_dags/example_bash_operator.py took 0.124 seconds
[2024-04-15T17:48:46.550+0000] {processor.py:161} INFO - Started process (PID=2677) to work on /home/airflow/.local/lib/python3.12/site-packages/airflow/example_dags/example_bash_operator.py
[2024-04-15T17:48:46.551+0000] {processor.py:830} INFO - Processing file /home/airflow/.local/lib/python3.12/site-packages/airflow/example_dags/example_bash_operator.py for tasks to queue
[2024-04-15T17:48:46.552+0000] {logging_mixin.py:188} INFO - [2024-04-15T17:48:46.552+0000] {dagbag.py:540} INFO - Filling up the DagBag from /home/airflow/.local/lib/python3.12/site-packages/airflow/example_dags/example_bash_operator.py
[2024-04-15T17:48:46.565+0000] {processor.py:840} INFO - DAG(s) 'example_bash_operator' retrieved from /home/airflow/.local/lib/python3.12/site-packages/airflow/example_dags/example_bash_operator.py
[2024-04-15T17:48:46.613+0000] {logging_mixin.py:188} INFO - [2024-04-15T17:48:46.613+0000] {dag.py:3096} INFO - Sync 1 DAGs
[2024-04-15T17:48:46.639+0000] {logging_mixin.py:188} INFO - [2024-04-15T17:48:46.639+0000] {dag.py:3954} INFO - Setting next_dagrun for example_bash_operator to 2024-04-14 00:00:00+00:00, run_after=2024-04-15 00:00:00+00:00
[2024-04-15T17:48:46.651+0000] {processor.py:183} INFO - Processing /home/airflow/.local/lib/python3.12/site-packages/airflow/example_dags/example_bash_operator.py took 0.105 seconds
[2024-04-15T17:49:16.945+0000] {processor.py:161} INFO - Started process (PID=2737) to work on /home/airflow/.local/lib/python3.12/site-packages/airflow/example_dags/example_bash_operator.py
[2024-04-15T17:49:16.949+0000] {processor.py:830} INFO - Processing file /home/airflow/.local/lib/python3.12/site-packages/airflow/example_dags/example_bash_operator.py for tasks to queue
[2024-04-15T17:49:16.959+0000] {logging_mixin.py:188} INFO - [2024-04-15T17:49:16.957+0000] {dagbag.py:540} INFO - Filling up the DagBag from /home/airflow/.local/lib/python3.12/site-packages/airflow/example_dags/example_bash_operator.py
[2024-04-15T17:49:16.988+0000] {processor.py:840} INFO - DAG(s) 'example_bash_operator' retrieved from /home/airflow/.local/lib/python3.12/site-packages/airflow/example_dags/example_bash_operator.py
[2024-04-15T17:49:17.020+0000] {logging_mixin.py:188} INFO - [2024-04-15T17:49:17.020+0000] {dag.py:3096} INFO - Sync 1 DAGs
[2024-04-15T17:49:17.039+0000] {logging_mixin.py:188} INFO - [2024-04-15T17:49:17.039+0000] {dag.py:3954} INFO - Setting next_dagrun for example_bash_operator to 2024-04-14 00:00:00+00:00, run_after=2024-04-15 00:00:00+00:00
[2024-04-15T17:49:17.059+0000] {processor.py:183} INFO - Processing /home/airflow/.local/lib/python3.12/site-packages/airflow/example_dags/example_bash_operator.py took 0.125 seconds
[2024-04-15T17:49:47.129+0000] {processor.py:161} INFO - Started process (PID=2797) to work on /home/airflow/.local/lib/python3.12/site-packages/airflow/example_dags/example_bash_operator.py
[2024-04-15T17:49:47.131+0000] {processor.py:830} INFO - Processing file /home/airflow/.local/lib/python3.12/site-packages/airflow/example_dags/example_bash_operator.py for tasks to queue
[2024-04-15T17:49:47.133+0000] {logging_mixin.py:188} INFO - [2024-04-15T17:49:47.132+0000] {dagbag.py:540} INFO - Filling up the DagBag from /home/airflow/.local/lib/python3.12/site-packages/airflow/example_dags/example_bash_operator.py
[2024-04-15T17:49:47.148+0000] {processor.py:840} INFO - DAG(s) 'example_bash_operator' retrieved from /home/airflow/.local/lib/python3.12/site-packages/airflow/example_dags/example_bash_operator.py
[2024-04-15T17:49:47.170+0000] {logging_mixin.py:188} INFO - [2024-04-15T17:49:47.170+0000] {dag.py:3096} INFO - Sync 1 DAGs
[2024-04-15T17:49:47.186+0000] {logging_mixin.py:188} INFO - [2024-04-15T17:49:47.186+0000] {dag.py:3954} INFO - Setting next_dagrun for example_bash_operator to 2024-04-14 00:00:00+00:00, run_after=2024-04-15 00:00:00+00:00
[2024-04-15T17:49:47.197+0000] {processor.py:183} INFO - Processing /home/airflow/.local/lib/python3.12/site-packages/airflow/example_dags/example_bash_operator.py took 0.074 seconds
[2024-04-15T17:50:17.432+0000] {processor.py:161} INFO - Started process (PID=2857) to work on /home/airflow/.local/lib/python3.12/site-packages/airflow/example_dags/example_bash_operator.py
[2024-04-15T17:50:17.434+0000] {processor.py:830} INFO - Processing file /home/airflow/.local/lib/python3.12/site-packages/airflow/example_dags/example_bash_operator.py for tasks to queue
[2024-04-15T17:50:17.438+0000] {logging_mixin.py:188} INFO - [2024-04-15T17:50:17.437+0000] {dagbag.py:540} INFO - Filling up the DagBag from /home/airflow/.local/lib/python3.12/site-packages/airflow/example_dags/example_bash_operator.py
[2024-04-15T17:50:17.458+0000] {processor.py:840} INFO - DAG(s) 'example_bash_operator' retrieved from /home/airflow/.local/lib/python3.12/site-packages/airflow/example_dags/example_bash_operator.py
[2024-04-15T17:50:17.651+0000] {logging_mixin.py:188} INFO - [2024-04-15T17:50:17.651+0000] {dag.py:3096} INFO - Sync 1 DAGs
[2024-04-15T17:50:17.676+0000] {logging_mixin.py:188} INFO - [2024-04-15T17:50:17.675+0000] {dag.py:3954} INFO - Setting next_dagrun for example_bash_operator to 2024-04-14 00:00:00+00:00, run_after=2024-04-15 00:00:00+00:00
[2024-04-15T17:50:17.692+0000] {processor.py:183} INFO - Processing /home/airflow/.local/lib/python3.12/site-packages/airflow/example_dags/example_bash_operator.py took 0.267 seconds
[2024-04-15T17:50:48.250+0000] {processor.py:161} INFO - Started process (PID=2917) to work on /home/airflow/.local/lib/python3.12/site-packages/airflow/example_dags/example_bash_operator.py
[2024-04-15T17:50:48.252+0000] {processor.py:830} INFO - Processing file /home/airflow/.local/lib/python3.12/site-packages/airflow/example_dags/example_bash_operator.py for tasks to queue
[2024-04-15T17:50:48.258+0000] {logging_mixin.py:188} INFO - [2024-04-15T17:50:48.255+0000] {dagbag.py:540} INFO - Filling up the DagBag from /home/airflow/.local/lib/python3.12/site-packages/airflow/example_dags/example_bash_operator.py
[2024-04-15T17:50:48.282+0000] {processor.py:840} INFO - DAG(s) 'example_bash_operator' retrieved from /home/airflow/.local/lib/python3.12/site-packages/airflow/example_dags/example_bash_operator.py
[2024-04-15T17:50:48.316+0000] {logging_mixin.py:188} INFO - [2024-04-15T17:50:48.316+0000] {dag.py:3096} INFO - Sync 1 DAGs
[2024-04-15T17:50:48.361+0000] {logging_mixin.py:188} INFO - [2024-04-15T17:50:48.360+0000] {dag.py:3954} INFO - Setting next_dagrun for example_bash_operator to 2024-04-14 00:00:00+00:00, run_after=2024-04-15 00:00:00+00:00
[2024-04-15T17:50:48.374+0000] {processor.py:183} INFO - Processing /home/airflow/.local/lib/python3.12/site-packages/airflow/example_dags/example_bash_operator.py took 0.132 seconds
[2024-04-15T17:51:19.737+0000] {processor.py:161} INFO - Started process (PID=2975) to work on /home/airflow/.local/lib/python3.12/site-packages/airflow/example_dags/example_bash_operator.py
[2024-04-15T17:51:19.740+0000] {processor.py:830} INFO - Processing file /home/airflow/.local/lib/python3.12/site-packages/airflow/example_dags/example_bash_operator.py for tasks to queue
[2024-04-15T17:51:19.748+0000] {logging_mixin.py:188} INFO - [2024-04-15T17:51:19.746+0000] {dagbag.py:540} INFO - Filling up the DagBag from /home/airflow/.local/lib/python3.12/site-packages/airflow/example_dags/example_bash_operator.py
[2024-04-15T17:51:19.799+0000] {processor.py:840} INFO - DAG(s) 'example_bash_operator' retrieved from /home/airflow/.local/lib/python3.12/site-packages/airflow/example_dags/example_bash_operator.py
[2024-04-15T17:51:19.900+0000] {logging_mixin.py:188} INFO - [2024-04-15T17:51:19.900+0000] {dag.py:3096} INFO - Sync 1 DAGs
[2024-04-15T17:51:20.047+0000] {logging_mixin.py:188} INFO - [2024-04-15T17:51:20.046+0000] {dag.py:3954} INFO - Setting next_dagrun for example_bash_operator to 2024-04-14 00:00:00+00:00, run_after=2024-04-15 00:00:00+00:00
[2024-04-15T17:51:20.143+0000] {processor.py:183} INFO - Processing /home/airflow/.local/lib/python3.12/site-packages/airflow/example_dags/example_bash_operator.py took 0.441 seconds
