[2024-04-15T17:12:33.579+0000] {processor.py:161} INFO - Started process (PID=46) to work on /home/airflow/.local/lib/python3.12/site-packages/airflow/example_dags/tutorial_dag.py
[2024-04-15T17:12:33.581+0000] {processor.py:830} INFO - Processing file /home/airflow/.local/lib/python3.12/site-packages/airflow/example_dags/tutorial_dag.py for tasks to queue
[2024-04-15T17:12:33.585+0000] {logging_mixin.py:188} INFO - [2024-04-15T17:12:33.584+0000] {dagbag.py:540} INFO - Filling up the DagBag from /home/airflow/.local/lib/python3.12/site-packages/airflow/example_dags/tutorial_dag.py
[2024-04-15T17:12:33.646+0000] {processor.py:840} INFO - DAG(s) 'tutorial_dag' retrieved from /home/airflow/.local/lib/python3.12/site-packages/airflow/example_dags/tutorial_dag.py
[2024-04-15T17:12:33.696+0000] {logging_mixin.py:188} INFO - [2024-04-15T17:12:33.695+0000] {dag.py:3096} INFO - Sync 1 DAGs
[2024-04-15T17:12:33.719+0000] {logging_mixin.py:188} INFO - [2024-04-15T17:12:33.719+0000] {dag.py:3954} INFO - Setting next_dagrun for tutorial_dag to None, run_after=None
[2024-04-15T17:12:33.750+0000] {processor.py:183} INFO - Processing /home/airflow/.local/lib/python3.12/site-packages/airflow/example_dags/tutorial_dag.py took 0.178 seconds
[2024-04-15T17:13:04.287+0000] {processor.py:161} INFO - Started process (PID=104) to work on /home/airflow/.local/lib/python3.12/site-packages/airflow/example_dags/tutorial_dag.py
[2024-04-15T17:13:04.288+0000] {processor.py:830} INFO - Processing file /home/airflow/.local/lib/python3.12/site-packages/airflow/example_dags/tutorial_dag.py for tasks to queue
[2024-04-15T17:13:04.289+0000] {logging_mixin.py:188} INFO - [2024-04-15T17:13:04.288+0000] {dagbag.py:540} INFO - Filling up the DagBag from /home/airflow/.local/lib/python3.12/site-packages/airflow/example_dags/tutorial_dag.py
[2024-04-15T17:13:04.292+0000] {processor.py:840} INFO - DAG(s) 'tutorial_dag' retrieved from /home/airflow/.local/lib/python3.12/site-packages/airflow/example_dags/tutorial_dag.py
[2024-04-15T17:13:04.336+0000] {logging_mixin.py:188} INFO - [2024-04-15T17:13:04.336+0000] {dag.py:3096} INFO - Sync 1 DAGs
[2024-04-15T17:13:04.342+0000] {logging_mixin.py:188} INFO - [2024-04-15T17:13:04.342+0000] {dag.py:3954} INFO - Setting next_dagrun for tutorial_dag to None, run_after=None
[2024-04-15T17:13:04.350+0000] {processor.py:183} INFO - Processing /home/airflow/.local/lib/python3.12/site-packages/airflow/example_dags/tutorial_dag.py took 0.067 seconds
[2024-04-15T17:13:34.527+0000] {processor.py:161} INFO - Started process (PID=163) to work on /home/airflow/.local/lib/python3.12/site-packages/airflow/example_dags/tutorial_dag.py
[2024-04-15T17:13:34.528+0000] {processor.py:830} INFO - Processing file /home/airflow/.local/lib/python3.12/site-packages/airflow/example_dags/tutorial_dag.py for tasks to queue
[2024-04-15T17:13:34.528+0000] {logging_mixin.py:188} INFO - [2024-04-15T17:13:34.528+0000] {dagbag.py:540} INFO - Filling up the DagBag from /home/airflow/.local/lib/python3.12/site-packages/airflow/example_dags/tutorial_dag.py
[2024-04-15T17:13:34.531+0000] {processor.py:840} INFO - DAG(s) 'tutorial_dag' retrieved from /home/airflow/.local/lib/python3.12/site-packages/airflow/example_dags/tutorial_dag.py
[2024-04-15T17:13:34.542+0000] {logging_mixin.py:188} INFO - [2024-04-15T17:13:34.542+0000] {dag.py:3096} INFO - Sync 1 DAGs
[2024-04-15T17:13:34.548+0000] {logging_mixin.py:188} INFO - [2024-04-15T17:13:34.547+0000] {dag.py:3954} INFO - Setting next_dagrun for tutorial_dag to None, run_after=None
[2024-04-15T17:13:34.556+0000] {processor.py:183} INFO - Processing /home/airflow/.local/lib/python3.12/site-packages/airflow/example_dags/tutorial_dag.py took 0.032 seconds
[2024-04-15T17:14:05.236+0000] {processor.py:161} INFO - Started process (PID=222) to work on /home/airflow/.local/lib/python3.12/site-packages/airflow/example_dags/tutorial_dag.py
[2024-04-15T17:14:05.237+0000] {processor.py:830} INFO - Processing file /home/airflow/.local/lib/python3.12/site-packages/airflow/example_dags/tutorial_dag.py for tasks to queue
[2024-04-15T17:14:05.238+0000] {logging_mixin.py:188} INFO - [2024-04-15T17:14:05.238+0000] {dagbag.py:540} INFO - Filling up the DagBag from /home/airflow/.local/lib/python3.12/site-packages/airflow/example_dags/tutorial_dag.py
[2024-04-15T17:14:05.241+0000] {processor.py:840} INFO - DAG(s) 'tutorial_dag' retrieved from /home/airflow/.local/lib/python3.12/site-packages/airflow/example_dags/tutorial_dag.py
[2024-04-15T17:14:05.252+0000] {logging_mixin.py:188} INFO - [2024-04-15T17:14:05.252+0000] {dag.py:3096} INFO - Sync 1 DAGs
[2024-04-15T17:14:05.258+0000] {logging_mixin.py:188} INFO - [2024-04-15T17:14:05.258+0000] {dag.py:3954} INFO - Setting next_dagrun for tutorial_dag to None, run_after=None
[2024-04-15T17:14:05.267+0000] {processor.py:183} INFO - Processing /home/airflow/.local/lib/python3.12/site-packages/airflow/example_dags/tutorial_dag.py took 0.035 seconds
[2024-04-15T17:14:35.598+0000] {processor.py:161} INFO - Started process (PID=281) to work on /home/airflow/.local/lib/python3.12/site-packages/airflow/example_dags/tutorial_dag.py
[2024-04-15T17:14:35.599+0000] {processor.py:830} INFO - Processing file /home/airflow/.local/lib/python3.12/site-packages/airflow/example_dags/tutorial_dag.py for tasks to queue
[2024-04-15T17:14:35.599+0000] {logging_mixin.py:188} INFO - [2024-04-15T17:14:35.599+0000] {dagbag.py:540} INFO - Filling up the DagBag from /home/airflow/.local/lib/python3.12/site-packages/airflow/example_dags/tutorial_dag.py
[2024-04-15T17:14:35.602+0000] {processor.py:840} INFO - DAG(s) 'tutorial_dag' retrieved from /home/airflow/.local/lib/python3.12/site-packages/airflow/example_dags/tutorial_dag.py
[2024-04-15T17:14:35.612+0000] {logging_mixin.py:188} INFO - [2024-04-15T17:14:35.612+0000] {dag.py:3096} INFO - Sync 1 DAGs
[2024-04-15T17:14:35.618+0000] {logging_mixin.py:188} INFO - [2024-04-15T17:14:35.618+0000] {dag.py:3954} INFO - Setting next_dagrun for tutorial_dag to None, run_after=None
[2024-04-15T17:14:35.627+0000] {processor.py:183} INFO - Processing /home/airflow/.local/lib/python3.12/site-packages/airflow/example_dags/tutorial_dag.py took 0.031 seconds
[2024-04-15T17:15:05.752+0000] {processor.py:161} INFO - Started process (PID=340) to work on /home/airflow/.local/lib/python3.12/site-packages/airflow/example_dags/tutorial_dag.py
[2024-04-15T17:15:05.752+0000] {processor.py:830} INFO - Processing file /home/airflow/.local/lib/python3.12/site-packages/airflow/example_dags/tutorial_dag.py for tasks to queue
[2024-04-15T17:15:05.753+0000] {logging_mixin.py:188} INFO - [2024-04-15T17:15:05.753+0000] {dagbag.py:540} INFO - Filling up the DagBag from /home/airflow/.local/lib/python3.12/site-packages/airflow/example_dags/tutorial_dag.py
[2024-04-15T17:15:05.756+0000] {processor.py:840} INFO - DAG(s) 'tutorial_dag' retrieved from /home/airflow/.local/lib/python3.12/site-packages/airflow/example_dags/tutorial_dag.py
[2024-04-15T17:15:05.766+0000] {logging_mixin.py:188} INFO - [2024-04-15T17:15:05.766+0000] {dag.py:3096} INFO - Sync 1 DAGs
[2024-04-15T17:15:05.773+0000] {logging_mixin.py:188} INFO - [2024-04-15T17:15:05.773+0000] {dag.py:3954} INFO - Setting next_dagrun for tutorial_dag to None, run_after=None
[2024-04-15T17:15:05.781+0000] {processor.py:183} INFO - Processing /home/airflow/.local/lib/python3.12/site-packages/airflow/example_dags/tutorial_dag.py took 0.033 seconds
[2024-04-15T17:15:35.945+0000] {processor.py:161} INFO - Started process (PID=399) to work on /home/airflow/.local/lib/python3.12/site-packages/airflow/example_dags/tutorial_dag.py
[2024-04-15T17:15:35.946+0000] {processor.py:830} INFO - Processing file /home/airflow/.local/lib/python3.12/site-packages/airflow/example_dags/tutorial_dag.py for tasks to queue
[2024-04-15T17:15:35.946+0000] {logging_mixin.py:188} INFO - [2024-04-15T17:15:35.946+0000] {dagbag.py:540} INFO - Filling up the DagBag from /home/airflow/.local/lib/python3.12/site-packages/airflow/example_dags/tutorial_dag.py
[2024-04-15T17:15:35.949+0000] {processor.py:840} INFO - DAG(s) 'tutorial_dag' retrieved from /home/airflow/.local/lib/python3.12/site-packages/airflow/example_dags/tutorial_dag.py
[2024-04-15T17:15:35.960+0000] {logging_mixin.py:188} INFO - [2024-04-15T17:15:35.960+0000] {dag.py:3096} INFO - Sync 1 DAGs
[2024-04-15T17:15:35.967+0000] {logging_mixin.py:188} INFO - [2024-04-15T17:15:35.967+0000] {dag.py:3954} INFO - Setting next_dagrun for tutorial_dag to None, run_after=None
[2024-04-15T17:15:35.976+0000] {processor.py:183} INFO - Processing /home/airflow/.local/lib/python3.12/site-packages/airflow/example_dags/tutorial_dag.py took 0.034 seconds
[2024-04-15T17:16:06.740+0000] {processor.py:161} INFO - Started process (PID=458) to work on /home/airflow/.local/lib/python3.12/site-packages/airflow/example_dags/tutorial_dag.py
[2024-04-15T17:16:06.742+0000] {processor.py:830} INFO - Processing file /home/airflow/.local/lib/python3.12/site-packages/airflow/example_dags/tutorial_dag.py for tasks to queue
[2024-04-15T17:16:06.744+0000] {logging_mixin.py:188} INFO - [2024-04-15T17:16:06.744+0000] {dagbag.py:540} INFO - Filling up the DagBag from /home/airflow/.local/lib/python3.12/site-packages/airflow/example_dags/tutorial_dag.py
[2024-04-15T17:16:06.755+0000] {processor.py:840} INFO - DAG(s) 'tutorial_dag' retrieved from /home/airflow/.local/lib/python3.12/site-packages/airflow/example_dags/tutorial_dag.py
[2024-04-15T17:16:06.779+0000] {logging_mixin.py:188} INFO - [2024-04-15T17:16:06.779+0000] {dag.py:3096} INFO - Sync 1 DAGs
[2024-04-15T17:16:06.787+0000] {logging_mixin.py:188} INFO - [2024-04-15T17:16:06.786+0000] {dag.py:3954} INFO - Setting next_dagrun for tutorial_dag to None, run_after=None
[2024-04-15T17:16:06.805+0000] {processor.py:183} INFO - Processing /home/airflow/.local/lib/python3.12/site-packages/airflow/example_dags/tutorial_dag.py took 0.074 seconds
[2024-04-15T17:16:37.307+0000] {processor.py:161} INFO - Started process (PID=517) to work on /home/airflow/.local/lib/python3.12/site-packages/airflow/example_dags/tutorial_dag.py
[2024-04-15T17:16:37.313+0000] {processor.py:830} INFO - Processing file /home/airflow/.local/lib/python3.12/site-packages/airflow/example_dags/tutorial_dag.py for tasks to queue
[2024-04-15T17:16:37.314+0000] {logging_mixin.py:188} INFO - [2024-04-15T17:16:37.314+0000] {dagbag.py:540} INFO - Filling up the DagBag from /home/airflow/.local/lib/python3.12/site-packages/airflow/example_dags/tutorial_dag.py
[2024-04-15T17:16:37.318+0000] {processor.py:840} INFO - DAG(s) 'tutorial_dag' retrieved from /home/airflow/.local/lib/python3.12/site-packages/airflow/example_dags/tutorial_dag.py
[2024-04-15T17:16:37.334+0000] {logging_mixin.py:188} INFO - [2024-04-15T17:16:37.334+0000] {dag.py:3096} INFO - Sync 1 DAGs
[2024-04-15T17:16:37.356+0000] {logging_mixin.py:188} INFO - [2024-04-15T17:16:37.356+0000] {dag.py:3954} INFO - Setting next_dagrun for tutorial_dag to None, run_after=None
[2024-04-15T17:16:37.374+0000] {processor.py:183} INFO - Processing /home/airflow/.local/lib/python3.12/site-packages/airflow/example_dags/tutorial_dag.py took 0.074 seconds
[2024-04-15T17:17:07.802+0000] {processor.py:161} INFO - Started process (PID=576) to work on /home/airflow/.local/lib/python3.12/site-packages/airflow/example_dags/tutorial_dag.py
[2024-04-15T17:17:07.803+0000] {processor.py:830} INFO - Processing file /home/airflow/.local/lib/python3.12/site-packages/airflow/example_dags/tutorial_dag.py for tasks to queue
[2024-04-15T17:17:07.803+0000] {logging_mixin.py:188} INFO - [2024-04-15T17:17:07.803+0000] {dagbag.py:540} INFO - Filling up the DagBag from /home/airflow/.local/lib/python3.12/site-packages/airflow/example_dags/tutorial_dag.py
[2024-04-15T17:17:07.807+0000] {processor.py:840} INFO - DAG(s) 'tutorial_dag' retrieved from /home/airflow/.local/lib/python3.12/site-packages/airflow/example_dags/tutorial_dag.py
[2024-04-15T17:17:07.820+0000] {logging_mixin.py:188} INFO - [2024-04-15T17:17:07.819+0000] {dag.py:3096} INFO - Sync 1 DAGs
[2024-04-15T17:17:07.826+0000] {logging_mixin.py:188} INFO - [2024-04-15T17:17:07.825+0000] {dag.py:3954} INFO - Setting next_dagrun for tutorial_dag to None, run_after=None
[2024-04-15T17:17:07.835+0000] {processor.py:183} INFO - Processing /home/airflow/.local/lib/python3.12/site-packages/airflow/example_dags/tutorial_dag.py took 0.036 seconds
[2024-04-15T17:17:38.038+0000] {processor.py:161} INFO - Started process (PID=634) to work on /home/airflow/.local/lib/python3.12/site-packages/airflow/example_dags/tutorial_dag.py
[2024-04-15T17:17:38.039+0000] {processor.py:830} INFO - Processing file /home/airflow/.local/lib/python3.12/site-packages/airflow/example_dags/tutorial_dag.py for tasks to queue
[2024-04-15T17:17:38.039+0000] {logging_mixin.py:188} INFO - [2024-04-15T17:17:38.039+0000] {dagbag.py:540} INFO - Filling up the DagBag from /home/airflow/.local/lib/python3.12/site-packages/airflow/example_dags/tutorial_dag.py
[2024-04-15T17:17:38.042+0000] {processor.py:840} INFO - DAG(s) 'tutorial_dag' retrieved from /home/airflow/.local/lib/python3.12/site-packages/airflow/example_dags/tutorial_dag.py
[2024-04-15T17:17:38.053+0000] {logging_mixin.py:188} INFO - [2024-04-15T17:17:38.052+0000] {dag.py:3096} INFO - Sync 1 DAGs
[2024-04-15T17:17:38.059+0000] {logging_mixin.py:188} INFO - [2024-04-15T17:17:38.059+0000] {dag.py:3954} INFO - Setting next_dagrun for tutorial_dag to None, run_after=None
[2024-04-15T17:17:38.067+0000] {processor.py:183} INFO - Processing /home/airflow/.local/lib/python3.12/site-packages/airflow/example_dags/tutorial_dag.py took 0.032 seconds
[2024-04-15T17:18:08.527+0000] {processor.py:161} INFO - Started process (PID=693) to work on /home/airflow/.local/lib/python3.12/site-packages/airflow/example_dags/tutorial_dag.py
[2024-04-15T17:18:08.528+0000] {processor.py:830} INFO - Processing file /home/airflow/.local/lib/python3.12/site-packages/airflow/example_dags/tutorial_dag.py for tasks to queue
[2024-04-15T17:18:08.529+0000] {logging_mixin.py:188} INFO - [2024-04-15T17:18:08.528+0000] {dagbag.py:540} INFO - Filling up the DagBag from /home/airflow/.local/lib/python3.12/site-packages/airflow/example_dags/tutorial_dag.py
[2024-04-15T17:18:08.531+0000] {processor.py:840} INFO - DAG(s) 'tutorial_dag' retrieved from /home/airflow/.local/lib/python3.12/site-packages/airflow/example_dags/tutorial_dag.py
[2024-04-15T17:18:08.541+0000] {logging_mixin.py:188} INFO - [2024-04-15T17:18:08.541+0000] {dag.py:3096} INFO - Sync 1 DAGs
[2024-04-15T17:18:08.547+0000] {logging_mixin.py:188} INFO - [2024-04-15T17:18:08.547+0000] {dag.py:3954} INFO - Setting next_dagrun for tutorial_dag to None, run_after=None
[2024-04-15T17:18:08.556+0000] {processor.py:183} INFO - Processing /home/airflow/.local/lib/python3.12/site-packages/airflow/example_dags/tutorial_dag.py took 0.032 seconds
[2024-04-15T17:18:39.098+0000] {processor.py:161} INFO - Started process (PID=752) to work on /home/airflow/.local/lib/python3.12/site-packages/airflow/example_dags/tutorial_dag.py
[2024-04-15T17:18:39.099+0000] {processor.py:830} INFO - Processing file /home/airflow/.local/lib/python3.12/site-packages/airflow/example_dags/tutorial_dag.py for tasks to queue
[2024-04-15T17:18:39.100+0000] {logging_mixin.py:188} INFO - [2024-04-15T17:18:39.099+0000] {dagbag.py:540} INFO - Filling up the DagBag from /home/airflow/.local/lib/python3.12/site-packages/airflow/example_dags/tutorial_dag.py
[2024-04-15T17:18:39.102+0000] {processor.py:840} INFO - DAG(s) 'tutorial_dag' retrieved from /home/airflow/.local/lib/python3.12/site-packages/airflow/example_dags/tutorial_dag.py
[2024-04-15T17:18:39.112+0000] {logging_mixin.py:188} INFO - [2024-04-15T17:18:39.112+0000] {dag.py:3096} INFO - Sync 1 DAGs
[2024-04-15T17:18:39.118+0000] {logging_mixin.py:188} INFO - [2024-04-15T17:18:39.118+0000] {dag.py:3954} INFO - Setting next_dagrun for tutorial_dag to None, run_after=None
[2024-04-15T17:18:39.126+0000] {processor.py:183} INFO - Processing /home/airflow/.local/lib/python3.12/site-packages/airflow/example_dags/tutorial_dag.py took 0.031 seconds
[2024-04-15T17:19:09.343+0000] {processor.py:161} INFO - Started process (PID=811) to work on /home/airflow/.local/lib/python3.12/site-packages/airflow/example_dags/tutorial_dag.py
[2024-04-15T17:19:09.346+0000] {processor.py:830} INFO - Processing file /home/airflow/.local/lib/python3.12/site-packages/airflow/example_dags/tutorial_dag.py for tasks to queue
[2024-04-15T17:19:09.347+0000] {logging_mixin.py:188} INFO - [2024-04-15T17:19:09.347+0000] {dagbag.py:540} INFO - Filling up the DagBag from /home/airflow/.local/lib/python3.12/site-packages/airflow/example_dags/tutorial_dag.py
[2024-04-15T17:19:09.355+0000] {processor.py:840} INFO - DAG(s) 'tutorial_dag' retrieved from /home/airflow/.local/lib/python3.12/site-packages/airflow/example_dags/tutorial_dag.py
[2024-04-15T17:19:09.369+0000] {logging_mixin.py:188} INFO - [2024-04-15T17:19:09.369+0000] {dag.py:3096} INFO - Sync 1 DAGs
[2024-04-15T17:19:09.375+0000] {logging_mixin.py:188} INFO - [2024-04-15T17:19:09.375+0000] {dag.py:3954} INFO - Setting next_dagrun for tutorial_dag to None, run_after=None
[2024-04-15T17:19:09.384+0000] {processor.py:183} INFO - Processing /home/airflow/.local/lib/python3.12/site-packages/airflow/example_dags/tutorial_dag.py took 0.049 seconds
[2024-04-15T17:19:39.696+0000] {processor.py:161} INFO - Started process (PID=870) to work on /home/airflow/.local/lib/python3.12/site-packages/airflow/example_dags/tutorial_dag.py
[2024-04-15T17:19:39.697+0000] {processor.py:830} INFO - Processing file /home/airflow/.local/lib/python3.12/site-packages/airflow/example_dags/tutorial_dag.py for tasks to queue
[2024-04-15T17:19:39.698+0000] {logging_mixin.py:188} INFO - [2024-04-15T17:19:39.697+0000] {dagbag.py:540} INFO - Filling up the DagBag from /home/airflow/.local/lib/python3.12/site-packages/airflow/example_dags/tutorial_dag.py
[2024-04-15T17:19:39.700+0000] {processor.py:840} INFO - DAG(s) 'tutorial_dag' retrieved from /home/airflow/.local/lib/python3.12/site-packages/airflow/example_dags/tutorial_dag.py
[2024-04-15T17:19:39.710+0000] {logging_mixin.py:188} INFO - [2024-04-15T17:19:39.709+0000] {dag.py:3096} INFO - Sync 1 DAGs
[2024-04-15T17:19:39.715+0000] {logging_mixin.py:188} INFO - [2024-04-15T17:19:39.715+0000] {dag.py:3954} INFO - Setting next_dagrun for tutorial_dag to None, run_after=None
[2024-04-15T17:19:39.723+0000] {processor.py:183} INFO - Processing /home/airflow/.local/lib/python3.12/site-packages/airflow/example_dags/tutorial_dag.py took 0.030 seconds
[2024-04-15T17:20:10.826+0000] {processor.py:161} INFO - Started process (PID=929) to work on /home/airflow/.local/lib/python3.12/site-packages/airflow/example_dags/tutorial_dag.py
[2024-04-15T17:20:10.827+0000] {processor.py:830} INFO - Processing file /home/airflow/.local/lib/python3.12/site-packages/airflow/example_dags/tutorial_dag.py for tasks to queue
[2024-04-15T17:20:10.828+0000] {logging_mixin.py:188} INFO - [2024-04-15T17:20:10.827+0000] {dagbag.py:540} INFO - Filling up the DagBag from /home/airflow/.local/lib/python3.12/site-packages/airflow/example_dags/tutorial_dag.py
[2024-04-15T17:20:10.830+0000] {processor.py:840} INFO - DAG(s) 'tutorial_dag' retrieved from /home/airflow/.local/lib/python3.12/site-packages/airflow/example_dags/tutorial_dag.py
[2024-04-15T17:20:10.841+0000] {logging_mixin.py:188} INFO - [2024-04-15T17:20:10.840+0000] {dag.py:3096} INFO - Sync 1 DAGs
[2024-04-15T17:20:10.846+0000] {logging_mixin.py:188} INFO - [2024-04-15T17:20:10.846+0000] {dag.py:3954} INFO - Setting next_dagrun for tutorial_dag to None, run_after=None
[2024-04-15T17:20:10.854+0000] {processor.py:183} INFO - Processing /home/airflow/.local/lib/python3.12/site-packages/airflow/example_dags/tutorial_dag.py took 0.031 seconds
[2024-04-15T17:20:42.089+0000] {processor.py:161} INFO - Started process (PID=988) to work on /home/airflow/.local/lib/python3.12/site-packages/airflow/example_dags/tutorial_dag.py
[2024-04-15T17:20:42.091+0000] {processor.py:830} INFO - Processing file /home/airflow/.local/lib/python3.12/site-packages/airflow/example_dags/tutorial_dag.py for tasks to queue
[2024-04-15T17:20:42.092+0000] {logging_mixin.py:188} INFO - [2024-04-15T17:20:42.091+0000] {dagbag.py:540} INFO - Filling up the DagBag from /home/airflow/.local/lib/python3.12/site-packages/airflow/example_dags/tutorial_dag.py
[2024-04-15T17:20:42.100+0000] {processor.py:840} INFO - DAG(s) 'tutorial_dag' retrieved from /home/airflow/.local/lib/python3.12/site-packages/airflow/example_dags/tutorial_dag.py
[2024-04-15T17:20:42.114+0000] {logging_mixin.py:188} INFO - [2024-04-15T17:20:42.114+0000] {dag.py:3096} INFO - Sync 1 DAGs
[2024-04-15T17:20:42.122+0000] {logging_mixin.py:188} INFO - [2024-04-15T17:20:42.122+0000] {dag.py:3954} INFO - Setting next_dagrun for tutorial_dag to None, run_after=None
[2024-04-15T17:20:42.133+0000] {processor.py:183} INFO - Processing /home/airflow/.local/lib/python3.12/site-packages/airflow/example_dags/tutorial_dag.py took 0.052 seconds
[2024-04-15T17:21:13.372+0000] {processor.py:161} INFO - Started process (PID=1047) to work on /home/airflow/.local/lib/python3.12/site-packages/airflow/example_dags/tutorial_dag.py
[2024-04-15T17:21:13.373+0000] {processor.py:830} INFO - Processing file /home/airflow/.local/lib/python3.12/site-packages/airflow/example_dags/tutorial_dag.py for tasks to queue
[2024-04-15T17:21:13.373+0000] {logging_mixin.py:188} INFO - [2024-04-15T17:21:13.373+0000] {dagbag.py:540} INFO - Filling up the DagBag from /home/airflow/.local/lib/python3.12/site-packages/airflow/example_dags/tutorial_dag.py
[2024-04-15T17:21:13.376+0000] {processor.py:840} INFO - DAG(s) 'tutorial_dag' retrieved from /home/airflow/.local/lib/python3.12/site-packages/airflow/example_dags/tutorial_dag.py
[2024-04-15T17:21:13.387+0000] {logging_mixin.py:188} INFO - [2024-04-15T17:21:13.387+0000] {dag.py:3096} INFO - Sync 1 DAGs
[2024-04-15T17:21:13.393+0000] {logging_mixin.py:188} INFO - [2024-04-15T17:21:13.393+0000] {dag.py:3954} INFO - Setting next_dagrun for tutorial_dag to None, run_after=None
[2024-04-15T17:21:13.401+0000] {processor.py:183} INFO - Processing /home/airflow/.local/lib/python3.12/site-packages/airflow/example_dags/tutorial_dag.py took 0.032 seconds
[2024-04-15T17:21:45.011+0000] {processor.py:161} INFO - Started process (PID=1106) to work on /home/airflow/.local/lib/python3.12/site-packages/airflow/example_dags/tutorial_dag.py
[2024-04-15T17:21:45.012+0000] {processor.py:830} INFO - Processing file /home/airflow/.local/lib/python3.12/site-packages/airflow/example_dags/tutorial_dag.py for tasks to queue
[2024-04-15T17:21:45.013+0000] {logging_mixin.py:188} INFO - [2024-04-15T17:21:45.013+0000] {dagbag.py:540} INFO - Filling up the DagBag from /home/airflow/.local/lib/python3.12/site-packages/airflow/example_dags/tutorial_dag.py
[2024-04-15T17:21:45.017+0000] {processor.py:840} INFO - DAG(s) 'tutorial_dag' retrieved from /home/airflow/.local/lib/python3.12/site-packages/airflow/example_dags/tutorial_dag.py
[2024-04-15T17:21:45.030+0000] {logging_mixin.py:188} INFO - [2024-04-15T17:21:45.030+0000] {dag.py:3096} INFO - Sync 1 DAGs
[2024-04-15T17:21:45.151+0000] {logging_mixin.py:188} INFO - [2024-04-15T17:21:45.151+0000] {dag.py:3954} INFO - Setting next_dagrun for tutorial_dag to None, run_after=None
[2024-04-15T17:21:45.162+0000] {processor.py:183} INFO - Processing /home/airflow/.local/lib/python3.12/site-packages/airflow/example_dags/tutorial_dag.py took 0.155 seconds
[2024-04-15T17:22:51.355+0000] {processor.py:161} INFO - Started process (PID=45) to work on /home/airflow/.local/lib/python3.12/site-packages/airflow/example_dags/tutorial_dag.py
[2024-04-15T17:22:51.362+0000] {processor.py:830} INFO - Processing file /home/airflow/.local/lib/python3.12/site-packages/airflow/example_dags/tutorial_dag.py for tasks to queue
[2024-04-15T17:22:51.384+0000] {logging_mixin.py:188} INFO - [2024-04-15T17:22:51.383+0000] {dagbag.py:540} INFO - Filling up the DagBag from /home/airflow/.local/lib/python3.12/site-packages/airflow/example_dags/tutorial_dag.py
[2024-04-15T17:22:51.402+0000] {processor.py:840} INFO - DAG(s) 'tutorial_dag' retrieved from /home/airflow/.local/lib/python3.12/site-packages/airflow/example_dags/tutorial_dag.py
[2024-04-15T17:22:51.419+0000] {logging_mixin.py:188} INFO - [2024-04-15T17:22:51.418+0000] {dag.py:3096} INFO - Sync 1 DAGs
[2024-04-15T17:22:51.430+0000] {logging_mixin.py:188} INFO - [2024-04-15T17:22:51.430+0000] {dag.py:3954} INFO - Setting next_dagrun for tutorial_dag to None, run_after=None
[2024-04-15T17:22:51.455+0000] {processor.py:183} INFO - Processing /home/airflow/.local/lib/python3.12/site-packages/airflow/example_dags/tutorial_dag.py took 0.119 seconds
[2024-04-15T17:23:21.854+0000] {processor.py:161} INFO - Started process (PID=104) to work on /home/airflow/.local/lib/python3.12/site-packages/airflow/example_dags/tutorial_dag.py
[2024-04-15T17:23:21.854+0000] {processor.py:830} INFO - Processing file /home/airflow/.local/lib/python3.12/site-packages/airflow/example_dags/tutorial_dag.py for tasks to queue
[2024-04-15T17:23:21.856+0000] {logging_mixin.py:188} INFO - [2024-04-15T17:23:21.855+0000] {dagbag.py:540} INFO - Filling up the DagBag from /home/airflow/.local/lib/python3.12/site-packages/airflow/example_dags/tutorial_dag.py
[2024-04-15T17:23:21.859+0000] {processor.py:840} INFO - DAG(s) 'tutorial_dag' retrieved from /home/airflow/.local/lib/python3.12/site-packages/airflow/example_dags/tutorial_dag.py
[2024-04-15T17:23:21.914+0000] {logging_mixin.py:188} INFO - [2024-04-15T17:23:21.914+0000] {dag.py:3096} INFO - Sync 1 DAGs
[2024-04-15T17:23:21.919+0000] {logging_mixin.py:188} INFO - [2024-04-15T17:23:21.919+0000] {dag.py:3954} INFO - Setting next_dagrun for tutorial_dag to None, run_after=None
[2024-04-15T17:23:21.926+0000] {processor.py:183} INFO - Processing /home/airflow/.local/lib/python3.12/site-packages/airflow/example_dags/tutorial_dag.py took 0.075 seconds
[2024-04-15T17:23:52.333+0000] {processor.py:161} INFO - Started process (PID=163) to work on /home/airflow/.local/lib/python3.12/site-packages/airflow/example_dags/tutorial_dag.py
[2024-04-15T17:23:52.334+0000] {processor.py:830} INFO - Processing file /home/airflow/.local/lib/python3.12/site-packages/airflow/example_dags/tutorial_dag.py for tasks to queue
[2024-04-15T17:23:52.335+0000] {logging_mixin.py:188} INFO - [2024-04-15T17:23:52.335+0000] {dagbag.py:540} INFO - Filling up the DagBag from /home/airflow/.local/lib/python3.12/site-packages/airflow/example_dags/tutorial_dag.py
[2024-04-15T17:23:52.339+0000] {processor.py:840} INFO - DAG(s) 'tutorial_dag' retrieved from /home/airflow/.local/lib/python3.12/site-packages/airflow/example_dags/tutorial_dag.py
[2024-04-15T17:23:52.348+0000] {logging_mixin.py:188} INFO - [2024-04-15T17:23:52.348+0000] {dag.py:3096} INFO - Sync 1 DAGs
[2024-04-15T17:23:52.354+0000] {logging_mixin.py:188} INFO - [2024-04-15T17:23:52.354+0000] {dag.py:3954} INFO - Setting next_dagrun for tutorial_dag to None, run_after=None
[2024-04-15T17:23:52.364+0000] {processor.py:183} INFO - Processing /home/airflow/.local/lib/python3.12/site-packages/airflow/example_dags/tutorial_dag.py took 0.034 seconds
[2024-04-15T17:24:22.864+0000] {processor.py:161} INFO - Started process (PID=222) to work on /home/airflow/.local/lib/python3.12/site-packages/airflow/example_dags/tutorial_dag.py
[2024-04-15T17:24:22.864+0000] {processor.py:830} INFO - Processing file /home/airflow/.local/lib/python3.12/site-packages/airflow/example_dags/tutorial_dag.py for tasks to queue
[2024-04-15T17:24:22.866+0000] {logging_mixin.py:188} INFO - [2024-04-15T17:24:22.865+0000] {dagbag.py:540} INFO - Filling up the DagBag from /home/airflow/.local/lib/python3.12/site-packages/airflow/example_dags/tutorial_dag.py
[2024-04-15T17:24:22.869+0000] {processor.py:840} INFO - DAG(s) 'tutorial_dag' retrieved from /home/airflow/.local/lib/python3.12/site-packages/airflow/example_dags/tutorial_dag.py
[2024-04-15T17:24:22.879+0000] {logging_mixin.py:188} INFO - [2024-04-15T17:24:22.879+0000] {dag.py:3096} INFO - Sync 1 DAGs
[2024-04-15T17:24:22.885+0000] {logging_mixin.py:188} INFO - [2024-04-15T17:24:22.885+0000] {dag.py:3954} INFO - Setting next_dagrun for tutorial_dag to None, run_after=None
[2024-04-15T17:24:22.894+0000] {processor.py:183} INFO - Processing /home/airflow/.local/lib/python3.12/site-packages/airflow/example_dags/tutorial_dag.py took 0.033 seconds
[2024-04-15T17:24:58.122+0000] {processor.py:161} INFO - Started process (PID=290) to work on /home/airflow/.local/lib/python3.12/site-packages/airflow/example_dags/tutorial_dag.py
[2024-04-15T17:24:58.126+0000] {processor.py:830} INFO - Processing file /home/airflow/.local/lib/python3.12/site-packages/airflow/example_dags/tutorial_dag.py for tasks to queue
[2024-04-15T17:24:58.132+0000] {logging_mixin.py:188} INFO - [2024-04-15T17:24:58.130+0000] {dagbag.py:540} INFO - Filling up the DagBag from /home/airflow/.local/lib/python3.12/site-packages/airflow/example_dags/tutorial_dag.py
[2024-04-15T17:24:58.514+0000] {processor.py:840} INFO - DAG(s) 'tutorial_dag' retrieved from /home/airflow/.local/lib/python3.12/site-packages/airflow/example_dags/tutorial_dag.py
[2024-04-15T17:24:58.545+0000] {logging_mixin.py:188} INFO - [2024-04-15T17:24:58.544+0000] {dag.py:3096} INFO - Sync 1 DAGs
[2024-04-15T17:24:58.589+0000] {logging_mixin.py:188} INFO - [2024-04-15T17:24:58.589+0000] {dag.py:3954} INFO - Setting next_dagrun for tutorial_dag to None, run_after=None
[2024-04-15T17:24:58.617+0000] {processor.py:183} INFO - Processing /home/airflow/.local/lib/python3.12/site-packages/airflow/example_dags/tutorial_dag.py took 0.504 seconds
[2024-04-15T17:26:24.621+0000] {processor.py:161} INFO - Started process (PID=51) to work on /home/airflow/.local/lib/python3.12/site-packages/airflow/example_dags/tutorial_dag.py
[2024-04-15T17:26:24.624+0000] {processor.py:830} INFO - Processing file /home/airflow/.local/lib/python3.12/site-packages/airflow/example_dags/tutorial_dag.py for tasks to queue
[2024-04-15T17:26:24.632+0000] {logging_mixin.py:188} INFO - [2024-04-15T17:26:24.630+0000] {dagbag.py:540} INFO - Filling up the DagBag from /home/airflow/.local/lib/python3.12/site-packages/airflow/example_dags/tutorial_dag.py
[2024-04-15T17:26:24.679+0000] {processor.py:840} INFO - DAG(s) 'tutorial_dag' retrieved from /home/airflow/.local/lib/python3.12/site-packages/airflow/example_dags/tutorial_dag.py
[2024-04-15T17:26:24.709+0000] {logging_mixin.py:188} INFO - [2024-04-15T17:26:24.708+0000] {dag.py:3096} INFO - Sync 1 DAGs
[2024-04-15T17:26:24.747+0000] {logging_mixin.py:188} INFO - [2024-04-15T17:26:24.746+0000] {dag.py:3954} INFO - Setting next_dagrun for tutorial_dag to None, run_after=None
[2024-04-15T17:26:24.787+0000] {processor.py:183} INFO - Processing /home/airflow/.local/lib/python3.12/site-packages/airflow/example_dags/tutorial_dag.py took 0.188 seconds
[2024-04-15T17:26:55.707+0000] {processor.py:161} INFO - Started process (PID=110) to work on /home/airflow/.local/lib/python3.12/site-packages/airflow/example_dags/tutorial_dag.py
[2024-04-15T17:26:55.708+0000] {processor.py:830} INFO - Processing file /home/airflow/.local/lib/python3.12/site-packages/airflow/example_dags/tutorial_dag.py for tasks to queue
[2024-04-15T17:26:55.709+0000] {logging_mixin.py:188} INFO - [2024-04-15T17:26:55.709+0000] {dagbag.py:540} INFO - Filling up the DagBag from /home/airflow/.local/lib/python3.12/site-packages/airflow/example_dags/tutorial_dag.py
[2024-04-15T17:26:55.714+0000] {processor.py:840} INFO - DAG(s) 'tutorial_dag' retrieved from /home/airflow/.local/lib/python3.12/site-packages/airflow/example_dags/tutorial_dag.py
[2024-04-15T17:26:55.866+0000] {logging_mixin.py:188} INFO - [2024-04-15T17:26:55.866+0000] {dag.py:3096} INFO - Sync 1 DAGs
[2024-04-15T17:26:55.871+0000] {logging_mixin.py:188} INFO - [2024-04-15T17:26:55.871+0000] {dag.py:3954} INFO - Setting next_dagrun for tutorial_dag to None, run_after=None
[2024-04-15T17:26:55.880+0000] {processor.py:183} INFO - Processing /home/airflow/.local/lib/python3.12/site-packages/airflow/example_dags/tutorial_dag.py took 0.176 seconds
[2024-04-15T17:27:26.566+0000] {processor.py:161} INFO - Started process (PID=170) to work on /home/airflow/.local/lib/python3.12/site-packages/airflow/example_dags/tutorial_dag.py
[2024-04-15T17:27:26.567+0000] {processor.py:830} INFO - Processing file /home/airflow/.local/lib/python3.12/site-packages/airflow/example_dags/tutorial_dag.py for tasks to queue
[2024-04-15T17:27:26.568+0000] {logging_mixin.py:188} INFO - [2024-04-15T17:27:26.568+0000] {dagbag.py:540} INFO - Filling up the DagBag from /home/airflow/.local/lib/python3.12/site-packages/airflow/example_dags/tutorial_dag.py
[2024-04-15T17:27:26.571+0000] {processor.py:840} INFO - DAG(s) 'tutorial_dag' retrieved from /home/airflow/.local/lib/python3.12/site-packages/airflow/example_dags/tutorial_dag.py
[2024-04-15T17:27:26.582+0000] {logging_mixin.py:188} INFO - [2024-04-15T17:27:26.581+0000] {dag.py:3096} INFO - Sync 1 DAGs
[2024-04-15T17:27:26.589+0000] {logging_mixin.py:188} INFO - [2024-04-15T17:27:26.589+0000] {dag.py:3954} INFO - Setting next_dagrun for tutorial_dag to None, run_after=None
[2024-04-15T17:27:26.598+0000] {processor.py:183} INFO - Processing /home/airflow/.local/lib/python3.12/site-packages/airflow/example_dags/tutorial_dag.py took 0.036 seconds
[2024-04-15T17:27:57.052+0000] {processor.py:161} INFO - Started process (PID=230) to work on /home/airflow/.local/lib/python3.12/site-packages/airflow/example_dags/tutorial_dag.py
[2024-04-15T17:27:57.053+0000] {processor.py:830} INFO - Processing file /home/airflow/.local/lib/python3.12/site-packages/airflow/example_dags/tutorial_dag.py for tasks to queue
[2024-04-15T17:27:57.054+0000] {logging_mixin.py:188} INFO - [2024-04-15T17:27:57.054+0000] {dagbag.py:540} INFO - Filling up the DagBag from /home/airflow/.local/lib/python3.12/site-packages/airflow/example_dags/tutorial_dag.py
[2024-04-15T17:27:57.058+0000] {processor.py:840} INFO - DAG(s) 'tutorial_dag' retrieved from /home/airflow/.local/lib/python3.12/site-packages/airflow/example_dags/tutorial_dag.py
[2024-04-15T17:27:57.068+0000] {logging_mixin.py:188} INFO - [2024-04-15T17:27:57.068+0000] {dag.py:3096} INFO - Sync 1 DAGs
[2024-04-15T17:27:57.080+0000] {logging_mixin.py:188} INFO - [2024-04-15T17:27:57.080+0000] {dag.py:3954} INFO - Setting next_dagrun for tutorial_dag to None, run_after=None
[2024-04-15T17:27:57.098+0000] {processor.py:183} INFO - Processing /home/airflow/.local/lib/python3.12/site-packages/airflow/example_dags/tutorial_dag.py took 0.049 seconds
[2024-04-15T17:28:27.535+0000] {processor.py:161} INFO - Started process (PID=290) to work on /home/airflow/.local/lib/python3.12/site-packages/airflow/example_dags/tutorial_dag.py
[2024-04-15T17:28:27.537+0000] {processor.py:830} INFO - Processing file /home/airflow/.local/lib/python3.12/site-packages/airflow/example_dags/tutorial_dag.py for tasks to queue
[2024-04-15T17:28:27.538+0000] {logging_mixin.py:188} INFO - [2024-04-15T17:28:27.538+0000] {dagbag.py:540} INFO - Filling up the DagBag from /home/airflow/.local/lib/python3.12/site-packages/airflow/example_dags/tutorial_dag.py
[2024-04-15T17:28:27.541+0000] {processor.py:840} INFO - DAG(s) 'tutorial_dag' retrieved from /home/airflow/.local/lib/python3.12/site-packages/airflow/example_dags/tutorial_dag.py
[2024-04-15T17:28:27.555+0000] {logging_mixin.py:188} INFO - [2024-04-15T17:28:27.555+0000] {dag.py:3096} INFO - Sync 1 DAGs
[2024-04-15T17:28:27.568+0000] {logging_mixin.py:188} INFO - [2024-04-15T17:28:27.568+0000] {dag.py:3954} INFO - Setting next_dagrun for tutorial_dag to None, run_after=None
[2024-04-15T17:28:27.581+0000] {processor.py:183} INFO - Processing /home/airflow/.local/lib/python3.12/site-packages/airflow/example_dags/tutorial_dag.py took 0.050 seconds
[2024-04-15T17:28:59.638+0000] {processor.py:161} INFO - Started process (PID=356) to work on /home/airflow/.local/lib/python3.12/site-packages/airflow/example_dags/tutorial_dag.py
[2024-04-15T17:28:59.639+0000] {processor.py:830} INFO - Processing file /home/airflow/.local/lib/python3.12/site-packages/airflow/example_dags/tutorial_dag.py for tasks to queue
[2024-04-15T17:28:59.641+0000] {logging_mixin.py:188} INFO - [2024-04-15T17:28:59.641+0000] {dagbag.py:540} INFO - Filling up the DagBag from /home/airflow/.local/lib/python3.12/site-packages/airflow/example_dags/tutorial_dag.py
[2024-04-15T17:28:59.650+0000] {processor.py:840} INFO - DAG(s) 'tutorial_dag' retrieved from /home/airflow/.local/lib/python3.12/site-packages/airflow/example_dags/tutorial_dag.py
[2024-04-15T17:28:59.693+0000] {logging_mixin.py:188} INFO - [2024-04-15T17:28:59.693+0000] {dag.py:3096} INFO - Sync 1 DAGs
[2024-04-15T17:28:59.706+0000] {logging_mixin.py:188} INFO - [2024-04-15T17:28:59.706+0000] {dag.py:3954} INFO - Setting next_dagrun for tutorial_dag to None, run_after=None
[2024-04-15T17:28:59.964+0000] {processor.py:183} INFO - Processing /home/airflow/.local/lib/python3.12/site-packages/airflow/example_dags/tutorial_dag.py took 0.333 seconds
[2024-04-15T17:29:30.028+0000] {processor.py:161} INFO - Started process (PID=414) to work on /home/airflow/.local/lib/python3.12/site-packages/airflow/example_dags/tutorial_dag.py
[2024-04-15T17:29:30.029+0000] {processor.py:830} INFO - Processing file /home/airflow/.local/lib/python3.12/site-packages/airflow/example_dags/tutorial_dag.py for tasks to queue
[2024-04-15T17:29:30.030+0000] {logging_mixin.py:188} INFO - [2024-04-15T17:29:30.030+0000] {dagbag.py:540} INFO - Filling up the DagBag from /home/airflow/.local/lib/python3.12/site-packages/airflow/example_dags/tutorial_dag.py
[2024-04-15T17:29:30.033+0000] {processor.py:840} INFO - DAG(s) 'tutorial_dag' retrieved from /home/airflow/.local/lib/python3.12/site-packages/airflow/example_dags/tutorial_dag.py
[2024-04-15T17:29:30.049+0000] {logging_mixin.py:188} INFO - [2024-04-15T17:29:30.049+0000] {dag.py:3096} INFO - Sync 1 DAGs
[2024-04-15T17:29:30.059+0000] {logging_mixin.py:188} INFO - [2024-04-15T17:29:30.058+0000] {dag.py:3954} INFO - Setting next_dagrun for tutorial_dag to None, run_after=None
[2024-04-15T17:29:30.074+0000] {processor.py:183} INFO - Processing /home/airflow/.local/lib/python3.12/site-packages/airflow/example_dags/tutorial_dag.py took 0.050 seconds
[2024-04-15T17:30:00.323+0000] {processor.py:161} INFO - Started process (PID=474) to work on /home/airflow/.local/lib/python3.12/site-packages/airflow/example_dags/tutorial_dag.py
[2024-04-15T17:30:00.323+0000] {processor.py:830} INFO - Processing file /home/airflow/.local/lib/python3.12/site-packages/airflow/example_dags/tutorial_dag.py for tasks to queue
[2024-04-15T17:30:00.324+0000] {logging_mixin.py:188} INFO - [2024-04-15T17:30:00.324+0000] {dagbag.py:540} INFO - Filling up the DagBag from /home/airflow/.local/lib/python3.12/site-packages/airflow/example_dags/tutorial_dag.py
[2024-04-15T17:30:00.327+0000] {processor.py:840} INFO - DAG(s) 'tutorial_dag' retrieved from /home/airflow/.local/lib/python3.12/site-packages/airflow/example_dags/tutorial_dag.py
[2024-04-15T17:30:00.337+0000] {logging_mixin.py:188} INFO - [2024-04-15T17:30:00.337+0000] {dag.py:3096} INFO - Sync 1 DAGs
[2024-04-15T17:30:00.344+0000] {logging_mixin.py:188} INFO - [2024-04-15T17:30:00.344+0000] {dag.py:3954} INFO - Setting next_dagrun for tutorial_dag to None, run_after=None
[2024-04-15T17:30:00.352+0000] {processor.py:183} INFO - Processing /home/airflow/.local/lib/python3.12/site-packages/airflow/example_dags/tutorial_dag.py took 0.032 seconds
[2024-04-15T17:30:30.682+0000] {processor.py:161} INFO - Started process (PID=535) to work on /home/airflow/.local/lib/python3.12/site-packages/airflow/example_dags/tutorial_dag.py
[2024-04-15T17:30:30.683+0000] {processor.py:830} INFO - Processing file /home/airflow/.local/lib/python3.12/site-packages/airflow/example_dags/tutorial_dag.py for tasks to queue
[2024-04-15T17:30:30.684+0000] {logging_mixin.py:188} INFO - [2024-04-15T17:30:30.684+0000] {dagbag.py:540} INFO - Filling up the DagBag from /home/airflow/.local/lib/python3.12/site-packages/airflow/example_dags/tutorial_dag.py
[2024-04-15T17:30:30.689+0000] {processor.py:840} INFO - DAG(s) 'tutorial_dag' retrieved from /home/airflow/.local/lib/python3.12/site-packages/airflow/example_dags/tutorial_dag.py
[2024-04-15T17:30:30.704+0000] {logging_mixin.py:188} INFO - [2024-04-15T17:30:30.704+0000] {dag.py:3096} INFO - Sync 1 DAGs
[2024-04-15T17:30:30.711+0000] {logging_mixin.py:188} INFO - [2024-04-15T17:30:30.711+0000] {dag.py:3954} INFO - Setting next_dagrun for tutorial_dag to None, run_after=None
[2024-04-15T17:30:30.719+0000] {processor.py:183} INFO - Processing /home/airflow/.local/lib/python3.12/site-packages/airflow/example_dags/tutorial_dag.py took 0.040 seconds
[2024-04-15T17:31:00.856+0000] {processor.py:161} INFO - Started process (PID=595) to work on /home/airflow/.local/lib/python3.12/site-packages/airflow/example_dags/tutorial_dag.py
[2024-04-15T17:31:00.857+0000] {processor.py:830} INFO - Processing file /home/airflow/.local/lib/python3.12/site-packages/airflow/example_dags/tutorial_dag.py for tasks to queue
[2024-04-15T17:31:00.859+0000] {logging_mixin.py:188} INFO - [2024-04-15T17:31:00.858+0000] {dagbag.py:540} INFO - Filling up the DagBag from /home/airflow/.local/lib/python3.12/site-packages/airflow/example_dags/tutorial_dag.py
[2024-04-15T17:31:00.890+0000] {processor.py:840} INFO - DAG(s) 'tutorial_dag' retrieved from /home/airflow/.local/lib/python3.12/site-packages/airflow/example_dags/tutorial_dag.py
[2024-04-15T17:31:00.910+0000] {logging_mixin.py:188} INFO - [2024-04-15T17:31:00.910+0000] {dag.py:3096} INFO - Sync 1 DAGs
[2024-04-15T17:31:00.950+0000] {logging_mixin.py:188} INFO - [2024-04-15T17:31:00.950+0000] {dag.py:3954} INFO - Setting next_dagrun for tutorial_dag to None, run_after=None
[2024-04-15T17:31:00.992+0000] {processor.py:183} INFO - Processing /home/airflow/.local/lib/python3.12/site-packages/airflow/example_dags/tutorial_dag.py took 0.139 seconds
[2024-04-15T17:31:31.772+0000] {processor.py:161} INFO - Started process (PID=655) to work on /home/airflow/.local/lib/python3.12/site-packages/airflow/example_dags/tutorial_dag.py
[2024-04-15T17:31:31.773+0000] {processor.py:830} INFO - Processing file /home/airflow/.local/lib/python3.12/site-packages/airflow/example_dags/tutorial_dag.py for tasks to queue
[2024-04-15T17:31:31.774+0000] {logging_mixin.py:188} INFO - [2024-04-15T17:31:31.774+0000] {dagbag.py:540} INFO - Filling up the DagBag from /home/airflow/.local/lib/python3.12/site-packages/airflow/example_dags/tutorial_dag.py
[2024-04-15T17:31:31.778+0000] {processor.py:840} INFO - DAG(s) 'tutorial_dag' retrieved from /home/airflow/.local/lib/python3.12/site-packages/airflow/example_dags/tutorial_dag.py
[2024-04-15T17:31:31.788+0000] {logging_mixin.py:188} INFO - [2024-04-15T17:31:31.788+0000] {dag.py:3096} INFO - Sync 1 DAGs
[2024-04-15T17:31:31.794+0000] {logging_mixin.py:188} INFO - [2024-04-15T17:31:31.794+0000] {dag.py:3954} INFO - Setting next_dagrun for tutorial_dag to None, run_after=None
[2024-04-15T17:31:31.801+0000] {processor.py:183} INFO - Processing /home/airflow/.local/lib/python3.12/site-packages/airflow/example_dags/tutorial_dag.py took 0.032 seconds
[2024-04-15T17:32:02.286+0000] {processor.py:161} INFO - Started process (PID=715) to work on /home/airflow/.local/lib/python3.12/site-packages/airflow/example_dags/tutorial_dag.py
[2024-04-15T17:32:02.287+0000] {processor.py:830} INFO - Processing file /home/airflow/.local/lib/python3.12/site-packages/airflow/example_dags/tutorial_dag.py for tasks to queue
[2024-04-15T17:32:02.288+0000] {logging_mixin.py:188} INFO - [2024-04-15T17:32:02.288+0000] {dagbag.py:540} INFO - Filling up the DagBag from /home/airflow/.local/lib/python3.12/site-packages/airflow/example_dags/tutorial_dag.py
[2024-04-15T17:32:02.291+0000] {processor.py:840} INFO - DAG(s) 'tutorial_dag' retrieved from /home/airflow/.local/lib/python3.12/site-packages/airflow/example_dags/tutorial_dag.py
[2024-04-15T17:32:02.301+0000] {logging_mixin.py:188} INFO - [2024-04-15T17:32:02.301+0000] {dag.py:3096} INFO - Sync 1 DAGs
[2024-04-15T17:32:02.308+0000] {logging_mixin.py:188} INFO - [2024-04-15T17:32:02.307+0000] {dag.py:3954} INFO - Setting next_dagrun for tutorial_dag to None, run_after=None
[2024-04-15T17:32:02.316+0000] {processor.py:183} INFO - Processing /home/airflow/.local/lib/python3.12/site-packages/airflow/example_dags/tutorial_dag.py took 0.034 seconds
[2024-04-15T17:32:32.688+0000] {processor.py:161} INFO - Started process (PID=775) to work on /home/airflow/.local/lib/python3.12/site-packages/airflow/example_dags/tutorial_dag.py
[2024-04-15T17:32:32.689+0000] {processor.py:830} INFO - Processing file /home/airflow/.local/lib/python3.12/site-packages/airflow/example_dags/tutorial_dag.py for tasks to queue
[2024-04-15T17:32:32.690+0000] {logging_mixin.py:188} INFO - [2024-04-15T17:32:32.690+0000] {dagbag.py:540} INFO - Filling up the DagBag from /home/airflow/.local/lib/python3.12/site-packages/airflow/example_dags/tutorial_dag.py
[2024-04-15T17:32:32.695+0000] {processor.py:840} INFO - DAG(s) 'tutorial_dag' retrieved from /home/airflow/.local/lib/python3.12/site-packages/airflow/example_dags/tutorial_dag.py
[2024-04-15T17:32:32.712+0000] {logging_mixin.py:188} INFO - [2024-04-15T17:32:32.712+0000] {dag.py:3096} INFO - Sync 1 DAGs
[2024-04-15T17:32:32.728+0000] {logging_mixin.py:188} INFO - [2024-04-15T17:32:32.727+0000] {dag.py:3954} INFO - Setting next_dagrun for tutorial_dag to None, run_after=None
[2024-04-15T17:32:32.749+0000] {processor.py:183} INFO - Processing /home/airflow/.local/lib/python3.12/site-packages/airflow/example_dags/tutorial_dag.py took 0.065 seconds
[2024-04-15T17:33:03.485+0000] {processor.py:161} INFO - Started process (PID=835) to work on /home/airflow/.local/lib/python3.12/site-packages/airflow/example_dags/tutorial_dag.py
[2024-04-15T17:33:03.486+0000] {processor.py:830} INFO - Processing file /home/airflow/.local/lib/python3.12/site-packages/airflow/example_dags/tutorial_dag.py for tasks to queue
[2024-04-15T17:33:03.489+0000] {logging_mixin.py:188} INFO - [2024-04-15T17:33:03.488+0000] {dagbag.py:540} INFO - Filling up the DagBag from /home/airflow/.local/lib/python3.12/site-packages/airflow/example_dags/tutorial_dag.py
[2024-04-15T17:33:03.497+0000] {processor.py:840} INFO - DAG(s) 'tutorial_dag' retrieved from /home/airflow/.local/lib/python3.12/site-packages/airflow/example_dags/tutorial_dag.py
[2024-04-15T17:33:03.677+0000] {logging_mixin.py:188} INFO - [2024-04-15T17:33:03.675+0000] {dag.py:3096} INFO - Sync 1 DAGs
[2024-04-15T17:33:03.744+0000] {logging_mixin.py:188} INFO - [2024-04-15T17:33:03.744+0000] {dag.py:3954} INFO - Setting next_dagrun for tutorial_dag to None, run_after=None
[2024-04-15T17:33:03.875+0000] {processor.py:183} INFO - Processing /home/airflow/.local/lib/python3.12/site-packages/airflow/example_dags/tutorial_dag.py took 0.397 seconds
[2024-04-15T17:33:34.164+0000] {processor.py:161} INFO - Started process (PID=895) to work on /home/airflow/.local/lib/python3.12/site-packages/airflow/example_dags/tutorial_dag.py
[2024-04-15T17:33:34.165+0000] {processor.py:830} INFO - Processing file /home/airflow/.local/lib/python3.12/site-packages/airflow/example_dags/tutorial_dag.py for tasks to queue
[2024-04-15T17:33:34.166+0000] {logging_mixin.py:188} INFO - [2024-04-15T17:33:34.166+0000] {dagbag.py:540} INFO - Filling up the DagBag from /home/airflow/.local/lib/python3.12/site-packages/airflow/example_dags/tutorial_dag.py
[2024-04-15T17:33:34.174+0000] {processor.py:840} INFO - DAG(s) 'tutorial_dag' retrieved from /home/airflow/.local/lib/python3.12/site-packages/airflow/example_dags/tutorial_dag.py
[2024-04-15T17:33:34.193+0000] {logging_mixin.py:188} INFO - [2024-04-15T17:33:34.193+0000] {dag.py:3096} INFO - Sync 1 DAGs
[2024-04-15T17:33:34.204+0000] {logging_mixin.py:188} INFO - [2024-04-15T17:33:34.203+0000] {dag.py:3954} INFO - Setting next_dagrun for tutorial_dag to None, run_after=None
[2024-04-15T17:33:34.213+0000] {processor.py:183} INFO - Processing /home/airflow/.local/lib/python3.12/site-packages/airflow/example_dags/tutorial_dag.py took 0.055 seconds
[2024-04-15T17:34:04.505+0000] {processor.py:161} INFO - Started process (PID=955) to work on /home/airflow/.local/lib/python3.12/site-packages/airflow/example_dags/tutorial_dag.py
[2024-04-15T17:34:04.505+0000] {processor.py:830} INFO - Processing file /home/airflow/.local/lib/python3.12/site-packages/airflow/example_dags/tutorial_dag.py for tasks to queue
[2024-04-15T17:34:04.507+0000] {logging_mixin.py:188} INFO - [2024-04-15T17:34:04.506+0000] {dagbag.py:540} INFO - Filling up the DagBag from /home/airflow/.local/lib/python3.12/site-packages/airflow/example_dags/tutorial_dag.py
[2024-04-15T17:34:04.510+0000] {processor.py:840} INFO - DAG(s) 'tutorial_dag' retrieved from /home/airflow/.local/lib/python3.12/site-packages/airflow/example_dags/tutorial_dag.py
[2024-04-15T17:34:04.520+0000] {logging_mixin.py:188} INFO - [2024-04-15T17:34:04.520+0000] {dag.py:3096} INFO - Sync 1 DAGs
[2024-04-15T17:34:04.526+0000] {logging_mixin.py:188} INFO - [2024-04-15T17:34:04.526+0000] {dag.py:3954} INFO - Setting next_dagrun for tutorial_dag to None, run_after=None
[2024-04-15T17:34:04.533+0000] {processor.py:183} INFO - Processing /home/airflow/.local/lib/python3.12/site-packages/airflow/example_dags/tutorial_dag.py took 0.032 seconds
[2024-04-15T17:34:34.844+0000] {processor.py:161} INFO - Started process (PID=1015) to work on /home/airflow/.local/lib/python3.12/site-packages/airflow/example_dags/tutorial_dag.py
[2024-04-15T17:34:34.844+0000] {processor.py:830} INFO - Processing file /home/airflow/.local/lib/python3.12/site-packages/airflow/example_dags/tutorial_dag.py for tasks to queue
[2024-04-15T17:34:34.845+0000] {logging_mixin.py:188} INFO - [2024-04-15T17:34:34.845+0000] {dagbag.py:540} INFO - Filling up the DagBag from /home/airflow/.local/lib/python3.12/site-packages/airflow/example_dags/tutorial_dag.py
[2024-04-15T17:34:34.849+0000] {processor.py:840} INFO - DAG(s) 'tutorial_dag' retrieved from /home/airflow/.local/lib/python3.12/site-packages/airflow/example_dags/tutorial_dag.py
[2024-04-15T17:34:34.860+0000] {logging_mixin.py:188} INFO - [2024-04-15T17:34:34.860+0000] {dag.py:3096} INFO - Sync 1 DAGs
[2024-04-15T17:34:34.866+0000] {logging_mixin.py:188} INFO - [2024-04-15T17:34:34.866+0000] {dag.py:3954} INFO - Setting next_dagrun for tutorial_dag to None, run_after=None
[2024-04-15T17:34:34.873+0000] {processor.py:183} INFO - Processing /home/airflow/.local/lib/python3.12/site-packages/airflow/example_dags/tutorial_dag.py took 0.033 seconds
[2024-04-15T17:35:05.538+0000] {processor.py:161} INFO - Started process (PID=1075) to work on /home/airflow/.local/lib/python3.12/site-packages/airflow/example_dags/tutorial_dag.py
[2024-04-15T17:35:05.539+0000] {processor.py:830} INFO - Processing file /home/airflow/.local/lib/python3.12/site-packages/airflow/example_dags/tutorial_dag.py for tasks to queue
[2024-04-15T17:35:05.540+0000] {logging_mixin.py:188} INFO - [2024-04-15T17:35:05.539+0000] {dagbag.py:540} INFO - Filling up the DagBag from /home/airflow/.local/lib/python3.12/site-packages/airflow/example_dags/tutorial_dag.py
[2024-04-15T17:35:05.543+0000] {processor.py:840} INFO - DAG(s) 'tutorial_dag' retrieved from /home/airflow/.local/lib/python3.12/site-packages/airflow/example_dags/tutorial_dag.py
[2024-04-15T17:35:05.553+0000] {logging_mixin.py:188} INFO - [2024-04-15T17:35:05.553+0000] {dag.py:3096} INFO - Sync 1 DAGs
[2024-04-15T17:35:05.560+0000] {logging_mixin.py:188} INFO - [2024-04-15T17:35:05.559+0000] {dag.py:3954} INFO - Setting next_dagrun for tutorial_dag to None, run_after=None
[2024-04-15T17:35:05.568+0000] {processor.py:183} INFO - Processing /home/airflow/.local/lib/python3.12/site-packages/airflow/example_dags/tutorial_dag.py took 0.034 seconds
[2024-04-15T17:35:35.917+0000] {processor.py:161} INFO - Started process (PID=1135) to work on /home/airflow/.local/lib/python3.12/site-packages/airflow/example_dags/tutorial_dag.py
[2024-04-15T17:35:35.918+0000] {processor.py:830} INFO - Processing file /home/airflow/.local/lib/python3.12/site-packages/airflow/example_dags/tutorial_dag.py for tasks to queue
[2024-04-15T17:35:35.920+0000] {logging_mixin.py:188} INFO - [2024-04-15T17:35:35.920+0000] {dagbag.py:540} INFO - Filling up the DagBag from /home/airflow/.local/lib/python3.12/site-packages/airflow/example_dags/tutorial_dag.py
[2024-04-15T17:35:35.926+0000] {processor.py:840} INFO - DAG(s) 'tutorial_dag' retrieved from /home/airflow/.local/lib/python3.12/site-packages/airflow/example_dags/tutorial_dag.py
[2024-04-15T17:35:35.951+0000] {logging_mixin.py:188} INFO - [2024-04-15T17:35:35.951+0000] {dag.py:3096} INFO - Sync 1 DAGs
[2024-04-15T17:35:35.964+0000] {logging_mixin.py:188} INFO - [2024-04-15T17:35:35.963+0000] {dag.py:3954} INFO - Setting next_dagrun for tutorial_dag to None, run_after=None
[2024-04-15T17:35:35.977+0000] {processor.py:183} INFO - Processing /home/airflow/.local/lib/python3.12/site-packages/airflow/example_dags/tutorial_dag.py took 0.067 seconds
[2024-04-15T17:36:06.707+0000] {processor.py:161} INFO - Started process (PID=1195) to work on /home/airflow/.local/lib/python3.12/site-packages/airflow/example_dags/tutorial_dag.py
[2024-04-15T17:36:06.708+0000] {processor.py:830} INFO - Processing file /home/airflow/.local/lib/python3.12/site-packages/airflow/example_dags/tutorial_dag.py for tasks to queue
[2024-04-15T17:36:06.709+0000] {logging_mixin.py:188} INFO - [2024-04-15T17:36:06.709+0000] {dagbag.py:540} INFO - Filling up the DagBag from /home/airflow/.local/lib/python3.12/site-packages/airflow/example_dags/tutorial_dag.py
[2024-04-15T17:36:06.712+0000] {processor.py:840} INFO - DAG(s) 'tutorial_dag' retrieved from /home/airflow/.local/lib/python3.12/site-packages/airflow/example_dags/tutorial_dag.py
[2024-04-15T17:36:06.722+0000] {logging_mixin.py:188} INFO - [2024-04-15T17:36:06.722+0000] {dag.py:3096} INFO - Sync 1 DAGs
[2024-04-15T17:36:06.728+0000] {logging_mixin.py:188} INFO - [2024-04-15T17:36:06.728+0000] {dag.py:3954} INFO - Setting next_dagrun for tutorial_dag to None, run_after=None
[2024-04-15T17:36:06.736+0000] {processor.py:183} INFO - Processing /home/airflow/.local/lib/python3.12/site-packages/airflow/example_dags/tutorial_dag.py took 0.031 seconds
[2024-04-15T17:36:37.249+0000] {processor.py:161} INFO - Started process (PID=1254) to work on /home/airflow/.local/lib/python3.12/site-packages/airflow/example_dags/tutorial_dag.py
[2024-04-15T17:36:37.253+0000] {processor.py:830} INFO - Processing file /home/airflow/.local/lib/python3.12/site-packages/airflow/example_dags/tutorial_dag.py for tasks to queue
[2024-04-15T17:36:37.255+0000] {logging_mixin.py:188} INFO - [2024-04-15T17:36:37.255+0000] {dagbag.py:540} INFO - Filling up the DagBag from /home/airflow/.local/lib/python3.12/site-packages/airflow/example_dags/tutorial_dag.py
[2024-04-15T17:36:37.258+0000] {processor.py:840} INFO - DAG(s) 'tutorial_dag' retrieved from /home/airflow/.local/lib/python3.12/site-packages/airflow/example_dags/tutorial_dag.py
[2024-04-15T17:36:37.269+0000] {logging_mixin.py:188} INFO - [2024-04-15T17:36:37.268+0000] {dag.py:3096} INFO - Sync 1 DAGs
[2024-04-15T17:36:37.274+0000] {logging_mixin.py:188} INFO - [2024-04-15T17:36:37.274+0000] {dag.py:3954} INFO - Setting next_dagrun for tutorial_dag to None, run_after=None
[2024-04-15T17:36:37.282+0000] {processor.py:183} INFO - Processing /home/airflow/.local/lib/python3.12/site-packages/airflow/example_dags/tutorial_dag.py took 0.036 seconds
[2024-04-15T17:37:07.980+0000] {processor.py:161} INFO - Started process (PID=1314) to work on /home/airflow/.local/lib/python3.12/site-packages/airflow/example_dags/tutorial_dag.py
[2024-04-15T17:37:07.981+0000] {processor.py:830} INFO - Processing file /home/airflow/.local/lib/python3.12/site-packages/airflow/example_dags/tutorial_dag.py for tasks to queue
[2024-04-15T17:37:07.982+0000] {logging_mixin.py:188} INFO - [2024-04-15T17:37:07.982+0000] {dagbag.py:540} INFO - Filling up the DagBag from /home/airflow/.local/lib/python3.12/site-packages/airflow/example_dags/tutorial_dag.py
[2024-04-15T17:37:07.985+0000] {processor.py:840} INFO - DAG(s) 'tutorial_dag' retrieved from /home/airflow/.local/lib/python3.12/site-packages/airflow/example_dags/tutorial_dag.py
[2024-04-15T17:37:07.996+0000] {logging_mixin.py:188} INFO - [2024-04-15T17:37:07.996+0000] {dag.py:3096} INFO - Sync 1 DAGs
[2024-04-15T17:37:08.002+0000] {logging_mixin.py:188} INFO - [2024-04-15T17:37:08.002+0000] {dag.py:3954} INFO - Setting next_dagrun for tutorial_dag to None, run_after=None
[2024-04-15T17:37:08.011+0000] {processor.py:183} INFO - Processing /home/airflow/.local/lib/python3.12/site-packages/airflow/example_dags/tutorial_dag.py took 0.035 seconds
[2024-04-15T17:37:38.896+0000] {processor.py:161} INFO - Started process (PID=1374) to work on /home/airflow/.local/lib/python3.12/site-packages/airflow/example_dags/tutorial_dag.py
[2024-04-15T17:37:38.897+0000] {processor.py:830} INFO - Processing file /home/airflow/.local/lib/python3.12/site-packages/airflow/example_dags/tutorial_dag.py for tasks to queue
[2024-04-15T17:37:38.898+0000] {logging_mixin.py:188} INFO - [2024-04-15T17:37:38.897+0000] {dagbag.py:540} INFO - Filling up the DagBag from /home/airflow/.local/lib/python3.12/site-packages/airflow/example_dags/tutorial_dag.py
[2024-04-15T17:37:38.901+0000] {processor.py:840} INFO - DAG(s) 'tutorial_dag' retrieved from /home/airflow/.local/lib/python3.12/site-packages/airflow/example_dags/tutorial_dag.py
[2024-04-15T17:37:38.910+0000] {logging_mixin.py:188} INFO - [2024-04-15T17:37:38.910+0000] {dag.py:3096} INFO - Sync 1 DAGs
[2024-04-15T17:37:38.916+0000] {logging_mixin.py:188} INFO - [2024-04-15T17:37:38.916+0000] {dag.py:3954} INFO - Setting next_dagrun for tutorial_dag to None, run_after=None
[2024-04-15T17:37:38.923+0000] {processor.py:183} INFO - Processing /home/airflow/.local/lib/python3.12/site-packages/airflow/example_dags/tutorial_dag.py took 0.030 seconds
[2024-04-15T17:38:09.273+0000] {processor.py:161} INFO - Started process (PID=1434) to work on /home/airflow/.local/lib/python3.12/site-packages/airflow/example_dags/tutorial_dag.py
[2024-04-15T17:38:09.274+0000] {processor.py:830} INFO - Processing file /home/airflow/.local/lib/python3.12/site-packages/airflow/example_dags/tutorial_dag.py for tasks to queue
[2024-04-15T17:38:09.275+0000] {logging_mixin.py:188} INFO - [2024-04-15T17:38:09.275+0000] {dagbag.py:540} INFO - Filling up the DagBag from /home/airflow/.local/lib/python3.12/site-packages/airflow/example_dags/tutorial_dag.py
[2024-04-15T17:38:09.279+0000] {processor.py:840} INFO - DAG(s) 'tutorial_dag' retrieved from /home/airflow/.local/lib/python3.12/site-packages/airflow/example_dags/tutorial_dag.py
[2024-04-15T17:38:09.293+0000] {logging_mixin.py:188} INFO - [2024-04-15T17:38:09.293+0000] {dag.py:3096} INFO - Sync 1 DAGs
[2024-04-15T17:38:09.300+0000] {logging_mixin.py:188} INFO - [2024-04-15T17:38:09.300+0000] {dag.py:3954} INFO - Setting next_dagrun for tutorial_dag to None, run_after=None
[2024-04-15T17:38:09.309+0000] {processor.py:183} INFO - Processing /home/airflow/.local/lib/python3.12/site-packages/airflow/example_dags/tutorial_dag.py took 0.041 seconds
[2024-04-15T17:38:39.669+0000] {processor.py:161} INFO - Started process (PID=1494) to work on /home/airflow/.local/lib/python3.12/site-packages/airflow/example_dags/tutorial_dag.py
[2024-04-15T17:38:39.670+0000] {processor.py:830} INFO - Processing file /home/airflow/.local/lib/python3.12/site-packages/airflow/example_dags/tutorial_dag.py for tasks to queue
[2024-04-15T17:38:39.672+0000] {logging_mixin.py:188} INFO - [2024-04-15T17:38:39.671+0000] {dagbag.py:540} INFO - Filling up the DagBag from /home/airflow/.local/lib/python3.12/site-packages/airflow/example_dags/tutorial_dag.py
[2024-04-15T17:38:39.679+0000] {processor.py:840} INFO - DAG(s) 'tutorial_dag' retrieved from /home/airflow/.local/lib/python3.12/site-packages/airflow/example_dags/tutorial_dag.py
[2024-04-15T17:38:39.692+0000] {logging_mixin.py:188} INFO - [2024-04-15T17:38:39.692+0000] {dag.py:3096} INFO - Sync 1 DAGs
[2024-04-15T17:38:39.699+0000] {logging_mixin.py:188} INFO - [2024-04-15T17:38:39.699+0000] {dag.py:3954} INFO - Setting next_dagrun for tutorial_dag to None, run_after=None
[2024-04-15T17:38:39.716+0000] {processor.py:183} INFO - Processing /home/airflow/.local/lib/python3.12/site-packages/airflow/example_dags/tutorial_dag.py took 0.052 seconds
[2024-04-15T17:39:10.144+0000] {processor.py:161} INFO - Started process (PID=1554) to work on /home/airflow/.local/lib/python3.12/site-packages/airflow/example_dags/tutorial_dag.py
[2024-04-15T17:39:10.146+0000] {processor.py:830} INFO - Processing file /home/airflow/.local/lib/python3.12/site-packages/airflow/example_dags/tutorial_dag.py for tasks to queue
[2024-04-15T17:39:10.151+0000] {logging_mixin.py:188} INFO - [2024-04-15T17:39:10.149+0000] {dagbag.py:540} INFO - Filling up the DagBag from /home/airflow/.local/lib/python3.12/site-packages/airflow/example_dags/tutorial_dag.py
[2024-04-15T17:39:10.160+0000] {processor.py:840} INFO - DAG(s) 'tutorial_dag' retrieved from /home/airflow/.local/lib/python3.12/site-packages/airflow/example_dags/tutorial_dag.py
[2024-04-15T17:39:10.175+0000] {logging_mixin.py:188} INFO - [2024-04-15T17:39:10.174+0000] {dag.py:3096} INFO - Sync 1 DAGs
[2024-04-15T17:39:10.182+0000] {logging_mixin.py:188} INFO - [2024-04-15T17:39:10.182+0000] {dag.py:3954} INFO - Setting next_dagrun for tutorial_dag to None, run_after=None
[2024-04-15T17:39:10.193+0000] {processor.py:183} INFO - Processing /home/airflow/.local/lib/python3.12/site-packages/airflow/example_dags/tutorial_dag.py took 0.055 seconds
[2024-04-15T17:39:40.505+0000] {processor.py:161} INFO - Started process (PID=1614) to work on /home/airflow/.local/lib/python3.12/site-packages/airflow/example_dags/tutorial_dag.py
[2024-04-15T17:39:40.506+0000] {processor.py:830} INFO - Processing file /home/airflow/.local/lib/python3.12/site-packages/airflow/example_dags/tutorial_dag.py for tasks to queue
[2024-04-15T17:39:40.508+0000] {logging_mixin.py:188} INFO - [2024-04-15T17:39:40.508+0000] {dagbag.py:540} INFO - Filling up the DagBag from /home/airflow/.local/lib/python3.12/site-packages/airflow/example_dags/tutorial_dag.py
[2024-04-15T17:39:40.513+0000] {processor.py:840} INFO - DAG(s) 'tutorial_dag' retrieved from /home/airflow/.local/lib/python3.12/site-packages/airflow/example_dags/tutorial_dag.py
[2024-04-15T17:39:40.541+0000] {logging_mixin.py:188} INFO - [2024-04-15T17:39:40.541+0000] {dag.py:3096} INFO - Sync 1 DAGs
[2024-04-15T17:39:40.549+0000] {logging_mixin.py:188} INFO - [2024-04-15T17:39:40.549+0000] {dag.py:3954} INFO - Setting next_dagrun for tutorial_dag to None, run_after=None
[2024-04-15T17:39:40.558+0000] {processor.py:183} INFO - Processing /home/airflow/.local/lib/python3.12/site-packages/airflow/example_dags/tutorial_dag.py took 0.058 seconds
[2024-04-15T17:40:11.049+0000] {processor.py:161} INFO - Started process (PID=1674) to work on /home/airflow/.local/lib/python3.12/site-packages/airflow/example_dags/tutorial_dag.py
[2024-04-15T17:40:11.052+0000] {processor.py:830} INFO - Processing file /home/airflow/.local/lib/python3.12/site-packages/airflow/example_dags/tutorial_dag.py for tasks to queue
[2024-04-15T17:40:11.054+0000] {logging_mixin.py:188} INFO - [2024-04-15T17:40:11.053+0000] {dagbag.py:540} INFO - Filling up the DagBag from /home/airflow/.local/lib/python3.12/site-packages/airflow/example_dags/tutorial_dag.py
[2024-04-15T17:40:11.057+0000] {processor.py:840} INFO - DAG(s) 'tutorial_dag' retrieved from /home/airflow/.local/lib/python3.12/site-packages/airflow/example_dags/tutorial_dag.py
[2024-04-15T17:40:11.069+0000] {logging_mixin.py:188} INFO - [2024-04-15T17:40:11.069+0000] {dag.py:3096} INFO - Sync 1 DAGs
[2024-04-15T17:40:11.075+0000] {logging_mixin.py:188} INFO - [2024-04-15T17:40:11.075+0000] {dag.py:3954} INFO - Setting next_dagrun for tutorial_dag to None, run_after=None
[2024-04-15T17:40:11.085+0000] {processor.py:183} INFO - Processing /home/airflow/.local/lib/python3.12/site-packages/airflow/example_dags/tutorial_dag.py took 0.041 seconds
[2024-04-15T17:40:42.097+0000] {processor.py:161} INFO - Started process (PID=1734) to work on /home/airflow/.local/lib/python3.12/site-packages/airflow/example_dags/tutorial_dag.py
[2024-04-15T17:40:42.099+0000] {processor.py:830} INFO - Processing file /home/airflow/.local/lib/python3.12/site-packages/airflow/example_dags/tutorial_dag.py for tasks to queue
[2024-04-15T17:40:42.100+0000] {logging_mixin.py:188} INFO - [2024-04-15T17:40:42.100+0000] {dagbag.py:540} INFO - Filling up the DagBag from /home/airflow/.local/lib/python3.12/site-packages/airflow/example_dags/tutorial_dag.py
[2024-04-15T17:40:42.105+0000] {processor.py:840} INFO - DAG(s) 'tutorial_dag' retrieved from /home/airflow/.local/lib/python3.12/site-packages/airflow/example_dags/tutorial_dag.py
[2024-04-15T17:40:42.136+0000] {logging_mixin.py:188} INFO - [2024-04-15T17:40:42.136+0000] {dag.py:3096} INFO - Sync 1 DAGs
[2024-04-15T17:40:42.151+0000] {logging_mixin.py:188} INFO - [2024-04-15T17:40:42.150+0000] {dag.py:3954} INFO - Setting next_dagrun for tutorial_dag to None, run_after=None
[2024-04-15T17:40:42.186+0000] {processor.py:183} INFO - Processing /home/airflow/.local/lib/python3.12/site-packages/airflow/example_dags/tutorial_dag.py took 0.129 seconds
[2024-04-15T17:41:12.520+0000] {processor.py:161} INFO - Started process (PID=1794) to work on /home/airflow/.local/lib/python3.12/site-packages/airflow/example_dags/tutorial_dag.py
[2024-04-15T17:41:12.521+0000] {processor.py:830} INFO - Processing file /home/airflow/.local/lib/python3.12/site-packages/airflow/example_dags/tutorial_dag.py for tasks to queue
[2024-04-15T17:41:12.522+0000] {logging_mixin.py:188} INFO - [2024-04-15T17:41:12.522+0000] {dagbag.py:540} INFO - Filling up the DagBag from /home/airflow/.local/lib/python3.12/site-packages/airflow/example_dags/tutorial_dag.py
[2024-04-15T17:41:12.526+0000] {processor.py:840} INFO - DAG(s) 'tutorial_dag' retrieved from /home/airflow/.local/lib/python3.12/site-packages/airflow/example_dags/tutorial_dag.py
[2024-04-15T17:41:12.537+0000] {logging_mixin.py:188} INFO - [2024-04-15T17:41:12.537+0000] {dag.py:3096} INFO - Sync 1 DAGs
[2024-04-15T17:41:12.543+0000] {logging_mixin.py:188} INFO - [2024-04-15T17:41:12.543+0000] {dag.py:3954} INFO - Setting next_dagrun for tutorial_dag to None, run_after=None
[2024-04-15T17:41:12.552+0000] {processor.py:183} INFO - Processing /home/airflow/.local/lib/python3.12/site-packages/airflow/example_dags/tutorial_dag.py took 0.036 seconds
[2024-04-15T17:41:42.931+0000] {processor.py:161} INFO - Started process (PID=1854) to work on /home/airflow/.local/lib/python3.12/site-packages/airflow/example_dags/tutorial_dag.py
[2024-04-15T17:41:42.931+0000] {processor.py:830} INFO - Processing file /home/airflow/.local/lib/python3.12/site-packages/airflow/example_dags/tutorial_dag.py for tasks to queue
[2024-04-15T17:41:42.933+0000] {logging_mixin.py:188} INFO - [2024-04-15T17:41:42.933+0000] {dagbag.py:540} INFO - Filling up the DagBag from /home/airflow/.local/lib/python3.12/site-packages/airflow/example_dags/tutorial_dag.py
[2024-04-15T17:41:42.938+0000] {processor.py:840} INFO - DAG(s) 'tutorial_dag' retrieved from /home/airflow/.local/lib/python3.12/site-packages/airflow/example_dags/tutorial_dag.py
[2024-04-15T17:41:42.952+0000] {logging_mixin.py:188} INFO - [2024-04-15T17:41:42.951+0000] {dag.py:3096} INFO - Sync 1 DAGs
[2024-04-15T17:41:42.959+0000] {logging_mixin.py:188} INFO - [2024-04-15T17:41:42.959+0000] {dag.py:3954} INFO - Setting next_dagrun for tutorial_dag to None, run_after=None
[2024-04-15T17:41:42.970+0000] {processor.py:183} INFO - Processing /home/airflow/.local/lib/python3.12/site-packages/airflow/example_dags/tutorial_dag.py took 0.045 seconds
[2024-04-15T17:42:14.105+0000] {processor.py:161} INFO - Started process (PID=1913) to work on /home/airflow/.local/lib/python3.12/site-packages/airflow/example_dags/tutorial_dag.py
[2024-04-15T17:42:14.106+0000] {processor.py:830} INFO - Processing file /home/airflow/.local/lib/python3.12/site-packages/airflow/example_dags/tutorial_dag.py for tasks to queue
[2024-04-15T17:42:14.108+0000] {logging_mixin.py:188} INFO - [2024-04-15T17:42:14.108+0000] {dagbag.py:540} INFO - Filling up the DagBag from /home/airflow/.local/lib/python3.12/site-packages/airflow/example_dags/tutorial_dag.py
[2024-04-15T17:42:14.112+0000] {processor.py:840} INFO - DAG(s) 'tutorial_dag' retrieved from /home/airflow/.local/lib/python3.12/site-packages/airflow/example_dags/tutorial_dag.py
[2024-04-15T17:42:14.127+0000] {logging_mixin.py:188} INFO - [2024-04-15T17:42:14.127+0000] {dag.py:3096} INFO - Sync 1 DAGs
[2024-04-15T17:42:14.134+0000] {logging_mixin.py:188} INFO - [2024-04-15T17:42:14.133+0000] {dag.py:3954} INFO - Setting next_dagrun for tutorial_dag to None, run_after=None
[2024-04-15T17:42:14.143+0000] {processor.py:183} INFO - Processing /home/airflow/.local/lib/python3.12/site-packages/airflow/example_dags/tutorial_dag.py took 0.043 seconds
[2024-04-15T17:42:45.075+0000] {processor.py:161} INFO - Started process (PID=1973) to work on /home/airflow/.local/lib/python3.12/site-packages/airflow/example_dags/tutorial_dag.py
[2024-04-15T17:42:45.075+0000] {processor.py:830} INFO - Processing file /home/airflow/.local/lib/python3.12/site-packages/airflow/example_dags/tutorial_dag.py for tasks to queue
[2024-04-15T17:42:45.077+0000] {logging_mixin.py:188} INFO - [2024-04-15T17:42:45.076+0000] {dagbag.py:540} INFO - Filling up the DagBag from /home/airflow/.local/lib/python3.12/site-packages/airflow/example_dags/tutorial_dag.py
[2024-04-15T17:42:45.086+0000] {processor.py:840} INFO - DAG(s) 'tutorial_dag' retrieved from /home/airflow/.local/lib/python3.12/site-packages/airflow/example_dags/tutorial_dag.py
[2024-04-15T17:42:45.102+0000] {logging_mixin.py:188} INFO - [2024-04-15T17:42:45.102+0000] {dag.py:3096} INFO - Sync 1 DAGs
[2024-04-15T17:42:45.109+0000] {logging_mixin.py:188} INFO - [2024-04-15T17:42:45.109+0000] {dag.py:3954} INFO - Setting next_dagrun for tutorial_dag to None, run_after=None
[2024-04-15T17:42:45.117+0000] {processor.py:183} INFO - Processing /home/airflow/.local/lib/python3.12/site-packages/airflow/example_dags/tutorial_dag.py took 0.047 seconds
[2024-04-15T17:43:16.190+0000] {processor.py:161} INFO - Started process (PID=2032) to work on /home/airflow/.local/lib/python3.12/site-packages/airflow/example_dags/tutorial_dag.py
[2024-04-15T17:43:16.192+0000] {processor.py:830} INFO - Processing file /home/airflow/.local/lib/python3.12/site-packages/airflow/example_dags/tutorial_dag.py for tasks to queue
[2024-04-15T17:43:16.194+0000] {logging_mixin.py:188} INFO - [2024-04-15T17:43:16.194+0000] {dagbag.py:540} INFO - Filling up the DagBag from /home/airflow/.local/lib/python3.12/site-packages/airflow/example_dags/tutorial_dag.py
[2024-04-15T17:43:16.203+0000] {processor.py:840} INFO - DAG(s) 'tutorial_dag' retrieved from /home/airflow/.local/lib/python3.12/site-packages/airflow/example_dags/tutorial_dag.py
[2024-04-15T17:43:16.225+0000] {logging_mixin.py:188} INFO - [2024-04-15T17:43:16.225+0000] {dag.py:3096} INFO - Sync 1 DAGs
[2024-04-15T17:43:16.245+0000] {logging_mixin.py:188} INFO - [2024-04-15T17:43:16.244+0000] {dag.py:3954} INFO - Setting next_dagrun for tutorial_dag to None, run_after=None
[2024-04-15T17:43:16.263+0000] {processor.py:183} INFO - Processing /home/airflow/.local/lib/python3.12/site-packages/airflow/example_dags/tutorial_dag.py took 0.084 seconds
[2024-04-15T17:43:46.405+0000] {processor.py:161} INFO - Started process (PID=2092) to work on /home/airflow/.local/lib/python3.12/site-packages/airflow/example_dags/tutorial_dag.py
[2024-04-15T17:43:46.411+0000] {processor.py:830} INFO - Processing file /home/airflow/.local/lib/python3.12/site-packages/airflow/example_dags/tutorial_dag.py for tasks to queue
[2024-04-15T17:43:46.419+0000] {logging_mixin.py:188} INFO - [2024-04-15T17:43:46.418+0000] {dagbag.py:540} INFO - Filling up the DagBag from /home/airflow/.local/lib/python3.12/site-packages/airflow/example_dags/tutorial_dag.py
[2024-04-15T17:43:46.444+0000] {processor.py:840} INFO - DAG(s) 'tutorial_dag' retrieved from /home/airflow/.local/lib/python3.12/site-packages/airflow/example_dags/tutorial_dag.py
[2024-04-15T17:43:46.495+0000] {logging_mixin.py:188} INFO - [2024-04-15T17:43:46.494+0000] {dag.py:3096} INFO - Sync 1 DAGs
[2024-04-15T17:43:46.515+0000] {logging_mixin.py:188} INFO - [2024-04-15T17:43:46.515+0000] {dag.py:3954} INFO - Setting next_dagrun for tutorial_dag to None, run_after=None
[2024-04-15T17:43:46.541+0000] {processor.py:183} INFO - Processing /home/airflow/.local/lib/python3.12/site-packages/airflow/example_dags/tutorial_dag.py took 0.151 seconds
[2024-04-15T17:44:17.341+0000] {processor.py:161} INFO - Started process (PID=2152) to work on /home/airflow/.local/lib/python3.12/site-packages/airflow/example_dags/tutorial_dag.py
[2024-04-15T17:44:17.342+0000] {processor.py:830} INFO - Processing file /home/airflow/.local/lib/python3.12/site-packages/airflow/example_dags/tutorial_dag.py for tasks to queue
[2024-04-15T17:44:17.344+0000] {logging_mixin.py:188} INFO - [2024-04-15T17:44:17.343+0000] {dagbag.py:540} INFO - Filling up the DagBag from /home/airflow/.local/lib/python3.12/site-packages/airflow/example_dags/tutorial_dag.py
[2024-04-15T17:44:17.347+0000] {processor.py:840} INFO - DAG(s) 'tutorial_dag' retrieved from /home/airflow/.local/lib/python3.12/site-packages/airflow/example_dags/tutorial_dag.py
[2024-04-15T17:44:17.358+0000] {logging_mixin.py:188} INFO - [2024-04-15T17:44:17.358+0000] {dag.py:3096} INFO - Sync 1 DAGs
[2024-04-15T17:44:17.364+0000] {logging_mixin.py:188} INFO - [2024-04-15T17:44:17.364+0000] {dag.py:3954} INFO - Setting next_dagrun for tutorial_dag to None, run_after=None
[2024-04-15T17:44:17.373+0000] {processor.py:183} INFO - Processing /home/airflow/.local/lib/python3.12/site-packages/airflow/example_dags/tutorial_dag.py took 0.035 seconds
[2024-04-15T17:44:47.748+0000] {processor.py:161} INFO - Started process (PID=2212) to work on /home/airflow/.local/lib/python3.12/site-packages/airflow/example_dags/tutorial_dag.py
[2024-04-15T17:44:47.749+0000] {processor.py:830} INFO - Processing file /home/airflow/.local/lib/python3.12/site-packages/airflow/example_dags/tutorial_dag.py for tasks to queue
[2024-04-15T17:44:47.750+0000] {logging_mixin.py:188} INFO - [2024-04-15T17:44:47.750+0000] {dagbag.py:540} INFO - Filling up the DagBag from /home/airflow/.local/lib/python3.12/site-packages/airflow/example_dags/tutorial_dag.py
[2024-04-15T17:44:47.754+0000] {processor.py:840} INFO - DAG(s) 'tutorial_dag' retrieved from /home/airflow/.local/lib/python3.12/site-packages/airflow/example_dags/tutorial_dag.py
[2024-04-15T17:44:47.766+0000] {logging_mixin.py:188} INFO - [2024-04-15T17:44:47.765+0000] {dag.py:3096} INFO - Sync 1 DAGs
[2024-04-15T17:44:47.772+0000] {logging_mixin.py:188} INFO - [2024-04-15T17:44:47.772+0000] {dag.py:3954} INFO - Setting next_dagrun for tutorial_dag to None, run_after=None
[2024-04-15T17:44:47.781+0000] {processor.py:183} INFO - Processing /home/airflow/.local/lib/python3.12/site-packages/airflow/example_dags/tutorial_dag.py took 0.037 seconds
[2024-04-15T17:45:18.176+0000] {processor.py:161} INFO - Started process (PID=2272) to work on /home/airflow/.local/lib/python3.12/site-packages/airflow/example_dags/tutorial_dag.py
[2024-04-15T17:45:18.177+0000] {processor.py:830} INFO - Processing file /home/airflow/.local/lib/python3.12/site-packages/airflow/example_dags/tutorial_dag.py for tasks to queue
[2024-04-15T17:45:18.178+0000] {logging_mixin.py:188} INFO - [2024-04-15T17:45:18.178+0000] {dagbag.py:540} INFO - Filling up the DagBag from /home/airflow/.local/lib/python3.12/site-packages/airflow/example_dags/tutorial_dag.py
[2024-04-15T17:45:18.183+0000] {processor.py:840} INFO - DAG(s) 'tutorial_dag' retrieved from /home/airflow/.local/lib/python3.12/site-packages/airflow/example_dags/tutorial_dag.py
[2024-04-15T17:45:18.199+0000] {logging_mixin.py:188} INFO - [2024-04-15T17:45:18.198+0000] {dag.py:3096} INFO - Sync 1 DAGs
[2024-04-15T17:45:18.206+0000] {logging_mixin.py:188} INFO - [2024-04-15T17:45:18.206+0000] {dag.py:3954} INFO - Setting next_dagrun for tutorial_dag to None, run_after=None
[2024-04-15T17:45:18.215+0000] {processor.py:183} INFO - Processing /home/airflow/.local/lib/python3.12/site-packages/airflow/example_dags/tutorial_dag.py took 0.043 seconds
[2024-04-15T17:45:48.724+0000] {processor.py:161} INFO - Started process (PID=2332) to work on /home/airflow/.local/lib/python3.12/site-packages/airflow/example_dags/tutorial_dag.py
[2024-04-15T17:45:48.726+0000] {processor.py:830} INFO - Processing file /home/airflow/.local/lib/python3.12/site-packages/airflow/example_dags/tutorial_dag.py for tasks to queue
[2024-04-15T17:45:48.729+0000] {logging_mixin.py:188} INFO - [2024-04-15T17:45:48.729+0000] {dagbag.py:540} INFO - Filling up the DagBag from /home/airflow/.local/lib/python3.12/site-packages/airflow/example_dags/tutorial_dag.py
[2024-04-15T17:45:48.737+0000] {processor.py:840} INFO - DAG(s) 'tutorial_dag' retrieved from /home/airflow/.local/lib/python3.12/site-packages/airflow/example_dags/tutorial_dag.py
[2024-04-15T17:45:48.755+0000] {logging_mixin.py:188} INFO - [2024-04-15T17:45:48.754+0000] {dag.py:3096} INFO - Sync 1 DAGs
[2024-04-15T17:45:48.767+0000] {logging_mixin.py:188} INFO - [2024-04-15T17:45:48.767+0000] {dag.py:3954} INFO - Setting next_dagrun for tutorial_dag to None, run_after=None
[2024-04-15T17:45:48.785+0000] {processor.py:183} INFO - Processing /home/airflow/.local/lib/python3.12/site-packages/airflow/example_dags/tutorial_dag.py took 0.074 seconds
[2024-04-15T17:46:19.289+0000] {processor.py:161} INFO - Started process (PID=2392) to work on /home/airflow/.local/lib/python3.12/site-packages/airflow/example_dags/tutorial_dag.py
[2024-04-15T17:46:19.290+0000] {processor.py:830} INFO - Processing file /home/airflow/.local/lib/python3.12/site-packages/airflow/example_dags/tutorial_dag.py for tasks to queue
[2024-04-15T17:46:19.291+0000] {logging_mixin.py:188} INFO - [2024-04-15T17:46:19.291+0000] {dagbag.py:540} INFO - Filling up the DagBag from /home/airflow/.local/lib/python3.12/site-packages/airflow/example_dags/tutorial_dag.py
[2024-04-15T17:46:19.295+0000] {processor.py:840} INFO - DAG(s) 'tutorial_dag' retrieved from /home/airflow/.local/lib/python3.12/site-packages/airflow/example_dags/tutorial_dag.py
[2024-04-15T17:46:19.309+0000] {logging_mixin.py:188} INFO - [2024-04-15T17:46:19.308+0000] {dag.py:3096} INFO - Sync 1 DAGs
[2024-04-15T17:46:19.316+0000] {logging_mixin.py:188} INFO - [2024-04-15T17:46:19.316+0000] {dag.py:3954} INFO - Setting next_dagrun for tutorial_dag to None, run_after=None
[2024-04-15T17:46:19.327+0000] {processor.py:183} INFO - Processing /home/airflow/.local/lib/python3.12/site-packages/airflow/example_dags/tutorial_dag.py took 0.044 seconds
[2024-04-15T17:46:50.423+0000] {processor.py:161} INFO - Started process (PID=2452) to work on /home/airflow/.local/lib/python3.12/site-packages/airflow/example_dags/tutorial_dag.py
[2024-04-15T17:46:50.432+0000] {processor.py:830} INFO - Processing file /home/airflow/.local/lib/python3.12/site-packages/airflow/example_dags/tutorial_dag.py for tasks to queue
[2024-04-15T17:46:50.434+0000] {logging_mixin.py:188} INFO - [2024-04-15T17:46:50.434+0000] {dagbag.py:540} INFO - Filling up the DagBag from /home/airflow/.local/lib/python3.12/site-packages/airflow/example_dags/tutorial_dag.py
[2024-04-15T17:46:50.446+0000] {processor.py:840} INFO - DAG(s) 'tutorial_dag' retrieved from /home/airflow/.local/lib/python3.12/site-packages/airflow/example_dags/tutorial_dag.py
[2024-04-15T17:46:50.473+0000] {logging_mixin.py:188} INFO - [2024-04-15T17:46:50.473+0000] {dag.py:3096} INFO - Sync 1 DAGs
[2024-04-15T17:46:50.522+0000] {logging_mixin.py:188} INFO - [2024-04-15T17:46:50.521+0000] {dag.py:3954} INFO - Setting next_dagrun for tutorial_dag to None, run_after=None
[2024-04-15T17:46:50.566+0000] {processor.py:183} INFO - Processing /home/airflow/.local/lib/python3.12/site-packages/airflow/example_dags/tutorial_dag.py took 0.158 seconds
[2024-04-15T17:47:20.710+0000] {processor.py:161} INFO - Started process (PID=2512) to work on /home/airflow/.local/lib/python3.12/site-packages/airflow/example_dags/tutorial_dag.py
[2024-04-15T17:47:20.712+0000] {processor.py:830} INFO - Processing file /home/airflow/.local/lib/python3.12/site-packages/airflow/example_dags/tutorial_dag.py for tasks to queue
[2024-04-15T17:47:20.713+0000] {logging_mixin.py:188} INFO - [2024-04-15T17:47:20.713+0000] {dagbag.py:540} INFO - Filling up the DagBag from /home/airflow/.local/lib/python3.12/site-packages/airflow/example_dags/tutorial_dag.py
[2024-04-15T17:47:20.717+0000] {processor.py:840} INFO - DAG(s) 'tutorial_dag' retrieved from /home/airflow/.local/lib/python3.12/site-packages/airflow/example_dags/tutorial_dag.py
[2024-04-15T17:47:20.730+0000] {logging_mixin.py:188} INFO - [2024-04-15T17:47:20.730+0000] {dag.py:3096} INFO - Sync 1 DAGs
[2024-04-15T17:47:20.737+0000] {logging_mixin.py:188} INFO - [2024-04-15T17:47:20.737+0000] {dag.py:3954} INFO - Setting next_dagrun for tutorial_dag to None, run_after=None
[2024-04-15T17:47:20.747+0000] {processor.py:183} INFO - Processing /home/airflow/.local/lib/python3.12/site-packages/airflow/example_dags/tutorial_dag.py took 0.042 seconds
[2024-04-15T17:47:51.071+0000] {processor.py:161} INFO - Started process (PID=2572) to work on /home/airflow/.local/lib/python3.12/site-packages/airflow/example_dags/tutorial_dag.py
[2024-04-15T17:47:51.072+0000] {processor.py:830} INFO - Processing file /home/airflow/.local/lib/python3.12/site-packages/airflow/example_dags/tutorial_dag.py for tasks to queue
[2024-04-15T17:47:51.075+0000] {logging_mixin.py:188} INFO - [2024-04-15T17:47:51.075+0000] {dagbag.py:540} INFO - Filling up the DagBag from /home/airflow/.local/lib/python3.12/site-packages/airflow/example_dags/tutorial_dag.py
[2024-04-15T17:47:51.079+0000] {processor.py:840} INFO - DAG(s) 'tutorial_dag' retrieved from /home/airflow/.local/lib/python3.12/site-packages/airflow/example_dags/tutorial_dag.py
[2024-04-15T17:47:51.096+0000] {logging_mixin.py:188} INFO - [2024-04-15T17:47:51.096+0000] {dag.py:3096} INFO - Sync 1 DAGs
[2024-04-15T17:47:51.103+0000] {logging_mixin.py:188} INFO - [2024-04-15T17:47:51.103+0000] {dag.py:3954} INFO - Setting next_dagrun for tutorial_dag to None, run_after=None
[2024-04-15T17:47:51.114+0000] {processor.py:183} INFO - Processing /home/airflow/.local/lib/python3.12/site-packages/airflow/example_dags/tutorial_dag.py took 0.054 seconds
[2024-04-15T17:48:21.384+0000] {processor.py:161} INFO - Started process (PID=2632) to work on /home/airflow/.local/lib/python3.12/site-packages/airflow/example_dags/tutorial_dag.py
[2024-04-15T17:48:21.386+0000] {processor.py:830} INFO - Processing file /home/airflow/.local/lib/python3.12/site-packages/airflow/example_dags/tutorial_dag.py for tasks to queue
[2024-04-15T17:48:21.388+0000] {logging_mixin.py:188} INFO - [2024-04-15T17:48:21.388+0000] {dagbag.py:540} INFO - Filling up the DagBag from /home/airflow/.local/lib/python3.12/site-packages/airflow/example_dags/tutorial_dag.py
[2024-04-15T17:48:21.396+0000] {processor.py:840} INFO - DAG(s) 'tutorial_dag' retrieved from /home/airflow/.local/lib/python3.12/site-packages/airflow/example_dags/tutorial_dag.py
[2024-04-15T17:48:21.410+0000] {logging_mixin.py:188} INFO - [2024-04-15T17:48:21.410+0000] {dag.py:3096} INFO - Sync 1 DAGs
[2024-04-15T17:48:21.417+0000] {logging_mixin.py:188} INFO - [2024-04-15T17:48:21.416+0000] {dag.py:3954} INFO - Setting next_dagrun for tutorial_dag to None, run_after=None
[2024-04-15T17:48:21.428+0000] {processor.py:183} INFO - Processing /home/airflow/.local/lib/python3.12/site-packages/airflow/example_dags/tutorial_dag.py took 0.051 seconds
[2024-04-15T17:48:51.489+0000] {processor.py:161} INFO - Started process (PID=2692) to work on /home/airflow/.local/lib/python3.12/site-packages/airflow/example_dags/tutorial_dag.py
[2024-04-15T17:48:51.490+0000] {processor.py:830} INFO - Processing file /home/airflow/.local/lib/python3.12/site-packages/airflow/example_dags/tutorial_dag.py for tasks to queue
[2024-04-15T17:48:51.493+0000] {logging_mixin.py:188} INFO - [2024-04-15T17:48:51.493+0000] {dagbag.py:540} INFO - Filling up the DagBag from /home/airflow/.local/lib/python3.12/site-packages/airflow/example_dags/tutorial_dag.py
[2024-04-15T17:48:51.497+0000] {processor.py:840} INFO - DAG(s) 'tutorial_dag' retrieved from /home/airflow/.local/lib/python3.12/site-packages/airflow/example_dags/tutorial_dag.py
[2024-04-15T17:48:51.522+0000] {logging_mixin.py:188} INFO - [2024-04-15T17:48:51.522+0000] {dag.py:3096} INFO - Sync 1 DAGs
[2024-04-15T17:48:51.529+0000] {logging_mixin.py:188} INFO - [2024-04-15T17:48:51.528+0000] {dag.py:3954} INFO - Setting next_dagrun for tutorial_dag to None, run_after=None
[2024-04-15T17:48:51.539+0000] {processor.py:183} INFO - Processing /home/airflow/.local/lib/python3.12/site-packages/airflow/example_dags/tutorial_dag.py took 0.054 seconds
[2024-04-15T17:49:21.996+0000] {processor.py:161} INFO - Started process (PID=2752) to work on /home/airflow/.local/lib/python3.12/site-packages/airflow/example_dags/tutorial_dag.py
[2024-04-15T17:49:21.996+0000] {processor.py:830} INFO - Processing file /home/airflow/.local/lib/python3.12/site-packages/airflow/example_dags/tutorial_dag.py for tasks to queue
[2024-04-15T17:49:21.997+0000] {logging_mixin.py:188} INFO - [2024-04-15T17:49:21.997+0000] {dagbag.py:540} INFO - Filling up the DagBag from /home/airflow/.local/lib/python3.12/site-packages/airflow/example_dags/tutorial_dag.py
[2024-04-15T17:49:22.000+0000] {processor.py:840} INFO - DAG(s) 'tutorial_dag' retrieved from /home/airflow/.local/lib/python3.12/site-packages/airflow/example_dags/tutorial_dag.py
[2024-04-15T17:49:22.014+0000] {logging_mixin.py:188} INFO - [2024-04-15T17:49:22.014+0000] {dag.py:3096} INFO - Sync 1 DAGs
[2024-04-15T17:49:22.022+0000] {logging_mixin.py:188} INFO - [2024-04-15T17:49:22.022+0000] {dag.py:3954} INFO - Setting next_dagrun for tutorial_dag to None, run_after=None
[2024-04-15T17:49:22.031+0000] {processor.py:183} INFO - Processing /home/airflow/.local/lib/python3.12/site-packages/airflow/example_dags/tutorial_dag.py took 0.039 seconds
[2024-04-15T17:49:52.892+0000] {processor.py:161} INFO - Started process (PID=2810) to work on /home/airflow/.local/lib/python3.12/site-packages/airflow/example_dags/tutorial_dag.py
[2024-04-15T17:49:52.894+0000] {processor.py:830} INFO - Processing file /home/airflow/.local/lib/python3.12/site-packages/airflow/example_dags/tutorial_dag.py for tasks to queue
[2024-04-15T17:49:52.895+0000] {logging_mixin.py:188} INFO - [2024-04-15T17:49:52.895+0000] {dagbag.py:540} INFO - Filling up the DagBag from /home/airflow/.local/lib/python3.12/site-packages/airflow/example_dags/tutorial_dag.py
[2024-04-15T17:49:52.901+0000] {processor.py:840} INFO - DAG(s) 'tutorial_dag' retrieved from /home/airflow/.local/lib/python3.12/site-packages/airflow/example_dags/tutorial_dag.py
[2024-04-15T17:49:52.939+0000] {logging_mixin.py:188} INFO - [2024-04-15T17:49:52.939+0000] {dag.py:3096} INFO - Sync 1 DAGs
[2024-04-15T17:49:52.952+0000] {logging_mixin.py:188} INFO - [2024-04-15T17:49:52.952+0000] {dag.py:3954} INFO - Setting next_dagrun for tutorial_dag to None, run_after=None
[2024-04-15T17:49:52.973+0000] {processor.py:183} INFO - Processing /home/airflow/.local/lib/python3.12/site-packages/airflow/example_dags/tutorial_dag.py took 0.095 seconds
[2024-04-15T17:50:23.507+0000] {processor.py:161} INFO - Started process (PID=2870) to work on /home/airflow/.local/lib/python3.12/site-packages/airflow/example_dags/tutorial_dag.py
[2024-04-15T17:50:23.507+0000] {processor.py:830} INFO - Processing file /home/airflow/.local/lib/python3.12/site-packages/airflow/example_dags/tutorial_dag.py for tasks to queue
[2024-04-15T17:50:23.508+0000] {logging_mixin.py:188} INFO - [2024-04-15T17:50:23.508+0000] {dagbag.py:540} INFO - Filling up the DagBag from /home/airflow/.local/lib/python3.12/site-packages/airflow/example_dags/tutorial_dag.py
[2024-04-15T17:50:23.513+0000] {processor.py:840} INFO - DAG(s) 'tutorial_dag' retrieved from /home/airflow/.local/lib/python3.12/site-packages/airflow/example_dags/tutorial_dag.py
[2024-04-15T17:50:23.525+0000] {logging_mixin.py:188} INFO - [2024-04-15T17:50:23.525+0000] {dag.py:3096} INFO - Sync 1 DAGs
[2024-04-15T17:50:23.533+0000] {logging_mixin.py:188} INFO - [2024-04-15T17:50:23.533+0000] {dag.py:3954} INFO - Setting next_dagrun for tutorial_dag to None, run_after=None
[2024-04-15T17:50:23.542+0000] {processor.py:183} INFO - Processing /home/airflow/.local/lib/python3.12/site-packages/airflow/example_dags/tutorial_dag.py took 0.040 seconds
[2024-04-15T17:50:53.996+0000] {processor.py:161} INFO - Started process (PID=2930) to work on /home/airflow/.local/lib/python3.12/site-packages/airflow/example_dags/tutorial_dag.py
[2024-04-15T17:50:54.001+0000] {processor.py:830} INFO - Processing file /home/airflow/.local/lib/python3.12/site-packages/airflow/example_dags/tutorial_dag.py for tasks to queue
[2024-04-15T17:50:54.003+0000] {logging_mixin.py:188} INFO - [2024-04-15T17:50:54.003+0000] {dagbag.py:540} INFO - Filling up the DagBag from /home/airflow/.local/lib/python3.12/site-packages/airflow/example_dags/tutorial_dag.py
[2024-04-15T17:50:54.009+0000] {processor.py:840} INFO - DAG(s) 'tutorial_dag' retrieved from /home/airflow/.local/lib/python3.12/site-packages/airflow/example_dags/tutorial_dag.py
[2024-04-15T17:50:54.023+0000] {logging_mixin.py:188} INFO - [2024-04-15T17:50:54.023+0000] {dag.py:3096} INFO - Sync 1 DAGs
[2024-04-15T17:50:54.033+0000] {logging_mixin.py:188} INFO - [2024-04-15T17:50:54.033+0000] {dag.py:3954} INFO - Setting next_dagrun for tutorial_dag to None, run_after=None
[2024-04-15T17:50:54.044+0000] {processor.py:183} INFO - Processing /home/airflow/.local/lib/python3.12/site-packages/airflow/example_dags/tutorial_dag.py took 0.062 seconds
[2024-04-15T17:51:25.025+0000] {processor.py:161} INFO - Started process (PID=2990) to work on /home/airflow/.local/lib/python3.12/site-packages/airflow/example_dags/tutorial_dag.py
[2024-04-15T17:51:25.026+0000] {processor.py:830} INFO - Processing file /home/airflow/.local/lib/python3.12/site-packages/airflow/example_dags/tutorial_dag.py for tasks to queue
[2024-04-15T17:51:25.030+0000] {logging_mixin.py:188} INFO - [2024-04-15T17:51:25.029+0000] {dagbag.py:540} INFO - Filling up the DagBag from /home/airflow/.local/lib/python3.12/site-packages/airflow/example_dags/tutorial_dag.py
[2024-04-15T17:51:25.044+0000] {processor.py:840} INFO - DAG(s) 'tutorial_dag' retrieved from /home/airflow/.local/lib/python3.12/site-packages/airflow/example_dags/tutorial_dag.py
[2024-04-15T17:51:25.116+0000] {logging_mixin.py:188} INFO - [2024-04-15T17:51:25.115+0000] {dag.py:3096} INFO - Sync 1 DAGs
[2024-04-15T17:51:25.130+0000] {logging_mixin.py:188} INFO - [2024-04-15T17:51:25.130+0000] {dag.py:3954} INFO - Setting next_dagrun for tutorial_dag to None, run_after=None
[2024-04-15T17:51:25.158+0000] {processor.py:183} INFO - Processing /home/airflow/.local/lib/python3.12/site-packages/airflow/example_dags/tutorial_dag.py took 0.143 seconds
