[2024-04-15T17:12:32.556+0000] {processor.py:161} INFO - Started process (PID=31) to work on /opt/airflow/dags/verdemar_api_dag.py
[2024-04-15T17:12:32.557+0000] {processor.py:830} INFO - Processing file /opt/airflow/dags/verdemar_api_dag.py for tasks to queue
[2024-04-15T17:12:32.559+0000] {logging_mixin.py:188} INFO - [2024-04-15T17:12:32.559+0000] {dagbag.py:540} INFO - Filling up the DagBag from /opt/airflow/dags/verdemar_api_dag.py
[2024-04-15T17:12:32.601+0000] {logging_mixin.py:188} INFO - [2024-04-15T17:12:32.585+0000] {dagbag.py:350} ERROR - Failed to import: /opt/airflow/dags/verdemar_api_dag.py
Traceback (most recent call last):
  File "/home/airflow/.local/lib/python3.12/site-packages/airflow/models/dagbag.py", line 346, in parse
    loader.exec_module(new_module)
  File "<frozen importlib._bootstrap_external>", line 995, in exec_module
  File "<frozen importlib._bootstrap>", line 488, in _call_with_frames_removed
  File "/opt/airflow/dags/verdemar_api_dag.py", line 7, in <module>
    from etls import verdemar_etl
ModuleNotFoundError: No module named 'etls'
[2024-04-15T17:12:32.606+0000] {processor.py:842} WARNING - No viable dags retrieved from /opt/airflow/dags/verdemar_api_dag.py
[2024-04-15T17:12:32.635+0000] {processor.py:183} INFO - Processing /opt/airflow/dags/verdemar_api_dag.py took 0.085 seconds
[2024-04-15T17:13:03.424+0000] {processor.py:161} INFO - Started process (PID=89) to work on /opt/airflow/dags/verdemar_api_dag.py
[2024-04-15T17:13:03.427+0000] {processor.py:830} INFO - Processing file /opt/airflow/dags/verdemar_api_dag.py for tasks to queue
[2024-04-15T17:13:03.430+0000] {logging_mixin.py:188} INFO - [2024-04-15T17:13:03.429+0000] {dagbag.py:540} INFO - Filling up the DagBag from /opt/airflow/dags/verdemar_api_dag.py
[2024-04-15T17:13:03.444+0000] {logging_mixin.py:188} INFO - [2024-04-15T17:13:03.441+0000] {dagbag.py:350} ERROR - Failed to import: /opt/airflow/dags/verdemar_api_dag.py
Traceback (most recent call last):
  File "/home/airflow/.local/lib/python3.12/site-packages/airflow/models/dagbag.py", line 346, in parse
    loader.exec_module(new_module)
  File "<frozen importlib._bootstrap_external>", line 995, in exec_module
  File "<frozen importlib._bootstrap>", line 488, in _call_with_frames_removed
  File "/opt/airflow/dags/verdemar_api_dag.py", line 7, in <module>
    from etls import verdemar_etl
ModuleNotFoundError: No module named 'etls'
[2024-04-15T17:13:03.445+0000] {processor.py:842} WARNING - No viable dags retrieved from /opt/airflow/dags/verdemar_api_dag.py
[2024-04-15T17:13:03.494+0000] {processor.py:183} INFO - Processing /opt/airflow/dags/verdemar_api_dag.py took 0.097 seconds
[2024-04-15T17:13:34.133+0000] {processor.py:161} INFO - Started process (PID=148) to work on /opt/airflow/dags/verdemar_api_dag.py
[2024-04-15T17:13:34.134+0000] {processor.py:830} INFO - Processing file /opt/airflow/dags/verdemar_api_dag.py for tasks to queue
[2024-04-15T17:13:34.137+0000] {logging_mixin.py:188} INFO - [2024-04-15T17:13:34.136+0000] {dagbag.py:540} INFO - Filling up the DagBag from /opt/airflow/dags/verdemar_api_dag.py
[2024-04-15T17:13:34.144+0000] {logging_mixin.py:188} INFO - [2024-04-15T17:13:34.142+0000] {dagbag.py:350} ERROR - Failed to import: /opt/airflow/dags/verdemar_api_dag.py
Traceback (most recent call last):
  File "/home/airflow/.local/lib/python3.12/site-packages/airflow/models/dagbag.py", line 346, in parse
    loader.exec_module(new_module)
  File "<frozen importlib._bootstrap_external>", line 995, in exec_module
  File "<frozen importlib._bootstrap>", line 488, in _call_with_frames_removed
  File "/opt/airflow/dags/verdemar_api_dag.py", line 7, in <module>
    from etls import verdemar_etl
ModuleNotFoundError: No module named 'etls'
[2024-04-15T17:13:34.145+0000] {processor.py:842} WARNING - No viable dags retrieved from /opt/airflow/dags/verdemar_api_dag.py
[2024-04-15T17:13:34.165+0000] {processor.py:183} INFO - Processing /opt/airflow/dags/verdemar_api_dag.py took 0.062 seconds
[2024-04-15T17:14:04.522+0000] {processor.py:161} INFO - Started process (PID=207) to work on /opt/airflow/dags/verdemar_api_dag.py
[2024-04-15T17:14:04.525+0000] {processor.py:830} INFO - Processing file /opt/airflow/dags/verdemar_api_dag.py for tasks to queue
[2024-04-15T17:14:04.528+0000] {logging_mixin.py:188} INFO - [2024-04-15T17:14:04.527+0000] {dagbag.py:540} INFO - Filling up the DagBag from /opt/airflow/dags/verdemar_api_dag.py
[2024-04-15T17:14:04.537+0000] {logging_mixin.py:188} INFO - [2024-04-15T17:14:04.535+0000] {dagbag.py:350} ERROR - Failed to import: /opt/airflow/dags/verdemar_api_dag.py
Traceback (most recent call last):
  File "/home/airflow/.local/lib/python3.12/site-packages/airflow/models/dagbag.py", line 346, in parse
    loader.exec_module(new_module)
  File "<frozen importlib._bootstrap_external>", line 995, in exec_module
  File "<frozen importlib._bootstrap>", line 488, in _call_with_frames_removed
  File "/opt/airflow/dags/verdemar_api_dag.py", line 7, in <module>
    from etls import verdemar_etl
ModuleNotFoundError: No module named 'etls'
[2024-04-15T17:14:04.538+0000] {processor.py:842} WARNING - No viable dags retrieved from /opt/airflow/dags/verdemar_api_dag.py
[2024-04-15T17:14:04.595+0000] {processor.py:183} INFO - Processing /opt/airflow/dags/verdemar_api_dag.py took 0.093 seconds
[2024-04-15T17:14:35.173+0000] {processor.py:161} INFO - Started process (PID=266) to work on /opt/airflow/dags/verdemar_api_dag.py
[2024-04-15T17:14:35.175+0000] {processor.py:830} INFO - Processing file /opt/airflow/dags/verdemar_api_dag.py for tasks to queue
[2024-04-15T17:14:35.177+0000] {logging_mixin.py:188} INFO - [2024-04-15T17:14:35.176+0000] {dagbag.py:540} INFO - Filling up the DagBag from /opt/airflow/dags/verdemar_api_dag.py
[2024-04-15T17:14:35.186+0000] {logging_mixin.py:188} INFO - [2024-04-15T17:14:35.184+0000] {dagbag.py:350} ERROR - Failed to import: /opt/airflow/dags/verdemar_api_dag.py
Traceback (most recent call last):
  File "/home/airflow/.local/lib/python3.12/site-packages/airflow/models/dagbag.py", line 346, in parse
    loader.exec_module(new_module)
  File "<frozen importlib._bootstrap_external>", line 995, in exec_module
  File "<frozen importlib._bootstrap>", line 488, in _call_with_frames_removed
  File "/opt/airflow/dags/verdemar_api_dag.py", line 7, in <module>
    from etls import verdemar_etl
ModuleNotFoundError: No module named 'etls'
[2024-04-15T17:14:35.186+0000] {processor.py:842} WARNING - No viable dags retrieved from /opt/airflow/dags/verdemar_api_dag.py
[2024-04-15T17:14:35.222+0000] {processor.py:183} INFO - Processing /opt/airflow/dags/verdemar_api_dag.py took 0.085 seconds
[2024-04-15T17:15:05.307+0000] {processor.py:161} INFO - Started process (PID=325) to work on /opt/airflow/dags/verdemar_api_dag.py
[2024-04-15T17:15:05.308+0000] {processor.py:830} INFO - Processing file /opt/airflow/dags/verdemar_api_dag.py for tasks to queue
[2024-04-15T17:15:05.310+0000] {logging_mixin.py:188} INFO - [2024-04-15T17:15:05.309+0000] {dagbag.py:540} INFO - Filling up the DagBag from /opt/airflow/dags/verdemar_api_dag.py
[2024-04-15T17:15:05.317+0000] {logging_mixin.py:188} INFO - [2024-04-15T17:15:05.316+0000] {dagbag.py:350} ERROR - Failed to import: /opt/airflow/dags/verdemar_api_dag.py
Traceback (most recent call last):
  File "/home/airflow/.local/lib/python3.12/site-packages/airflow/models/dagbag.py", line 346, in parse
    loader.exec_module(new_module)
  File "<frozen importlib._bootstrap_external>", line 995, in exec_module
  File "<frozen importlib._bootstrap>", line 488, in _call_with_frames_removed
  File "/opt/airflow/dags/verdemar_api_dag.py", line 7, in <module>
    from etls import verdemar_etl
ModuleNotFoundError: No module named 'etls'
[2024-04-15T17:15:05.318+0000] {processor.py:842} WARNING - No viable dags retrieved from /opt/airflow/dags/verdemar_api_dag.py
[2024-04-15T17:15:05.339+0000] {processor.py:183} INFO - Processing /opt/airflow/dags/verdemar_api_dag.py took 0.058 seconds
[2024-04-15T17:15:35.553+0000] {processor.py:161} INFO - Started process (PID=384) to work on /opt/airflow/dags/verdemar_api_dag.py
[2024-04-15T17:15:35.555+0000] {processor.py:830} INFO - Processing file /opt/airflow/dags/verdemar_api_dag.py for tasks to queue
[2024-04-15T17:15:35.556+0000] {logging_mixin.py:188} INFO - [2024-04-15T17:15:35.556+0000] {dagbag.py:540} INFO - Filling up the DagBag from /opt/airflow/dags/verdemar_api_dag.py
[2024-04-15T17:15:35.563+0000] {logging_mixin.py:188} INFO - [2024-04-15T17:15:35.562+0000] {dagbag.py:350} ERROR - Failed to import: /opt/airflow/dags/verdemar_api_dag.py
Traceback (most recent call last):
  File "/home/airflow/.local/lib/python3.12/site-packages/airflow/models/dagbag.py", line 346, in parse
    loader.exec_module(new_module)
  File "<frozen importlib._bootstrap_external>", line 995, in exec_module
  File "<frozen importlib._bootstrap>", line 488, in _call_with_frames_removed
  File "/opt/airflow/dags/verdemar_api_dag.py", line 7, in <module>
    from etls import verdemar_etl
ModuleNotFoundError: No module named 'etls'
[2024-04-15T17:15:35.564+0000] {processor.py:842} WARNING - No viable dags retrieved from /opt/airflow/dags/verdemar_api_dag.py
[2024-04-15T17:15:35.579+0000] {processor.py:183} INFO - Processing /opt/airflow/dags/verdemar_api_dag.py took 0.035 seconds
[2024-04-15T17:16:05.903+0000] {processor.py:161} INFO - Started process (PID=443) to work on /opt/airflow/dags/verdemar_api_dag.py
[2024-04-15T17:16:05.908+0000] {processor.py:830} INFO - Processing file /opt/airflow/dags/verdemar_api_dag.py for tasks to queue
[2024-04-15T17:16:05.909+0000] {logging_mixin.py:188} INFO - [2024-04-15T17:16:05.909+0000] {dagbag.py:540} INFO - Filling up the DagBag from /opt/airflow/dags/verdemar_api_dag.py
[2024-04-15T17:16:05.919+0000] {logging_mixin.py:188} INFO - [2024-04-15T17:16:05.917+0000] {dagbag.py:350} ERROR - Failed to import: /opt/airflow/dags/verdemar_api_dag.py
Traceback (most recent call last):
  File "/home/airflow/.local/lib/python3.12/site-packages/airflow/models/dagbag.py", line 346, in parse
    loader.exec_module(new_module)
  File "<frozen importlib._bootstrap_external>", line 995, in exec_module
  File "<frozen importlib._bootstrap>", line 488, in _call_with_frames_removed
  File "/opt/airflow/dags/verdemar_api_dag.py", line 7, in <module>
    from etls import verdemar_etl
ModuleNotFoundError: No module named 'etls'
[2024-04-15T17:16:05.920+0000] {processor.py:842} WARNING - No viable dags retrieved from /opt/airflow/dags/verdemar_api_dag.py
[2024-04-15T17:16:05.952+0000] {processor.py:183} INFO - Processing /opt/airflow/dags/verdemar_api_dag.py took 0.070 seconds
[2024-04-15T17:16:36.165+0000] {processor.py:161} INFO - Started process (PID=502) to work on /opt/airflow/dags/verdemar_api_dag.py
[2024-04-15T17:16:36.167+0000] {processor.py:830} INFO - Processing file /opt/airflow/dags/verdemar_api_dag.py for tasks to queue
[2024-04-15T17:16:36.168+0000] {logging_mixin.py:188} INFO - [2024-04-15T17:16:36.167+0000] {dagbag.py:540} INFO - Filling up the DagBag from /opt/airflow/dags/verdemar_api_dag.py
[2024-04-15T17:16:36.174+0000] {logging_mixin.py:188} INFO - [2024-04-15T17:16:36.173+0000] {dagbag.py:350} ERROR - Failed to import: /opt/airflow/dags/verdemar_api_dag.py
Traceback (most recent call last):
  File "/home/airflow/.local/lib/python3.12/site-packages/airflow/models/dagbag.py", line 346, in parse
    loader.exec_module(new_module)
  File "<frozen importlib._bootstrap_external>", line 995, in exec_module
  File "<frozen importlib._bootstrap>", line 488, in _call_with_frames_removed
  File "/opt/airflow/dags/verdemar_api_dag.py", line 7, in <module>
    from etls import verdemar_etl
ModuleNotFoundError: No module named 'etls'
[2024-04-15T17:16:36.174+0000] {processor.py:842} WARNING - No viable dags retrieved from /opt/airflow/dags/verdemar_api_dag.py
[2024-04-15T17:16:36.216+0000] {processor.py:183} INFO - Processing /opt/airflow/dags/verdemar_api_dag.py took 0.077 seconds
[2024-04-15T17:17:06.304+0000] {processor.py:161} INFO - Started process (PID=561) to work on /opt/airflow/dags/verdemar_api_dag.py
[2024-04-15T17:17:06.306+0000] {processor.py:830} INFO - Processing file /opt/airflow/dags/verdemar_api_dag.py for tasks to queue
[2024-04-15T17:17:06.307+0000] {logging_mixin.py:188} INFO - [2024-04-15T17:17:06.307+0000] {dagbag.py:540} INFO - Filling up the DagBag from /opt/airflow/dags/verdemar_api_dag.py
[2024-04-15T17:17:06.329+0000] {logging_mixin.py:188} INFO - [2024-04-15T17:17:06.324+0000] {dagbag.py:350} ERROR - Failed to import: /opt/airflow/dags/verdemar_api_dag.py
Traceback (most recent call last):
  File "/home/airflow/.local/lib/python3.12/site-packages/airflow/models/dagbag.py", line 346, in parse
    loader.exec_module(new_module)
  File "<frozen importlib._bootstrap_external>", line 995, in exec_module
  File "<frozen importlib._bootstrap>", line 488, in _call_with_frames_removed
  File "/opt/airflow/dags/verdemar_api_dag.py", line 7, in <module>
    from etls import verdemar_etl
ModuleNotFoundError: No module named 'etls'
[2024-04-15T17:17:06.330+0000] {processor.py:842} WARNING - No viable dags retrieved from /opt/airflow/dags/verdemar_api_dag.py
[2024-04-15T17:17:06.356+0000] {processor.py:183} INFO - Processing /opt/airflow/dags/verdemar_api_dag.py took 0.067 seconds
[2024-04-15T17:17:36.456+0000] {processor.py:161} INFO - Started process (PID=619) to work on /opt/airflow/dags/verdemar_api_dag.py
[2024-04-15T17:17:36.457+0000] {processor.py:830} INFO - Processing file /opt/airflow/dags/verdemar_api_dag.py for tasks to queue
[2024-04-15T17:17:36.458+0000] {logging_mixin.py:188} INFO - [2024-04-15T17:17:36.458+0000] {dagbag.py:540} INFO - Filling up the DagBag from /opt/airflow/dags/verdemar_api_dag.py
[2024-04-15T17:17:36.465+0000] {logging_mixin.py:188} INFO - [2024-04-15T17:17:36.463+0000] {dagbag.py:350} ERROR - Failed to import: /opt/airflow/dags/verdemar_api_dag.py
Traceback (most recent call last):
  File "/home/airflow/.local/lib/python3.12/site-packages/airflow/models/dagbag.py", line 346, in parse
    loader.exec_module(new_module)
  File "<frozen importlib._bootstrap_external>", line 995, in exec_module
  File "<frozen importlib._bootstrap>", line 488, in _call_with_frames_removed
  File "/opt/airflow/dags/verdemar_api_dag.py", line 7, in <module>
    from etls import verdemar_etl
ModuleNotFoundError: No module named 'etls'
[2024-04-15T17:17:36.466+0000] {processor.py:842} WARNING - No viable dags retrieved from /opt/airflow/dags/verdemar_api_dag.py
[2024-04-15T17:17:36.509+0000] {processor.py:183} INFO - Processing /opt/airflow/dags/verdemar_api_dag.py took 0.063 seconds
[2024-04-15T17:18:06.979+0000] {processor.py:161} INFO - Started process (PID=678) to work on /opt/airflow/dags/verdemar_api_dag.py
[2024-04-15T17:18:06.982+0000] {processor.py:830} INFO - Processing file /opt/airflow/dags/verdemar_api_dag.py for tasks to queue
[2024-04-15T17:18:06.985+0000] {logging_mixin.py:188} INFO - [2024-04-15T17:18:06.984+0000] {dagbag.py:540} INFO - Filling up the DagBag from /opt/airflow/dags/verdemar_api_dag.py
[2024-04-15T17:18:06.993+0000] {logging_mixin.py:188} INFO - [2024-04-15T17:18:06.991+0000] {dagbag.py:350} ERROR - Failed to import: /opt/airflow/dags/verdemar_api_dag.py
Traceback (most recent call last):
  File "/home/airflow/.local/lib/python3.12/site-packages/airflow/models/dagbag.py", line 346, in parse
    loader.exec_module(new_module)
  File "<frozen importlib._bootstrap_external>", line 995, in exec_module
  File "<frozen importlib._bootstrap>", line 488, in _call_with_frames_removed
  File "/opt/airflow/dags/verdemar_api_dag.py", line 7, in <module>
    from etls import verdemar_etl
ModuleNotFoundError: No module named 'etls'
[2024-04-15T17:18:06.994+0000] {processor.py:842} WARNING - No viable dags retrieved from /opt/airflow/dags/verdemar_api_dag.py
[2024-04-15T17:18:07.017+0000] {processor.py:183} INFO - Processing /opt/airflow/dags/verdemar_api_dag.py took 0.059 seconds
[2024-04-15T17:18:37.372+0000] {processor.py:161} INFO - Started process (PID=737) to work on /opt/airflow/dags/verdemar_api_dag.py
[2024-04-15T17:18:37.374+0000] {processor.py:830} INFO - Processing file /opt/airflow/dags/verdemar_api_dag.py for tasks to queue
[2024-04-15T17:18:37.376+0000] {logging_mixin.py:188} INFO - [2024-04-15T17:18:37.375+0000] {dagbag.py:540} INFO - Filling up the DagBag from /opt/airflow/dags/verdemar_api_dag.py
[2024-04-15T17:18:37.386+0000] {logging_mixin.py:188} INFO - [2024-04-15T17:18:37.384+0000] {dagbag.py:350} ERROR - Failed to import: /opt/airflow/dags/verdemar_api_dag.py
Traceback (most recent call last):
  File "/home/airflow/.local/lib/python3.12/site-packages/airflow/models/dagbag.py", line 346, in parse
    loader.exec_module(new_module)
  File "<frozen importlib._bootstrap_external>", line 995, in exec_module
  File "<frozen importlib._bootstrap>", line 488, in _call_with_frames_removed
  File "/opt/airflow/dags/verdemar_api_dag.py", line 7, in <module>
    from etls import verdemar_etl
ModuleNotFoundError: No module named 'etls'
[2024-04-15T17:18:37.387+0000] {processor.py:842} WARNING - No viable dags retrieved from /opt/airflow/dags/verdemar_api_dag.py
[2024-04-15T17:18:37.427+0000] {processor.py:183} INFO - Processing /opt/airflow/dags/verdemar_api_dag.py took 0.071 seconds
[2024-04-15T17:18:50.473+0000] {processor.py:161} INFO - Started process (PID=796) to work on /opt/airflow/dags/verdemar_api_dag.py
[2024-04-15T17:18:50.475+0000] {processor.py:830} INFO - Processing file /opt/airflow/dags/verdemar_api_dag.py for tasks to queue
[2024-04-15T17:18:50.477+0000] {logging_mixin.py:188} INFO - [2024-04-15T17:18:50.476+0000] {dagbag.py:540} INFO - Filling up the DagBag from /opt/airflow/dags/verdemar_api_dag.py
[2024-04-15T17:18:50.486+0000] {logging_mixin.py:188} INFO - [2024-04-15T17:18:50.485+0000] {dagbag.py:350} ERROR - Failed to import: /opt/airflow/dags/verdemar_api_dag.py
Traceback (most recent call last):
  File "/home/airflow/.local/lib/python3.12/site-packages/airflow/models/dagbag.py", line 346, in parse
    loader.exec_module(new_module)
  File "<frozen importlib._bootstrap_external>", line 995, in exec_module
  File "<frozen importlib._bootstrap>", line 488, in _call_with_frames_removed
  File "/opt/airflow/dags/verdemar_api_dag.py", line 7, in <module>
    from etls import verdemar_etl
ModuleNotFoundError: No module named 'etls'
[2024-04-15T17:18:50.487+0000] {processor.py:842} WARNING - No viable dags retrieved from /opt/airflow/dags/verdemar_api_dag.py
[2024-04-15T17:18:50.525+0000] {processor.py:183} INFO - Processing /opt/airflow/dags/verdemar_api_dag.py took 0.059 seconds
[2024-04-15T17:19:20.960+0000] {processor.py:161} INFO - Started process (PID=855) to work on /opt/airflow/dags/verdemar_api_dag.py
[2024-04-15T17:19:20.963+0000] {processor.py:830} INFO - Processing file /opt/airflow/dags/verdemar_api_dag.py for tasks to queue
[2024-04-15T17:19:20.965+0000] {logging_mixin.py:188} INFO - [2024-04-15T17:19:20.964+0000] {dagbag.py:540} INFO - Filling up the DagBag from /opt/airflow/dags/verdemar_api_dag.py
[2024-04-15T17:19:20.976+0000] {logging_mixin.py:188} INFO - [2024-04-15T17:19:20.975+0000] {dagbag.py:350} ERROR - Failed to import: /opt/airflow/dags/verdemar_api_dag.py
Traceback (most recent call last):
  File "/home/airflow/.local/lib/python3.12/site-packages/airflow/models/dagbag.py", line 346, in parse
    loader.exec_module(new_module)
  File "<frozen importlib._bootstrap_external>", line 995, in exec_module
  File "<frozen importlib._bootstrap>", line 488, in _call_with_frames_removed
  File "/opt/airflow/dags/verdemar_api_dag.py", line 7, in <module>
    from etls import verdemar_etl
ModuleNotFoundError: No module named 'etls'
[2024-04-15T17:19:20.977+0000] {processor.py:842} WARNING - No viable dags retrieved from /opt/airflow/dags/verdemar_api_dag.py
[2024-04-15T17:19:20.989+0000] {processor.py:183} INFO - Processing /opt/airflow/dags/verdemar_api_dag.py took 0.058 seconds
[2024-04-15T17:19:51.943+0000] {processor.py:161} INFO - Started process (PID=914) to work on /opt/airflow/dags/verdemar_api_dag.py
[2024-04-15T17:19:51.945+0000] {processor.py:830} INFO - Processing file /opt/airflow/dags/verdemar_api_dag.py for tasks to queue
[2024-04-15T17:19:51.946+0000] {logging_mixin.py:188} INFO - [2024-04-15T17:19:51.945+0000] {dagbag.py:540} INFO - Filling up the DagBag from /opt/airflow/dags/verdemar_api_dag.py
[2024-04-15T17:19:51.952+0000] {logging_mixin.py:188} INFO - [2024-04-15T17:19:51.950+0000] {dagbag.py:350} ERROR - Failed to import: /opt/airflow/dags/verdemar_api_dag.py
Traceback (most recent call last):
  File "/home/airflow/.local/lib/python3.12/site-packages/airflow/models/dagbag.py", line 346, in parse
    loader.exec_module(new_module)
  File "<frozen importlib._bootstrap_external>", line 995, in exec_module
  File "<frozen importlib._bootstrap>", line 488, in _call_with_frames_removed
  File "/opt/airflow/dags/verdemar_api_dag.py", line 7, in <module>
    from etls import verdemar_etl
ModuleNotFoundError: No module named 'etls'
[2024-04-15T17:19:51.952+0000] {processor.py:842} WARNING - No viable dags retrieved from /opt/airflow/dags/verdemar_api_dag.py
[2024-04-15T17:19:51.975+0000] {processor.py:183} INFO - Processing /opt/airflow/dags/verdemar_api_dag.py took 0.041 seconds
[2024-04-15T17:20:22.707+0000] {processor.py:161} INFO - Started process (PID=973) to work on /opt/airflow/dags/verdemar_api_dag.py
[2024-04-15T17:20:22.709+0000] {processor.py:830} INFO - Processing file /opt/airflow/dags/verdemar_api_dag.py for tasks to queue
[2024-04-15T17:20:22.710+0000] {logging_mixin.py:188} INFO - [2024-04-15T17:20:22.709+0000] {dagbag.py:540} INFO - Filling up the DagBag from /opt/airflow/dags/verdemar_api_dag.py
[2024-04-15T17:20:22.715+0000] {logging_mixin.py:188} INFO - [2024-04-15T17:20:22.714+0000] {dagbag.py:350} ERROR - Failed to import: /opt/airflow/dags/verdemar_api_dag.py
Traceback (most recent call last):
  File "/home/airflow/.local/lib/python3.12/site-packages/airflow/models/dagbag.py", line 346, in parse
    loader.exec_module(new_module)
  File "<frozen importlib._bootstrap_external>", line 995, in exec_module
  File "<frozen importlib._bootstrap>", line 488, in _call_with_frames_removed
  File "/opt/airflow/dags/verdemar_api_dag.py", line 7, in <module>
    from etls import verdemar_etl
ModuleNotFoundError: No module named 'etls'
[2024-04-15T17:20:22.715+0000] {processor.py:842} WARNING - No viable dags retrieved from /opt/airflow/dags/verdemar_api_dag.py
[2024-04-15T17:20:22.730+0000] {processor.py:183} INFO - Processing /opt/airflow/dags/verdemar_api_dag.py took 0.028 seconds
[2024-04-15T17:20:52.848+0000] {processor.py:161} INFO - Started process (PID=1032) to work on /opt/airflow/dags/verdemar_api_dag.py
[2024-04-15T17:20:52.850+0000] {processor.py:830} INFO - Processing file /opt/airflow/dags/verdemar_api_dag.py for tasks to queue
[2024-04-15T17:20:52.852+0000] {logging_mixin.py:188} INFO - [2024-04-15T17:20:52.851+0000] {dagbag.py:540} INFO - Filling up the DagBag from /opt/airflow/dags/verdemar_api_dag.py
[2024-04-15T17:20:52.864+0000] {logging_mixin.py:188} INFO - [2024-04-15T17:20:52.861+0000] {dagbag.py:350} ERROR - Failed to import: /opt/airflow/dags/verdemar_api_dag.py
Traceback (most recent call last):
  File "/home/airflow/.local/lib/python3.12/site-packages/airflow/models/dagbag.py", line 346, in parse
    loader.exec_module(new_module)
  File "<frozen importlib._bootstrap_external>", line 995, in exec_module
  File "<frozen importlib._bootstrap>", line 488, in _call_with_frames_removed
  File "/opt/airflow/dags/verdemar_api_dag.py", line 7, in <module>
    from etls import verdemar_etl
ModuleNotFoundError: No module named 'etls'
[2024-04-15T17:20:52.864+0000] {processor.py:842} WARNING - No viable dags retrieved from /opt/airflow/dags/verdemar_api_dag.py
[2024-04-15T17:20:52.899+0000] {processor.py:183} INFO - Processing /opt/airflow/dags/verdemar_api_dag.py took 0.066 seconds
[2024-04-15T17:21:23.524+0000] {processor.py:161} INFO - Started process (PID=1091) to work on /opt/airflow/dags/verdemar_api_dag.py
[2024-04-15T17:21:23.527+0000] {processor.py:830} INFO - Processing file /opt/airflow/dags/verdemar_api_dag.py for tasks to queue
[2024-04-15T17:21:23.529+0000] {logging_mixin.py:188} INFO - [2024-04-15T17:21:23.528+0000] {dagbag.py:540} INFO - Filling up the DagBag from /opt/airflow/dags/verdemar_api_dag.py
[2024-04-15T17:21:23.541+0000] {logging_mixin.py:188} INFO - [2024-04-15T17:21:23.538+0000] {dagbag.py:350} ERROR - Failed to import: /opt/airflow/dags/verdemar_api_dag.py
Traceback (most recent call last):
  File "/home/airflow/.local/lib/python3.12/site-packages/airflow/models/dagbag.py", line 346, in parse
    loader.exec_module(new_module)
  File "<frozen importlib._bootstrap_external>", line 995, in exec_module
  File "<frozen importlib._bootstrap>", line 488, in _call_with_frames_removed
  File "/opt/airflow/dags/verdemar_api_dag.py", line 7, in <module>
    from etls import verdemar_etl
ModuleNotFoundError: No module named 'etls'
[2024-04-15T17:21:23.542+0000] {processor.py:842} WARNING - No viable dags retrieved from /opt/airflow/dags/verdemar_api_dag.py
[2024-04-15T17:21:23.568+0000] {processor.py:183} INFO - Processing /opt/airflow/dags/verdemar_api_dag.py took 0.083 seconds
[2024-04-15T17:21:53.861+0000] {processor.py:161} INFO - Started process (PID=1150) to work on /opt/airflow/dags/verdemar_api_dag.py
[2024-04-15T17:21:53.865+0000] {processor.py:830} INFO - Processing file /opt/airflow/dags/verdemar_api_dag.py for tasks to queue
[2024-04-15T17:21:53.867+0000] {logging_mixin.py:188} INFO - [2024-04-15T17:21:53.866+0000] {dagbag.py:540} INFO - Filling up the DagBag from /opt/airflow/dags/verdemar_api_dag.py
[2024-04-15T17:21:53.879+0000] {logging_mixin.py:188} INFO - [2024-04-15T17:21:53.878+0000] {dagbag.py:350} ERROR - Failed to import: /opt/airflow/dags/verdemar_api_dag.py
Traceback (most recent call last):
  File "/home/airflow/.local/lib/python3.12/site-packages/airflow/models/dagbag.py", line 346, in parse
    loader.exec_module(new_module)
  File "<frozen importlib._bootstrap_external>", line 995, in exec_module
  File "<frozen importlib._bootstrap>", line 488, in _call_with_frames_removed
  File "/opt/airflow/dags/verdemar_api_dag.py", line 7, in <module>
    from etls import verdemar_etl
ModuleNotFoundError: No module named 'etls'
[2024-04-15T17:21:53.880+0000] {processor.py:842} WARNING - No viable dags retrieved from /opt/airflow/dags/verdemar_api_dag.py
[2024-04-15T17:21:53.899+0000] {processor.py:183} INFO - Processing /opt/airflow/dags/verdemar_api_dag.py took 0.056 seconds
[2024-04-15T17:22:49.331+0000] {processor.py:161} INFO - Started process (PID=30) to work on /opt/airflow/dags/verdemar_api_dag.py
[2024-04-15T17:22:49.336+0000] {processor.py:830} INFO - Processing file /opt/airflow/dags/verdemar_api_dag.py for tasks to queue
[2024-04-15T17:22:49.348+0000] {logging_mixin.py:188} INFO - [2024-04-15T17:22:49.343+0000] {dagbag.py:540} INFO - Filling up the DagBag from /opt/airflow/dags/verdemar_api_dag.py
[2024-04-15T17:22:49.397+0000] {logging_mixin.py:188} INFO - [2024-04-15T17:22:49.391+0000] {dagbag.py:350} ERROR - Failed to import: /opt/airflow/dags/verdemar_api_dag.py
Traceback (most recent call last):
  File "/home/airflow/.local/lib/python3.12/site-packages/airflow/models/dagbag.py", line 346, in parse
    loader.exec_module(new_module)
  File "<frozen importlib._bootstrap_external>", line 995, in exec_module
  File "<frozen importlib._bootstrap>", line 488, in _call_with_frames_removed
  File "/opt/airflow/dags/verdemar_api_dag.py", line 7, in <module>
    from etls import verdemar_etl
ModuleNotFoundError: No module named 'etls'
[2024-04-15T17:22:49.404+0000] {processor.py:842} WARNING - No viable dags retrieved from /opt/airflow/dags/verdemar_api_dag.py
[2024-04-15T17:22:49.483+0000] {processor.py:183} INFO - Processing /opt/airflow/dags/verdemar_api_dag.py took 0.206 seconds
[2024-04-15T17:23:20.129+0000] {processor.py:161} INFO - Started process (PID=89) to work on /opt/airflow/dags/verdemar_api_dag.py
[2024-04-15T17:23:20.131+0000] {processor.py:830} INFO - Processing file /opt/airflow/dags/verdemar_api_dag.py for tasks to queue
[2024-04-15T17:23:20.134+0000] {logging_mixin.py:188} INFO - [2024-04-15T17:23:20.134+0000] {dagbag.py:540} INFO - Filling up the DagBag from /opt/airflow/dags/verdemar_api_dag.py
[2024-04-15T17:23:20.144+0000] {logging_mixin.py:188} INFO - [2024-04-15T17:23:20.141+0000] {dagbag.py:350} ERROR - Failed to import: /opt/airflow/dags/verdemar_api_dag.py
Traceback (most recent call last):
  File "/home/airflow/.local/lib/python3.12/site-packages/airflow/models/dagbag.py", line 346, in parse
    loader.exec_module(new_module)
  File "<frozen importlib._bootstrap_external>", line 995, in exec_module
  File "<frozen importlib._bootstrap>", line 488, in _call_with_frames_removed
  File "/opt/airflow/dags/verdemar_api_dag.py", line 7, in <module>
    from etls import verdemar_etl
ModuleNotFoundError: No module named 'etls'
[2024-04-15T17:23:20.145+0000] {processor.py:842} WARNING - No viable dags retrieved from /opt/airflow/dags/verdemar_api_dag.py
[2024-04-15T17:23:20.172+0000] {processor.py:183} INFO - Processing /opt/airflow/dags/verdemar_api_dag.py took 0.064 seconds
[2024-04-15T17:23:50.807+0000] {processor.py:161} INFO - Started process (PID=148) to work on /opt/airflow/dags/verdemar_api_dag.py
[2024-04-15T17:23:50.811+0000] {processor.py:830} INFO - Processing file /opt/airflow/dags/verdemar_api_dag.py for tasks to queue
[2024-04-15T17:23:50.817+0000] {logging_mixin.py:188} INFO - [2024-04-15T17:23:50.816+0000] {dagbag.py:540} INFO - Filling up the DagBag from /opt/airflow/dags/verdemar_api_dag.py
[2024-04-15T17:23:50.827+0000] {logging_mixin.py:188} INFO - [2024-04-15T17:23:50.825+0000] {dagbag.py:350} ERROR - Failed to import: /opt/airflow/dags/verdemar_api_dag.py
Traceback (most recent call last):
  File "/home/airflow/.local/lib/python3.12/site-packages/airflow/models/dagbag.py", line 346, in parse
    loader.exec_module(new_module)
  File "<frozen importlib._bootstrap_external>", line 995, in exec_module
  File "<frozen importlib._bootstrap>", line 488, in _call_with_frames_removed
  File "/opt/airflow/dags/verdemar_api_dag.py", line 7, in <module>
    from etls import verdemar_etl
ModuleNotFoundError: No module named 'etls'
[2024-04-15T17:23:50.827+0000] {processor.py:842} WARNING - No viable dags retrieved from /opt/airflow/dags/verdemar_api_dag.py
[2024-04-15T17:23:50.856+0000] {processor.py:183} INFO - Processing /opt/airflow/dags/verdemar_api_dag.py took 0.083 seconds
[2024-04-15T17:23:59.942+0000] {processor.py:161} INFO - Started process (PID=205) to work on /opt/airflow/dags/verdemar_api_dag.py
[2024-04-15T17:23:59.947+0000] {processor.py:830} INFO - Processing file /opt/airflow/dags/verdemar_api_dag.py for tasks to queue
[2024-04-15T17:23:59.953+0000] {logging_mixin.py:188} INFO - [2024-04-15T17:23:59.952+0000] {dagbag.py:540} INFO - Filling up the DagBag from /opt/airflow/dags/verdemar_api_dag.py
[2024-04-15T17:23:59.979+0000] {logging_mixin.py:188} INFO - [2024-04-15T17:23:59.976+0000] {dagbag.py:350} ERROR - Failed to import: /opt/airflow/dags/verdemar_api_dag.py
Traceback (most recent call last):
  File "/home/airflow/.local/lib/python3.12/site-packages/airflow/models/dagbag.py", line 346, in parse
    loader.exec_module(new_module)
  File "<frozen importlib._bootstrap_external>", line 995, in exec_module
  File "<frozen importlib._bootstrap>", line 488, in _call_with_frames_removed
  File "/opt/airflow/dags/verdemar_api_dag.py", line 7, in <module>
    from etls import verdemar_etl
ModuleNotFoundError: No module named 'etls'
[2024-04-15T17:23:59.982+0000] {processor.py:842} WARNING - No viable dags retrieved from /opt/airflow/dags/verdemar_api_dag.py
[2024-04-15T17:24:00.105+0000] {processor.py:183} INFO - Processing /opt/airflow/dags/verdemar_api_dag.py took 0.207 seconds
[2024-04-15T17:24:30.182+0000] {processor.py:161} INFO - Started process (PID=265) to work on /opt/airflow/dags/verdemar_api_dag.py
[2024-04-15T17:24:30.183+0000] {processor.py:830} INFO - Processing file /opt/airflow/dags/verdemar_api_dag.py for tasks to queue
[2024-04-15T17:24:30.184+0000] {logging_mixin.py:188} INFO - [2024-04-15T17:24:30.184+0000] {dagbag.py:540} INFO - Filling up the DagBag from /opt/airflow/dags/verdemar_api_dag.py
[2024-04-15T17:24:30.189+0000] {logging_mixin.py:188} INFO - [2024-04-15T17:24:30.188+0000] {dagbag.py:350} ERROR - Failed to import: /opt/airflow/dags/verdemar_api_dag.py
Traceback (most recent call last):
  File "/home/airflow/.local/lib/python3.12/site-packages/airflow/models/dagbag.py", line 346, in parse
    loader.exec_module(new_module)
  File "<frozen importlib._bootstrap_external>", line 995, in exec_module
  File "<frozen importlib._bootstrap>", line 488, in _call_with_frames_removed
  File "/opt/airflow/dags/verdemar_api_dag.py", line 7, in <module>
    from etls import verdemar_etl
ModuleNotFoundError: No module named 'etls'
[2024-04-15T17:24:30.190+0000] {processor.py:842} WARNING - No viable dags retrieved from /opt/airflow/dags/verdemar_api_dag.py
[2024-04-15T17:24:30.203+0000] {processor.py:183} INFO - Processing /opt/airflow/dags/verdemar_api_dag.py took 0.026 seconds
[2024-04-15T17:24:54.169+0000] {processor.py:161} INFO - Started process (PID=274) to work on /opt/airflow/dags/verdemar_api_dag.py
[2024-04-15T17:24:54.175+0000] {processor.py:830} INFO - Processing file /opt/airflow/dags/verdemar_api_dag.py for tasks to queue
[2024-04-15T17:24:54.180+0000] {logging_mixin.py:188} INFO - [2024-04-15T17:24:54.179+0000] {dagbag.py:540} INFO - Filling up the DagBag from /opt/airflow/dags/verdemar_api_dag.py
[2024-04-15T17:24:56.031+0000] {processor.py:840} INFO - DAG(s) 'upload_verdemar_to_s3' retrieved from /opt/airflow/dags/verdemar_api_dag.py
[2024-04-15T17:24:56.158+0000] {logging_mixin.py:188} INFO - [2024-04-15T17:24:56.157+0000] {dag.py:3096} INFO - Sync 1 DAGs
[2024-04-15T17:24:56.173+0000] {logging_mixin.py:188} INFO - [2024-04-15T17:24:56.173+0000] {dag.py:3954} INFO - Setting next_dagrun for upload_verdemar_to_s3 to 2024-04-14 00:00:00+00:00, run_after=2024-04-15 00:00:00+00:00
[2024-04-15T17:24:56.230+0000] {processor.py:183} INFO - Processing /opt/airflow/dags/verdemar_api_dag.py took 2.107 seconds
[2024-04-15T17:26:17.604+0000] {processor.py:161} INFO - Started process (PID=35) to work on /opt/airflow/dags/verdemar_api_dag.py
[2024-04-15T17:26:17.638+0000] {processor.py:830} INFO - Processing file /opt/airflow/dags/verdemar_api_dag.py for tasks to queue
[2024-04-15T17:26:17.671+0000] {logging_mixin.py:188} INFO - [2024-04-15T17:26:17.668+0000] {dagbag.py:540} INFO - Filling up the DagBag from /opt/airflow/dags/verdemar_api_dag.py
[2024-04-15T17:26:23.978+0000] {processor.py:840} INFO - DAG(s) 'upload_verdemar_to_s3' retrieved from /opt/airflow/dags/verdemar_api_dag.py
[2024-04-15T17:26:24.345+0000] {logging_mixin.py:188} INFO - [2024-04-15T17:26:24.342+0000] {dag.py:3096} INFO - Sync 1 DAGs
[2024-04-15T17:26:24.413+0000] {logging_mixin.py:188} INFO - [2024-04-15T17:26:24.412+0000] {dag.py:3954} INFO - Setting next_dagrun for upload_verdemar_to_s3 to 2024-04-15 00:00:00+00:00, run_after=2024-04-16 00:00:00+00:00
[2024-04-15T17:26:24.452+0000] {processor.py:183} INFO - Processing /opt/airflow/dags/verdemar_api_dag.py took 6.929 seconds
[2024-04-15T17:26:54.943+0000] {processor.py:161} INFO - Started process (PID=105) to work on /opt/airflow/dags/verdemar_api_dag.py
[2024-04-15T17:26:54.950+0000] {processor.py:830} INFO - Processing file /opt/airflow/dags/verdemar_api_dag.py for tasks to queue
[2024-04-15T17:26:54.960+0000] {logging_mixin.py:188} INFO - [2024-04-15T17:26:54.959+0000] {dagbag.py:540} INFO - Filling up the DagBag from /opt/airflow/dags/verdemar_api_dag.py
[2024-04-15T17:26:55.643+0000] {processor.py:840} INFO - DAG(s) 'upload_verdemar_to_s3' retrieved from /opt/airflow/dags/verdemar_api_dag.py
[2024-04-15T17:26:55.655+0000] {logging_mixin.py:188} INFO - [2024-04-15T17:26:55.655+0000] {dag.py:3096} INFO - Sync 1 DAGs
[2024-04-15T17:26:55.671+0000] {logging_mixin.py:188} INFO - [2024-04-15T17:26:55.671+0000] {dag.py:3954} INFO - Setting next_dagrun for upload_verdemar_to_s3 to 2024-04-15 00:00:00+00:00, run_after=2024-04-16 00:00:00+00:00
[2024-04-15T17:26:55.681+0000] {processor.py:183} INFO - Processing /opt/airflow/dags/verdemar_api_dag.py took 0.763 seconds
[2024-04-15T17:27:26.448+0000] {processor.py:161} INFO - Started process (PID=166) to work on /opt/airflow/dags/verdemar_api_dag.py
[2024-04-15T17:27:26.449+0000] {processor.py:830} INFO - Processing file /opt/airflow/dags/verdemar_api_dag.py for tasks to queue
[2024-04-15T17:27:26.451+0000] {logging_mixin.py:188} INFO - [2024-04-15T17:27:26.450+0000] {dagbag.py:540} INFO - Filling up the DagBag from /opt/airflow/dags/verdemar_api_dag.py
[2024-04-15T17:27:26.675+0000] {processor.py:840} INFO - DAG(s) 'upload_verdemar_to_s3' retrieved from /opt/airflow/dags/verdemar_api_dag.py
[2024-04-15T17:27:26.686+0000] {logging_mixin.py:188} INFO - [2024-04-15T17:27:26.685+0000] {dag.py:3096} INFO - Sync 1 DAGs
[2024-04-15T17:27:26.697+0000] {logging_mixin.py:188} INFO - [2024-04-15T17:27:26.697+0000] {dag.py:3954} INFO - Setting next_dagrun for upload_verdemar_to_s3 to 2024-04-15 00:00:00+00:00, run_after=2024-04-16 00:00:00+00:00
[2024-04-15T17:27:26.706+0000] {processor.py:183} INFO - Processing /opt/airflow/dags/verdemar_api_dag.py took 0.263 seconds
[2024-04-15T17:27:56.891+0000] {processor.py:161} INFO - Started process (PID=226) to work on /opt/airflow/dags/verdemar_api_dag.py
[2024-04-15T17:27:56.892+0000] {processor.py:830} INFO - Processing file /opt/airflow/dags/verdemar_api_dag.py for tasks to queue
[2024-04-15T17:27:56.893+0000] {logging_mixin.py:188} INFO - [2024-04-15T17:27:56.893+0000] {dagbag.py:540} INFO - Filling up the DagBag from /opt/airflow/dags/verdemar_api_dag.py
[2024-04-15T17:27:57.199+0000] {processor.py:840} INFO - DAG(s) 'upload_verdemar_to_s3' retrieved from /opt/airflow/dags/verdemar_api_dag.py
[2024-04-15T17:27:57.212+0000] {logging_mixin.py:188} INFO - [2024-04-15T17:27:57.212+0000] {dag.py:3096} INFO - Sync 1 DAGs
[2024-04-15T17:27:57.225+0000] {logging_mixin.py:188} INFO - [2024-04-15T17:27:57.225+0000] {dag.py:3954} INFO - Setting next_dagrun for upload_verdemar_to_s3 to 2024-04-15 00:00:00+00:00, run_after=2024-04-16 00:00:00+00:00
[2024-04-15T17:27:57.234+0000] {processor.py:183} INFO - Processing /opt/airflow/dags/verdemar_api_dag.py took 0.349 seconds
[2024-04-15T17:28:27.306+0000] {processor.py:161} INFO - Started process (PID=286) to work on /opt/airflow/dags/verdemar_api_dag.py
[2024-04-15T17:28:27.307+0000] {processor.py:830} INFO - Processing file /opt/airflow/dags/verdemar_api_dag.py for tasks to queue
[2024-04-15T17:28:27.309+0000] {logging_mixin.py:188} INFO - [2024-04-15T17:28:27.309+0000] {dagbag.py:540} INFO - Filling up the DagBag from /opt/airflow/dags/verdemar_api_dag.py
[2024-04-15T17:28:27.661+0000] {processor.py:840} INFO - DAG(s) 'upload_verdemar_to_s3' retrieved from /opt/airflow/dags/verdemar_api_dag.py
[2024-04-15T17:28:27.671+0000] {logging_mixin.py:188} INFO - [2024-04-15T17:28:27.671+0000] {dag.py:3096} INFO - Sync 1 DAGs
[2024-04-15T17:28:27.684+0000] {logging_mixin.py:188} INFO - [2024-04-15T17:28:27.684+0000] {dag.py:3954} INFO - Setting next_dagrun for upload_verdemar_to_s3 to 2024-04-15 00:00:00+00:00, run_after=2024-04-16 00:00:00+00:00
[2024-04-15T17:28:27.696+0000] {processor.py:183} INFO - Processing /opt/airflow/dags/verdemar_api_dag.py took 0.397 seconds
[2024-04-15T17:28:58.396+0000] {processor.py:161} INFO - Started process (PID=352) to work on /opt/airflow/dags/verdemar_api_dag.py
[2024-04-15T17:28:58.397+0000] {processor.py:830} INFO - Processing file /opt/airflow/dags/verdemar_api_dag.py for tasks to queue
[2024-04-15T17:28:58.400+0000] {logging_mixin.py:188} INFO - [2024-04-15T17:28:58.399+0000] {dagbag.py:540} INFO - Filling up the DagBag from /opt/airflow/dags/verdemar_api_dag.py
[2024-04-15T17:29:00.170+0000] {processor.py:840} INFO - DAG(s) 'upload_verdemar_to_s3' retrieved from /opt/airflow/dags/verdemar_api_dag.py
[2024-04-15T17:29:00.209+0000] {logging_mixin.py:188} INFO - [2024-04-15T17:29:00.208+0000] {dag.py:3096} INFO - Sync 1 DAGs
[2024-04-15T17:29:00.234+0000] {logging_mixin.py:188} INFO - [2024-04-15T17:29:00.234+0000] {dag.py:3954} INFO - Setting next_dagrun for upload_verdemar_to_s3 to 2024-04-15 00:00:00+00:00, run_after=2024-04-16 00:00:00+00:00
[2024-04-15T17:29:00.247+0000] {processor.py:183} INFO - Processing /opt/airflow/dags/verdemar_api_dag.py took 1.858 seconds
[2024-04-15T17:29:31.054+0000] {processor.py:161} INFO - Started process (PID=415) to work on /opt/airflow/dags/verdemar_api_dag.py
[2024-04-15T17:29:31.055+0000] {processor.py:830} INFO - Processing file /opt/airflow/dags/verdemar_api_dag.py for tasks to queue
[2024-04-15T17:29:31.057+0000] {logging_mixin.py:188} INFO - [2024-04-15T17:29:31.056+0000] {dagbag.py:540} INFO - Filling up the DagBag from /opt/airflow/dags/verdemar_api_dag.py
[2024-04-15T17:29:31.279+0000] {processor.py:840} INFO - DAG(s) 'upload_verdemar_to_s3' retrieved from /opt/airflow/dags/verdemar_api_dag.py
[2024-04-15T17:29:31.291+0000] {logging_mixin.py:188} INFO - [2024-04-15T17:29:31.291+0000] {dag.py:3096} INFO - Sync 1 DAGs
[2024-04-15T17:29:31.304+0000] {logging_mixin.py:188} INFO - [2024-04-15T17:29:31.304+0000] {dag.py:3954} INFO - Setting next_dagrun for upload_verdemar_to_s3 to 2024-04-15 00:00:00+00:00, run_after=2024-04-16 00:00:00+00:00
[2024-04-15T17:29:31.313+0000] {processor.py:183} INFO - Processing /opt/airflow/dags/verdemar_api_dag.py took 0.265 seconds
[2024-04-15T17:30:01.356+0000] {processor.py:161} INFO - Started process (PID=475) to work on /opt/airflow/dags/verdemar_api_dag.py
[2024-04-15T17:30:01.358+0000] {processor.py:830} INFO - Processing file /opt/airflow/dags/verdemar_api_dag.py for tasks to queue
[2024-04-15T17:30:01.361+0000] {logging_mixin.py:188} INFO - [2024-04-15T17:30:01.361+0000] {dagbag.py:540} INFO - Filling up the DagBag from /opt/airflow/dags/verdemar_api_dag.py
[2024-04-15T17:30:02.078+0000] {processor.py:840} INFO - DAG(s) 'upload_verdemar_to_s3' retrieved from /opt/airflow/dags/verdemar_api_dag.py
[2024-04-15T17:30:02.103+0000] {logging_mixin.py:188} INFO - [2024-04-15T17:30:02.102+0000] {dag.py:3096} INFO - Sync 1 DAGs
[2024-04-15T17:30:02.137+0000] {logging_mixin.py:188} INFO - [2024-04-15T17:30:02.137+0000] {dag.py:3954} INFO - Setting next_dagrun for upload_verdemar_to_s3 to 2024-04-15 00:00:00+00:00, run_after=2024-04-16 00:00:00+00:00
[2024-04-15T17:30:02.154+0000] {processor.py:183} INFO - Processing /opt/airflow/dags/verdemar_api_dag.py took 0.805 seconds
[2024-04-15T17:30:19.218+0000] {processor.py:161} INFO - Started process (PID=512) to work on /opt/airflow/dags/verdemar_api_dag.py
[2024-04-15T17:30:19.219+0000] {processor.py:830} INFO - Processing file /opt/airflow/dags/verdemar_api_dag.py for tasks to queue
[2024-04-15T17:30:19.222+0000] {logging_mixin.py:188} INFO - [2024-04-15T17:30:19.221+0000] {dagbag.py:540} INFO - Filling up the DagBag from /opt/airflow/dags/verdemar_api_dag.py
[2024-04-15T17:30:19.482+0000] {processor.py:840} INFO - DAG(s) 'upload_verdemar_to_s3' retrieved from /opt/airflow/dags/verdemar_api_dag.py
[2024-04-15T17:30:19.517+0000] {logging_mixin.py:188} INFO - [2024-04-15T17:30:19.516+0000] {taskinstance.py:2892} ERROR - {'DAG Id': 'upload_verdemar_to_s3', 'Task Id': 'generate_and_upload_csv', 'Run Id': 'scheduled__2024-04-14T00:00:00+00:00', 'Hostname': '6c246f1ba8c5', 'External Executor Id': '70621460-a3e8-406a-905f-58ff6ca28268'}
[2024-04-15T17:30:19.531+0000] {logging_mixin.py:188} INFO - [2024-04-15T17:30:19.531+0000] {taskinstance.py:1205} INFO - Marking task as FAILED. dag_id=upload_verdemar_to_s3, task_id=generate_and_upload_csv, execution_date=20240414T000000, start_date=20240415T172502, end_date=20240415T173019
[2024-04-15T17:30:19.541+0000] {processor.py:791} INFO - Executed failure callback for <TaskInstance: upload_verdemar_to_s3.generate_and_upload_csv scheduled__2024-04-14T00:00:00+00:00 [failed]> in state failed
[2024-04-15T17:30:19.548+0000] {logging_mixin.py:188} INFO - [2024-04-15T17:30:19.548+0000] {dag.py:3096} INFO - Sync 1 DAGs
[2024-04-15T17:30:19.558+0000] {logging_mixin.py:188} INFO - [2024-04-15T17:30:19.558+0000] {dag.py:3954} INFO - Setting next_dagrun for upload_verdemar_to_s3 to 2024-04-15 00:00:00+00:00, run_after=2024-04-16 00:00:00+00:00
[2024-04-15T17:30:19.565+0000] {processor.py:183} INFO - Processing /opt/airflow/dags/verdemar_api_dag.py took 0.358 seconds
[2024-04-15T17:30:50.122+0000] {processor.py:161} INFO - Started process (PID=571) to work on /opt/airflow/dags/verdemar_api_dag.py
[2024-04-15T17:30:50.124+0000] {processor.py:830} INFO - Processing file /opt/airflow/dags/verdemar_api_dag.py for tasks to queue
[2024-04-15T17:30:50.132+0000] {logging_mixin.py:188} INFO - [2024-04-15T17:30:50.128+0000] {dagbag.py:540} INFO - Filling up the DagBag from /opt/airflow/dags/verdemar_api_dag.py
[2024-04-15T17:30:50.384+0000] {processor.py:840} INFO - DAG(s) 'upload_verdemar_to_s3' retrieved from /opt/airflow/dags/verdemar_api_dag.py
[2024-04-15T17:30:50.401+0000] {logging_mixin.py:188} INFO - [2024-04-15T17:30:50.401+0000] {dag.py:3096} INFO - Sync 1 DAGs
[2024-04-15T17:30:50.424+0000] {logging_mixin.py:188} INFO - [2024-04-15T17:30:50.424+0000] {dag.py:3954} INFO - Setting next_dagrun for upload_verdemar_to_s3 to 2024-04-15 00:00:00+00:00, run_after=2024-04-16 00:00:00+00:00
[2024-04-15T17:30:50.436+0000] {processor.py:183} INFO - Processing /opt/airflow/dags/verdemar_api_dag.py took 0.322 seconds
[2024-04-15T17:31:20.830+0000] {processor.py:161} INFO - Started process (PID=631) to work on /opt/airflow/dags/verdemar_api_dag.py
[2024-04-15T17:31:20.830+0000] {processor.py:830} INFO - Processing file /opt/airflow/dags/verdemar_api_dag.py for tasks to queue
[2024-04-15T17:31:20.832+0000] {logging_mixin.py:188} INFO - [2024-04-15T17:31:20.832+0000] {dagbag.py:540} INFO - Filling up the DagBag from /opt/airflow/dags/verdemar_api_dag.py
[2024-04-15T17:31:21.161+0000] {processor.py:840} INFO - DAG(s) 'upload_verdemar_to_s3' retrieved from /opt/airflow/dags/verdemar_api_dag.py
[2024-04-15T17:31:21.180+0000] {logging_mixin.py:188} INFO - [2024-04-15T17:31:21.180+0000] {dag.py:3096} INFO - Sync 1 DAGs
[2024-04-15T17:31:21.211+0000] {logging_mixin.py:188} INFO - [2024-04-15T17:31:21.211+0000] {dag.py:3954} INFO - Setting next_dagrun for upload_verdemar_to_s3 to 2024-04-15 00:00:00+00:00, run_after=2024-04-16 00:00:00+00:00
[2024-04-15T17:31:21.224+0000] {processor.py:183} INFO - Processing /opt/airflow/dags/verdemar_api_dag.py took 0.399 seconds
[2024-04-15T17:31:51.498+0000] {processor.py:161} INFO - Started process (PID=691) to work on /opt/airflow/dags/verdemar_api_dag.py
[2024-04-15T17:31:51.500+0000] {processor.py:830} INFO - Processing file /opt/airflow/dags/verdemar_api_dag.py for tasks to queue
[2024-04-15T17:31:51.505+0000] {logging_mixin.py:188} INFO - [2024-04-15T17:31:51.504+0000] {dagbag.py:540} INFO - Filling up the DagBag from /opt/airflow/dags/verdemar_api_dag.py
[2024-04-15T17:31:51.787+0000] {processor.py:840} INFO - DAG(s) 'upload_verdemar_to_s3' retrieved from /opt/airflow/dags/verdemar_api_dag.py
[2024-04-15T17:31:51.802+0000] {logging_mixin.py:188} INFO - [2024-04-15T17:31:51.802+0000] {dag.py:3096} INFO - Sync 1 DAGs
[2024-04-15T17:31:51.816+0000] {logging_mixin.py:188} INFO - [2024-04-15T17:31:51.816+0000] {dag.py:3954} INFO - Setting next_dagrun for upload_verdemar_to_s3 to 2024-04-15 00:00:00+00:00, run_after=2024-04-16 00:00:00+00:00
[2024-04-15T17:31:51.825+0000] {processor.py:183} INFO - Processing /opt/airflow/dags/verdemar_api_dag.py took 0.340 seconds
[2024-04-15T17:32:21.986+0000] {processor.py:161} INFO - Started process (PID=751) to work on /opt/airflow/dags/verdemar_api_dag.py
[2024-04-15T17:32:21.987+0000] {processor.py:830} INFO - Processing file /opt/airflow/dags/verdemar_api_dag.py for tasks to queue
[2024-04-15T17:32:21.989+0000] {logging_mixin.py:188} INFO - [2024-04-15T17:32:21.988+0000] {dagbag.py:540} INFO - Filling up the DagBag from /opt/airflow/dags/verdemar_api_dag.py
[2024-04-15T17:32:22.191+0000] {processor.py:840} INFO - DAG(s) 'upload_verdemar_to_s3' retrieved from /opt/airflow/dags/verdemar_api_dag.py
[2024-04-15T17:32:22.200+0000] {logging_mixin.py:188} INFO - [2024-04-15T17:32:22.200+0000] {dag.py:3096} INFO - Sync 1 DAGs
[2024-04-15T17:32:22.211+0000] {logging_mixin.py:188} INFO - [2024-04-15T17:32:22.211+0000] {dag.py:3954} INFO - Setting next_dagrun for upload_verdemar_to_s3 to 2024-04-15 00:00:00+00:00, run_after=2024-04-16 00:00:00+00:00
[2024-04-15T17:32:22.220+0000] {processor.py:183} INFO - Processing /opt/airflow/dags/verdemar_api_dag.py took 0.239 seconds
[2024-04-15T17:32:45.005+0000] {processor.py:161} INFO - Started process (PID=799) to work on /opt/airflow/dags/verdemar_api_dag.py
[2024-04-15T17:32:45.007+0000] {processor.py:830} INFO - Processing file /opt/airflow/dags/verdemar_api_dag.py for tasks to queue
[2024-04-15T17:32:45.010+0000] {logging_mixin.py:188} INFO - [2024-04-15T17:32:45.010+0000] {dagbag.py:540} INFO - Filling up the DagBag from /opt/airflow/dags/verdemar_api_dag.py
[2024-04-15T17:32:45.285+0000] {processor.py:840} INFO - DAG(s) 'upload_verdemar_to_s3' retrieved from /opt/airflow/dags/verdemar_api_dag.py
[2024-04-15T17:32:45.304+0000] {logging_mixin.py:188} INFO - [2024-04-15T17:32:45.303+0000] {dag.py:3096} INFO - Sync 1 DAGs
[2024-04-15T17:32:45.328+0000] {logging_mixin.py:188} INFO - [2024-04-15T17:32:45.328+0000] {dag.py:3954} INFO - Setting next_dagrun for upload_verdemar_to_s3 to 2024-04-15 00:00:00+00:00, run_after=2024-04-16 00:00:00+00:00
[2024-04-15T17:32:45.342+0000] {processor.py:183} INFO - Processing /opt/airflow/dags/verdemar_api_dag.py took 0.348 seconds
[2024-04-15T17:33:15.732+0000] {processor.py:161} INFO - Started process (PID=859) to work on /opt/airflow/dags/verdemar_api_dag.py
[2024-04-15T17:33:15.734+0000] {processor.py:830} INFO - Processing file /opt/airflow/dags/verdemar_api_dag.py for tasks to queue
[2024-04-15T17:33:15.739+0000] {logging_mixin.py:188} INFO - [2024-04-15T17:33:15.738+0000] {dagbag.py:540} INFO - Filling up the DagBag from /opt/airflow/dags/verdemar_api_dag.py
[2024-04-15T17:33:16.002+0000] {processor.py:840} INFO - DAG(s) 'upload_verdemar_to_s3' retrieved from /opt/airflow/dags/verdemar_api_dag.py
[2024-04-15T17:33:16.022+0000] {logging_mixin.py:188} INFO - [2024-04-15T17:33:16.021+0000] {dag.py:3096} INFO - Sync 1 DAGs
[2024-04-15T17:33:16.037+0000] {logging_mixin.py:188} INFO - [2024-04-15T17:33:16.037+0000] {dag.py:3954} INFO - Setting next_dagrun for upload_verdemar_to_s3 to 2024-04-15 00:00:00+00:00, run_after=2024-04-16 00:00:00+00:00
[2024-04-15T17:33:16.048+0000] {processor.py:183} INFO - Processing /opt/airflow/dags/verdemar_api_dag.py took 0.330 seconds
[2024-04-15T17:33:46.205+0000] {processor.py:161} INFO - Started process (PID=919) to work on /opt/airflow/dags/verdemar_api_dag.py
[2024-04-15T17:33:46.206+0000] {processor.py:830} INFO - Processing file /opt/airflow/dags/verdemar_api_dag.py for tasks to queue
[2024-04-15T17:33:46.210+0000] {logging_mixin.py:188} INFO - [2024-04-15T17:33:46.209+0000] {dagbag.py:540} INFO - Filling up the DagBag from /opt/airflow/dags/verdemar_api_dag.py
[2024-04-15T17:33:46.463+0000] {processor.py:840} INFO - DAG(s) 'upload_verdemar_to_s3' retrieved from /opt/airflow/dags/verdemar_api_dag.py
[2024-04-15T17:33:46.476+0000] {logging_mixin.py:188} INFO - [2024-04-15T17:33:46.476+0000] {dag.py:3096} INFO - Sync 1 DAGs
[2024-04-15T17:33:46.489+0000] {logging_mixin.py:188} INFO - [2024-04-15T17:33:46.489+0000] {dag.py:3954} INFO - Setting next_dagrun for upload_verdemar_to_s3 to 2024-04-15 00:00:00+00:00, run_after=2024-04-16 00:00:00+00:00
[2024-04-15T17:33:46.498+0000] {processor.py:183} INFO - Processing /opt/airflow/dags/verdemar_api_dag.py took 0.301 seconds
[2024-04-15T17:34:17.406+0000] {processor.py:161} INFO - Started process (PID=979) to work on /opt/airflow/dags/verdemar_api_dag.py
[2024-04-15T17:34:17.410+0000] {processor.py:830} INFO - Processing file /opt/airflow/dags/verdemar_api_dag.py for tasks to queue
[2024-04-15T17:34:17.413+0000] {logging_mixin.py:188} INFO - [2024-04-15T17:34:17.413+0000] {dagbag.py:540} INFO - Filling up the DagBag from /opt/airflow/dags/verdemar_api_dag.py
[2024-04-15T17:34:17.746+0000] {processor.py:840} INFO - DAG(s) 'upload_verdemar_to_s3' retrieved from /opt/airflow/dags/verdemar_api_dag.py
[2024-04-15T17:34:17.762+0000] {logging_mixin.py:188} INFO - [2024-04-15T17:34:17.761+0000] {dag.py:3096} INFO - Sync 1 DAGs
[2024-04-15T17:34:17.776+0000] {logging_mixin.py:188} INFO - [2024-04-15T17:34:17.776+0000] {dag.py:3954} INFO - Setting next_dagrun for upload_verdemar_to_s3 to 2024-04-15 00:00:00+00:00, run_after=2024-04-16 00:00:00+00:00
[2024-04-15T17:34:17.784+0000] {processor.py:183} INFO - Processing /opt/airflow/dags/verdemar_api_dag.py took 0.387 seconds
[2024-04-15T17:34:47.932+0000] {processor.py:161} INFO - Started process (PID=1039) to work on /opt/airflow/dags/verdemar_api_dag.py
[2024-04-15T17:34:47.935+0000] {processor.py:830} INFO - Processing file /opt/airflow/dags/verdemar_api_dag.py for tasks to queue
[2024-04-15T17:34:47.939+0000] {logging_mixin.py:188} INFO - [2024-04-15T17:34:47.938+0000] {dagbag.py:540} INFO - Filling up the DagBag from /opt/airflow/dags/verdemar_api_dag.py
[2024-04-15T17:34:48.214+0000] {processor.py:840} INFO - DAG(s) 'upload_verdemar_to_s3' retrieved from /opt/airflow/dags/verdemar_api_dag.py
[2024-04-15T17:34:48.226+0000] {logging_mixin.py:188} INFO - [2024-04-15T17:34:48.226+0000] {dag.py:3096} INFO - Sync 1 DAGs
[2024-04-15T17:34:48.248+0000] {logging_mixin.py:188} INFO - [2024-04-15T17:34:48.248+0000] {dag.py:3954} INFO - Setting next_dagrun for upload_verdemar_to_s3 to 2024-04-15 00:00:00+00:00, run_after=2024-04-16 00:00:00+00:00
[2024-04-15T17:34:48.257+0000] {processor.py:183} INFO - Processing /opt/airflow/dags/verdemar_api_dag.py took 0.341 seconds
[2024-04-15T17:35:18.474+0000] {processor.py:161} INFO - Started process (PID=1099) to work on /opt/airflow/dags/verdemar_api_dag.py
[2024-04-15T17:35:18.476+0000] {processor.py:830} INFO - Processing file /opt/airflow/dags/verdemar_api_dag.py for tasks to queue
[2024-04-15T17:35:18.479+0000] {logging_mixin.py:188} INFO - [2024-04-15T17:35:18.478+0000] {dagbag.py:540} INFO - Filling up the DagBag from /opt/airflow/dags/verdemar_api_dag.py
[2024-04-15T17:35:18.729+0000] {processor.py:840} INFO - DAG(s) 'upload_verdemar_to_s3' retrieved from /opt/airflow/dags/verdemar_api_dag.py
[2024-04-15T17:35:18.741+0000] {logging_mixin.py:188} INFO - [2024-04-15T17:35:18.740+0000] {dag.py:3096} INFO - Sync 1 DAGs
[2024-04-15T17:35:18.752+0000] {logging_mixin.py:188} INFO - [2024-04-15T17:35:18.752+0000] {dag.py:3954} INFO - Setting next_dagrun for upload_verdemar_to_s3 to 2024-04-15 00:00:00+00:00, run_after=2024-04-16 00:00:00+00:00
[2024-04-15T17:35:18.760+0000] {processor.py:183} INFO - Processing /opt/airflow/dags/verdemar_api_dag.py took 0.299 seconds
[2024-04-15T17:35:48.913+0000] {processor.py:161} INFO - Started process (PID=1159) to work on /opt/airflow/dags/verdemar_api_dag.py
[2024-04-15T17:35:48.918+0000] {processor.py:830} INFO - Processing file /opt/airflow/dags/verdemar_api_dag.py for tasks to queue
[2024-04-15T17:35:48.925+0000] {logging_mixin.py:188} INFO - [2024-04-15T17:35:48.923+0000] {dagbag.py:540} INFO - Filling up the DagBag from /opt/airflow/dags/verdemar_api_dag.py
[2024-04-15T17:35:49.204+0000] {processor.py:840} INFO - DAG(s) 'upload_verdemar_to_s3' retrieved from /opt/airflow/dags/verdemar_api_dag.py
[2024-04-15T17:35:49.224+0000] {logging_mixin.py:188} INFO - [2024-04-15T17:35:49.224+0000] {dag.py:3096} INFO - Sync 1 DAGs
[2024-04-15T17:35:49.241+0000] {logging_mixin.py:188} INFO - [2024-04-15T17:35:49.241+0000] {dag.py:3954} INFO - Setting next_dagrun for upload_verdemar_to_s3 to 2024-04-15 00:00:00+00:00, run_after=2024-04-16 00:00:00+00:00
[2024-04-15T17:35:49.251+0000] {processor.py:183} INFO - Processing /opt/airflow/dags/verdemar_api_dag.py took 0.348 seconds
[2024-04-15T17:36:19.841+0000] {processor.py:161} INFO - Started process (PID=1219) to work on /opt/airflow/dags/verdemar_api_dag.py
[2024-04-15T17:36:19.843+0000] {processor.py:830} INFO - Processing file /opt/airflow/dags/verdemar_api_dag.py for tasks to queue
[2024-04-15T17:36:19.847+0000] {logging_mixin.py:188} INFO - [2024-04-15T17:36:19.847+0000] {dagbag.py:540} INFO - Filling up the DagBag from /opt/airflow/dags/verdemar_api_dag.py
[2024-04-15T17:36:20.175+0000] {processor.py:840} INFO - DAG(s) 'upload_verdemar_to_s3' retrieved from /opt/airflow/dags/verdemar_api_dag.py
[2024-04-15T17:36:20.195+0000] {logging_mixin.py:188} INFO - [2024-04-15T17:36:20.195+0000] {dag.py:3096} INFO - Sync 1 DAGs
[2024-04-15T17:36:20.228+0000] {logging_mixin.py:188} INFO - [2024-04-15T17:36:20.227+0000] {dag.py:3954} INFO - Setting next_dagrun for upload_verdemar_to_s3 to 2024-04-15 00:00:00+00:00, run_after=2024-04-16 00:00:00+00:00
[2024-04-15T17:36:20.238+0000] {processor.py:183} INFO - Processing /opt/airflow/dags/verdemar_api_dag.py took 0.410 seconds
[2024-04-15T17:36:50.390+0000] {processor.py:161} INFO - Started process (PID=1278) to work on /opt/airflow/dags/verdemar_api_dag.py
[2024-04-15T17:36:50.393+0000] {processor.py:830} INFO - Processing file /opt/airflow/dags/verdemar_api_dag.py for tasks to queue
[2024-04-15T17:36:50.399+0000] {logging_mixin.py:188} INFO - [2024-04-15T17:36:50.398+0000] {dagbag.py:540} INFO - Filling up the DagBag from /opt/airflow/dags/verdemar_api_dag.py
[2024-04-15T17:36:50.802+0000] {processor.py:840} INFO - DAG(s) 'upload_verdemar_to_s3' retrieved from /opt/airflow/dags/verdemar_api_dag.py
[2024-04-15T17:36:50.829+0000] {logging_mixin.py:188} INFO - [2024-04-15T17:36:50.829+0000] {dag.py:3096} INFO - Sync 1 DAGs
[2024-04-15T17:36:50.845+0000] {logging_mixin.py:188} INFO - [2024-04-15T17:36:50.845+0000] {dag.py:3954} INFO - Setting next_dagrun for upload_verdemar_to_s3 to 2024-04-15 00:00:00+00:00, run_after=2024-04-16 00:00:00+00:00
[2024-04-15T17:36:50.858+0000] {processor.py:183} INFO - Processing /opt/airflow/dags/verdemar_api_dag.py took 0.483 seconds
[2024-04-15T17:37:21.528+0000] {processor.py:161} INFO - Started process (PID=1338) to work on /opt/airflow/dags/verdemar_api_dag.py
[2024-04-15T17:37:21.531+0000] {processor.py:830} INFO - Processing file /opt/airflow/dags/verdemar_api_dag.py for tasks to queue
[2024-04-15T17:37:21.535+0000] {logging_mixin.py:188} INFO - [2024-04-15T17:37:21.534+0000] {dagbag.py:540} INFO - Filling up the DagBag from /opt/airflow/dags/verdemar_api_dag.py
[2024-04-15T17:37:21.840+0000] {processor.py:840} INFO - DAG(s) 'upload_verdemar_to_s3' retrieved from /opt/airflow/dags/verdemar_api_dag.py
[2024-04-15T17:37:21.852+0000] {logging_mixin.py:188} INFO - [2024-04-15T17:37:21.852+0000] {dag.py:3096} INFO - Sync 1 DAGs
[2024-04-15T17:37:21.865+0000] {logging_mixin.py:188} INFO - [2024-04-15T17:37:21.865+0000] {dag.py:3954} INFO - Setting next_dagrun for upload_verdemar_to_s3 to 2024-04-15 00:00:00+00:00, run_after=2024-04-16 00:00:00+00:00
[2024-04-15T17:37:21.876+0000] {processor.py:183} INFO - Processing /opt/airflow/dags/verdemar_api_dag.py took 0.363 seconds
[2024-04-15T17:37:51.987+0000] {processor.py:161} INFO - Started process (PID=1399) to work on /opt/airflow/dags/verdemar_api_dag.py
[2024-04-15T17:37:51.988+0000] {processor.py:830} INFO - Processing file /opt/airflow/dags/verdemar_api_dag.py for tasks to queue
[2024-04-15T17:37:51.990+0000] {logging_mixin.py:188} INFO - [2024-04-15T17:37:51.990+0000] {dagbag.py:540} INFO - Filling up the DagBag from /opt/airflow/dags/verdemar_api_dag.py
[2024-04-15T17:37:52.230+0000] {processor.py:840} INFO - DAG(s) 'upload_verdemar_to_s3' retrieved from /opt/airflow/dags/verdemar_api_dag.py
[2024-04-15T17:37:52.240+0000] {logging_mixin.py:188} INFO - [2024-04-15T17:37:52.239+0000] {dag.py:3096} INFO - Sync 1 DAGs
[2024-04-15T17:37:52.249+0000] {logging_mixin.py:188} INFO - [2024-04-15T17:37:52.249+0000] {dag.py:3954} INFO - Setting next_dagrun for upload_verdemar_to_s3 to 2024-04-15 00:00:00+00:00, run_after=2024-04-16 00:00:00+00:00
[2024-04-15T17:37:52.258+0000] {processor.py:183} INFO - Processing /opt/airflow/dags/verdemar_api_dag.py took 0.275 seconds
[2024-04-15T17:38:22.370+0000] {processor.py:161} INFO - Started process (PID=1460) to work on /opt/airflow/dags/verdemar_api_dag.py
[2024-04-15T17:38:22.371+0000] {processor.py:830} INFO - Processing file /opt/airflow/dags/verdemar_api_dag.py for tasks to queue
[2024-04-15T17:38:22.372+0000] {logging_mixin.py:188} INFO - [2024-04-15T17:38:22.372+0000] {dagbag.py:540} INFO - Filling up the DagBag from /opt/airflow/dags/verdemar_api_dag.py
[2024-04-15T17:38:22.576+0000] {processor.py:840} INFO - DAG(s) 'upload_verdemar_to_s3' retrieved from /opt/airflow/dags/verdemar_api_dag.py
[2024-04-15T17:38:22.588+0000] {logging_mixin.py:188} INFO - [2024-04-15T17:38:22.587+0000] {dag.py:3096} INFO - Sync 1 DAGs
[2024-04-15T17:38:22.601+0000] {logging_mixin.py:188} INFO - [2024-04-15T17:38:22.601+0000] {dag.py:3954} INFO - Setting next_dagrun for upload_verdemar_to_s3 to 2024-04-15 00:00:00+00:00, run_after=2024-04-16 00:00:00+00:00
[2024-04-15T17:38:22.610+0000] {processor.py:183} INFO - Processing /opt/airflow/dags/verdemar_api_dag.py took 0.245 seconds
[2024-04-15T17:38:52.839+0000] {processor.py:161} INFO - Started process (PID=1520) to work on /opt/airflow/dags/verdemar_api_dag.py
[2024-04-15T17:38:52.840+0000] {processor.py:830} INFO - Processing file /opt/airflow/dags/verdemar_api_dag.py for tasks to queue
[2024-04-15T17:38:52.841+0000] {logging_mixin.py:188} INFO - [2024-04-15T17:38:52.841+0000] {dagbag.py:540} INFO - Filling up the DagBag from /opt/airflow/dags/verdemar_api_dag.py
[2024-04-15T17:38:53.050+0000] {processor.py:840} INFO - DAG(s) 'upload_verdemar_to_s3' retrieved from /opt/airflow/dags/verdemar_api_dag.py
[2024-04-15T17:38:53.059+0000] {logging_mixin.py:188} INFO - [2024-04-15T17:38:53.059+0000] {dag.py:3096} INFO - Sync 1 DAGs
[2024-04-15T17:38:53.070+0000] {logging_mixin.py:188} INFO - [2024-04-15T17:38:53.070+0000] {dag.py:3954} INFO - Setting next_dagrun for upload_verdemar_to_s3 to 2024-04-15 00:00:00+00:00, run_after=2024-04-16 00:00:00+00:00
[2024-04-15T17:38:53.078+0000] {processor.py:183} INFO - Processing /opt/airflow/dags/verdemar_api_dag.py took 0.242 seconds
[2024-04-15T17:39:23.122+0000] {processor.py:161} INFO - Started process (PID=1578) to work on /opt/airflow/dags/verdemar_api_dag.py
[2024-04-15T17:39:23.123+0000] {processor.py:830} INFO - Processing file /opt/airflow/dags/verdemar_api_dag.py for tasks to queue
[2024-04-15T17:39:23.127+0000] {logging_mixin.py:188} INFO - [2024-04-15T17:39:23.127+0000] {dagbag.py:540} INFO - Filling up the DagBag from /opt/airflow/dags/verdemar_api_dag.py
[2024-04-15T17:39:23.412+0000] {processor.py:840} INFO - DAG(s) 'upload_verdemar_to_s3' retrieved from /opt/airflow/dags/verdemar_api_dag.py
[2024-04-15T17:39:23.426+0000] {logging_mixin.py:188} INFO - [2024-04-15T17:39:23.425+0000] {dag.py:3096} INFO - Sync 1 DAGs
[2024-04-15T17:39:23.445+0000] {logging_mixin.py:188} INFO - [2024-04-15T17:39:23.445+0000] {dag.py:3954} INFO - Setting next_dagrun for upload_verdemar_to_s3 to 2024-04-15 00:00:00+00:00, run_after=2024-04-16 00:00:00+00:00
[2024-04-15T17:39:23.455+0000] {processor.py:183} INFO - Processing /opt/airflow/dags/verdemar_api_dag.py took 0.339 seconds
[2024-04-15T17:39:53.678+0000] {processor.py:161} INFO - Started process (PID=1638) to work on /opt/airflow/dags/verdemar_api_dag.py
[2024-04-15T17:39:53.680+0000] {processor.py:830} INFO - Processing file /opt/airflow/dags/verdemar_api_dag.py for tasks to queue
[2024-04-15T17:39:53.682+0000] {logging_mixin.py:188} INFO - [2024-04-15T17:39:53.682+0000] {dagbag.py:540} INFO - Filling up the DagBag from /opt/airflow/dags/verdemar_api_dag.py
[2024-04-15T17:39:53.956+0000] {processor.py:840} INFO - DAG(s) 'upload_verdemar_to_s3' retrieved from /opt/airflow/dags/verdemar_api_dag.py
[2024-04-15T17:39:53.972+0000] {logging_mixin.py:188} INFO - [2024-04-15T17:39:53.971+0000] {dag.py:3096} INFO - Sync 1 DAGs
[2024-04-15T17:39:53.986+0000] {logging_mixin.py:188} INFO - [2024-04-15T17:39:53.986+0000] {dag.py:3954} INFO - Setting next_dagrun for upload_verdemar_to_s3 to 2024-04-15 00:00:00+00:00, run_after=2024-04-16 00:00:00+00:00
[2024-04-15T17:39:53.994+0000] {processor.py:183} INFO - Processing /opt/airflow/dags/verdemar_api_dag.py took 0.329 seconds
[2024-04-15T17:40:24.066+0000] {processor.py:161} INFO - Started process (PID=1698) to work on /opt/airflow/dags/verdemar_api_dag.py
[2024-04-15T17:40:24.070+0000] {processor.py:830} INFO - Processing file /opt/airflow/dags/verdemar_api_dag.py for tasks to queue
[2024-04-15T17:40:24.072+0000] {logging_mixin.py:188} INFO - [2024-04-15T17:40:24.072+0000] {dagbag.py:540} INFO - Filling up the DagBag from /opt/airflow/dags/verdemar_api_dag.py
[2024-04-15T17:40:24.362+0000] {processor.py:840} INFO - DAG(s) 'upload_verdemar_to_s3' retrieved from /opt/airflow/dags/verdemar_api_dag.py
[2024-04-15T17:40:24.376+0000] {logging_mixin.py:188} INFO - [2024-04-15T17:40:24.376+0000] {dag.py:3096} INFO - Sync 1 DAGs
[2024-04-15T17:40:24.392+0000] {logging_mixin.py:188} INFO - [2024-04-15T17:40:24.392+0000] {dag.py:3954} INFO - Setting next_dagrun for upload_verdemar_to_s3 to 2024-04-15 00:00:00+00:00, run_after=2024-04-16 00:00:00+00:00
[2024-04-15T17:40:24.403+0000] {processor.py:183} INFO - Processing /opt/airflow/dags/verdemar_api_dag.py took 0.353 seconds
[2024-04-15T17:40:54.843+0000] {processor.py:161} INFO - Started process (PID=1758) to work on /opt/airflow/dags/verdemar_api_dag.py
[2024-04-15T17:40:54.846+0000] {processor.py:830} INFO - Processing file /opt/airflow/dags/verdemar_api_dag.py for tasks to queue
[2024-04-15T17:40:54.851+0000] {logging_mixin.py:188} INFO - [2024-04-15T17:40:54.850+0000] {dagbag.py:540} INFO - Filling up the DagBag from /opt/airflow/dags/verdemar_api_dag.py
[2024-04-15T17:40:55.137+0000] {processor.py:840} INFO - DAG(s) 'upload_verdemar_to_s3' retrieved from /opt/airflow/dags/verdemar_api_dag.py
[2024-04-15T17:40:55.149+0000] {logging_mixin.py:188} INFO - [2024-04-15T17:40:55.148+0000] {dag.py:3096} INFO - Sync 1 DAGs
[2024-04-15T17:40:55.161+0000] {logging_mixin.py:188} INFO - [2024-04-15T17:40:55.161+0000] {dag.py:3954} INFO - Setting next_dagrun for upload_verdemar_to_s3 to 2024-04-15 00:00:00+00:00, run_after=2024-04-16 00:00:00+00:00
[2024-04-15T17:40:55.169+0000] {processor.py:183} INFO - Processing /opt/airflow/dags/verdemar_api_dag.py took 0.355 seconds
[2024-04-15T17:41:25.313+0000] {processor.py:161} INFO - Started process (PID=1819) to work on /opt/airflow/dags/verdemar_api_dag.py
[2024-04-15T17:41:25.321+0000] {processor.py:830} INFO - Processing file /opt/airflow/dags/verdemar_api_dag.py for tasks to queue
[2024-04-15T17:41:25.345+0000] {logging_mixin.py:188} INFO - [2024-04-15T17:41:25.343+0000] {dagbag.py:540} INFO - Filling up the DagBag from /opt/airflow/dags/verdemar_api_dag.py
[2024-04-15T17:41:27.230+0000] {processor.py:840} INFO - DAG(s) 'upload_verdemar_to_s3' retrieved from /opt/airflow/dags/verdemar_api_dag.py
[2024-04-15T17:41:27.656+0000] {logging_mixin.py:188} INFO - [2024-04-15T17:41:27.623+0000] {dag.py:3096} INFO - Sync 1 DAGs
[2024-04-15T17:41:27.895+0000] {logging_mixin.py:188} INFO - [2024-04-15T17:41:27.891+0000] {dag.py:3954} INFO - Setting next_dagrun for upload_verdemar_to_s3 to 2024-04-15 00:00:00+00:00, run_after=2024-04-16 00:00:00+00:00
[2024-04-15T17:41:28.120+0000] {processor.py:183} INFO - Processing /opt/airflow/dags/verdemar_api_dag.py took 2.832 seconds
[2024-04-15T17:41:58.419+0000] {processor.py:161} INFO - Started process (PID=1879) to work on /opt/airflow/dags/verdemar_api_dag.py
[2024-04-15T17:41:58.421+0000] {processor.py:830} INFO - Processing file /opt/airflow/dags/verdemar_api_dag.py for tasks to queue
[2024-04-15T17:41:58.424+0000] {logging_mixin.py:188} INFO - [2024-04-15T17:41:58.423+0000] {dagbag.py:540} INFO - Filling up the DagBag from /opt/airflow/dags/verdemar_api_dag.py
[2024-04-15T17:41:58.687+0000] {processor.py:840} INFO - DAG(s) 'upload_verdemar_to_s3' retrieved from /opt/airflow/dags/verdemar_api_dag.py
[2024-04-15T17:41:58.697+0000] {logging_mixin.py:188} INFO - [2024-04-15T17:41:58.697+0000] {dag.py:3096} INFO - Sync 1 DAGs
[2024-04-15T17:41:58.708+0000] {logging_mixin.py:188} INFO - [2024-04-15T17:41:58.708+0000] {dag.py:3954} INFO - Setting next_dagrun for upload_verdemar_to_s3 to 2024-04-15 00:00:00+00:00, run_after=2024-04-16 00:00:00+00:00
[2024-04-15T17:41:58.716+0000] {processor.py:183} INFO - Processing /opt/airflow/dags/verdemar_api_dag.py took 0.310 seconds
[2024-04-15T17:42:28.824+0000] {processor.py:161} INFO - Started process (PID=1938) to work on /opt/airflow/dags/verdemar_api_dag.py
[2024-04-15T17:42:28.825+0000] {processor.py:830} INFO - Processing file /opt/airflow/dags/verdemar_api_dag.py for tasks to queue
[2024-04-15T17:42:28.828+0000] {logging_mixin.py:188} INFO - [2024-04-15T17:42:28.828+0000] {dagbag.py:540} INFO - Filling up the DagBag from /opt/airflow/dags/verdemar_api_dag.py
[2024-04-15T17:42:29.120+0000] {processor.py:840} INFO - DAG(s) 'upload_verdemar_to_s3' retrieved from /opt/airflow/dags/verdemar_api_dag.py
[2024-04-15T17:42:29.132+0000] {logging_mixin.py:188} INFO - [2024-04-15T17:42:29.131+0000] {dag.py:3096} INFO - Sync 1 DAGs
[2024-04-15T17:42:29.145+0000] {logging_mixin.py:188} INFO - [2024-04-15T17:42:29.145+0000] {dag.py:3954} INFO - Setting next_dagrun for upload_verdemar_to_s3 to 2024-04-15 00:00:00+00:00, run_after=2024-04-16 00:00:00+00:00
[2024-04-15T17:42:29.154+0000] {processor.py:183} INFO - Processing /opt/airflow/dags/verdemar_api_dag.py took 0.355 seconds
[2024-04-15T17:42:59.412+0000] {processor.py:161} INFO - Started process (PID=1998) to work on /opt/airflow/dags/verdemar_api_dag.py
[2024-04-15T17:42:59.414+0000] {processor.py:830} INFO - Processing file /opt/airflow/dags/verdemar_api_dag.py for tasks to queue
[2024-04-15T17:42:59.417+0000] {logging_mixin.py:188} INFO - [2024-04-15T17:42:59.417+0000] {dagbag.py:540} INFO - Filling up the DagBag from /opt/airflow/dags/verdemar_api_dag.py
[2024-04-15T17:42:59.967+0000] {processor.py:840} INFO - DAG(s) 'upload_verdemar_to_s3' retrieved from /opt/airflow/dags/verdemar_api_dag.py
[2024-04-15T17:42:59.983+0000] {logging_mixin.py:188} INFO - [2024-04-15T17:42:59.982+0000] {dag.py:3096} INFO - Sync 1 DAGs
[2024-04-15T17:42:59.998+0000] {logging_mixin.py:188} INFO - [2024-04-15T17:42:59.998+0000] {dag.py:3954} INFO - Setting next_dagrun for upload_verdemar_to_s3 to 2024-04-15 00:00:00+00:00, run_after=2024-04-16 00:00:00+00:00
[2024-04-15T17:43:00.009+0000] {processor.py:183} INFO - Processing /opt/airflow/dags/verdemar_api_dag.py took 0.618 seconds
[2024-04-15T17:43:30.358+0000] {processor.py:161} INFO - Started process (PID=2057) to work on /opt/airflow/dags/verdemar_api_dag.py
[2024-04-15T17:43:30.359+0000] {processor.py:830} INFO - Processing file /opt/airflow/dags/verdemar_api_dag.py for tasks to queue
[2024-04-15T17:43:30.360+0000] {logging_mixin.py:188} INFO - [2024-04-15T17:43:30.360+0000] {dagbag.py:540} INFO - Filling up the DagBag from /opt/airflow/dags/verdemar_api_dag.py
[2024-04-15T17:43:30.640+0000] {processor.py:840} INFO - DAG(s) 'upload_verdemar_to_s3' retrieved from /opt/airflow/dags/verdemar_api_dag.py
[2024-04-15T17:43:30.653+0000] {logging_mixin.py:188} INFO - [2024-04-15T17:43:30.653+0000] {dag.py:3096} INFO - Sync 1 DAGs
[2024-04-15T17:43:30.670+0000] {logging_mixin.py:188} INFO - [2024-04-15T17:43:30.670+0000] {dag.py:3954} INFO - Setting next_dagrun for upload_verdemar_to_s3 to 2024-04-15 00:00:00+00:00, run_after=2024-04-16 00:00:00+00:00
[2024-04-15T17:43:30.683+0000] {processor.py:183} INFO - Processing /opt/airflow/dags/verdemar_api_dag.py took 0.330 seconds
[2024-04-15T17:44:00.830+0000] {processor.py:161} INFO - Started process (PID=2118) to work on /opt/airflow/dags/verdemar_api_dag.py
[2024-04-15T17:44:00.832+0000] {processor.py:830} INFO - Processing file /opt/airflow/dags/verdemar_api_dag.py for tasks to queue
[2024-04-15T17:44:00.834+0000] {logging_mixin.py:188} INFO - [2024-04-15T17:44:00.834+0000] {dagbag.py:540} INFO - Filling up the DagBag from /opt/airflow/dags/verdemar_api_dag.py
[2024-04-15T17:44:01.066+0000] {processor.py:840} INFO - DAG(s) 'upload_verdemar_to_s3' retrieved from /opt/airflow/dags/verdemar_api_dag.py
[2024-04-15T17:44:01.079+0000] {logging_mixin.py:188} INFO - [2024-04-15T17:44:01.079+0000] {dag.py:3096} INFO - Sync 1 DAGs
[2024-04-15T17:44:01.093+0000] {logging_mixin.py:188} INFO - [2024-04-15T17:44:01.093+0000] {dag.py:3954} INFO - Setting next_dagrun for upload_verdemar_to_s3 to 2024-04-15 00:00:00+00:00, run_after=2024-04-16 00:00:00+00:00
[2024-04-15T17:44:01.105+0000] {processor.py:183} INFO - Processing /opt/airflow/dags/verdemar_api_dag.py took 0.286 seconds
[2024-04-15T17:44:31.307+0000] {processor.py:161} INFO - Started process (PID=2177) to work on /opt/airflow/dags/verdemar_api_dag.py
[2024-04-15T17:44:31.309+0000] {processor.py:830} INFO - Processing file /opt/airflow/dags/verdemar_api_dag.py for tasks to queue
[2024-04-15T17:44:31.313+0000] {logging_mixin.py:188} INFO - [2024-04-15T17:44:31.312+0000] {dagbag.py:540} INFO - Filling up the DagBag from /opt/airflow/dags/verdemar_api_dag.py
[2024-04-15T17:44:31.590+0000] {processor.py:840} INFO - DAG(s) 'upload_verdemar_to_s3' retrieved from /opt/airflow/dags/verdemar_api_dag.py
[2024-04-15T17:44:31.615+0000] {logging_mixin.py:188} INFO - [2024-04-15T17:44:31.615+0000] {dag.py:3096} INFO - Sync 1 DAGs
[2024-04-15T17:44:31.645+0000] {logging_mixin.py:188} INFO - [2024-04-15T17:44:31.645+0000] {dag.py:3954} INFO - Setting next_dagrun for upload_verdemar_to_s3 to 2024-04-15 00:00:00+00:00, run_after=2024-04-16 00:00:00+00:00
[2024-04-15T17:44:31.657+0000] {processor.py:183} INFO - Processing /opt/airflow/dags/verdemar_api_dag.py took 0.363 seconds
[2024-04-15T17:45:01.769+0000] {processor.py:161} INFO - Started process (PID=2243) to work on /opt/airflow/dags/verdemar_api_dag.py
[2024-04-15T17:45:01.771+0000] {processor.py:830} INFO - Processing file /opt/airflow/dags/verdemar_api_dag.py for tasks to queue
[2024-04-15T17:45:01.774+0000] {logging_mixin.py:188} INFO - [2024-04-15T17:45:01.774+0000] {dagbag.py:540} INFO - Filling up the DagBag from /opt/airflow/dags/verdemar_api_dag.py
[2024-04-15T17:45:02.058+0000] {processor.py:840} INFO - DAG(s) 'upload_verdemar_to_s3' retrieved from /opt/airflow/dags/verdemar_api_dag.py
[2024-04-15T17:45:02.068+0000] {logging_mixin.py:188} INFO - [2024-04-15T17:45:02.068+0000] {dag.py:3096} INFO - Sync 1 DAGs
[2024-04-15T17:45:02.078+0000] {logging_mixin.py:188} INFO - [2024-04-15T17:45:02.078+0000] {dag.py:3954} INFO - Setting next_dagrun for upload_verdemar_to_s3 to 2024-04-15 00:00:00+00:00, run_after=2024-04-16 00:00:00+00:00
[2024-04-15T17:45:02.087+0000] {processor.py:183} INFO - Processing /opt/airflow/dags/verdemar_api_dag.py took 0.326 seconds
[2024-04-15T17:45:32.781+0000] {processor.py:161} INFO - Started process (PID=2303) to work on /opt/airflow/dags/verdemar_api_dag.py
[2024-04-15T17:45:32.789+0000] {processor.py:830} INFO - Processing file /opt/airflow/dags/verdemar_api_dag.py for tasks to queue
[2024-04-15T17:45:32.823+0000] {logging_mixin.py:188} INFO - [2024-04-15T17:45:32.806+0000] {dagbag.py:540} INFO - Filling up the DagBag from /opt/airflow/dags/verdemar_api_dag.py
[2024-04-15T17:45:33.536+0000] {processor.py:840} INFO - DAG(s) 'upload_verdemar_to_s3' retrieved from /opt/airflow/dags/verdemar_api_dag.py
[2024-04-15T17:45:33.553+0000] {logging_mixin.py:188} INFO - [2024-04-15T17:45:33.553+0000] {dag.py:3096} INFO - Sync 1 DAGs
[2024-04-15T17:45:33.567+0000] {logging_mixin.py:188} INFO - [2024-04-15T17:45:33.567+0000] {dag.py:3954} INFO - Setting next_dagrun for upload_verdemar_to_s3 to 2024-04-15 00:00:00+00:00, run_after=2024-04-16 00:00:00+00:00
[2024-04-15T17:45:33.578+0000] {processor.py:183} INFO - Processing /opt/airflow/dags/verdemar_api_dag.py took 0.863 seconds
[2024-04-15T17:46:04.040+0000] {processor.py:161} INFO - Started process (PID=2363) to work on /opt/airflow/dags/verdemar_api_dag.py
[2024-04-15T17:46:04.043+0000] {processor.py:830} INFO - Processing file /opt/airflow/dags/verdemar_api_dag.py for tasks to queue
[2024-04-15T17:46:04.063+0000] {logging_mixin.py:188} INFO - [2024-04-15T17:46:04.062+0000] {dagbag.py:540} INFO - Filling up the DagBag from /opt/airflow/dags/verdemar_api_dag.py
[2024-04-15T17:46:05.621+0000] {processor.py:840} INFO - DAG(s) 'upload_verdemar_to_s3' retrieved from /opt/airflow/dags/verdemar_api_dag.py
[2024-04-15T17:46:05.663+0000] {logging_mixin.py:188} INFO - [2024-04-15T17:46:05.662+0000] {dag.py:3096} INFO - Sync 1 DAGs
[2024-04-15T17:46:05.684+0000] {logging_mixin.py:188} INFO - [2024-04-15T17:46:05.683+0000] {dag.py:3954} INFO - Setting next_dagrun for upload_verdemar_to_s3 to 2024-04-15 00:00:00+00:00, run_after=2024-04-16 00:00:00+00:00
[2024-04-15T17:46:05.696+0000] {processor.py:183} INFO - Processing /opt/airflow/dags/verdemar_api_dag.py took 1.700 seconds
[2024-04-15T17:46:36.323+0000] {processor.py:161} INFO - Started process (PID=2423) to work on /opt/airflow/dags/verdemar_api_dag.py
[2024-04-15T17:46:36.327+0000] {processor.py:830} INFO - Processing file /opt/airflow/dags/verdemar_api_dag.py for tasks to queue
[2024-04-15T17:46:36.332+0000] {logging_mixin.py:188} INFO - [2024-04-15T17:46:36.331+0000] {dagbag.py:540} INFO - Filling up the DagBag from /opt/airflow/dags/verdemar_api_dag.py
[2024-04-15T17:46:36.688+0000] {processor.py:840} INFO - DAG(s) 'upload_verdemar_to_s3' retrieved from /opt/airflow/dags/verdemar_api_dag.py
[2024-04-15T17:46:36.706+0000] {logging_mixin.py:188} INFO - [2024-04-15T17:46:36.706+0000] {dag.py:3096} INFO - Sync 1 DAGs
[2024-04-15T17:46:36.728+0000] {logging_mixin.py:188} INFO - [2024-04-15T17:46:36.728+0000] {dag.py:3954} INFO - Setting next_dagrun for upload_verdemar_to_s3 to 2024-04-15 00:00:00+00:00, run_after=2024-04-16 00:00:00+00:00
[2024-04-15T17:46:36.737+0000] {processor.py:183} INFO - Processing /opt/airflow/dags/verdemar_api_dag.py took 0.446 seconds
[2024-04-15T17:47:07.291+0000] {processor.py:161} INFO - Started process (PID=2483) to work on /opt/airflow/dags/verdemar_api_dag.py
[2024-04-15T17:47:07.293+0000] {processor.py:830} INFO - Processing file /opt/airflow/dags/verdemar_api_dag.py for tasks to queue
[2024-04-15T17:47:07.297+0000] {logging_mixin.py:188} INFO - [2024-04-15T17:47:07.296+0000] {dagbag.py:540} INFO - Filling up the DagBag from /opt/airflow/dags/verdemar_api_dag.py
[2024-04-15T17:47:07.738+0000] {processor.py:840} INFO - DAG(s) 'upload_verdemar_to_s3' retrieved from /opt/airflow/dags/verdemar_api_dag.py
[2024-04-15T17:47:07.751+0000] {logging_mixin.py:188} INFO - [2024-04-15T17:47:07.750+0000] {dag.py:3096} INFO - Sync 1 DAGs
[2024-04-15T17:47:07.764+0000] {logging_mixin.py:188} INFO - [2024-04-15T17:47:07.764+0000] {dag.py:3954} INFO - Setting next_dagrun for upload_verdemar_to_s3 to 2024-04-15 00:00:00+00:00, run_after=2024-04-16 00:00:00+00:00
[2024-04-15T17:47:08.664+0000] {processor.py:183} INFO - Processing /opt/airflow/dags/verdemar_api_dag.py took 1.381 seconds
[2024-04-15T17:47:40.486+0000] {processor.py:161} INFO - Started process (PID=2554) to work on /opt/airflow/dags/verdemar_api_dag.py
[2024-04-15T17:47:40.487+0000] {processor.py:830} INFO - Processing file /opt/airflow/dags/verdemar_api_dag.py for tasks to queue
[2024-04-15T17:47:40.488+0000] {logging_mixin.py:188} INFO - [2024-04-15T17:47:40.488+0000] {dagbag.py:540} INFO - Filling up the DagBag from /opt/airflow/dags/verdemar_api_dag.py
[2024-04-15T17:47:40.788+0000] {processor.py:840} INFO - DAG(s) 'upload_verdemar_to_s3' retrieved from /opt/airflow/dags/verdemar_api_dag.py
[2024-04-15T17:47:40.830+0000] {logging_mixin.py:188} INFO - [2024-04-15T17:47:40.830+0000] {dag.py:3096} INFO - Sync 1 DAGs
[2024-04-15T17:47:40.846+0000] {logging_mixin.py:188} INFO - [2024-04-15T17:47:40.846+0000] {dag.py:3954} INFO - Setting next_dagrun for upload_verdemar_to_s3 to 2024-04-15 00:00:00+00:00, run_after=2024-04-16 00:00:00+00:00
[2024-04-15T17:47:40.855+0000] {processor.py:183} INFO - Processing /opt/airflow/dags/verdemar_api_dag.py took 0.372 seconds
[2024-04-15T17:48:11.166+0000] {processor.py:161} INFO - Started process (PID=2614) to work on /opt/airflow/dags/verdemar_api_dag.py
[2024-04-15T17:48:11.167+0000] {processor.py:830} INFO - Processing file /opt/airflow/dags/verdemar_api_dag.py for tasks to queue
[2024-04-15T17:48:11.168+0000] {logging_mixin.py:188} INFO - [2024-04-15T17:48:11.168+0000] {dagbag.py:540} INFO - Filling up the DagBag from /opt/airflow/dags/verdemar_api_dag.py
[2024-04-15T17:48:11.445+0000] {processor.py:840} INFO - DAG(s) 'upload_verdemar_to_s3' retrieved from /opt/airflow/dags/verdemar_api_dag.py
[2024-04-15T17:48:11.455+0000] {logging_mixin.py:188} INFO - [2024-04-15T17:48:11.455+0000] {dag.py:3096} INFO - Sync 1 DAGs
[2024-04-15T17:48:11.466+0000] {logging_mixin.py:188} INFO - [2024-04-15T17:48:11.466+0000] {dag.py:3954} INFO - Setting next_dagrun for upload_verdemar_to_s3 to 2024-04-15 00:00:00+00:00, run_after=2024-04-16 00:00:00+00:00
[2024-04-15T17:48:11.476+0000] {processor.py:183} INFO - Processing /opt/airflow/dags/verdemar_api_dag.py took 0.313 seconds
[2024-04-15T17:48:42.373+0000] {processor.py:161} INFO - Started process (PID=2674) to work on /opt/airflow/dags/verdemar_api_dag.py
[2024-04-15T17:48:42.375+0000] {processor.py:830} INFO - Processing file /opt/airflow/dags/verdemar_api_dag.py for tasks to queue
[2024-04-15T17:48:42.376+0000] {logging_mixin.py:188} INFO - [2024-04-15T17:48:42.376+0000] {dagbag.py:540} INFO - Filling up the DagBag from /opt/airflow/dags/verdemar_api_dag.py
[2024-04-15T17:48:42.629+0000] {processor.py:840} INFO - DAG(s) 'upload_verdemar_to_s3' retrieved from /opt/airflow/dags/verdemar_api_dag.py
[2024-04-15T17:48:42.646+0000] {logging_mixin.py:188} INFO - [2024-04-15T17:48:42.646+0000] {dag.py:3096} INFO - Sync 1 DAGs
[2024-04-15T17:48:42.660+0000] {logging_mixin.py:188} INFO - [2024-04-15T17:48:42.660+0000] {dag.py:3954} INFO - Setting next_dagrun for upload_verdemar_to_s3 to 2024-04-15 00:00:00+00:00, run_after=2024-04-16 00:00:00+00:00
[2024-04-15T17:48:42.669+0000] {processor.py:183} INFO - Processing /opt/airflow/dags/verdemar_api_dag.py took 0.303 seconds
[2024-04-15T17:49:12.828+0000] {processor.py:161} INFO - Started process (PID=2734) to work on /opt/airflow/dags/verdemar_api_dag.py
[2024-04-15T17:49:12.830+0000] {processor.py:830} INFO - Processing file /opt/airflow/dags/verdemar_api_dag.py for tasks to queue
[2024-04-15T17:49:12.834+0000] {logging_mixin.py:188} INFO - [2024-04-15T17:49:12.833+0000] {dagbag.py:540} INFO - Filling up the DagBag from /opt/airflow/dags/verdemar_api_dag.py
[2024-04-15T17:49:13.383+0000] {processor.py:840} INFO - DAG(s) 'upload_verdemar_to_s3' retrieved from /opt/airflow/dags/verdemar_api_dag.py
[2024-04-15T17:49:13.442+0000] {logging_mixin.py:188} INFO - [2024-04-15T17:49:13.442+0000] {dag.py:3096} INFO - Sync 1 DAGs
[2024-04-15T17:49:14.070+0000] {logging_mixin.py:188} INFO - [2024-04-15T17:49:14.069+0000] {dag.py:3954} INFO - Setting next_dagrun for upload_verdemar_to_s3 to 2024-04-15 00:00:00+00:00, run_after=2024-04-16 00:00:00+00:00
[2024-04-15T17:49:14.084+0000] {processor.py:183} INFO - Processing /opt/airflow/dags/verdemar_api_dag.py took 1.268 seconds
[2024-04-15T17:49:45.090+0000] {processor.py:161} INFO - Started process (PID=2794) to work on /opt/airflow/dags/verdemar_api_dag.py
[2024-04-15T17:49:45.092+0000] {processor.py:830} INFO - Processing file /opt/airflow/dags/verdemar_api_dag.py for tasks to queue
[2024-04-15T17:49:45.095+0000] {logging_mixin.py:188} INFO - [2024-04-15T17:49:45.095+0000] {dagbag.py:540} INFO - Filling up the DagBag from /opt/airflow/dags/verdemar_api_dag.py
[2024-04-15T17:49:45.328+0000] {processor.py:840} INFO - DAG(s) 'upload_verdemar_to_s3' retrieved from /opt/airflow/dags/verdemar_api_dag.py
[2024-04-15T17:49:45.341+0000] {logging_mixin.py:188} INFO - [2024-04-15T17:49:45.341+0000] {dag.py:3096} INFO - Sync 1 DAGs
[2024-04-15T17:49:45.355+0000] {logging_mixin.py:188} INFO - [2024-04-15T17:49:45.355+0000] {dag.py:3954} INFO - Setting next_dagrun for upload_verdemar_to_s3 to 2024-04-15 00:00:00+00:00, run_after=2024-04-16 00:00:00+00:00
[2024-04-15T17:49:45.626+0000] {processor.py:183} INFO - Processing /opt/airflow/dags/verdemar_api_dag.py took 0.547 seconds
[2024-04-15T17:50:16.404+0000] {processor.py:161} INFO - Started process (PID=2854) to work on /opt/airflow/dags/verdemar_api_dag.py
[2024-04-15T17:50:16.407+0000] {processor.py:830} INFO - Processing file /opt/airflow/dags/verdemar_api_dag.py for tasks to queue
[2024-04-15T17:50:16.410+0000] {logging_mixin.py:188} INFO - [2024-04-15T17:50:16.409+0000] {dagbag.py:540} INFO - Filling up the DagBag from /opt/airflow/dags/verdemar_api_dag.py
[2024-04-15T17:50:16.775+0000] {processor.py:840} INFO - DAG(s) 'upload_verdemar_to_s3' retrieved from /opt/airflow/dags/verdemar_api_dag.py
[2024-04-15T17:50:16.807+0000] {logging_mixin.py:188} INFO - [2024-04-15T17:50:16.806+0000] {dag.py:3096} INFO - Sync 1 DAGs
[2024-04-15T17:50:16.829+0000] {logging_mixin.py:188} INFO - [2024-04-15T17:50:16.828+0000] {dag.py:3954} INFO - Setting next_dagrun for upload_verdemar_to_s3 to 2024-04-15 00:00:00+00:00, run_after=2024-04-16 00:00:00+00:00
[2024-04-15T17:50:16.844+0000] {processor.py:183} INFO - Processing /opt/airflow/dags/verdemar_api_dag.py took 0.452 seconds
[2024-04-15T17:50:48.068+0000] {processor.py:161} INFO - Started process (PID=2914) to work on /opt/airflow/dags/verdemar_api_dag.py
[2024-04-15T17:50:48.076+0000] {processor.py:830} INFO - Processing file /opt/airflow/dags/verdemar_api_dag.py for tasks to queue
[2024-04-15T17:50:48.085+0000] {logging_mixin.py:188} INFO - [2024-04-15T17:50:48.085+0000] {dagbag.py:540} INFO - Filling up the DagBag from /opt/airflow/dags/verdemar_api_dag.py
[2024-04-15T17:50:49.255+0000] {processor.py:840} INFO - DAG(s) 'upload_verdemar_to_s3' retrieved from /opt/airflow/dags/verdemar_api_dag.py
[2024-04-15T17:50:49.269+0000] {logging_mixin.py:188} INFO - [2024-04-15T17:50:49.269+0000] {dag.py:3096} INFO - Sync 1 DAGs
[2024-04-15T17:50:49.302+0000] {logging_mixin.py:188} INFO - [2024-04-15T17:50:49.302+0000] {dag.py:3954} INFO - Setting next_dagrun for upload_verdemar_to_s3 to 2024-04-15 00:00:00+00:00, run_after=2024-04-16 00:00:00+00:00
[2024-04-15T17:50:49.315+0000] {processor.py:183} INFO - Processing /opt/airflow/dags/verdemar_api_dag.py took 1.267 seconds
[2024-04-15T17:51:20.612+0000] {processor.py:161} INFO - Started process (PID=2980) to work on /opt/airflow/dags/verdemar_api_dag.py
[2024-04-15T17:51:20.614+0000] {processor.py:830} INFO - Processing file /opt/airflow/dags/verdemar_api_dag.py for tasks to queue
[2024-04-15T17:51:20.618+0000] {logging_mixin.py:188} INFO - [2024-04-15T17:51:20.617+0000] {dagbag.py:540} INFO - Filling up the DagBag from /opt/airflow/dags/verdemar_api_dag.py
[2024-04-15T17:51:21.584+0000] {processor.py:840} INFO - DAG(s) 'upload_verdemar_to_s3' retrieved from /opt/airflow/dags/verdemar_api_dag.py
[2024-04-15T17:51:21.596+0000] {logging_mixin.py:188} INFO - [2024-04-15T17:51:21.596+0000] {dag.py:3096} INFO - Sync 1 DAGs
[2024-04-15T17:51:21.608+0000] {logging_mixin.py:188} INFO - [2024-04-15T17:51:21.607+0000] {dag.py:3954} INFO - Setting next_dagrun for upload_verdemar_to_s3 to 2024-04-15 00:00:00+00:00, run_after=2024-04-16 00:00:00+00:00
[2024-04-15T17:51:21.616+0000] {processor.py:183} INFO - Processing /opt/airflow/dags/verdemar_api_dag.py took 1.020 seconds
